Source:  (at 12)
  Description:  (at 12)
    ModuleDef: SubMult (at 12)
      Paramlist:  (at 12)
        Decl:  (at 14)
          Parameter: DATA_WIDTH, False (at 14)
            Rvalue:  (at 14)
              IntConst: 16 (at 14)
        Decl:  (at 16)
          Parameter: FRACTIONAL_BITS_DATA, False (at 16)
            Rvalue:  (at 16)
              IntConst: 12 (at 16)
        Decl:  (at 18)
          Parameter: FRACTIONAL_BITS_SCALE, False (at 18)
            Rvalue:  (at 18)
              IntConst: 12 (at 18)
        Decl:  (at 20)
          Parameter: FRACTIONAL_BITS_RSLT, False (at 20)
            Rvalue:  (at 20)
              IntConst: 12 (at 20)
        Decl:  (at 22)
          Parameter: ID_ENABLE, False (at 22)
            Rvalue:  (at 22)
              IntConst: 0 (at 22)
        Decl:  (at 24)
          Parameter: ID_WIDTH, False (at 24)
            Rvalue:  (at 24)
              IntConst: 8 (at 24)
        Decl:  (at 26)
          Parameter: DEST_ENABLE, False (at 26)
            Rvalue:  (at 26)
              IntConst: 0 (at 26)
        Decl:  (at 28)
          Parameter: DEST_WIDTH, False (at 28)
            Rvalue:  (at 28)
              IntConst: 8 (at 28)
        Decl:  (at 30)
          Parameter: USER_ENABLE, False (at 30)
            Rvalue:  (at 30)
              IntConst: 0 (at 30)
        Decl:  (at 32)
          Parameter: USER_WIDTH, False (at 32)
            Rvalue:  (at 32)
              IntConst: 1 (at 32)
      Portlist:  (at 33)
        Ioport:  (at 34)
          Input: clk, False (at 34)
        Ioport:  (at 35)
          Input: rst, False (at 35)
        Ioport:  (at 40)
          Input: s_axis_data_tdata, False (at 40)
            Width:  (at 40)
              Minus:  (at 40)
                Identifier: DATA_WIDTH (at 40)
                IntConst: 1 (at 40)
              IntConst: 0 (at 40)
          Wire: s_axis_data_tdata, False (at 40)
            Width:  (at 40)
              Minus:  (at 40)
                Identifier: DATA_WIDTH (at 40)
                IntConst: 1 (at 40)
              IntConst: 0 (at 40)
        Ioport:  (at 41)
          Input: s_axis_data_tvalid, False (at 41)
          Wire: s_axis_data_tvalid, False (at 41)
        Ioport:  (at 42)
          Output: s_axis_data_tready, False (at 42)
          Wire: s_axis_data_tready, False (at 42)
        Ioport:  (at 43)
          Input: s_axis_data_tlast, False (at 43)
          Wire: s_axis_data_tlast, False (at 43)
        Ioport:  (at 44)
          Input: s_axis_data_tid, False (at 44)
            Width:  (at 44)
              Minus:  (at 44)
                Identifier: ID_WIDTH (at 44)
                IntConst: 1 (at 44)
              IntConst: 0 (at 44)
          Wire: s_axis_data_tid, False (at 44)
            Width:  (at 44)
              Minus:  (at 44)
                Identifier: ID_WIDTH (at 44)
                IntConst: 1 (at 44)
              IntConst: 0 (at 44)
        Ioport:  (at 45)
          Input: s_axis_data_tdest, False (at 45)
            Width:  (at 45)
              Minus:  (at 45)
                Identifier: DEST_WIDTH (at 45)
                IntConst: 1 (at 45)
              IntConst: 0 (at 45)
          Wire: s_axis_data_tdest, False (at 45)
            Width:  (at 45)
              Minus:  (at 45)
                Identifier: DEST_WIDTH (at 45)
                IntConst: 1 (at 45)
              IntConst: 0 (at 45)
        Ioport:  (at 46)
          Input: s_axis_data_tuser, False (at 46)
            Width:  (at 46)
              Minus:  (at 46)
                Identifier: USER_WIDTH (at 46)
                IntConst: 1 (at 46)
              IntConst: 0 (at 46)
          Wire: s_axis_data_tuser, False (at 46)
            Width:  (at 46)
              Minus:  (at 46)
                Identifier: USER_WIDTH (at 46)
                IntConst: 1 (at 46)
              IntConst: 0 (at 46)
        Ioport:  (at 51)
          Input: s_axis_grid_tdata, False (at 51)
            Width:  (at 51)
              Minus:  (at 51)
                Identifier: DATA_WIDTH (at 51)
                IntConst: 1 (at 51)
              IntConst: 0 (at 51)
          Wire: s_axis_grid_tdata, False (at 51)
            Width:  (at 51)
              Minus:  (at 51)
                Identifier: DATA_WIDTH (at 51)
                IntConst: 1 (at 51)
              IntConst: 0 (at 51)
        Ioport:  (at 52)
          Input: s_axis_grid_tvalid, False (at 52)
          Wire: s_axis_grid_tvalid, False (at 52)
        Ioport:  (at 53)
          Output: s_axis_grid_tready, False (at 53)
          Wire: s_axis_grid_tready, False (at 53)
        Ioport:  (at 54)
          Input: s_axis_grid_tlast, False (at 54)
          Wire: s_axis_grid_tlast, False (at 54)
        Ioport:  (at 55)
          Input: s_axis_grid_tid, False (at 55)
            Width:  (at 55)
              Minus:  (at 55)
                Identifier: ID_WIDTH (at 55)
                IntConst: 1 (at 55)
              IntConst: 0 (at 55)
          Wire: s_axis_grid_tid, False (at 55)
            Width:  (at 55)
              Minus:  (at 55)
                Identifier: ID_WIDTH (at 55)
                IntConst: 1 (at 55)
              IntConst: 0 (at 55)
        Ioport:  (at 56)
          Input: s_axis_grid_tdest, False (at 56)
            Width:  (at 56)
              Minus:  (at 56)
                Identifier: DEST_WIDTH (at 56)
                IntConst: 1 (at 56)
              IntConst: 0 (at 56)
          Wire: s_axis_grid_tdest, False (at 56)
            Width:  (at 56)
              Minus:  (at 56)
                Identifier: DEST_WIDTH (at 56)
                IntConst: 1 (at 56)
              IntConst: 0 (at 56)
        Ioport:  (at 57)
          Input: s_axis_grid_tuser, False (at 57)
            Width:  (at 57)
              Minus:  (at 57)
                Identifier: USER_WIDTH (at 57)
                IntConst: 1 (at 57)
              IntConst: 0 (at 57)
          Wire: s_axis_grid_tuser, False (at 57)
            Width:  (at 57)
              Minus:  (at 57)
                Identifier: USER_WIDTH (at 57)
                IntConst: 1 (at 57)
              IntConst: 0 (at 57)
        Ioport:  (at 62)
          Input: s_axis_scale_tdata, False (at 62)
            Width:  (at 62)
              Minus:  (at 62)
                Identifier: DATA_WIDTH (at 62)
                IntConst: 1 (at 62)
              IntConst: 0 (at 62)
          Wire: s_axis_scale_tdata, False (at 62)
            Width:  (at 62)
              Minus:  (at 62)
                Identifier: DATA_WIDTH (at 62)
                IntConst: 1 (at 62)
              IntConst: 0 (at 62)
        Ioport:  (at 63)
          Input: s_axis_scale_tvalid, False (at 63)
          Wire: s_axis_scale_tvalid, False (at 63)
        Ioport:  (at 64)
          Output: s_axis_scale_tready, False (at 64)
          Wire: s_axis_scale_tready, False (at 64)
        Ioport:  (at 65)
          Input: s_axis_scale_tlast, False (at 65)
          Wire: s_axis_scale_tlast, False (at 65)
        Ioport:  (at 66)
          Input: s_axis_scale_tid, False (at 66)
            Width:  (at 66)
              Minus:  (at 66)
                Identifier: ID_WIDTH (at 66)
                IntConst: 1 (at 66)
              IntConst: 0 (at 66)
          Wire: s_axis_scale_tid, False (at 66)
            Width:  (at 66)
              Minus:  (at 66)
                Identifier: ID_WIDTH (at 66)
                IntConst: 1 (at 66)
              IntConst: 0 (at 66)
        Ioport:  (at 67)
          Input: s_axis_scale_tdest, False (at 67)
            Width:  (at 67)
              Minus:  (at 67)
                Identifier: DEST_WIDTH (at 67)
                IntConst: 1 (at 67)
              IntConst: 0 (at 67)
          Wire: s_axis_scale_tdest, False (at 67)
            Width:  (at 67)
              Minus:  (at 67)
                Identifier: DEST_WIDTH (at 67)
                IntConst: 1 (at 67)
              IntConst: 0 (at 67)
        Ioport:  (at 68)
          Input: s_axis_scale_tuser, False (at 68)
            Width:  (at 68)
              Minus:  (at 68)
                Identifier: USER_WIDTH (at 68)
                IntConst: 1 (at 68)
              IntConst: 0 (at 68)
          Wire: s_axis_scale_tuser, False (at 68)
            Width:  (at 68)
              Minus:  (at 68)
                Identifier: USER_WIDTH (at 68)
                IntConst: 1 (at 68)
              IntConst: 0 (at 68)
        Ioport:  (at 73)
          Output: m_axis_data_tdata, False (at 73)
            Width:  (at 73)
              Minus:  (at 73)
                Identifier: DATA_WIDTH (at 73)
                IntConst: 1 (at 73)
              IntConst: 0 (at 73)
          Wire: m_axis_data_tdata, False (at 73)
            Width:  (at 73)
              Minus:  (at 73)
                Identifier: DATA_WIDTH (at 73)
                IntConst: 1 (at 73)
              IntConst: 0 (at 73)
        Ioport:  (at 74)
          Output: m_axis_data_tkeep, False (at 74)
            Width:  (at 74)
              Minus:  (at 74)
                Identifier: KEEP_WIDTH (at 74)
                IntConst: 1 (at 74)
              IntConst: 0 (at 74)
          Wire: m_axis_data_tkeep, False (at 74)
            Width:  (at 74)
              Minus:  (at 74)
                Identifier: KEEP_WIDTH (at 74)
                IntConst: 1 (at 74)
              IntConst: 0 (at 74)
        Ioport:  (at 75)
          Output: m_axis_data_tvalid, False (at 75)
          Wire: m_axis_data_tvalid, False (at 75)
        Ioport:  (at 76)
          Input: m_axis_data_tready, False (at 76)
          Wire: m_axis_data_tready, False (at 76)
        Ioport:  (at 77)
          Output: m_axis_data_tlast, False (at 77)
          Wire: m_axis_data_tlast, False (at 77)
        Ioport:  (at 78)
          Output: m_axis_data_tid, False (at 78)
            Width:  (at 78)
              Minus:  (at 78)
                Identifier: ID_WIDTH (at 78)
                IntConst: 1 (at 78)
              IntConst: 0 (at 78)
          Wire: m_axis_data_tid, False (at 78)
            Width:  (at 78)
              Minus:  (at 78)
                Identifier: ID_WIDTH (at 78)
                IntConst: 1 (at 78)
              IntConst: 0 (at 78)
        Ioport:  (at 79)
          Output: m_axis_data_tdest, False (at 79)
            Width:  (at 79)
              Minus:  (at 79)
                Identifier: DEST_WIDTH (at 79)
                IntConst: 1 (at 79)
              IntConst: 0 (at 79)
          Wire: m_axis_data_tdest, False (at 79)
            Width:  (at 79)
              Minus:  (at 79)
                Identifier: DEST_WIDTH (at 79)
                IntConst: 1 (at 79)
              IntConst: 0 (at 79)
        Ioport:  (at 80)
          Output: m_axis_data_tuser, False (at 80)
            Width:  (at 80)
              Minus:  (at 80)
                Identifier: USER_WIDTH (at 80)
                IntConst: 1 (at 80)
              IntConst: 0 (at 80)
          Wire: m_axis_data_tuser, False (at 80)
            Width:  (at 80)
              Minus:  (at 80)
                Identifier: USER_WIDTH (at 80)
                IntConst: 1 (at 80)
              IntConst: 0 (at 80)
      Decl:  (at 87)
        Localparam: RSLT_LSB, False (at 87)
          Rvalue:  (at 87)
            Minus:  (at 87)
              Plus:  (at 87)
                Identifier: FRACTIONAL_BITS_DATA (at 87)
                Identifier: FRACTIONAL_BITS_SCALE (at 87)
              Identifier: FRACTIONAL_BITS_RSLT (at 87)
      Decl:  (at 88)
        Localparam: RSLT_MSB, False (at 88)
          Rvalue:  (at 88)
            Minus:  (at 88)
              Plus:  (at 88)
                Identifier: RSLT_LSB (at 88)
                Identifier: DATA_WIDTH (at 88)
              IntConst: 1 (at 88)
      Decl:  (at 92)
        Wire: stage_1_in_axis_data_tdata, False (at 92)
          Width:  (at 92)
            Minus:  (at 92)
              Identifier: DATA_WIDTH (at 92)
              IntConst: 1 (at 92)
            IntConst: 0 (at 92)
        Wire: stage_1_out_axis_data_tdata, False (at 92)
          Width:  (at 92)
            Minus:  (at 92)
              Identifier: DATA_WIDTH (at 92)
              IntConst: 1 (at 92)
            IntConst: 0 (at 92)
        Wire: stage_1_fb_axis_data_tdata, False (at 92)
          Width:  (at 92)
            Minus:  (at 92)
              Identifier: DATA_WIDTH (at 92)
              IntConst: 1 (at 92)
            IntConst: 0 (at 92)
      Decl:  (at 94)
        Wire: stage_1_in_axis_data_tvalid, False (at 94)
        Wire: stage_1_out_axis_data_tvalid, False (at 94)
        Wire: stage_1_fb_axis_data_tvalid, False (at 94)
      Decl:  (at 95)
        Wire: stage_1_in_axis_data_tready, False (at 95)
        Wire: stage_1_out_axis_data_tready, False (at 95)
        Wire: stage_1_fb_axis_data_tready, False (at 95)
      Decl:  (at 96)
        Wire: stage_1_in_axis_data_tlast, False (at 96)
        Wire: stage_1_out_axis_data_tlast, False (at 96)
        Wire: stage_1_fb_axis_data_tlast, False (at 96)
      Decl:  (at 97)
        Wire: stage_1_in_axis_data_tid, False (at 97)
          Width:  (at 97)
            Minus:  (at 97)
              Identifier: ID_WIDTH (at 97)
              IntConst: 1 (at 97)
            IntConst: 0 (at 97)
        Wire: stage_1_out_axis_data_tid, False (at 97)
          Width:  (at 97)
            Minus:  (at 97)
              Identifier: ID_WIDTH (at 97)
              IntConst: 1 (at 97)
            IntConst: 0 (at 97)
        Wire: stage_1_fb_axis_data_tid, False (at 97)
          Width:  (at 97)
            Minus:  (at 97)
              Identifier: ID_WIDTH (at 97)
              IntConst: 1 (at 97)
            IntConst: 0 (at 97)
      Decl:  (at 98)
        Wire: stage_1_in_axis_data_tdest, False (at 98)
          Width:  (at 98)
            Minus:  (at 98)
              Identifier: DEST_WIDTH (at 98)
              IntConst: 1 (at 98)
            IntConst: 0 (at 98)
        Wire: stage_1_out_axis_data_tdest, False (at 98)
          Width:  (at 98)
            Minus:  (at 98)
              Identifier: DEST_WIDTH (at 98)
              IntConst: 1 (at 98)
            IntConst: 0 (at 98)
        Wire: stage_1_fb_axis_data_tdest, False (at 98)
          Width:  (at 98)
            Minus:  (at 98)
              Identifier: DEST_WIDTH (at 98)
              IntConst: 1 (at 98)
            IntConst: 0 (at 98)
      Decl:  (at 99)
        Wire: stage_1_in_axis_data_tuser, False (at 99)
          Width:  (at 99)
            Minus:  (at 99)
              Identifier: USER_WIDTH (at 99)
              IntConst: 1 (at 99)
            IntConst: 0 (at 99)
        Wire: stage_1_out_axis_data_tuser, False (at 99)
          Width:  (at 99)
            Minus:  (at 99)
              Identifier: USER_WIDTH (at 99)
              IntConst: 1 (at 99)
            IntConst: 0 (at 99)
        Wire: stage_1_fb_axis_data_tuser, False (at 99)
          Width:  (at 99)
            Minus:  (at 99)
              Identifier: USER_WIDTH (at 99)
              IntConst: 1 (at 99)
            IntConst: 0 (at 99)
      Decl:  (at 101)
        Wire: stage_2_in_axis_data_tdata, False (at 101)
          Width:  (at 101)
            Minus:  (at 101)
              Identifier: DATA_WIDTH (at 101)
              IntConst: 1 (at 101)
            IntConst: 0 (at 101)
        Wire: stage_2_out_axis_data_tdata, False (at 101)
          Width:  (at 101)
            Minus:  (at 101)
              Identifier: DATA_WIDTH (at 101)
              IntConst: 1 (at 101)
            IntConst: 0 (at 101)
        Wire: stage_1_fb_axis_grid_tdata, False (at 101)
          Width:  (at 101)
            Minus:  (at 101)
              Identifier: DATA_WIDTH (at 101)
              IntConst: 1 (at 101)
            IntConst: 0 (at 101)
      Decl:  (at 103)
        Wire: stage_2_in_axis_data_tvalid, False (at 103)
        Wire: stage_2_out_axis_data_tvalid, False (at 103)
        Wire: stage_1_fb_axis_grid_tvalid, False (at 103)
      Decl:  (at 104)
        Wire: stage_2_in_axis_data_tready, False (at 104)
        Wire: stage_2_out_axis_data_tready, False (at 104)
        Wire: stage_1_fb_axis_grid_tready, False (at 104)
      Decl:  (at 105)
        Wire: stage_2_in_axis_data_tlast, False (at 105)
        Wire: stage_2_out_axis_data_tlast, False (at 105)
        Wire: stage_1_fb_axis_grid_tlast, False (at 105)
      Decl:  (at 106)
        Wire: stage_2_in_axis_data_tid, False (at 106)
          Width:  (at 106)
            Minus:  (at 106)
              Identifier: ID_WIDTH (at 106)
              IntConst: 1 (at 106)
            IntConst: 0 (at 106)
        Wire: stage_2_out_axis_data_tid, False (at 106)
          Width:  (at 106)
            Minus:  (at 106)
              Identifier: ID_WIDTH (at 106)
              IntConst: 1 (at 106)
            IntConst: 0 (at 106)
        Wire: stage_1_fb_axis_grid_tid, False (at 106)
          Width:  (at 106)
            Minus:  (at 106)
              Identifier: ID_WIDTH (at 106)
              IntConst: 1 (at 106)
            IntConst: 0 (at 106)
      Decl:  (at 107)
        Wire: stage_2_in_axis_data_tdest, False (at 107)
          Width:  (at 107)
            Minus:  (at 107)
              Identifier: DEST_WIDTH (at 107)
              IntConst: 1 (at 107)
            IntConst: 0 (at 107)
        Wire: stage_2_out_axis_data_tdest, False (at 107)
          Width:  (at 107)
            Minus:  (at 107)
              Identifier: DEST_WIDTH (at 107)
              IntConst: 1 (at 107)
            IntConst: 0 (at 107)
        Wire: stage_1_fb_axis_grid_tdest, False (at 107)
          Width:  (at 107)
            Minus:  (at 107)
              Identifier: DEST_WIDTH (at 107)
              IntConst: 1 (at 107)
            IntConst: 0 (at 107)
      Decl:  (at 108)
        Wire: stage_2_in_axis_data_tuser, False (at 108)
          Width:  (at 108)
            Minus:  (at 108)
              Identifier: USER_WIDTH (at 108)
              IntConst: 1 (at 108)
            IntConst: 0 (at 108)
        Wire: stage_2_out_axis_data_tuser, False (at 108)
          Width:  (at 108)
            Minus:  (at 108)
              Identifier: USER_WIDTH (at 108)
              IntConst: 1 (at 108)
            IntConst: 0 (at 108)
        Wire: stage_1_fb_axis_grid_tuser, False (at 108)
          Width:  (at 108)
            Minus:  (at 108)
              Identifier: USER_WIDTH (at 108)
              IntConst: 1 (at 108)
            IntConst: 0 (at 108)
      Decl:  (at 110)
        Wire: stage_1_fb_axis_data_tdata, False (at 110)
          Width:  (at 110)
            Minus:  (at 110)
              Identifier: DATA_WIDTH (at 110)
              IntConst: 1 (at 110)
            IntConst: 0 (at 110)
      Decl:  (at 113)
        Wire: stage_1_in_axis_grid_tdata, False (at 113)
          Width:  (at 113)
            Minus:  (at 113)
              Identifier: DATA_WIDTH (at 113)
              IntConst: 1 (at 113)
            IntConst: 0 (at 113)
        Wire: stage_1_out_axis_grid_tdata, False (at 113)
          Width:  (at 113)
            Minus:  (at 113)
              Identifier: DATA_WIDTH (at 113)
              IntConst: 1 (at 113)
            IntConst: 0 (at 113)
        Wire: stage_1_fb_axis_scale_tdata, False (at 113)
          Width:  (at 113)
            Minus:  (at 113)
              Identifier: DATA_WIDTH (at 113)
              IntConst: 1 (at 113)
            IntConst: 0 (at 113)
      Decl:  (at 115)
        Wire: stage_1_in_axis_grid_tvalid, False (at 115)
        Wire: stage_1_out_axis_grid_tvalid, False (at 115)
        Wire: stage_1_fb_axis_scale_tvalid, False (at 115)
      Decl:  (at 116)
        Wire: stage_1_in_axis_grid_tready, False (at 116)
        Wire: stage_1_out_axis_grid_tready, False (at 116)
        Wire: stage_1_fb_axis_scale_tready, False (at 116)
      Decl:  (at 117)
        Wire: stage_1_in_axis_grid_tlast, False (at 117)
        Wire: stage_1_out_axis_grid_tlast, False (at 117)
        Wire: stage_1_fb_axis_scale_tlast, False (at 117)
      Decl:  (at 118)
        Wire: stage_1_in_axis_grid_tid, False (at 118)
          Width:  (at 118)
            Minus:  (at 118)
              Identifier: ID_WIDTH (at 118)
              IntConst: 1 (at 118)
            IntConst: 0 (at 118)
        Wire: stage_1_out_axis_grid_tid, False (at 118)
          Width:  (at 118)
            Minus:  (at 118)
              Identifier: ID_WIDTH (at 118)
              IntConst: 1 (at 118)
            IntConst: 0 (at 118)
        Wire: stage_1_fb_axis_scale_tid, False (at 118)
          Width:  (at 118)
            Minus:  (at 118)
              Identifier: ID_WIDTH (at 118)
              IntConst: 1 (at 118)
            IntConst: 0 (at 118)
      Decl:  (at 119)
        Wire: stage_1_in_axis_grid_tdest, False (at 119)
          Width:  (at 119)
            Minus:  (at 119)
              Identifier: DEST_WIDTH (at 119)
              IntConst: 1 (at 119)
            IntConst: 0 (at 119)
        Wire: stage_1_out_axis_grid_tdest, False (at 119)
          Width:  (at 119)
            Minus:  (at 119)
              Identifier: DEST_WIDTH (at 119)
              IntConst: 1 (at 119)
            IntConst: 0 (at 119)
        Wire: stage_1_fb_axis_scale_tdest, False (at 119)
          Width:  (at 119)
            Minus:  (at 119)
              Identifier: DEST_WIDTH (at 119)
              IntConst: 1 (at 119)
            IntConst: 0 (at 119)
      Decl:  (at 120)
        Wire: stage_1_in_axis_grid_tuser, False (at 120)
          Width:  (at 120)
            Minus:  (at 120)
              Identifier: USER_WIDTH (at 120)
              IntConst: 1 (at 120)
            IntConst: 0 (at 120)
        Wire: stage_1_out_axis_grid_tuser, False (at 120)
          Width:  (at 120)
            Minus:  (at 120)
              Identifier: USER_WIDTH (at 120)
              IntConst: 1 (at 120)
            IntConst: 0 (at 120)
        Wire: stage_1_fb_axis_scale_tuser, False (at 120)
          Width:  (at 120)
            Minus:  (at 120)
              Identifier: USER_WIDTH (at 120)
              IntConst: 1 (at 120)
            IntConst: 0 (at 120)
      Decl:  (at 123)
        Wire: stage_1_in_axis_scale_tdata, False (at 123)
          Width:  (at 123)
            Minus:  (at 123)
              Identifier: DATA_WIDTH (at 123)
              IntConst: 1 (at 123)
            IntConst: 0 (at 123)
        Wire: stage_1_out_axis_scale_tdata, False (at 123)
          Width:  (at 123)
            Minus:  (at 123)
              Identifier: DATA_WIDTH (at 123)
              IntConst: 1 (at 123)
            IntConst: 0 (at 123)
      Decl:  (at 125)
        Wire: stage_1_in_axis_scale_tvalid, False (at 125)
        Wire: stage_1_out_axis_scale_tvalid, False (at 125)
      Decl:  (at 126)
        Wire: stage_1_in_axis_scale_tready, False (at 126)
        Wire: stage_1_out_axis_scale_tready, False (at 126)
      Decl:  (at 127)
        Wire: stage_1_in_axis_scale_tlast, False (at 127)
        Wire: stage_1_out_axis_scale_tlast, False (at 127)
      Decl:  (at 128)
        Wire: stage_1_in_axis_scale_tid, False (at 128)
          Width:  (at 128)
            Minus:  (at 128)
              Identifier: ID_WIDTH (at 128)
              IntConst: 1 (at 128)
            IntConst: 0 (at 128)
        Wire: stage_1_out_axis_scale_tid, False (at 128)
          Width:  (at 128)
            Minus:  (at 128)
              Identifier: ID_WIDTH (at 128)
              IntConst: 1 (at 128)
            IntConst: 0 (at 128)
      Decl:  (at 129)
        Wire: stage_1_in_axis_scale_tdest, False (at 129)
          Width:  (at 129)
            Minus:  (at 129)
              Identifier: DEST_WIDTH (at 129)
              IntConst: 1 (at 129)
            IntConst: 0 (at 129)
        Wire: stage_1_out_axis_scale_tdest, False (at 129)
          Width:  (at 129)
            Minus:  (at 129)
              Identifier: DEST_WIDTH (at 129)
              IntConst: 1 (at 129)
            IntConst: 0 (at 129)
      Decl:  (at 130)
        Wire: stage_1_in_axis_scale_tuser, False (at 130)
          Width:  (at 130)
            Minus:  (at 130)
              Identifier: USER_WIDTH (at 130)
              IntConst: 1 (at 130)
            IntConst: 0 (at 130)
        Wire: stage_1_out_axis_scale_tuser, False (at 130)
          Width:  (at 130)
            Minus:  (at 130)
              Identifier: USER_WIDTH (at 130)
              IntConst: 1 (at 130)
            IntConst: 0 (at 130)
      Decl:  (at 133)
        Wire: stage_2_in_handshake, False (at 133)
      Decl:  (at 134)
        Wire: data_lock, False (at 134)
        Wire: grid_lock, False (at 134)
        Wire: scale_lock, False (at 134)
      Decl:  (at 135)
        Wire: unlock_int, False (at 135)
      Assign:  (at 141)
        Lvalue:  (at 141)
          Identifier: stage_2_in_handshake (at 141)
        Rvalue:  (at 141)
          And:  (at 141)
            And:  (at 141)
              And:  (at 141)
                Identifier: stage_2_in_axis_tready (at 141)
                Identifier: stage_1_out_axis_data_tvalid (at 141)
              Identifier: stage_1_out_axis_grid_tvalid (at 141)
            Identifier: stage_1_out_axis_scale_tvalid (at 141)
      Assign:  (at 142)
        Lvalue:  (at 142)
          Identifier: unlock_int (at 142)
        Rvalue:  (at 142)
          And:  (at 142)
            Identifier: stage_2_in_axis_tlast (at 142)
            Identifier: stage_2_in_handshake (at 142)
      Assign:  (at 143)
        Lvalue:  (at 143)
          Identifier: data_lock (at 143)
        Rvalue:  (at 143)
          And:  (at 143)
            Identifier: stage_1_out_axis_data_tlast (at 143)
            Ulnot:  (at 143)
              Identifier: unlock_int (at 143)
      Assign:  (at 144)
        Lvalue:  (at 144)
          Identifier: grid_lock (at 144)
        Rvalue:  (at 144)
          And:  (at 144)
            Identifier: stage_1_out_axis_grid_tlast (at 144)
            Ulnot:  (at 144)
              Identifier: unlock_int (at 144)
      Assign:  (at 145)
        Lvalue:  (at 145)
          Identifier: scale_lock (at 145)
        Rvalue:  (at 145)
          And:  (at 145)
            Identifier: stage_1_out_axis_scale_tlast (at 145)
            Ulnot:  (at 145)
              Identifier: unlock_int (at 145)
      Assign:  (at 148)
        Lvalue:  (at 148)
          Identifier: stage_1_in_axis_data_tdata (at 148)
        Rvalue:  (at 148)
          Cond:  (at 148)
            Identifier: data_lock (at 148)
            Identifier: stage_1_fb_axis_data_tdata (at 148)
            Identifier: s_axis_data_tdata (at 148)
      Assign:  (at 150)
        Lvalue:  (at 150)
          Identifier: stage_1_in_axis_data_tvalid (at 150)
        Rvalue:  (at 150)
          Cond:  (at 150)
            Identifier: data_lock (at 150)
            Identifier: stage_1_fb_axis_data_tvalid (at 150)
            Identifier: s_axis_data_tvalid (at 150)
      Assign:  (at 151)
        Lvalue:  (at 151)
          Identifier: s_axis_data_tready (at 151)
        Rvalue:  (at 151)
          Cond:  (at 151)
            Identifier: data_lock (at 151)
            Identifier: stage_1_fb_axis_data_tready (at 151)
            Identifier: stage_1_in_axis_data_tready (at 151)
      Assign:  (at 152)
        Lvalue:  (at 152)
          Identifier: stage_1_in_axis_data_tlast (at 152)
        Rvalue:  (at 152)
          Cond:  (at 152)
            Identifier: data_lock (at 152)
            Identifier: stage_1_fb_axis_data_tlast (at 152)
            Identifier: s_axis_data_tlast (at 152)
      Assign:  (at 153)
        Lvalue:  (at 153)
          Identifier: stage_1_in_axis_data_tid (at 153)
        Rvalue:  (at 153)
          Cond:  (at 153)
            Identifier: data_lock (at 153)
            Identifier: stage_1_fb_axis_data_tid (at 153)
            Identifier: s_axis_data_tid (at 153)
      Assign:  (at 154)
        Lvalue:  (at 154)
          Identifier: stage_1_in_axis_data_tdest (at 154)
        Rvalue:  (at 154)
          Cond:  (at 154)
            Identifier: data_lock (at 154)
            Identifier: stage_1_fb_axis_data_tdest (at 154)
            Identifier: s_axis_data_tdest (at 154)
      Assign:  (at 155)
        Lvalue:  (at 155)
          Identifier: stage_1_in_axis_data_tuser (at 155)
        Rvalue:  (at 155)
          Cond:  (at 155)
            Identifier: data_lock (at 155)
            Identifier: stage_1_fb_axis_data_tuser (at 155)
            Identifier: s_axis_data_tuser (at 155)
      Assign:  (at 158)
        Lvalue:  (at 158)
          Identifier: stage_1_in_axis_grid_tdata (at 158)
        Rvalue:  (at 158)
          Cond:  (at 158)
            Identifier: grid_lock (at 158)
            Identifier: stage_1_fb_axis_grid_tdata (at 158)
            Identifier: s_axis_grid_tdata (at 158)
      Assign:  (at 160)
        Lvalue:  (at 160)
          Identifier: stage_1_in_axis_grid_tvalid (at 160)
        Rvalue:  (at 160)
          Cond:  (at 160)
            Identifier: grid_lock (at 160)
            Identifier: stage_1_fb_axis_grid_tvalid (at 160)
            Identifier: s_axis_grid_tvalid (at 160)
      Assign:  (at 161)
        Lvalue:  (at 161)
          Identifier: s_axis_grid_tready (at 161)
        Rvalue:  (at 161)
          Cond:  (at 161)
            Identifier: grid_lock (at 161)
            Identifier: stage_1_fb_axis_grid_tready (at 161)
            Identifier: stage_1_in_axis_grid_tready (at 161)
      Assign:  (at 162)
        Lvalue:  (at 162)
          Identifier: stage_1_in_axis_grid_tlast (at 162)
        Rvalue:  (at 162)
          Cond:  (at 162)
            Identifier: grid_lock (at 162)
            Identifier: stage_1_fb_axis_grid_tlast (at 162)
            Identifier: s_axis_grid_tlast (at 162)
      Assign:  (at 163)
        Lvalue:  (at 163)
          Identifier: stage_1_in_axis_grid_tid (at 163)
        Rvalue:  (at 163)
          Cond:  (at 163)
            Identifier: grid_lock (at 163)
            Identifier: stage_1_fb_axis_grid_tid (at 163)
            Identifier: s_axis_grid_tid (at 163)
      Assign:  (at 164)
        Lvalue:  (at 164)
          Identifier: stage_1_in_axis_grid_tdest (at 164)
        Rvalue:  (at 164)
          Cond:  (at 164)
            Identifier: grid_lock (at 164)
            Identifier: stage_1_fb_axis_grid_tdest (at 164)
            Identifier: s_axis_grid_tdest (at 164)
      Assign:  (at 165)
        Lvalue:  (at 165)
          Identifier: stage_1_in_axis_grid_tuser (at 165)
        Rvalue:  (at 165)
          Cond:  (at 165)
            Identifier: grid_lock (at 165)
            Identifier: stage_1_fb_axis_grid_tuser (at 165)
            Identifier: s_axis_grid_tuser (at 165)
      Assign:  (at 168)
        Lvalue:  (at 168)
          Identifier: stage_1_in_axis_scale_tdata (at 168)
        Rvalue:  (at 168)
          Cond:  (at 168)
            Identifier: scale_lock (at 168)
            Identifier: stage_1_fb_axis_scale_tdata (at 168)
            Identifier: s_axis_scale_tdata (at 168)
      Assign:  (at 170)
        Lvalue:  (at 170)
          Identifier: stage_1_in_axis_scale_tvalid (at 170)
        Rvalue:  (at 170)
          Cond:  (at 170)
            Identifier: scale_lock (at 170)
            Identifier: stage_1_fb_axis_scale_tvalid (at 170)
            Identifier: s_axis_scale_tvalid (at 170)
      Assign:  (at 171)
        Lvalue:  (at 171)
          Identifier: s_axis_scale_tready (at 171)
        Rvalue:  (at 171)
          Cond:  (at 171)
            Identifier: scale_lock (at 171)
            Identifier: stage_1_fb_axis_scale_tready (at 171)
            Identifier: stage_1_in_axis_scale_tready (at 171)
      Assign:  (at 172)
        Lvalue:  (at 172)
          Identifier: stage_1_in_axis_scale_tlast (at 172)
        Rvalue:  (at 172)
          Cond:  (at 172)
            Identifier: scale_lock (at 172)
            Identifier: stage_1_fb_axis_scale_tlast (at 172)
            Identifier: s_axis_scale_tlast (at 172)
      Assign:  (at 173)
        Lvalue:  (at 173)
          Identifier: stage_1_in_axis_scale_tid (at 173)
        Rvalue:  (at 173)
          Cond:  (at 173)
            Identifier: scale_lock (at 173)
            Identifier: stage_1_fb_axis_scale_tid (at 173)
            Identifier: s_axis_scale_tid (at 173)
      Assign:  (at 174)
        Lvalue:  (at 174)
          Identifier: stage_1_in_axis_scale_tdest (at 174)
        Rvalue:  (at 174)
          Cond:  (at 174)
            Identifier: scale_lock (at 174)
            Identifier: stage_1_fb_axis_scale_tdest (at 174)
            Identifier: s_axis_scale_tdest (at 174)
      Assign:  (at 175)
        Lvalue:  (at 175)
          Identifier: stage_1_in_axis_scale_tuser (at 175)
        Rvalue:  (at 175)
          Cond:  (at 175)
            Identifier: scale_lock (at 175)
            Identifier: stage_1_fb_axis_scale_tuser (at 175)
            Identifier: s_axis_scale_tuser (at 175)
      Assign:  (at 178)
        Lvalue:  (at 178)
          Identifier: stage_1_fb_axis_data_tdata (at 178)
        Rvalue:  (at 178)
          Identifier: stage_1_out_axis_data_tdata (at 178)
      Assign:  (at 180)
        Lvalue:  (at 180)
          Identifier: stage_1_fb_axis_data_tvalid (at 180)
        Rvalue:  (at 180)
          Identifier: stage_1_out_axis_data_tvalid (at 180)
      Assign:  (at 181)
        Lvalue:  (at 181)
          Identifier: stage_1_fb_axis_data_tready (at 181)
        Rvalue:  (at 181)
          IntConst: 0 (at 181)
      Assign:  (at 182)
        Lvalue:  (at 182)
          Identifier: stage_1_fb_axis_data_tlast (at 182)
        Rvalue:  (at 182)
          Identifier: stage_1_out_axis_data_tlast (at 182)
      Assign:  (at 183)
        Lvalue:  (at 183)
          Identifier: stage_1_fb_axis_data_tid (at 183)
        Rvalue:  (at 183)
          Identifier: stage_1_out_axis_data_tid (at 183)
      Assign:  (at 184)
        Lvalue:  (at 184)
          Identifier: stage_1_fb_axis_data_tdest (at 184)
        Rvalue:  (at 184)
          Identifier: stage_1_out_axis_data_tdest (at 184)
      Assign:  (at 185)
        Lvalue:  (at 185)
          Identifier: stage_1_fb_axis_data_tuser (at 185)
        Rvalue:  (at 185)
          Identifier: stage_1_out_axis_data_tuser (at 185)
      Assign:  (at 188)
        Lvalue:  (at 188)
          Identifier: stage_1_fb_axis_grid_tdata (at 188)
        Rvalue:  (at 188)
          Identifier: stage_1_out_axis_grid_tdata (at 188)
      Assign:  (at 190)
        Lvalue:  (at 190)
          Identifier: stage_1_fb_axis_grid_tvalid (at 190)
        Rvalue:  (at 190)
          Identifier: stage_1_out_axis_grid_tvalid (at 190)
      Assign:  (at 191)
        Lvalue:  (at 191)
          Identifier: stage_1_fb_axis_grid_tready (at 191)
        Rvalue:  (at 191)
          IntConst: 0 (at 191)
      Assign:  (at 192)
        Lvalue:  (at 192)
          Identifier: stage_1_fb_axis_grid_tlast (at 192)
        Rvalue:  (at 192)
          Identifier: stage_1_out_axis_grid_tlast (at 192)
      Assign:  (at 193)
        Lvalue:  (at 193)
          Identifier: stage_1_fb_axis_grid_tid (at 193)
        Rvalue:  (at 193)
          Identifier: stage_1_out_axis_grid_tid (at 193)
      Assign:  (at 194)
        Lvalue:  (at 194)
          Identifier: stage_1_fb_axis_grid_tdest (at 194)
        Rvalue:  (at 194)
          Identifier: stage_1_out_axis_grid_tdest (at 194)
      Assign:  (at 195)
        Lvalue:  (at 195)
          Identifier: stage_1_fb_axis_grid_tuser (at 195)
        Rvalue:  (at 195)
          Identifier: stage_1_out_axis_grid_tuser (at 195)
      Assign:  (at 198)
        Lvalue:  (at 198)
          Identifier: stage_1_fb_axis_scale_tdata (at 198)
        Rvalue:  (at 198)
          Identifier: stage_1_out_axis_scale_tdata (at 198)
      Assign:  (at 200)
        Lvalue:  (at 200)
          Identifier: stage_1_fb_axis_scale_tvalid (at 200)
        Rvalue:  (at 200)
          Identifier: stage_1_out_axis_scale_tvalid (at 200)
      Assign:  (at 201)
        Lvalue:  (at 201)
          Identifier: stage_1_fb_axis_scale_tready (at 201)
        Rvalue:  (at 201)
          IntConst: 0 (at 201)
      Assign:  (at 202)
        Lvalue:  (at 202)
          Identifier: stage_1_fb_axis_scale_tlast (at 202)
        Rvalue:  (at 202)
          Identifier: stage_1_out_axis_scale_tlast (at 202)
      Assign:  (at 203)
        Lvalue:  (at 203)
          Identifier: stage_1_fb_axis_scale_tid (at 203)
        Rvalue:  (at 203)
          Identifier: stage_1_out_axis_scale_tid (at 203)
      Assign:  (at 204)
        Lvalue:  (at 204)
          Identifier: stage_1_fb_axis_scale_tdest (at 204)
        Rvalue:  (at 204)
          Identifier: stage_1_out_axis_scale_tdest (at 204)
      Assign:  (at 205)
        Lvalue:  (at 205)
          Identifier: stage_1_fb_axis_scale_tuser (at 205)
        Rvalue:  (at 205)
          Identifier: stage_1_out_axis_scale_tuser (at 205)
      InstanceList: axis_register (at 208)
        ParamArg: DATA_WIDTH (at 210)
          Identifier: DATA_WIDTH (at 210)
        ParamArg: KEEP_ENABLE (at 212)
          IntConst: 0 (at 212)
        ParamArg: KEEP_WIDTH (at 214)
          IntConst: 0 (at 214)
        ParamArg: LAST_ENABLE (at 216)
          Identifier: LAST_ENABLE (at 216)
        ParamArg: ID_ENABLE (at 218)
          Identifier: ID_ENABLE (at 218)
        ParamArg: ID_WIDTH (at 220)
          Identifier: ID_WIDTH (at 220)
        ParamArg: DEST_ENABLE (at 222)
          Identifier: DEST_ENABLE (at 222)
        ParamArg: DEST_WIDTH (at 224)
          Identifier: DEST_WIDTH (at 224)
        ParamArg: USER_ENABLE (at 226)
          Identifier: USER_ENABLE (at 226)
        ParamArg: USER_WIDTH (at 228)
          Identifier: USER_WIDTH (at 228)
        Instance: axis_register_data_inst, axis_register (at 208)
          ParamArg: DATA_WIDTH (at 210)
            Identifier: DATA_WIDTH (at 210)
          ParamArg: KEEP_ENABLE (at 212)
            IntConst: 0 (at 212)
          ParamArg: KEEP_WIDTH (at 214)
            IntConst: 0 (at 214)
          ParamArg: LAST_ENABLE (at 216)
            Identifier: LAST_ENABLE (at 216)
          ParamArg: ID_ENABLE (at 218)
            Identifier: ID_ENABLE (at 218)
          ParamArg: ID_WIDTH (at 220)
            Identifier: ID_WIDTH (at 220)
          ParamArg: DEST_ENABLE (at 222)
            Identifier: DEST_ENABLE (at 222)
          ParamArg: DEST_WIDTH (at 224)
            Identifier: DEST_WIDTH (at 224)
          ParamArg: USER_ENABLE (at 226)
            Identifier: USER_ENABLE (at 226)
          ParamArg: USER_WIDTH (at 228)
            Identifier: USER_WIDTH (at 228)
          PortArg: clk (at 230)
            Identifier: clk (at 230)
          PortArg: rst (at 231)
            Identifier: rst (at 231)
          PortArg: s_axis_tdata (at 232)
            Identifier: stage_1_in_axis_data_tdata (at 232)
          PortArg: s_axis_tvalid (at 234)
            Identifier: stage_1_in_axis_data_tvalid (at 234)
          PortArg: s_axis_tready (at 235)
            Identifier: stage_1_in_axis_data_tready (at 235)
          PortArg: s_axis_tlast (at 236)
            Identifier: stage_1_in_axis_data_tlast (at 236)
          PortArg: s_axis_tid (at 237)
            Identifier: stage_1_in_axis_data_tid (at 237)
          PortArg: s_axis_tdest (at 238)
            Identifier: stage_1_in_axis_data_tdest (at 238)
          PortArg: s_axis_tuser (at 239)
            Identifier: stage_1_in_axis_data_tuser (at 239)
          PortArg: m_axis_tdata (at 240)
            Identifier: stage_1_out_axis_data_tdata (at 240)
          PortArg: m_axis_tvalid (at 242)
            Identifier: stage_1_out_axis_data_tvalid (at 242)
          PortArg: m_axis_tready (at 243)
            Identifier: stage_1_out_axis_data_tready (at 243)
          PortArg: m_axis_tlast (at 244)
            Identifier: stage_1_out_axis_data_tlast (at 244)
          PortArg: m_axis_tid (at 245)
            Identifier: stage_1_out_axis_data_tid (at 245)
          PortArg: m_axis_tdest (at 246)
            Identifier: stage_1_out_axis_data_tdest (at 246)
          PortArg: m_axis_tuser (at 247)
            Identifier: stage_1_out_axis_data_tuser (at 247)
      InstanceList: axis_register (at 251)
        ParamArg: DATA_WIDTH (at 253)
          Identifier: DATA_WIDTH (at 253)
        ParamArg: KEEP_ENABLE (at 255)
          IntConst: 0 (at 255)
        ParamArg: KEEP_WIDTH (at 257)
          IntConst: 0 (at 257)
        ParamArg: LAST_ENABLE (at 259)
          Identifier: LAST_ENABLE (at 259)
        ParamArg: ID_ENABLE (at 261)
          Identifier: ID_ENABLE (at 261)
        ParamArg: ID_WIDTH (at 263)
          Identifier: ID_WIDTH (at 263)
        ParamArg: DEST_ENABLE (at 265)
          Identifier: DEST_ENABLE (at 265)
        ParamArg: DEST_WIDTH (at 267)
          Identifier: DEST_WIDTH (at 267)
        ParamArg: USER_ENABLE (at 269)
          Identifier: USER_ENABLE (at 269)
        ParamArg: USER_WIDTH (at 271)
          Identifier: USER_WIDTH (at 271)
        Instance: axis_register_grid_inst, axis_register (at 251)
          ParamArg: DATA_WIDTH (at 253)
            Identifier: DATA_WIDTH (at 253)
          ParamArg: KEEP_ENABLE (at 255)
            IntConst: 0 (at 255)
          ParamArg: KEEP_WIDTH (at 257)
            IntConst: 0 (at 257)
          ParamArg: LAST_ENABLE (at 259)
            Identifier: LAST_ENABLE (at 259)
          ParamArg: ID_ENABLE (at 261)
            Identifier: ID_ENABLE (at 261)
          ParamArg: ID_WIDTH (at 263)
            Identifier: ID_WIDTH (at 263)
          ParamArg: DEST_ENABLE (at 265)
            Identifier: DEST_ENABLE (at 265)
          ParamArg: DEST_WIDTH (at 267)
            Identifier: DEST_WIDTH (at 267)
          ParamArg: USER_ENABLE (at 269)
            Identifier: USER_ENABLE (at 269)
          ParamArg: USER_WIDTH (at 271)
            Identifier: USER_WIDTH (at 271)
          PortArg: clk (at 273)
            Identifier: clk (at 273)
          PortArg: rst (at 274)
            Identifier: rst (at 274)
          PortArg: s_axis_tdata (at 275)
            Identifier: stage_1_in_axis_grid_tdata (at 275)
          PortArg: s_axis_tvalid (at 277)
            Identifier: stage_1_in_axis_grid_tvalid (at 277)
          PortArg: s_axis_tready (at 278)
            Identifier: stage_1_in_axis_grid_tready (at 278)
          PortArg: s_axis_tlast (at 279)
            Identifier: stage_1_in_axis_grid_tlast (at 279)
          PortArg: s_axis_tid (at 280)
            Identifier: stage_1_in_axis_grid_tid (at 280)
          PortArg: s_axis_tdest (at 281)
            Identifier: stage_1_in_axis_grid_tdest (at 281)
          PortArg: s_axis_tuser (at 282)
            Identifier: stage_1_in_axis_grid_tuser (at 282)
          PortArg: m_axis_tdata (at 283)
            Identifier: stage_1_out_axis_grid_tdata (at 283)
          PortArg: m_axis_tvalid (at 285)
            Identifier: stage_1_out_axis_grid_tvalid (at 285)
          PortArg: m_axis_tready (at 286)
            Identifier: stage_1_out_axis_grid_tready (at 286)
          PortArg: m_axis_tlast (at 287)
            Identifier: stage_1_out_axis_grid_tlast (at 287)
          PortArg: m_axis_tid (at 288)
            Identifier: stage_1_out_axis_grid_tid (at 288)
          PortArg: m_axis_tdest (at 289)
            Identifier: stage_1_out_axis_grid_tdest (at 289)
          PortArg: m_axis_tuser (at 290)
            Identifier: stage_1_out_axis_grid_tuser (at 290)
      InstanceList: axis_register (at 294)
        ParamArg: DATA_WIDTH (at 296)
          Identifier: DATA_WIDTH (at 296)
        ParamArg: KEEP_ENABLE (at 298)
          IntConst: 0 (at 298)
        ParamArg: KEEP_WIDTH (at 300)
          IntConst: 0 (at 300)
        ParamArg: LAST_ENABLE (at 302)
          Identifier: LAST_ENABLE (at 302)
        ParamArg: ID_ENABLE (at 304)
          Identifier: ID_ENABLE (at 304)
        ParamArg: ID_WIDTH (at 306)
          Identifier: ID_WIDTH (at 306)
        ParamArg: DEST_ENABLE (at 308)
          Identifier: DEST_ENABLE (at 308)
        ParamArg: DEST_WIDTH (at 310)
          Identifier: DEST_WIDTH (at 310)
        ParamArg: USER_ENABLE (at 312)
          Identifier: USER_ENABLE (at 312)
        ParamArg: USER_WIDTH (at 314)
          Identifier: USER_WIDTH (at 314)
        Instance: axis_register_scale_inst, axis_register (at 294)
          ParamArg: DATA_WIDTH (at 296)
            Identifier: DATA_WIDTH (at 296)
          ParamArg: KEEP_ENABLE (at 298)
            IntConst: 0 (at 298)
          ParamArg: KEEP_WIDTH (at 300)
            IntConst: 0 (at 300)
          ParamArg: LAST_ENABLE (at 302)
            Identifier: LAST_ENABLE (at 302)
          ParamArg: ID_ENABLE (at 304)
            Identifier: ID_ENABLE (at 304)
          ParamArg: ID_WIDTH (at 306)
            Identifier: ID_WIDTH (at 306)
          ParamArg: DEST_ENABLE (at 308)
            Identifier: DEST_ENABLE (at 308)
          ParamArg: DEST_WIDTH (at 310)
            Identifier: DEST_WIDTH (at 310)
          ParamArg: USER_ENABLE (at 312)
            Identifier: USER_ENABLE (at 312)
          ParamArg: USER_WIDTH (at 314)
            Identifier: USER_WIDTH (at 314)
          PortArg: clk (at 316)
            Identifier: clk (at 316)
          PortArg: rst (at 317)
            Identifier: rst (at 317)
          PortArg: s_axis_tdata (at 318)
            Identifier: stage_1_in_axis_scale_tdata (at 318)
          PortArg: s_axis_tvalid (at 320)
            Identifier: stage_1_in_axis_scale_tvalid (at 320)
          PortArg: s_axis_tready (at 321)
            Identifier: stage_1_in_axis_scale_tready (at 321)
          PortArg: s_axis_tlast (at 322)
            Identifier: stage_1_in_axis_scale_tlast (at 322)
          PortArg: s_axis_tid (at 323)
            Identifier: stage_1_in_axis_scale_tid (at 323)
          PortArg: s_axis_tdest (at 324)
            Identifier: stage_1_in_axis_scale_tdest (at 324)
          PortArg: s_axis_tuser (at 325)
            Identifier: stage_1_in_axis_scale_tuser (at 325)
          PortArg: m_axis_tdata (at 326)
            Identifier: stage_1_out_axis_scale_tdata (at 326)
          PortArg: m_axis_tvalid (at 328)
            Identifier: stage_1_out_axis_scale_tvalid (at 328)
          PortArg: m_axis_tready (at 329)
            Identifier: stage_1_out_axis_scale_tready (at 329)
          PortArg: m_axis_tlast (at 330)
            Identifier: stage_1_out_axis_scale_tlast (at 330)
          PortArg: m_axis_tid (at 331)
            Identifier: stage_1_out_axis_scale_tid (at 331)
          PortArg: m_axis_tdest (at 332)
            Identifier: stage_1_out_axis_scale_tdest (at 332)
          PortArg: m_axis_tuser (at 333)
            Identifier: stage_1_out_axis_scale_tuser (at 333)
      Assign:  (at 337)
        Lvalue:  (at 337)
          Identifier: diff (at 337)
        Rvalue:  (at 337)
          Minus:  (at 337)
            Identifier: stage_1_out_axis_data_tdata (at 337)
            Identifier: stage_1_out_axis_grid_tdata (at 337)
      Assign:  (at 338)
        Lvalue:  (at 338)
          Identifier: diff_ext (at 338)
        Rvalue:  (at 338)
          Concat:  (at 338)
            Repeat:  (at 338)
              Concat:  (at 338)
                Pointer:  (at 338)
                  Identifier: diff (at 338)
                  Minus:  (at 338)
                    Identifier: DATA_WIDTH (at 338)
                    IntConst: 1 (at 338)
              Identifier: DATA_WIDTH (at 338)
            Identifier: diff (at 338)
      Assign:  (at 339)
        Lvalue:  (at 339)
          Identifier: scale_ext (at 339)
        Rvalue:  (at 339)
          Concat:  (at 339)
            Repeat:  (at 339)
              Concat:  (at 339)
                Pointer:  (at 339)
                  Identifier: scale_data_reg (at 339)
                  Minus:  (at 339)
                    Identifier: DATA_WIDTH (at 339)
                    IntConst: 1 (at 339)
              Identifier: DATA_WIDTH (at 339)
            Identifier: scale_data_reg (at 339)
      Assign:  (at 340)
        Lvalue:  (at 340)
          Identifier: res_ext (at 340)
        Rvalue:  (at 340)
          Times:  (at 340)
            Identifier: diff_ext (at 340)
            Identifier: scale_ext (at 340)
      Assign:  (at 341)
        Lvalue:  (at 341)
          Identifier: res (at 341)
        Rvalue:  (at 341)
          Partselect:  (at 341)
            Identifier: res_ext (at 341)
            Identifier: RSLT_MSB (at 341)
            Identifier: RSLT_LSB (at 341)
      Assign:  (at 344)
        Lvalue:  (at 344)
          Identifier: stage_2_in_axis_tdata (at 344)
        Rvalue:  (at 344)
          Identifier: res (at 344)
      Assign:  (at 345)
        Lvalue:  (at 345)
          Identifier: stage_2_in_axis_tkeep (at 345)
        Rvalue:  (at 345)
          Uminus:  (at 345)
            IntConst: 1 (at 345)
      Assign:  (at 346)
        Lvalue:  (at 346)
          Identifier: stage_2_in_axis_tvalid (at 346)
        Rvalue:  (at 346)
          And:  (at 346)
            And:  (at 346)
              Identifier: stage_1_out_axis_data_tvalid (at 346)
              Identifier: stage_1_out_axis_grid_tvalid (at 346)
            Identifier: stage_1_out_axis_scale_tvalid (at 346)
      Assign:  (at 347)
        Lvalue:  (at 347)
          Identifier: stage_1_out_axis_data_tready (at 347)
        Rvalue:  (at 347)
          And:  (at 347)
            And:  (at 347)
              Identifier: stage_2_in_axis_tready (at 347)
              Identifier: stage_1_out_axis_grid_tvalid (at 347)
            Identifier: stage_1_out_axis_scale_tvalid (at 347)
      Assign:  (at 348)
        Lvalue:  (at 348)
          Identifier: stage_1_out_axis_grid_tready (at 348)
        Rvalue:  (at 348)
          And:  (at 348)
            And:  (at 348)
              Identifier: stage_2_in_axis_tready (at 348)
              Identifier: stage_1_out_axis_data_tvalid (at 348)
            Identifier: stage_1_out_axis_scale_tvalid (at 348)
      Assign:  (at 349)
        Lvalue:  (at 349)
          Identifier: stage_1_out_axis_scale_tready (at 349)
        Rvalue:  (at 349)
          And:  (at 349)
            And:  (at 349)
              Identifier: stage_2_in_axis_tready (at 349)
              Identifier: stage_1_out_axis_data_tvalid (at 349)
            Identifier: stage_1_out_axis_grid_tvalid (at 349)
      Assign:  (at 350)
        Lvalue:  (at 350)
          Identifier: stage_2_in_axis_tlast (at 350)
        Rvalue:  (at 350)
          And:  (at 350)
            And:  (at 350)
              Identifier: stage_1_out_axis_data_tlast (at 350)
              Identifier: stage_1_out_axis_grid_tlast (at 350)
            Identifier: stage_1_out_axis_scale_tlast (at 350)
      Assign:  (at 351)
        Lvalue:  (at 351)
          Identifier: stage_2_in_axis_tid (at 351)
        Rvalue:  (at 351)
          Identifier: stage_1_out_axis_data_tid (at 351)
      Assign:  (at 352)
        Lvalue:  (at 352)
          Identifier: stage_2_in_axis_tdest (at 352)
        Rvalue:  (at 352)
          Identifier: stage_1_out_axis_data_tdest (at 352)
      Assign:  (at 353)
        Lvalue:  (at 353)
          Identifier: stage_2_in_axis_tuser (at 353)
        Rvalue:  (at 353)
          Identifier: stage_1_out_axis_data_tuser (at 353)
      InstanceList: axis_register (at 356)
        ParamArg: DATA_WIDTH (at 358)
          Identifier: DATA_WIDTH (at 358)
        ParamArg: KEEP_ENABLE (at 360)
          IntConst: 0 (at 360)
        ParamArg: KEEP_WIDTH (at 362)
          IntConst: 0 (at 362)
        ParamArg: LAST_ENABLE (at 364)
          Identifier: LAST_ENABLE (at 364)
        ParamArg: ID_ENABLE (at 366)
          Identifier: ID_ENABLE (at 366)
        ParamArg: ID_WIDTH (at 368)
          Identifier: ID_WIDTH (at 368)
        ParamArg: DEST_ENABLE (at 370)
          Identifier: DEST_ENABLE (at 370)
        ParamArg: DEST_WIDTH (at 372)
          Identifier: DEST_WIDTH (at 372)
        ParamArg: USER_ENABLE (at 374)
          Identifier: USER_ENABLE (at 374)
        ParamArg: USER_WIDTH (at 376)
          Identifier: USER_WIDTH (at 376)
        Instance: axis_register_output_inst, axis_register (at 356)
          ParamArg: DATA_WIDTH (at 358)
            Identifier: DATA_WIDTH (at 358)
          ParamArg: KEEP_ENABLE (at 360)
            IntConst: 0 (at 360)
          ParamArg: KEEP_WIDTH (at 362)
            IntConst: 0 (at 362)
          ParamArg: LAST_ENABLE (at 364)
            Identifier: LAST_ENABLE (at 364)
          ParamArg: ID_ENABLE (at 366)
            Identifier: ID_ENABLE (at 366)
          ParamArg: ID_WIDTH (at 368)
            Identifier: ID_WIDTH (at 368)
          ParamArg: DEST_ENABLE (at 370)
            Identifier: DEST_ENABLE (at 370)
          ParamArg: DEST_WIDTH (at 372)
            Identifier: DEST_WIDTH (at 372)
          ParamArg: USER_ENABLE (at 374)
            Identifier: USER_ENABLE (at 374)
          ParamArg: USER_WIDTH (at 376)
            Identifier: USER_WIDTH (at 376)
          PortArg: clk (at 378)
            Identifier: clk (at 378)
          PortArg: rst (at 379)
            Identifier: rst (at 379)
          PortArg: s_axis_tdata (at 380)
            Identifier: stage_2_in_axis_data_tdata (at 380)
          PortArg: s_axis_tkeep (at 381)
            Identifier: stage_2_in_axis_data_tkeep (at 381)
          PortArg: s_axis_tvalid (at 382)
            Identifier: stage_2_in_axis_data_tvalid (at 382)
          PortArg: s_axis_tready (at 383)
            Identifier: stage_2_in_axis_data_tready (at 383)
          PortArg: s_axis_tlast (at 384)
            Identifier: stage_2_in_axis_data_tlast (at 384)
          PortArg: s_axis_tid (at 385)
            Identifier: stage_2_in_axis_data_tid (at 385)
          PortArg: s_axis_tdest (at 386)
            Identifier: stage_2_in_axis_data_tdest (at 386)
          PortArg: s_axis_tuser (at 387)
            Identifier: stage_2_in_axis_data_tuser (at 387)
          PortArg: m_axis_tdata (at 388)
            Identifier: stage_2_out_axis_data_tdata (at 388)
          PortArg: m_axis_tkeep (at 389)
            Identifier: stage_2_out_axis_data_tkeep (at 389)
          PortArg: m_axis_tvalid (at 390)
            Identifier: stage_2_out_axis_data_tvalid (at 390)
          PortArg: m_axis_tready (at 391)
            Identifier: stage_2_out_axis_data_tready (at 391)
          PortArg: m_axis_tlast (at 392)
            Identifier: stage_2_out_axis_data_tlast (at 392)
          PortArg: m_axis_tid (at 393)
            Identifier: stage_2_out_axis_data_tid (at 393)
          PortArg: m_axis_tdest (at 394)
            Identifier: stage_2_out_axis_data_tdest (at 394)
          PortArg: m_axis_tuser (at 395)
            Identifier: stage_2_out_axis_data_tuser (at 395)
      Assign:  (at 399)
        Lvalue:  (at 399)
          Identifier: m_axis_data_tdata (at 399)
        Rvalue:  (at 399)
          Identifier: stage_2_out_axis_data_tdata (at 399)
      Assign:  (at 400)
        Lvalue:  (at 400)
          Identifier: m_axis_data_tkeep (at 400)
        Rvalue:  (at 400)
          Identifier: stage_2_out_axis_data_tkeep (at 400)
      Assign:  (at 401)
        Lvalue:  (at 401)
          Identifier: m_axis_data_tvalid (at 401)
        Rvalue:  (at 401)
          Identifier: stage_2_out_axis_data_tvalid (at 401)
      Assign:  (at 402)
        Lvalue:  (at 402)
          Identifier: stage_2_out_axis_data_tready (at 402)
        Rvalue:  (at 402)
          Identifier: m_axis_data_tready (at 402)
      Assign:  (at 403)
        Lvalue:  (at 403)
          Identifier: m_axis_data_tlast (at 403)
        Rvalue:  (at 403)
          Identifier: stage_2_out_axis_data_tlast (at 403)
      Assign:  (at 404)
        Lvalue:  (at 404)
          Identifier: m_axis_data_tid (at 404)
        Rvalue:  (at 404)
          Identifier: stage_2_out_axis_data_tid (at 404)
      Assign:  (at 405)
        Lvalue:  (at 405)
          Identifier: m_axis_data_tdest (at 405)
        Rvalue:  (at 405)
          Identifier: stage_2_out_axis_data_tdest (at 405)
      Assign:  (at 406)
        Lvalue:  (at 406)
          Identifier: m_axis_data_tuser (at 406)
        Rvalue:  (at 406)
          Identifier: stage_2_out_axis_data_tuser (at 406)
Line 1 : `resetall

Line 2 : `timescale 1ns/1ps

Line 3 : `default_nettype none

Line 410 : `resetall

