#! /usr/bin/vvp
:ivl_version "12.0 (stable)";
:ivl_delay_selection "TYPICAL";
:vpi_time_precision - 12;
:vpi_module "/usr/lib/x86_64-linux-gnu/ivl/system.vpi";
:vpi_module "/usr/lib/x86_64-linux-gnu/ivl/vhdl_sys.vpi";
:vpi_module "/usr/lib/x86_64-linux-gnu/ivl/vhdl_textio.vpi";
:vpi_module "/usr/lib/x86_64-linux-gnu/ivl/v2005_math.vpi";
:vpi_module "/usr/lib/x86_64-linux-gnu/ivl/va_math.vpi";
S_0x563eafc01950 .scope module, "LinearProcessingElement" "LinearProcessingElement" 2 21;
 .timescale -9 -12;
    .port_info 0 /INPUT 1 "clk";
    .port_info 1 /INPUT 1 "rst";
    .port_info 2 /INPUT 16 "s_axis_up_tdata";
    .port_info 3 /INPUT 1 "s_axis_up_tvalid";
    .port_info 4 /OUTPUT 1 "s_axis_up_tready";
    .port_info 5 /INPUT 1 "s_axis_up_tlast";
    .port_info 6 /INPUT 8 "s_axis_up_tid";
    .port_info 7 /INPUT 8 "s_axis_up_tdest";
    .port_info 8 /INPUT 8 "s_axis_up_tuser";
    .port_info 9 /INPUT 16 "s_axis_left_tdata";
    .port_info 10 /INPUT 1 "s_axis_left_tvalid";
    .port_info 11 /OUTPUT 1 "s_axis_left_tready";
    .port_info 12 /INPUT 1 "s_axis_left_tlast";
    .port_info 13 /INPUT 8 "s_axis_left_tid";
    .port_info 14 /INPUT 8 "s_axis_left_tdest";
    .port_info 15 /INPUT 8 "s_axis_left_tuser";
    .port_info 16 /OUTPUT 16 "m_axis_down_tdata";
    .port_info 17 /OUTPUT 1 "m_axis_down_tvalid";
    .port_info 18 /INPUT 1 "m_axis_down_tready";
    .port_info 19 /OUTPUT 1 "m_axis_down_tlast";
    .port_info 20 /OUTPUT 8 "m_axis_down_tid";
    .port_info 21 /OUTPUT 8 "m_axis_down_tdest";
    .port_info 22 /OUTPUT 8 "m_axis_down_tuser";
    .port_info 23 /OUTPUT 16 "m_axis_right_tdata";
    .port_info 24 /OUTPUT 1 "m_axis_right_tvalid";
    .port_info 25 /INPUT 1 "m_axis_right_tready";
    .port_info 26 /OUTPUT 1 "m_axis_right_tlast";
    .port_info 27 /OUTPUT 8 "m_axis_right_tid";
    .port_info 28 /OUTPUT 8 "m_axis_right_tdest";
    .port_info 29 /OUTPUT 8 "m_axis_right_tuser";
    .port_info 30 /OUTPUT 1 "err_unalligned_data";
    .port_info 31 /OUTPUT 1 "err_user_flag";
P_0x563eafc099b0 .param/l "DATA_WIDTH_L_R" 0 2 65, +C4<00000000000000000000000000010000>;
P_0x563eafc099f0 .param/l "DATA_WIDTH_OP0" 0 2 31, +C4<00000000000000000000000000010000>;
P_0x563eafc09a30 .param/l "DATA_WIDTH_OP1" 0 2 37, +C4<00000000000000000000000000010000>;
P_0x563eafc09a70 .param/l "DATA_WIDTH_RSLT" 0 2 43, +C4<00000000000000000000000000010000>;
P_0x563eafc09ab0 .param/l "DATA_WIDTH_U_D" 0 2 63, +C4<00000000000000000000000000010000>;
P_0x563eafc09af0 .param/l "DEST_ENABLE" 0 2 51, +C4<00000000000000000000000000000001>;
P_0x563eafc09b30 .param/l "DEST_WIDTH" 0 2 53, +C4<00000000000000000000000000001000>;
P_0x563eafc09b70 .param/l "FRACTIONAL_BITS_OP0" 0 2 33, +C4<00000000000000000000000000001100>;
P_0x563eafc09bb0 .param/l "FRACTIONAL_BITS_OP1" 0 2 41, +C4<00000000000000000000000000001100>;
P_0x563eafc09bf0 .param/l "FRACTIONAL_BITS_RSLT" 0 2 45, +C4<00000000000000000000000000001100>;
P_0x563eafc09c30 .param/l "ID_ENABLE" 0 2 47, +C4<00000000000000000000000000000000>;
P_0x563eafc09c70 .param/l "ID_WIDTH" 0 2 49, +C4<00000000000000000000000000001000>;
P_0x563eafc09cb0 .param/l "IS_UNSIGNED_OP0" 0 2 35, +C4<00000000000000000000000000000000>;
P_0x563eafc09cf0 .param/l "IS_UNSIGNED_OP1" 0 2 39, +C4<00000000000000000000000000000000>;
P_0x563eafc09d30 .param/l "MAC_OP_SIZE" 1 2 130, +C4<00000000000000000000000000000100000>;
P_0x563eafc09d70 .param/l "MAC_RSLT_LSB" 1 2 131, +C4<0000000000000000000000000000001100>;
P_0x563eafc09db0 .param/l "MAC_RSLT_MSB" 1 2 132, +C4<000000000000000000000000000000011011>;
P_0x563eafc09df0 .param/l "MLT_OP_SIZE" 1 2 129, +C4<00000000000000000000000000000100000>;
P_0x563eafc09e30 .param/l "OP1_USER_MASK" 0 2 67, +C4<00000000000000000000000000000001000000>;
P_0x563eafc09e70 .param/l "OUTPUT_DEST" 0 2 59, +C4<00000000000000000000000000000001>;
P_0x563eafc09eb0 .param/l "OUTPUT_ID" 0 2 61, +C4<00000000000000000000000000000001>;
P_0x563eafc09ef0 .param/l "PE_NUMBER_I" 0 2 23, +C4<00000000000000000000000000000100>;
P_0x563eafc09f30 .param/l "PE_NUMBER_J" 0 2 25, +C4<00000000000000000000000000000100>;
P_0x563eafc09f70 .param/l "PE_POSITION_I" 0 2 27, +C4<00000000000000000000000000000000>;
P_0x563eafc09fb0 .param/l "PE_POSITION_J" 0 2 29, +C4<00000000000000000000000000000000>;
P_0x563eafc09ff0 .param/l "RSLT_DEST" 0 2 73, +C4<00000000000000000000000000000000>;
P_0x563eafc0a030 .param/l "RSLT_ID" 0 2 71, +C4<00000000000000000000000000000001>;
P_0x563eafc0a070 .param/l "RSLT_USER_MASK" 0 2 69, +C4<000000000000000000000000000000010000000>;
P_0x563eafc0a0b0 .param/l "USER_ENABLE" 0 2 55, +C4<00000000000000000000000000000001>;
P_0x563eafc0a0f0 .param/l "USER_WIDTH" 0 2 57, +C4<00000000000000000000000000001000>;
L_0x563eafc44060 .functor AND 1, v0x563eafc24a10_0, v0x563eafc2b200_0, C4<1>, C4<1>;
o0x7f7dc0eeaf48 .functor BUFZ 1, C4<z>; HiZ drive
L_0x563eafc44ad0 .functor AND 1, o0x7f7dc0eeaf48, v0x563eafc2b200_0, C4<1>, C4<1>;
L_0x563eafc44c20 .functor AND 1, v0x563eafc1f770_0, v0x563eafc2b080_0, C4<1>, C4<1>;
o0x7f7dc0eeaee8 .functor BUFZ 1, C4<z>; HiZ drive
L_0x563eafc45790 .functor AND 1, o0x7f7dc0eeaee8, v0x563eafc2b080_0, C4<1>, C4<1>;
L_0x563eafc46a80 .functor BUFZ 16, v0x563eafc1f010_0, C4<0000000000000000>, C4<0000000000000000>, C4<0000000000000000>;
L_0x563eafc46b80 .functor AND 1, L_0x563eafc44da0, v0x563eafc295d0_0, C4<1>, C4<1>;
L_0x563eafc46d30 .functor AND 1, L_0x563eafc46b80, L_0x563eafc46c30, C4<1>, C4<1>;
L_0x563eafc46da0 .functor AND 1, L_0x563eafc46940, v0x563eafc295d0_0, C4<1>, C4<1>;
L_0x563eafc46ef0 .functor OR 1, L_0x563eafc46da0, v0x563eafc28ac0_0, C4<0>, C4<0>;
L_0x563eafc47080 .functor BUFZ 1, v0x563eafc1f390_0, C4<0>, C4<0>, C4<0>;
L_0x7f7dc0e9e450 .functor BUFT 1, C4<00000000>, C4<0>, C4<0>, C4<0>;
L_0x563eafc47150 .functor BUFZ 8, L_0x7f7dc0e9e450, C4<00000000>, C4<00000000>, C4<00000000>;
L_0x563eafc471c0 .functor BUFZ 8, v0x563eafc1f0f0_0, C4<00000000>, C4<00000000>, C4<00000000>;
L_0x563eafc472a0 .functor BUFZ 8, v0x563eafc1f450_0, C4<00000000>, C4<00000000>, C4<00000000>;
L_0x563eafc47550 .functor AND 1, L_0x563eafc44200, v0x563eafc29750_0, C4<1>, C4<1>;
L_0x563eafc47230 .functor AND 1, L_0x563eafc47550, L_0x563eafc475c0, C4<1>, C4<1>;
L_0x563eafc47450 .functor AND 1, v0x563eafc1c4f0_0, v0x563eafc29750_0, C4<1>, C4<1>;
L_0x563eafc47a20 .functor OR 1, L_0x563eafc47450, v0x563eafc28ac0_0, C4<0>, C4<0>;
L_0x7f7dc0e9e7f8 .functor BUFT 1, C4<000000000000000000000000>, C4<0>, C4<0>, C4<0>;
v0x563eafc2b6a0_0 .net *"_ivl_101", 23 0, L_0x7f7dc0e9e7f8;  1 drivers
v0x563eafc2b7a0_0 .net *"_ivl_102", 31 0, L_0x563eafc481a0;  1 drivers
L_0x7f7dc0e9e840 .functor BUFT 1, C4<000000000000000000000000000000010000000>, C4<0>, C4<0>, C4<0>;
v0x563eafc2b880_0 .net/2u *"_ivl_106", 38 0, L_0x7f7dc0e9e840;  1 drivers
v0x563eafc2b970_0 .net *"_ivl_108", 38 0, L_0x563eafc48540;  1 drivers
L_0x7f7dc0e9e060 .functor BUFT 1, C4<0000000000000000>, C4<0>, C4<0>, C4<0>;
v0x563eafc2ba50_0 .net *"_ivl_11", 15 0, L_0x7f7dc0e9e060;  1 drivers
L_0x7f7dc0e9e888 .functor BUFT 1, C4<0000000000000000000000000000000>, C4<0>, C4<0>, C4<0>;
v0x563eafc2bb30_0 .net *"_ivl_111", 30 0, L_0x7f7dc0e9e888;  1 drivers
v0x563eafc2bc10_0 .net *"_ivl_112", 38 0, L_0x563eafc486f0;  1 drivers
L_0x7f7dc0e9e0a8 .functor BUFT 1, C4<00000000000000000000000000000000>, C4<0>, C4<0>, C4<0>;
v0x563eafc2bcf0_0 .net/2u *"_ivl_14", 31 0, L_0x7f7dc0e9e0a8;  1 drivers
v0x563eafc2bdd0_0 .net *"_ivl_4", 31 0, L_0x563eafc31580;  1 drivers
v0x563eafc2bf40_0 .net *"_ivl_42", 0 0, L_0x563eafc46b80;  1 drivers
v0x563eafc2c020_0 .net *"_ivl_45", 0 0, L_0x563eafc46c30;  1 drivers
v0x563eafc2c0e0_0 .net *"_ivl_48", 0 0, L_0x563eafc46da0;  1 drivers
v0x563eafc2c1c0_0 .net *"_ivl_60", 15 0, L_0x563eafc47310;  1 drivers
L_0x7f7dc0e9e690 .functor BUFT 1, C4<1>, C4<0>, C4<0>, C4<0>;
v0x563eafc2c2a0_0 .net/2u *"_ivl_64", 0 0, L_0x7f7dc0e9e690;  1 drivers
v0x563eafc2c380_0 .net *"_ivl_66", 0 0, L_0x563eafc47550;  1 drivers
v0x563eafc2c460_0 .net *"_ivl_69", 0 0, L_0x563eafc475c0;  1 drivers
L_0x7f7dc0e9e018 .functor BUFT 1, C4<0000000000000000>, C4<0>, C4<0>, C4<0>;
v0x563eafc2c520_0 .net *"_ivl_7", 15 0, L_0x7f7dc0e9e018;  1 drivers
v0x563eafc2c600_0 .net *"_ivl_70", 0 0, L_0x563eafc47230;  1 drivers
L_0x7f7dc0e9e6d8 .functor BUFT 1, C4<0>, C4<0>, C4<0>, C4<0>;
v0x563eafc2c6e0_0 .net/2u *"_ivl_74", 0 0, L_0x7f7dc0e9e6d8;  1 drivers
v0x563eafc2c7c0_0 .net *"_ivl_76", 0 0, L_0x563eafc47450;  1 drivers
v0x563eafc2c8a0_0 .net *"_ivl_78", 0 0, L_0x563eafc47a20;  1 drivers
v0x563eafc2c980_0 .net *"_ivl_8", 31 0, L_0x563eafc416d0;  1 drivers
L_0x7f7dc0e9e720 .functor BUFT 1, C4<0>, C4<0>, C4<0>, C4<0>;
v0x563eafc2ca60_0 .net/2u *"_ivl_82", 0 0, L_0x7f7dc0e9e720;  1 drivers
L_0x7f7dc0e9e768 .functor BUFT 1, C4<00000000000000000000000000000001>, C4<0>, C4<0>, C4<0>;
v0x563eafc2cb40_0 .net/2u *"_ivl_86", 31 0, L_0x7f7dc0e9e768;  1 drivers
L_0x7f7dc0e9e8d0 .functor BUFT 1, C4<00000000000000000000000000000000>, C4<0>, C4<0>, C4<0>;
v0x563eafc2cc20_0 .net *"_ivl_88", 31 0, L_0x7f7dc0e9e8d0;  1 drivers
v0x563eafc2cd00_0 .net *"_ivl_92", 31 0, L_0x563eafc47de0;  1 drivers
L_0x7f7dc0e9e7b0 .functor BUFT 1, C4<00000000000000000000000000000000>, C4<0>, C4<0>, C4<0>;
v0x563eafc2cde0_0 .net/2u *"_ivl_96", 31 0, L_0x7f7dc0e9e7b0;  1 drivers
v0x563eafc2cec0_0 .net *"_ivl_98", 31 0, L_0x563eafc480b0;  1 drivers
v0x563eafc2cfa0_0 .net "bypass_adder", 0 0, L_0x563eafc43c70;  1 drivers
o0x7f7dc0ee74f8 .functor BUFZ 1, C4<z>; HiZ drive
v0x563eafc2d040_0 .net "clk", 0 0, o0x7f7dc0ee74f8;  0 drivers
v0x563eafc2d0e0_0 .net "drop_l", 0 0, v0x563eafc28ac0_0;  1 drivers
v0x563eafc2d1b0_0 .net "drop_u", 0 0, L_0x563eafc438d0;  1 drivers
v0x563eafc2d280_0 .net "err_unalligned_data", 0 0, L_0x563eafc43e00;  1 drivers
v0x563eafc2d350_0 .net "err_user_flag", 0 0, L_0x563eafc43ec0;  1 drivers
v0x563eafc2d420_0 .net "export_rslt", 0 0, L_0x563eafc439e0;  1 drivers
v0x563eafc2d4f0_0 .net "forward_l", 0 0, v0x563eafc295d0_0;  1 drivers
v0x563eafc2d5c0_0 .net "forward_u", 0 0, v0x563eafc29750_0;  1 drivers
v0x563eafc2d690_0 .net "int_axis_down_tdata", 15 0, L_0x563eafc473b0;  1 drivers
v0x563eafc2d760_0 .net "int_axis_down_tdest", 7 0, L_0x563eafc48010;  1 drivers
v0x563eafc2d830_0 .net "int_axis_down_tid", 7 0, L_0x563eafc47ed0;  1 drivers
v0x563eafc2d900_0 .net "int_axis_down_tlast", 0 0, L_0x563eafc47c10;  1 drivers
v0x563eafc2d9d0_0 .net "int_axis_down_tready", 0 0, v0x563eafc1c4f0_0;  1 drivers
v0x563eafc2da70_0 .net "int_axis_down_tuser", 7 0, L_0x563eafc48830;  1 drivers
v0x563eafc2db10_0 .net "int_axis_down_tvalid", 0 0, L_0x563eafc47700;  1 drivers
v0x563eafc2dbb0_0 .net "int_axis_left_tdata", 15 0, v0x563eafc1f010_0;  1 drivers
v0x563eafc2dc50_0 .net "int_axis_left_tdest", 7 0, v0x563eafc1f0f0_0;  1 drivers
v0x563eafc2dd20_0 .net "int_axis_left_tid", 7 0, L_0x7f7dc0e9e450;  1 drivers
v0x563eafc2ddf0_0 .net "int_axis_left_tlast", 0 0, v0x563eafc1f390_0;  1 drivers
v0x563eafc2de90_0 .net "int_axis_left_tready", 0 0, L_0x563eafc46ef0;  1 drivers
v0x563eafc2df80_0 .net "int_axis_left_tuser", 7 0, v0x563eafc1f450_0;  1 drivers
v0x563eafc2e020_0 .net "int_axis_left_tvalid", 0 0, L_0x563eafc44da0;  1 drivers
v0x563eafc2e110_0 .net "int_axis_right_tdata", 15 0, L_0x563eafc46a80;  1 drivers
v0x563eafc2e1b0_0 .net "int_axis_right_tdest", 7 0, L_0x563eafc471c0;  1 drivers
v0x563eafc2e250_0 .net "int_axis_right_tid", 7 0, L_0x563eafc47150;  1 drivers
v0x563eafc2e320_0 .net "int_axis_right_tlast", 0 0, L_0x563eafc47080;  1 drivers
v0x563eafc2e3f0_0 .net "int_axis_right_tready", 0 0, L_0x563eafc46940;  1 drivers
v0x563eafc2e4e0_0 .net "int_axis_right_tuser", 7 0, L_0x563eafc472a0;  1 drivers
v0x563eafc2e580_0 .net "int_axis_right_tvalid", 0 0, L_0x563eafc46d30;  1 drivers
v0x563eafc2e670_0 .net "int_axis_up_tdata", 15 0, v0x563eafc242b0_0;  1 drivers
v0x563eafc2e710_0 .net "int_axis_up_tdest", 7 0, v0x563eafc24390_0;  1 drivers
L_0x7f7dc0e9e378 .functor BUFT 1, C4<00000000>, C4<0>, C4<0>, C4<0>;
v0x563eafc2e7e0_0 .net "int_axis_up_tid", 7 0, L_0x7f7dc0e9e378;  1 drivers
v0x563eafc2e8b0_0 .net "int_axis_up_tlast", 0 0, v0x563eafc24630_0;  1 drivers
v0x563eafc2e9a0_0 .net "int_axis_up_tready", 0 0, L_0x563eafc47a90;  1 drivers
v0x563eafc2ea90_0 .net "int_axis_up_tuser", 7 0, v0x563eafc246f0_0;  1 drivers
v0x563eafc2eb80_0 .net "int_axis_up_tvalid", 0 0, L_0x563eafc44200;  1 drivers
v0x563eafc2f080_0 .net "m_axis_down_tdata", 15 0, L_0x563eafc45980;  1 drivers
v0x563eafc2f120_0 .net "m_axis_down_tdest", 7 0, L_0x563eafc45ba0;  1 drivers
L_0x7f7dc0e9e528 .functor BUFT 1, C4<00000000>, C4<0>, C4<0>, C4<0>;
v0x563eafc2f1c0_0 .net "m_axis_down_tid", 7 0, L_0x7f7dc0e9e528;  1 drivers
v0x563eafc2f260_0 .net "m_axis_down_tlast", 0 0, L_0x563eafc45a60;  1 drivers
o0x7f7dc0ee7618 .functor BUFZ 1, C4<z>; HiZ drive
v0x563eafc2f300_0 .net "m_axis_down_tready", 0 0, o0x7f7dc0ee7618;  0 drivers
v0x563eafc2f3d0_0 .net "m_axis_down_tuser", 7 0, L_0x563eafc45c60;  1 drivers
v0x563eafc2f4a0_0 .net "m_axis_down_tvalid", 0 0, L_0x563eafc459f0;  1 drivers
v0x563eafc2f570_0 .net "m_axis_right_tdata", 15 0, L_0x563eafc463b0;  1 drivers
v0x563eafc2f640_0 .net "m_axis_right_tdest", 7 0, L_0x563eafc46720;  1 drivers
L_0x7f7dc0e9e600 .functor BUFT 1, C4<00000000>, C4<0>, C4<0>, C4<0>;
v0x563eafc2f710_0 .net "m_axis_right_tid", 7 0, L_0x7f7dc0e9e600;  1 drivers
v0x563eafc2f7e0_0 .net "m_axis_right_tlast", 0 0, L_0x563eafc46610;  1 drivers
o0x7f7dc0ee87e8 .functor BUFZ 1, C4<z>; HiZ drive
v0x563eafc2f8b0_0 .net "m_axis_right_tready", 0 0, o0x7f7dc0ee87e8;  0 drivers
v0x563eafc2f980_0 .net "m_axis_right_tuser", 7 0, L_0x563eafc46830;  1 drivers
v0x563eafc2fa50_0 .net "m_axis_right_tvalid", 0 0, L_0x563eafc464c0;  1 drivers
v0x563eafc2fb20_0 .net "mult_op0", 15 0, L_0x563eafc31330;  1 drivers
v0x563eafc2fbc0_0 .net "mult_op1", 15 0, L_0x563eafc31470;  1 drivers
v0x563eafc2fc60_0 .net "mult_res", 31 0, L_0x563eafc41860;  1 drivers
v0x563eafc2fd00_0 .net "op_start", 0 0, v0x563eafc2a730_0;  1 drivers
v0x563eafc2fdd0_0 .net "partial_sum_fb", 31 0, L_0x563eafc419d0;  1 drivers
v0x563eafc2fe70_0 .var "partial_sum_reg", 31 0;
v0x563eafc2ff10_0 .net "partial_sum_reg_next", 31 0, L_0x563eafc41c90;  1 drivers
v0x563eafc2ffb0_0 .net "partial_sum_rslt", 31 0, L_0x563eafc41b50;  1 drivers
v0x563eafc30050_0 .net "rslt", 15 0, L_0x563eafc41e20;  1 drivers
o0x7f7dc0ee76a8 .functor BUFZ 1, C4<z>; HiZ drive
v0x563eafc300f0_0 .net "rst", 0 0, o0x7f7dc0ee76a8;  0 drivers
o0x7f7dc0ee8218 .functor BUFZ 16, C4<zzzzzzzzzzzzzzzz>; HiZ drive
v0x563eafc30190_0 .net "s_axis_left_tdata", 15 0, o0x7f7dc0ee8218;  0 drivers
o0x7f7dc0ee8248 .functor BUFZ 8, C4<zzzzzzzz>; HiZ drive
v0x563eafc30280_0 .net "s_axis_left_tdest", 7 0, o0x7f7dc0ee8248;  0 drivers
o0x7f7dc0ee8278 .functor BUFZ 8, C4<zzzzzzzz>; HiZ drive
v0x563eafc30350_0 .net "s_axis_left_tid", 7 0, o0x7f7dc0ee8278;  0 drivers
o0x7f7dc0ee82d8 .functor BUFZ 1, C4<z>; HiZ drive
v0x563eafc30420_0 .net "s_axis_left_tlast", 0 0, o0x7f7dc0ee82d8;  0 drivers
v0x563eafc304f0_0 .net "s_axis_left_tready", 0 0, L_0x563eafc44c20;  1 drivers
v0x563eafc30590_0 .net "s_axis_left_tready_int", 0 0, v0x563eafc1f770_0;  1 drivers
o0x7f7dc0ee8338 .functor BUFZ 8, C4<zzzzzzzz>; HiZ drive
v0x563eafc30660_0 .net "s_axis_left_tuser", 7 0, o0x7f7dc0ee8338;  0 drivers
v0x563eafc30730_0 .net "s_axis_left_tvalid", 0 0, o0x7f7dc0eeaee8;  0 drivers
o0x7f7dc0ee93b8 .functor BUFZ 16, C4<zzzzzzzzzzzzzzzz>; HiZ drive
v0x563eafc307d0_0 .net "s_axis_up_tdata", 15 0, o0x7f7dc0ee93b8;  0 drivers
o0x7f7dc0ee93e8 .functor BUFZ 8, C4<zzzzzzzz>; HiZ drive
v0x563eafc308a0_0 .net "s_axis_up_tdest", 7 0, o0x7f7dc0ee93e8;  0 drivers
o0x7f7dc0ee9418 .functor BUFZ 8, C4<zzzzzzzz>; HiZ drive
v0x563eafc30970_0 .net "s_axis_up_tid", 7 0, o0x7f7dc0ee9418;  0 drivers
o0x7f7dc0ee9478 .functor BUFZ 1, C4<z>; HiZ drive
v0x563eafc30a40_0 .net "s_axis_up_tlast", 0 0, o0x7f7dc0ee9478;  0 drivers
v0x563eafc30b10_0 .net "s_axis_up_tready", 0 0, L_0x563eafc44060;  1 drivers
v0x563eafc30bb0_0 .net "s_axis_up_tready_int", 0 0, v0x563eafc24a10_0;  1 drivers
o0x7f7dc0ee94d8 .functor BUFZ 8, C4<zzzzzzzz>; HiZ drive
v0x563eafc30c80_0 .net "s_axis_up_tuser", 7 0, o0x7f7dc0ee94d8;  0 drivers
v0x563eafc30d50_0 .net "s_axis_up_tvalid", 0 0, o0x7f7dc0eeaf48;  0 drivers
v0x563eafc30df0_0 .net "store_l", 0 0, v0x563eafc2b080_0;  1 drivers
v0x563eafc30ec0_0 .net "store_u", 0 0, v0x563eafc2b200_0;  1 drivers
L_0x563eafc31330 .concat [ 16 0 0 0], v0x563eafc1f010_0;
L_0x563eafc31470 .concat [ 16 0 0 0], v0x563eafc242b0_0;
L_0x563eafc31580 .concat [ 16 16 0 0], L_0x563eafc31330, L_0x7f7dc0e9e018;
L_0x563eafc416d0 .concat [ 16 16 0 0], L_0x563eafc31470, L_0x7f7dc0e9e060;
L_0x563eafc41860 .arith/mult 32, L_0x563eafc31580, L_0x563eafc416d0;
L_0x563eafc419d0 .functor MUXZ 32, v0x563eafc2fe70_0, L_0x7f7dc0e9e0a8, v0x563eafc2a730_0, C4<>;
L_0x563eafc41b50 .arith/sum 32, L_0x563eafc419d0, L_0x563eafc41860;
L_0x563eafc41c90 .functor MUXZ 32, L_0x563eafc41b50, L_0x563eafc419d0, L_0x563eafc43c70, C4<>;
L_0x563eafc41e20 .part v0x563eafc2fe70_0, 12, 16;
L_0x563eafc46c30 .reduce/nor v0x563eafc28ac0_0;
L_0x563eafc47310 .concat [ 16 0 0 0], L_0x563eafc41e20;
L_0x563eafc473b0 .functor MUXZ 16, v0x563eafc242b0_0, L_0x563eafc47310, L_0x563eafc439e0, C4<>;
L_0x563eafc475c0 .reduce/nor v0x563eafc28ac0_0;
L_0x563eafc47700 .functor MUXZ 1, L_0x563eafc47230, L_0x7f7dc0e9e690, L_0x563eafc439e0, C4<>;
L_0x563eafc47a90 .functor MUXZ 1, L_0x563eafc47a20, L_0x7f7dc0e9e6d8, L_0x563eafc439e0, C4<>;
L_0x563eafc47c10 .functor MUXZ 1, v0x563eafc24630_0, L_0x7f7dc0e9e720, L_0x563eafc439e0, C4<>;
L_0x563eafc47de0 .functor MUXZ 32, L_0x7f7dc0e9e8d0, L_0x7f7dc0e9e768, L_0x563eafc439e0, C4<>;
L_0x563eafc47ed0 .part L_0x563eafc47de0, 0, 8;
L_0x563eafc480b0 .concat [ 8 24 0 0], v0x563eafc24390_0, L_0x7f7dc0e9e7f8;
L_0x563eafc481a0 .functor MUXZ 32, L_0x563eafc480b0, L_0x7f7dc0e9e7b0, L_0x563eafc439e0, C4<>;
L_0x563eafc48010 .part L_0x563eafc481a0, 0, 8;
L_0x563eafc48540 .concat [ 8 31 0 0], v0x563eafc246f0_0, L_0x7f7dc0e9e888;
L_0x563eafc486f0 .functor MUXZ 39, L_0x563eafc48540, L_0x7f7dc0e9e840, L_0x563eafc439e0, C4<>;
L_0x563eafc48830 .part L_0x563eafc486f0, 0, 8;
S_0x563eafbd5d30 .scope module, "axis_register_down_inst" "axis_register" 2 356, 3 34 0, S_0x563eafc01950;
 .timescale -9 -12;
    .port_info 0 /INPUT 1 "clk";
    .port_info 1 /INPUT 1 "rst";
    .port_info 2 /INPUT 16 "s_axis_tdata";
    .port_info 3 /INPUT 1 "s_axis_tkeep";
    .port_info 4 /INPUT 1 "s_axis_tvalid";
    .port_info 5 /OUTPUT 1 "s_axis_tready";
    .port_info 6 /INPUT 1 "s_axis_tlast";
    .port_info 7 /INPUT 8 "s_axis_tid";
    .port_info 8 /INPUT 8 "s_axis_tdest";
    .port_info 9 /INPUT 8 "s_axis_tuser";
    .port_info 10 /OUTPUT 16 "m_axis_tdata";
    .port_info 11 /OUTPUT 1 "m_axis_tkeep";
    .port_info 12 /OUTPUT 1 "m_axis_tvalid";
    .port_info 13 /INPUT 1 "m_axis_tready";
    .port_info 14 /OUTPUT 1 "m_axis_tlast";
    .port_info 15 /OUTPUT 8 "m_axis_tid";
    .port_info 16 /OUTPUT 8 "m_axis_tdest";
    .port_info 17 /OUTPUT 8 "m_axis_tuser";
P_0x563eafb37030 .param/l "DATA_WIDTH" 0 3 37, +C4<00000000000000000000000000010000>;
P_0x563eafb37070 .param/l "DEST_ENABLE" 0 3 49, +C4<00000000000000000000000000000001>;
P_0x563eafb370b0 .param/l "DEST_WIDTH" 0 3 51, +C4<00000000000000000000000000001000>;
P_0x563eafb370f0 .param/l "ID_ENABLE" 0 3 45, +C4<00000000000000000000000000000000>;
P_0x563eafb37130 .param/l "ID_WIDTH" 0 3 47, +C4<00000000000000000000000000001000>;
P_0x563eafb37170 .param/l "KEEP_ENABLE" 0 3 39, +C4<00000000000000000000000000000000>;
P_0x563eafb371b0 .param/l "KEEP_WIDTH" 0 3 41, +C4<00000000000000000000000000000001>;
P_0x563eafb371f0 .param/l "LAST_ENABLE" 0 3 43, +C4<00000000000000000000000000000001>;
P_0x563eafb37230 .param/l "REG_TYPE" 0 3 58, +C4<00000000000000000000000000000010>;
P_0x563eafb37270 .param/l "USER_ENABLE" 0 3 53, +C4<00000000000000000000000000000001>;
P_0x563eafb372b0 .param/l "USER_WIDTH" 0 3 55, +C4<00000000000000000000000000001000>;
v0x563eafc1cfa0_0 .net "clk", 0 0, o0x7f7dc0ee74f8;  alias, 0 drivers
v0x563eafc1d080_0 .net "m_axis_tdata", 15 0, L_0x563eafc45980;  alias, 1 drivers
v0x563eafc1d160_0 .net "m_axis_tdest", 7 0, L_0x563eafc45ba0;  alias, 1 drivers
v0x563eafc1d220_0 .net "m_axis_tid", 7 0, L_0x7f7dc0e9e528;  alias, 1 drivers
L_0x7f7dc0e9e4e0 .functor BUFT 1, C4<1>, C4<0>, C4<0>, C4<0>;
v0x563eafc1d300_0 .net "m_axis_tkeep", 0 0, L_0x7f7dc0e9e4e0;  1 drivers
v0x563eafc1d3e0_0 .net "m_axis_tlast", 0 0, L_0x563eafc45a60;  alias, 1 drivers
v0x563eafc1d4a0_0 .net "m_axis_tready", 0 0, o0x7f7dc0ee7618;  alias, 0 drivers
v0x563eafc1d560_0 .net "m_axis_tuser", 7 0, L_0x563eafc45c60;  alias, 1 drivers
v0x563eafc1d640_0 .net "m_axis_tvalid", 0 0, L_0x563eafc459f0;  alias, 1 drivers
v0x563eafc1d700_0 .net "rst", 0 0, o0x7f7dc0ee76a8;  alias, 0 drivers
v0x563eafc1d7c0_0 .net "s_axis_tdata", 15 0, L_0x563eafc473b0;  alias, 1 drivers
v0x563eafc1d8a0_0 .net "s_axis_tdest", 7 0, L_0x563eafc48010;  alias, 1 drivers
v0x563eafc1d980_0 .net "s_axis_tid", 7 0, L_0x563eafc47ed0;  alias, 1 drivers
L_0x7f7dc0e9e570 .functor BUFT 1, C4<1>, C4<0>, C4<0>, C4<0>;
v0x563eafc1da60_0 .net "s_axis_tkeep", 0 0, L_0x7f7dc0e9e570;  1 drivers
v0x563eafc1db40_0 .net "s_axis_tlast", 0 0, L_0x563eafc47c10;  alias, 1 drivers
v0x563eafc1dc00_0 .net "s_axis_tready", 0 0, v0x563eafc1c4f0_0;  alias, 1 drivers
v0x563eafc1dcc0_0 .net "s_axis_tuser", 7 0, L_0x563eafc48830;  alias, 1 drivers
v0x563eafc1deb0_0 .net "s_axis_tvalid", 0 0, L_0x563eafc47700;  alias, 1 drivers
S_0x563eafbd6110 .scope generate, "genblk1" "genblk1" 3 91, 3 91 0, S_0x563eafbd5d30;
 .timescale -9 -12;
L_0x563eafc45980 .functor BUFZ 16, v0x563eafc1bd90_0, C4<0000000000000000>, C4<0000000000000000>, C4<0000000000000000>;
L_0x563eafc459f0 .functor BUFZ 1, v0x563eafc1c370_0, C4<0>, C4<0>, C4<0>;
L_0x563eafc45a60 .functor BUFZ 1, v0x563eafc1c110_0, C4<0>, C4<0>, C4<0>;
L_0x563eafc45ba0 .functor BUFZ 8, v0x563eafc1be70_0, C4<00000000>, C4<00000000>, C4<00000000>;
L_0x563eafc45c60 .functor BUFZ 8, v0x563eafc1c1d0_0, C4<00000000>, C4<00000000>, C4<00000000>;
L_0x563eafc46050 .functor OR 1, L_0x563eafc45e00, L_0x563eafc45f20, C4<0>, C4<0>;
L_0x563eafc46140 .functor AND 1, L_0x563eafc45d60, L_0x563eafc46050, C4<1>, C4<1>;
L_0x563eafc462a0 .functor OR 1, o0x7f7dc0ee7618, L_0x563eafc46140, C4<0>, C4<0>;
v0x563eafbdecd0_0 .net *"_ivl_17", 0 0, L_0x563eafc45d60;  1 drivers
v0x563eafbeb290_0 .net *"_ivl_19", 0 0, L_0x563eafc45e00;  1 drivers
v0x563eafbf4100_0 .net *"_ivl_21", 0 0, L_0x563eafc45f20;  1 drivers
v0x563eafc05970_0 .net *"_ivl_23", 0 0, L_0x563eafc46050;  1 drivers
v0x563eafb49840_0 .net *"_ivl_25", 0 0, L_0x563eafc46140;  1 drivers
v0x563eafc1bd90_0 .var "m_axis_tdata_reg", 15 0;
v0x563eafc1be70_0 .var "m_axis_tdest_reg", 7 0;
v0x563eafc1bf50_0 .var "m_axis_tid_reg", 7 0;
v0x563eafc1c030_0 .var "m_axis_tkeep_reg", 0 0;
v0x563eafc1c110_0 .var "m_axis_tlast_reg", 0 0;
v0x563eafc1c1d0_0 .var "m_axis_tuser_reg", 7 0;
v0x563eafc1c2b0_0 .var "m_axis_tvalid_next", 0 0;
v0x563eafc1c370_0 .var "m_axis_tvalid_reg", 0 0;
v0x563eafc1c430_0 .net "s_axis_tready_early", 0 0, L_0x563eafc462a0;  1 drivers
v0x563eafc1c4f0_0 .var "s_axis_tready_reg", 0 0;
v0x563eafc1c5b0_0 .var "store_axis_input_to_output", 0 0;
v0x563eafc1c670_0 .var "store_axis_input_to_temp", 0 0;
v0x563eafc1c840_0 .var "store_axis_temp_to_output", 0 0;
v0x563eafc1c900_0 .var "temp_m_axis_tdata_reg", 15 0;
v0x563eafc1c9e0_0 .var "temp_m_axis_tdest_reg", 7 0;
v0x563eafc1cac0_0 .var "temp_m_axis_tid_reg", 7 0;
v0x563eafc1cba0_0 .var "temp_m_axis_tkeep_reg", 0 0;
v0x563eafc1cc80_0 .var "temp_m_axis_tlast_reg", 0 0;
v0x563eafc1cd40_0 .var "temp_m_axis_tuser_reg", 7 0;
v0x563eafc1ce20_0 .var "temp_m_axis_tvalid_next", 0 0;
v0x563eafc1cee0_0 .var "temp_m_axis_tvalid_reg", 0 0;
E_0x563eafb3e750 .event posedge, v0x563eafc1cfa0_0;
E_0x563eafb44570/0 .event anyedge, v0x563eafc1c370_0, v0x563eafc1cee0_0, v0x563eafc1c4f0_0, v0x563eafc1d4a0_0;
E_0x563eafb44570/1 .event anyedge, v0x563eafc1deb0_0;
E_0x563eafb44570 .event/or E_0x563eafb44570/0, E_0x563eafb44570/1;
L_0x563eafc45d60 .reduce/nor v0x563eafc1cee0_0;
L_0x563eafc45e00 .reduce/nor v0x563eafc1c370_0;
L_0x563eafc45f20 .reduce/nor L_0x563eafc47700;
S_0x563eafbd6cc0 .scope module, "axis_register_left_inst" "axis_register" 2 309, 3 34 0, S_0x563eafc01950;
 .timescale -9 -12;
    .port_info 0 /INPUT 1 "clk";
    .port_info 1 /INPUT 1 "rst";
    .port_info 2 /INPUT 16 "s_axis_tdata";
    .port_info 3 /INPUT 1 "s_axis_tkeep";
    .port_info 4 /INPUT 1 "s_axis_tvalid";
    .port_info 5 /OUTPUT 1 "s_axis_tready";
    .port_info 6 /INPUT 1 "s_axis_tlast";
    .port_info 7 /INPUT 8 "s_axis_tid";
    .port_info 8 /INPUT 8 "s_axis_tdest";
    .port_info 9 /INPUT 8 "s_axis_tuser";
    .port_info 10 /OUTPUT 16 "m_axis_tdata";
    .port_info 11 /OUTPUT 1 "m_axis_tkeep";
    .port_info 12 /OUTPUT 1 "m_axis_tvalid";
    .port_info 13 /INPUT 1 "m_axis_tready";
    .port_info 14 /OUTPUT 1 "m_axis_tlast";
    .port_info 15 /OUTPUT 8 "m_axis_tid";
    .port_info 16 /OUTPUT 8 "m_axis_tdest";
    .port_info 17 /OUTPUT 8 "m_axis_tuser";
P_0x563eafc1e270 .param/l "DATA_WIDTH" 0 3 37, +C4<00000000000000000000000000010000>;
P_0x563eafc1e2b0 .param/l "DEST_ENABLE" 0 3 49, +C4<00000000000000000000000000000001>;
P_0x563eafc1e2f0 .param/l "DEST_WIDTH" 0 3 51, +C4<00000000000000000000000000001000>;
P_0x563eafc1e330 .param/l "ID_ENABLE" 0 3 45, +C4<00000000000000000000000000000000>;
P_0x563eafc1e370 .param/l "ID_WIDTH" 0 3 47, +C4<00000000000000000000000000001000>;
P_0x563eafc1e3b0 .param/l "KEEP_ENABLE" 0 3 39, +C4<00000000000000000000000000000000>;
P_0x563eafc1e3f0 .param/l "KEEP_WIDTH" 0 3 41, +C4<00000000000000000000000000000001>;
P_0x563eafc1e430 .param/l "LAST_ENABLE" 0 3 43, +C4<00000000000000000000000000000001>;
P_0x563eafc1e470 .param/l "REG_TYPE" 0 3 58, +C4<00000000000000000000000000000010>;
P_0x563eafc1e4b0 .param/l "USER_ENABLE" 0 3 53, +C4<00000000000000000000000000000001>;
P_0x563eafc1e4f0 .param/l "USER_WIDTH" 0 3 55, +C4<00000000000000000000000000001000>;
v0x563eafc20220_0 .net "clk", 0 0, o0x7f7dc0ee74f8;  alias, 0 drivers
v0x563eafc202e0_0 .net "m_axis_tdata", 15 0, v0x563eafc1f010_0;  alias, 1 drivers
v0x563eafc203a0_0 .net "m_axis_tdest", 7 0, v0x563eafc1f0f0_0;  alias, 1 drivers
v0x563eafc20490_0 .net "m_axis_tid", 7 0, L_0x7f7dc0e9e450;  alias, 1 drivers
L_0x7f7dc0e9e408 .functor BUFT 1, C4<1>, C4<0>, C4<0>, C4<0>;
v0x563eafc20570_0 .net "m_axis_tkeep", 0 0, L_0x7f7dc0e9e408;  1 drivers
v0x563eafc20650_0 .net "m_axis_tlast", 0 0, v0x563eafc1f390_0;  alias, 1 drivers
v0x563eafc20710_0 .net "m_axis_tready", 0 0, L_0x563eafc46ef0;  alias, 1 drivers
v0x563eafc207d0_0 .net "m_axis_tuser", 7 0, v0x563eafc1f450_0;  alias, 1 drivers
v0x563eafc208b0_0 .net "m_axis_tvalid", 0 0, L_0x563eafc44da0;  alias, 1 drivers
v0x563eafc20970_0 .net "rst", 0 0, o0x7f7dc0ee76a8;  alias, 0 drivers
v0x563eafc20a10_0 .net "s_axis_tdata", 15 0, o0x7f7dc0ee8218;  alias, 0 drivers
v0x563eafc20ad0_0 .net "s_axis_tdest", 7 0, o0x7f7dc0ee8248;  alias, 0 drivers
v0x563eafc20bb0_0 .net "s_axis_tid", 7 0, o0x7f7dc0ee8278;  alias, 0 drivers
L_0x7f7dc0e9e498 .functor BUFT 1, C4<1>, C4<0>, C4<0>, C4<0>;
v0x563eafc20c90_0 .net "s_axis_tkeep", 0 0, L_0x7f7dc0e9e498;  1 drivers
v0x563eafc20d70_0 .net "s_axis_tlast", 0 0, o0x7f7dc0ee82d8;  alias, 0 drivers
v0x563eafc20e30_0 .net "s_axis_tready", 0 0, v0x563eafc1f770_0;  alias, 1 drivers
v0x563eafc20ef0_0 .net "s_axis_tuser", 7 0, o0x7f7dc0ee8338;  alias, 0 drivers
v0x563eafc210e0_0 .net "s_axis_tvalid", 0 0, L_0x563eafc45790;  1 drivers
S_0x563eafbd70a0 .scope generate, "genblk1" "genblk1" 3 91, 3 91 0, S_0x563eafbd6cc0;
 .timescale -9 -12;
L_0x563eafc44da0 .functor BUFZ 1, v0x563eafc1f5f0_0, C4<0>, C4<0>, C4<0>;
L_0x563eafc45430 .functor OR 1, L_0x563eafc45240, L_0x563eafc45360, C4<0>, C4<0>;
L_0x563eafc45570 .functor AND 1, L_0x563eafc451a0, L_0x563eafc45430, C4<1>, C4<1>;
L_0x563eafc456d0 .functor OR 1, L_0x563eafc46ef0, L_0x563eafc45570, C4<0>, C4<0>;
v0x563eafc1ebd0_0 .net *"_ivl_17", 0 0, L_0x563eafc451a0;  1 drivers
v0x563eafc1ecb0_0 .net *"_ivl_19", 0 0, L_0x563eafc45240;  1 drivers
v0x563eafc1ed70_0 .net *"_ivl_21", 0 0, L_0x563eafc45360;  1 drivers
v0x563eafc1ee40_0 .net *"_ivl_23", 0 0, L_0x563eafc45430;  1 drivers
v0x563eafc1ef00_0 .net *"_ivl_25", 0 0, L_0x563eafc45570;  1 drivers
v0x563eafc1f010_0 .var "m_axis_tdata_reg", 15 0;
v0x563eafc1f0f0_0 .var "m_axis_tdest_reg", 7 0;
v0x563eafc1f1d0_0 .var "m_axis_tid_reg", 7 0;
v0x563eafc1f2b0_0 .var "m_axis_tkeep_reg", 0 0;
v0x563eafc1f390_0 .var "m_axis_tlast_reg", 0 0;
v0x563eafc1f450_0 .var "m_axis_tuser_reg", 7 0;
v0x563eafc1f530_0 .var "m_axis_tvalid_next", 0 0;
v0x563eafc1f5f0_0 .var "m_axis_tvalid_reg", 0 0;
v0x563eafc1f6b0_0 .net "s_axis_tready_early", 0 0, L_0x563eafc456d0;  1 drivers
v0x563eafc1f770_0 .var "s_axis_tready_reg", 0 0;
v0x563eafc1f830_0 .var "store_axis_input_to_output", 0 0;
v0x563eafc1f8f0_0 .var "store_axis_input_to_temp", 0 0;
v0x563eafc1fac0_0 .var "store_axis_temp_to_output", 0 0;
v0x563eafc1fb80_0 .var "temp_m_axis_tdata_reg", 15 0;
v0x563eafc1fc60_0 .var "temp_m_axis_tdest_reg", 7 0;
v0x563eafc1fd40_0 .var "temp_m_axis_tid_reg", 7 0;
v0x563eafc1fe20_0 .var "temp_m_axis_tkeep_reg", 0 0;
v0x563eafc1ff00_0 .var "temp_m_axis_tlast_reg", 0 0;
v0x563eafc1ffc0_0 .var "temp_m_axis_tuser_reg", 7 0;
v0x563eafc200a0_0 .var "temp_m_axis_tvalid_next", 0 0;
v0x563eafc20160_0 .var "temp_m_axis_tvalid_reg", 0 0;
E_0x563eafb451b0/0 .event anyedge, v0x563eafc1f5f0_0, v0x563eafc20160_0, v0x563eafc1f770_0, v0x563eafc20710_0;
E_0x563eafb451b0/1 .event anyedge, v0x563eafc210e0_0;
E_0x563eafb451b0 .event/or E_0x563eafb451b0/0, E_0x563eafb451b0/1;
L_0x563eafc451a0 .reduce/nor v0x563eafc20160_0;
L_0x563eafc45240 .reduce/nor v0x563eafc1f5f0_0;
L_0x563eafc45360 .reduce/nor L_0x563eafc45790;
S_0x563eafc00f60 .scope module, "axis_register_right_inst" "axis_register" 2 403, 3 34 0, S_0x563eafc01950;
 .timescale -9 -12;
    .port_info 0 /INPUT 1 "clk";
    .port_info 1 /INPUT 1 "rst";
    .port_info 2 /INPUT 16 "s_axis_tdata";
    .port_info 3 /INPUT 1 "s_axis_tkeep";
    .port_info 4 /INPUT 1 "s_axis_tvalid";
    .port_info 5 /OUTPUT 1 "s_axis_tready";
    .port_info 6 /INPUT 1 "s_axis_tlast";
    .port_info 7 /INPUT 8 "s_axis_tid";
    .port_info 8 /INPUT 8 "s_axis_tdest";
    .port_info 9 /INPUT 8 "s_axis_tuser";
    .port_info 10 /OUTPUT 16 "m_axis_tdata";
    .port_info 11 /OUTPUT 1 "m_axis_tkeep";
    .port_info 12 /OUTPUT 1 "m_axis_tvalid";
    .port_info 13 /INPUT 1 "m_axis_tready";
    .port_info 14 /OUTPUT 1 "m_axis_tlast";
    .port_info 15 /OUTPUT 8 "m_axis_tid";
    .port_info 16 /OUTPUT 8 "m_axis_tdest";
    .port_info 17 /OUTPUT 8 "m_axis_tuser";
P_0x563eafc214b0 .param/l "DATA_WIDTH" 0 3 37, +C4<00000000000000000000000000010000>;
P_0x563eafc214f0 .param/l "DEST_ENABLE" 0 3 49, +C4<00000000000000000000000000000001>;
P_0x563eafc21530 .param/l "DEST_WIDTH" 0 3 51, +C4<00000000000000000000000000001000>;
P_0x563eafc21570 .param/l "ID_ENABLE" 0 3 45, +C4<00000000000000000000000000000000>;
P_0x563eafc215b0 .param/l "ID_WIDTH" 0 3 47, +C4<00000000000000000000000000001000>;
P_0x563eafc215f0 .param/l "KEEP_ENABLE" 0 3 39, +C4<00000000000000000000000000000000>;
P_0x563eafc21630 .param/l "KEEP_WIDTH" 0 3 41, +C4<00000000000000000000000000000001>;
P_0x563eafc21670 .param/l "LAST_ENABLE" 0 3 43, +C4<00000000000000000000000000000001>;
P_0x563eafc216b0 .param/l "REG_TYPE" 0 3 58, +C4<00000000000000000000000000000000>;
P_0x563eafc216f0 .param/l "USER_ENABLE" 0 3 53, +C4<00000000000000000000000000000001>;
P_0x563eafc21730 .param/l "USER_WIDTH" 0 3 55, +C4<00000000000000000000000000001000>;
v0x563eafc21f10_0 .net "clk", 0 0, o0x7f7dc0ee74f8;  alias, 0 drivers
v0x563eafc22020_0 .net "m_axis_tdata", 15 0, L_0x563eafc463b0;  alias, 1 drivers
v0x563eafc22100_0 .net "m_axis_tdest", 7 0, L_0x563eafc46720;  alias, 1 drivers
v0x563eafc221c0_0 .net "m_axis_tid", 7 0, L_0x7f7dc0e9e600;  alias, 1 drivers
L_0x7f7dc0e9e5b8 .functor BUFT 1, C4<1>, C4<0>, C4<0>, C4<0>;
v0x563eafc222a0_0 .net "m_axis_tkeep", 0 0, L_0x7f7dc0e9e5b8;  1 drivers
v0x563eafc223d0_0 .net "m_axis_tlast", 0 0, L_0x563eafc46610;  alias, 1 drivers
v0x563eafc22490_0 .net "m_axis_tready", 0 0, o0x7f7dc0ee87e8;  alias, 0 drivers
v0x563eafc22550_0 .net "m_axis_tuser", 7 0, L_0x563eafc46830;  alias, 1 drivers
v0x563eafc22630_0 .net "m_axis_tvalid", 0 0, L_0x563eafc464c0;  alias, 1 drivers
v0x563eafc226f0_0 .net "rst", 0 0, o0x7f7dc0ee76a8;  alias, 0 drivers
v0x563eafc22790_0 .net "s_axis_tdata", 15 0, L_0x563eafc46a80;  alias, 1 drivers
v0x563eafc22870_0 .net "s_axis_tdest", 7 0, L_0x563eafc471c0;  alias, 1 drivers
v0x563eafc22950_0 .net "s_axis_tid", 7 0, L_0x563eafc47150;  alias, 1 drivers
L_0x7f7dc0e9e648 .functor BUFT 1, C4<1>, C4<0>, C4<0>, C4<0>;
v0x563eafc22a30_0 .net "s_axis_tkeep", 0 0, L_0x7f7dc0e9e648;  1 drivers
v0x563eafc22b10_0 .net "s_axis_tlast", 0 0, L_0x563eafc47080;  alias, 1 drivers
v0x563eafc22bd0_0 .net "s_axis_tready", 0 0, L_0x563eafc46940;  alias, 1 drivers
v0x563eafc22c90_0 .net "s_axis_tuser", 7 0, L_0x563eafc472a0;  alias, 1 drivers
v0x563eafc22e80_0 .net "s_axis_tvalid", 0 0, L_0x563eafc46d30;  alias, 1 drivers
S_0x563eafc012b0 .scope generate, "genblk1" "genblk1" 3 197, 3 197 0, S_0x563eafc00f60;
 .timescale -9 -12;
L_0x563eafc463b0 .functor BUFZ 16, L_0x563eafc46a80, C4<0000000000000000>, C4<0000000000000000>, C4<0000000000000000>;
L_0x563eafc464c0 .functor BUFZ 1, L_0x563eafc46d30, C4<0>, C4<0>, C4<0>;
L_0x563eafc46610 .functor BUFZ 1, L_0x563eafc47080, C4<0>, C4<0>, C4<0>;
L_0x563eafc46720 .functor BUFZ 8, L_0x563eafc471c0, C4<00000000>, C4<00000000>, C4<00000000>;
L_0x563eafc46830 .functor BUFZ 8, L_0x563eafc472a0, C4<00000000>, C4<00000000>, C4<00000000>;
L_0x563eafc46940 .functor BUFZ 1, o0x7f7dc0ee87e8, C4<0>, C4<0>, C4<0>;
S_0x563eafc01600 .scope module, "axis_register_up_inst" "axis_register" 2 262, 3 34 0, S_0x563eafc01950;
 .timescale -9 -12;
    .port_info 0 /INPUT 1 "clk";
    .port_info 1 /INPUT 1 "rst";
    .port_info 2 /INPUT 16 "s_axis_tdata";
    .port_info 3 /INPUT 1 "s_axis_tkeep";
    .port_info 4 /INPUT 1 "s_axis_tvalid";
    .port_info 5 /OUTPUT 1 "s_axis_tready";
    .port_info 6 /INPUT 1 "s_axis_tlast";
    .port_info 7 /INPUT 8 "s_axis_tid";
    .port_info 8 /INPUT 8 "s_axis_tdest";
    .port_info 9 /INPUT 8 "s_axis_tuser";
    .port_info 10 /OUTPUT 16 "m_axis_tdata";
    .port_info 11 /OUTPUT 1 "m_axis_tkeep";
    .port_info 12 /OUTPUT 1 "m_axis_tvalid";
    .port_info 13 /INPUT 1 "m_axis_tready";
    .port_info 14 /OUTPUT 1 "m_axis_tlast";
    .port_info 15 /OUTPUT 8 "m_axis_tid";
    .port_info 16 /OUTPUT 8 "m_axis_tdest";
    .port_info 17 /OUTPUT 8 "m_axis_tuser";
P_0x563eafc23270 .param/l "DATA_WIDTH" 0 3 37, +C4<00000000000000000000000000010000>;
P_0x563eafc232b0 .param/l "DEST_ENABLE" 0 3 49, +C4<00000000000000000000000000000001>;
P_0x563eafc232f0 .param/l "DEST_WIDTH" 0 3 51, +C4<00000000000000000000000000001000>;
P_0x563eafc23330 .param/l "ID_ENABLE" 0 3 45, +C4<00000000000000000000000000000000>;
P_0x563eafc23370 .param/l "ID_WIDTH" 0 3 47, +C4<00000000000000000000000000001000>;
P_0x563eafc233b0 .param/l "KEEP_ENABLE" 0 3 39, +C4<00000000000000000000000000000000>;
P_0x563eafc233f0 .param/l "KEEP_WIDTH" 0 3 41, +C4<00000000000000000000000000000001>;
P_0x563eafc23430 .param/l "LAST_ENABLE" 0 3 43, +C4<00000000000000000000000000000001>;
P_0x563eafc23470 .param/l "REG_TYPE" 0 3 58, +C4<00000000000000000000000000000010>;
P_0x563eafc234b0 .param/l "USER_ENABLE" 0 3 53, +C4<00000000000000000000000000000001>;
P_0x563eafc234f0 .param/l "USER_WIDTH" 0 3 55, +C4<00000000000000000000000000001000>;
v0x563eafc254c0_0 .net "clk", 0 0, o0x7f7dc0ee74f8;  alias, 0 drivers
v0x563eafc25580_0 .net "m_axis_tdata", 15 0, v0x563eafc242b0_0;  alias, 1 drivers
v0x563eafc25660_0 .net "m_axis_tdest", 7 0, v0x563eafc24390_0;  alias, 1 drivers
v0x563eafc25720_0 .net "m_axis_tid", 7 0, L_0x7f7dc0e9e378;  alias, 1 drivers
L_0x7f7dc0e9e330 .functor BUFT 1, C4<1>, C4<0>, C4<0>, C4<0>;
v0x563eafc25800_0 .net "m_axis_tkeep", 0 0, L_0x7f7dc0e9e330;  1 drivers
v0x563eafc258e0_0 .net "m_axis_tlast", 0 0, v0x563eafc24630_0;  alias, 1 drivers
v0x563eafc259a0_0 .net "m_axis_tready", 0 0, L_0x563eafc47a90;  alias, 1 drivers
v0x563eafc25a60_0 .net "m_axis_tuser", 7 0, v0x563eafc246f0_0;  alias, 1 drivers
v0x563eafc25b40_0 .net "m_axis_tvalid", 0 0, L_0x563eafc44200;  alias, 1 drivers
v0x563eafc25c00_0 .net "rst", 0 0, o0x7f7dc0ee76a8;  alias, 0 drivers
v0x563eafc25ca0_0 .net "s_axis_tdata", 15 0, o0x7f7dc0ee93b8;  alias, 0 drivers
v0x563eafc25d80_0 .net "s_axis_tdest", 7 0, o0x7f7dc0ee93e8;  alias, 0 drivers
v0x563eafc25e60_0 .net "s_axis_tid", 7 0, o0x7f7dc0ee9418;  alias, 0 drivers
L_0x7f7dc0e9e3c0 .functor BUFT 1, C4<1>, C4<0>, C4<0>, C4<0>;
v0x563eafc25f40_0 .net "s_axis_tkeep", 0 0, L_0x7f7dc0e9e3c0;  1 drivers
v0x563eafc26020_0 .net "s_axis_tlast", 0 0, o0x7f7dc0ee9478;  alias, 0 drivers
v0x563eafc260e0_0 .net "s_axis_tready", 0 0, v0x563eafc24a10_0;  alias, 1 drivers
v0x563eafc261a0_0 .net "s_axis_tuser", 7 0, o0x7f7dc0ee94d8;  alias, 0 drivers
v0x563eafc26390_0 .net "s_axis_tvalid", 0 0, L_0x563eafc44ad0;  1 drivers
S_0x563eafc23c20 .scope generate, "genblk1" "genblk1" 3 91, 3 91 0, S_0x563eafc01600;
 .timescale -9 -12;
L_0x563eafc44200 .functor BUFZ 1, v0x563eafc24890_0, C4<0>, C4<0>, C4<0>;
L_0x563eafc44770 .functor OR 1, L_0x563eafc44580, L_0x563eafc446a0, C4<0>, C4<0>;
L_0x563eafc448b0 .functor AND 1, L_0x563eafc444b0, L_0x563eafc44770, C4<1>, C4<1>;
L_0x563eafc44a10 .functor OR 1, L_0x563eafc47a90, L_0x563eafc448b0, C4<0>, C4<0>;
v0x563eafc23e70_0 .net *"_ivl_17", 0 0, L_0x563eafc444b0;  1 drivers
v0x563eafc23f50_0 .net *"_ivl_19", 0 0, L_0x563eafc44580;  1 drivers
v0x563eafc24010_0 .net *"_ivl_21", 0 0, L_0x563eafc446a0;  1 drivers
v0x563eafc240e0_0 .net *"_ivl_23", 0 0, L_0x563eafc44770;  1 drivers
v0x563eafc241a0_0 .net *"_ivl_25", 0 0, L_0x563eafc448b0;  1 drivers
v0x563eafc242b0_0 .var "m_axis_tdata_reg", 15 0;
v0x563eafc24390_0 .var "m_axis_tdest_reg", 7 0;
v0x563eafc24470_0 .var "m_axis_tid_reg", 7 0;
v0x563eafc24550_0 .var "m_axis_tkeep_reg", 0 0;
v0x563eafc24630_0 .var "m_axis_tlast_reg", 0 0;
v0x563eafc246f0_0 .var "m_axis_tuser_reg", 7 0;
v0x563eafc247d0_0 .var "m_axis_tvalid_next", 0 0;
v0x563eafc24890_0 .var "m_axis_tvalid_reg", 0 0;
v0x563eafc24950_0 .net "s_axis_tready_early", 0 0, L_0x563eafc44a10;  1 drivers
v0x563eafc24a10_0 .var "s_axis_tready_reg", 0 0;
v0x563eafc24ad0_0 .var "store_axis_input_to_output", 0 0;
v0x563eafc24b90_0 .var "store_axis_input_to_temp", 0 0;
v0x563eafc24d60_0 .var "store_axis_temp_to_output", 0 0;
v0x563eafc24e20_0 .var "temp_m_axis_tdata_reg", 15 0;
v0x563eafc24f00_0 .var "temp_m_axis_tdest_reg", 7 0;
v0x563eafc24fe0_0 .var "temp_m_axis_tid_reg", 7 0;
v0x563eafc250c0_0 .var "temp_m_axis_tkeep_reg", 0 0;
v0x563eafc251a0_0 .var "temp_m_axis_tlast_reg", 0 0;
v0x563eafc25260_0 .var "temp_m_axis_tuser_reg", 7 0;
v0x563eafc25340_0 .var "temp_m_axis_tvalid_next", 0 0;
v0x563eafc25400_0 .var "temp_m_axis_tvalid_reg", 0 0;
E_0x563eafb34950/0 .event anyedge, v0x563eafc24890_0, v0x563eafc25400_0, v0x563eafc24a10_0, v0x563eafc259a0_0;
E_0x563eafb34950/1 .event anyedge, v0x563eafc26390_0;
E_0x563eafb34950 .event/or E_0x563eafb34950/0, E_0x563eafb34950/1;
L_0x563eafc444b0 .reduce/nor v0x563eafc25400_0;
L_0x563eafc44580 .reduce/nor v0x563eafc24890_0;
L_0x563eafc446a0 .reduce/nor L_0x563eafc44ad0;
S_0x563eafc26730 .scope module, "control_unit" "LPEControlUnit" 2 208, 4 10 0, S_0x563eafc01950;
 .timescale -9 -12;
    .port_info 0 /INPUT 1 "clk";
    .port_info 1 /INPUT 1 "rst";
    .port_info 2 /INPUT 1 "int_axis_up_tvalid";
    .port_info 3 /INPUT 1 "int_axis_up_tready";
    .port_info 4 /INPUT 1 "int_axis_up_tlast";
    .port_info 5 /INPUT 8 "int_axis_up_tuser";
    .port_info 6 /INPUT 1 "int_axis_left_tvalid";
    .port_info 7 /INPUT 1 "int_axis_left_tready";
    .port_info 8 /INPUT 1 "int_axis_left_tlast";
    .port_info 9 /INPUT 1 "int_axis_down_tvalid";
    .port_info 10 /INPUT 1 "int_axis_down_tready";
    .port_info 11 /INPUT 1 "int_axis_right_tvalid";
    .port_info 12 /INPUT 1 "int_axis_right_tready";
    .port_info 13 /OUTPUT 1 "store_l";
    .port_info 14 /OUTPUT 1 "store_u";
    .port_info 15 /OUTPUT 1 "forward_l";
    .port_info 16 /OUTPUT 1 "forward_u";
    .port_info 17 /OUTPUT 1 "drop_l";
    .port_info 18 /OUTPUT 1 "drop_u";
    .port_info 19 /OUTPUT 1 "export_rslt";
    .port_info 20 /OUTPUT 1 "op_start";
    .port_info 21 /OUTPUT 1 "bypass_adder";
    .port_info 22 /OUTPUT 1 "err_unalligned_data";
    .port_info 23 /OUTPUT 1 "err_user_flag";
P_0x563eafc26910 .param/l "FSM_END" 1 4 84, C4<101>;
P_0x563eafc26950 .param/l "FSM_ERR" 1 4 83, C4<100>;
P_0x563eafc26990 .param/l "FSM_MAC" 1 4 82, C4<011>;
P_0x563eafc269d0 .param/l "FSM_STATE_WIDTH" 1 4 78, +C4<00000000000000000000000000000011>;
P_0x563eafc26a10 .param/l "FSM_STRL" 1 4 80, C4<001>;
P_0x563eafc26a50 .param/l "FSM_STRT" 1 4 79, C4<000>;
P_0x563eafc26a90 .param/l "FSM_STRU" 1 4 81, C4<010>;
P_0x563eafc26ad0 .param/l "OP1_USER_MASK" 0 4 22, +C4<00000000000000000000000000000001000000>;
P_0x563eafc26b10 .param/l "OUTPUT_DEST" 0 4 18, +C4<00000000000000000000000000000001>;
P_0x563eafc26b50 .param/l "OUTPUT_ID" 0 4 20, +C4<00000000000000000000000000000001>;
P_0x563eafc26b90 .param/l "PE_J_WIDTH" 1 4 75, +C4<00000000000000000000000000000010>;
P_0x563eafc26bd0 .param/l "PE_NUMBER_J" 0 4 12, +C4<00000000000000000000000000000100>;
P_0x563eafc26c10 .param/l "PE_POSITION_J" 0 4 14, +C4<00000000000000000000000000000000>;
P_0x563eafc26c50 .param/l "RSLT_USER_MASK" 0 4 24, +C4<000000000000000000000000000000010000000>;
P_0x563eafc26c90 .param/l "USER_WIDTH" 0 4 16, +C4<00000000000000000000000000001000>;
L_0x563eafc08fe0 .functor BUFZ 1, L_0x563eafc44da0, C4<0>, C4<0>, C4<0>;
L_0x7f7dc0e9e138 .functor BUFT 1, C4<00000000000000000000000000000001000000>, C4<0>, C4<0>, C4<0>;
L_0x563eafbdeb70 .functor AND 38, L_0x563eafc41f10, L_0x7f7dc0e9e138, C4<11111111111111111111111111111111111111>, C4<11111111111111111111111111111111111111>;
L_0x563eafbeb130 .functor AND 1, L_0x563eafc44200, L_0x563eafc420f0, C4<1>, C4<1>;
L_0x7f7dc0e9e210 .functor BUFT 1, C4<000000000000000000000000000000010000000>, C4<0>, C4<0>, C4<0>;
L_0x563eafbf3fa0 .functor AND 39, L_0x563eafc42280, L_0x7f7dc0e9e210, C4<111111111111111111111111111111111111111>, C4<111111111111111111111111111111111111111>;
L_0x563eafc05a10 .functor AND 1, L_0x563eafc44200, L_0x563eafc424b0, C4<1>, C4<1>;
L_0x563eafc05890 .functor AND 1, L_0x563eafc08fe0, v0x563eafc1f390_0, C4<1>, C4<1>;
L_0x563eafb49740 .functor AND 1, L_0x563eafbeb130, v0x563eafc24630_0, C4<1>, C4<1>;
L_0x563eafc42740 .functor AND 1, L_0x563eafc08fe0, L_0x563eafbeb130, C4<1>, C4<1>;
L_0x563eafc42920 .functor AND 1, L_0x563eafc05890, L_0x563eafb49740, C4<1>, C4<1>;
L_0x563eafc42bb0 .functor XOR 1, L_0x563eafc05890, L_0x563eafb49740, C4<0>, C4<0>;
L_0x563eafc42c80 .functor AND 1, L_0x563eafbeb130, L_0x563eafc05a10, C4<1>, C4<1>;
L_0x563eafc42e20 .functor AND 1, v0x563eafc2a9b0_0, L_0x563eafc42d80, C4<1>, C4<1>;
L_0x563eafc42f60 .functor AND 1, L_0x563eafc47700, v0x563eafc1c4f0_0, C4<1>, C4<1>;
L_0x563eafc42fd0 .functor AND 1, L_0x563eafc46d30, L_0x563eafc46940, C4<1>, C4<1>;
L_0x563eafc43760 .functor AND 1, L_0x563eafc435a0, L_0x563eafbeb130, C4<1>, C4<1>;
L_0x563eafc438d0 .functor OR 1, v0x563eafc28c40_0, L_0x563eafc43760, C4<0>, C4<0>;
L_0x563eafc439e0 .functor BUFZ 1, L_0x563eafc42e20, C4<0>, C4<0>, C4<0>;
L_0x563eafc43c70 .functor OR 1, v0x563eafc288a0_0, L_0x563eafc43410, C4<0>, C4<0>;
L_0x563eafc43e00 .functor BUFZ 1, v0x563eafc28e80_0, C4<0>, C4<0>, C4<0>;
L_0x563eafc43ec0 .functor BUFZ 1, v0x563eafc290c0_0, C4<0>, C4<0>, C4<0>;
L_0x7f7dc0e9e180 .functor BUFT 1, C4<00000000000000000000000000000000000000>, C4<0>, C4<0>, C4<0>;
v0x563eafc09100_0 .net/2u *"_ivl_10", 37 0, L_0x7f7dc0e9e180;  1 drivers
v0x563eafc276d0_0 .net *"_ivl_12", 0 0, L_0x563eafc420f0;  1 drivers
v0x563eafc27790_0 .net *"_ivl_16", 38 0, L_0x563eafc42280;  1 drivers
L_0x7f7dc0e9e1c8 .functor BUFT 1, C4<0000000000000000000000000000000>, C4<0>, C4<0>, C4<0>;
v0x563eafc27880_0 .net *"_ivl_19", 30 0, L_0x7f7dc0e9e1c8;  1 drivers
v0x563eafc27960_0 .net *"_ivl_2", 37 0, L_0x563eafc41f10;  1 drivers
v0x563eafc27a90_0 .net/2u *"_ivl_20", 38 0, L_0x7f7dc0e9e210;  1 drivers
v0x563eafc27b70_0 .net *"_ivl_22", 38 0, L_0x563eafbf3fa0;  1 drivers
L_0x7f7dc0e9e258 .functor BUFT 1, C4<000000000000000000000000000000000000000>, C4<0>, C4<0>, C4<0>;
v0x563eafc27c50_0 .net/2u *"_ivl_24", 38 0, L_0x7f7dc0e9e258;  1 drivers
v0x563eafc27d30_0 .net *"_ivl_26", 0 0, L_0x563eafc424b0;  1 drivers
L_0x7f7dc0e9e2a0 .functor BUFT 1, C4<101>, C4<0>, C4<0>, C4<0>;
v0x563eafc27df0_0 .net/2u *"_ivl_36", 2 0, L_0x7f7dc0e9e2a0;  1 drivers
v0x563eafc27ed0_0 .net *"_ivl_38", 0 0, L_0x563eafc42800;  1 drivers
v0x563eafc27f90_0 .net *"_ivl_41", 0 0, L_0x563eafc42920;  1 drivers
v0x563eafc28050_0 .net *"_ivl_49", 0 0, L_0x563eafc42d80;  1 drivers
L_0x7f7dc0e9e0f0 .functor BUFT 1, C4<000000000000000000000000000000>, C4<0>, C4<0>, C4<0>;
v0x563eafc28110_0 .net *"_ivl_5", 29 0, L_0x7f7dc0e9e0f0;  1 drivers
v0x563eafc281f0_0 .net/2u *"_ivl_6", 37 0, L_0x7f7dc0e9e138;  1 drivers
L_0x7f7dc0e9e2e8 .functor BUFT 1, C4<101>, C4<0>, C4<0>, C4<0>;
v0x563eafc282d0_0 .net/2u *"_ivl_66", 2 0, L_0x7f7dc0e9e2e8;  1 drivers
v0x563eafc283b0_0 .net *"_ivl_68", 0 0, L_0x563eafc435a0;  1 drivers
v0x563eafc28580_0 .net *"_ivl_71", 0 0, L_0x563eafc43760;  1 drivers
v0x563eafc28640_0 .net *"_ivl_79", 0 0, L_0x563eafc43410;  1 drivers
v0x563eafc28700_0 .net *"_ivl_8", 37 0, L_0x563eafbdeb70;  1 drivers
v0x563eafc287e0_0 .net "bypass_adder", 0 0, L_0x563eafc43c70;  alias, 1 drivers
v0x563eafc288a0_0 .var "bypass_adder_reg", 0 0;
v0x563eafc28960_0 .net "clk", 0 0, o0x7f7dc0ee74f8;  alias, 0 drivers
v0x563eafc28a00_0 .net "drop_l", 0 0, v0x563eafc28ac0_0;  alias, 1 drivers
v0x563eafc28ac0_0 .var "drop_l_reg", 0 0;
v0x563eafc28b80_0 .net "drop_u", 0 0, L_0x563eafc438d0;  alias, 1 drivers
v0x563eafc28c40_0 .var "drop_u_reg", 0 0;
v0x563eafc28d00_0 .net "err_unalligned_data", 0 0, L_0x563eafc43e00;  alias, 1 drivers
v0x563eafc28dc0_0 .net "err_unalligned_data_int", 0 0, L_0x563eafc42bb0;  1 drivers
v0x563eafc28e80_0 .var "err_unalligned_data_reg", 0 0;
v0x563eafc28f40_0 .net "err_user_flag", 0 0, L_0x563eafc43ec0;  alias, 1 drivers
v0x563eafc29000_0 .net "err_user_flag_int", 0 0, L_0x563eafc42c80;  1 drivers
v0x563eafc290c0_0 .var "err_user_flag_reg", 0 0;
v0x563eafc29390_0 .net "export_rslt", 0 0, L_0x563eafc439e0;  alias, 1 drivers
v0x563eafc29450_0 .net "export_rslt_int", 0 0, L_0x563eafc42e20;  1 drivers
v0x563eafc29510_0 .net "forward_l", 0 0, v0x563eafc295d0_0;  alias, 1 drivers
v0x563eafc295d0_0 .var "forward_l_reg", 0 0;
v0x563eafc29690_0 .net "forward_u", 0 0, v0x563eafc29750_0;  alias, 1 drivers
v0x563eafc29750_0 .var "forward_u_reg", 0 0;
v0x563eafc29810_0 .var "fsm_state", 2 0;
v0x563eafc298f0_0 .var "fsm_state_next", 2 0;
v0x563eafc299d0_0 .net "handshake_down", 0 0, L_0x563eafc42f60;  1 drivers
v0x563eafc29a90_0 .net "handshake_right", 0 0, L_0x563eafc42fd0;  1 drivers
v0x563eafc29b50_0 .net "int_axis_down_tready", 0 0, v0x563eafc1c4f0_0;  alias, 1 drivers
v0x563eafc29bf0_0 .net "int_axis_down_tvalid", 0 0, L_0x563eafc47700;  alias, 1 drivers
v0x563eafc29cc0_0 .net "int_axis_left_tlast", 0 0, v0x563eafc1f390_0;  alias, 1 drivers
v0x563eafc29d90_0 .net "int_axis_left_tready", 0 0, L_0x563eafc46ef0;  alias, 1 drivers
v0x563eafc29e60_0 .net "int_axis_left_tvalid", 0 0, L_0x563eafc44da0;  alias, 1 drivers
v0x563eafc29f30_0 .net "int_axis_right_tready", 0 0, L_0x563eafc46940;  alias, 1 drivers
v0x563eafc2a000_0 .net "int_axis_right_tvalid", 0 0, L_0x563eafc46d30;  alias, 1 drivers
v0x563eafc2a0d0_0 .net "int_axis_up_tlast", 0 0, v0x563eafc24630_0;  alias, 1 drivers
v0x563eafc2a1a0_0 .net "int_axis_up_tready", 0 0, L_0x563eafc47a90;  alias, 1 drivers
v0x563eafc2a270_0 .net "int_axis_up_tuser", 7 0, v0x563eafc246f0_0;  alias, 1 drivers
v0x563eafc2a340_0 .net "int_axis_up_tvalid", 0 0, L_0x563eafc44200;  alias, 1 drivers
v0x563eafc2a410_0 .net "op0_flag", 0 0, L_0x563eafc08fe0;  1 drivers
v0x563eafc2a4b0_0 .net "op0_last_flag", 0 0, L_0x563eafc05890;  1 drivers
v0x563eafc2a550_0 .net "op1_flag", 0 0, L_0x563eafbeb130;  1 drivers
v0x563eafc2a5f0_0 .net "op1_last_flag", 0 0, L_0x563eafb49740;  1 drivers
v0x563eafc2a690_0 .net "op_start", 0 0, v0x563eafc2a730_0;  alias, 1 drivers
v0x563eafc2a730_0 .var "op_start_reg", 0 0;
v0x563eafc2a7d0_0 .net "op_valid", 0 0, L_0x563eafc42740;  1 drivers
v0x563eafc2a870_0 .var "partial_sum_last_reg", 0 0;
v0x563eafc2a910_0 .net "partial_sum_last_reg_next", 0 0, L_0x563eafc42a30;  1 drivers
v0x563eafc2a9b0_0 .var "push_d_reg", 0 0;
v0x563eafc2aa50_0 .net "rslt_flag", 0 0, L_0x563eafc05a10;  1 drivers
v0x563eafc2af20_0 .net "rst", 0 0, o0x7f7dc0ee76a8;  alias, 0 drivers
v0x563eafc2afc0_0 .net "store_l", 0 0, v0x563eafc2b080_0;  alias, 1 drivers
v0x563eafc2b080_0 .var "store_l_reg", 0 0;
v0x563eafc2b140_0 .net "store_u", 0 0, v0x563eafc2b200_0;  alias, 1 drivers
v0x563eafc2b200_0 .var "store_u_reg", 0 0;
v0x563eafc2b2c0_0 .var "timer", 1 0;
E_0x563eafc08b90/0 .event anyedge, v0x563eafc29810_0, v0x563eafc2a7d0_0, v0x563eafc2a910_0, v0x563eafc2a4b0_0;
E_0x563eafc08b90/1 .event anyedge, v0x563eafc2a5f0_0, v0x563eafc2a410_0, v0x563eafc2a550_0, v0x563eafc29450_0;
E_0x563eafc08b90/2 .event anyedge, v0x563eafc299d0_0, v0x563eafc28dc0_0, v0x563eafc29000_0;
E_0x563eafc08b90 .event/or E_0x563eafc08b90/0, E_0x563eafc08b90/1, E_0x563eafc08b90/2;
L_0x563eafc41f10 .concat [ 8 30 0 0], v0x563eafc246f0_0, L_0x7f7dc0e9e0f0;
L_0x563eafc420f0 .cmp/ne 38, L_0x563eafbdeb70, L_0x7f7dc0e9e180;
L_0x563eafc42280 .concat [ 8 31 0 0], v0x563eafc246f0_0, L_0x7f7dc0e9e1c8;
L_0x563eafc424b0 .cmp/ne 39, L_0x563eafbf3fa0, L_0x7f7dc0e9e258;
L_0x563eafc42800 .cmp/eq 3, v0x563eafc29810_0, L_0x7f7dc0e9e2a0;
L_0x563eafc42a30 .functor MUXZ 1, L_0x563eafc42920, v0x563eafc2a870_0, L_0x563eafc42800, C4<>;
L_0x563eafc42d80 .reduce/nor v0x563eafc2b2c0_0;
L_0x563eafc435a0 .cmp/eq 3, v0x563eafc29810_0, L_0x7f7dc0e9e2e8;
L_0x563eafc43410 .reduce/nor L_0x563eafc42740;
    .scope S_0x563eafc26730;
T_0 ;
    %pushi/vec4 0, 0, 1;
    %store/vec4 v0x563eafc2a870_0, 0, 1;
    %end;
    .thread T_0;
    .scope S_0x563eafc26730;
T_1 ;
    %wait E_0x563eafb3e750;
    %load/vec4 v0x563eafc2af20_0;
    %flag_set/vec4 8;
    %jmp/0xz  T_1.0, 8;
    %pushi/vec4 0, 0, 3;
    %assign/vec4 v0x563eafc29810_0, 0;
    %pushi/vec4 0, 0, 1;
    %assign/vec4 v0x563eafc2b080_0, 0;
    %pushi/vec4 0, 0, 1;
    %assign/vec4 v0x563eafc2b200_0, 0;
    %pushi/vec4 0, 0, 1;
    %assign/vec4 v0x563eafc295d0_0, 0;
    %pushi/vec4 0, 0, 1;
    %assign/vec4 v0x563eafc29750_0, 0;
    %pushi/vec4 0, 0, 1;
    %assign/vec4 v0x563eafc28ac0_0, 0;
    %pushi/vec4 0, 0, 1;
    %assign/vec4 v0x563eafc28c40_0, 0;
    %pushi/vec4 0, 0, 1;
    %assign/vec4 v0x563eafc2a9b0_0, 0;
    %pushi/vec4 1, 0, 1;
    %assign/vec4 v0x563eafc2a730_0, 0;
    %pushi/vec4 1, 0, 1;
    %assign/vec4 v0x563eafc288a0_0, 0;
    %pushi/vec4 0, 0, 1;
    %assign/vec4 v0x563eafc2a870_0, 0;
    %pushi/vec4 0, 0, 1;
    %assign/vec4 v0x563eafc28e80_0, 0;
    %pushi/vec4 0, 0, 1;
    %assign/vec4 v0x563eafc290c0_0, 0;
    %pushi/vec4 0, 0, 2;
    %assign/vec4 v0x563eafc2b2c0_0, 0;
    %jmp T_1.1;
T_1.0 ;
    %load/vec4 v0x563eafc298f0_0;
    %assign/vec4 v0x563eafc29810_0, 0;
    %load/vec4 v0x563eafc298f0_0;
    %dup/vec4;
    %pushi/vec4 0, 0, 3;
    %cmp/u;
    %jmp/1 T_1.2, 6;
    %dup/vec4;
    %pushi/vec4 1, 0, 3;
    %cmp/u;
    %jmp/1 T_1.3, 6;
    %dup/vec4;
    %pushi/vec4 2, 0, 3;
    %cmp/u;
    %jmp/1 T_1.4, 6;
    %dup/vec4;
    %pushi/vec4 3, 0, 3;
    %cmp/u;
    %jmp/1 T_1.5, 6;
    %dup/vec4;
    %pushi/vec4 5, 0, 3;
    %cmp/u;
    %jmp/1 T_1.6, 6;
    %dup/vec4;
    %pushi/vec4 4, 0, 3;
    %cmp/u;
    %jmp/1 T_1.7, 6;
    %pushi/vec4 0, 0, 3;
    %assign/vec4 v0x563eafc29810_0, 0;
    %pushi/vec4 0, 0, 1;
    %assign/vec4 v0x563eafc2a870_0, 0;
    %pushi/vec4 0, 0, 1;
    %assign/vec4 v0x563eafc2b080_0, 0;
    %pushi/vec4 0, 0, 1;
    %assign/vec4 v0x563eafc2b200_0, 0;
    %pushi/vec4 0, 0, 1;
    %assign/vec4 v0x563eafc295d0_0, 0;
    %pushi/vec4 0, 0, 1;
    %assign/vec4 v0x563eafc29750_0, 0;
    %pushi/vec4 0, 0, 1;
    %assign/vec4 v0x563eafc28ac0_0, 0;
    %pushi/vec4 0, 0, 1;
    %assign/vec4 v0x563eafc28c40_0, 0;
    %pushi/vec4 0, 0, 1;
    %assign/vec4 v0x563eafc2a9b0_0, 0;
    %pushi/vec4 0, 0, 1;
    %assign/vec4 v0x563eafc2a730_0, 0;
    %pushi/vec4 1, 0, 1;
    %assign/vec4 v0x563eafc288a0_0, 0;
    %pushi/vec4 0, 0, 1;
    %assign/vec4 v0x563eafc28e80_0, 0;
    %pushi/vec4 0, 0, 1;
    %assign/vec4 v0x563eafc290c0_0, 0;
    %pushi/vec4 0, 0, 2;
    %assign/vec4 v0x563eafc2b2c0_0, 0;
    %jmp T_1.9;
T_1.2 ;
    %pushi/vec4 1, 0, 1;
    %assign/vec4 v0x563eafc2b080_0, 0;
    %pushi/vec4 1, 0, 1;
    %assign/vec4 v0x563eafc2b200_0, 0;
    %pushi/vec4 1, 0, 1;
    %assign/vec4 v0x563eafc295d0_0, 0;
    %pushi/vec4 1, 0, 1;
    %assign/vec4 v0x563eafc29750_0, 0;
    %pushi/vec4 0, 0, 1;
    %assign/vec4 v0x563eafc28ac0_0, 0;
    %pushi/vec4 0, 0, 1;
    %assign/vec4 v0x563eafc28c40_0, 0;
    %pushi/vec4 0, 0, 1;
    %assign/vec4 v0x563eafc2a9b0_0, 0;
    %pushi/vec4 1, 0, 1;
    %assign/vec4 v0x563eafc2a730_0, 0;
    %pushi/vec4 0, 0, 1;
    %assign/vec4 v0x563eafc288a0_0, 0;
    %pushi/vec4 0, 0, 1;
    %assign/vec4 v0x563eafc2a870_0, 0;
    %pushi/vec4 0, 0, 1;
    %assign/vec4 v0x563eafc28e80_0, 0;
    %pushi/vec4 0, 0, 1;
    %assign/vec4 v0x563eafc290c0_0, 0;
    %jmp T_1.9;
T_1.3 ;
    %pushi/vec4 0, 0, 1;
    %assign/vec4 v0x563eafc2b080_0, 0;
    %pushi/vec4 1, 0, 1;
    %assign/vec4 v0x563eafc2b200_0, 0;
    %pushi/vec4 0, 0, 1;
    %assign/vec4 v0x563eafc295d0_0, 0;
    %pushi/vec4 0, 0, 1;
    %assign/vec4 v0x563eafc29750_0, 0;
    %pushi/vec4 0, 0, 1;
    %assign/vec4 v0x563eafc28ac0_0, 0;
    %pushi/vec4 0, 0, 1;
    %assign/vec4 v0x563eafc28c40_0, 0;
    %pushi/vec4 0, 0, 1;
    %assign/vec4 v0x563eafc2a9b0_0, 0;
    %pushi/vec4 0, 0, 1;
    %assign/vec4 v0x563eafc2a730_0, 0;
    %pushi/vec4 1, 0, 1;
    %assign/vec4 v0x563eafc288a0_0, 0;
    %pushi/vec4 0, 0, 1;
    %assign/vec4 v0x563eafc2a870_0, 0;
    %pushi/vec4 0, 0, 1;
    %assign/vec4 v0x563eafc28e80_0, 0;
    %pushi/vec4 0, 0, 1;
    %assign/vec4 v0x563eafc290c0_0, 0;
    %jmp T_1.9;
T_1.4 ;
    %pushi/vec4 1, 0, 1;
    %assign/vec4 v0x563eafc2b080_0, 0;
    %pushi/vec4 0, 0, 1;
    %assign/vec4 v0x563eafc2b200_0, 0;
    %pushi/vec4 0, 0, 1;
    %assign/vec4 v0x563eafc295d0_0, 0;
    %pushi/vec4 0, 0, 1;
    %assign/vec4 v0x563eafc29750_0, 0;
    %pushi/vec4 0, 0, 1;
    %assign/vec4 v0x563eafc28ac0_0, 0;
    %pushi/vec4 0, 0, 1;
    %assign/vec4 v0x563eafc28c40_0, 0;
    %pushi/vec4 0, 0, 1;
    %assign/vec4 v0x563eafc2a9b0_0, 0;
    %pushi/vec4 0, 0, 1;
    %assign/vec4 v0x563eafc2a730_0, 0;
    %pushi/vec4 1, 0, 1;
    %assign/vec4 v0x563eafc288a0_0, 0;
    %pushi/vec4 0, 0, 1;
    %assign/vec4 v0x563eafc2a870_0, 0;
    %pushi/vec4 0, 0, 1;
    %assign/vec4 v0x563eafc28e80_0, 0;
    %pushi/vec4 0, 0, 1;
    %assign/vec4 v0x563eafc290c0_0, 0;
    %jmp T_1.9;
T_1.5 ;
    %pushi/vec4 1, 0, 1;
    %assign/vec4 v0x563eafc2b080_0, 0;
    %pushi/vec4 1, 0, 1;
    %assign/vec4 v0x563eafc2b200_0, 0;
    %pushi/vec4 1, 0, 1;
    %assign/vec4 v0x563eafc295d0_0, 0;
    %pushi/vec4 1, 0, 1;
    %assign/vec4 v0x563eafc29750_0, 0;
    %pushi/vec4 0, 0, 1;
    %assign/vec4 v0x563eafc28ac0_0, 0;
    %pushi/vec4 0, 0, 1;
    %assign/vec4 v0x563eafc28c40_0, 0;
    %pushi/vec4 0, 0, 1;
    %assign/vec4 v0x563eafc2a9b0_0, 0;
    %pushi/vec4 0, 0, 1;
    %assign/vec4 v0x563eafc2a730_0, 0;
    %pushi/vec4 0, 0, 1;
    %assign/vec4 v0x563eafc288a0_0, 0;
    %load/vec4 v0x563eafc2a910_0;
    %assign/vec4 v0x563eafc2a870_0, 0;
    %pushi/vec4 0, 0, 1;
    %assign/vec4 v0x563eafc28e80_0, 0;
    %pushi/vec4 0, 0, 1;
    %assign/vec4 v0x563eafc290c0_0, 0;
    %jmp T_1.9;
T_1.6 ;
    %pushi/vec4 0, 0, 1;
    %assign/vec4 v0x563eafc2b080_0, 0;
    %pushi/vec4 1, 0, 1;
    %assign/vec4 v0x563eafc2b200_0, 0;
    %pushi/vec4 0, 0, 1;
    %assign/vec4 v0x563eafc295d0_0, 0;
    %pushi/vec4 1, 0, 1;
    %assign/vec4 v0x563eafc29750_0, 0;
    %pushi/vec4 0, 0, 1;
    %assign/vec4 v0x563eafc28ac0_0, 0;
    %pushi/vec4 0, 0, 1;
    %assign/vec4 v0x563eafc28c40_0, 0;
    %pushi/vec4 1, 0, 1;
    %assign/vec4 v0x563eafc2a9b0_0, 0;
    %pushi/vec4 0, 0, 1;
    %assign/vec4 v0x563eafc2a730_0, 0;
    %pushi/vec4 1, 0, 1;
    %assign/vec4 v0x563eafc288a0_0, 0;
    %load/vec4 v0x563eafc2a910_0;
    %assign/vec4 v0x563eafc2a870_0, 0;
    %pushi/vec4 0, 0, 1;
    %assign/vec4 v0x563eafc28e80_0, 0;
    %pushi/vec4 0, 0, 1;
    %assign/vec4 v0x563eafc290c0_0, 0;
    %load/vec4 v0x563eafc2b2c0_0;
    %cmpi/ne 0, 0, 2;
    %flag_get/vec4 4;
    %jmp/0 T_1.13, 4;
    %load/vec4 v0x563eafc2aa50_0;
    %and;
T_1.13;
    %flag_set/vec4 9;
    %flag_get/vec4 9;
    %jmp/0 T_1.12, 9;
    %load/vec4 v0x563eafc299d0_0;
    %and;
T_1.12;
    %flag_set/vec4 8;
    %jmp/0xz  T_1.10, 8;
    %load/vec4 v0x563eafc2b2c0_0;
    %subi 1, 0, 2;
    %assign/vec4 v0x563eafc2b2c0_0, 0;
T_1.10 ;
    %jmp T_1.9;
T_1.7 ;
    %pushi/vec4 1, 0, 1;
    %assign/vec4 v0x563eafc2b080_0, 0;
    %pushi/vec4 1, 0, 1;
    %assign/vec4 v0x563eafc2b200_0, 0;
    %pushi/vec4 0, 0, 1;
    %assign/vec4 v0x563eafc295d0_0, 0;
    %pushi/vec4 0, 0, 1;
    %assign/vec4 v0x563eafc29750_0, 0;
    %pushi/vec4 1, 0, 1;
    %assign/vec4 v0x563eafc28ac0_0, 0;
    %pushi/vec4 1, 0, 1;
    %assign/vec4 v0x563eafc28c40_0, 0;
    %pushi/vec4 0, 0, 1;
    %assign/vec4 v0x563eafc2a9b0_0, 0;
    %pushi/vec4 0, 0, 1;
    %assign/vec4 v0x563eafc2a730_0, 0;
    %pushi/vec4 1, 0, 1;
    %assign/vec4 v0x563eafc288a0_0, 0;
    %load/vec4 v0x563eafc2a870_0;
    %assign/vec4 v0x563eafc2a870_0, 0;
    %load/vec4 v0x563eafc28dc0_0;
    %assign/vec4 v0x563eafc28e80_0, 0;
    %load/vec4 v0x563eafc29000_0;
    %assign/vec4 v0x563eafc290c0_0, 0;
    %jmp T_1.9;
T_1.9 ;
    %pop/vec4 1;
T_1.1 ;
    %jmp T_1;
    .thread T_1;
    .scope S_0x563eafc26730;
T_2 ;
    %wait E_0x563eafc08b90;
    %load/vec4 v0x563eafc29810_0;
    %dup/vec4;
    %pushi/vec4 0, 0, 3;
    %cmp/u;
    %jmp/1 T_2.0, 6;
    %dup/vec4;
    %pushi/vec4 3, 0, 3;
    %cmp/u;
    %jmp/1 T_2.1, 6;
    %dup/vec4;
    %pushi/vec4 1, 0, 3;
    %cmp/u;
    %jmp/1 T_2.2, 6;
    %dup/vec4;
    %pushi/vec4 2, 0, 3;
    %cmp/u;
    %jmp/1 T_2.3, 6;
    %dup/vec4;
    %pushi/vec4 5, 0, 3;
    %cmp/u;
    %jmp/1 T_2.4, 6;
    %dup/vec4;
    %pushi/vec4 4, 0, 3;
    %cmp/u;
    %jmp/1 T_2.5, 6;
    %pushi/vec4 0, 0, 3;
    %assign/vec4 v0x563eafc298f0_0, 0;
    %jmp T_2.7;
T_2.0 ;
    %load/vec4 v0x563eafc2a7d0_0;
    %flag_set/vec4 8;
    %jmp/0xz  T_2.8, 8;
    %load/vec4 v0x563eafc2a910_0;
    %flag_set/vec4 8;
    %jmp/0xz  T_2.10, 8;
    %pushi/vec4 5, 0, 3;
    %assign/vec4 v0x563eafc298f0_0, 0;
    %jmp T_2.11;
T_2.10 ;
    %load/vec4 v0x563eafc2a4b0_0;
    %load/vec4 v0x563eafc2a5f0_0;
    %or;
    %flag_set/vec4 8;
    %jmp/0xz  T_2.12, 8;
    %pushi/vec4 4, 0, 3;
    %assign/vec4 v0x563eafc298f0_0, 0;
    %jmp T_2.13;
T_2.12 ;
    %pushi/vec4 3, 0, 3;
    %assign/vec4 v0x563eafc298f0_0, 0;
T_2.13 ;
T_2.11 ;
    %jmp T_2.9;
T_2.8 ;
    %load/vec4 v0x563eafc2a410_0;
    %flag_set/vec4 8;
    %jmp/0xz  T_2.14, 8;
    %pushi/vec4 1, 0, 3;
    %assign/vec4 v0x563eafc298f0_0, 0;
    %jmp T_2.15;
T_2.14 ;
    %load/vec4 v0x563eafc2a550_0;
    %flag_set/vec4 8;
    %jmp/0xz  T_2.16, 8;
    %pushi/vec4 2, 0, 3;
    %assign/vec4 v0x563eafc298f0_0, 0;
T_2.16 ;
T_2.15 ;
T_2.9 ;
    %jmp T_2.7;
T_2.1 ;
    %load/vec4 v0x563eafc2a7d0_0;
    %flag_set/vec4 8;
    %jmp/0xz  T_2.18, 8;
    %load/vec4 v0x563eafc2a910_0;
    %flag_set/vec4 8;
    %jmp/0xz  T_2.20, 8;
    %pushi/vec4 5, 0, 3;
    %assign/vec4 v0x563eafc298f0_0, 0;
    %jmp T_2.21;
T_2.20 ;
    %load/vec4 v0x563eafc2a4b0_0;
    %load/vec4 v0x563eafc2a5f0_0;
    %or;
    %flag_set/vec4 8;
    %jmp/0xz  T_2.22, 8;
    %pushi/vec4 4, 0, 3;
    %assign/vec4 v0x563eafc298f0_0, 0;
    %jmp T_2.23;
T_2.22 ;
    %pushi/vec4 3, 0, 3;
    %assign/vec4 v0x563eafc298f0_0, 0;
T_2.23 ;
T_2.21 ;
    %jmp T_2.19;
T_2.18 ;
    %load/vec4 v0x563eafc2a410_0;
    %flag_set/vec4 8;
    %jmp/0xz  T_2.24, 8;
    %pushi/vec4 1, 0, 3;
    %assign/vec4 v0x563eafc298f0_0, 0;
    %jmp T_2.25;
T_2.24 ;
    %load/vec4 v0x563eafc2a550_0;
    %flag_set/vec4 8;
    %jmp/0xz  T_2.26, 8;
    %pushi/vec4 2, 0, 3;
    %assign/vec4 v0x563eafc298f0_0, 0;
T_2.26 ;
T_2.25 ;
T_2.19 ;
    %jmp T_2.7;
T_2.2 ;
    %load/vec4 v0x563eafc2a7d0_0;
    %flag_set/vec4 8;
    %jmp/0xz  T_2.28, 8;
    %load/vec4 v0x563eafc2a910_0;
    %flag_set/vec4 8;
    %jmp/0xz  T_2.30, 8;
    %pushi/vec4 5, 0, 3;
    %assign/vec4 v0x563eafc298f0_0, 0;
    %jmp T_2.31;
T_2.30 ;
    %load/vec4 v0x563eafc2a4b0_0;
    %load/vec4 v0x563eafc2a5f0_0;
    %or;
    %flag_set/vec4 8;
    %jmp/0xz  T_2.32, 8;
    %pushi/vec4 4, 0, 3;
    %assign/vec4 v0x563eafc298f0_0, 0;
    %jmp T_2.33;
T_2.32 ;
    %pushi/vec4 3, 0, 3;
    %assign/vec4 v0x563eafc298f0_0, 0;
T_2.33 ;
T_2.31 ;
    %jmp T_2.29;
T_2.28 ;
    %pushi/vec4 1, 0, 3;
    %assign/vec4 v0x563eafc298f0_0, 0;
T_2.29 ;
    %jmp T_2.7;
T_2.3 ;
    %load/vec4 v0x563eafc2a7d0_0;
    %flag_set/vec4 8;
    %jmp/0xz  T_2.34, 8;
    %load/vec4 v0x563eafc2a910_0;
    %flag_set/vec4 8;
    %jmp/0xz  T_2.36, 8;
    %pushi/vec4 5, 0, 3;
    %assign/vec4 v0x563eafc298f0_0, 0;
    %jmp T_2.37;
T_2.36 ;
    %load/vec4 v0x563eafc2a4b0_0;
    %load/vec4 v0x563eafc2a5f0_0;
    %or;
    %flag_set/vec4 8;
    %jmp/0xz  T_2.38, 8;
    %pushi/vec4 4, 0, 3;
    %assign/vec4 v0x563eafc298f0_0, 0;
    %jmp T_2.39;
T_2.38 ;
    %pushi/vec4 3, 0, 3;
    %assign/vec4 v0x563eafc298f0_0, 0;
T_2.39 ;
T_2.37 ;
    %jmp T_2.35;
T_2.34 ;
    %pushi/vec4 2, 0, 3;
    %assign/vec4 v0x563eafc298f0_0, 0;
T_2.35 ;
    %jmp T_2.7;
T_2.4 ;
    %load/vec4 v0x563eafc29450_0;
    %flag_set/vec4 9;
    %flag_get/vec4 9;
    %jmp/0 T_2.42, 9;
    %load/vec4 v0x563eafc299d0_0;
    %and;
T_2.42;
    %flag_set/vec4 8;
    %jmp/0xz  T_2.40, 8;
    %pushi/vec4 0, 0, 3;
    %assign/vec4 v0x563eafc298f0_0, 0;
T_2.40 ;
    %jmp T_2.7;
T_2.5 ;
    %pushi/vec4 0, 0, 3;
    %assign/vec4 v0x563eafc298f0_0, 0;
    %jmp T_2.7;
T_2.7 ;
    %pop/vec4 1;
    %load/vec4 v0x563eafc28dc0_0;
    %flag_set/vec4 8;
    %jmp/1 T_2.45, 8;
    %load/vec4 v0x563eafc29000_0;
    %flag_set/vec4 9;
    %flag_or 8, 9;
T_2.45;
    %jmp/0xz  T_2.43, 8;
    %pushi/vec4 4, 0, 3;
    %assign/vec4 v0x563eafc298f0_0, 0;
T_2.43 ;
    %jmp T_2;
    .thread T_2, $push;
    .scope S_0x563eafc23c20;
T_3 ;
    %pushi/vec4 0, 0, 1;
    %store/vec4 v0x563eafc24a10_0, 0, 1;
    %pushi/vec4 0, 0, 16;
    %store/vec4 v0x563eafc242b0_0, 0, 16;
    %pushi/vec4 0, 0, 1;
    %store/vec4 v0x563eafc24550_0, 0, 1;
    %pushi/vec4 0, 0, 1;
    %store/vec4 v0x563eafc24890_0, 0, 1;
    %pushi/vec4 0, 0, 1;
    %store/vec4 v0x563eafc24630_0, 0, 1;
    %pushi/vec4 0, 0, 8;
    %store/vec4 v0x563eafc24470_0, 0, 8;
    %pushi/vec4 0, 0, 8;
    %store/vec4 v0x563eafc24390_0, 0, 8;
    %pushi/vec4 0, 0, 8;
    %store/vec4 v0x563eafc246f0_0, 0, 8;
    %pushi/vec4 0, 0, 16;
    %store/vec4 v0x563eafc24e20_0, 0, 16;
    %pushi/vec4 0, 0, 1;
    %store/vec4 v0x563eafc250c0_0, 0, 1;
    %pushi/vec4 0, 0, 1;
    %store/vec4 v0x563eafc25400_0, 0, 1;
    %pushi/vec4 0, 0, 1;
    %store/vec4 v0x563eafc251a0_0, 0, 1;
    %pushi/vec4 0, 0, 8;
    %store/vec4 v0x563eafc24fe0_0, 0, 8;
    %pushi/vec4 0, 0, 8;
    %store/vec4 v0x563eafc24f00_0, 0, 8;
    %pushi/vec4 0, 0, 8;
    %store/vec4 v0x563eafc25260_0, 0, 8;
    %end;
    .thread T_3;
    .scope S_0x563eafc23c20;
T_4 ;
    %wait E_0x563eafb34950;
    %load/vec4 v0x563eafc24890_0;
    %store/vec4 v0x563eafc247d0_0, 0, 1;
    %load/vec4 v0x563eafc25400_0;
    %store/vec4 v0x563eafc25340_0, 0, 1;
    %pushi/vec4 0, 0, 1;
    %store/vec4 v0x563eafc24ad0_0, 0, 1;
    %pushi/vec4 0, 0, 1;
    %store/vec4 v0x563eafc24b90_0, 0, 1;
    %pushi/vec4 0, 0, 1;
    %store/vec4 v0x563eafc24d60_0, 0, 1;
    %load/vec4 v0x563eafc24a10_0;
    %flag_set/vec4 8;
    %jmp/0xz  T_4.0, 8;
    %load/vec4 v0x563eafc259a0_0;
    %flag_set/vec4 8;
    %jmp/1 T_4.4, 8;
    %load/vec4 v0x563eafc24890_0;
    %nor/r;
    %flag_set/vec4 9;
    %flag_or 8, 9;
T_4.4;
    %jmp/0xz  T_4.2, 8;
    %load/vec4 v0x563eafc26390_0;
    %store/vec4 v0x563eafc247d0_0, 0, 1;
    %pushi/vec4 1, 0, 1;
    %store/vec4 v0x563eafc24ad0_0, 0, 1;
    %jmp T_4.3;
T_4.2 ;
    %load/vec4 v0x563eafc26390_0;
    %store/vec4 v0x563eafc25340_0, 0, 1;
    %pushi/vec4 1, 0, 1;
    %store/vec4 v0x563eafc24b90_0, 0, 1;
T_4.3 ;
    %jmp T_4.1;
T_4.0 ;
    %load/vec4 v0x563eafc259a0_0;
    %flag_set/vec4 8;
    %jmp/0xz  T_4.5, 8;
    %load/vec4 v0x563eafc25400_0;
    %store/vec4 v0x563eafc247d0_0, 0, 1;
    %pushi/vec4 0, 0, 1;
    %store/vec4 v0x563eafc25340_0, 0, 1;
    %pushi/vec4 1, 0, 1;
    %store/vec4 v0x563eafc24d60_0, 0, 1;
T_4.5 ;
T_4.1 ;
    %jmp T_4;
    .thread T_4, $push;
    .scope S_0x563eafc23c20;
T_5 ;
    %wait E_0x563eafb3e750;
    %load/vec4 v0x563eafc24950_0;
    %assign/vec4 v0x563eafc24a10_0, 0;
    %load/vec4 v0x563eafc247d0_0;
    %assign/vec4 v0x563eafc24890_0, 0;
    %load/vec4 v0x563eafc25340_0;
    %assign/vec4 v0x563eafc25400_0, 0;
    %load/vec4 v0x563eafc24ad0_0;
    %flag_set/vec4 8;
    %jmp/0xz  T_5.0, 8;
    %load/vec4 v0x563eafc25ca0_0;
    %assign/vec4 v0x563eafc242b0_0, 0;
    %load/vec4 v0x563eafc25f40_0;
    %assign/vec4 v0x563eafc24550_0, 0;
    %load/vec4 v0x563eafc26020_0;
    %assign/vec4 v0x563eafc24630_0, 0;
    %load/vec4 v0x563eafc25e60_0;
    %assign/vec4 v0x563eafc24470_0, 0;
    %load/vec4 v0x563eafc25d80_0;
    %assign/vec4 v0x563eafc24390_0, 0;
    %load/vec4 v0x563eafc261a0_0;
    %assign/vec4 v0x563eafc246f0_0, 0;
    %jmp T_5.1;
T_5.0 ;
    %load/vec4 v0x563eafc24d60_0;
    %flag_set/vec4 8;
    %jmp/0xz  T_5.2, 8;
    %load/vec4 v0x563eafc24e20_0;
    %assign/vec4 v0x563eafc242b0_0, 0;
    %load/vec4 v0x563eafc250c0_0;
    %assign/vec4 v0x563eafc24550_0, 0;
    %load/vec4 v0x563eafc251a0_0;
    %assign/vec4 v0x563eafc24630_0, 0;
    %load/vec4 v0x563eafc24fe0_0;
    %assign/vec4 v0x563eafc24470_0, 0;
    %load/vec4 v0x563eafc24f00_0;
    %assign/vec4 v0x563eafc24390_0, 0;
    %load/vec4 v0x563eafc25260_0;
    %assign/vec4 v0x563eafc246f0_0, 0;
T_5.2 ;
T_5.1 ;
    %load/vec4 v0x563eafc24b90_0;
    %flag_set/vec4 8;
    %jmp/0xz  T_5.4, 8;
    %load/vec4 v0x563eafc25ca0_0;
    %assign/vec4 v0x563eafc24e20_0, 0;
    %load/vec4 v0x563eafc25f40_0;
    %assign/vec4 v0x563eafc250c0_0, 0;
    %load/vec4 v0x563eafc26020_0;
    %assign/vec4 v0x563eafc251a0_0, 0;
    %load/vec4 v0x563eafc25e60_0;
    %assign/vec4 v0x563eafc24fe0_0, 0;
    %load/vec4 v0x563eafc25d80_0;
    %assign/vec4 v0x563eafc24f00_0, 0;
    %load/vec4 v0x563eafc261a0_0;
    %assign/vec4 v0x563eafc25260_0, 0;
T_5.4 ;
    %load/vec4 v0x563eafc25c00_0;
    %flag_set/vec4 8;
    %jmp/0xz  T_5.6, 8;
    %pushi/vec4 0, 0, 1;
    %assign/vec4 v0x563eafc24a10_0, 0;
    %pushi/vec4 0, 0, 1;
    %assign/vec4 v0x563eafc24890_0, 0;
    %pushi/vec4 0, 0, 1;
    %assign/vec4 v0x563eafc25400_0, 0;
T_5.6 ;
    %jmp T_5;
    .thread T_5;
    .scope S_0x563eafbd70a0;
T_6 ;
    %pushi/vec4 0, 0, 1;
    %store/vec4 v0x563eafc1f770_0, 0, 1;
    %pushi/vec4 0, 0, 16;
    %store/vec4 v0x563eafc1f010_0, 0, 16;
    %pushi/vec4 0, 0, 1;
    %store/vec4 v0x563eafc1f2b0_0, 0, 1;
    %pushi/vec4 0, 0, 1;
    %store/vec4 v0x563eafc1f5f0_0, 0, 1;
    %pushi/vec4 0, 0, 1;
    %store/vec4 v0x563eafc1f390_0, 0, 1;
    %pushi/vec4 0, 0, 8;
    %store/vec4 v0x563eafc1f1d0_0, 0, 8;
    %pushi/vec4 0, 0, 8;
    %store/vec4 v0x563eafc1f0f0_0, 0, 8;
    %pushi/vec4 0, 0, 8;
    %store/vec4 v0x563eafc1f450_0, 0, 8;
    %pushi/vec4 0, 0, 16;
    %store/vec4 v0x563eafc1fb80_0, 0, 16;
    %pushi/vec4 0, 0, 1;
    %store/vec4 v0x563eafc1fe20_0, 0, 1;
    %pushi/vec4 0, 0, 1;
    %store/vec4 v0x563eafc20160_0, 0, 1;
    %pushi/vec4 0, 0, 1;
    %store/vec4 v0x563eafc1ff00_0, 0, 1;
    %pushi/vec4 0, 0, 8;
    %store/vec4 v0x563eafc1fd40_0, 0, 8;
    %pushi/vec4 0, 0, 8;
    %store/vec4 v0x563eafc1fc60_0, 0, 8;
    %pushi/vec4 0, 0, 8;
    %store/vec4 v0x563eafc1ffc0_0, 0, 8;
    %end;
    .thread T_6;
    .scope S_0x563eafbd70a0;
T_7 ;
    %wait E_0x563eafb451b0;
    %load/vec4 v0x563eafc1f5f0_0;
    %store/vec4 v0x563eafc1f530_0, 0, 1;
    %load/vec4 v0x563eafc20160_0;
    %store/vec4 v0x563eafc200a0_0, 0, 1;
    %pushi/vec4 0, 0, 1;
    %store/vec4 v0x563eafc1f830_0, 0, 1;
    %pushi/vec4 0, 0, 1;
    %store/vec4 v0x563eafc1f8f0_0, 0, 1;
    %pushi/vec4 0, 0, 1;
    %store/vec4 v0x563eafc1fac0_0, 0, 1;
    %load/vec4 v0x563eafc1f770_0;
    %flag_set/vec4 8;
    %jmp/0xz  T_7.0, 8;
    %load/vec4 v0x563eafc20710_0;
    %flag_set/vec4 8;
    %jmp/1 T_7.4, 8;
    %load/vec4 v0x563eafc1f5f0_0;
    %nor/r;
    %flag_set/vec4 9;
    %flag_or 8, 9;
T_7.4;
    %jmp/0xz  T_7.2, 8;
    %load/vec4 v0x563eafc210e0_0;
    %store/vec4 v0x563eafc1f530_0, 0, 1;
    %pushi/vec4 1, 0, 1;
    %store/vec4 v0x563eafc1f830_0, 0, 1;
    %jmp T_7.3;
T_7.2 ;
    %load/vec4 v0x563eafc210e0_0;
    %store/vec4 v0x563eafc200a0_0, 0, 1;
    %pushi/vec4 1, 0, 1;
    %store/vec4 v0x563eafc1f8f0_0, 0, 1;
T_7.3 ;
    %jmp T_7.1;
T_7.0 ;
    %load/vec4 v0x563eafc20710_0;
    %flag_set/vec4 8;
    %jmp/0xz  T_7.5, 8;
    %load/vec4 v0x563eafc20160_0;
    %store/vec4 v0x563eafc1f530_0, 0, 1;
    %pushi/vec4 0, 0, 1;
    %store/vec4 v0x563eafc200a0_0, 0, 1;
    %pushi/vec4 1, 0, 1;
    %store/vec4 v0x563eafc1fac0_0, 0, 1;
T_7.5 ;
T_7.1 ;
    %jmp T_7;
    .thread T_7, $push;
    .scope S_0x563eafbd70a0;
T_8 ;
    %wait E_0x563eafb3e750;
    %load/vec4 v0x563eafc1f6b0_0;
    %assign/vec4 v0x563eafc1f770_0, 0;
    %load/vec4 v0x563eafc1f530_0;
    %assign/vec4 v0x563eafc1f5f0_0, 0;
    %load/vec4 v0x563eafc200a0_0;
    %assign/vec4 v0x563eafc20160_0, 0;
    %load/vec4 v0x563eafc1f830_0;
    %flag_set/vec4 8;
    %jmp/0xz  T_8.0, 8;
    %load/vec4 v0x563eafc20a10_0;
    %assign/vec4 v0x563eafc1f010_0, 0;
    %load/vec4 v0x563eafc20c90_0;
    %assign/vec4 v0x563eafc1f2b0_0, 0;
    %load/vec4 v0x563eafc20d70_0;
    %assign/vec4 v0x563eafc1f390_0, 0;
    %load/vec4 v0x563eafc20bb0_0;
    %assign/vec4 v0x563eafc1f1d0_0, 0;
    %load/vec4 v0x563eafc20ad0_0;
    %assign/vec4 v0x563eafc1f0f0_0, 0;
    %load/vec4 v0x563eafc20ef0_0;
    %assign/vec4 v0x563eafc1f450_0, 0;
    %jmp T_8.1;
T_8.0 ;
    %load/vec4 v0x563eafc1fac0_0;
    %flag_set/vec4 8;
    %jmp/0xz  T_8.2, 8;
    %load/vec4 v0x563eafc1fb80_0;
    %assign/vec4 v0x563eafc1f010_0, 0;
    %load/vec4 v0x563eafc1fe20_0;
    %assign/vec4 v0x563eafc1f2b0_0, 0;
    %load/vec4 v0x563eafc1ff00_0;
    %assign/vec4 v0x563eafc1f390_0, 0;
    %load/vec4 v0x563eafc1fd40_0;
    %assign/vec4 v0x563eafc1f1d0_0, 0;
    %load/vec4 v0x563eafc1fc60_0;
    %assign/vec4 v0x563eafc1f0f0_0, 0;
    %load/vec4 v0x563eafc1ffc0_0;
    %assign/vec4 v0x563eafc1f450_0, 0;
T_8.2 ;
T_8.1 ;
    %load/vec4 v0x563eafc1f8f0_0;
    %flag_set/vec4 8;
    %jmp/0xz  T_8.4, 8;
    %load/vec4 v0x563eafc20a10_0;
    %assign/vec4 v0x563eafc1fb80_0, 0;
    %load/vec4 v0x563eafc20c90_0;
    %assign/vec4 v0x563eafc1fe20_0, 0;
    %load/vec4 v0x563eafc20d70_0;
    %assign/vec4 v0x563eafc1ff00_0, 0;
    %load/vec4 v0x563eafc20bb0_0;
    %assign/vec4 v0x563eafc1fd40_0, 0;
    %load/vec4 v0x563eafc20ad0_0;
    %assign/vec4 v0x563eafc1fc60_0, 0;
    %load/vec4 v0x563eafc20ef0_0;
    %assign/vec4 v0x563eafc1ffc0_0, 0;
T_8.4 ;
    %load/vec4 v0x563eafc20970_0;
    %flag_set/vec4 8;
    %jmp/0xz  T_8.6, 8;
    %pushi/vec4 0, 0, 1;
    %assign/vec4 v0x563eafc1f770_0, 0;
    %pushi/vec4 0, 0, 1;
    %assign/vec4 v0x563eafc1f5f0_0, 0;
    %pushi/vec4 0, 0, 1;
    %assign/vec4 v0x563eafc20160_0, 0;
T_8.6 ;
    %jmp T_8;
    .thread T_8;
    .scope S_0x563eafbd6110;
T_9 ;
    %pushi/vec4 0, 0, 1;
    %store/vec4 v0x563eafc1c4f0_0, 0, 1;
    %pushi/vec4 0, 0, 16;
    %store/vec4 v0x563eafc1bd90_0, 0, 16;
    %pushi/vec4 0, 0, 1;
    %store/vec4 v0x563eafc1c030_0, 0, 1;
    %pushi/vec4 0, 0, 1;
    %store/vec4 v0x563eafc1c370_0, 0, 1;
    %pushi/vec4 0, 0, 1;
    %store/vec4 v0x563eafc1c110_0, 0, 1;
    %pushi/vec4 0, 0, 8;
    %store/vec4 v0x563eafc1bf50_0, 0, 8;
    %pushi/vec4 0, 0, 8;
    %store/vec4 v0x563eafc1be70_0, 0, 8;
    %pushi/vec4 0, 0, 8;
    %store/vec4 v0x563eafc1c1d0_0, 0, 8;
    %pushi/vec4 0, 0, 16;
    %store/vec4 v0x563eafc1c900_0, 0, 16;
    %pushi/vec4 0, 0, 1;
    %store/vec4 v0x563eafc1cba0_0, 0, 1;
    %pushi/vec4 0, 0, 1;
    %store/vec4 v0x563eafc1cee0_0, 0, 1;
    %pushi/vec4 0, 0, 1;
    %store/vec4 v0x563eafc1cc80_0, 0, 1;
    %pushi/vec4 0, 0, 8;
    %store/vec4 v0x563eafc1cac0_0, 0, 8;
    %pushi/vec4 0, 0, 8;
    %store/vec4 v0x563eafc1c9e0_0, 0, 8;
    %pushi/vec4 0, 0, 8;
    %store/vec4 v0x563eafc1cd40_0, 0, 8;
    %end;
    .thread T_9;
    .scope S_0x563eafbd6110;
T_10 ;
    %wait E_0x563eafb44570;
    %load/vec4 v0x563eafc1c370_0;
    %store/vec4 v0x563eafc1c2b0_0, 0, 1;
    %load/vec4 v0x563eafc1cee0_0;
    %store/vec4 v0x563eafc1ce20_0, 0, 1;
    %pushi/vec4 0, 0, 1;
    %store/vec4 v0x563eafc1c5b0_0, 0, 1;
    %pushi/vec4 0, 0, 1;
    %store/vec4 v0x563eafc1c670_0, 0, 1;
    %pushi/vec4 0, 0, 1;
    %store/vec4 v0x563eafc1c840_0, 0, 1;
    %load/vec4 v0x563eafc1c4f0_0;
    %flag_set/vec4 8;
    %jmp/0xz  T_10.0, 8;
    %load/vec4 v0x563eafc1d4a0_0;
    %flag_set/vec4 8;
    %jmp/1 T_10.4, 8;
    %load/vec4 v0x563eafc1c370_0;
    %nor/r;
    %flag_set/vec4 9;
    %flag_or 8, 9;
T_10.4;
    %jmp/0xz  T_10.2, 8;
    %load/vec4 v0x563eafc1deb0_0;
    %store/vec4 v0x563eafc1c2b0_0, 0, 1;
    %pushi/vec4 1, 0, 1;
    %store/vec4 v0x563eafc1c5b0_0, 0, 1;
    %jmp T_10.3;
T_10.2 ;
    %load/vec4 v0x563eafc1deb0_0;
    %store/vec4 v0x563eafc1ce20_0, 0, 1;
    %pushi/vec4 1, 0, 1;
    %store/vec4 v0x563eafc1c670_0, 0, 1;
T_10.3 ;
    %jmp T_10.1;
T_10.0 ;
    %load/vec4 v0x563eafc1d4a0_0;
    %flag_set/vec4 8;
    %jmp/0xz  T_10.5, 8;
    %load/vec4 v0x563eafc1cee0_0;
    %store/vec4 v0x563eafc1c2b0_0, 0, 1;
    %pushi/vec4 0, 0, 1;
    %store/vec4 v0x563eafc1ce20_0, 0, 1;
    %pushi/vec4 1, 0, 1;
    %store/vec4 v0x563eafc1c840_0, 0, 1;
T_10.5 ;
T_10.1 ;
    %jmp T_10;
    .thread T_10, $push;
    .scope S_0x563eafbd6110;
T_11 ;
    %wait E_0x563eafb3e750;
    %load/vec4 v0x563eafc1c430_0;
    %assign/vec4 v0x563eafc1c4f0_0, 0;
    %load/vec4 v0x563eafc1c2b0_0;
    %assign/vec4 v0x563eafc1c370_0, 0;
    %load/vec4 v0x563eafc1ce20_0;
    %assign/vec4 v0x563eafc1cee0_0, 0;
    %load/vec4 v0x563eafc1c5b0_0;
    %flag_set/vec4 8;
    %jmp/0xz  T_11.0, 8;
    %load/vec4 v0x563eafc1d7c0_0;
    %assign/vec4 v0x563eafc1bd90_0, 0;
    %load/vec4 v0x563eafc1da60_0;
    %assign/vec4 v0x563eafc1c030_0, 0;
    %load/vec4 v0x563eafc1db40_0;
    %assign/vec4 v0x563eafc1c110_0, 0;
    %load/vec4 v0x563eafc1d980_0;
    %assign/vec4 v0x563eafc1bf50_0, 0;
    %load/vec4 v0x563eafc1d8a0_0;
    %assign/vec4 v0x563eafc1be70_0, 0;
    %load/vec4 v0x563eafc1dcc0_0;
    %assign/vec4 v0x563eafc1c1d0_0, 0;
    %jmp T_11.1;
T_11.0 ;
    %load/vec4 v0x563eafc1c840_0;
    %flag_set/vec4 8;
    %jmp/0xz  T_11.2, 8;
    %load/vec4 v0x563eafc1c900_0;
    %assign/vec4 v0x563eafc1bd90_0, 0;
    %load/vec4 v0x563eafc1cba0_0;
    %assign/vec4 v0x563eafc1c030_0, 0;
    %load/vec4 v0x563eafc1cc80_0;
    %assign/vec4 v0x563eafc1c110_0, 0;
    %load/vec4 v0x563eafc1cac0_0;
    %assign/vec4 v0x563eafc1bf50_0, 0;
    %load/vec4 v0x563eafc1c9e0_0;
    %assign/vec4 v0x563eafc1be70_0, 0;
    %load/vec4 v0x563eafc1cd40_0;
    %assign/vec4 v0x563eafc1c1d0_0, 0;
T_11.2 ;
T_11.1 ;
    %load/vec4 v0x563eafc1c670_0;
    %flag_set/vec4 8;
    %jmp/0xz  T_11.4, 8;
    %load/vec4 v0x563eafc1d7c0_0;
    %assign/vec4 v0x563eafc1c900_0, 0;
    %load/vec4 v0x563eafc1da60_0;
    %assign/vec4 v0x563eafc1cba0_0, 0;
    %load/vec4 v0x563eafc1db40_0;
    %assign/vec4 v0x563eafc1cc80_0, 0;
    %load/vec4 v0x563eafc1d980_0;
    %assign/vec4 v0x563eafc1cac0_0, 0;
    %load/vec4 v0x563eafc1d8a0_0;
    %assign/vec4 v0x563eafc1c9e0_0, 0;
    %load/vec4 v0x563eafc1dcc0_0;
    %assign/vec4 v0x563eafc1cd40_0, 0;
T_11.4 ;
    %load/vec4 v0x563eafc1d700_0;
    %flag_set/vec4 8;
    %jmp/0xz  T_11.6, 8;
    %pushi/vec4 0, 0, 1;
    %assign/vec4 v0x563eafc1c4f0_0, 0;
    %pushi/vec4 0, 0, 1;
    %assign/vec4 v0x563eafc1c370_0, 0;
    %pushi/vec4 0, 0, 1;
    %assign/vec4 v0x563eafc1cee0_0, 0;
T_11.6 ;
    %jmp T_11;
    .thread T_11;
    .scope S_0x563eafc01950;
T_12 ;
    %pushi/vec4 0, 0, 32;
    %store/vec4 v0x563eafc2fe70_0, 0, 32;
    %end;
    .thread T_12;
    .scope S_0x563eafc01950;
T_13 ;
    %wait E_0x563eafb3e750;
    %load/vec4 v0x563eafc2ff10_0;
    %assign/vec4 v0x563eafc2fe70_0, 0;
    %jmp T_13;
    .thread T_13;
# The file index is used to find the file name in the following table.
:file_names 5;
    "N/A";
    "<interactive>";
    "../rtl/LinearProcessingElement.v";
    "../lib/verilog-axis/rtl//axis_register.v";
    "../rtl/LPEControlUnit.v";
