#! /usr/bin/vvp
:ivl_version "11.0 (stable)";
:ivl_delay_selection "TYPICAL";
:vpi_time_precision + 0;
:vpi_module "/usr/lib/x86_64-linux-gnu/ivl/system.vpi";
:vpi_module "/usr/lib/x86_64-linux-gnu/ivl/vhdl_sys.vpi";
:vpi_module "/usr/lib/x86_64-linux-gnu/ivl/vhdl_textio.vpi";
:vpi_module "/usr/lib/x86_64-linux-gnu/ivl/v2005_math.vpi";
:vpi_module "/usr/lib/x86_64-linux-gnu/ivl/va_math.vpi";
S_0x5da885048dd0 .scope module, "tb_AXISFIFO" "tb_AXISFIFO" 2 3;
 .timescale 0 0;
P_0x5da8850701b0 .param/l "ADDRESS_WIDTH" 1 2 9, +C4<00000000000000000000000000000010>;
P_0x5da8850701f0 .param/l "DATA_WIDTH" 1 2 8, +C4<00000000000000000000000000010000>;
v0x5da885091e20_0 .var/i "_tmp_0", 31 0;
v0x5da885091f20_0 .var "clk", 0 0;
v0x5da885091fe0_0 .var/i "count", 31 0;
v0x5da8850920b0_0 .var/i "count2", 31 0;
v0x5da885092170_0 .net "m_axis_0_tdata", 15 0, L_0x5da8850a4550;  1 drivers
v0x5da885092230_0 .net "m_axis_0_tlast", 0 0, L_0x5da8850a43e0;  1 drivers
v0x5da885092300_0 .var "m_axis_0_tready", 0 0;
v0x5da8850923d0_0 .net "m_axis_0_tvalid", 0 0, L_0x5da8850a40f0;  1 drivers
v0x5da8850924a0_0 .var "reset_done", 0 0;
v0x5da885092540_0 .var "rst", 0 0;
v0x5da885092610_0 .var "s_axis_0_tdata", 15 0;
v0x5da8850926e0_0 .var "s_axis_0_tlast", 0 0;
v0x5da8850927b0_0 .net "s_axis_0_tready", 0 0, L_0x5da8850a3fe0;  1 drivers
v0x5da885092880_0 .var "s_axis_0_tvalid", 0 0;
v0x5da885092950_0 .var/i "timer", 31 0;
S_0x5da885048210 .scope module, "uut" "AXISFifo" 2 27, 2 143 0, S_0x5da885048dd0;
 .timescale 0 0;
    .port_info 0 /INPUT 1 "clk";
    .port_info 1 /INPUT 1 "rst";
    .port_info 2 /INPUT 16 "s_axis_0_tdata";
    .port_info 3 /INPUT 1 "s_axis_0_tvalid";
    .port_info 4 /OUTPUT 1 "s_axis_0_tready";
    .port_info 5 /INPUT 1 "s_axis_0_tlast";
    .port_info 6 /OUTPUT 16 "m_axis_0_tdata";
    .port_info 7 /OUTPUT 1 "m_axis_0_tvalid";
    .port_info 8 /INPUT 1 "m_axis_0_tready";
    .port_info 9 /OUTPUT 1 "m_axis_0_tlast";
    .port_info 10 /OUTPUT 1 "full";
    .port_info 11 /OUTPUT 1 "almost_full";
    .port_info 12 /OUTPUT 1 "empty";
    .port_info 13 /OUTPUT 1 "almost_empty";
P_0x5da8850286a0 .param/l "ADDRESS_WIDTH" 0 2 146, +C4<00000000000000000000000000000010>;
P_0x5da8850286e0 .param/l "DATA_WIDTH" 0 2 145, +C4<00000000000000000000000000010000>;
P_0x5da885028720 .param/l "EXP_ADDR_WIDTH" 1 2 169, +C4<000000000000000000000000000000011>;
L_0x78c96966f0f0 .functor BUFT 1, C4<000000000000000000000000000000011>, C4<0>, C4<0>, C4<0>;
L_0x5da88506c090 .functor AND 33, L_0x5da8850a2df0, L_0x78c96966f0f0, C4<111111111111111111111111111111111>, C4<111111111111111111111111111111111>;
L_0x78c96966f1c8 .functor BUFT 1, C4<000000000000000000000000000000011>, C4<0>, C4<0>, C4<0>;
L_0x5da88506ea20 .functor AND 33, L_0x5da8850a32f0, L_0x78c96966f1c8, C4<111111111111111111111111111111111>, C4<111111111111111111111111111111111>;
L_0x78c96966f2e8 .functor BUFT 1, C4<000000000000000000000000000000011>, C4<0>, C4<0>, C4<0>;
L_0x5da885070cc0 .functor AND 33, L_0x5da8850a3850, L_0x78c96966f2e8, C4<111111111111111111111111111111111>, C4<111111111111111111111111111111111>;
L_0x5da8850a3c70 .functor BUFZ 1, L_0x5da8850a3610, C4<0>, C4<0>, C4<0>;
L_0x5da8850a3d60 .functor OR 1, L_0x5da8850a3b30, L_0x5da8850a3610, C4<0>, C4<0>;
L_0x5da8850a3e20 .functor BUFZ 1, L_0x5da8850929f0, C4<0>, C4<0>, C4<0>;
L_0x5da8850a3f20 .functor OR 1, L_0x5da8850a3030, L_0x5da8850929f0, C4<0>, C4<0>;
L_0x5da8850a3fe0 .functor BUFZ 1, v0x5da885091a00_0, C4<0>, C4<0>, C4<0>;
L_0x5da8850a40f0 .functor BUFZ 1, v0x5da885091560_0, C4<0>, C4<0>, C4<0>;
L_0x5da8850a41b0 .functor AND 1, v0x5da885091a00_0, v0x5da885092880_0, C4<1>, C4<1>;
L_0x5da8850a4320 .functor AND 1, v0x5da885091560_0, v0x5da885092300_0, C4<1>, C4<1>;
L_0x5da8850a3ac0 .functor BUFZ 17, L_0x5da8850a4690, C4<00000000000000000>, C4<00000000000000000>, C4<00000000000000000>;
L_0x78c96966f0a8 .functor BUFT 1, C4<000000000000000000000000000000001>, C4<0>, C4<0>, C4<0>;
v0x5da88506baf0_0 .net/2u *"_ivl_10", 32 0, L_0x78c96966f0a8;  1 drivers
v0x5da88506ec20_0 .net *"_ivl_12", 32 0, L_0x5da8850a2df0;  1 drivers
v0x5da885070e20_0 .net/2u *"_ivl_14", 32 0, L_0x78c96966f0f0;  1 drivers
v0x5da88508f000_0 .net *"_ivl_16", 32 0, L_0x5da88506c090;  1 drivers
v0x5da88508f0e0_0 .net *"_ivl_2", 32 0, L_0x5da885092b20;  1 drivers
v0x5da88508f210_0 .net *"_ivl_20", 32 0, L_0x5da8850a3170;  1 drivers
L_0x78c96966f138 .functor BUFT 1, C4<0000000000000000000000000000000>, C4<0>, C4<0>, C4<0>;
v0x5da88508f2f0_0 .net *"_ivl_23", 30 0, L_0x78c96966f138;  1 drivers
L_0x78c96966f180 .functor BUFT 1, C4<000000000000000000000000000000001>, C4<0>, C4<0>, C4<0>;
v0x5da88508f3d0_0 .net/2u *"_ivl_24", 32 0, L_0x78c96966f180;  1 drivers
v0x5da88508f4b0_0 .net *"_ivl_26", 32 0, L_0x5da8850a32f0;  1 drivers
v0x5da88508f590_0 .net/2u *"_ivl_28", 32 0, L_0x78c96966f1c8;  1 drivers
v0x5da88508f670_0 .net *"_ivl_30", 32 0, L_0x5da88506ea20;  1 drivers
v0x5da88508f750_0 .net *"_ivl_32", 32 0, L_0x5da8850a34d0;  1 drivers
L_0x78c96966f210 .functor BUFT 1, C4<0000000000000000000000000000000>, C4<0>, C4<0>, C4<0>;
v0x5da88508f830_0 .net *"_ivl_35", 30 0, L_0x78c96966f210;  1 drivers
v0x5da88508f910_0 .net *"_ivl_38", 32 0, L_0x5da8850a3750;  1 drivers
L_0x78c96966f258 .functor BUFT 1, C4<0000000000000000000000000000000>, C4<0>, C4<0>, C4<0>;
v0x5da88508f9f0_0 .net *"_ivl_41", 30 0, L_0x78c96966f258;  1 drivers
L_0x78c96966f2a0 .functor BUFT 1, C4<000000000000000000000000000000010>, C4<0>, C4<0>, C4<0>;
v0x5da88508fad0_0 .net/2u *"_ivl_42", 32 0, L_0x78c96966f2a0;  1 drivers
v0x5da88508fbb0_0 .net *"_ivl_44", 32 0, L_0x5da8850a3850;  1 drivers
v0x5da88508fc90_0 .net/2u *"_ivl_46", 32 0, L_0x78c96966f2e8;  1 drivers
v0x5da88508fd70_0 .net *"_ivl_48", 32 0, L_0x5da885070cc0;  1 drivers
L_0x78c96966f018 .functor BUFT 1, C4<0000000000000000000000000000000>, C4<0>, C4<0>, C4<0>;
v0x5da88508fe50_0 .net *"_ivl_5", 30 0, L_0x78c96966f018;  1 drivers
v0x5da88508ff30_0 .net *"_ivl_50", 32 0, L_0x5da8850a3990;  1 drivers
L_0x78c96966f330 .functor BUFT 1, C4<0000000000000000000000000000000>, C4<0>, C4<0>, C4<0>;
v0x5da885090010_0 .net *"_ivl_53", 30 0, L_0x78c96966f330;  1 drivers
v0x5da8850900f0_0 .net *"_ivl_6", 32 0, L_0x5da8850a2c80;  1 drivers
v0x5da8850901d0_0 .net *"_ivl_75", 16 0, L_0x5da8850a4690;  1 drivers
v0x5da8850902b0_0 .net *"_ivl_77", 3 0, L_0x5da8850a47c0;  1 drivers
L_0x78c96966f378 .functor BUFT 1, C4<00>, C4<0>, C4<0>, C4<0>;
v0x5da885090390_0 .net *"_ivl_80", 1 0, L_0x78c96966f378;  1 drivers
v0x5da885090470_0 .net *"_ivl_82", 16 0, L_0x5da8850a3ac0;  1 drivers
L_0x78c96966f060 .functor BUFT 1, C4<0000000000000000000000000000000>, C4<0>, C4<0>, C4<0>;
v0x5da885090550_0 .net *"_ivl_9", 30 0, L_0x78c96966f060;  1 drivers
v0x5da885090630_0 .net "almost_empty", 0 0, L_0x5da8850a3f20;  1 drivers
v0x5da8850906f0_0 .net "almost_full", 0 0, L_0x5da8850a3d60;  1 drivers
v0x5da8850907b0_0 .net "clk", 0 0, v0x5da885091f20_0;  1 drivers
v0x5da885090870_0 .net "deq", 0 0, L_0x5da8850a4320;  1 drivers
v0x5da885090930_0 .net "empty", 0 0, L_0x5da8850a3e20;  1 drivers
v0x5da885090c00_0 .net "enq", 0 0, L_0x5da8850a41b0;  1 drivers
v0x5da885090cc0_0 .net "full", 0 0, L_0x5da8850a3c70;  1 drivers
v0x5da885090d80_0 .var "head", 1 0;
v0x5da885090e60_0 .var/i "i", 31 0;
v0x5da885090f40_0 .net "is_almost_empty", 0 0, L_0x5da8850a3030;  1 drivers
v0x5da885091000_0 .net "is_almost_full", 0 0, L_0x5da8850a3b30;  1 drivers
v0x5da8850910c0_0 .net "is_empty", 0 0, L_0x5da8850929f0;  1 drivers
v0x5da885091180_0 .net "is_full", 0 0, L_0x5da8850a3610;  1 drivers
v0x5da885091240_0 .net "m_axis_0_tdata", 15 0, L_0x5da8850a4550;  alias, 1 drivers
v0x5da885091320_0 .net "m_axis_0_tlast", 0 0, L_0x5da8850a43e0;  alias, 1 drivers
v0x5da8850913e0_0 .net "m_axis_0_tready", 0 0, v0x5da885092300_0;  1 drivers
v0x5da8850914a0_0 .net "m_axis_0_tvalid", 0 0, L_0x5da8850a40f0;  alias, 1 drivers
v0x5da885091560_0 .var "m_axis_0_tvalid_int", 0 0;
v0x5da885091620 .array "mem", 3 0, 16 0;
v0x5da8850916e0_0 .net "rst", 0 0, v0x5da885092540_0;  1 drivers
v0x5da8850917a0_0 .net "s_axis_0_tdata", 15 0, v0x5da885092610_0;  1 drivers
v0x5da885091880_0 .net "s_axis_0_tlast", 0 0, v0x5da8850926e0_0;  1 drivers
v0x5da885091940_0 .net "s_axis_0_tready", 0 0, L_0x5da8850a3fe0;  alias, 1 drivers
v0x5da885091a00_0 .var "s_axis_0_tready_int", 0 0;
v0x5da885091ac0_0 .net "s_axis_0_tvalid", 0 0, v0x5da885092880_0;  1 drivers
v0x5da885091b80_0 .var "tail", 1 0;
E_0x5da885060740 .event posedge, v0x5da8850907b0_0;
E_0x5da8850639c0 .event edge, v0x5da8850916e0_0, v0x5da885091180_0, v0x5da8850910c0_0;
L_0x5da8850929f0 .cmp/eq 2, v0x5da885090d80_0, v0x5da885091b80_0;
L_0x5da885092b20 .concat [ 2 31 0 0], v0x5da885090d80_0, L_0x78c96966f018;
L_0x5da8850a2c80 .concat [ 2 31 0 0], v0x5da885091b80_0, L_0x78c96966f060;
L_0x5da8850a2df0 .arith/sum 33, L_0x5da8850a2c80, L_0x78c96966f0a8;
L_0x5da8850a3030 .cmp/eq 33, L_0x5da885092b20, L_0x5da88506c090;
L_0x5da8850a3170 .concat [ 2 31 0 0], v0x5da885090d80_0, L_0x78c96966f138;
L_0x5da8850a32f0 .arith/sum 33, L_0x5da8850a3170, L_0x78c96966f180;
L_0x5da8850a34d0 .concat [ 2 31 0 0], v0x5da885091b80_0, L_0x78c96966f210;
L_0x5da8850a3610 .cmp/eq 33, L_0x5da88506ea20, L_0x5da8850a34d0;
L_0x5da8850a3750 .concat [ 2 31 0 0], v0x5da885090d80_0, L_0x78c96966f258;
L_0x5da8850a3850 .arith/sum 33, L_0x5da8850a3750, L_0x78c96966f2a0;
L_0x5da8850a3990 .concat [ 2 31 0 0], v0x5da885091b80_0, L_0x78c96966f330;
L_0x5da8850a3b30 .cmp/eq 33, L_0x5da885070cc0, L_0x5da8850a3990;
L_0x5da8850a43e0 .part L_0x5da8850a3ac0, 16, 1;
L_0x5da8850a4550 .part L_0x5da8850a3ac0, 0, 16;
L_0x5da8850a4690 .array/port v0x5da885091620, L_0x5da8850a47c0;
L_0x5da8850a47c0 .concat [ 2 2 0 0], v0x5da885091b80_0, L_0x78c96966f378;
    .scope S_0x5da885048210;
T_0 ;
    %pushi/vec4 0, 0, 2;
    %store/vec4 v0x5da885090d80_0, 0, 2;
    %pushi/vec4 0, 0, 2;
    %store/vec4 v0x5da885091b80_0, 0, 2;
    %pushi/vec4 0, 0, 32;
    %store/vec4 v0x5da885090e60_0, 0, 32;
T_0.0 ;
    %load/vec4 v0x5da885090e60_0;
    %pad/s 33;
    %cmpi/s 3, 0, 33;
    %flag_or 5, 4;
    %jmp/0xz T_0.1, 5;
    %pushi/vec4 0, 0, 17;
    %ix/getv/s 4, v0x5da885090e60_0;
    %store/vec4a v0x5da885091620, 4, 0;
    %load/vec4 v0x5da885090e60_0;
    %addi 1, 0, 32;
    %store/vec4 v0x5da885090e60_0, 0, 32;
    %jmp T_0.0;
T_0.1 ;
    %end;
    .thread T_0;
    .scope S_0x5da885048210;
T_1 ;
    %wait E_0x5da8850639c0;
    %load/vec4 v0x5da8850916e0_0;
    %flag_set/vec4 8;
    %jmp/0xz  T_1.0, 8;
    %pushi/vec4 0, 0, 1;
    %assign/vec4 v0x5da885091a00_0, 0;
    %pushi/vec4 0, 0, 1;
    %assign/vec4 v0x5da885091560_0, 0;
    %jmp T_1.1;
T_1.0 ;
    %load/vec4 v0x5da885091180_0;
    %nor/r;
    %assign/vec4 v0x5da885091a00_0, 0;
    %load/vec4 v0x5da8850910c0_0;
    %nor/r;
    %assign/vec4 v0x5da885091560_0, 0;
T_1.1 ;
    %jmp T_1;
    .thread T_1, $push;
    .scope S_0x5da885048210;
T_2 ;
    %wait E_0x5da885060740;
    %load/vec4 v0x5da8850916e0_0;
    %flag_set/vec4 8;
    %jmp/0xz  T_2.0, 8;
    %pushi/vec4 0, 0, 2;
    %assign/vec4 v0x5da885090d80_0, 0;
    %pushi/vec4 0, 0, 2;
    %assign/vec4 v0x5da885091b80_0, 0;
    %jmp T_2.1;
T_2.0 ;
    %load/vec4 v0x5da885090c00_0;
    %flag_set/vec4 8;
    %jmp/0xz  T_2.2, 8;
    %load/vec4 v0x5da885091880_0;
    %load/vec4 v0x5da8850917a0_0;
    %concat/vec4; draw_concat_vec4
    %load/vec4 v0x5da885090d80_0;
    %pad/u 4;
    %ix/vec4 3;
    %ix/load 4, 0, 0; Constant delay
    %assign/vec4/a/d v0x5da885091620, 0, 4;
    %load/vec4 v0x5da885090d80_0;
    %addi 1, 0, 2;
    %assign/vec4 v0x5da885090d80_0, 0;
T_2.2 ;
    %load/vec4 v0x5da885090870_0;
    %flag_set/vec4 8;
    %jmp/0xz  T_2.4, 8;
    %load/vec4 v0x5da885091b80_0;
    %addi 1, 0, 2;
    %assign/vec4 v0x5da885091b80_0, 0;
T_2.4 ;
T_2.1 ;
    %jmp T_2;
    .thread T_2;
    .scope S_0x5da885048dd0;
T_3 ;
    %vpi_call 2 43 "$dumpfile", "../vcd/tb_AXISFifo.vcd" {0 0 0};
    %vpi_call 2 44 "$dumpvars", 32'sb00000000000000000000000000000000, S_0x5da885048210 {0 0 0};
    %end;
    .thread T_3;
    .scope S_0x5da885048dd0;
T_4 ;
    %pushi/vec4 0, 0, 1;
    %store/vec4 v0x5da885091f20_0, 0, 1;
T_4.0 ;
    %delay 1, 0;
    %load/vec4 v0x5da885091f20_0;
    %nor/r;
    %store/vec4 v0x5da885091f20_0, 0, 1;
    %jmp T_4.0;
    %end;
    .thread T_4;
    .scope S_0x5da885048dd0;
T_5 ;
    %pushi/vec4 0, 0, 1;
    %store/vec4 v0x5da885092540_0, 0, 1;
    %pushi/vec4 0, 0, 1;
    %store/vec4 v0x5da8850924a0_0, 0, 1;
    %pushi/vec4 0, 0, 16;
    %store/vec4 v0x5da885092610_0, 0, 16;
    %pushi/vec4 0, 0, 1;
    %store/vec4 v0x5da885092880_0, 0, 1;
    %pushi/vec4 0, 0, 1;
    %store/vec4 v0x5da8850926e0_0, 0, 1;
    %pushi/vec4 0, 0, 1;
    %store/vec4 v0x5da885092300_0, 0, 1;
    %delay 10, 0;
    %pushi/vec4 1, 0, 1;
    %store/vec4 v0x5da885092540_0, 0, 1;
    %delay 10, 0;
    %pushi/vec4 0, 0, 1;
    %store/vec4 v0x5da885092540_0, 0, 1;
    %delay 10, 0;
    %pushi/vec4 0, 0, 32;
    %store/vec4 v0x5da885091fe0_0, 0, 32;
    %pushi/vec4 1, 0, 1;
    %store/vec4 v0x5da8850924a0_0, 0, 1;
    %pushi/vec4 65535, 0, 16;
    %store/vec4 v0x5da885092610_0, 0, 16;
    %pushi/vec4 1, 0, 1;
    %store/vec4 v0x5da885092300_0, 0, 1;
    %pushi/vec4 3, 0, 32;
    %store/vec4 v0x5da885092950_0, 0, 32;
    %wait E_0x5da885060740;
    %delay 1, 0;
    %end;
    .thread T_5;
    .scope S_0x5da885048dd0;
T_6 ;
    %wait E_0x5da885060740;
    %load/vec4 v0x5da8850924a0_0;
    %flag_set/vec4 8;
    %jmp/0xz  T_6.0, 8;
    %load/vec4 v0x5da885091fe0_0;
    %subi 1, 0, 32;
    %vpi_call 2 83 "$display", "Count : %d -- %d:%d:%d:%X:%X:%X", S<0,vec4,s32>, v0x5da8850927b0_0, v0x5da885092880_0, v0x5da8850926e0_0, v0x5da885092300_0, v0x5da8850923d0_0, v0x5da885092230_0 {1 0 0};
    %load/vec4 v0x5da8850927b0_0;
    %load/vec4 v0x5da885092880_0;
    %and;
    %flag_set/vec4 8;
    %jmp/0xz  T_6.2, 8;
    %load/vec4 v0x5da885091fe0_0;
    %addi 1, 0, 32;
    %assign/vec4 v0x5da885091fe0_0, 0;
T_6.2 ;
    %load/vec4 v0x5da885092880_0;
    %nor/r;
    %load/vec4 v0x5da885091fe0_0;
    %cmpi/s 44, 0, 32;
    %flag_get/vec4 5;
    %and;
    %flag_set/vec4 8;
    %jmp/0xz  T_6.4, 8;
    %pushi/vec4 1, 0, 1;
    %assign/vec4 v0x5da885092880_0, 0;
T_6.4 ;
    %load/vec4 v0x5da885091fe0_0;
    %cmpi/e 24, 0, 32;
    %flag_mov 8, 4;
    %load/vec4 v0x5da885091fe0_0;
    %cmpi/e 40, 0, 32;
    %flag_or 4, 8;
    %jmp/0xz  T_6.6, 4;
    %pushi/vec4 1, 0, 1;
    %assign/vec4 v0x5da8850926e0_0, 0;
T_6.6 ;
    %load/vec4 v0x5da885091fe0_0;
    %cmpi/s 1, 0, 32;
    %flag_get/vec4 5;
    %load/vec4 v0x5da885092950_0;
    %pushi/vec4 0, 0, 32;
    %cmp/ne;
    %flag_get/vec4 4;
    %and;
    %flag_set/vec4 8;
    %load/vec4 v0x5da8850927b0_0;
    %load/vec4 v0x5da8850926e0_0;
    %and;
    %flag_set/vec4 9;
    %flag_or 9, 8;
    %load/vec4 v0x5da885091fe0_0;
    %cmpi/s 40, 0, 32;
    %flag_or 5, 4; GT is !LE
    %flag_inv 5;
    %flag_or 5, 9;
    %jmp/0xz  T_6.8, 5;
    %pushi/vec4 0, 0, 1;
    %assign/vec4 v0x5da8850926e0_0, 0;
    %pushi/vec4 0, 0, 1;
    %assign/vec4 v0x5da885092880_0, 0;
T_6.8 ;
    %pushi/vec4 40, 0, 32;
    %load/vec4 v0x5da885091fe0_0;
    %cmp/s;
    %flag_get/vec4 5;
    %load/vec4 v0x5da885092950_0;
    %nor/r;
    %and;
    %flag_set/vec4 8;
    %jmp/0xz  T_6.10, 8;
    %vpi_call 2 98 "$finish" {0 0 0};
T_6.10 ;
    %load/vec4 v0x5da885091fe0_0;
    %assign/vec4 v0x5da8850920b0_0, 0;
    %load/vec4 v0x5da885091fe0_0;
    %load/vec4 v0x5da8850920b0_0;
    %cmp/e;
    %flag_mov 8, 4;
    %load/vec4 v0x5da885092880_0;
    %load/vec4 v0x5da885092300_0;
    %or;
    %nor/r;
    %flag_set/vec4 9;
    %flag_or 9, 8;
    %jmp/0xz  T_6.12, 9;
    %load/vec4 v0x5da885092950_0;
    %cmpi/ne 0, 0, 32;
    %jmp/0xz  T_6.14, 4;
    %load/vec4 v0x5da885092950_0;
    %subi 1, 0, 32;
    %assign/vec4 v0x5da885092950_0, 0;
    %jmp T_6.15;
T_6.14 ;
    %pushi/vec4 3, 0, 32;
    %assign/vec4 v0x5da885092950_0, 0;
T_6.15 ;
T_6.12 ;
T_6.0 ;
    %jmp T_6;
    .thread T_6;
    .scope S_0x5da885048dd0;
T_7 ;
    %wait E_0x5da885060740;
    %load/vec4 v0x5da8850924a0_0;
    %flag_set/vec4 8;
    %jmp/0xz  T_7.0, 8;
    %load/vec4 v0x5da885091fe0_0;
    %pushi/vec4 4, 0, 32;
    %mod/s;
    %assign/vec4 v0x5da885091e20_0, 0;
    %load/vec4 v0x5da885091e20_0;
    %dup/vec4;
    %pushi/vec4 3, 0, 32;
    %cmp/u;
    %jmp/1 T_7.2, 6;
    %dup/vec4;
    %pushi/vec4 2, 0, 32;
    %cmp/u;
    %jmp/1 T_7.3, 6;
    %dup/vec4;
    %pushi/vec4 1, 0, 32;
    %cmp/u;
    %jmp/1 T_7.4, 6;
    %pushi/vec4 57005, 0, 16;
    %assign/vec4 v0x5da885092610_0, 0;
    %jmp T_7.6;
T_7.2 ;
    %pushi/vec4 47806, 0, 16;
    %assign/vec4 v0x5da885092610_0, 0;
    %jmp T_7.6;
T_7.3 ;
    %pushi/vec4 51966, 0, 16;
    %assign/vec4 v0x5da885092610_0, 0;
    %jmp T_7.6;
T_7.4 ;
    %pushi/vec4 48815, 0, 16;
    %assign/vec4 v0x5da885092610_0, 0;
    %jmp T_7.6;
T_7.6 ;
    %pop/vec4 1;
    %pushi/vec4 21, 0, 32;
    %load/vec4 v0x5da885091fe0_0;
    %cmp/s;
    %flag_get/vec4 4;
    %flag_get/vec4 5;
    %or;
    %load/vec4 v0x5da885091fe0_0;
    %cmpi/s 26, 0, 32;
    %flag_get/vec4 4;
    %flag_get/vec4 5;
    %or;
    %and;
    %load/vec4 v0x5da885092950_0;
    %pushi/vec4 0, 0, 32;
    %cmp/ne;
    %flag_get/vec4 4;
    %and;
    %flag_set/vec4 8;
    %pushi/vec4 36, 0, 32;
    %load/vec4 v0x5da885091fe0_0;
    %cmp/s;
    %flag_get/vec4 4;
    %flag_get/vec4 5;
    %or;
    %load/vec4 v0x5da885091fe0_0;
    %cmpi/s 40, 0, 32;
    %flag_get/vec4 5;
    %and;
    %load/vec4 v0x5da885092950_0;
    %pushi/vec4 0, 0, 32;
    %cmp/ne;
    %flag_get/vec4 4;
    %and;
    %flag_set/vec4 9;
    %flag_or 9, 8;
    %load/vec4 v0x5da885091fe0_0;
    %cmpi/s 44, 0, 32;
    %flag_or 5, 4; GT is !LE
    %flag_inv 5;
    %flag_or 5, 9;
    %jmp/0xz  T_7.7, 5;
    %pushi/vec4 0, 0, 1;
    %assign/vec4 v0x5da885092300_0, 0;
    %jmp T_7.8;
T_7.7 ;
    %load/vec4 v0x5da885092300_0;
    %nor/r;
    %flag_set/vec4 8;
    %jmp/0xz  T_7.9, 8;
    %pushi/vec4 1, 0, 1;
    %assign/vec4 v0x5da885092300_0, 0;
T_7.9 ;
T_7.8 ;
T_7.0 ;
    %jmp T_7;
    .thread T_7;
# The file index is used to find the file name in the following table.
:file_names 3;
    "N/A";
    "<interactive>";
    "/tmp/tmps2x4e2yp";
