#! /usr/bin/vvp
:ivl_version "11.0 (stable)";
:ivl_delay_selection "TYPICAL";
:vpi_time_precision - 12;
:vpi_module "/usr/lib/x86_64-linux-gnu/ivl/system.vpi";
:vpi_module "/usr/lib/x86_64-linux-gnu/ivl/vhdl_sys.vpi";
:vpi_module "/usr/lib/x86_64-linux-gnu/ivl/vhdl_textio.vpi";
:vpi_module "/usr/lib/x86_64-linux-gnu/ivl/v2005_math.vpi";
:vpi_module "/usr/lib/x86_64-linux-gnu/ivl/va_math.vpi";
S_0x59471923cf30 .scope module, "tb_AXISBroadcaster" "tb_AXISBroadcaster" 2 3;
 .timescale 0 0;
P_0x594719245e20 .param/l "CHANNELS" 1 2 9, +C4<00000000000000000000000000000100>;
P_0x594719245e60 .param/l "DATA_WIDTH" 1 2 8, +C4<00000000000000000000000000010000>;
v0x594719273f00_0 .var/i "_tmp_0", 31 0;
v0x594719274000_0 .var "clk", 0 0;
v0x5947192740c0_0 .var/i "count", 31 0;
v0x594719274160_0 .var/i "count2", 31 0;
v0x594719274240_0 .net "m_axis_0_tdata", 63 0, L_0x59471928c5d0;  1 drivers
v0x594719274300_0 .net "m_axis_0_tlast", 3 0, L_0x59471928ccb0;  1 drivers
v0x5947192743d0_0 .var "m_axis_0_tready", 3 0;
v0x5947192744a0_0 .net "m_axis_0_tvalid", 3 0, L_0x59471928ca30;  1 drivers
v0x594719274570_0 .var "reset_done", 0 0;
v0x5947192746a0_0 .var "rst", 0 0;
v0x594719274740_0 .var "s_axis_0_tdata", 15 0;
v0x594719274830_0 .var "s_axis_0_tlast", 0 0;
v0x594719274900_0 .net "s_axis_0_tready", 0 0, L_0x59471928f990;  1 drivers
v0x5947192749d0_0 .var "s_axis_0_tvalid", 0 0;
v0x594719274aa0_0 .var/i "timer", 31 0;
S_0x59471922d320 .scope generate, "genblk1[0]" "genblk1[0]" 2 134, 2 134 0, S_0x59471923cf30;
 .timescale 0 0;
P_0x5947191c0900 .param/l "CHN" 0 2 134, +C4<00>;
E_0x5947191dfc90 .event posedge, v0x594719263da0_0;
S_0x59471922daa0 .scope generate, "genblk1[1]" "genblk1[1]" 2 134, 2 134 0, S_0x59471923cf30;
 .timescale 0 0;
P_0x59471920c540 .param/l "CHN" 0 2 134, +C4<01>;
S_0x59471922e280 .scope generate, "genblk1[2]" "genblk1[2]" 2 134, 2 134 0, S_0x59471923cf30;
 .timescale 0 0;
P_0x59471920f620 .param/l "CHN" 0 2 134, +C4<010>;
S_0x59471922e660 .scope generate, "genblk1[3]" "genblk1[3]" 2 134, 2 134 0, S_0x59471923cf30;
 .timescale 0 0;
P_0x5947192450f0 .param/l "CHN" 0 2 134, +C4<011>;
S_0x59471923bbf0 .scope module, "uut" "AXISBroadcaster" 2 27, 2 154 0, S_0x59471923cf30;
 .timescale 0 0;
    .port_info 0 /INPUT 1 "clk";
    .port_info 1 /INPUT 1 "rst";
    .port_info 2 /INPUT 16 "s_axis_0_tdata";
    .port_info 3 /INPUT 1 "s_axis_0_tvalid";
    .port_info 4 /OUTPUT 1 "s_axis_0_tready";
    .port_info 5 /INPUT 1 "s_axis_0_tlast";
    .port_info 6 /OUTPUT 64 "m_axis_0_tdata";
    .port_info 7 /OUTPUT 4 "m_axis_0_tvalid";
    .port_info 8 /INPUT 4 "m_axis_0_tready";
    .port_info 9 /OUTPUT 4 "m_axis_0_tlast";
P_0x5947191a66a0 .param/l "CHANNELS" 0 2 157, +C4<00000000000000000000000000000100>;
P_0x5947191a66e0 .param/l "DATA_WIDTH" 0 2 156, +C4<00000000000000000000000000010000>;
P_0x5947191a6720 .param/l "FIFO_DEPTH" 1 2 172, +C4<00000000000000000000000000000100>;
L_0x59471928f010 .functor AND 1, v0x5947192749d0_0, L_0x59471928fa50, C4<1>, C4<1>;
L_0x59471928f990 .functor BUFZ 1, L_0x59471928fa50, C4<0>, C4<0>, C4<0>;
v0x594719272770_0 .net *"_ivl_52", 0 0, L_0x59471928f010;  1 drivers
L_0x79c88c7b7fd8 .functor BUFT 1, C4<0>, C4<0>, C4<0>, C4<0>;
v0x594719272810_0 .net/2u *"_ivl_54", 0 0, L_0x79c88c7b7fd8;  1 drivers
v0x5947192728b0_0 .net *"_ivl_58", 16 0, L_0x59471928f260;  1 drivers
L_0x79c88c7b8020 .functor BUFT 1, C4<1111>, C4<0>, C4<0>, C4<0>;
v0x594719272980_0 .net/2u *"_ivl_64", 3 0, L_0x79c88c7b8020;  1 drivers
L_0x79c88c7b8068 .functor BUFT 1, C4<0>, C4<0>, C4<0>, C4<0>;
v0x594719272a60_0 .net/2u *"_ivl_72", 0 0, L_0x79c88c7b8068;  1 drivers
v0x594719272b40_0 .net "clk", 0 0, v0x594719274000_0;  1 drivers
v0x594719272c70_0 .net "data_in_next", 16 0, L_0x59471928ef70;  1 drivers
v0x594719272d50_0 .net "data_keep_in_next", 3 0, L_0x59471928f6a0;  1 drivers
v0x594719272e30_0 .net "data_keep_next", 3 0, L_0x59471928c250;  1 drivers
v0x594719272fa0_0 .var "data_keep_reg", 3 0;
v0x594719273080_0 .net "data_keep_reg_next", 3 0, L_0x59471928f790;  1 drivers
v0x594719273160_0 .var "data_reg", 16 0;
v0x594719273240_0 .net "data_reg_next", 16 0, L_0x59471928f4f0;  1 drivers
v0x594719273320_0 .net "input_handshake", 0 0, L_0x59471928f0d0;  1 drivers
v0x5947192733e0_0 .net "load_from_in", 0 0, L_0x59471928ee80;  1 drivers
v0x5947192734a0_0 .net "load_from_reg", 0 0, L_0x59471928ed90;  1 drivers
v0x594719273560_0 .net "m_axis_0_tdata", 63 0, L_0x59471928c5d0;  alias, 1 drivers
v0x594719273640_0 .net "m_axis_0_tlast", 3 0, L_0x59471928ccb0;  alias, 1 drivers
v0x594719273720_0 .net "m_axis_0_tready", 3 0, v0x5947192743d0_0;  1 drivers
v0x594719273800_0 .net "m_axis_0_tvalid", 3 0, L_0x59471928ca30;  alias, 1 drivers
v0x5947192738e0_0 .net "rst", 0 0, v0x5947192746a0_0;  1 drivers
v0x594719273980_0 .net "s_axis_0_tdata", 15 0, v0x594719274740_0;  1 drivers
v0x594719273a60_0 .net "s_axis_0_tlast", 0 0, v0x594719274830_0;  1 drivers
v0x594719273b20_0 .net "s_axis_0_tready", 0 0, L_0x59471928f990;  alias, 1 drivers
v0x594719273be0_0 .net "s_axis_0_tready_reg", 0 0, L_0x59471928fa50;  1 drivers
v0x594719273ca0_0 .net "s_axis_0_tvalid", 0 0, v0x5947192749d0_0;  1 drivers
L_0x594719274b40 .part v0x594719273160_0, 16, 1;
L_0x594719274be0 .part v0x594719272fa0_0, 0, 1;
L_0x594719274eb0 .part v0x5947192743d0_0, 0, 1;
L_0x594719286f60 .part v0x594719273160_0, 16, 1;
L_0x5947192870d0 .part v0x594719272fa0_0, 0, 1;
L_0x594719287510 .part v0x5947192743d0_0, 1, 1;
L_0x5947192895f0 .part v0x594719273160_0, 16, 1;
L_0x5947192896e0 .part v0x594719272fa0_0, 0, 1;
L_0x594719289b20 .part v0x5947192743d0_0, 2, 1;
L_0x59471928bed0 .part v0x594719273160_0, 16, 1;
L_0x59471928c0b0 .part v0x594719272fa0_0, 0, 1;
L_0x59471928c250 .concat8 [ 1 1 1 1], L_0x594719274cb0, L_0x5947192872d0, L_0x5947192898e0, L_0x59471928c400;
L_0x59471928c5d0 .concat8 [ 16 16 16 16], L_0x594719223af0, L_0x594719287450, L_0x594719289a60, L_0x59471928c7b0;
L_0x59471928c8c0 .part v0x5947192743d0_0, 3, 1;
L_0x59471928ca30 .concat8 [ 1 1 1 1], L_0x594719223060, L_0x594719287640, L_0x594719289ca0, L_0x59471928c390;
L_0x59471928ccb0 .concat8 [ 1 1 1 1], L_0x594719213d60, L_0x594719287700, L_0x594719289d10, L_0x59471928cf20;
L_0x59471928ed90 .reduce/or L_0x59471928c250;
L_0x59471928ee80 .reduce/nor L_0x59471928ed90;
L_0x59471928f0d0 .functor MUXZ 1, L_0x79c88c7b7fd8, L_0x59471928f010, L_0x59471928ee80, C4<>;
L_0x59471928f260 .concat [ 16 1 0 0], v0x594719274740_0, v0x594719274830_0;
L_0x59471928ef70 .functor MUXZ 17, v0x594719273160_0, L_0x59471928f260, L_0x59471928f0d0, C4<>;
L_0x59471928f4f0 .functor MUXZ 17, L_0x59471928ef70, v0x594719273160_0, L_0x59471928ed90, C4<>;
L_0x59471928f6a0 .functor MUXZ 4, L_0x59471928c250, L_0x79c88c7b8020, L_0x59471928f0d0, C4<>;
L_0x59471928f790 .functor MUXZ 4, L_0x59471928f6a0, L_0x59471928c250, L_0x59471928ed90, C4<>;
L_0x59471928fa50 .functor MUXZ 1, L_0x59471928ee80, L_0x79c88c7b8068, v0x5947192746a0_0, C4<>;
S_0x59471923c370 .scope generate, "genblk1[0]" "genblk1[0]" 2 206, 2 206 0, S_0x59471923bbf0;
 .timescale 0 0;
P_0x594719195640 .param/l "CHN" 0 2 206, +C4<00>;
L_0x594719232300 .functor AND 1, L_0x594719286760, L_0x594719274be0, C4<1>, C4<1>;
L_0x594719223af0 .functor BUFZ 16, L_0x594719286b40, C4<0000000000000000>, C4<0000000000000000>, C4<0000000000000000>;
L_0x594719223060 .functor BUFZ 1, L_0x594719286820, C4<0>, C4<0>, C4<0>;
L_0x594719213d60 .functor BUFZ 1, L_0x594719286a20, C4<0>, C4<0>, C4<0>;
v0x594719265200_0 .net *"_ivl_12", 0 0, L_0x594719223060;  1 drivers
v0x594719265300_0 .net *"_ivl_14", 0 0, L_0x594719213d60;  1 drivers
L_0x79c88c7b7018 .functor BUFT 1, C4<0>, C4<0>, C4<0>, C4<0>;
v0x5947192653e0_0 .net/2u *"_ivl_4", 0 0, L_0x79c88c7b7018;  1 drivers
v0x5947192654a0_0 .net *"_ivl_6", 0 0, L_0x594719274cb0;  1 drivers
v0x594719265580_0 .net *"_ivl_9", 15 0, L_0x594719223af0;  1 drivers
v0x594719265660_0 .net "m_fifo_tdata", 15 0, L_0x594719286b40;  1 drivers
v0x594719265720_0 .net "m_fifo_tlast", 0 0, L_0x594719286a20;  1 drivers
v0x5947192657c0_0 .net "m_fifo_tready", 0 0, L_0x594719274eb0;  1 drivers
v0x594719265860_0 .net "m_fifo_tvalid", 0 0, L_0x594719286820;  1 drivers
v0x594719265900_0 .net "s_fifo_handshake", 0 0, L_0x594719232300;  1 drivers
v0x5947192659a0_0 .var "s_fifo_tdata", 15 0;
v0x594719265a40_0 .net "s_fifo_tlast", 0 0, L_0x594719274b40;  1 drivers
v0x594719265b10_0 .net "s_fifo_tready", 0 0, L_0x594719286760;  1 drivers
v0x594719265be0_0 .net "s_fifo_tvalid", 0 0, L_0x594719274be0;  1 drivers
E_0x5947191e6dd0 .event edge, v0x594719273160_0;
L_0x594719274cb0 .functor MUXZ 1, L_0x594719274be0, L_0x79c88c7b7018, L_0x594719232300, C4<>;
S_0x59471923cb50 .scope module, "AXISFifo_inst_i" "AXISFifo" 2 236, 3 5 0, S_0x59471923c370;
 .timescale -9 -12;
    .port_info 0 /INPUT 1 "clk";
    .port_info 1 /INPUT 1 "rst";
    .port_info 2 /INPUT 16 "s_axis_0_tdata";
    .port_info 3 /INPUT 1 "s_axis_0_tvalid";
    .port_info 4 /OUTPUT 1 "s_axis_0_tready";
    .port_info 5 /INPUT 1 "s_axis_0_tlast";
    .port_info 6 /OUTPUT 16 "m_axis_0_tdata";
    .port_info 7 /OUTPUT 1 "m_axis_0_tvalid";
    .port_info 8 /INPUT 1 "m_axis_0_tready";
    .port_info 9 /OUTPUT 1 "m_axis_0_tlast";
    .port_info 10 /OUTPUT 1 "full";
    .port_info 11 /OUTPUT 1 "almost_full";
    .port_info 12 /OUTPUT 1 "empty";
    .port_info 13 /OUTPUT 1 "almost_empty";
P_0x5947191cf870 .param/l "ADDRESS_WIDTH" 0 3 7, +C4<00000000000000000000000000000010>;
P_0x5947191cf8b0 .param/l "DATA_WIDTH" 0 3 6, +C4<00000000000000000000000000010000>;
P_0x5947191cf8f0 .param/l "EXP_ADDR_WIDTH" 1 3 28, +C4<000000000000000000000000000000011>;
L_0x79c88c7b7138 .functor BUFT 1, C4<000000000000000000000000000000011>, C4<0>, C4<0>, C4<0>;
L_0x594719204e30 .functor AND 33, L_0x594719285450, L_0x79c88c7b7138, C4<111111111111111111111111111111111>, C4<111111111111111111111111111111111>;
L_0x79c88c7b7210 .functor BUFT 1, C4<000000000000000000000000000000011>, C4<0>, C4<0>, C4<0>;
L_0x594719203ae0 .functor AND 33, L_0x594719285950, L_0x79c88c7b7210, C4<111111111111111111111111111111111>, C4<111111111111111111111111111111111>;
L_0x79c88c7b7330 .functor BUFT 1, C4<000000000000000000000000000000011>, C4<0>, C4<0>, C4<0>;
L_0x594719202790 .functor AND 33, L_0x594719285f80, L_0x79c88c7b7330, C4<111111111111111111111111111111111>, C4<111111111111111111111111111111111>;
L_0x5947192863f0 .functor BUFZ 1, L_0x594719285d00, C4<0>, C4<0>, C4<0>;
L_0x5947192864e0 .functor OR 1, L_0x5947192862b0, L_0x594719285d00, C4<0>, C4<0>;
L_0x5947192865a0 .functor BUFZ 1, L_0x5947192750c0, C4<0>, C4<0>, C4<0>;
L_0x5947192866a0 .functor OR 1, L_0x5947192856e0, L_0x5947192750c0, C4<0>, C4<0>;
L_0x594719286760 .functor BUFZ 1, v0x594719264de0_0, C4<0>, C4<0>, C4<0>;
L_0x594719286820 .functor BUFZ 1, v0x594719264940_0, C4<0>, C4<0>, C4<0>;
L_0x594719286890 .functor AND 1, v0x594719264de0_0, L_0x594719274be0, C4<1>, C4<1>;
L_0x5947192869b0 .functor AND 1, v0x594719264940_0, L_0x594719274eb0, C4<1>, C4<1>;
L_0x594719286240 .functor BUFZ 17, L_0x594719286c30, C4<00000000000000000>, C4<00000000000000000>, C4<00000000000000000>;
L_0x79c88c7b70f0 .functor BUFT 1, C4<000000000000000000000000000000001>, C4<0>, C4<0>, C4<0>;
v0x5947192324a0_0 .net/2u *"_ivl_10", 32 0, L_0x79c88c7b70f0;  1 drivers
v0x594719223bc0_0 .net *"_ivl_12", 32 0, L_0x594719285450;  1 drivers
v0x594719223200_0 .net/2u *"_ivl_14", 32 0, L_0x79c88c7b7138;  1 drivers
v0x594719213f00_0 .net *"_ivl_16", 32 0, L_0x594719204e30;  1 drivers
v0x594719204f90_0 .net *"_ivl_2", 32 0, L_0x594719275160;  1 drivers
v0x594719203c40_0 .net *"_ivl_20", 32 0, L_0x594719285820;  1 drivers
L_0x79c88c7b7180 .functor BUFT 1, C4<0000000000000000000000000000000>, C4<0>, C4<0>, C4<0>;
v0x5947192028f0_0 .net *"_ivl_23", 30 0, L_0x79c88c7b7180;  1 drivers
L_0x79c88c7b71c8 .functor BUFT 1, C4<000000000000000000000000000000001>, C4<0>, C4<0>, C4<0>;
v0x594719262930_0 .net/2u *"_ivl_24", 32 0, L_0x79c88c7b71c8;  1 drivers
v0x594719262a10_0 .net *"_ivl_26", 32 0, L_0x594719285950;  1 drivers
v0x594719262b80_0 .net/2u *"_ivl_28", 32 0, L_0x79c88c7b7210;  1 drivers
v0x594719262c60_0 .net *"_ivl_30", 32 0, L_0x594719203ae0;  1 drivers
v0x594719262d40_0 .net *"_ivl_32", 32 0, L_0x594719285b30;  1 drivers
L_0x79c88c7b7258 .functor BUFT 1, C4<0000000000000000000000000000000>, C4<0>, C4<0>, C4<0>;
v0x594719262e20_0 .net *"_ivl_35", 30 0, L_0x79c88c7b7258;  1 drivers
v0x594719262f00_0 .net *"_ivl_38", 32 0, L_0x594719285df0;  1 drivers
L_0x79c88c7b72a0 .functor BUFT 1, C4<0000000000000000000000000000000>, C4<0>, C4<0>, C4<0>;
v0x594719262fe0_0 .net *"_ivl_41", 30 0, L_0x79c88c7b72a0;  1 drivers
L_0x79c88c7b72e8 .functor BUFT 1, C4<000000000000000000000000000000010>, C4<0>, C4<0>, C4<0>;
v0x5947192630c0_0 .net/2u *"_ivl_42", 32 0, L_0x79c88c7b72e8;  1 drivers
v0x5947192631a0_0 .net *"_ivl_44", 32 0, L_0x594719285f80;  1 drivers
v0x594719263280_0 .net/2u *"_ivl_46", 32 0, L_0x79c88c7b7330;  1 drivers
v0x594719263360_0 .net *"_ivl_48", 32 0, L_0x594719202790;  1 drivers
L_0x79c88c7b7060 .functor BUFT 1, C4<0000000000000000000000000000000>, C4<0>, C4<0>, C4<0>;
v0x594719263440_0 .net *"_ivl_5", 30 0, L_0x79c88c7b7060;  1 drivers
v0x594719263520_0 .net *"_ivl_50", 32 0, L_0x594719286110;  1 drivers
L_0x79c88c7b7378 .functor BUFT 1, C4<0000000000000000000000000000000>, C4<0>, C4<0>, C4<0>;
v0x594719263600_0 .net *"_ivl_53", 30 0, L_0x79c88c7b7378;  1 drivers
v0x5947192636e0_0 .net *"_ivl_6", 32 0, L_0x5947192852e0;  1 drivers
v0x5947192637c0_0 .net *"_ivl_75", 16 0, L_0x594719286c30;  1 drivers
v0x5947192638a0_0 .net *"_ivl_77", 3 0, L_0x594719286d60;  1 drivers
L_0x79c88c7b73c0 .functor BUFT 1, C4<00>, C4<0>, C4<0>, C4<0>;
v0x594719263980_0 .net *"_ivl_80", 1 0, L_0x79c88c7b73c0;  1 drivers
v0x594719263a60_0 .net *"_ivl_82", 16 0, L_0x594719286240;  1 drivers
L_0x79c88c7b70a8 .functor BUFT 1, C4<0000000000000000000000000000000>, C4<0>, C4<0>, C4<0>;
v0x594719263b40_0 .net *"_ivl_9", 30 0, L_0x79c88c7b70a8;  1 drivers
v0x594719263c20_0 .net "almost_empty", 0 0, L_0x5947192866a0;  1 drivers
v0x594719263ce0_0 .net "almost_full", 0 0, L_0x5947192864e0;  1 drivers
v0x594719263da0_0 .net "clk", 0 0, v0x594719274000_0;  alias, 1 drivers
v0x594719263e60_0 .net "deq", 0 0, L_0x5947192869b0;  1 drivers
v0x594719263f20_0 .net "empty", 0 0, L_0x5947192865a0;  1 drivers
v0x594719263fe0_0 .net "enq", 0 0, L_0x594719286890;  1 drivers
v0x5947192640a0_0 .net "full", 0 0, L_0x5947192863f0;  1 drivers
v0x594719264160_0 .var "head", 1 0;
v0x594719264240_0 .var/i "i", 31 0;
v0x594719264320_0 .net "is_almost_empty", 0 0, L_0x5947192856e0;  1 drivers
v0x5947192643e0_0 .net "is_almost_full", 0 0, L_0x5947192862b0;  1 drivers
v0x5947192644a0_0 .net "is_empty", 0 0, L_0x5947192750c0;  1 drivers
v0x594719264560_0 .net "is_full", 0 0, L_0x594719285d00;  1 drivers
v0x594719264620_0 .net "m_axis_0_tdata", 15 0, L_0x594719286b40;  alias, 1 drivers
v0x594719264700_0 .net "m_axis_0_tlast", 0 0, L_0x594719286a20;  alias, 1 drivers
v0x5947192647c0_0 .net "m_axis_0_tready", 0 0, L_0x594719274eb0;  alias, 1 drivers
v0x594719264880_0 .net "m_axis_0_tvalid", 0 0, L_0x594719286820;  alias, 1 drivers
v0x594719264940_0 .var "m_axis_0_tvalid_int", 0 0;
v0x594719264a00 .array "mem", 3 0, 16 0;
v0x594719264ac0_0 .net "rst", 0 0, v0x5947192746a0_0;  alias, 1 drivers
v0x594719264b80_0 .net "s_axis_0_tdata", 15 0, v0x5947192659a0_0;  1 drivers
v0x594719264c60_0 .net "s_axis_0_tlast", 0 0, L_0x594719274b40;  alias, 1 drivers
v0x594719264d20_0 .net "s_axis_0_tready", 0 0, L_0x594719286760;  alias, 1 drivers
v0x594719264de0_0 .var "s_axis_0_tready_int", 0 0;
v0x594719264ea0_0 .net "s_axis_0_tvalid", 0 0, L_0x594719274be0;  alias, 1 drivers
v0x594719264f60_0 .var "tail", 1 0;
E_0x5947191b8bb0 .event edge, v0x594719264ac0_0, v0x594719264560_0, v0x5947192644a0_0;
L_0x5947192750c0 .cmp/eq 2, v0x594719264160_0, v0x594719264f60_0;
L_0x594719275160 .concat [ 2 31 0 0], v0x594719264160_0, L_0x79c88c7b7060;
L_0x5947192852e0 .concat [ 2 31 0 0], v0x594719264f60_0, L_0x79c88c7b70a8;
L_0x594719285450 .arith/sum 33, L_0x5947192852e0, L_0x79c88c7b70f0;
L_0x5947192856e0 .cmp/eq 33, L_0x594719275160, L_0x594719204e30;
L_0x594719285820 .concat [ 2 31 0 0], v0x594719264160_0, L_0x79c88c7b7180;
L_0x594719285950 .arith/sum 33, L_0x594719285820, L_0x79c88c7b71c8;
L_0x594719285b30 .concat [ 2 31 0 0], v0x594719264f60_0, L_0x79c88c7b7258;
L_0x594719285d00 .cmp/eq 33, L_0x594719203ae0, L_0x594719285b30;
L_0x594719285df0 .concat [ 2 31 0 0], v0x594719264160_0, L_0x79c88c7b72a0;
L_0x594719285f80 .arith/sum 33, L_0x594719285df0, L_0x79c88c7b72e8;
L_0x594719286110 .concat [ 2 31 0 0], v0x594719264f60_0, L_0x79c88c7b7378;
L_0x5947192862b0 .cmp/eq 33, L_0x594719202790, L_0x594719286110;
L_0x594719286a20 .part L_0x594719286240, 16, 1;
L_0x594719286b40 .part L_0x594719286240, 0, 16;
L_0x594719286c30 .array/port v0x594719264a00, L_0x594719286d60;
L_0x594719286d60 .concat [ 2 2 0 0], v0x594719264f60_0, L_0x79c88c7b73c0;
S_0x594719265cb0 .scope generate, "genblk1[1]" "genblk1[1]" 2 206, 2 206 0, S_0x59471923bbf0;
 .timescale 0 0;
P_0x594719265e40 .param/l "CHN" 0 2 206, +C4<01>;
L_0x594719287210 .functor AND 1, L_0x594719288df0, L_0x5947192870d0, C4<1>, C4<1>;
L_0x594719287450 .functor BUFZ 16, L_0x5947192891d0, C4<0000000000000000>, C4<0000000000000000>, C4<0000000000000000>;
L_0x594719287640 .functor BUFZ 1, L_0x594719288eb0, C4<0>, C4<0>, C4<0>;
L_0x594719287700 .functor BUFZ 1, L_0x5947192890b0, C4<0>, C4<0>, C4<0>;
v0x5947192694a0_0 .net *"_ivl_12", 0 0, L_0x594719287640;  1 drivers
v0x5947192695a0_0 .net *"_ivl_14", 0 0, L_0x594719287700;  1 drivers
L_0x79c88c7b7408 .functor BUFT 1, C4<0>, C4<0>, C4<0>, C4<0>;
v0x594719269680_0 .net/2u *"_ivl_4", 0 0, L_0x79c88c7b7408;  1 drivers
v0x594719269770_0 .net *"_ivl_6", 0 0, L_0x5947192872d0;  1 drivers
v0x594719269850_0 .net *"_ivl_9", 15 0, L_0x594719287450;  1 drivers
v0x594719269930_0 .net "m_fifo_tdata", 15 0, L_0x5947192891d0;  1 drivers
v0x5947192699f0_0 .net "m_fifo_tlast", 0 0, L_0x5947192890b0;  1 drivers
v0x594719269ac0_0 .net "m_fifo_tready", 0 0, L_0x594719287510;  1 drivers
v0x594719269b90_0 .net "m_fifo_tvalid", 0 0, L_0x594719288eb0;  1 drivers
v0x594719269c60_0 .net "s_fifo_handshake", 0 0, L_0x594719287210;  1 drivers
v0x594719269d00_0 .var "s_fifo_tdata", 15 0;
v0x594719269dd0_0 .net "s_fifo_tlast", 0 0, L_0x594719286f60;  1 drivers
v0x594719269ea0_0 .net "s_fifo_tready", 0 0, L_0x594719288df0;  1 drivers
v0x594719269f70_0 .net "s_fifo_tvalid", 0 0, L_0x5947192870d0;  1 drivers
L_0x5947192872d0 .functor MUXZ 1, L_0x5947192870d0, L_0x79c88c7b7408, L_0x594719287210, C4<>;
S_0x594719265ee0 .scope module, "AXISFifo_inst_i" "AXISFifo" 2 236, 3 5 0, S_0x594719265cb0;
 .timescale -9 -12;
    .port_info 0 /INPUT 1 "clk";
    .port_info 1 /INPUT 1 "rst";
    .port_info 2 /INPUT 16 "s_axis_0_tdata";
    .port_info 3 /INPUT 1 "s_axis_0_tvalid";
    .port_info 4 /OUTPUT 1 "s_axis_0_tready";
    .port_info 5 /INPUT 1 "s_axis_0_tlast";
    .port_info 6 /OUTPUT 16 "m_axis_0_tdata";
    .port_info 7 /OUTPUT 1 "m_axis_0_tvalid";
    .port_info 8 /INPUT 1 "m_axis_0_tready";
    .port_info 9 /OUTPUT 1 "m_axis_0_tlast";
    .port_info 10 /OUTPUT 1 "full";
    .port_info 11 /OUTPUT 1 "almost_full";
    .port_info 12 /OUTPUT 1 "empty";
    .port_info 13 /OUTPUT 1 "almost_empty";
P_0x5947192660c0 .param/l "ADDRESS_WIDTH" 0 3 7, +C4<00000000000000000000000000000010>;
P_0x594719266100 .param/l "DATA_WIDTH" 0 3 6, +C4<00000000000000000000000000010000>;
P_0x594719266140 .param/l "EXP_ADDR_WIDTH" 1 3 28, +C4<000000000000000000000000000000011>;
L_0x79c88c7b7528 .functor BUFT 1, C4<000000000000000000000000000000011>, C4<0>, C4<0>, C4<0>;
L_0x594719287b80 .functor AND 33, L_0x594719287ae0, L_0x79c88c7b7528, C4<111111111111111111111111111111111>, C4<111111111111111111111111111111111>;
L_0x79c88c7b7600 .functor BUFT 1, C4<000000000000000000000000000000011>, C4<0>, C4<0>, C4<0>;
L_0x594719288070 .functor AND 33, L_0x594719287fd0, L_0x79c88c7b7600, C4<111111111111111111111111111111111>, C4<111111111111111111111111111111111>;
L_0x79c88c7b7720 .functor BUFT 1, C4<000000000000000000000000000000011>, C4<0>, C4<0>, C4<0>;
L_0x594719288640 .functor AND 33, L_0x5947192885a0, L_0x79c88c7b7720, C4<111111111111111111111111111111111>, C4<111111111111111111111111111111111>;
L_0x594719288a80 .functor BUFZ 1, L_0x594719288360, C4<0>, C4<0>, C4<0>;
L_0x594719288b70 .functor OR 1, L_0x594719288940, L_0x594719288360, C4<0>, C4<0>;
L_0x594719288c30 .functor BUFZ 1, L_0x5947192877c0, C4<0>, C4<0>, C4<0>;
L_0x594719288d30 .functor OR 1, L_0x594719287d60, L_0x5947192877c0, C4<0>, C4<0>;
L_0x594719288df0 .functor BUFZ 1, v0x594719269000_0, C4<0>, C4<0>, C4<0>;
L_0x594719288eb0 .functor BUFZ 1, v0x594719268b70_0, C4<0>, C4<0>, C4<0>;
L_0x594719288f20 .functor AND 1, v0x594719269000_0, L_0x5947192870d0, C4<1>, C4<1>;
L_0x594719289040 .functor AND 1, v0x594719268b70_0, L_0x594719287510, C4<1>, C4<1>;
L_0x5947192888d0 .functor BUFZ 17, L_0x5947192892c0, C4<00000000000000000>, C4<00000000000000000>, C4<00000000000000000>;
L_0x79c88c7b74e0 .functor BUFT 1, C4<000000000000000000000000000000001>, C4<0>, C4<0>, C4<0>;
v0x5947192663c0_0 .net/2u *"_ivl_10", 32 0, L_0x79c88c7b74e0;  1 drivers
v0x594719266480_0 .net *"_ivl_12", 32 0, L_0x594719287ae0;  1 drivers
v0x594719266560_0 .net/2u *"_ivl_14", 32 0, L_0x79c88c7b7528;  1 drivers
v0x594719266650_0 .net *"_ivl_16", 32 0, L_0x594719287b80;  1 drivers
v0x594719266730_0 .net *"_ivl_2", 32 0, L_0x594719287860;  1 drivers
v0x594719266860_0 .net *"_ivl_20", 32 0, L_0x594719287ea0;  1 drivers
L_0x79c88c7b7570 .functor BUFT 1, C4<0000000000000000000000000000000>, C4<0>, C4<0>, C4<0>;
v0x594719266940_0 .net *"_ivl_23", 30 0, L_0x79c88c7b7570;  1 drivers
L_0x79c88c7b75b8 .functor BUFT 1, C4<000000000000000000000000000000001>, C4<0>, C4<0>, C4<0>;
v0x594719266a20_0 .net/2u *"_ivl_24", 32 0, L_0x79c88c7b75b8;  1 drivers
v0x594719266b00_0 .net *"_ivl_26", 32 0, L_0x594719287fd0;  1 drivers
v0x594719266be0_0 .net/2u *"_ivl_28", 32 0, L_0x79c88c7b7600;  1 drivers
v0x594719266cc0_0 .net *"_ivl_30", 32 0, L_0x594719288070;  1 drivers
v0x594719266da0_0 .net *"_ivl_32", 32 0, L_0x594719288220;  1 drivers
L_0x79c88c7b7648 .functor BUFT 1, C4<0000000000000000000000000000000>, C4<0>, C4<0>, C4<0>;
v0x594719266e80_0 .net *"_ivl_35", 30 0, L_0x79c88c7b7648;  1 drivers
v0x594719266f60_0 .net *"_ivl_38", 32 0, L_0x5947192884a0;  1 drivers
L_0x79c88c7b7690 .functor BUFT 1, C4<0000000000000000000000000000000>, C4<0>, C4<0>, C4<0>;
v0x594719267040_0 .net *"_ivl_41", 30 0, L_0x79c88c7b7690;  1 drivers
L_0x79c88c7b76d8 .functor BUFT 1, C4<000000000000000000000000000000010>, C4<0>, C4<0>, C4<0>;
v0x594719267120_0 .net/2u *"_ivl_42", 32 0, L_0x79c88c7b76d8;  1 drivers
v0x594719267200_0 .net *"_ivl_44", 32 0, L_0x5947192885a0;  1 drivers
v0x5947192672e0_0 .net/2u *"_ivl_46", 32 0, L_0x79c88c7b7720;  1 drivers
v0x5947192673c0_0 .net *"_ivl_48", 32 0, L_0x594719288640;  1 drivers
L_0x79c88c7b7450 .functor BUFT 1, C4<0000000000000000000000000000000>, C4<0>, C4<0>, C4<0>;
v0x5947192674a0_0 .net *"_ivl_5", 30 0, L_0x79c88c7b7450;  1 drivers
v0x594719267580_0 .net *"_ivl_50", 32 0, L_0x5947192887a0;  1 drivers
L_0x79c88c7b7768 .functor BUFT 1, C4<0000000000000000000000000000000>, C4<0>, C4<0>, C4<0>;
v0x594719267660_0 .net *"_ivl_53", 30 0, L_0x79c88c7b7768;  1 drivers
v0x594719267740_0 .net *"_ivl_6", 32 0, L_0x5947192879a0;  1 drivers
v0x594719267820_0 .net *"_ivl_75", 16 0, L_0x5947192892c0;  1 drivers
v0x594719267900_0 .net *"_ivl_77", 3 0, L_0x5947192893f0;  1 drivers
L_0x79c88c7b77b0 .functor BUFT 1, C4<00>, C4<0>, C4<0>, C4<0>;
v0x5947192679e0_0 .net *"_ivl_80", 1 0, L_0x79c88c7b77b0;  1 drivers
v0x594719267ac0_0 .net *"_ivl_82", 16 0, L_0x5947192888d0;  1 drivers
L_0x79c88c7b7498 .functor BUFT 1, C4<0000000000000000000000000000000>, C4<0>, C4<0>, C4<0>;
v0x594719267ba0_0 .net *"_ivl_9", 30 0, L_0x79c88c7b7498;  1 drivers
v0x594719267c80_0 .net "almost_empty", 0 0, L_0x594719288d30;  1 drivers
v0x594719267d40_0 .net "almost_full", 0 0, L_0x594719288b70;  1 drivers
v0x594719267e00_0 .net "clk", 0 0, v0x594719274000_0;  alias, 1 drivers
v0x594719267ea0_0 .net "deq", 0 0, L_0x594719289040;  1 drivers
v0x594719267f40_0 .net "empty", 0 0, L_0x594719288c30;  1 drivers
v0x594719268210_0 .net "enq", 0 0, L_0x594719288f20;  1 drivers
v0x5947192682d0_0 .net "full", 0 0, L_0x594719288a80;  1 drivers
v0x594719268390_0 .var "head", 1 0;
v0x594719268470_0 .var/i "i", 31 0;
v0x594719268550_0 .net "is_almost_empty", 0 0, L_0x594719287d60;  1 drivers
v0x594719268610_0 .net "is_almost_full", 0 0, L_0x594719288940;  1 drivers
v0x5947192686d0_0 .net "is_empty", 0 0, L_0x5947192877c0;  1 drivers
v0x594719268790_0 .net "is_full", 0 0, L_0x594719288360;  1 drivers
v0x594719268850_0 .net "m_axis_0_tdata", 15 0, L_0x5947192891d0;  alias, 1 drivers
v0x594719268930_0 .net "m_axis_0_tlast", 0 0, L_0x5947192890b0;  alias, 1 drivers
v0x5947192689f0_0 .net "m_axis_0_tready", 0 0, L_0x594719287510;  alias, 1 drivers
v0x594719268ab0_0 .net "m_axis_0_tvalid", 0 0, L_0x594719288eb0;  alias, 1 drivers
v0x594719268b70_0 .var "m_axis_0_tvalid_int", 0 0;
v0x594719268c30 .array "mem", 3 0, 16 0;
v0x594719268cf0_0 .net "rst", 0 0, v0x5947192746a0_0;  alias, 1 drivers
v0x594719268dc0_0 .net "s_axis_0_tdata", 15 0, v0x594719269d00_0;  1 drivers
v0x594719268e80_0 .net "s_axis_0_tlast", 0 0, L_0x594719286f60;  alias, 1 drivers
v0x594719268f40_0 .net "s_axis_0_tready", 0 0, L_0x594719288df0;  alias, 1 drivers
v0x594719269000_0 .var "s_axis_0_tready_int", 0 0;
v0x5947192690c0_0 .net "s_axis_0_tvalid", 0 0, L_0x5947192870d0;  alias, 1 drivers
v0x594719269180_0 .var "tail", 1 0;
E_0x59471924b090 .event edge, v0x594719264ac0_0, v0x594719268790_0, v0x5947192686d0_0;
L_0x5947192877c0 .cmp/eq 2, v0x594719268390_0, v0x594719269180_0;
L_0x594719287860 .concat [ 2 31 0 0], v0x594719268390_0, L_0x79c88c7b7450;
L_0x5947192879a0 .concat [ 2 31 0 0], v0x594719269180_0, L_0x79c88c7b7498;
L_0x594719287ae0 .arith/sum 33, L_0x5947192879a0, L_0x79c88c7b74e0;
L_0x594719287d60 .cmp/eq 33, L_0x594719287860, L_0x594719287b80;
L_0x594719287ea0 .concat [ 2 31 0 0], v0x594719268390_0, L_0x79c88c7b7570;
L_0x594719287fd0 .arith/sum 33, L_0x594719287ea0, L_0x79c88c7b75b8;
L_0x594719288220 .concat [ 2 31 0 0], v0x594719269180_0, L_0x79c88c7b7648;
L_0x594719288360 .cmp/eq 33, L_0x594719288070, L_0x594719288220;
L_0x5947192884a0 .concat [ 2 31 0 0], v0x594719268390_0, L_0x79c88c7b7690;
L_0x5947192885a0 .arith/sum 33, L_0x5947192884a0, L_0x79c88c7b76d8;
L_0x5947192887a0 .concat [ 2 31 0 0], v0x594719269180_0, L_0x79c88c7b7768;
L_0x594719288940 .cmp/eq 33, L_0x594719288640, L_0x5947192887a0;
L_0x5947192890b0 .part L_0x5947192888d0, 16, 1;
L_0x5947192891d0 .part L_0x5947192888d0, 0, 16;
L_0x5947192892c0 .array/port v0x594719268c30, L_0x5947192893f0;
L_0x5947192893f0 .concat [ 2 2 0 0], v0x594719269180_0, L_0x79c88c7b77b0;
S_0x59471926a040 .scope generate, "genblk1[2]" "genblk1[2]" 2 206, 2 206 0, S_0x59471923bbf0;
 .timescale 0 0;
P_0x59471926a200 .param/l "CHN" 0 2 206, +C4<010>;
L_0x594719289820 .functor AND 1, L_0x59471928b6d0, L_0x5947192896e0, C4<1>, C4<1>;
L_0x594719289a60 .functor BUFZ 16, L_0x59471928bab0, C4<0000000000000000>, C4<0000000000000000>, C4<0000000000000000>;
L_0x594719289ca0 .functor BUFZ 1, L_0x59471928b790, C4<0>, C4<0>, C4<0>;
L_0x594719289d10 .functor BUFZ 1, L_0x59471928b990, C4<0>, C4<0>, C4<0>;
v0x59471926d8a0_0 .net *"_ivl_12", 0 0, L_0x594719289ca0;  1 drivers
v0x59471926d9a0_0 .net *"_ivl_14", 0 0, L_0x594719289d10;  1 drivers
L_0x79c88c7b77f8 .functor BUFT 1, C4<0>, C4<0>, C4<0>, C4<0>;
v0x59471926da80_0 .net/2u *"_ivl_4", 0 0, L_0x79c88c7b77f8;  1 drivers
v0x59471926db40_0 .net *"_ivl_6", 0 0, L_0x5947192898e0;  1 drivers
v0x59471926dc20_0 .net *"_ivl_9", 15 0, L_0x594719289a60;  1 drivers
v0x59471926dd50_0 .net "m_fifo_tdata", 15 0, L_0x59471928bab0;  1 drivers
v0x59471926de10_0 .net "m_fifo_tlast", 0 0, L_0x59471928b990;  1 drivers
v0x59471926deb0_0 .net "m_fifo_tready", 0 0, L_0x594719289b20;  1 drivers
v0x59471926df50_0 .net "m_fifo_tvalid", 0 0, L_0x59471928b790;  1 drivers
v0x59471926e020_0 .net "s_fifo_handshake", 0 0, L_0x594719289820;  1 drivers
v0x59471926e0c0_0 .var "s_fifo_tdata", 15 0;
v0x59471926e190_0 .net "s_fifo_tlast", 0 0, L_0x5947192895f0;  1 drivers
v0x59471926e260_0 .net "s_fifo_tready", 0 0, L_0x59471928b6d0;  1 drivers
v0x59471926e330_0 .net "s_fifo_tvalid", 0 0, L_0x5947192896e0;  1 drivers
L_0x5947192898e0 .functor MUXZ 1, L_0x5947192896e0, L_0x79c88c7b77f8, L_0x594719289820, C4<>;
S_0x59471926a2a0 .scope module, "AXISFifo_inst_i" "AXISFifo" 2 236, 3 5 0, S_0x59471926a040;
 .timescale -9 -12;
    .port_info 0 /INPUT 1 "clk";
    .port_info 1 /INPUT 1 "rst";
    .port_info 2 /INPUT 16 "s_axis_0_tdata";
    .port_info 3 /INPUT 1 "s_axis_0_tvalid";
    .port_info 4 /OUTPUT 1 "s_axis_0_tready";
    .port_info 5 /INPUT 1 "s_axis_0_tlast";
    .port_info 6 /OUTPUT 16 "m_axis_0_tdata";
    .port_info 7 /OUTPUT 1 "m_axis_0_tvalid";
    .port_info 8 /INPUT 1 "m_axis_0_tready";
    .port_info 9 /OUTPUT 1 "m_axis_0_tlast";
    .port_info 10 /OUTPUT 1 "full";
    .port_info 11 /OUTPUT 1 "almost_full";
    .port_info 12 /OUTPUT 1 "empty";
    .port_info 13 /OUTPUT 1 "almost_empty";
P_0x59471926a480 .param/l "ADDRESS_WIDTH" 0 3 7, +C4<00000000000000000000000000000010>;
P_0x59471926a4c0 .param/l "DATA_WIDTH" 0 3 6, +C4<00000000000000000000000000010000>;
P_0x59471926a500 .param/l "EXP_ADDR_WIDTH" 1 3 28, +C4<000000000000000000000000000000011>;
L_0x79c88c7b7918 .functor BUFT 1, C4<000000000000000000000000000000011>, C4<0>, C4<0>, C4<0>;
L_0x59471928a1c0 .functor AND 33, L_0x59471928a120, L_0x79c88c7b7918, C4<111111111111111111111111111111111>, C4<111111111111111111111111111111111>;
L_0x79c88c7b79f0 .functor BUFT 1, C4<000000000000000000000000000000011>, C4<0>, C4<0>, C4<0>;
L_0x59471928a8c0 .functor AND 33, L_0x59471928a820, L_0x79c88c7b79f0, C4<111111111111111111111111111111111>, C4<111111111111111111111111111111111>;
L_0x79c88c7b7b10 .functor BUFT 1, C4<000000000000000000000000000000011>, C4<0>, C4<0>, C4<0>;
L_0x59471928af20 .functor AND 33, L_0x59471928ae80, L_0x79c88c7b7b10, C4<111111111111111111111111111111111>, C4<111111111111111111111111111111111>;
L_0x59471928b360 .functor BUFZ 1, L_0x59471928abb0, C4<0>, C4<0>, C4<0>;
L_0x59471928b450 .functor OR 1, L_0x59471928b220, L_0x59471928abb0, C4<0>, C4<0>;
L_0x59471928b510 .functor BUFZ 1, L_0x594719289e00, C4<0>, C4<0>, C4<0>;
L_0x59471928b610 .functor OR 1, L_0x59471928a5b0, L_0x594719289e00, C4<0>, C4<0>;
L_0x59471928b6d0 .functor BUFZ 1, v0x59471926d400_0, C4<0>, C4<0>, C4<0>;
L_0x59471928b790 .functor BUFZ 1, v0x59471926cf30_0, C4<0>, C4<0>, C4<0>;
L_0x59471928b800 .functor AND 1, v0x59471926d400_0, L_0x5947192896e0, C4<1>, C4<1>;
L_0x59471928b920 .functor AND 1, v0x59471926cf30_0, L_0x594719289b20, C4<1>, C4<1>;
L_0x59471928b1b0 .functor BUFZ 17, L_0x59471928bba0, C4<00000000000000000>, C4<00000000000000000>, C4<00000000000000000>;
L_0x79c88c7b78d0 .functor BUFT 1, C4<000000000000000000000000000000001>, C4<0>, C4<0>, C4<0>;
v0x59471926a780_0 .net/2u *"_ivl_10", 32 0, L_0x79c88c7b78d0;  1 drivers
v0x59471926a820_0 .net *"_ivl_12", 32 0, L_0x59471928a120;  1 drivers
v0x59471926a900_0 .net/2u *"_ivl_14", 32 0, L_0x79c88c7b7918;  1 drivers
v0x59471926a9f0_0 .net *"_ivl_16", 32 0, L_0x59471928a1c0;  1 drivers
v0x59471926aad0_0 .net *"_ivl_2", 32 0, L_0x594719289ea0;  1 drivers
v0x59471926ac00_0 .net *"_ivl_20", 32 0, L_0x59471928a6f0;  1 drivers
L_0x79c88c7b7960 .functor BUFT 1, C4<0000000000000000000000000000000>, C4<0>, C4<0>, C4<0>;
v0x59471926ace0_0 .net *"_ivl_23", 30 0, L_0x79c88c7b7960;  1 drivers
L_0x79c88c7b79a8 .functor BUFT 1, C4<000000000000000000000000000000001>, C4<0>, C4<0>, C4<0>;
v0x59471926adc0_0 .net/2u *"_ivl_24", 32 0, L_0x79c88c7b79a8;  1 drivers
v0x59471926aea0_0 .net *"_ivl_26", 32 0, L_0x59471928a820;  1 drivers
v0x59471926af80_0 .net/2u *"_ivl_28", 32 0, L_0x79c88c7b79f0;  1 drivers
v0x59471926b060_0 .net *"_ivl_30", 32 0, L_0x59471928a8c0;  1 drivers
v0x59471926b140_0 .net *"_ivl_32", 32 0, L_0x59471928aa70;  1 drivers
L_0x79c88c7b7a38 .functor BUFT 1, C4<0000000000000000000000000000000>, C4<0>, C4<0>, C4<0>;
v0x59471926b220_0 .net *"_ivl_35", 30 0, L_0x79c88c7b7a38;  1 drivers
v0x59471926b300_0 .net *"_ivl_38", 32 0, L_0x59471928acf0;  1 drivers
L_0x79c88c7b7a80 .functor BUFT 1, C4<0000000000000000000000000000000>, C4<0>, C4<0>, C4<0>;
v0x59471926b3e0_0 .net *"_ivl_41", 30 0, L_0x79c88c7b7a80;  1 drivers
L_0x79c88c7b7ac8 .functor BUFT 1, C4<000000000000000000000000000000010>, C4<0>, C4<0>, C4<0>;
v0x59471926b4c0_0 .net/2u *"_ivl_42", 32 0, L_0x79c88c7b7ac8;  1 drivers
v0x59471926b5a0_0 .net *"_ivl_44", 32 0, L_0x59471928ae80;  1 drivers
v0x59471926b680_0 .net/2u *"_ivl_46", 32 0, L_0x79c88c7b7b10;  1 drivers
v0x59471926b760_0 .net *"_ivl_48", 32 0, L_0x59471928af20;  1 drivers
L_0x79c88c7b7840 .functor BUFT 1, C4<0000000000000000000000000000000>, C4<0>, C4<0>, C4<0>;
v0x59471926b840_0 .net *"_ivl_5", 30 0, L_0x79c88c7b7840;  1 drivers
v0x59471926b920_0 .net *"_ivl_50", 32 0, L_0x59471928b080;  1 drivers
L_0x79c88c7b7b58 .functor BUFT 1, C4<0000000000000000000000000000000>, C4<0>, C4<0>, C4<0>;
v0x59471926ba00_0 .net *"_ivl_53", 30 0, L_0x79c88c7b7b58;  1 drivers
v0x59471926bae0_0 .net *"_ivl_6", 32 0, L_0x594719289fe0;  1 drivers
v0x59471926bbc0_0 .net *"_ivl_75", 16 0, L_0x59471928bba0;  1 drivers
v0x59471926bca0_0 .net *"_ivl_77", 3 0, L_0x59471928bcd0;  1 drivers
L_0x79c88c7b7ba0 .functor BUFT 1, C4<00>, C4<0>, C4<0>, C4<0>;
v0x59471926bd80_0 .net *"_ivl_80", 1 0, L_0x79c88c7b7ba0;  1 drivers
v0x59471926be60_0 .net *"_ivl_82", 16 0, L_0x59471928b1b0;  1 drivers
L_0x79c88c7b7888 .functor BUFT 1, C4<0000000000000000000000000000000>, C4<0>, C4<0>, C4<0>;
v0x59471926bf40_0 .net *"_ivl_9", 30 0, L_0x79c88c7b7888;  1 drivers
v0x59471926c020_0 .net "almost_empty", 0 0, L_0x59471928b610;  1 drivers
v0x59471926c0e0_0 .net "almost_full", 0 0, L_0x59471928b450;  1 drivers
v0x59471926c1a0_0 .net "clk", 0 0, v0x594719274000_0;  alias, 1 drivers
v0x59471926c240_0 .net "deq", 0 0, L_0x59471928b920;  1 drivers
v0x59471926c300_0 .net "empty", 0 0, L_0x59471928b510;  1 drivers
v0x59471926c5d0_0 .net "enq", 0 0, L_0x59471928b800;  1 drivers
v0x59471926c690_0 .net "full", 0 0, L_0x59471928b360;  1 drivers
v0x59471926c750_0 .var "head", 1 0;
v0x59471926c830_0 .var/i "i", 31 0;
v0x59471926c910_0 .net "is_almost_empty", 0 0, L_0x59471928a5b0;  1 drivers
v0x59471926c9d0_0 .net "is_almost_full", 0 0, L_0x59471928b220;  1 drivers
v0x59471926ca90_0 .net "is_empty", 0 0, L_0x594719289e00;  1 drivers
v0x59471926cb50_0 .net "is_full", 0 0, L_0x59471928abb0;  1 drivers
v0x59471926cc10_0 .net "m_axis_0_tdata", 15 0, L_0x59471928bab0;  alias, 1 drivers
v0x59471926ccf0_0 .net "m_axis_0_tlast", 0 0, L_0x59471928b990;  alias, 1 drivers
v0x59471926cdb0_0 .net "m_axis_0_tready", 0 0, L_0x594719289b20;  alias, 1 drivers
v0x59471926ce70_0 .net "m_axis_0_tvalid", 0 0, L_0x59471928b790;  alias, 1 drivers
v0x59471926cf30_0 .var "m_axis_0_tvalid_int", 0 0;
v0x59471926cff0 .array "mem", 3 0, 16 0;
v0x59471926d0b0_0 .net "rst", 0 0, v0x5947192746a0_0;  alias, 1 drivers
v0x59471926d1a0_0 .net "s_axis_0_tdata", 15 0, v0x59471926e0c0_0;  1 drivers
v0x59471926d280_0 .net "s_axis_0_tlast", 0 0, L_0x5947192895f0;  alias, 1 drivers
v0x59471926d340_0 .net "s_axis_0_tready", 0 0, L_0x59471928b6d0;  alias, 1 drivers
v0x59471926d400_0 .var "s_axis_0_tready_int", 0 0;
v0x59471926d4c0_0 .net "s_axis_0_tvalid", 0 0, L_0x5947192896e0;  alias, 1 drivers
v0x59471926d580_0 .var "tail", 1 0;
E_0x59471924b2b0 .event edge, v0x594719264ac0_0, v0x59471926cb50_0, v0x59471926ca90_0;
L_0x594719289e00 .cmp/eq 2, v0x59471926c750_0, v0x59471926d580_0;
L_0x594719289ea0 .concat [ 2 31 0 0], v0x59471926c750_0, L_0x79c88c7b7840;
L_0x594719289fe0 .concat [ 2 31 0 0], v0x59471926d580_0, L_0x79c88c7b7888;
L_0x59471928a120 .arith/sum 33, L_0x594719289fe0, L_0x79c88c7b78d0;
L_0x59471928a5b0 .cmp/eq 33, L_0x594719289ea0, L_0x59471928a1c0;
L_0x59471928a6f0 .concat [ 2 31 0 0], v0x59471926c750_0, L_0x79c88c7b7960;
L_0x59471928a820 .arith/sum 33, L_0x59471928a6f0, L_0x79c88c7b79a8;
L_0x59471928aa70 .concat [ 2 31 0 0], v0x59471926d580_0, L_0x79c88c7b7a38;
L_0x59471928abb0 .cmp/eq 33, L_0x59471928a8c0, L_0x59471928aa70;
L_0x59471928acf0 .concat [ 2 31 0 0], v0x59471926c750_0, L_0x79c88c7b7a80;
L_0x59471928ae80 .arith/sum 33, L_0x59471928acf0, L_0x79c88c7b7ac8;
L_0x59471928b080 .concat [ 2 31 0 0], v0x59471926d580_0, L_0x79c88c7b7b58;
L_0x59471928b220 .cmp/eq 33, L_0x59471928af20, L_0x59471928b080;
L_0x59471928b990 .part L_0x59471928b1b0, 16, 1;
L_0x59471928bab0 .part L_0x59471928b1b0, 0, 16;
L_0x59471928bba0 .array/port v0x59471926cff0, L_0x59471928bcd0;
L_0x59471928bcd0 .concat [ 2 2 0 0], v0x59471926d580_0, L_0x79c88c7b7ba0;
S_0x59471926e400 .scope generate, "genblk1[3]" "genblk1[3]" 2 206, 2 206 0, S_0x59471923bbf0;
 .timescale 0 0;
P_0x59471926e590 .param/l "CHN" 0 2 206, +C4<011>;
L_0x59471928c1e0 .functor AND 1, L_0x59471928e5f0, L_0x59471928c0b0, C4<1>, C4<1>;
L_0x59471928c7b0 .functor BUFZ 16, L_0x59471928e970, C4<0000000000000000>, C4<0000000000000000>, C4<0000000000000000>;
L_0x59471928c390 .functor BUFZ 1, L_0x59471928e6b0, C4<0>, C4<0>, C4<0>;
L_0x59471928cf20 .functor BUFZ 1, L_0x59471928e850, C4<0>, C4<0>, C4<0>;
v0x594719271c00_0 .net *"_ivl_12", 0 0, L_0x59471928c390;  1 drivers
v0x594719271d00_0 .net *"_ivl_14", 0 0, L_0x59471928cf20;  1 drivers
L_0x79c88c7b7be8 .functor BUFT 1, C4<0>, C4<0>, C4<0>, C4<0>;
v0x594719271de0_0 .net/2u *"_ivl_4", 0 0, L_0x79c88c7b7be8;  1 drivers
v0x594719271ea0_0 .net *"_ivl_6", 0 0, L_0x59471928c400;  1 drivers
v0x594719271f80_0 .net *"_ivl_9", 15 0, L_0x59471928c7b0;  1 drivers
v0x594719272060_0 .net "m_fifo_tdata", 15 0, L_0x59471928e970;  1 drivers
v0x594719272120_0 .net "m_fifo_tlast", 0 0, L_0x59471928e850;  1 drivers
v0x5947192721f0_0 .net "m_fifo_tready", 0 0, L_0x59471928c8c0;  1 drivers
v0x5947192722c0_0 .net "m_fifo_tvalid", 0 0, L_0x59471928e6b0;  1 drivers
v0x594719272390_0 .net "s_fifo_handshake", 0 0, L_0x59471928c1e0;  1 drivers
v0x594719272430_0 .var "s_fifo_tdata", 15 0;
v0x594719272500_0 .net "s_fifo_tlast", 0 0, L_0x59471928bed0;  1 drivers
v0x5947192725d0_0 .net "s_fifo_tready", 0 0, L_0x59471928e5f0;  1 drivers
v0x5947192726a0_0 .net "s_fifo_tvalid", 0 0, L_0x59471928c0b0;  1 drivers
L_0x59471928c400 .functor MUXZ 1, L_0x59471928c0b0, L_0x79c88c7b7be8, L_0x59471928c1e0, C4<>;
S_0x59471926e630 .scope module, "AXISFifo_inst_i" "AXISFifo" 2 236, 3 5 0, S_0x59471926e400;
 .timescale -9 -12;
    .port_info 0 /INPUT 1 "clk";
    .port_info 1 /INPUT 1 "rst";
    .port_info 2 /INPUT 16 "s_axis_0_tdata";
    .port_info 3 /INPUT 1 "s_axis_0_tvalid";
    .port_info 4 /OUTPUT 1 "s_axis_0_tready";
    .port_info 5 /INPUT 1 "s_axis_0_tlast";
    .port_info 6 /OUTPUT 16 "m_axis_0_tdata";
    .port_info 7 /OUTPUT 1 "m_axis_0_tvalid";
    .port_info 8 /INPUT 1 "m_axis_0_tready";
    .port_info 9 /OUTPUT 1 "m_axis_0_tlast";
    .port_info 10 /OUTPUT 1 "full";
    .port_info 11 /OUTPUT 1 "almost_full";
    .port_info 12 /OUTPUT 1 "empty";
    .port_info 13 /OUTPUT 1 "almost_empty";
P_0x59471926e810 .param/l "ADDRESS_WIDTH" 0 3 7, +C4<00000000000000000000000000000010>;
P_0x59471926e850 .param/l "DATA_WIDTH" 0 3 6, +C4<00000000000000000000000000010000>;
P_0x59471926e890 .param/l "EXP_ADDR_WIDTH" 1 3 28, +C4<000000000000000000000000000000011>;
L_0x79c88c7b7d08 .functor BUFT 1, C4<000000000000000000000000000000011>, C4<0>, C4<0>, C4<0>;
L_0x59471928d3f0 .functor AND 33, L_0x59471928d350, L_0x79c88c7b7d08, C4<111111111111111111111111111111111>, C4<111111111111111111111111111111111>;
L_0x79c88c7b7de0 .functor BUFT 1, C4<000000000000000000000000000000011>, C4<0>, C4<0>, C4<0>;
L_0x59471928d8b0 .functor AND 33, L_0x59471928d810, L_0x79c88c7b7de0, C4<111111111111111111111111111111111>, C4<111111111111111111111111111111111>;
L_0x79c88c7b7f00 .functor BUFT 1, C4<000000000000000000000000000000011>, C4<0>, C4<0>, C4<0>;
L_0x59471928deb0 .functor AND 33, L_0x59471928de10, L_0x79c88c7b7f00, C4<111111111111111111111111111111111>, C4<111111111111111111111111111111111>;
L_0x59471928e2f0 .functor BUFZ 1, L_0x59471928dba0, C4<0>, C4<0>, C4<0>;
L_0x59471928e3b0 .functor OR 1, L_0x59471928e1b0, L_0x59471928dba0, C4<0>, C4<0>;
L_0x59471928e470 .functor BUFZ 1, L_0x59471928d030, C4<0>, C4<0>, C4<0>;
L_0x59471928e530 .functor OR 1, L_0x59471928d5a0, L_0x59471928d030, C4<0>, C4<0>;
L_0x59471928e5f0 .functor BUFZ 1, v0x594719271760_0, C4<0>, C4<0>, C4<0>;
L_0x59471928e6b0 .functor BUFZ 1, v0x5947192712e0_0, C4<0>, C4<0>, C4<0>;
L_0x59471928e720 .functor AND 1, v0x594719271760_0, L_0x59471928c0b0, C4<1>, C4<1>;
L_0x59471928e7e0 .functor AND 1, v0x5947192712e0_0, L_0x59471928c8c0, C4<1>, C4<1>;
L_0x59471928e140 .functor BUFZ 17, L_0x59471928ea60, C4<00000000000000000>, C4<00000000000000000>, C4<00000000000000000>;
L_0x79c88c7b7cc0 .functor BUFT 1, C4<000000000000000000000000000000001>, C4<0>, C4<0>, C4<0>;
v0x59471926eb10_0 .net/2u *"_ivl_10", 32 0, L_0x79c88c7b7cc0;  1 drivers
v0x59471926ebd0_0 .net *"_ivl_12", 32 0, L_0x59471928d350;  1 drivers
v0x59471926ecb0_0 .net/2u *"_ivl_14", 32 0, L_0x79c88c7b7d08;  1 drivers
v0x59471926eda0_0 .net *"_ivl_16", 32 0, L_0x59471928d3f0;  1 drivers
v0x59471926ee80_0 .net *"_ivl_2", 32 0, L_0x59471928d0d0;  1 drivers
v0x59471926efb0_0 .net *"_ivl_20", 32 0, L_0x59471928d6e0;  1 drivers
L_0x79c88c7b7d50 .functor BUFT 1, C4<0000000000000000000000000000000>, C4<0>, C4<0>, C4<0>;
v0x59471926f090_0 .net *"_ivl_23", 30 0, L_0x79c88c7b7d50;  1 drivers
L_0x79c88c7b7d98 .functor BUFT 1, C4<000000000000000000000000000000001>, C4<0>, C4<0>, C4<0>;
v0x59471926f170_0 .net/2u *"_ivl_24", 32 0, L_0x79c88c7b7d98;  1 drivers
v0x59471926f250_0 .net *"_ivl_26", 32 0, L_0x59471928d810;  1 drivers
v0x59471926f330_0 .net/2u *"_ivl_28", 32 0, L_0x79c88c7b7de0;  1 drivers
v0x59471926f410_0 .net *"_ivl_30", 32 0, L_0x59471928d8b0;  1 drivers
v0x59471926f4f0_0 .net *"_ivl_32", 32 0, L_0x59471928da60;  1 drivers
L_0x79c88c7b7e28 .functor BUFT 1, C4<0000000000000000000000000000000>, C4<0>, C4<0>, C4<0>;
v0x59471926f5d0_0 .net *"_ivl_35", 30 0, L_0x79c88c7b7e28;  1 drivers
v0x59471926f6b0_0 .net *"_ivl_38", 32 0, L_0x59471928dce0;  1 drivers
L_0x79c88c7b7e70 .functor BUFT 1, C4<0000000000000000000000000000000>, C4<0>, C4<0>, C4<0>;
v0x59471926f790_0 .net *"_ivl_41", 30 0, L_0x79c88c7b7e70;  1 drivers
L_0x79c88c7b7eb8 .functor BUFT 1, C4<000000000000000000000000000000010>, C4<0>, C4<0>, C4<0>;
v0x59471926f870_0 .net/2u *"_ivl_42", 32 0, L_0x79c88c7b7eb8;  1 drivers
v0x59471926f950_0 .net *"_ivl_44", 32 0, L_0x59471928de10;  1 drivers
v0x59471926fa30_0 .net/2u *"_ivl_46", 32 0, L_0x79c88c7b7f00;  1 drivers
v0x59471926fb10_0 .net *"_ivl_48", 32 0, L_0x59471928deb0;  1 drivers
L_0x79c88c7b7c30 .functor BUFT 1, C4<0000000000000000000000000000000>, C4<0>, C4<0>, C4<0>;
v0x59471926fbf0_0 .net *"_ivl_5", 30 0, L_0x79c88c7b7c30;  1 drivers
v0x59471926fcd0_0 .net *"_ivl_50", 32 0, L_0x59471928e010;  1 drivers
L_0x79c88c7b7f48 .functor BUFT 1, C4<0000000000000000000000000000000>, C4<0>, C4<0>, C4<0>;
v0x59471926fdb0_0 .net *"_ivl_53", 30 0, L_0x79c88c7b7f48;  1 drivers
v0x59471926fe90_0 .net *"_ivl_6", 32 0, L_0x59471928d210;  1 drivers
v0x59471926ff70_0 .net *"_ivl_75", 16 0, L_0x59471928ea60;  1 drivers
v0x594719270050_0 .net *"_ivl_77", 3 0, L_0x59471928eb90;  1 drivers
L_0x79c88c7b7f90 .functor BUFT 1, C4<00>, C4<0>, C4<0>, C4<0>;
v0x594719270130_0 .net *"_ivl_80", 1 0, L_0x79c88c7b7f90;  1 drivers
v0x594719270210_0 .net *"_ivl_82", 16 0, L_0x59471928e140;  1 drivers
L_0x79c88c7b7c78 .functor BUFT 1, C4<0000000000000000000000000000000>, C4<0>, C4<0>, C4<0>;
v0x5947192702f0_0 .net *"_ivl_9", 30 0, L_0x79c88c7b7c78;  1 drivers
v0x5947192703d0_0 .net "almost_empty", 0 0, L_0x59471928e530;  1 drivers
v0x594719270490_0 .net "almost_full", 0 0, L_0x59471928e3b0;  1 drivers
v0x594719270550_0 .net "clk", 0 0, v0x594719274000_0;  alias, 1 drivers
v0x5947192705f0_0 .net "deq", 0 0, L_0x59471928e7e0;  1 drivers
v0x5947192706b0_0 .net "empty", 0 0, L_0x59471928e470;  1 drivers
v0x594719270980_0 .net "enq", 0 0, L_0x59471928e720;  1 drivers
v0x594719270a40_0 .net "full", 0 0, L_0x59471928e2f0;  1 drivers
v0x594719270b00_0 .var "head", 1 0;
v0x594719270be0_0 .var/i "i", 31 0;
v0x594719270cc0_0 .net "is_almost_empty", 0 0, L_0x59471928d5a0;  1 drivers
v0x594719270d80_0 .net "is_almost_full", 0 0, L_0x59471928e1b0;  1 drivers
v0x594719270e40_0 .net "is_empty", 0 0, L_0x59471928d030;  1 drivers
v0x594719270f00_0 .net "is_full", 0 0, L_0x59471928dba0;  1 drivers
v0x594719270fc0_0 .net "m_axis_0_tdata", 15 0, L_0x59471928e970;  alias, 1 drivers
v0x5947192710a0_0 .net "m_axis_0_tlast", 0 0, L_0x59471928e850;  alias, 1 drivers
v0x594719271160_0 .net "m_axis_0_tready", 0 0, L_0x59471928c8c0;  alias, 1 drivers
v0x594719271220_0 .net "m_axis_0_tvalid", 0 0, L_0x59471928e6b0;  alias, 1 drivers
v0x5947192712e0_0 .var "m_axis_0_tvalid_int", 0 0;
v0x5947192713a0 .array "mem", 3 0, 16 0;
v0x594719271460_0 .net "rst", 0 0, v0x5947192746a0_0;  alias, 1 drivers
v0x594719271500_0 .net "s_axis_0_tdata", 15 0, v0x594719272430_0;  1 drivers
v0x5947192715e0_0 .net "s_axis_0_tlast", 0 0, L_0x59471928bed0;  alias, 1 drivers
v0x5947192716a0_0 .net "s_axis_0_tready", 0 0, L_0x59471928e5f0;  alias, 1 drivers
v0x594719271760_0 .var "s_axis_0_tready_int", 0 0;
v0x594719271820_0 .net "s_axis_0_tvalid", 0 0, L_0x59471928c0b0;  alias, 1 drivers
v0x5947192718e0_0 .var "tail", 1 0;
E_0x59471924b5a0 .event edge, v0x594719264ac0_0, v0x594719270f00_0, v0x594719270e40_0;
L_0x59471928d030 .cmp/eq 2, v0x594719270b00_0, v0x5947192718e0_0;
L_0x59471928d0d0 .concat [ 2 31 0 0], v0x594719270b00_0, L_0x79c88c7b7c30;
L_0x59471928d210 .concat [ 2 31 0 0], v0x5947192718e0_0, L_0x79c88c7b7c78;
L_0x59471928d350 .arith/sum 33, L_0x59471928d210, L_0x79c88c7b7cc0;
L_0x59471928d5a0 .cmp/eq 33, L_0x59471928d0d0, L_0x59471928d3f0;
L_0x59471928d6e0 .concat [ 2 31 0 0], v0x594719270b00_0, L_0x79c88c7b7d50;
L_0x59471928d810 .arith/sum 33, L_0x59471928d6e0, L_0x79c88c7b7d98;
L_0x59471928da60 .concat [ 2 31 0 0], v0x5947192718e0_0, L_0x79c88c7b7e28;
L_0x59471928dba0 .cmp/eq 33, L_0x59471928d8b0, L_0x59471928da60;
L_0x59471928dce0 .concat [ 2 31 0 0], v0x594719270b00_0, L_0x79c88c7b7e70;
L_0x59471928de10 .arith/sum 33, L_0x59471928dce0, L_0x79c88c7b7eb8;
L_0x59471928e010 .concat [ 2 31 0 0], v0x5947192718e0_0, L_0x79c88c7b7f48;
L_0x59471928e1b0 .cmp/eq 33, L_0x59471928deb0, L_0x59471928e010;
L_0x59471928e850 .part L_0x59471928e140, 16, 1;
L_0x59471928e970 .part L_0x59471928e140, 0, 16;
L_0x59471928ea60 .array/port v0x5947192713a0, L_0x59471928eb90;
L_0x59471928eb90 .concat [ 2 2 0 0], v0x5947192718e0_0, L_0x79c88c7b7f90;
    .scope S_0x59471922d320;
T_0 ;
    %wait E_0x5947191dfc90;
    %load/vec4 v0x594719274570_0;
    %flag_set/vec4 8;
    %jmp/0xz  T_0.0, 8;
    %pushi/vec4 21, 0, 32;
    %load/vec4 v0x5947192740c0_0;
    %cmp/s;
    %flag_get/vec4 4;
    %flag_get/vec4 5;
    %or;
    %load/vec4 v0x5947192740c0_0;
    %cmpi/s 23, 0, 32;
    %flag_get/vec4 5;
    %and;
    %load/vec4 v0x594719274aa0_0;
    %pushi/vec4 0, 0, 32;
    %cmp/ne;
    %flag_get/vec4 4;
    %and;
    %flag_set/vec4 8;
    %pushi/vec4 76, 0, 32;
    %load/vec4 v0x5947192740c0_0;
    %cmp/s;
    %flag_get/vec4 4;
    %flag_get/vec4 5;
    %or;
    %load/vec4 v0x5947192740c0_0;
    %cmpi/s 80, 0, 32;
    %flag_get/vec4 5;
    %and;
    %load/vec4 v0x594719274aa0_0;
    %pushi/vec4 0, 0, 32;
    %cmp/ne;
    %flag_get/vec4 4;
    %and;
    %flag_set/vec4 9;
    %flag_or 9, 8;
    %load/vec4 v0x5947192740c0_0;
    %cmpi/s 84, 0, 32;
    %flag_or 5, 4; GT is !LE
    %flag_inv 5;
    %flag_or 5, 9;
    %jmp/0xz  T_0.2, 5;
    %pushi/vec4 0, 0, 1;
    %ix/load 4, 0, 0;
    %ix/load 5, 0, 0;
    %flag_set/imm 4, 0;
    %assign/vec4/off/d v0x5947192743d0_0, 4, 5;
    %jmp T_0.3;
T_0.2 ;
    %pushi/vec4 1, 0, 1;
    %ix/load 4, 0, 0;
    %ix/load 5, 0, 0;
    %flag_set/imm 4, 0;
    %assign/vec4/off/d v0x5947192743d0_0, 4, 5;
T_0.3 ;
T_0.0 ;
    %jmp T_0;
    .thread T_0;
    .scope S_0x59471922daa0;
T_1 ;
    %wait E_0x5947191dfc90;
    %load/vec4 v0x594719274570_0;
    %flag_set/vec4 8;
    %jmp/0xz  T_1.0, 8;
    %pushi/vec4 22, 0, 32;
    %load/vec4 v0x5947192740c0_0;
    %cmp/s;
    %flag_get/vec4 4;
    %flag_get/vec4 5;
    %or;
    %load/vec4 v0x5947192740c0_0;
    %cmpi/s 24, 0, 32;
    %flag_get/vec4 5;
    %and;
    %load/vec4 v0x594719274aa0_0;
    %pushi/vec4 0, 0, 32;
    %cmp/ne;
    %flag_get/vec4 4;
    %and;
    %flag_set/vec4 8;
    %pushi/vec4 75, 0, 32;
    %load/vec4 v0x5947192740c0_0;
    %cmp/s;
    %flag_get/vec4 4;
    %flag_get/vec4 5;
    %or;
    %load/vec4 v0x5947192740c0_0;
    %cmpi/s 79, 0, 32;
    %flag_get/vec4 5;
    %and;
    %load/vec4 v0x594719274aa0_0;
    %pushi/vec4 0, 0, 32;
    %cmp/ne;
    %flag_get/vec4 4;
    %and;
    %flag_set/vec4 9;
    %flag_or 9, 8;
    %load/vec4 v0x5947192740c0_0;
    %cmpi/s 84, 0, 32;
    %flag_or 5, 4; GT is !LE
    %flag_inv 5;
    %flag_or 5, 9;
    %jmp/0xz  T_1.2, 5;
    %pushi/vec4 0, 0, 1;
    %ix/load 4, 1, 0;
    %ix/load 5, 0, 0;
    %flag_set/imm 4, 0;
    %assign/vec4/off/d v0x5947192743d0_0, 4, 5;
    %jmp T_1.3;
T_1.2 ;
    %pushi/vec4 1, 0, 1;
    %ix/load 4, 1, 0;
    %ix/load 5, 0, 0;
    %flag_set/imm 4, 0;
    %assign/vec4/off/d v0x5947192743d0_0, 4, 5;
T_1.3 ;
T_1.0 ;
    %jmp T_1;
    .thread T_1;
    .scope S_0x59471922e280;
T_2 ;
    %wait E_0x5947191dfc90;
    %load/vec4 v0x594719274570_0;
    %flag_set/vec4 8;
    %jmp/0xz  T_2.0, 8;
    %pushi/vec4 23, 0, 32;
    %load/vec4 v0x5947192740c0_0;
    %cmp/s;
    %flag_get/vec4 4;
    %flag_get/vec4 5;
    %or;
    %load/vec4 v0x5947192740c0_0;
    %cmpi/s 25, 0, 32;
    %flag_get/vec4 5;
    %and;
    %load/vec4 v0x594719274aa0_0;
    %pushi/vec4 0, 0, 32;
    %cmp/ne;
    %flag_get/vec4 4;
    %and;
    %flag_set/vec4 8;
    %pushi/vec4 74, 0, 32;
    %load/vec4 v0x5947192740c0_0;
    %cmp/s;
    %flag_get/vec4 4;
    %flag_get/vec4 5;
    %or;
    %load/vec4 v0x5947192740c0_0;
    %cmpi/s 78, 0, 32;
    %flag_get/vec4 5;
    %and;
    %load/vec4 v0x594719274aa0_0;
    %pushi/vec4 0, 0, 32;
    %cmp/ne;
    %flag_get/vec4 4;
    %and;
    %flag_set/vec4 9;
    %flag_or 9, 8;
    %load/vec4 v0x5947192740c0_0;
    %cmpi/s 84, 0, 32;
    %flag_or 5, 4; GT is !LE
    %flag_inv 5;
    %flag_or 5, 9;
    %jmp/0xz  T_2.2, 5;
    %pushi/vec4 0, 0, 1;
    %ix/load 4, 2, 0;
    %ix/load 5, 0, 0;
    %flag_set/imm 4, 0;
    %assign/vec4/off/d v0x5947192743d0_0, 4, 5;
    %jmp T_2.3;
T_2.2 ;
    %pushi/vec4 1, 0, 1;
    %ix/load 4, 2, 0;
    %ix/load 5, 0, 0;
    %flag_set/imm 4, 0;
    %assign/vec4/off/d v0x5947192743d0_0, 4, 5;
T_2.3 ;
T_2.0 ;
    %jmp T_2;
    .thread T_2;
    .scope S_0x59471922e660;
T_3 ;
    %wait E_0x5947191dfc90;
    %load/vec4 v0x594719274570_0;
    %flag_set/vec4 8;
    %jmp/0xz  T_3.0, 8;
    %pushi/vec4 24, 0, 32;
    %load/vec4 v0x5947192740c0_0;
    %cmp/s;
    %flag_get/vec4 4;
    %flag_get/vec4 5;
    %or;
    %load/vec4 v0x5947192740c0_0;
    %cmpi/s 26, 0, 32;
    %flag_get/vec4 5;
    %and;
    %load/vec4 v0x594719274aa0_0;
    %pushi/vec4 0, 0, 32;
    %cmp/ne;
    %flag_get/vec4 4;
    %and;
    %flag_set/vec4 8;
    %pushi/vec4 73, 0, 32;
    %load/vec4 v0x5947192740c0_0;
    %cmp/s;
    %flag_get/vec4 4;
    %flag_get/vec4 5;
    %or;
    %load/vec4 v0x5947192740c0_0;
    %cmpi/s 77, 0, 32;
    %flag_get/vec4 5;
    %and;
    %load/vec4 v0x594719274aa0_0;
    %pushi/vec4 0, 0, 32;
    %cmp/ne;
    %flag_get/vec4 4;
    %and;
    %flag_set/vec4 9;
    %flag_or 9, 8;
    %load/vec4 v0x5947192740c0_0;
    %cmpi/s 84, 0, 32;
    %flag_or 5, 4; GT is !LE
    %flag_inv 5;
    %flag_or 5, 9;
    %jmp/0xz  T_3.2, 5;
    %pushi/vec4 0, 0, 1;
    %ix/load 4, 3, 0;
    %ix/load 5, 0, 0;
    %flag_set/imm 4, 0;
    %assign/vec4/off/d v0x5947192743d0_0, 4, 5;
    %jmp T_3.3;
T_3.2 ;
    %pushi/vec4 1, 0, 1;
    %ix/load 4, 3, 0;
    %ix/load 5, 0, 0;
    %flag_set/imm 4, 0;
    %assign/vec4/off/d v0x5947192743d0_0, 4, 5;
T_3.3 ;
T_3.0 ;
    %jmp T_3;
    .thread T_3;
    .scope S_0x59471923cb50;
T_4 ;
    %pushi/vec4 0, 0, 2;
    %assign/vec4 v0x594719264160_0, 0;
    %pushi/vec4 0, 0, 2;
    %assign/vec4 v0x594719264f60_0, 0;
    %pushi/vec4 0, 0, 32;
    %store/vec4 v0x594719264240_0, 0, 32;
T_4.0 ;
    %load/vec4 v0x594719264240_0;
    %pad/s 33;
    %cmpi/s 3, 0, 33;
    %flag_or 5, 4;
    %jmp/0xz T_4.1, 5;
    %pushi/vec4 0, 0, 17;
    %ix/getv/s 3, v0x594719264240_0;
    %ix/load 4, 0, 0; Constant delay
    %assign/vec4/a/d v0x594719264a00, 0, 4;
    %load/vec4 v0x594719264240_0;
    %addi 1, 0, 32;
    %store/vec4 v0x594719264240_0, 0, 32;
    %jmp T_4.0;
T_4.1 ;
    %end;
    .thread T_4;
    .scope S_0x59471923cb50;
T_5 ;
    %wait E_0x5947191b8bb0;
    %load/vec4 v0x594719264ac0_0;
    %flag_set/vec4 8;
    %jmp/0xz  T_5.0, 8;
    %pushi/vec4 0, 0, 1;
    %assign/vec4 v0x594719264de0_0, 0;
    %pushi/vec4 0, 0, 1;
    %assign/vec4 v0x594719264940_0, 0;
    %jmp T_5.1;
T_5.0 ;
    %load/vec4 v0x594719264560_0;
    %nor/r;
    %assign/vec4 v0x594719264de0_0, 0;
    %load/vec4 v0x5947192644a0_0;
    %nor/r;
    %assign/vec4 v0x594719264940_0, 0;
T_5.1 ;
    %jmp T_5;
    .thread T_5, $push;
    .scope S_0x59471923cb50;
T_6 ;
    %wait E_0x5947191dfc90;
    %load/vec4 v0x594719264ac0_0;
    %flag_set/vec4 8;
    %jmp/0xz  T_6.0, 8;
    %pushi/vec4 0, 0, 2;
    %assign/vec4 v0x594719264160_0, 0;
    %pushi/vec4 0, 0, 2;
    %assign/vec4 v0x594719264f60_0, 0;
    %jmp T_6.1;
T_6.0 ;
    %load/vec4 v0x594719263fe0_0;
    %flag_set/vec4 8;
    %jmp/0xz  T_6.2, 8;
    %load/vec4 v0x594719264c60_0;
    %load/vec4 v0x594719264b80_0;
    %concat/vec4; draw_concat_vec4
    %load/vec4 v0x594719264160_0;
    %pad/u 4;
    %ix/vec4 3;
    %ix/load 4, 0, 0; Constant delay
    %assign/vec4/a/d v0x594719264a00, 0, 4;
    %load/vec4 v0x594719264160_0;
    %addi 1, 0, 2;
    %assign/vec4 v0x594719264160_0, 0;
T_6.2 ;
    %load/vec4 v0x594719263e60_0;
    %flag_set/vec4 8;
    %jmp/0xz  T_6.4, 8;
    %load/vec4 v0x594719264f60_0;
    %addi 1, 0, 2;
    %assign/vec4 v0x594719264f60_0, 0;
T_6.4 ;
T_6.1 ;
    %jmp T_6;
    .thread T_6;
    .scope S_0x59471923c370;
T_7 ;
    %wait E_0x5947191e6dd0;
    %load/vec4 v0x594719273160_0;
    %parti/s 16, 0, 2;
    %assign/vec4 v0x5947192659a0_0, 0;
    %jmp T_7;
    .thread T_7, $push;
    .scope S_0x594719265ee0;
T_8 ;
    %pushi/vec4 0, 0, 2;
    %assign/vec4 v0x594719268390_0, 0;
    %pushi/vec4 0, 0, 2;
    %assign/vec4 v0x594719269180_0, 0;
    %pushi/vec4 0, 0, 32;
    %store/vec4 v0x594719268470_0, 0, 32;
T_8.0 ;
    %load/vec4 v0x594719268470_0;
    %pad/s 33;
    %cmpi/s 3, 0, 33;
    %flag_or 5, 4;
    %jmp/0xz T_8.1, 5;
    %pushi/vec4 0, 0, 17;
    %ix/getv/s 3, v0x594719268470_0;
    %ix/load 4, 0, 0; Constant delay
    %assign/vec4/a/d v0x594719268c30, 0, 4;
    %load/vec4 v0x594719268470_0;
    %addi 1, 0, 32;
    %store/vec4 v0x594719268470_0, 0, 32;
    %jmp T_8.0;
T_8.1 ;
    %end;
    .thread T_8;
    .scope S_0x594719265ee0;
T_9 ;
    %wait E_0x59471924b090;
    %load/vec4 v0x594719268cf0_0;
    %flag_set/vec4 8;
    %jmp/0xz  T_9.0, 8;
    %pushi/vec4 0, 0, 1;
    %assign/vec4 v0x594719269000_0, 0;
    %pushi/vec4 0, 0, 1;
    %assign/vec4 v0x594719268b70_0, 0;
    %jmp T_9.1;
T_9.0 ;
    %load/vec4 v0x594719268790_0;
    %nor/r;
    %assign/vec4 v0x594719269000_0, 0;
    %load/vec4 v0x5947192686d0_0;
    %nor/r;
    %assign/vec4 v0x594719268b70_0, 0;
T_9.1 ;
    %jmp T_9;
    .thread T_9, $push;
    .scope S_0x594719265ee0;
T_10 ;
    %wait E_0x5947191dfc90;
    %load/vec4 v0x594719268cf0_0;
    %flag_set/vec4 8;
    %jmp/0xz  T_10.0, 8;
    %pushi/vec4 0, 0, 2;
    %assign/vec4 v0x594719268390_0, 0;
    %pushi/vec4 0, 0, 2;
    %assign/vec4 v0x594719269180_0, 0;
    %jmp T_10.1;
T_10.0 ;
    %load/vec4 v0x594719268210_0;
    %flag_set/vec4 8;
    %jmp/0xz  T_10.2, 8;
    %load/vec4 v0x594719268e80_0;
    %load/vec4 v0x594719268dc0_0;
    %concat/vec4; draw_concat_vec4
    %load/vec4 v0x594719268390_0;
    %pad/u 4;
    %ix/vec4 3;
    %ix/load 4, 0, 0; Constant delay
    %assign/vec4/a/d v0x594719268c30, 0, 4;
    %load/vec4 v0x594719268390_0;
    %addi 1, 0, 2;
    %assign/vec4 v0x594719268390_0, 0;
T_10.2 ;
    %load/vec4 v0x594719267ea0_0;
    %flag_set/vec4 8;
    %jmp/0xz  T_10.4, 8;
    %load/vec4 v0x594719269180_0;
    %addi 1, 0, 2;
    %assign/vec4 v0x594719269180_0, 0;
T_10.4 ;
T_10.1 ;
    %jmp T_10;
    .thread T_10;
    .scope S_0x594719265cb0;
T_11 ;
    %wait E_0x5947191e6dd0;
    %load/vec4 v0x594719273160_0;
    %parti/s 16, 0, 2;
    %assign/vec4 v0x594719269d00_0, 0;
    %jmp T_11;
    .thread T_11, $push;
    .scope S_0x59471926a2a0;
T_12 ;
    %pushi/vec4 0, 0, 2;
    %assign/vec4 v0x59471926c750_0, 0;
    %pushi/vec4 0, 0, 2;
    %assign/vec4 v0x59471926d580_0, 0;
    %pushi/vec4 0, 0, 32;
    %store/vec4 v0x59471926c830_0, 0, 32;
T_12.0 ;
    %load/vec4 v0x59471926c830_0;
    %pad/s 33;
    %cmpi/s 3, 0, 33;
    %flag_or 5, 4;
    %jmp/0xz T_12.1, 5;
    %pushi/vec4 0, 0, 17;
    %ix/getv/s 3, v0x59471926c830_0;
    %ix/load 4, 0, 0; Constant delay
    %assign/vec4/a/d v0x59471926cff0, 0, 4;
    %load/vec4 v0x59471926c830_0;
    %addi 1, 0, 32;
    %store/vec4 v0x59471926c830_0, 0, 32;
    %jmp T_12.0;
T_12.1 ;
    %end;
    .thread T_12;
    .scope S_0x59471926a2a0;
T_13 ;
    %wait E_0x59471924b2b0;
    %load/vec4 v0x59471926d0b0_0;
    %flag_set/vec4 8;
    %jmp/0xz  T_13.0, 8;
    %pushi/vec4 0, 0, 1;
    %assign/vec4 v0x59471926d400_0, 0;
    %pushi/vec4 0, 0, 1;
    %assign/vec4 v0x59471926cf30_0, 0;
    %jmp T_13.1;
T_13.0 ;
    %load/vec4 v0x59471926cb50_0;
    %nor/r;
    %assign/vec4 v0x59471926d400_0, 0;
    %load/vec4 v0x59471926ca90_0;
    %nor/r;
    %assign/vec4 v0x59471926cf30_0, 0;
T_13.1 ;
    %jmp T_13;
    .thread T_13, $push;
    .scope S_0x59471926a2a0;
T_14 ;
    %wait E_0x5947191dfc90;
    %load/vec4 v0x59471926d0b0_0;
    %flag_set/vec4 8;
    %jmp/0xz  T_14.0, 8;
    %pushi/vec4 0, 0, 2;
    %assign/vec4 v0x59471926c750_0, 0;
    %pushi/vec4 0, 0, 2;
    %assign/vec4 v0x59471926d580_0, 0;
    %jmp T_14.1;
T_14.0 ;
    %load/vec4 v0x59471926c5d0_0;
    %flag_set/vec4 8;
    %jmp/0xz  T_14.2, 8;
    %load/vec4 v0x59471926d280_0;
    %load/vec4 v0x59471926d1a0_0;
    %concat/vec4; draw_concat_vec4
    %load/vec4 v0x59471926c750_0;
    %pad/u 4;
    %ix/vec4 3;
    %ix/load 4, 0, 0; Constant delay
    %assign/vec4/a/d v0x59471926cff0, 0, 4;
    %load/vec4 v0x59471926c750_0;
    %addi 1, 0, 2;
    %assign/vec4 v0x59471926c750_0, 0;
T_14.2 ;
    %load/vec4 v0x59471926c240_0;
    %flag_set/vec4 8;
    %jmp/0xz  T_14.4, 8;
    %load/vec4 v0x59471926d580_0;
    %addi 1, 0, 2;
    %assign/vec4 v0x59471926d580_0, 0;
T_14.4 ;
T_14.1 ;
    %jmp T_14;
    .thread T_14;
    .scope S_0x59471926a040;
T_15 ;
    %wait E_0x5947191e6dd0;
    %load/vec4 v0x594719273160_0;
    %parti/s 16, 0, 2;
    %assign/vec4 v0x59471926e0c0_0, 0;
    %jmp T_15;
    .thread T_15, $push;
    .scope S_0x59471926e630;
T_16 ;
    %pushi/vec4 0, 0, 2;
    %assign/vec4 v0x594719270b00_0, 0;
    %pushi/vec4 0, 0, 2;
    %assign/vec4 v0x5947192718e0_0, 0;
    %pushi/vec4 0, 0, 32;
    %store/vec4 v0x594719270be0_0, 0, 32;
T_16.0 ;
    %load/vec4 v0x594719270be0_0;
    %pad/s 33;
    %cmpi/s 3, 0, 33;
    %flag_or 5, 4;
    %jmp/0xz T_16.1, 5;
    %pushi/vec4 0, 0, 17;
    %ix/getv/s 3, v0x594719270be0_0;
    %ix/load 4, 0, 0; Constant delay
    %assign/vec4/a/d v0x5947192713a0, 0, 4;
    %load/vec4 v0x594719270be0_0;
    %addi 1, 0, 32;
    %store/vec4 v0x594719270be0_0, 0, 32;
    %jmp T_16.0;
T_16.1 ;
    %end;
    .thread T_16;
    .scope S_0x59471926e630;
T_17 ;
    %wait E_0x59471924b5a0;
    %load/vec4 v0x594719271460_0;
    %flag_set/vec4 8;
    %jmp/0xz  T_17.0, 8;
    %pushi/vec4 0, 0, 1;
    %assign/vec4 v0x594719271760_0, 0;
    %pushi/vec4 0, 0, 1;
    %assign/vec4 v0x5947192712e0_0, 0;
    %jmp T_17.1;
T_17.0 ;
    %load/vec4 v0x594719270f00_0;
    %nor/r;
    %assign/vec4 v0x594719271760_0, 0;
    %load/vec4 v0x594719270e40_0;
    %nor/r;
    %assign/vec4 v0x5947192712e0_0, 0;
T_17.1 ;
    %jmp T_17;
    .thread T_17, $push;
    .scope S_0x59471926e630;
T_18 ;
    %wait E_0x5947191dfc90;
    %load/vec4 v0x594719271460_0;
    %flag_set/vec4 8;
    %jmp/0xz  T_18.0, 8;
    %pushi/vec4 0, 0, 2;
    %assign/vec4 v0x594719270b00_0, 0;
    %pushi/vec4 0, 0, 2;
    %assign/vec4 v0x5947192718e0_0, 0;
    %jmp T_18.1;
T_18.0 ;
    %load/vec4 v0x594719270980_0;
    %flag_set/vec4 8;
    %jmp/0xz  T_18.2, 8;
    %load/vec4 v0x5947192715e0_0;
    %load/vec4 v0x594719271500_0;
    %concat/vec4; draw_concat_vec4
    %load/vec4 v0x594719270b00_0;
    %pad/u 4;
    %ix/vec4 3;
    %ix/load 4, 0, 0; Constant delay
    %assign/vec4/a/d v0x5947192713a0, 0, 4;
    %load/vec4 v0x594719270b00_0;
    %addi 1, 0, 2;
    %assign/vec4 v0x594719270b00_0, 0;
T_18.2 ;
    %load/vec4 v0x5947192705f0_0;
    %flag_set/vec4 8;
    %jmp/0xz  T_18.4, 8;
    %load/vec4 v0x5947192718e0_0;
    %addi 1, 0, 2;
    %assign/vec4 v0x5947192718e0_0, 0;
T_18.4 ;
T_18.1 ;
    %jmp T_18;
    .thread T_18;
    .scope S_0x59471926e400;
T_19 ;
    %wait E_0x5947191e6dd0;
    %load/vec4 v0x594719273160_0;
    %parti/s 16, 0, 2;
    %assign/vec4 v0x594719272430_0, 0;
    %jmp T_19;
    .thread T_19, $push;
    .scope S_0x59471923bbf0;
T_20 ;
    %wait E_0x5947191dfc90;
    %load/vec4 v0x5947192738e0_0;
    %flag_set/vec4 8;
    %jmp/0xz  T_20.0, 8;
    %pushi/vec4 0, 0, 17;
    %assign/vec4 v0x594719273160_0, 0;
    %pushi/vec4 0, 0, 4;
    %assign/vec4 v0x594719272fa0_0, 0;
    %jmp T_20.1;
T_20.0 ;
    %load/vec4 v0x594719273240_0;
    %assign/vec4 v0x594719273160_0, 0;
    %load/vec4 v0x594719273080_0;
    %assign/vec4 v0x594719272fa0_0, 0;
T_20.1 ;
    %jmp T_20;
    .thread T_20;
    .scope S_0x59471923cf30;
T_21 ;
    %vpi_call 2 43 "$dumpfile", "../vcd/tb_AXISBroadcaster.vcd" {0 0 0};
    %vpi_call 2 44 "$dumpvars", 32'sb00000000000000000000000000000000, S_0x59471923bbf0 {0 0 0};
    %end;
    .thread T_21;
    .scope S_0x59471923cf30;
T_22 ;
    %pushi/vec4 0, 0, 1;
    %store/vec4 v0x594719274000_0, 0, 1;
T_22.0 ;
    %delay 3567587328, 232;
    %load/vec4 v0x594719274000_0;
    %nor/r;
    %store/vec4 v0x594719274000_0, 0, 1;
    %jmp T_22.0;
    %end;
    .thread T_22;
    .scope S_0x59471923cf30;
T_23 ;
    %pushi/vec4 0, 0, 1;
    %store/vec4 v0x5947192746a0_0, 0, 1;
    %pushi/vec4 0, 0, 1;
    %store/vec4 v0x594719274570_0, 0, 1;
    %pushi/vec4 0, 0, 16;
    %store/vec4 v0x594719274740_0, 0, 16;
    %pushi/vec4 0, 0, 1;
    %store/vec4 v0x5947192749d0_0, 0, 1;
    %pushi/vec4 0, 0, 1;
    %store/vec4 v0x594719274830_0, 0, 1;
    %pushi/vec4 0, 0, 4;
    %store/vec4 v0x5947192743d0_0, 0, 4;
    %delay 1316134912, 2328;
    %pushi/vec4 1, 0, 1;
    %store/vec4 v0x5947192746a0_0, 0, 1;
    %delay 1316134912, 2328;
    %pushi/vec4 0, 0, 1;
    %store/vec4 v0x5947192746a0_0, 0, 1;
    %delay 1316134912, 2328;
    %pushi/vec4 0, 0, 32;
    %store/vec4 v0x5947192740c0_0, 0, 32;
    %pushi/vec4 1, 0, 1;
    %store/vec4 v0x594719274570_0, 0, 1;
    %wait E_0x5947191dfc90;
    %delay 3567587328, 232;
    %pushi/vec4 15, 0, 4;
    %store/vec4 v0x5947192743d0_0, 0, 4;
    %delay 1382236160, 116415;
    %vpi_call 2 74 "$finish" {0 0 0};
    %end;
    .thread T_23;
    .scope S_0x59471923cf30;
T_24 ;
    %wait E_0x5947191dfc90;
    %load/vec4 v0x594719274570_0;
    %flag_set/vec4 8;
    %jmp/0xz  T_24.0, 8;
    %vpi_call 2 84 "$display", "Count : %d -- %d:%d:%d:%X:%X:%X", v0x5947192740c0_0, v0x594719274900_0, v0x5947192749d0_0, v0x594719274830_0, v0x5947192743d0_0, v0x5947192744a0_0, v0x594719274300_0 {0 0 0};
    %load/vec4 v0x594719274900_0;
    %load/vec4 v0x5947192749d0_0;
    %and;
    %flag_set/vec4 8;
    %jmp/0xz  T_24.2, 8;
    %load/vec4 v0x5947192740c0_0;
    %addi 1, 0, 32;
    %assign/vec4 v0x5947192740c0_0, 0;
T_24.2 ;
    %load/vec4 v0x5947192740c0_0;
    %pushi/vec4 4, 0, 32;
    %mod/s;
    %assign/vec4 v0x594719273f00_0, 0;
    %load/vec4 v0x594719273f00_0;
    %dup/vec4;
    %pushi/vec4 3, 0, 32;
    %cmp/u;
    %jmp/1 T_24.4, 6;
    %dup/vec4;
    %pushi/vec4 2, 0, 32;
    %cmp/u;
    %jmp/1 T_24.5, 6;
    %dup/vec4;
    %pushi/vec4 1, 0, 32;
    %cmp/u;
    %jmp/1 T_24.6, 6;
    %pushi/vec4 47806, 0, 16;
    %assign/vec4 v0x594719274740_0, 0;
    %jmp T_24.8;
T_24.4 ;
    %pushi/vec4 57005, 0, 16;
    %assign/vec4 v0x594719274740_0, 0;
    %jmp T_24.8;
T_24.5 ;
    %pushi/vec4 48815, 0, 16;
    %assign/vec4 v0x594719274740_0, 0;
    %jmp T_24.8;
T_24.6 ;
    %pushi/vec4 51966, 0, 16;
    %assign/vec4 v0x594719274740_0, 0;
    %jmp T_24.8;
T_24.8 ;
    %pop/vec4 1;
    %load/vec4 v0x5947192749d0_0;
    %nor/r;
    %load/vec4 v0x5947192740c0_0;
    %cmpi/s 60, 0, 32;
    %flag_get/vec4 5;
    %and;
    %flag_set/vec4 8;
    %jmp/0xz  T_24.9, 8;
    %pushi/vec4 1, 0, 1;
    %assign/vec4 v0x5947192749d0_0, 0;
T_24.9 ;
    %load/vec4 v0x5947192740c0_0;
    %cmpi/e 24, 0, 32;
    %flag_mov 8, 4;
    %load/vec4 v0x5947192740c0_0;
    %cmpi/e 52, 0, 32;
    %flag_or 4, 8;
    %flag_mov 8, 4;
    %load/vec4 v0x5947192740c0_0;
    %cmpi/e 76, 0, 32;
    %flag_or 4, 8;
    %jmp/0xz  T_24.11, 4;
    %pushi/vec4 1, 0, 1;
    %assign/vec4 v0x594719274830_0, 0;
T_24.11 ;
    %load/vec4 v0x594719274900_0;
    %load/vec4 v0x594719274830_0;
    %and;
    %flag_set/vec4 8;
    %load/vec4 v0x5947192740c0_0;
    %cmpi/s 84, 0, 32;
    %flag_or 5, 4; GT is !LE
    %flag_inv 5;
    %flag_or 5, 8;
    %jmp/0xz  T_24.13, 5;
    %pushi/vec4 0, 0, 1;
    %assign/vec4 v0x594719274830_0, 0;
    %pushi/vec4 0, 0, 1;
    %assign/vec4 v0x5947192749d0_0, 0;
T_24.13 ;
    %load/vec4 v0x5947192740c0_0;
    %pushi/vec4 25, 0, 32;
    %cmp/e;
    %flag_get/vec4 4;
    %load/vec4 v0x5947192744a0_0;
    %pushi/vec4 0, 0, 4;
    %cmp/ne;
    %flag_get/vec4 4;
    %and;
    %flag_set/vec4 8;
    %jmp/0xz  T_24.15, 8;
    %pushi/vec4 0, 0, 1;
    %assign/vec4 v0x5947192749d0_0, 0;
T_24.15 ;
    %pushi/vec4 84, 0, 32;
    %load/vec4 v0x5947192740c0_0;
    %cmp/s;
    %flag_get/vec4 5;
    %load/vec4 v0x594719274aa0_0;
    %nor/r;
    %and;
    %flag_set/vec4 8;
    %jmp/0xz  T_24.17, 8;
    %vpi_call 2 117 "$finish" {0 0 0};
T_24.17 ;
    %load/vec4 v0x5947192740c0_0;
    %assign/vec4 v0x594719274160_0, 0;
    %load/vec4 v0x5947192740c0_0;
    %load/vec4 v0x594719274160_0;
    %cmp/e;
    %flag_mov 8, 4;
    %load/vec4 v0x5947192749d0_0;
    %load/vec4 v0x5947192743d0_0;
    %pushi/vec4 0, 0, 4;
    %cmp/ne;
    %flag_get/vec4 4;
    %or;
    %nor/r;
    %flag_set/vec4 9;
    %flag_or 9, 8;
    %jmp/0xz  T_24.19, 9;
    %load/vec4 v0x594719274aa0_0;
    %cmpi/ne 0, 0, 32;
    %jmp/0xz  T_24.21, 4;
    %load/vec4 v0x594719274aa0_0;
    %subi 1, 0, 32;
    %assign/vec4 v0x594719274aa0_0, 0;
    %jmp T_24.22;
T_24.21 ;
    %pushi/vec4 3, 0, 32;
    %assign/vec4 v0x594719274aa0_0, 0;
T_24.22 ;
    %jmp T_24.20;
T_24.19 ;
    %pushi/vec4 3, 0, 32;
    %assign/vec4 v0x594719274aa0_0, 0;
T_24.20 ;
T_24.0 ;
    %jmp T_24;
    .thread T_24;
# The file index is used to find the file name in the following table.
:file_names 4;
    "N/A";
    "<interactive>";
    "/tmp/tmptpnlehi8";
    "/home/ketak/Public/gvenit/kan-fpga/rtl/AXISFifo.v";
