#! /usr/bin/vvp
:ivl_version "11.0 (stable)";
:ivl_delay_selection "TYPICAL";
:vpi_time_precision - 12;
:vpi_module "/usr/lib/x86_64-linux-gnu/ivl/system.vpi";
:vpi_module "/usr/lib/x86_64-linux-gnu/ivl/vhdl_sys.vpi";
:vpi_module "/usr/lib/x86_64-linux-gnu/ivl/vhdl_textio.vpi";
:vpi_module "/usr/lib/x86_64-linux-gnu/ivl/v2005_math.vpi";
:vpi_module "/usr/lib/x86_64-linux-gnu/ivl/va_math.vpi";
S_0x6309e9fd5750 .scope module, "tb_AXISCombiner" "tb_AXISCombiner" 2 3;
 .timescale 0 0;
P_0x6309e9f006a0 .param/l "CHANNELS" 1 2 9, +C4<00000000000000000000000000000100>;
P_0x6309e9f006e0 .param/l "DATA_WIDTH" 1 2 8, +C4<00000000000000000000000000010000>;
P_0x6309e9f00720 .param/l "FIFO_DEPTH" 1 2 10, +C4<00000000000000000000000000000100>;
v0x6309ea00df80_0 .var "clk", 0 0;
v0x6309ea00e040_0 .var/i "count_Ref", 31 0;
v0x6309ea00e120_0 .net "m_axis_0_tdata", 63 0, L_0x6309ea030750;  1 drivers
v0x6309ea00e220_0 .net "m_axis_0_tkeep", 3 0, L_0x6309ea030890;  1 drivers
v0x6309ea00e2f0_0 .net "m_axis_0_tlast", 0 0, L_0x6309ea030020;  1 drivers
v0x6309ea00e390_0 .var "m_axis_0_tready", 0 0;
v0x6309ea00e430_0 .net "m_axis_0_tvalid", 0 0, L_0x6309ea02fdf0;  1 drivers
v0x6309ea00e520_0 .var "reset_done", 0 0;
v0x6309ea00e5c0_0 .var "rst", 0 0;
v0x6309ea00e660_0 .var "s_axis_0_tdata", 63 0;
v0x6309ea00e720_0 .var "s_axis_0_tlast", 3 0;
v0x6309ea00e7c0_0 .net "s_axis_0_tready", 3 0, L_0x6309ea028e80;  1 drivers
v0x6309ea00e860_0 .var "s_axis_0_tvalid", 3 0;
v0x6309ea00e900_0 .var/i "timer_Ref", 31 0;
S_0x6309e9fb0df0 .scope generate, "genblk1[0]" "genblk1[0]" 2 81, 2 81 0, S_0x6309e9fd5750;
 .timescale 0 0;
P_0x6309e9fd02d0 .param/l "CHN" 0 2 81, +C4<00>;
v0x6309e9fa6760_0 .var/i "_tmp_0", 31 0;
v0x6309e9fa2300_0 .var/i "count", 31 0;
v0x6309e9f8ee90_0 .var/i "count2", 31 0;
v0x6309e9fda220_0 .var/i "timer", 31 0;
E_0x6309e9f3f580 .event posedge, v0x6309e9ff64a0_0;
E_0x6309e9f44ca0 .event edge, v0x6309e9fa2300_0, v0x6309e9fda220_0;
S_0x6309e9fb15d0 .scope generate, "genblk1[1]" "genblk1[1]" 2 81, 2 81 0, S_0x6309e9fd5750;
 .timescale 0 0;
P_0x6309e9ff3610 .param/l "CHN" 0 2 81, +C4<01>;
v0x6309e9f7bfe0_0 .var/i "_tmp_0", 31 0;
v0x6309e9f77270_0 .var/i "count", 31 0;
v0x6309e9f72ea0_0 .var/i "count2", 31 0;
v0x6309e9ff37b0_0 .var/i "timer", 31 0;
E_0x6309e9f12c00 .event edge, v0x6309e9f77270_0;
S_0x6309e9fb19b0 .scope generate, "genblk1[2]" "genblk1[2]" 2 81, 2 81 0, S_0x6309e9fd5750;
 .timescale 0 0;
P_0x6309e9ff3930 .param/l "CHN" 0 2 81, +C4<010>;
v0x6309e9ff3a10_0 .var/i "_tmp_0", 31 0;
v0x6309e9ff3b10_0 .var/i "count", 31 0;
v0x6309e9ff3bf0_0 .var/i "count2", 31 0;
v0x6309e9ff3ce0_0 .var/i "timer", 31 0;
E_0x6309e9fde380 .event edge, v0x6309e9ff3b10_0;
S_0x6309e9fc2f80 .scope generate, "genblk1[3]" "genblk1[3]" 2 81, 2 81 0, S_0x6309e9fd5750;
 .timescale 0 0;
P_0x6309e9ff3e30 .param/l "CHN" 0 2 81, +C4<011>;
v0x6309e9ff3f30_0 .var/i "_tmp_0", 31 0;
v0x6309e9ff4030_0 .var/i "count", 31 0;
v0x6309e9ff4110_0 .var/i "count2", 31 0;
v0x6309e9ff4200_0 .var/i "timer", 31 0;
E_0x6309e9fde500 .event edge, v0x6309e9ff4030_0;
S_0x6309e9fc3700 .scope module, "uut" "AXISCombiner" 2 29, 2 170 0, S_0x6309e9fd5750;
 .timescale 0 0;
    .port_info 0 /INPUT 1 "clk";
    .port_info 1 /INPUT 1 "rst";
    .port_info 2 /INPUT 64 "s_axis_0_tdata";
    .port_info 3 /INPUT 4 "s_axis_0_tlast";
    .port_info 4 /INPUT 4 "s_axis_0_tvalid";
    .port_info 5 /OUTPUT 4 "s_axis_0_tready";
    .port_info 6 /OUTPUT 64 "m_axis_0_tdata";
    .port_info 7 /OUTPUT 4 "m_axis_0_tkeep";
    .port_info 8 /OUTPUT 1 "m_axis_0_tlast";
    .port_info 9 /OUTPUT 1 "m_axis_0_tvalid";
    .port_info 10 /INPUT 1 "m_axis_0_tready";
P_0x6309e9ff4380 .param/l "CHANNELS" 0 2 173, +C4<00000000000000000000000000000100>;
P_0x6309e9ff43c0 .param/l "DATA_WIDTH" 0 2 172, +C4<00000000000000000000000000010000>;
P_0x6309e9ff4400 .param/l "FIFO_DEPTH" 1 2 189, +C4<00000000000000000000000000000100>;
L_0x6309ea02d970 .functor AND 1, L_0x6309ea02e330, L_0x6309ea02fd30, C4<1>, C4<1>;
L_0x6309ea02da80 .functor OR 4, v0x6309ea00c750_0, L_0x6309ea02ce80, C4<0000>, C4<0000>;
L_0x6309ea02dd60 .functor AND 1, L_0x6309ea02d970, L_0x6309ea02e100, C4<1>, C4<1>;
L_0x6309ea02ddd0 .functor AND 4, L_0x6309ea029f90, L_0x6309ea02ce80, C4<1111>, C4<1111>;
L_0x6309ea02de90 .functor AND 4, L_0x6309ea02ddd0, L_0x6309ea02c070, C4<1111>, C4<1111>;
L_0x6309ea02df50 .functor OR 4, v0x6309ea00c9f0_0, L_0x6309ea02de90, C4<0000>, C4<0000>;
v0x6309ea00c040_0 .net *"_ivl_119", 3 0, L_0x6309ea02da80;  1 drivers
v0x6309ea00c0e0_0 .net *"_ivl_123", 0 0, L_0x6309ea02dd60;  1 drivers
v0x6309ea00c180_0 .net *"_ivl_125", 3 0, L_0x6309ea02ddd0;  1 drivers
v0x6309ea00c250_0 .net *"_ivl_127", 3 0, L_0x6309ea02de90;  1 drivers
v0x6309ea00c330_0 .net *"_ivl_129", 3 0, L_0x6309ea02df50;  1 drivers
v0x6309ea00c410_0 .net "clk", 0 0, v0x6309ea00df80_0;  1 drivers
v0x6309ea00c4b0_0 .net "data_in_next", 63 0, L_0x6309ea029750;  1 drivers
v0x6309ea00c590_0 .net "data_keep_in_next", 3 0, L_0x6309ea02ce80;  1 drivers
v0x6309ea00c670_0 .net "data_keep_next", 3 0, L_0x6309ea0292e0;  1 drivers
v0x6309ea00c750_0 .var "data_keep_reg", 3 0;
v0x6309ea00c830_0 .net "data_keep_reg_next", 3 0, L_0x6309ea02daf0;  1 drivers
v0x6309ea00c910_0 .net "data_last_in_next", 3 0, L_0x6309ea029f90;  1 drivers
v0x6309ea00c9f0_0 .var "data_last_reg", 3 0;
v0x6309ea00cad0_0 .net "data_last_reg_next", 3 0, L_0x6309ea02dfc0;  1 drivers
v0x6309ea00cbb0_0 .net "data_ready_in", 0 0, L_0x6309ea02fd30;  1 drivers
v0x6309ea00cc50_0 .net "data_ready_in_early_next", 3 0, L_0x6309ea02c070;  1 drivers
v0x6309ea00cd10_0 .net "data_ready_in_next", 3 0, L_0x6309ea02c5d0;  1 drivers
v0x6309ea00cf00_0 .var "data_reg", 63 0;
v0x6309ea00cfe0_0 .net "data_reg_next", 63 0, L_0x6309ea02d160;  1 drivers
v0x6309ea00d0c0_0 .net "data_valid_in_next", 3 0, L_0x6309ea029c70;  1 drivers
v0x6309ea00d1a0_0 .net "generate_tlast", 0 0, L_0x6309ea02e100;  1 drivers
v0x6309ea00d270_0 .net "generate_tvalid", 0 0, L_0x6309ea02e330;  1 drivers
v0x6309ea00d340_0 .net "m_axis_0_tdata", 63 0, L_0x6309ea030750;  alias, 1 drivers
v0x6309ea00d3e0_0 .net "m_axis_0_tkeep", 3 0, L_0x6309ea030890;  alias, 1 drivers
v0x6309ea00d4c0_0 .net "m_axis_0_tlast", 0 0, L_0x6309ea030020;  alias, 1 drivers
v0x6309ea00d590_0 .net "m_axis_0_tready", 0 0, v0x6309ea00e390_0;  1 drivers
v0x6309ea00d660_0 .net "m_axis_0_tvalid", 0 0, L_0x6309ea02fdf0;  alias, 1 drivers
v0x6309ea00d730_0 .net "output_handshake", 0 0, L_0x6309ea02d970;  1 drivers
v0x6309ea00d7d0_0 .net "rst", 0 0, v0x6309ea00e5c0_0;  1 drivers
v0x6309ea00d870_0 .net "s_axis_0_tdata", 63 0, v0x6309ea00e660_0;  1 drivers
v0x6309ea00d910_0 .net "s_axis_0_tlast", 3 0, v0x6309ea00e720_0;  1 drivers
v0x6309ea00d9f0_0 .net "s_axis_0_tready", 3 0, L_0x6309ea028e80;  alias, 1 drivers
v0x6309ea00dad0_0 .net "s_axis_0_tvalid", 3 0, v0x6309ea00e860_0;  1 drivers
L_0x6309ea00e9c0 .part v0x6309ea00e720_0, 0, 1;
L_0x6309ea00ead0 .part v0x6309ea00e860_0, 0, 1;
L_0x6309ea00eed0 .part L_0x6309ea02c5d0, 0, 1;
L_0x6309ea020f50 .part v0x6309ea00c750_0, 0, 1;
L_0x6309ea021200 .part L_0x6309ea02c070, 0, 1;
L_0x6309ea021300 .part v0x6309ea00c9f0_0, 0, 1;
L_0x6309ea0218c0 .part L_0x6309ea02ce80, 0, 1;
L_0x6309ea021960 .part L_0x6309ea029750, 0, 16;
L_0x6309ea021a80 .part v0x6309ea00cf00_0, 0, 16;
L_0x6309ea021d20 .part v0x6309ea00e720_0, 1, 1;
L_0x6309ea021e70 .part v0x6309ea00e860_0, 1, 1;
L_0x6309ea0223c0 .part L_0x6309ea02c5d0, 1, 1;
L_0x6309ea024580 .part v0x6309ea00c750_0, 1, 1;
L_0x6309ea024870 .part L_0x6309ea02c070, 1, 1;
L_0x6309ea0249e0 .part v0x6309ea00c9f0_0, 1, 1;
L_0x6309ea024e90 .part L_0x6309ea02ce80, 1, 1;
L_0x6309ea024fc0 .part L_0x6309ea029750, 16, 16;
L_0x6309ea0250b0 .part v0x6309ea00cf00_0, 16, 16;
L_0x6309ea025400 .part v0x6309ea00e720_0, 2, 1;
L_0x6309ea0254f0 .part v0x6309ea00e860_0, 2, 1;
L_0x6309ea025a60 .part L_0x6309ea02c5d0, 2, 1;
L_0x6309ea027dc0 .part v0x6309ea00c750_0, 2, 1;
L_0x6309ea0280d0 .part L_0x6309ea02c070, 2, 1;
L_0x6309ea028170 .part v0x6309ea00c9f0_0, 2, 1;
L_0x6309ea028720 .part L_0x6309ea02ce80, 2, 1;
L_0x6309ea0287c0 .part L_0x6309ea029750, 32, 16;
L_0x6309ea028940 .part v0x6309ea00cf00_0, 32, 16;
L_0x6309ea028bb0 .part v0x6309ea00e720_0, 3, 1;
L_0x6309ea028d90 .part v0x6309ea00e860_0, 3, 1;
L_0x6309ea028e80 .concat8 [ 1 1 1 1], L_0x6309e9fa5040, L_0x6309ea021f10, L_0x6309ea0256d0, L_0x6309ea029160;
L_0x6309ea0292e0 .concat8 [ 1 1 1 1], L_0x6309ea00eca0, L_0x6309ea022040, L_0x6309ea0251a0, L_0x6309ea029470;
L_0x6309ea029750 .concat8 [ 16 16 16 16], L_0x6309e9fda080, L_0x6309ea0222d0, L_0x6309ea0259a0, L_0x6309ea029a30;
L_0x6309ea029b40 .part L_0x6309ea02c5d0, 3, 1;
L_0x6309ea029c70 .concat8 [ 1 1 1 1], L_0x6309e9f7fb70, L_0x6309ea022520, L_0x6309ea025b00, L_0x6309ea029ed0;
L_0x6309ea029f90 .concat8 [ 1 1 1 1], L_0x6309e9f7ae00, L_0x6309ea022590, L_0x6309ea025b70, L_0x6309ea02a120;
L_0x6309ea02c070 .concat8 [ 1 1 1 1], L_0x6309ea021140, L_0x6309ea024760, L_0x6309ea028010, L_0x6309ea029e50;
L_0x6309ea029db0 .part v0x6309ea00c750_0, 3, 1;
L_0x6309ea02c5d0 .concat8 [ 1 1 1 1], L_0x6309ea021690, L_0x6309ea024c60, L_0x6309ea028550, L_0x6309ea02cd20;
L_0x6309ea02c850 .part L_0x6309ea02c070, 3, 1;
L_0x6309ea02c8f0 .part v0x6309ea00c9f0_0, 3, 1;
L_0x6309ea02ce80 .concat8 [ 1 1 1 1], L_0x6309ea0217a0, L_0x6309ea024d70, L_0x6309ea028660, L_0x6309ea02d050;
L_0x6309ea02d160 .concat8 [ 16 16 16 16], L_0x6309ea021b80, L_0x6309ea025240, L_0x6309ea028a10, L_0x6309ea02d7e0;
L_0x6309ea02d400 .part L_0x6309ea02ce80, 3, 1;
L_0x6309ea02d4a0 .part L_0x6309ea029750, 48, 16;
L_0x6309ea02d6b0 .part v0x6309ea00cf00_0, 48, 16;
L_0x6309ea02daf0 .functor MUXZ 4, L_0x6309ea02da80, L_0x6309ea02ce80, L_0x6309ea02d970, C4<>;
L_0x6309ea02dfc0 .functor MUXZ 4, L_0x6309ea02df50, L_0x6309ea029f90, L_0x6309ea02dd60, C4<>;
L_0x6309ea02e100 .reduce/and v0x6309ea00c9f0_0;
L_0x6309ea02e330 .reduce/or v0x6309ea00c750_0;
L_0x6309ea030510 .concat [ 4 64 0 0], v0x6309ea00c750_0, v0x6309ea00cf00_0;
L_0x6309ea030750 .part L_0x6309ea030140, 4, 64;
L_0x6309ea030890 .part L_0x6309ea030140, 0, 4;
S_0x6309e9fc3ee0 .scope module, "AXISFifo_out_inst" "AXISFifo" 2 283, 3 5 0, S_0x6309e9fc3700;
 .timescale -9 -12;
    .port_info 0 /INPUT 1 "clk";
    .port_info 1 /INPUT 1 "rst";
    .port_info 2 /INPUT 68 "s_axis_0_tdata";
    .port_info 3 /INPUT 1 "s_axis_0_tvalid";
    .port_info 4 /OUTPUT 1 "s_axis_0_tready";
    .port_info 5 /INPUT 1 "s_axis_0_tlast";
    .port_info 6 /OUTPUT 68 "m_axis_0_tdata";
    .port_info 7 /OUTPUT 1 "m_axis_0_tvalid";
    .port_info 8 /INPUT 1 "m_axis_0_tready";
    .port_info 9 /OUTPUT 1 "m_axis_0_tlast";
    .port_info 10 /OUTPUT 1 "full";
    .port_info 11 /OUTPUT 1 "almost_full";
    .port_info 12 /OUTPUT 1 "empty";
    .port_info 13 /OUTPUT 1 "almost_empty";
P_0x6309e9ff4610 .param/l "ADDRESS_WIDTH" 0 3 7, +C4<00000000000000000000000000000010>;
P_0x6309e9ff4650 .param/l "DATA_WIDTH" 0 3 6, +C4<00000000000000000000000000000000000000000000000000000000001000100>;
P_0x6309e9ff4690 .param/l "EXP_ADDR_WIDTH" 1 3 28, +C4<000000000000000000000000000000011>;
L_0x7b544b23e0b0 .functor BUFT 1, C4<000000000000000000000000000000011>, C4<0>, C4<0>, C4<0>;
L_0x6309ea02e790 .functor AND 33, L_0x6309ea02e6f0, L_0x7b544b23e0b0, C4<111111111111111111111111111111111>, C4<111111111111111111111111111111111>;
L_0x7b544b23e188 .functor BUFT 1, C4<000000000000000000000000000000011>, C4<0>, C4<0>, C4<0>;
L_0x6309ea02ec10 .functor AND 33, L_0x6309ea02eb70, L_0x7b544b23e188, C4<111111111111111111111111111111111>, C4<111111111111111111111111111111111>;
L_0x7b544b23e2a8 .functor BUFT 1, C4<000000000000000000000000000000011>, C4<0>, C4<0>, C4<0>;
L_0x6309ea02f5f0 .functor AND 33, L_0x6309ea02f550, L_0x7b544b23e2a8, C4<111111111111111111111111111111111>, C4<111111111111111111111111111111111>;
L_0x6309ea02fa30 .functor BUFZ 1, L_0x6309ea02ef00, C4<0>, C4<0>, C4<0>;
L_0x6309ea02faf0 .functor OR 1, L_0x6309ea02f8f0, L_0x6309ea02ef00, C4<0>, C4<0>;
L_0x6309ea02fbb0 .functor BUFZ 1, L_0x6309ea02e3d0, C4<0>, C4<0>, C4<0>;
L_0x6309ea02fc70 .functor OR 1, L_0x6309ea02e940, L_0x6309ea02e3d0, C4<0>, C4<0>;
L_0x6309ea02fd30 .functor BUFZ 1, v0x6309e9ff74e0_0, C4<0>, C4<0>, C4<0>;
L_0x6309ea02fdf0 .functor BUFZ 1, v0x6309e9ff7040_0, C4<0>, C4<0>, C4<0>;
L_0x6309ea02fe60 .functor AND 1, v0x6309e9ff74e0_0, L_0x6309ea02e330, C4<1>, C4<1>;
L_0x6309ea02ffb0 .functor AND 1, v0x6309e9ff7040_0, v0x6309ea00e390_0, C4<1>, C4<1>;
L_0x6309ea02f880 .functor BUFZ 69, L_0x6309ea0301e0, C4<000000000000000000000000000000000000000000000000000000000000000000000>, C4<000000000000000000000000000000000000000000000000000000000000000000000>, C4<000000000000000000000000000000000000000000000000000000000000000000000>;
L_0x7b544b23e068 .functor BUFT 1, C4<000000000000000000000000000000001>, C4<0>, C4<0>, C4<0>;
v0x6309e9ff4a20_0 .net/2u *"_ivl_10", 32 0, L_0x7b544b23e068;  1 drivers
v0x6309e9ff4b20_0 .net *"_ivl_12", 32 0, L_0x6309ea02e6f0;  1 drivers
v0x6309e9ff4c00_0 .net/2u *"_ivl_14", 32 0, L_0x7b544b23e0b0;  1 drivers
v0x6309e9ff4cf0_0 .net *"_ivl_16", 32 0, L_0x6309ea02e790;  1 drivers
v0x6309e9ff4dd0_0 .net *"_ivl_2", 32 0, L_0x6309ea02e470;  1 drivers
v0x6309e9ff4f00_0 .net *"_ivl_20", 32 0, L_0x6309ea02ea80;  1 drivers
L_0x7b544b23e0f8 .functor BUFT 1, C4<0000000000000000000000000000000>, C4<0>, C4<0>, C4<0>;
v0x6309e9ff4fe0_0 .net *"_ivl_23", 30 0, L_0x7b544b23e0f8;  1 drivers
L_0x7b544b23e140 .functor BUFT 1, C4<000000000000000000000000000000001>, C4<0>, C4<0>, C4<0>;
v0x6309e9ff50c0_0 .net/2u *"_ivl_24", 32 0, L_0x7b544b23e140;  1 drivers
v0x6309e9ff51a0_0 .net *"_ivl_26", 32 0, L_0x6309ea02eb70;  1 drivers
v0x6309e9ff5280_0 .net/2u *"_ivl_28", 32 0, L_0x7b544b23e188;  1 drivers
v0x6309e9ff5360_0 .net *"_ivl_30", 32 0, L_0x6309ea02ec10;  1 drivers
v0x6309e9ff5440_0 .net *"_ivl_32", 32 0, L_0x6309ea02edc0;  1 drivers
L_0x7b544b23e1d0 .functor BUFT 1, C4<0000000000000000000000000000000>, C4<0>, C4<0>, C4<0>;
v0x6309e9ff5520_0 .net *"_ivl_35", 30 0, L_0x7b544b23e1d0;  1 drivers
v0x6309e9ff5600_0 .net *"_ivl_38", 32 0, L_0x6309ea02f040;  1 drivers
L_0x7b544b23e218 .functor BUFT 1, C4<0000000000000000000000000000000>, C4<0>, C4<0>, C4<0>;
v0x6309e9ff56e0_0 .net *"_ivl_41", 30 0, L_0x7b544b23e218;  1 drivers
L_0x7b544b23e260 .functor BUFT 1, C4<000000000000000000000000000000010>, C4<0>, C4<0>, C4<0>;
v0x6309e9ff57c0_0 .net/2u *"_ivl_42", 32 0, L_0x7b544b23e260;  1 drivers
v0x6309e9ff58a0_0 .net *"_ivl_44", 32 0, L_0x6309ea02f550;  1 drivers
v0x6309e9ff5980_0 .net/2u *"_ivl_46", 32 0, L_0x7b544b23e2a8;  1 drivers
v0x6309e9ff5a60_0 .net *"_ivl_48", 32 0, L_0x6309ea02f5f0;  1 drivers
L_0x7b544b23dfd8 .functor BUFT 1, C4<0000000000000000000000000000000>, C4<0>, C4<0>, C4<0>;
v0x6309e9ff5b40_0 .net *"_ivl_5", 30 0, L_0x7b544b23dfd8;  1 drivers
v0x6309e9ff5c20_0 .net *"_ivl_50", 32 0, L_0x6309ea02f750;  1 drivers
L_0x7b544b23e2f0 .functor BUFT 1, C4<0000000000000000000000000000000>, C4<0>, C4<0>, C4<0>;
v0x6309e9ff5d00_0 .net *"_ivl_53", 30 0, L_0x7b544b23e2f0;  1 drivers
v0x6309e9ff5de0_0 .net *"_ivl_6", 32 0, L_0x6309ea02e5b0;  1 drivers
v0x6309e9ff5ec0_0 .net *"_ivl_75", 68 0, L_0x6309ea0301e0;  1 drivers
v0x6309e9ff5fa0_0 .net *"_ivl_77", 3 0, L_0x6309ea030310;  1 drivers
L_0x7b544b23e338 .functor BUFT 1, C4<00>, C4<0>, C4<0>, C4<0>;
v0x6309e9ff6080_0 .net *"_ivl_80", 1 0, L_0x7b544b23e338;  1 drivers
v0x6309e9ff6160_0 .net *"_ivl_82", 68 0, L_0x6309ea02f880;  1 drivers
L_0x7b544b23e020 .functor BUFT 1, C4<0000000000000000000000000000000>, C4<0>, C4<0>, C4<0>;
v0x6309e9ff6240_0 .net *"_ivl_9", 30 0, L_0x7b544b23e020;  1 drivers
v0x6309e9ff6320_0 .net "almost_empty", 0 0, L_0x6309ea02fc70;  1 drivers
v0x6309e9ff63e0_0 .net "almost_full", 0 0, L_0x6309ea02faf0;  1 drivers
v0x6309e9ff64a0_0 .net "clk", 0 0, v0x6309ea00df80_0;  alias, 1 drivers
v0x6309e9ff6560_0 .net "deq", 0 0, L_0x6309ea02ffb0;  1 drivers
v0x6309e9ff6620_0 .net "empty", 0 0, L_0x6309ea02fbb0;  1 drivers
v0x6309e9ff66e0_0 .net "enq", 0 0, L_0x6309ea02fe60;  1 drivers
v0x6309e9ff67a0_0 .net "full", 0 0, L_0x6309ea02fa30;  1 drivers
v0x6309e9ff6860_0 .var "head", 1 0;
v0x6309e9ff6940_0 .var/i "i", 31 0;
v0x6309e9ff6a20_0 .net "is_almost_empty", 0 0, L_0x6309ea02e940;  1 drivers
v0x6309e9ff6ae0_0 .net "is_almost_full", 0 0, L_0x6309ea02f8f0;  1 drivers
v0x6309e9ff6ba0_0 .net "is_empty", 0 0, L_0x6309ea02e3d0;  1 drivers
v0x6309e9ff6c60_0 .net "is_full", 0 0, L_0x6309ea02ef00;  1 drivers
v0x6309e9ff6d20_0 .net "m_axis_0_tdata", 67 0, L_0x6309ea030140;  1 drivers
v0x6309e9ff6e00_0 .net "m_axis_0_tlast", 0 0, L_0x6309ea030020;  alias, 1 drivers
v0x6309e9ff6ec0_0 .net "m_axis_0_tready", 0 0, v0x6309ea00e390_0;  alias, 1 drivers
v0x6309e9ff6f80_0 .net "m_axis_0_tvalid", 0 0, L_0x6309ea02fdf0;  alias, 1 drivers
v0x6309e9ff7040_0 .var "m_axis_0_tvalid_int", 0 0;
v0x6309e9ff7100 .array "mem", 3 0, 68 0;
v0x6309e9ff71c0_0 .net "rst", 0 0, v0x6309ea00e5c0_0;  alias, 1 drivers
v0x6309e9ff7280_0 .net "s_axis_0_tdata", 67 0, L_0x6309ea030510;  1 drivers
v0x6309e9ff7360_0 .net "s_axis_0_tlast", 0 0, L_0x6309ea02e100;  alias, 1 drivers
v0x6309e9ff7420_0 .net "s_axis_0_tready", 0 0, L_0x6309ea02fd30;  alias, 1 drivers
v0x6309e9ff74e0_0 .var "s_axis_0_tready_int", 0 0;
v0x6309e9ff75a0_0 .net "s_axis_0_tvalid", 0 0, L_0x6309ea02e330;  alias, 1 drivers
v0x6309e9ff7660_0 .var "tail", 1 0;
E_0x6309e9fde7a0 .event edge, v0x6309e9ff71c0_0, v0x6309e9ff6c60_0, v0x6309e9ff6ba0_0;
L_0x6309ea02e3d0 .cmp/eq 2, v0x6309e9ff6860_0, v0x6309e9ff7660_0;
L_0x6309ea02e470 .concat [ 2 31 0 0], v0x6309e9ff6860_0, L_0x7b544b23dfd8;
L_0x6309ea02e5b0 .concat [ 2 31 0 0], v0x6309e9ff7660_0, L_0x7b544b23e020;
L_0x6309ea02e6f0 .arith/sum 33, L_0x6309ea02e5b0, L_0x7b544b23e068;
L_0x6309ea02e940 .cmp/eq 33, L_0x6309ea02e470, L_0x6309ea02e790;
L_0x6309ea02ea80 .concat [ 2 31 0 0], v0x6309e9ff6860_0, L_0x7b544b23e0f8;
L_0x6309ea02eb70 .arith/sum 33, L_0x6309ea02ea80, L_0x7b544b23e140;
L_0x6309ea02edc0 .concat [ 2 31 0 0], v0x6309e9ff7660_0, L_0x7b544b23e1d0;
L_0x6309ea02ef00 .cmp/eq 33, L_0x6309ea02ec10, L_0x6309ea02edc0;
L_0x6309ea02f040 .concat [ 2 31 0 0], v0x6309e9ff6860_0, L_0x7b544b23e218;
L_0x6309ea02f550 .arith/sum 33, L_0x6309ea02f040, L_0x7b544b23e260;
L_0x6309ea02f750 .concat [ 2 31 0 0], v0x6309e9ff7660_0, L_0x7b544b23e2f0;
L_0x6309ea02f8f0 .cmp/eq 33, L_0x6309ea02f5f0, L_0x6309ea02f750;
L_0x6309ea030020 .part L_0x6309ea02f880, 68, 1;
L_0x6309ea030140 .part L_0x6309ea02f880, 0, 68;
L_0x6309ea0301e0 .array/port v0x6309e9ff7100, L_0x6309ea030310;
L_0x6309ea030310 .concat [ 2 2 0 0], v0x6309e9ff7660_0, L_0x7b544b23e338;
S_0x6309e9fc42c0 .scope generate, "genblk1[0]" "genblk1[0]" 2 207, 2 207 0, S_0x6309e9fc3700;
 .timescale 0 0;
P_0x6309e9ff7940 .param/l "CHN" 0 2 207, +C4<00>;
L_0x6309e9fa5040 .functor BUFZ 1, L_0x6309ea020690, C4<0>, C4<0>, C4<0>;
L_0x6309e9fa2160 .functor AND 1, L_0x6309ea020690, L_0x6309ea00ead0, C4<1>, C4<1>;
L_0x6309e9f8ecf0 .functor AND 1, L_0x6309ea00eed0, L_0x6309ea0207e0, C4<1>, C4<1>;
L_0x6309e9fda080 .functor BUFZ 16, L_0x6309ea020bd0, C4<0000000000000000>, C4<0000000000000000>, C4<0000000000000000>;
L_0x6309e9f7fb70 .functor BUFZ 1, L_0x6309ea0207e0, C4<0>, C4<0>, C4<0>;
L_0x6309e9f7ae00 .functor BUFZ 1, L_0x6309ea020ab0, C4<0>, C4<0>, C4<0>;
L_0x6309ea021140 .functor OR 1, L_0x6309ea021020, L_0x6309ea02d970, C4<0>, C4<0>;
L_0x6309ea021530 .functor OR 1, L_0x6309ea02e100, L_0x6309ea021440, C4<0>, C4<0>;
L_0x6309ea021690 .functor AND 1, L_0x6309ea021200, L_0x6309ea021530, C4<1>, C4<1>;
L_0x6309ea0217a0 .functor BUFZ 1, L_0x6309e9f8ecf0, C4<0>, C4<0>, C4<0>;
v0x6309e9ffb180_0 .net *"_ivl_13", 15 0, L_0x6309e9fda080;  1 drivers
v0x6309e9ffb280_0 .net *"_ivl_16", 0 0, L_0x6309e9f7fb70;  1 drivers
v0x6309e9ffb360_0 .net *"_ivl_18", 0 0, L_0x6309e9f7ae00;  1 drivers
v0x6309e9ffb450_0 .net *"_ivl_19", 0 0, L_0x6309ea020f50;  1 drivers
v0x6309e9ffb530_0 .net *"_ivl_21", 0 0, L_0x6309ea021020;  1 drivers
v0x6309e9ffb5f0_0 .net *"_ivl_22", 0 0, L_0x6309ea021140;  1 drivers
v0x6309e9ffb6d0_0 .net *"_ivl_24", 0 0, L_0x6309ea021200;  1 drivers
v0x6309e9ffb7b0_0 .net *"_ivl_25", 0 0, L_0x6309ea021300;  1 drivers
v0x6309e9ffb890_0 .net *"_ivl_27", 0 0, L_0x6309ea021440;  1 drivers
v0x6309e9ffb950_0 .net *"_ivl_29", 0 0, L_0x6309ea021530;  1 drivers
v0x6309e9ffba10_0 .net *"_ivl_3", 0 0, L_0x6309e9fa5040;  1 drivers
v0x6309e9ffbaf0_0 .net *"_ivl_31", 0 0, L_0x6309ea021690;  1 drivers
v0x6309e9ffbbb0_0 .net *"_ivl_33", 0 0, L_0x6309ea0217a0;  1 drivers
v0x6309e9ffbc90_0 .net *"_ivl_34", 0 0, L_0x6309ea0218c0;  1 drivers
v0x6309e9ffbd70_0 .net *"_ivl_35", 15 0, L_0x6309ea021960;  1 drivers
v0x6309e9ffbe50_0 .net *"_ivl_36", 15 0, L_0x6309ea021a80;  1 drivers
v0x6309e9ffbf30_0 .net *"_ivl_37", 15 0, L_0x6309ea021b80;  1 drivers
L_0x7b544b23d018 .functor BUFT 1, C4<0>, C4<0>, C4<0>, C4<0>;
v0x6309e9ffc010_0 .net/2u *"_ivl_6", 0 0, L_0x7b544b23d018;  1 drivers
v0x6309e9ffc0f0_0 .net *"_ivl_8", 0 0, L_0x6309ea00eca0;  1 drivers
v0x6309e9ffc1d0_0 .net "m_fifo_handshake", 0 0, L_0x6309e9f8ecf0;  1 drivers
v0x6309e9ffc290_0 .net "m_fifo_tdata", 15 0, L_0x6309ea020bd0;  1 drivers
v0x6309e9ffc350_0 .net "m_fifo_tlast", 0 0, L_0x6309ea020ab0;  1 drivers
v0x6309e9ffc420_0 .net "m_fifo_tready", 0 0, L_0x6309ea00eed0;  1 drivers
v0x6309e9ffc4f0_0 .net "m_fifo_tvalid", 0 0, L_0x6309ea0207e0;  1 drivers
v0x6309e9ffc5c0_0 .net "s_fifo_handshake", 0 0, L_0x6309e9fa2160;  1 drivers
v0x6309e9ffc660_0 .var "s_fifo_tdata", 15 0;
v0x6309e9ffc730_0 .net "s_fifo_tlast", 0 0, L_0x6309ea00e9c0;  1 drivers
v0x6309e9ffc800_0 .net "s_fifo_tready", 0 0, L_0x6309ea020690;  1 drivers
v0x6309e9ffc8d0_0 .net "s_fifo_tvalid", 0 0, L_0x6309ea00ead0;  1 drivers
E_0x6309e9ff7a00 .event edge, v0x6309ea00d870_0;
L_0x6309ea00eca0 .functor MUXZ 1, L_0x6309ea00ead0, L_0x7b544b23d018, L_0x6309e9fa2160, C4<>;
L_0x6309ea021020 .reduce/nor L_0x6309ea020f50;
L_0x6309ea021440 .reduce/nor L_0x6309ea021300;
L_0x6309ea021b80 .functor MUXZ 16, L_0x6309ea021a80, L_0x6309ea021960, L_0x6309ea0218c0, C4<>;
S_0x6309e9ff7a60 .scope module, "AXISFifo_in_inst_i" "AXISFifo" 2 238, 3 5 0, S_0x6309e9fc42c0;
 .timescale -9 -12;
    .port_info 0 /INPUT 1 "clk";
    .port_info 1 /INPUT 1 "rst";
    .port_info 2 /INPUT 16 "s_axis_0_tdata";
    .port_info 3 /INPUT 1 "s_axis_0_tvalid";
    .port_info 4 /OUTPUT 1 "s_axis_0_tready";
    .port_info 5 /INPUT 1 "s_axis_0_tlast";
    .port_info 6 /OUTPUT 16 "m_axis_0_tdata";
    .port_info 7 /OUTPUT 1 "m_axis_0_tvalid";
    .port_info 8 /INPUT 1 "m_axis_0_tready";
    .port_info 9 /OUTPUT 1 "m_axis_0_tlast";
    .port_info 10 /OUTPUT 1 "full";
    .port_info 11 /OUTPUT 1 "almost_full";
    .port_info 12 /OUTPUT 1 "empty";
    .port_info 13 /OUTPUT 1 "almost_empty";
P_0x6309e9ff7c60 .param/l "ADDRESS_WIDTH" 0 3 7, +C4<00000000000000000000000000000010>;
P_0x6309e9ff7ca0 .param/l "DATA_WIDTH" 0 3 6, +C4<00000000000000000000000000010000>;
P_0x6309e9ff7ce0 .param/l "EXP_ADDR_WIDTH" 1 3 28, +C4<000000000000000000000000000000011>;
L_0x7b544b23d138 .functor BUFT 1, C4<000000000000000000000000000000011>, C4<0>, C4<0>, C4<0>;
L_0x6309e9f760c0 .functor AND 33, L_0x6309ea01f3c0, L_0x7b544b23d138, C4<111111111111111111111111111111111>, C4<111111111111111111111111111111111>;
L_0x7b544b23d210 .functor BUFT 1, C4<000000000000000000000000000000011>, C4<0>, C4<0>, C4<0>;
L_0x6309ea01f960 .functor AND 33, L_0x6309ea01f8c0, L_0x7b544b23d210, C4<111111111111111111111111111111111>, C4<111111111111111111111111111111111>;
L_0x7b544b23d330 .functor BUFT 1, C4<000000000000000000000000000000011>, C4<0>, C4<0>, C4<0>;
L_0x6309ea01fee0 .functor AND 33, L_0x6309ea01fe40, L_0x7b544b23d330, C4<111111111111111111111111111111111>, C4<111111111111111111111111111111111>;
L_0x6309ea020320 .functor BUFZ 1, L_0x6309ea01fc50, C4<0>, C4<0>, C4<0>;
L_0x6309ea020410 .functor OR 1, L_0x6309ea0201e0, L_0x6309ea01fc50, C4<0>, C4<0>;
L_0x6309ea0204d0 .functor BUFZ 1, L_0x6309ea00f000, C4<0>, C4<0>, C4<0>;
L_0x6309ea0205d0 .functor OR 1, L_0x6309ea01f650, L_0x6309ea00f000, C4<0>, C4<0>;
L_0x6309ea020690 .functor BUFZ 1, v0x6309e9fface0_0, C4<0>, C4<0>, C4<0>;
L_0x6309ea0207e0 .functor BUFZ 1, v0x6309e9ffa850_0, C4<0>, C4<0>, C4<0>;
L_0x6309ea0208e0 .functor AND 1, v0x6309e9fface0_0, L_0x6309ea00ead0, C4<1>, C4<1>;
L_0x6309ea0209b0 .functor AND 1, v0x6309e9ffa850_0, L_0x6309ea00eed0, C4<1>, C4<1>;
L_0x6309ea020170 .functor BUFZ 17, L_0x6309ea020c70, C4<00000000000000000>, C4<00000000000000000>, C4<00000000000000000>;
L_0x7b544b23d0f0 .functor BUFT 1, C4<000000000000000000000000000000001>, C4<0>, C4<0>, C4<0>;
v0x6309e9ff8060_0 .net/2u *"_ivl_10", 32 0, L_0x7b544b23d0f0;  1 drivers
v0x6309e9ff8160_0 .net *"_ivl_12", 32 0, L_0x6309ea01f3c0;  1 drivers
v0x6309e9ff8240_0 .net/2u *"_ivl_14", 32 0, L_0x7b544b23d138;  1 drivers
v0x6309e9ff8330_0 .net *"_ivl_16", 32 0, L_0x6309e9f760c0;  1 drivers
v0x6309e9ff8410_0 .net *"_ivl_2", 32 0, L_0x6309ea00f0a0;  1 drivers
v0x6309e9ff8540_0 .net *"_ivl_20", 32 0, L_0x6309ea01f790;  1 drivers
L_0x7b544b23d180 .functor BUFT 1, C4<0000000000000000000000000000000>, C4<0>, C4<0>, C4<0>;
v0x6309e9ff8620_0 .net *"_ivl_23", 30 0, L_0x7b544b23d180;  1 drivers
L_0x7b544b23d1c8 .functor BUFT 1, C4<000000000000000000000000000000001>, C4<0>, C4<0>, C4<0>;
v0x6309e9ff8700_0 .net/2u *"_ivl_24", 32 0, L_0x7b544b23d1c8;  1 drivers
v0x6309e9ff87e0_0 .net *"_ivl_26", 32 0, L_0x6309ea01f8c0;  1 drivers
v0x6309e9ff88c0_0 .net/2u *"_ivl_28", 32 0, L_0x7b544b23d210;  1 drivers
v0x6309e9ff89a0_0 .net *"_ivl_30", 32 0, L_0x6309ea01f960;  1 drivers
v0x6309e9ff8a80_0 .net *"_ivl_32", 32 0, L_0x6309ea01fb10;  1 drivers
L_0x7b544b23d258 .functor BUFT 1, C4<0000000000000000000000000000000>, C4<0>, C4<0>, C4<0>;
v0x6309e9ff8b60_0 .net *"_ivl_35", 30 0, L_0x7b544b23d258;  1 drivers
v0x6309e9ff8c40_0 .net *"_ivl_38", 32 0, L_0x6309ea01fd40;  1 drivers
L_0x7b544b23d2a0 .functor BUFT 1, C4<0000000000000000000000000000000>, C4<0>, C4<0>, C4<0>;
v0x6309e9ff8d20_0 .net *"_ivl_41", 30 0, L_0x7b544b23d2a0;  1 drivers
L_0x7b544b23d2e8 .functor BUFT 1, C4<000000000000000000000000000000010>, C4<0>, C4<0>, C4<0>;
v0x6309e9ff8e00_0 .net/2u *"_ivl_42", 32 0, L_0x7b544b23d2e8;  1 drivers
v0x6309e9ff8ee0_0 .net *"_ivl_44", 32 0, L_0x6309ea01fe40;  1 drivers
v0x6309e9ff8fc0_0 .net/2u *"_ivl_46", 32 0, L_0x7b544b23d330;  1 drivers
v0x6309e9ff90a0_0 .net *"_ivl_48", 32 0, L_0x6309ea01fee0;  1 drivers
L_0x7b544b23d060 .functor BUFT 1, C4<0000000000000000000000000000000>, C4<0>, C4<0>, C4<0>;
v0x6309e9ff9180_0 .net *"_ivl_5", 30 0, L_0x7b544b23d060;  1 drivers
v0x6309e9ff9260_0 .net *"_ivl_50", 32 0, L_0x6309ea020040;  1 drivers
L_0x7b544b23d378 .functor BUFT 1, C4<0000000000000000000000000000000>, C4<0>, C4<0>, C4<0>;
v0x6309e9ff9340_0 .net *"_ivl_53", 30 0, L_0x7b544b23d378;  1 drivers
v0x6309e9ff9420_0 .net *"_ivl_6", 32 0, L_0x6309ea01f250;  1 drivers
v0x6309e9ff9500_0 .net *"_ivl_75", 16 0, L_0x6309ea020c70;  1 drivers
v0x6309e9ff95e0_0 .net *"_ivl_77", 3 0, L_0x6309ea020da0;  1 drivers
L_0x7b544b23d3c0 .functor BUFT 1, C4<00>, C4<0>, C4<0>, C4<0>;
v0x6309e9ff96c0_0 .net *"_ivl_80", 1 0, L_0x7b544b23d3c0;  1 drivers
v0x6309e9ff97a0_0 .net *"_ivl_82", 16 0, L_0x6309ea020170;  1 drivers
L_0x7b544b23d0a8 .functor BUFT 1, C4<0000000000000000000000000000000>, C4<0>, C4<0>, C4<0>;
v0x6309e9ff9880_0 .net *"_ivl_9", 30 0, L_0x7b544b23d0a8;  1 drivers
v0x6309e9ff9960_0 .net "almost_empty", 0 0, L_0x6309ea0205d0;  1 drivers
v0x6309e9ff9a20_0 .net "almost_full", 0 0, L_0x6309ea020410;  1 drivers
v0x6309e9ff9ae0_0 .net "clk", 0 0, v0x6309ea00df80_0;  alias, 1 drivers
v0x6309e9ff9b80_0 .net "deq", 0 0, L_0x6309ea0209b0;  1 drivers
v0x6309e9ff9c20_0 .net "empty", 0 0, L_0x6309ea0204d0;  1 drivers
v0x6309e9ff9ef0_0 .net "enq", 0 0, L_0x6309ea0208e0;  1 drivers
v0x6309e9ff9fb0_0 .net "full", 0 0, L_0x6309ea020320;  1 drivers
v0x6309e9ffa070_0 .var "head", 1 0;
v0x6309e9ffa150_0 .var/i "i", 31 0;
v0x6309e9ffa230_0 .net "is_almost_empty", 0 0, L_0x6309ea01f650;  1 drivers
v0x6309e9ffa2f0_0 .net "is_almost_full", 0 0, L_0x6309ea0201e0;  1 drivers
v0x6309e9ffa3b0_0 .net "is_empty", 0 0, L_0x6309ea00f000;  1 drivers
v0x6309e9ffa470_0 .net "is_full", 0 0, L_0x6309ea01fc50;  1 drivers
v0x6309e9ffa530_0 .net "m_axis_0_tdata", 15 0, L_0x6309ea020bd0;  alias, 1 drivers
v0x6309e9ffa610_0 .net "m_axis_0_tlast", 0 0, L_0x6309ea020ab0;  alias, 1 drivers
v0x6309e9ffa6d0_0 .net "m_axis_0_tready", 0 0, L_0x6309ea00eed0;  alias, 1 drivers
v0x6309e9ffa790_0 .net "m_axis_0_tvalid", 0 0, L_0x6309ea0207e0;  alias, 1 drivers
v0x6309e9ffa850_0 .var "m_axis_0_tvalid_int", 0 0;
v0x6309e9ffa910 .array "mem", 3 0, 16 0;
v0x6309e9ffa9d0_0 .net "rst", 0 0, v0x6309ea00e5c0_0;  alias, 1 drivers
v0x6309e9ffaaa0_0 .net "s_axis_0_tdata", 15 0, v0x6309e9ffc660_0;  1 drivers
v0x6309e9ffab60_0 .net "s_axis_0_tlast", 0 0, L_0x6309ea00e9c0;  alias, 1 drivers
v0x6309e9ffac20_0 .net "s_axis_0_tready", 0 0, L_0x6309ea020690;  alias, 1 drivers
v0x6309e9fface0_0 .var "s_axis_0_tready_int", 0 0;
v0x6309e9ffada0_0 .net "s_axis_0_tvalid", 0 0, L_0x6309ea00ead0;  alias, 1 drivers
v0x6309e9ffae60_0 .var "tail", 1 0;
E_0x6309e9ff7fe0 .event edge, v0x6309e9ff71c0_0, v0x6309e9ffa470_0, v0x6309e9ffa3b0_0;
L_0x6309ea00f000 .cmp/eq 2, v0x6309e9ffa070_0, v0x6309e9ffae60_0;
L_0x6309ea00f0a0 .concat [ 2 31 0 0], v0x6309e9ffa070_0, L_0x7b544b23d060;
L_0x6309ea01f250 .concat [ 2 31 0 0], v0x6309e9ffae60_0, L_0x7b544b23d0a8;
L_0x6309ea01f3c0 .arith/sum 33, L_0x6309ea01f250, L_0x7b544b23d0f0;
L_0x6309ea01f650 .cmp/eq 33, L_0x6309ea00f0a0, L_0x6309e9f760c0;
L_0x6309ea01f790 .concat [ 2 31 0 0], v0x6309e9ffa070_0, L_0x7b544b23d180;
L_0x6309ea01f8c0 .arith/sum 33, L_0x6309ea01f790, L_0x7b544b23d1c8;
L_0x6309ea01fb10 .concat [ 2 31 0 0], v0x6309e9ffae60_0, L_0x7b544b23d258;
L_0x6309ea01fc50 .cmp/eq 33, L_0x6309ea01f960, L_0x6309ea01fb10;
L_0x6309ea01fd40 .concat [ 2 31 0 0], v0x6309e9ffa070_0, L_0x7b544b23d2a0;
L_0x6309ea01fe40 .arith/sum 33, L_0x6309ea01fd40, L_0x7b544b23d2e8;
L_0x6309ea020040 .concat [ 2 31 0 0], v0x6309e9ffae60_0, L_0x7b544b23d378;
L_0x6309ea0201e0 .cmp/eq 33, L_0x6309ea01fee0, L_0x6309ea020040;
L_0x6309ea020ab0 .part L_0x6309ea020170, 16, 1;
L_0x6309ea020bd0 .part L_0x6309ea020170, 0, 16;
L_0x6309ea020c70 .array/port v0x6309e9ffa910, L_0x6309ea020da0;
L_0x6309ea020da0 .concat [ 2 2 0 0], v0x6309e9ffae60_0, L_0x7b544b23d3c0;
S_0x6309e9ffc9a0 .scope generate, "genblk1[1]" "genblk1[1]" 2 207, 2 207 0, S_0x6309e9fc3700;
 .timescale 0 0;
P_0x6309e9ffcb60 .param/l "CHN" 0 2 207, +C4<01>;
L_0x6309ea021f10 .functor BUFZ 1, L_0x6309ea023cc0, C4<0>, C4<0>, C4<0>;
L_0x6309ea021fd0 .functor AND 1, L_0x6309ea023cc0, L_0x6309ea021e70, C4<1>, C4<1>;
L_0x6309ea0221c0 .functor AND 1, L_0x6309ea0223c0, L_0x6309ea023e10, C4<1>, C4<1>;
L_0x6309ea0222d0 .functor BUFZ 16, L_0x6309ea024200, C4<0000000000000000>, C4<0000000000000000>, C4<0000000000000000>;
L_0x6309ea022520 .functor BUFZ 1, L_0x6309ea023e10, C4<0>, C4<0>, C4<0>;
L_0x6309ea022590 .functor BUFZ 1, L_0x6309ea0240e0, C4<0>, C4<0>, C4<0>;
L_0x6309ea024760 .functor OR 1, L_0x6309ea024670, L_0x6309ea02d970, C4<0>, C4<0>;
L_0x6309ea0224b0 .functor OR 1, L_0x6309ea02e100, L_0x6309ea024ad0, C4<0>, C4<0>;
L_0x6309ea024c60 .functor AND 1, L_0x6309ea024870, L_0x6309ea0224b0, C4<1>, C4<1>;
L_0x6309ea024d70 .functor BUFZ 1, L_0x6309ea0221c0, C4<0>, C4<0>, C4<0>;
v0x6309ea000420_0 .net *"_ivl_13", 15 0, L_0x6309ea0222d0;  1 drivers
v0x6309ea000520_0 .net *"_ivl_16", 0 0, L_0x6309ea022520;  1 drivers
v0x6309ea000600_0 .net *"_ivl_18", 0 0, L_0x6309ea022590;  1 drivers
v0x6309ea0006c0_0 .net *"_ivl_19", 0 0, L_0x6309ea024580;  1 drivers
v0x6309ea0007a0_0 .net *"_ivl_21", 0 0, L_0x6309ea024670;  1 drivers
v0x6309ea0008b0_0 .net *"_ivl_22", 0 0, L_0x6309ea024760;  1 drivers
v0x6309ea000990_0 .net *"_ivl_24", 0 0, L_0x6309ea024870;  1 drivers
v0x6309ea000a70_0 .net *"_ivl_25", 0 0, L_0x6309ea0249e0;  1 drivers
v0x6309ea000b50_0 .net *"_ivl_27", 0 0, L_0x6309ea024ad0;  1 drivers
v0x6309ea000c10_0 .net *"_ivl_29", 0 0, L_0x6309ea0224b0;  1 drivers
v0x6309ea000cd0_0 .net *"_ivl_3", 0 0, L_0x6309ea021f10;  1 drivers
v0x6309ea000db0_0 .net *"_ivl_31", 0 0, L_0x6309ea024c60;  1 drivers
v0x6309ea000e70_0 .net *"_ivl_33", 0 0, L_0x6309ea024d70;  1 drivers
v0x6309ea000f50_0 .net *"_ivl_34", 0 0, L_0x6309ea024e90;  1 drivers
v0x6309ea001030_0 .net *"_ivl_35", 15 0, L_0x6309ea024fc0;  1 drivers
v0x6309ea001110_0 .net *"_ivl_36", 15 0, L_0x6309ea0250b0;  1 drivers
v0x6309ea0011f0_0 .net *"_ivl_37", 15 0, L_0x6309ea025240;  1 drivers
L_0x7b544b23d408 .functor BUFT 1, C4<0>, C4<0>, C4<0>, C4<0>;
v0x6309ea0012d0_0 .net/2u *"_ivl_6", 0 0, L_0x7b544b23d408;  1 drivers
v0x6309ea0013b0_0 .net *"_ivl_8", 0 0, L_0x6309ea022040;  1 drivers
v0x6309ea001490_0 .net "m_fifo_handshake", 0 0, L_0x6309ea0221c0;  1 drivers
v0x6309ea001550_0 .net "m_fifo_tdata", 15 0, L_0x6309ea024200;  1 drivers
v0x6309ea001610_0 .net "m_fifo_tlast", 0 0, L_0x6309ea0240e0;  1 drivers
v0x6309ea0016b0_0 .net "m_fifo_tready", 0 0, L_0x6309ea0223c0;  1 drivers
v0x6309ea001750_0 .net "m_fifo_tvalid", 0 0, L_0x6309ea023e10;  1 drivers
v0x6309ea001820_0 .net "s_fifo_handshake", 0 0, L_0x6309ea021fd0;  1 drivers
v0x6309ea0018c0_0 .var "s_fifo_tdata", 15 0;
v0x6309ea001990_0 .net "s_fifo_tlast", 0 0, L_0x6309ea021d20;  1 drivers
v0x6309ea001a60_0 .net "s_fifo_tready", 0 0, L_0x6309ea023cc0;  1 drivers
v0x6309ea001b30_0 .net "s_fifo_tvalid", 0 0, L_0x6309ea021e70;  1 drivers
L_0x6309ea022040 .functor MUXZ 1, L_0x6309ea021e70, L_0x7b544b23d408, L_0x6309ea021fd0, C4<>;
L_0x6309ea024670 .reduce/nor L_0x6309ea024580;
L_0x6309ea024ad0 .reduce/nor L_0x6309ea0249e0;
L_0x6309ea025240 .functor MUXZ 16, L_0x6309ea0250b0, L_0x6309ea024fc0, L_0x6309ea024e90, C4<>;
S_0x6309e9ffcc00 .scope module, "AXISFifo_in_inst_i" "AXISFifo" 2 238, 3 5 0, S_0x6309e9ffc9a0;
 .timescale -9 -12;
    .port_info 0 /INPUT 1 "clk";
    .port_info 1 /INPUT 1 "rst";
    .port_info 2 /INPUT 16 "s_axis_0_tdata";
    .port_info 3 /INPUT 1 "s_axis_0_tvalid";
    .port_info 4 /OUTPUT 1 "s_axis_0_tready";
    .port_info 5 /INPUT 1 "s_axis_0_tlast";
    .port_info 6 /OUTPUT 16 "m_axis_0_tdata";
    .port_info 7 /OUTPUT 1 "m_axis_0_tvalid";
    .port_info 8 /INPUT 1 "m_axis_0_tready";
    .port_info 9 /OUTPUT 1 "m_axis_0_tlast";
    .port_info 10 /OUTPUT 1 "full";
    .port_info 11 /OUTPUT 1 "almost_full";
    .port_info 12 /OUTPUT 1 "empty";
    .port_info 13 /OUTPUT 1 "almost_empty";
P_0x6309e9ffcde0 .param/l "ADDRESS_WIDTH" 0 3 7, +C4<00000000000000000000000000000010>;
P_0x6309e9ffce20 .param/l "DATA_WIDTH" 0 3 6, +C4<00000000000000000000000000010000>;
P_0x6309e9ffce60 .param/l "EXP_ADDR_WIDTH" 1 3 28, +C4<000000000000000000000000000000011>;
L_0x7b544b23d528 .functor BUFT 1, C4<000000000000000000000000000000011>, C4<0>, C4<0>, C4<0>;
L_0x6309ea022a50 .functor AND 33, L_0x6309ea0229b0, L_0x7b544b23d528, C4<111111111111111111111111111111111>, C4<111111111111111111111111111111111>;
L_0x7b544b23d600 .functor BUFT 1, C4<000000000000000000000000000000011>, C4<0>, C4<0>, C4<0>;
L_0x6309ea022f40 .functor AND 33, L_0x6309ea022ea0, L_0x7b544b23d600, C4<111111111111111111111111111111111>, C4<111111111111111111111111111111111>;
L_0x7b544b23d720 .functor BUFT 1, C4<000000000000000000000000000000011>, C4<0>, C4<0>, C4<0>;
L_0x6309ea023510 .functor AND 33, L_0x6309ea023470, L_0x7b544b23d720, C4<111111111111111111111111111111111>, C4<111111111111111111111111111111111>;
L_0x6309ea023950 .functor BUFZ 1, L_0x6309ea023230, C4<0>, C4<0>, C4<0>;
L_0x6309ea023a40 .functor OR 1, L_0x6309ea023810, L_0x6309ea023230, C4<0>, C4<0>;
L_0x6309ea023b00 .functor BUFZ 1, L_0x6309ea022690, C4<0>, C4<0>, C4<0>;
L_0x6309ea023c00 .functor OR 1, L_0x6309ea022c30, L_0x6309ea022690, C4<0>, C4<0>;
L_0x6309ea023cc0 .functor BUFZ 1, v0x6309e9ffff80_0, C4<0>, C4<0>, C4<0>;
L_0x6309ea023e10 .functor BUFZ 1, v0x6309e9fffab0_0, C4<0>, C4<0>, C4<0>;
L_0x6309ea023f10 .functor AND 1, v0x6309e9ffff80_0, L_0x6309ea021e70, C4<1>, C4<1>;
L_0x6309ea023fe0 .functor AND 1, v0x6309e9fffab0_0, L_0x6309ea0223c0, C4<1>, C4<1>;
L_0x6309ea0237a0 .functor BUFZ 17, L_0x6309ea0242a0, C4<00000000000000000>, C4<00000000000000000>, C4<00000000000000000>;
L_0x7b544b23d4e0 .functor BUFT 1, C4<000000000000000000000000000000001>, C4<0>, C4<0>, C4<0>;
v0x6309e9ffd1f0_0 .net/2u *"_ivl_10", 32 0, L_0x7b544b23d4e0;  1 drivers
v0x6309e9ffd290_0 .net *"_ivl_12", 32 0, L_0x6309ea0229b0;  1 drivers
v0x6309e9ffd370_0 .net/2u *"_ivl_14", 32 0, L_0x7b544b23d528;  1 drivers
v0x6309e9ffd460_0 .net *"_ivl_16", 32 0, L_0x6309ea022a50;  1 drivers
v0x6309e9ffd540_0 .net *"_ivl_2", 32 0, L_0x6309ea022730;  1 drivers
v0x6309e9ffd670_0 .net *"_ivl_20", 32 0, L_0x6309ea022d70;  1 drivers
L_0x7b544b23d570 .functor BUFT 1, C4<0000000000000000000000000000000>, C4<0>, C4<0>, C4<0>;
v0x6309e9ffd750_0 .net *"_ivl_23", 30 0, L_0x7b544b23d570;  1 drivers
L_0x7b544b23d5b8 .functor BUFT 1, C4<000000000000000000000000000000001>, C4<0>, C4<0>, C4<0>;
v0x6309e9ffd830_0 .net/2u *"_ivl_24", 32 0, L_0x7b544b23d5b8;  1 drivers
v0x6309e9ffd910_0 .net *"_ivl_26", 32 0, L_0x6309ea022ea0;  1 drivers
v0x6309e9ffd9f0_0 .net/2u *"_ivl_28", 32 0, L_0x7b544b23d600;  1 drivers
v0x6309e9ffdad0_0 .net *"_ivl_30", 32 0, L_0x6309ea022f40;  1 drivers
v0x6309e9ffdbb0_0 .net *"_ivl_32", 32 0, L_0x6309ea0230f0;  1 drivers
L_0x7b544b23d648 .functor BUFT 1, C4<0000000000000000000000000000000>, C4<0>, C4<0>, C4<0>;
v0x6309e9ffdc90_0 .net *"_ivl_35", 30 0, L_0x7b544b23d648;  1 drivers
v0x6309e9ffdd70_0 .net *"_ivl_38", 32 0, L_0x6309ea023370;  1 drivers
L_0x7b544b23d690 .functor BUFT 1, C4<0000000000000000000000000000000>, C4<0>, C4<0>, C4<0>;
v0x6309e9ffde50_0 .net *"_ivl_41", 30 0, L_0x7b544b23d690;  1 drivers
L_0x7b544b23d6d8 .functor BUFT 1, C4<000000000000000000000000000000010>, C4<0>, C4<0>, C4<0>;
v0x6309e9ffdf30_0 .net/2u *"_ivl_42", 32 0, L_0x7b544b23d6d8;  1 drivers
v0x6309e9ffe010_0 .net *"_ivl_44", 32 0, L_0x6309ea023470;  1 drivers
v0x6309e9ffe200_0 .net/2u *"_ivl_46", 32 0, L_0x7b544b23d720;  1 drivers
v0x6309e9ffe2e0_0 .net *"_ivl_48", 32 0, L_0x6309ea023510;  1 drivers
L_0x7b544b23d450 .functor BUFT 1, C4<0000000000000000000000000000000>, C4<0>, C4<0>, C4<0>;
v0x6309e9ffe3c0_0 .net *"_ivl_5", 30 0, L_0x7b544b23d450;  1 drivers
v0x6309e9ffe4a0_0 .net *"_ivl_50", 32 0, L_0x6309ea023670;  1 drivers
L_0x7b544b23d768 .functor BUFT 1, C4<0000000000000000000000000000000>, C4<0>, C4<0>, C4<0>;
v0x6309e9ffe580_0 .net *"_ivl_53", 30 0, L_0x7b544b23d768;  1 drivers
v0x6309e9ffe660_0 .net *"_ivl_6", 32 0, L_0x6309ea022870;  1 drivers
v0x6309e9ffe740_0 .net *"_ivl_75", 16 0, L_0x6309ea0242a0;  1 drivers
v0x6309e9ffe820_0 .net *"_ivl_77", 3 0, L_0x6309ea0243d0;  1 drivers
L_0x7b544b23d7b0 .functor BUFT 1, C4<00>, C4<0>, C4<0>, C4<0>;
v0x6309e9ffe900_0 .net *"_ivl_80", 1 0, L_0x7b544b23d7b0;  1 drivers
v0x6309e9ffe9e0_0 .net *"_ivl_82", 16 0, L_0x6309ea0237a0;  1 drivers
L_0x7b544b23d498 .functor BUFT 1, C4<0000000000000000000000000000000>, C4<0>, C4<0>, C4<0>;
v0x6309e9ffeac0_0 .net *"_ivl_9", 30 0, L_0x7b544b23d498;  1 drivers
v0x6309e9ffeba0_0 .net "almost_empty", 0 0, L_0x6309ea023c00;  1 drivers
v0x6309e9ffec60_0 .net "almost_full", 0 0, L_0x6309ea023a40;  1 drivers
v0x6309e9ffed20_0 .net "clk", 0 0, v0x6309ea00df80_0;  alias, 1 drivers
v0x6309e9ffedc0_0 .net "deq", 0 0, L_0x6309ea023fe0;  1 drivers
v0x6309e9ffee80_0 .net "empty", 0 0, L_0x6309ea023b00;  1 drivers
v0x6309e9fff150_0 .net "enq", 0 0, L_0x6309ea023f10;  1 drivers
v0x6309e9fff210_0 .net "full", 0 0, L_0x6309ea023950;  1 drivers
v0x6309e9fff2d0_0 .var "head", 1 0;
v0x6309e9fff3b0_0 .var/i "i", 31 0;
v0x6309e9fff490_0 .net "is_almost_empty", 0 0, L_0x6309ea022c30;  1 drivers
v0x6309e9fff550_0 .net "is_almost_full", 0 0, L_0x6309ea023810;  1 drivers
v0x6309e9fff610_0 .net "is_empty", 0 0, L_0x6309ea022690;  1 drivers
v0x6309e9fff6d0_0 .net "is_full", 0 0, L_0x6309ea023230;  1 drivers
v0x6309e9fff790_0 .net "m_axis_0_tdata", 15 0, L_0x6309ea024200;  alias, 1 drivers
v0x6309e9fff870_0 .net "m_axis_0_tlast", 0 0, L_0x6309ea0240e0;  alias, 1 drivers
v0x6309e9fff930_0 .net "m_axis_0_tready", 0 0, L_0x6309ea0223c0;  alias, 1 drivers
v0x6309e9fff9f0_0 .net "m_axis_0_tvalid", 0 0, L_0x6309ea023e10;  alias, 1 drivers
v0x6309e9fffab0_0 .var "m_axis_0_tvalid_int", 0 0;
v0x6309e9fffb70 .array "mem", 3 0, 16 0;
v0x6309e9fffc30_0 .net "rst", 0 0, v0x6309ea00e5c0_0;  alias, 1 drivers
v0x6309e9fffd20_0 .net "s_axis_0_tdata", 15 0, v0x6309ea0018c0_0;  1 drivers
v0x6309e9fffe00_0 .net "s_axis_0_tlast", 0 0, L_0x6309ea021d20;  alias, 1 drivers
v0x6309e9fffec0_0 .net "s_axis_0_tready", 0 0, L_0x6309ea023cc0;  alias, 1 drivers
v0x6309e9ffff80_0 .var "s_axis_0_tready_int", 0 0;
v0x6309ea000040_0 .net "s_axis_0_tvalid", 0 0, L_0x6309ea021e70;  alias, 1 drivers
v0x6309ea000100_0 .var "tail", 1 0;
E_0x6309e9ffd190 .event edge, v0x6309e9ff71c0_0, v0x6309e9fff6d0_0, v0x6309e9fff610_0;
L_0x6309ea022690 .cmp/eq 2, v0x6309e9fff2d0_0, v0x6309ea000100_0;
L_0x6309ea022730 .concat [ 2 31 0 0], v0x6309e9fff2d0_0, L_0x7b544b23d450;
L_0x6309ea022870 .concat [ 2 31 0 0], v0x6309ea000100_0, L_0x7b544b23d498;
L_0x6309ea0229b0 .arith/sum 33, L_0x6309ea022870, L_0x7b544b23d4e0;
L_0x6309ea022c30 .cmp/eq 33, L_0x6309ea022730, L_0x6309ea022a50;
L_0x6309ea022d70 .concat [ 2 31 0 0], v0x6309e9fff2d0_0, L_0x7b544b23d570;
L_0x6309ea022ea0 .arith/sum 33, L_0x6309ea022d70, L_0x7b544b23d5b8;
L_0x6309ea0230f0 .concat [ 2 31 0 0], v0x6309ea000100_0, L_0x7b544b23d648;
L_0x6309ea023230 .cmp/eq 33, L_0x6309ea022f40, L_0x6309ea0230f0;
L_0x6309ea023370 .concat [ 2 31 0 0], v0x6309e9fff2d0_0, L_0x7b544b23d690;
L_0x6309ea023470 .arith/sum 33, L_0x6309ea023370, L_0x7b544b23d6d8;
L_0x6309ea023670 .concat [ 2 31 0 0], v0x6309ea000100_0, L_0x7b544b23d768;
L_0x6309ea023810 .cmp/eq 33, L_0x6309ea023510, L_0x6309ea023670;
L_0x6309ea0240e0 .part L_0x6309ea0237a0, 16, 1;
L_0x6309ea024200 .part L_0x6309ea0237a0, 0, 16;
L_0x6309ea0242a0 .array/port v0x6309e9fffb70, L_0x6309ea0243d0;
L_0x6309ea0243d0 .concat [ 2 2 0 0], v0x6309ea000100_0, L_0x7b544b23d7b0;
S_0x6309ea001c00 .scope generate, "genblk1[2]" "genblk1[2]" 2 207, 2 207 0, S_0x6309e9fc3700;
 .timescale 0 0;
P_0x6309ea001d90 .param/l "CHN" 0 2 207, +C4<010>;
L_0x6309ea0256d0 .functor BUFZ 1, L_0x6309ea027500, C4<0>, C4<0>, C4<0>;
L_0x6309ea025740 .functor AND 1, L_0x6309ea027500, L_0x6309ea0254f0, C4<1>, C4<1>;
L_0x6309ea025890 .functor AND 1, L_0x6309ea025a60, L_0x6309ea027650, C4<1>, C4<1>;
L_0x6309ea0259a0 .functor BUFZ 16, L_0x6309ea027a40, C4<0000000000000000>, C4<0000000000000000>, C4<0000000000000000>;
L_0x6309ea025b00 .functor BUFZ 1, L_0x6309ea027650, C4<0>, C4<0>, C4<0>;
L_0x6309ea025b70 .functor BUFZ 1, L_0x6309ea027920, C4<0>, C4<0>, C4<0>;
L_0x6309ea028010 .functor OR 1, L_0x6309ea027f20, L_0x6309ea02d970, C4<0>, C4<0>;
L_0x6309ea028400 .functor OR 1, L_0x6309ea02e100, L_0x6309ea0282e0, C4<0>, C4<0>;
L_0x6309ea028550 .functor AND 1, L_0x6309ea0280d0, L_0x6309ea028400, C4<1>, C4<1>;
L_0x6309ea028660 .functor BUFZ 1, L_0x6309ea025890, C4<0>, C4<0>, C4<0>;
v0x6309ea005620_0 .net *"_ivl_13", 15 0, L_0x6309ea0259a0;  1 drivers
v0x6309ea005720_0 .net *"_ivl_16", 0 0, L_0x6309ea025b00;  1 drivers
v0x6309ea005800_0 .net *"_ivl_18", 0 0, L_0x6309ea025b70;  1 drivers
v0x6309ea0058c0_0 .net *"_ivl_19", 0 0, L_0x6309ea027dc0;  1 drivers
v0x6309ea0059a0_0 .net *"_ivl_21", 0 0, L_0x6309ea027f20;  1 drivers
v0x6309ea005a60_0 .net *"_ivl_22", 0 0, L_0x6309ea028010;  1 drivers
v0x6309ea005b40_0 .net *"_ivl_24", 0 0, L_0x6309ea0280d0;  1 drivers
v0x6309ea005c20_0 .net *"_ivl_25", 0 0, L_0x6309ea028170;  1 drivers
v0x6309ea005d00_0 .net *"_ivl_27", 0 0, L_0x6309ea0282e0;  1 drivers
v0x6309ea005dc0_0 .net *"_ivl_29", 0 0, L_0x6309ea028400;  1 drivers
v0x6309ea005e80_0 .net *"_ivl_3", 0 0, L_0x6309ea0256d0;  1 drivers
v0x6309ea005f60_0 .net *"_ivl_31", 0 0, L_0x6309ea028550;  1 drivers
v0x6309ea006020_0 .net *"_ivl_33", 0 0, L_0x6309ea028660;  1 drivers
v0x6309ea006100_0 .net *"_ivl_34", 0 0, L_0x6309ea028720;  1 drivers
v0x6309ea0061e0_0 .net *"_ivl_35", 15 0, L_0x6309ea0287c0;  1 drivers
v0x6309ea0062c0_0 .net *"_ivl_36", 15 0, L_0x6309ea028940;  1 drivers
v0x6309ea0063a0_0 .net *"_ivl_37", 15 0, L_0x6309ea028a10;  1 drivers
L_0x7b544b23d7f8 .functor BUFT 1, C4<0>, C4<0>, C4<0>, C4<0>;
v0x6309ea006480_0 .net/2u *"_ivl_6", 0 0, L_0x7b544b23d7f8;  1 drivers
v0x6309ea006560_0 .net *"_ivl_8", 0 0, L_0x6309ea0251a0;  1 drivers
v0x6309ea006640_0 .net "m_fifo_handshake", 0 0, L_0x6309ea025890;  1 drivers
v0x6309ea006700_0 .net "m_fifo_tdata", 15 0, L_0x6309ea027a40;  1 drivers
v0x6309ea0067c0_0 .net "m_fifo_tlast", 0 0, L_0x6309ea027920;  1 drivers
v0x6309ea006890_0 .net "m_fifo_tready", 0 0, L_0x6309ea025a60;  1 drivers
v0x6309ea006960_0 .net "m_fifo_tvalid", 0 0, L_0x6309ea027650;  1 drivers
v0x6309ea006a30_0 .net "s_fifo_handshake", 0 0, L_0x6309ea025740;  1 drivers
v0x6309ea006ad0_0 .var "s_fifo_tdata", 15 0;
v0x6309ea006ba0_0 .net "s_fifo_tlast", 0 0, L_0x6309ea025400;  1 drivers
v0x6309ea006c70_0 .net "s_fifo_tready", 0 0, L_0x6309ea027500;  1 drivers
v0x6309ea006d40_0 .net "s_fifo_tvalid", 0 0, L_0x6309ea0254f0;  1 drivers
L_0x6309ea0251a0 .functor MUXZ 1, L_0x6309ea0254f0, L_0x7b544b23d7f8, L_0x6309ea025740, C4<>;
L_0x6309ea027f20 .reduce/nor L_0x6309ea027dc0;
L_0x6309ea0282e0 .reduce/nor L_0x6309ea028170;
L_0x6309ea028a10 .functor MUXZ 16, L_0x6309ea028940, L_0x6309ea0287c0, L_0x6309ea028720, C4<>;
S_0x6309ea001e30 .scope module, "AXISFifo_in_inst_i" "AXISFifo" 2 238, 3 5 0, S_0x6309ea001c00;
 .timescale -9 -12;
    .port_info 0 /INPUT 1 "clk";
    .port_info 1 /INPUT 1 "rst";
    .port_info 2 /INPUT 16 "s_axis_0_tdata";
    .port_info 3 /INPUT 1 "s_axis_0_tvalid";
    .port_info 4 /OUTPUT 1 "s_axis_0_tready";
    .port_info 5 /INPUT 1 "s_axis_0_tlast";
    .port_info 6 /OUTPUT 16 "m_axis_0_tdata";
    .port_info 7 /OUTPUT 1 "m_axis_0_tvalid";
    .port_info 8 /INPUT 1 "m_axis_0_tready";
    .port_info 9 /OUTPUT 1 "m_axis_0_tlast";
    .port_info 10 /OUTPUT 1 "full";
    .port_info 11 /OUTPUT 1 "almost_full";
    .port_info 12 /OUTPUT 1 "empty";
    .port_info 13 /OUTPUT 1 "almost_empty";
P_0x6309ea002010 .param/l "ADDRESS_WIDTH" 0 3 7, +C4<00000000000000000000000000000010>;
P_0x6309ea002050 .param/l "DATA_WIDTH" 0 3 6, +C4<00000000000000000000000000010000>;
P_0x6309ea002090 .param/l "EXP_ADDR_WIDTH" 1 3 28, +C4<000000000000000000000000000000011>;
L_0x7b544b23d918 .functor BUFT 1, C4<000000000000000000000000000000011>, C4<0>, C4<0>, C4<0>;
L_0x6309ea026030 .functor AND 33, L_0x6309ea025f90, L_0x7b544b23d918, C4<111111111111111111111111111111111>, C4<111111111111111111111111111111111>;
L_0x7b544b23d9f0 .functor BUFT 1, C4<000000000000000000000000000000011>, C4<0>, C4<0>, C4<0>;
L_0x6309ea026730 .functor AND 33, L_0x6309ea026690, L_0x7b544b23d9f0, C4<111111111111111111111111111111111>, C4<111111111111111111111111111111111>;
L_0x7b544b23db10 .functor BUFT 1, C4<000000000000000000000000000000011>, C4<0>, C4<0>, C4<0>;
L_0x6309ea026d90 .functor AND 33, L_0x6309ea026cf0, L_0x7b544b23db10, C4<111111111111111111111111111111111>, C4<111111111111111111111111111111111>;
L_0x6309ea0271d0 .functor BUFZ 1, L_0x6309ea026a20, C4<0>, C4<0>, C4<0>;
L_0x6309ea0272c0 .functor OR 1, L_0x6309ea027090, L_0x6309ea026a20, C4<0>, C4<0>;
L_0x6309ea027380 .functor BUFZ 1, L_0x6309ea025c70, C4<0>, C4<0>, C4<0>;
L_0x6309ea027440 .functor OR 1, L_0x6309ea026420, L_0x6309ea025c70, C4<0>, C4<0>;
L_0x6309ea027500 .functor BUFZ 1, v0x6309ea005180_0, C4<0>, C4<0>, C4<0>;
L_0x6309ea027650 .functor BUFZ 1, v0x6309ea004d00_0, C4<0>, C4<0>, C4<0>;
L_0x6309ea027750 .functor AND 1, v0x6309ea005180_0, L_0x6309ea0254f0, C4<1>, C4<1>;
L_0x6309ea027820 .functor AND 1, v0x6309ea004d00_0, L_0x6309ea025a60, C4<1>, C4<1>;
L_0x6309ea027020 .functor BUFZ 17, L_0x6309ea027ae0, C4<00000000000000000>, C4<00000000000000000>, C4<00000000000000000>;
L_0x7b544b23d8d0 .functor BUFT 1, C4<000000000000000000000000000000001>, C4<0>, C4<0>, C4<0>;
v0x6309ea002420_0 .net/2u *"_ivl_10", 32 0, L_0x7b544b23d8d0;  1 drivers
v0x6309ea0024e0_0 .net *"_ivl_12", 32 0, L_0x6309ea025f90;  1 drivers
v0x6309ea0025c0_0 .net/2u *"_ivl_14", 32 0, L_0x7b544b23d918;  1 drivers
v0x6309ea0026b0_0 .net *"_ivl_16", 32 0, L_0x6309ea026030;  1 drivers
v0x6309ea002790_0 .net *"_ivl_2", 32 0, L_0x6309ea025d10;  1 drivers
v0x6309ea0028c0_0 .net *"_ivl_20", 32 0, L_0x6309ea026560;  1 drivers
L_0x7b544b23d960 .functor BUFT 1, C4<0000000000000000000000000000000>, C4<0>, C4<0>, C4<0>;
v0x6309ea0029a0_0 .net *"_ivl_23", 30 0, L_0x7b544b23d960;  1 drivers
L_0x7b544b23d9a8 .functor BUFT 1, C4<000000000000000000000000000000001>, C4<0>, C4<0>, C4<0>;
v0x6309ea002a80_0 .net/2u *"_ivl_24", 32 0, L_0x7b544b23d9a8;  1 drivers
v0x6309ea002b60_0 .net *"_ivl_26", 32 0, L_0x6309ea026690;  1 drivers
v0x6309ea002c40_0 .net/2u *"_ivl_28", 32 0, L_0x7b544b23d9f0;  1 drivers
v0x6309ea002d20_0 .net *"_ivl_30", 32 0, L_0x6309ea026730;  1 drivers
v0x6309ea002e00_0 .net *"_ivl_32", 32 0, L_0x6309ea0268e0;  1 drivers
L_0x7b544b23da38 .functor BUFT 1, C4<0000000000000000000000000000000>, C4<0>, C4<0>, C4<0>;
v0x6309ea002ee0_0 .net *"_ivl_35", 30 0, L_0x7b544b23da38;  1 drivers
v0x6309ea002fc0_0 .net *"_ivl_38", 32 0, L_0x6309ea026b60;  1 drivers
L_0x7b544b23da80 .functor BUFT 1, C4<0000000000000000000000000000000>, C4<0>, C4<0>, C4<0>;
v0x6309ea0030a0_0 .net *"_ivl_41", 30 0, L_0x7b544b23da80;  1 drivers
L_0x7b544b23dac8 .functor BUFT 1, C4<000000000000000000000000000000010>, C4<0>, C4<0>, C4<0>;
v0x6309ea003180_0 .net/2u *"_ivl_42", 32 0, L_0x7b544b23dac8;  1 drivers
v0x6309ea003260_0 .net *"_ivl_44", 32 0, L_0x6309ea026cf0;  1 drivers
v0x6309ea003450_0 .net/2u *"_ivl_46", 32 0, L_0x7b544b23db10;  1 drivers
v0x6309ea003530_0 .net *"_ivl_48", 32 0, L_0x6309ea026d90;  1 drivers
L_0x7b544b23d840 .functor BUFT 1, C4<0000000000000000000000000000000>, C4<0>, C4<0>, C4<0>;
v0x6309ea003610_0 .net *"_ivl_5", 30 0, L_0x7b544b23d840;  1 drivers
v0x6309ea0036f0_0 .net *"_ivl_50", 32 0, L_0x6309ea026ef0;  1 drivers
L_0x7b544b23db58 .functor BUFT 1, C4<0000000000000000000000000000000>, C4<0>, C4<0>, C4<0>;
v0x6309ea0037d0_0 .net *"_ivl_53", 30 0, L_0x7b544b23db58;  1 drivers
v0x6309ea0038b0_0 .net *"_ivl_6", 32 0, L_0x6309ea025e50;  1 drivers
v0x6309ea003990_0 .net *"_ivl_75", 16 0, L_0x6309ea027ae0;  1 drivers
v0x6309ea003a70_0 .net *"_ivl_77", 3 0, L_0x6309ea027c10;  1 drivers
L_0x7b544b23dba0 .functor BUFT 1, C4<00>, C4<0>, C4<0>, C4<0>;
v0x6309ea003b50_0 .net *"_ivl_80", 1 0, L_0x7b544b23dba0;  1 drivers
v0x6309ea003c30_0 .net *"_ivl_82", 16 0, L_0x6309ea027020;  1 drivers
L_0x7b544b23d888 .functor BUFT 1, C4<0000000000000000000000000000000>, C4<0>, C4<0>, C4<0>;
v0x6309ea003d10_0 .net *"_ivl_9", 30 0, L_0x7b544b23d888;  1 drivers
v0x6309ea003df0_0 .net "almost_empty", 0 0, L_0x6309ea027440;  1 drivers
v0x6309ea003eb0_0 .net "almost_full", 0 0, L_0x6309ea0272c0;  1 drivers
v0x6309ea003f70_0 .net "clk", 0 0, v0x6309ea00df80_0;  alias, 1 drivers
v0x6309ea004010_0 .net "deq", 0 0, L_0x6309ea027820;  1 drivers
v0x6309ea0040d0_0 .net "empty", 0 0, L_0x6309ea027380;  1 drivers
v0x6309ea0043a0_0 .net "enq", 0 0, L_0x6309ea027750;  1 drivers
v0x6309ea004460_0 .net "full", 0 0, L_0x6309ea0271d0;  1 drivers
v0x6309ea004520_0 .var "head", 1 0;
v0x6309ea004600_0 .var/i "i", 31 0;
v0x6309ea0046e0_0 .net "is_almost_empty", 0 0, L_0x6309ea026420;  1 drivers
v0x6309ea0047a0_0 .net "is_almost_full", 0 0, L_0x6309ea027090;  1 drivers
v0x6309ea004860_0 .net "is_empty", 0 0, L_0x6309ea025c70;  1 drivers
v0x6309ea004920_0 .net "is_full", 0 0, L_0x6309ea026a20;  1 drivers
v0x6309ea0049e0_0 .net "m_axis_0_tdata", 15 0, L_0x6309ea027a40;  alias, 1 drivers
v0x6309ea004ac0_0 .net "m_axis_0_tlast", 0 0, L_0x6309ea027920;  alias, 1 drivers
v0x6309ea004b80_0 .net "m_axis_0_tready", 0 0, L_0x6309ea025a60;  alias, 1 drivers
v0x6309ea004c40_0 .net "m_axis_0_tvalid", 0 0, L_0x6309ea027650;  alias, 1 drivers
v0x6309ea004d00_0 .var "m_axis_0_tvalid_int", 0 0;
v0x6309ea004dc0 .array "mem", 3 0, 16 0;
v0x6309ea004e80_0 .net "rst", 0 0, v0x6309ea00e5c0_0;  alias, 1 drivers
v0x6309ea004f20_0 .net "s_axis_0_tdata", 15 0, v0x6309ea006ad0_0;  1 drivers
v0x6309ea005000_0 .net "s_axis_0_tlast", 0 0, L_0x6309ea025400;  alias, 1 drivers
v0x6309ea0050c0_0 .net "s_axis_0_tready", 0 0, L_0x6309ea027500;  alias, 1 drivers
v0x6309ea005180_0 .var "s_axis_0_tready_int", 0 0;
v0x6309ea005240_0 .net "s_axis_0_tvalid", 0 0, L_0x6309ea0254f0;  alias, 1 drivers
v0x6309ea005300_0 .var "tail", 1 0;
E_0x6309ea0023c0 .event edge, v0x6309e9ff71c0_0, v0x6309ea004920_0, v0x6309ea004860_0;
L_0x6309ea025c70 .cmp/eq 2, v0x6309ea004520_0, v0x6309ea005300_0;
L_0x6309ea025d10 .concat [ 2 31 0 0], v0x6309ea004520_0, L_0x7b544b23d840;
L_0x6309ea025e50 .concat [ 2 31 0 0], v0x6309ea005300_0, L_0x7b544b23d888;
L_0x6309ea025f90 .arith/sum 33, L_0x6309ea025e50, L_0x7b544b23d8d0;
L_0x6309ea026420 .cmp/eq 33, L_0x6309ea025d10, L_0x6309ea026030;
L_0x6309ea026560 .concat [ 2 31 0 0], v0x6309ea004520_0, L_0x7b544b23d960;
L_0x6309ea026690 .arith/sum 33, L_0x6309ea026560, L_0x7b544b23d9a8;
L_0x6309ea0268e0 .concat [ 2 31 0 0], v0x6309ea005300_0, L_0x7b544b23da38;
L_0x6309ea026a20 .cmp/eq 33, L_0x6309ea026730, L_0x6309ea0268e0;
L_0x6309ea026b60 .concat [ 2 31 0 0], v0x6309ea004520_0, L_0x7b544b23da80;
L_0x6309ea026cf0 .arith/sum 33, L_0x6309ea026b60, L_0x7b544b23dac8;
L_0x6309ea026ef0 .concat [ 2 31 0 0], v0x6309ea005300_0, L_0x7b544b23db58;
L_0x6309ea027090 .cmp/eq 33, L_0x6309ea026d90, L_0x6309ea026ef0;
L_0x6309ea027920 .part L_0x6309ea027020, 16, 1;
L_0x6309ea027a40 .part L_0x6309ea027020, 0, 16;
L_0x6309ea027ae0 .array/port v0x6309ea004dc0, L_0x6309ea027c10;
L_0x6309ea027c10 .concat [ 2 2 0 0], v0x6309ea005300_0, L_0x7b544b23dba0;
S_0x6309ea006e10 .scope generate, "genblk1[3]" "genblk1[3]" 2 207, 2 207 0, S_0x6309e9fc3700;
 .timescale 0 0;
P_0x6309ea006ff0 .param/l "CHN" 0 2 207, +C4<011>;
L_0x6309ea029160 .functor BUFZ 1, L_0x6309ea02b810, C4<0>, C4<0>, C4<0>;
L_0x6309ea029270 .functor AND 1, L_0x6309ea02b810, L_0x6309ea028d90, C4<1>, C4<1>;
L_0x6309ea029640 .functor AND 1, L_0x6309ea029b40, L_0x6309ea02b960, C4<1>, C4<1>;
L_0x6309ea029a30 .functor BUFZ 16, L_0x6309ea02bcf0, C4<0000000000000000>, C4<0000000000000000>, C4<0000000000000000>;
L_0x6309ea029ed0 .functor BUFZ 1, L_0x6309ea02b960, C4<0>, C4<0>, C4<0>;
L_0x6309ea02a120 .functor BUFZ 1, L_0x6309ea02bbd0, C4<0>, C4<0>, C4<0>;
L_0x6309ea029e50 .functor OR 1, L_0x6309ea02c400, L_0x6309ea02d970, C4<0>, C4<0>;
L_0x6309ea02cc10 .functor OR 1, L_0x6309ea02e100, L_0x6309ea02cb70, C4<0>, C4<0>;
L_0x6309ea02cd20 .functor AND 1, L_0x6309ea02c850, L_0x6309ea02cc10, C4<1>, C4<1>;
L_0x6309ea02d050 .functor BUFZ 1, L_0x6309ea029640, C4<0>, C4<0>, C4<0>;
v0x6309ea00a850_0 .net *"_ivl_13", 15 0, L_0x6309ea029a30;  1 drivers
v0x6309ea00a950_0 .net *"_ivl_16", 0 0, L_0x6309ea029ed0;  1 drivers
v0x6309ea00aa30_0 .net *"_ivl_18", 0 0, L_0x6309ea02a120;  1 drivers
v0x6309ea00aaf0_0 .net *"_ivl_19", 0 0, L_0x6309ea029db0;  1 drivers
v0x6309ea00abd0_0 .net *"_ivl_21", 0 0, L_0x6309ea02c400;  1 drivers
v0x6309ea00ac90_0 .net *"_ivl_22", 0 0, L_0x6309ea029e50;  1 drivers
v0x6309ea00ad70_0 .net *"_ivl_24", 0 0, L_0x6309ea02c850;  1 drivers
v0x6309ea00ae50_0 .net *"_ivl_25", 0 0, L_0x6309ea02c8f0;  1 drivers
v0x6309ea00af30_0 .net *"_ivl_27", 0 0, L_0x6309ea02cb70;  1 drivers
v0x6309ea00aff0_0 .net *"_ivl_29", 0 0, L_0x6309ea02cc10;  1 drivers
v0x6309ea00b0b0_0 .net *"_ivl_3", 0 0, L_0x6309ea029160;  1 drivers
v0x6309ea00b190_0 .net *"_ivl_31", 0 0, L_0x6309ea02cd20;  1 drivers
v0x6309ea00b250_0 .net *"_ivl_33", 0 0, L_0x6309ea02d050;  1 drivers
v0x6309ea00b330_0 .net *"_ivl_34", 0 0, L_0x6309ea02d400;  1 drivers
v0x6309ea00b410_0 .net *"_ivl_35", 15 0, L_0x6309ea02d4a0;  1 drivers
v0x6309ea00b4f0_0 .net *"_ivl_36", 15 0, L_0x6309ea02d6b0;  1 drivers
v0x6309ea00b5d0_0 .net *"_ivl_37", 15 0, L_0x6309ea02d7e0;  1 drivers
L_0x7b544b23dbe8 .functor BUFT 1, C4<0>, C4<0>, C4<0>, C4<0>;
v0x6309ea00b6b0_0 .net/2u *"_ivl_6", 0 0, L_0x7b544b23dbe8;  1 drivers
v0x6309ea00b790_0 .net *"_ivl_8", 0 0, L_0x6309ea029470;  1 drivers
v0x6309ea00b870_0 .net "m_fifo_handshake", 0 0, L_0x6309ea029640;  1 drivers
v0x6309ea00b930_0 .net "m_fifo_tdata", 15 0, L_0x6309ea02bcf0;  1 drivers
v0x6309ea00b9f0_0 .net "m_fifo_tlast", 0 0, L_0x6309ea02bbd0;  1 drivers
v0x6309ea00bac0_0 .net "m_fifo_tready", 0 0, L_0x6309ea029b40;  1 drivers
v0x6309ea00bb90_0 .net "m_fifo_tvalid", 0 0, L_0x6309ea02b960;  1 drivers
v0x6309ea00bc60_0 .net "s_fifo_handshake", 0 0, L_0x6309ea029270;  1 drivers
v0x6309ea00bd00_0 .var "s_fifo_tdata", 15 0;
v0x6309ea00bdd0_0 .net "s_fifo_tlast", 0 0, L_0x6309ea028bb0;  1 drivers
v0x6309ea00bea0_0 .net "s_fifo_tready", 0 0, L_0x6309ea02b810;  1 drivers
v0x6309ea00bf70_0 .net "s_fifo_tvalid", 0 0, L_0x6309ea028d90;  1 drivers
L_0x6309ea029470 .functor MUXZ 1, L_0x6309ea028d90, L_0x7b544b23dbe8, L_0x6309ea029270, C4<>;
L_0x6309ea02c400 .reduce/nor L_0x6309ea029db0;
L_0x6309ea02cb70 .reduce/nor L_0x6309ea02c8f0;
L_0x6309ea02d7e0 .functor MUXZ 16, L_0x6309ea02d6b0, L_0x6309ea02d4a0, L_0x6309ea02d400, C4<>;
S_0x6309ea007090 .scope module, "AXISFifo_in_inst_i" "AXISFifo" 2 238, 3 5 0, S_0x6309ea006e10;
 .timescale -9 -12;
    .port_info 0 /INPUT 1 "clk";
    .port_info 1 /INPUT 1 "rst";
    .port_info 2 /INPUT 16 "s_axis_0_tdata";
    .port_info 3 /INPUT 1 "s_axis_0_tvalid";
    .port_info 4 /OUTPUT 1 "s_axis_0_tready";
    .port_info 5 /INPUT 1 "s_axis_0_tlast";
    .port_info 6 /OUTPUT 16 "m_axis_0_tdata";
    .port_info 7 /OUTPUT 1 "m_axis_0_tvalid";
    .port_info 8 /INPUT 1 "m_axis_0_tready";
    .port_info 9 /OUTPUT 1 "m_axis_0_tlast";
    .port_info 10 /OUTPUT 1 "full";
    .port_info 11 /OUTPUT 1 "almost_full";
    .port_info 12 /OUTPUT 1 "empty";
    .port_info 13 /OUTPUT 1 "almost_empty";
P_0x6309ea007270 .param/l "ADDRESS_WIDTH" 0 3 7, +C4<00000000000000000000000000000010>;
P_0x6309ea0072b0 .param/l "DATA_WIDTH" 0 3 6, +C4<00000000000000000000000000010000>;
P_0x6309ea0072f0 .param/l "EXP_ADDR_WIDTH" 1 3 28, +C4<000000000000000000000000000000011>;
L_0x7b544b23dd08 .functor BUFT 1, C4<000000000000000000000000000000011>, C4<0>, C4<0>, C4<0>;
L_0x6309ea02a5f0 .functor AND 33, L_0x6309ea02a550, L_0x7b544b23dd08, C4<111111111111111111111111111111111>, C4<111111111111111111111111111111111>;
L_0x7b544b23dde0 .functor BUFT 1, C4<000000000000000000000000000000011>, C4<0>, C4<0>, C4<0>;
L_0x6309ea02aa70 .functor AND 33, L_0x6309ea02a9d0, L_0x7b544b23dde0, C4<111111111111111111111111111111111>, C4<111111111111111111111111111111111>;
L_0x7b544b23df00 .functor BUFT 1, C4<000000000000000000000000000000011>, C4<0>, C4<0>, C4<0>;
L_0x6309ea02b0d0 .functor AND 33, L_0x6309ea02b030, L_0x7b544b23df00, C4<111111111111111111111111111111111>, C4<111111111111111111111111111111111>;
L_0x6309ea02b510 .functor BUFZ 1, L_0x6309ea02ad60, C4<0>, C4<0>, C4<0>;
L_0x6309ea02b5d0 .functor OR 1, L_0x6309ea02b3d0, L_0x6309ea02ad60, C4<0>, C4<0>;
L_0x6309ea02b690 .functor BUFZ 1, L_0x6309ea02a230, C4<0>, C4<0>, C4<0>;
L_0x6309ea02b750 .functor OR 1, L_0x6309ea02a7a0, L_0x6309ea02a230, C4<0>, C4<0>;
L_0x6309ea02b810 .functor BUFZ 1, v0x6309ea00a3b0_0, C4<0>, C4<0>, C4<0>;
L_0x6309ea02b960 .functor BUFZ 1, v0x6309ea009f30_0, C4<0>, C4<0>, C4<0>;
L_0x6309ea02ba60 .functor AND 1, v0x6309ea00a3b0_0, L_0x6309ea028d90, C4<1>, C4<1>;
L_0x6309ea02bad0 .functor AND 1, v0x6309ea009f30_0, L_0x6309ea029b40, C4<1>, C4<1>;
L_0x6309ea02b360 .functor BUFZ 17, L_0x6309ea02bd90, C4<00000000000000000>, C4<00000000000000000>, C4<00000000000000000>;
L_0x7b544b23dcc0 .functor BUFT 1, C4<000000000000000000000000000000001>, C4<0>, C4<0>, C4<0>;
v0x6309ea007650_0 .net/2u *"_ivl_10", 32 0, L_0x7b544b23dcc0;  1 drivers
v0x6309ea007710_0 .net *"_ivl_12", 32 0, L_0x6309ea02a550;  1 drivers
v0x6309ea0077f0_0 .net/2u *"_ivl_14", 32 0, L_0x7b544b23dd08;  1 drivers
v0x6309ea0078e0_0 .net *"_ivl_16", 32 0, L_0x6309ea02a5f0;  1 drivers
v0x6309ea0079c0_0 .net *"_ivl_2", 32 0, L_0x6309ea02a2d0;  1 drivers
v0x6309ea007af0_0 .net *"_ivl_20", 32 0, L_0x6309ea02a8e0;  1 drivers
L_0x7b544b23dd50 .functor BUFT 1, C4<0000000000000000000000000000000>, C4<0>, C4<0>, C4<0>;
v0x6309ea007bd0_0 .net *"_ivl_23", 30 0, L_0x7b544b23dd50;  1 drivers
L_0x7b544b23dd98 .functor BUFT 1, C4<000000000000000000000000000000001>, C4<0>, C4<0>, C4<0>;
v0x6309ea007cb0_0 .net/2u *"_ivl_24", 32 0, L_0x7b544b23dd98;  1 drivers
v0x6309ea007d90_0 .net *"_ivl_26", 32 0, L_0x6309ea02a9d0;  1 drivers
v0x6309ea007e70_0 .net/2u *"_ivl_28", 32 0, L_0x7b544b23dde0;  1 drivers
v0x6309ea007f50_0 .net *"_ivl_30", 32 0, L_0x6309ea02aa70;  1 drivers
v0x6309ea008030_0 .net *"_ivl_32", 32 0, L_0x6309ea02ac20;  1 drivers
L_0x7b544b23de28 .functor BUFT 1, C4<0000000000000000000000000000000>, C4<0>, C4<0>, C4<0>;
v0x6309ea008110_0 .net *"_ivl_35", 30 0, L_0x7b544b23de28;  1 drivers
v0x6309ea0081f0_0 .net *"_ivl_38", 32 0, L_0x6309ea02aea0;  1 drivers
L_0x7b544b23de70 .functor BUFT 1, C4<0000000000000000000000000000000>, C4<0>, C4<0>, C4<0>;
v0x6309ea0082d0_0 .net *"_ivl_41", 30 0, L_0x7b544b23de70;  1 drivers
L_0x7b544b23deb8 .functor BUFT 1, C4<000000000000000000000000000000010>, C4<0>, C4<0>, C4<0>;
v0x6309ea0083b0_0 .net/2u *"_ivl_42", 32 0, L_0x7b544b23deb8;  1 drivers
v0x6309ea008490_0 .net *"_ivl_44", 32 0, L_0x6309ea02b030;  1 drivers
v0x6309ea008680_0 .net/2u *"_ivl_46", 32 0, L_0x7b544b23df00;  1 drivers
v0x6309ea008760_0 .net *"_ivl_48", 32 0, L_0x6309ea02b0d0;  1 drivers
L_0x7b544b23dc30 .functor BUFT 1, C4<0000000000000000000000000000000>, C4<0>, C4<0>, C4<0>;
v0x6309ea008840_0 .net *"_ivl_5", 30 0, L_0x7b544b23dc30;  1 drivers
v0x6309ea008920_0 .net *"_ivl_50", 32 0, L_0x6309ea02b230;  1 drivers
L_0x7b544b23df48 .functor BUFT 1, C4<0000000000000000000000000000000>, C4<0>, C4<0>, C4<0>;
v0x6309ea008a00_0 .net *"_ivl_53", 30 0, L_0x7b544b23df48;  1 drivers
v0x6309ea008ae0_0 .net *"_ivl_6", 32 0, L_0x6309ea02a410;  1 drivers
v0x6309ea008bc0_0 .net *"_ivl_75", 16 0, L_0x6309ea02bd90;  1 drivers
v0x6309ea008ca0_0 .net *"_ivl_77", 3 0, L_0x6309ea02bec0;  1 drivers
L_0x7b544b23df90 .functor BUFT 1, C4<00>, C4<0>, C4<0>, C4<0>;
v0x6309ea008d80_0 .net *"_ivl_80", 1 0, L_0x7b544b23df90;  1 drivers
v0x6309ea008e60_0 .net *"_ivl_82", 16 0, L_0x6309ea02b360;  1 drivers
L_0x7b544b23dc78 .functor BUFT 1, C4<0000000000000000000000000000000>, C4<0>, C4<0>, C4<0>;
v0x6309ea008f40_0 .net *"_ivl_9", 30 0, L_0x7b544b23dc78;  1 drivers
v0x6309ea009020_0 .net "almost_empty", 0 0, L_0x6309ea02b750;  1 drivers
v0x6309ea0090e0_0 .net "almost_full", 0 0, L_0x6309ea02b5d0;  1 drivers
v0x6309ea0091a0_0 .net "clk", 0 0, v0x6309ea00df80_0;  alias, 1 drivers
v0x6309ea009240_0 .net "deq", 0 0, L_0x6309ea02bad0;  1 drivers
v0x6309ea009300_0 .net "empty", 0 0, L_0x6309ea02b690;  1 drivers
v0x6309ea0095d0_0 .net "enq", 0 0, L_0x6309ea02ba60;  1 drivers
v0x6309ea009690_0 .net "full", 0 0, L_0x6309ea02b510;  1 drivers
v0x6309ea009750_0 .var "head", 1 0;
v0x6309ea009830_0 .var/i "i", 31 0;
v0x6309ea009910_0 .net "is_almost_empty", 0 0, L_0x6309ea02a7a0;  1 drivers
v0x6309ea0099d0_0 .net "is_almost_full", 0 0, L_0x6309ea02b3d0;  1 drivers
v0x6309ea009a90_0 .net "is_empty", 0 0, L_0x6309ea02a230;  1 drivers
v0x6309ea009b50_0 .net "is_full", 0 0, L_0x6309ea02ad60;  1 drivers
v0x6309ea009c10_0 .net "m_axis_0_tdata", 15 0, L_0x6309ea02bcf0;  alias, 1 drivers
v0x6309ea009cf0_0 .net "m_axis_0_tlast", 0 0, L_0x6309ea02bbd0;  alias, 1 drivers
v0x6309ea009db0_0 .net "m_axis_0_tready", 0 0, L_0x6309ea029b40;  alias, 1 drivers
v0x6309ea009e70_0 .net "m_axis_0_tvalid", 0 0, L_0x6309ea02b960;  alias, 1 drivers
v0x6309ea009f30_0 .var "m_axis_0_tvalid_int", 0 0;
v0x6309ea009ff0 .array "mem", 3 0, 16 0;
v0x6309ea00a0b0_0 .net "rst", 0 0, v0x6309ea00e5c0_0;  alias, 1 drivers
v0x6309ea00a150_0 .net "s_axis_0_tdata", 15 0, v0x6309ea00bd00_0;  1 drivers
v0x6309ea00a230_0 .net "s_axis_0_tlast", 0 0, L_0x6309ea028bb0;  alias, 1 drivers
v0x6309ea00a2f0_0 .net "s_axis_0_tready", 0 0, L_0x6309ea02b810;  alias, 1 drivers
v0x6309ea00a3b0_0 .var "s_axis_0_tready_int", 0 0;
v0x6309ea00a470_0 .net "s_axis_0_tvalid", 0 0, L_0x6309ea028d90;  alias, 1 drivers
v0x6309ea00a530_0 .var "tail", 1 0;
E_0x6309ea0075f0 .event edge, v0x6309e9ff71c0_0, v0x6309ea009b50_0, v0x6309ea009a90_0;
L_0x6309ea02a230 .cmp/eq 2, v0x6309ea009750_0, v0x6309ea00a530_0;
L_0x6309ea02a2d0 .concat [ 2 31 0 0], v0x6309ea009750_0, L_0x7b544b23dc30;
L_0x6309ea02a410 .concat [ 2 31 0 0], v0x6309ea00a530_0, L_0x7b544b23dc78;
L_0x6309ea02a550 .arith/sum 33, L_0x6309ea02a410, L_0x7b544b23dcc0;
L_0x6309ea02a7a0 .cmp/eq 33, L_0x6309ea02a2d0, L_0x6309ea02a5f0;
L_0x6309ea02a8e0 .concat [ 2 31 0 0], v0x6309ea009750_0, L_0x7b544b23dd50;
L_0x6309ea02a9d0 .arith/sum 33, L_0x6309ea02a8e0, L_0x7b544b23dd98;
L_0x6309ea02ac20 .concat [ 2 31 0 0], v0x6309ea00a530_0, L_0x7b544b23de28;
L_0x6309ea02ad60 .cmp/eq 33, L_0x6309ea02aa70, L_0x6309ea02ac20;
L_0x6309ea02aea0 .concat [ 2 31 0 0], v0x6309ea009750_0, L_0x7b544b23de70;
L_0x6309ea02b030 .arith/sum 33, L_0x6309ea02aea0, L_0x7b544b23deb8;
L_0x6309ea02b230 .concat [ 2 31 0 0], v0x6309ea00a530_0, L_0x7b544b23df48;
L_0x6309ea02b3d0 .cmp/eq 33, L_0x6309ea02b0d0, L_0x6309ea02b230;
L_0x6309ea02bbd0 .part L_0x6309ea02b360, 16, 1;
L_0x6309ea02bcf0 .part L_0x6309ea02b360, 0, 16;
L_0x6309ea02bd90 .array/port v0x6309ea009ff0, L_0x6309ea02bec0;
L_0x6309ea02bec0 .concat [ 2 2 0 0], v0x6309ea00a530_0, L_0x7b544b23df90;
    .scope S_0x6309e9fb0df0;
T_0 ;
    %wait E_0x6309e9f44ca0;
    %load/vec4 v0x6309e9fa2300_0;
    %assign/vec4 v0x6309ea00e040_0, 0;
    %load/vec4 v0x6309e9fda220_0;
    %assign/vec4 v0x6309ea00e900_0, 0;
    %load/vec4 v0x6309e9fa2300_0;
    %pad/s 33;
    %addi 0, 0, 33;
    %pushi/vec4 4, 0, 33;
    %mod/s;
    %pad/s 32;
    %assign/vec4 v0x6309e9fa6760_0, 0;
    %jmp T_0;
    .thread T_0, $push;
    .scope S_0x6309e9fb0df0;
T_1 ;
    %wait E_0x6309e9f3f580;
    %load/vec4 v0x6309ea00e520_0;
    %flag_set/vec4 8;
    %jmp/0xz  T_1.0, 8;
    %vpi_call 2 99 "$display", "Count : %d -- %X:%X:%X:%X:%X:%X", v0x6309e9fa2300_0, v0x6309ea00e7c0_0, v0x6309ea00e860_0, v0x6309ea00e720_0, v0x6309ea00e390_0, v0x6309ea00e430_0, v0x6309ea00e2f0_0 {0 0 0};
    %load/vec4 v0x6309ea00e7c0_0;
    %parti/s 1, 0, 2;
    %load/vec4 v0x6309ea00e860_0;
    %parti/s 1, 0, 2;
    %and;
    %flag_set/vec4 8;
    %jmp/0xz  T_1.2, 8;
    %load/vec4 v0x6309e9fa2300_0;
    %addi 1, 0, 32;
    %assign/vec4 v0x6309e9fa2300_0, 0;
T_1.2 ;
    %load/vec4 v0x6309e9fa6760_0;
    %dup/vec4;
    %pushi/vec4 3, 0, 32;
    %cmp/u;
    %jmp/1 T_1.4, 6;
    %dup/vec4;
    %pushi/vec4 2, 0, 32;
    %cmp/u;
    %jmp/1 T_1.5, 6;
    %dup/vec4;
    %pushi/vec4 1, 0, 32;
    %cmp/u;
    %jmp/1 T_1.6, 6;
    %pushi/vec4 47806, 0, 16;
    %ix/load 4, 0, 0;
    %ix/load 5, 0, 0;
    %flag_set/imm 4, 0;
    %assign/vec4/off/d v0x6309ea00e660_0, 4, 5;
    %jmp T_1.8;
T_1.4 ;
    %pushi/vec4 57005, 0, 16;
    %ix/load 4, 0, 0;
    %ix/load 5, 0, 0;
    %flag_set/imm 4, 0;
    %assign/vec4/off/d v0x6309ea00e660_0, 4, 5;
    %jmp T_1.8;
T_1.5 ;
    %pushi/vec4 48815, 0, 16;
    %ix/load 4, 0, 0;
    %ix/load 5, 0, 0;
    %flag_set/imm 4, 0;
    %assign/vec4/off/d v0x6309ea00e660_0, 4, 5;
    %jmp T_1.8;
T_1.6 ;
    %pushi/vec4 51966, 0, 16;
    %ix/load 4, 0, 0;
    %ix/load 5, 0, 0;
    %flag_set/imm 4, 0;
    %assign/vec4/off/d v0x6309ea00e660_0, 4, 5;
    %jmp T_1.8;
T_1.8 ;
    %pop/vec4 1;
    %load/vec4 v0x6309ea00e860_0;
    %parti/s 1, 0, 2;
    %nor/r;
    %load/vec4 v0x6309e9fa2300_0;
    %cmpi/s 70, 0, 32;
    %flag_get/vec4 5;
    %and;
    %flag_set/vec4 8;
    %jmp/0xz  T_1.9, 8;
    %pushi/vec4 1, 0, 1;
    %ix/load 4, 0, 0;
    %ix/load 5, 0, 0;
    %flag_set/imm 4, 0;
    %assign/vec4/off/d v0x6309ea00e860_0, 4, 5;
T_1.9 ;
    %load/vec4 v0x6309e9fa2300_0;
    %cmpi/e 24, 0, 32;
    %flag_mov 8, 4;
    %load/vec4 v0x6309e9fa2300_0;
    %pad/s 37;
    %cmpi/e 52, 0, 37;
    %flag_or 4, 8;
    %flag_mov 8, 4;
    %load/vec4 v0x6309e9fa2300_0;
    %cmpi/e 76, 0, 32;
    %flag_or 4, 8;
    %jmp/0xz  T_1.11, 4;
    %pushi/vec4 1, 0, 1;
    %ix/load 4, 0, 0;
    %ix/load 5, 0, 0;
    %flag_set/imm 4, 0;
    %assign/vec4/off/d v0x6309ea00e720_0, 4, 5;
T_1.11 ;
    %load/vec4 v0x6309ea00e7c0_0;
    %parti/s 1, 0, 2;
    %load/vec4 v0x6309ea00e720_0;
    %parti/s 1, 0, 2;
    %and;
    %flag_set/vec4 8;
    %load/vec4 v0x6309e9fa2300_0;
    %cmpi/s 84, 0, 32;
    %flag_or 5, 4; GT is !LE
    %flag_inv 5;
    %flag_or 5, 8;
    %jmp/0xz  T_1.13, 5;
    %pushi/vec4 0, 0, 1;
    %ix/load 4, 0, 0;
    %ix/load 5, 0, 0;
    %flag_set/imm 4, 0;
    %assign/vec4/off/d v0x6309ea00e720_0, 4, 5;
    %pushi/vec4 0, 0, 1;
    %ix/load 4, 0, 0;
    %ix/load 5, 0, 0;
    %flag_set/imm 4, 0;
    %assign/vec4/off/d v0x6309ea00e860_0, 4, 5;
T_1.13 ;
    %load/vec4 v0x6309e9fa2300_0;
    %pushi/vec4 25, 0, 32;
    %cmp/e;
    %flag_get/vec4 4;
    %load/vec4 v0x6309ea00e430_0;
    %and;
    %flag_set/vec4 8;
    %pushi/vec4 40, 0, 32;
    %load/vec4 v0x6309e9fa2300_0;
    %cmp/s;
    %flag_get/vec4 4;
    %flag_get/vec4 5;
    %or;
    %load/vec4 v0x6309e9fa2300_0;
    %cmpi/s 41, 0, 32;
    %flag_get/vec4 4;
    %flag_get/vec4 5;
    %or;
    %and;
    %load/vec4 v0x6309ea00e430_0;
    %and;
    %flag_set/vec4 9;
    %flag_or 9, 8;
    %jmp/0xz  T_1.15, 9;
    %pushi/vec4 0, 0, 1;
    %ix/load 4, 0, 0;
    %ix/load 5, 0, 0;
    %flag_set/imm 4, 0;
    %assign/vec4/off/d v0x6309ea00e860_0, 4, 5;
T_1.15 ;
    %pushi/vec4 0, 0, 1;
    %pushi/vec4 74, 0, 32;
    %load/vec4 v0x6309e9fa2300_0;
    %cmp/s;
    %flag_get/vec4 5;
    %and;
    %load/vec4 v0x6309e9fda220_0;
    %nor/r;
    %and;
    %load/vec4 v0x6309ea00e430_0;
    %nor/r;
    %and;
    %flag_set/vec4 8;
    %jmp/0xz  T_1.17, 8;
    %vpi_call 2 132 "$finish" {0 0 0};
T_1.17 ;
    %load/vec4 v0x6309e9fa2300_0;
    %assign/vec4 v0x6309e9f8ee90_0, 0;
    %load/vec4 v0x6309e9fa2300_0;
    %load/vec4 v0x6309e9f8ee90_0;
    %cmp/e;
    %flag_mov 8, 4;
    %load/vec4 v0x6309ea00e860_0;
    %parti/s 1, 0, 2;
    %load/vec4 v0x6309ea00e390_0;
    %or;
    %nor/r;
    %flag_set/vec4 9;
    %flag_or 9, 8;
    %jmp/0xz  T_1.19, 9;
    %load/vec4 v0x6309e9fda220_0;
    %cmpi/ne 0, 0, 32;
    %jmp/0xz  T_1.21, 4;
    %load/vec4 v0x6309e9fda220_0;
    %subi 1, 0, 32;
    %assign/vec4 v0x6309e9fda220_0, 0;
    %jmp T_1.22;
T_1.21 ;
    %pushi/vec4 3, 0, 32;
    %assign/vec4 v0x6309e9fda220_0, 0;
T_1.22 ;
    %jmp T_1.20;
T_1.19 ;
    %pushi/vec4 3, 0, 32;
    %assign/vec4 v0x6309e9fda220_0, 0;
T_1.20 ;
    %jmp T_1.1;
T_1.0 ;
    %pushi/vec4 0, 0, 32;
    %assign/vec4 v0x6309e9fa2300_0, 0;
T_1.1 ;
    %jmp T_1;
    .thread T_1;
    .scope S_0x6309e9fb15d0;
T_2 ;
    %wait E_0x6309e9f12c00;
    %load/vec4 v0x6309e9f77270_0;
    %pad/s 33;
    %addi 1, 0, 33;
    %pushi/vec4 4, 0, 33;
    %mod/s;
    %pad/s 32;
    %assign/vec4 v0x6309e9f7bfe0_0, 0;
    %jmp T_2;
    .thread T_2, $push;
    .scope S_0x6309e9fb15d0;
T_3 ;
    %wait E_0x6309e9f3f580;
    %load/vec4 v0x6309ea00e520_0;
    %flag_set/vec4 8;
    %jmp/0xz  T_3.0, 8;
    %load/vec4 v0x6309ea00e7c0_0;
    %parti/s 1, 1, 2;
    %load/vec4 v0x6309ea00e860_0;
    %parti/s 1, 1, 2;
    %and;
    %flag_set/vec4 8;
    %jmp/0xz  T_3.2, 8;
    %load/vec4 v0x6309e9f77270_0;
    %addi 1, 0, 32;
    %assign/vec4 v0x6309e9f77270_0, 0;
T_3.2 ;
    %load/vec4 v0x6309e9f7bfe0_0;
    %dup/vec4;
    %pushi/vec4 3, 0, 32;
    %cmp/u;
    %jmp/1 T_3.4, 6;
    %dup/vec4;
    %pushi/vec4 2, 0, 32;
    %cmp/u;
    %jmp/1 T_3.5, 6;
    %dup/vec4;
    %pushi/vec4 1, 0, 32;
    %cmp/u;
    %jmp/1 T_3.6, 6;
    %pushi/vec4 47806, 0, 16;
    %ix/load 4, 16, 0;
    %ix/load 5, 0, 0;
    %flag_set/imm 4, 0;
    %assign/vec4/off/d v0x6309ea00e660_0, 4, 5;
    %jmp T_3.8;
T_3.4 ;
    %pushi/vec4 57005, 0, 16;
    %ix/load 4, 16, 0;
    %ix/load 5, 0, 0;
    %flag_set/imm 4, 0;
    %assign/vec4/off/d v0x6309ea00e660_0, 4, 5;
    %jmp T_3.8;
T_3.5 ;
    %pushi/vec4 48815, 0, 16;
    %ix/load 4, 16, 0;
    %ix/load 5, 0, 0;
    %flag_set/imm 4, 0;
    %assign/vec4/off/d v0x6309ea00e660_0, 4, 5;
    %jmp T_3.8;
T_3.6 ;
    %pushi/vec4 51966, 0, 16;
    %ix/load 4, 16, 0;
    %ix/load 5, 0, 0;
    %flag_set/imm 4, 0;
    %assign/vec4/off/d v0x6309ea00e660_0, 4, 5;
    %jmp T_3.8;
T_3.8 ;
    %pop/vec4 1;
    %load/vec4 v0x6309ea00e860_0;
    %parti/s 1, 1, 2;
    %nor/r;
    %load/vec4 v0x6309e9f77270_0;
    %cmpi/s 70, 0, 32;
    %flag_get/vec4 5;
    %and;
    %flag_set/vec4 8;
    %jmp/0xz  T_3.9, 8;
    %pushi/vec4 1, 0, 1;
    %ix/load 4, 1, 0;
    %ix/load 5, 0, 0;
    %flag_set/imm 4, 0;
    %assign/vec4/off/d v0x6309ea00e860_0, 4, 5;
T_3.9 ;
    %load/vec4 v0x6309e9f77270_0;
    %cmpi/e 24, 0, 32;
    %flag_mov 8, 4;
    %load/vec4 v0x6309e9f77270_0;
    %pad/s 37;
    %cmpi/e 55, 0, 37;
    %flag_or 4, 8;
    %flag_mov 8, 4;
    %load/vec4 v0x6309e9f77270_0;
    %cmpi/e 76, 0, 32;
    %flag_or 4, 8;
    %jmp/0xz  T_3.11, 4;
    %pushi/vec4 1, 0, 1;
    %ix/load 4, 1, 0;
    %ix/load 5, 0, 0;
    %flag_set/imm 4, 0;
    %assign/vec4/off/d v0x6309ea00e720_0, 4, 5;
T_3.11 ;
    %load/vec4 v0x6309ea00e7c0_0;
    %parti/s 1, 1, 2;
    %load/vec4 v0x6309ea00e720_0;
    %parti/s 1, 1, 2;
    %and;
    %flag_set/vec4 8;
    %load/vec4 v0x6309e9f77270_0;
    %cmpi/s 84, 0, 32;
    %flag_or 5, 4; GT is !LE
    %flag_inv 5;
    %flag_or 5, 8;
    %jmp/0xz  T_3.13, 5;
    %pushi/vec4 0, 0, 1;
    %ix/load 4, 1, 0;
    %ix/load 5, 0, 0;
    %flag_set/imm 4, 0;
    %assign/vec4/off/d v0x6309ea00e720_0, 4, 5;
    %pushi/vec4 0, 0, 1;
    %ix/load 4, 1, 0;
    %ix/load 5, 0, 0;
    %flag_set/imm 4, 0;
    %assign/vec4/off/d v0x6309ea00e860_0, 4, 5;
T_3.13 ;
    %load/vec4 v0x6309e9f77270_0;
    %pushi/vec4 25, 0, 32;
    %cmp/e;
    %flag_get/vec4 4;
    %load/vec4 v0x6309ea00e430_0;
    %and;
    %flag_set/vec4 8;
    %pushi/vec4 40, 0, 32;
    %load/vec4 v0x6309e9f77270_0;
    %cmp/s;
    %flag_get/vec4 4;
    %flag_get/vec4 5;
    %or;
    %load/vec4 v0x6309e9f77270_0;
    %cmpi/s 41, 0, 32;
    %flag_get/vec4 4;
    %flag_get/vec4 5;
    %or;
    %and;
    %load/vec4 v0x6309ea00e430_0;
    %and;
    %flag_set/vec4 9;
    %flag_or 9, 8;
    %jmp/0xz  T_3.15, 9;
    %pushi/vec4 0, 0, 1;
    %ix/load 4, 1, 0;
    %ix/load 5, 0, 0;
    %flag_set/imm 4, 0;
    %assign/vec4/off/d v0x6309ea00e860_0, 4, 5;
T_3.15 ;
    %pushi/vec4 0, 0, 1;
    %pushi/vec4 74, 0, 32;
    %load/vec4 v0x6309e9f77270_0;
    %cmp/s;
    %flag_get/vec4 5;
    %and;
    %load/vec4 v0x6309e9ff37b0_0;
    %nor/r;
    %and;
    %load/vec4 v0x6309ea00e430_0;
    %nor/r;
    %and;
    %flag_set/vec4 8;
    %jmp/0xz  T_3.17, 8;
    %vpi_call 2 132 "$finish" {0 0 0};
T_3.17 ;
    %load/vec4 v0x6309e9f77270_0;
    %assign/vec4 v0x6309e9f72ea0_0, 0;
    %load/vec4 v0x6309e9f77270_0;
    %load/vec4 v0x6309e9f72ea0_0;
    %cmp/e;
    %flag_mov 8, 4;
    %load/vec4 v0x6309ea00e860_0;
    %parti/s 1, 1, 2;
    %load/vec4 v0x6309ea00e390_0;
    %or;
    %nor/r;
    %flag_set/vec4 9;
    %flag_or 9, 8;
    %jmp/0xz  T_3.19, 9;
    %load/vec4 v0x6309e9ff37b0_0;
    %cmpi/ne 0, 0, 32;
    %jmp/0xz  T_3.21, 4;
    %load/vec4 v0x6309e9ff37b0_0;
    %subi 1, 0, 32;
    %assign/vec4 v0x6309e9ff37b0_0, 0;
    %jmp T_3.22;
T_3.21 ;
    %pushi/vec4 3, 0, 32;
    %assign/vec4 v0x6309e9ff37b0_0, 0;
T_3.22 ;
    %jmp T_3.20;
T_3.19 ;
    %pushi/vec4 3, 0, 32;
    %assign/vec4 v0x6309e9ff37b0_0, 0;
T_3.20 ;
    %jmp T_3.1;
T_3.0 ;
    %pushi/vec4 0, 0, 32;
    %assign/vec4 v0x6309e9f77270_0, 0;
T_3.1 ;
    %jmp T_3;
    .thread T_3;
    .scope S_0x6309e9fb19b0;
T_4 ;
    %wait E_0x6309e9fde380;
    %load/vec4 v0x6309e9ff3b10_0;
    %pad/s 33;
    %addi 2, 0, 33;
    %pushi/vec4 4, 0, 33;
    %mod/s;
    %pad/s 32;
    %assign/vec4 v0x6309e9ff3a10_0, 0;
    %jmp T_4;
    .thread T_4, $push;
    .scope S_0x6309e9fb19b0;
T_5 ;
    %wait E_0x6309e9f3f580;
    %load/vec4 v0x6309ea00e520_0;
    %flag_set/vec4 8;
    %jmp/0xz  T_5.0, 8;
    %load/vec4 v0x6309ea00e7c0_0;
    %parti/s 1, 2, 3;
    %load/vec4 v0x6309ea00e860_0;
    %parti/s 1, 2, 3;
    %and;
    %flag_set/vec4 8;
    %jmp/0xz  T_5.2, 8;
    %load/vec4 v0x6309e9ff3b10_0;
    %addi 1, 0, 32;
    %assign/vec4 v0x6309e9ff3b10_0, 0;
T_5.2 ;
    %load/vec4 v0x6309e9ff3a10_0;
    %dup/vec4;
    %pushi/vec4 3, 0, 32;
    %cmp/u;
    %jmp/1 T_5.4, 6;
    %dup/vec4;
    %pushi/vec4 2, 0, 32;
    %cmp/u;
    %jmp/1 T_5.5, 6;
    %dup/vec4;
    %pushi/vec4 1, 0, 32;
    %cmp/u;
    %jmp/1 T_5.6, 6;
    %pushi/vec4 47806, 0, 16;
    %ix/load 4, 32, 0;
    %ix/load 5, 0, 0;
    %flag_set/imm 4, 0;
    %assign/vec4/off/d v0x6309ea00e660_0, 4, 5;
    %jmp T_5.8;
T_5.4 ;
    %pushi/vec4 57005, 0, 16;
    %ix/load 4, 32, 0;
    %ix/load 5, 0, 0;
    %flag_set/imm 4, 0;
    %assign/vec4/off/d v0x6309ea00e660_0, 4, 5;
    %jmp T_5.8;
T_5.5 ;
    %pushi/vec4 48815, 0, 16;
    %ix/load 4, 32, 0;
    %ix/load 5, 0, 0;
    %flag_set/imm 4, 0;
    %assign/vec4/off/d v0x6309ea00e660_0, 4, 5;
    %jmp T_5.8;
T_5.6 ;
    %pushi/vec4 51966, 0, 16;
    %ix/load 4, 32, 0;
    %ix/load 5, 0, 0;
    %flag_set/imm 4, 0;
    %assign/vec4/off/d v0x6309ea00e660_0, 4, 5;
    %jmp T_5.8;
T_5.8 ;
    %pop/vec4 1;
    %load/vec4 v0x6309ea00e860_0;
    %parti/s 1, 2, 3;
    %nor/r;
    %load/vec4 v0x6309e9ff3b10_0;
    %cmpi/s 70, 0, 32;
    %flag_get/vec4 5;
    %and;
    %flag_set/vec4 8;
    %jmp/0xz  T_5.9, 8;
    %pushi/vec4 1, 0, 1;
    %ix/load 4, 2, 0;
    %ix/load 5, 0, 0;
    %flag_set/imm 4, 0;
    %assign/vec4/off/d v0x6309ea00e860_0, 4, 5;
T_5.9 ;
    %load/vec4 v0x6309e9ff3b10_0;
    %cmpi/e 24, 0, 32;
    %flag_mov 8, 4;
    %load/vec4 v0x6309e9ff3b10_0;
    %pad/s 37;
    %cmpi/e 58, 0, 37;
    %flag_or 4, 8;
    %flag_mov 8, 4;
    %load/vec4 v0x6309e9ff3b10_0;
    %cmpi/e 76, 0, 32;
    %flag_or 4, 8;
    %jmp/0xz  T_5.11, 4;
    %pushi/vec4 1, 0, 1;
    %ix/load 4, 2, 0;
    %ix/load 5, 0, 0;
    %flag_set/imm 4, 0;
    %assign/vec4/off/d v0x6309ea00e720_0, 4, 5;
T_5.11 ;
    %load/vec4 v0x6309ea00e7c0_0;
    %parti/s 1, 2, 3;
    %load/vec4 v0x6309ea00e720_0;
    %parti/s 1, 2, 3;
    %and;
    %flag_set/vec4 8;
    %load/vec4 v0x6309e9ff3b10_0;
    %cmpi/s 84, 0, 32;
    %flag_or 5, 4; GT is !LE
    %flag_inv 5;
    %flag_or 5, 8;
    %jmp/0xz  T_5.13, 5;
    %pushi/vec4 0, 0, 1;
    %ix/load 4, 2, 0;
    %ix/load 5, 0, 0;
    %flag_set/imm 4, 0;
    %assign/vec4/off/d v0x6309ea00e720_0, 4, 5;
    %pushi/vec4 0, 0, 1;
    %ix/load 4, 2, 0;
    %ix/load 5, 0, 0;
    %flag_set/imm 4, 0;
    %assign/vec4/off/d v0x6309ea00e860_0, 4, 5;
T_5.13 ;
    %load/vec4 v0x6309e9ff3b10_0;
    %pushi/vec4 25, 0, 32;
    %cmp/e;
    %flag_get/vec4 4;
    %load/vec4 v0x6309ea00e430_0;
    %and;
    %flag_set/vec4 8;
    %pushi/vec4 40, 0, 32;
    %load/vec4 v0x6309e9ff3b10_0;
    %cmp/s;
    %flag_get/vec4 4;
    %flag_get/vec4 5;
    %or;
    %load/vec4 v0x6309e9ff3b10_0;
    %cmpi/s 41, 0, 32;
    %flag_get/vec4 4;
    %flag_get/vec4 5;
    %or;
    %and;
    %load/vec4 v0x6309ea00e430_0;
    %and;
    %flag_set/vec4 9;
    %flag_or 9, 8;
    %jmp/0xz  T_5.15, 9;
    %pushi/vec4 0, 0, 1;
    %ix/load 4, 2, 0;
    %ix/load 5, 0, 0;
    %flag_set/imm 4, 0;
    %assign/vec4/off/d v0x6309ea00e860_0, 4, 5;
T_5.15 ;
    %pushi/vec4 0, 0, 1;
    %pushi/vec4 74, 0, 32;
    %load/vec4 v0x6309e9ff3b10_0;
    %cmp/s;
    %flag_get/vec4 5;
    %and;
    %load/vec4 v0x6309e9ff3ce0_0;
    %nor/r;
    %and;
    %load/vec4 v0x6309ea00e430_0;
    %nor/r;
    %and;
    %flag_set/vec4 8;
    %jmp/0xz  T_5.17, 8;
    %vpi_call 2 132 "$finish" {0 0 0};
T_5.17 ;
    %load/vec4 v0x6309e9ff3b10_0;
    %assign/vec4 v0x6309e9ff3bf0_0, 0;
    %load/vec4 v0x6309e9ff3b10_0;
    %load/vec4 v0x6309e9ff3bf0_0;
    %cmp/e;
    %flag_mov 8, 4;
    %load/vec4 v0x6309ea00e860_0;
    %parti/s 1, 2, 3;
    %load/vec4 v0x6309ea00e390_0;
    %or;
    %nor/r;
    %flag_set/vec4 9;
    %flag_or 9, 8;
    %jmp/0xz  T_5.19, 9;
    %load/vec4 v0x6309e9ff3ce0_0;
    %cmpi/ne 0, 0, 32;
    %jmp/0xz  T_5.21, 4;
    %load/vec4 v0x6309e9ff3ce0_0;
    %subi 1, 0, 32;
    %assign/vec4 v0x6309e9ff3ce0_0, 0;
    %jmp T_5.22;
T_5.21 ;
    %pushi/vec4 3, 0, 32;
    %assign/vec4 v0x6309e9ff3ce0_0, 0;
T_5.22 ;
    %jmp T_5.20;
T_5.19 ;
    %pushi/vec4 3, 0, 32;
    %assign/vec4 v0x6309e9ff3ce0_0, 0;
T_5.20 ;
    %jmp T_5.1;
T_5.0 ;
    %pushi/vec4 0, 0, 32;
    %assign/vec4 v0x6309e9ff3b10_0, 0;
T_5.1 ;
    %jmp T_5;
    .thread T_5;
    .scope S_0x6309e9fc2f80;
T_6 ;
    %wait E_0x6309e9fde500;
    %load/vec4 v0x6309e9ff4030_0;
    %pad/s 33;
    %addi 3, 0, 33;
    %pushi/vec4 4, 0, 33;
    %mod/s;
    %pad/s 32;
    %assign/vec4 v0x6309e9ff3f30_0, 0;
    %jmp T_6;
    .thread T_6, $push;
    .scope S_0x6309e9fc2f80;
T_7 ;
    %wait E_0x6309e9f3f580;
    %load/vec4 v0x6309ea00e520_0;
    %flag_set/vec4 8;
    %jmp/0xz  T_7.0, 8;
    %load/vec4 v0x6309ea00e7c0_0;
    %parti/s 1, 3, 3;
    %load/vec4 v0x6309ea00e860_0;
    %parti/s 1, 3, 3;
    %and;
    %flag_set/vec4 8;
    %jmp/0xz  T_7.2, 8;
    %load/vec4 v0x6309e9ff4030_0;
    %addi 1, 0, 32;
    %assign/vec4 v0x6309e9ff4030_0, 0;
T_7.2 ;
    %load/vec4 v0x6309e9ff3f30_0;
    %dup/vec4;
    %pushi/vec4 3, 0, 32;
    %cmp/u;
    %jmp/1 T_7.4, 6;
    %dup/vec4;
    %pushi/vec4 2, 0, 32;
    %cmp/u;
    %jmp/1 T_7.5, 6;
    %dup/vec4;
    %pushi/vec4 1, 0, 32;
    %cmp/u;
    %jmp/1 T_7.6, 6;
    %pushi/vec4 47806, 0, 16;
    %ix/load 4, 48, 0;
    %ix/load 5, 0, 0;
    %flag_set/imm 4, 0;
    %assign/vec4/off/d v0x6309ea00e660_0, 4, 5;
    %jmp T_7.8;
T_7.4 ;
    %pushi/vec4 57005, 0, 16;
    %ix/load 4, 48, 0;
    %ix/load 5, 0, 0;
    %flag_set/imm 4, 0;
    %assign/vec4/off/d v0x6309ea00e660_0, 4, 5;
    %jmp T_7.8;
T_7.5 ;
    %pushi/vec4 48815, 0, 16;
    %ix/load 4, 48, 0;
    %ix/load 5, 0, 0;
    %flag_set/imm 4, 0;
    %assign/vec4/off/d v0x6309ea00e660_0, 4, 5;
    %jmp T_7.8;
T_7.6 ;
    %pushi/vec4 51966, 0, 16;
    %ix/load 4, 48, 0;
    %ix/load 5, 0, 0;
    %flag_set/imm 4, 0;
    %assign/vec4/off/d v0x6309ea00e660_0, 4, 5;
    %jmp T_7.8;
T_7.8 ;
    %pop/vec4 1;
    %load/vec4 v0x6309ea00e860_0;
    %parti/s 1, 3, 3;
    %nor/r;
    %load/vec4 v0x6309e9ff4030_0;
    %cmpi/s 70, 0, 32;
    %flag_get/vec4 5;
    %and;
    %flag_set/vec4 8;
    %jmp/0xz  T_7.9, 8;
    %pushi/vec4 1, 0, 1;
    %ix/load 4, 3, 0;
    %ix/load 5, 0, 0;
    %flag_set/imm 4, 0;
    %assign/vec4/off/d v0x6309ea00e860_0, 4, 5;
T_7.9 ;
    %load/vec4 v0x6309e9ff4030_0;
    %cmpi/e 24, 0, 32;
    %flag_mov 8, 4;
    %load/vec4 v0x6309e9ff4030_0;
    %pad/s 37;
    %cmpi/e 61, 0, 37;
    %flag_or 4, 8;
    %flag_mov 8, 4;
    %load/vec4 v0x6309e9ff4030_0;
    %cmpi/e 76, 0, 32;
    %flag_or 4, 8;
    %jmp/0xz  T_7.11, 4;
    %pushi/vec4 1, 0, 1;
    %ix/load 4, 3, 0;
    %ix/load 5, 0, 0;
    %flag_set/imm 4, 0;
    %assign/vec4/off/d v0x6309ea00e720_0, 4, 5;
T_7.11 ;
    %load/vec4 v0x6309ea00e7c0_0;
    %parti/s 1, 3, 3;
    %load/vec4 v0x6309ea00e720_0;
    %parti/s 1, 3, 3;
    %and;
    %flag_set/vec4 8;
    %load/vec4 v0x6309e9ff4030_0;
    %cmpi/s 84, 0, 32;
    %flag_or 5, 4; GT is !LE
    %flag_inv 5;
    %flag_or 5, 8;
    %jmp/0xz  T_7.13, 5;
    %pushi/vec4 0, 0, 1;
    %ix/load 4, 3, 0;
    %ix/load 5, 0, 0;
    %flag_set/imm 4, 0;
    %assign/vec4/off/d v0x6309ea00e720_0, 4, 5;
    %pushi/vec4 0, 0, 1;
    %ix/load 4, 3, 0;
    %ix/load 5, 0, 0;
    %flag_set/imm 4, 0;
    %assign/vec4/off/d v0x6309ea00e860_0, 4, 5;
T_7.13 ;
    %load/vec4 v0x6309e9ff4030_0;
    %pushi/vec4 25, 0, 32;
    %cmp/e;
    %flag_get/vec4 4;
    %load/vec4 v0x6309ea00e430_0;
    %and;
    %flag_set/vec4 8;
    %pushi/vec4 40, 0, 32;
    %load/vec4 v0x6309e9ff4030_0;
    %cmp/s;
    %flag_get/vec4 4;
    %flag_get/vec4 5;
    %or;
    %load/vec4 v0x6309e9ff4030_0;
    %cmpi/s 41, 0, 32;
    %flag_get/vec4 4;
    %flag_get/vec4 5;
    %or;
    %and;
    %load/vec4 v0x6309ea00e430_0;
    %and;
    %flag_set/vec4 9;
    %flag_or 9, 8;
    %jmp/0xz  T_7.15, 9;
    %pushi/vec4 0, 0, 1;
    %ix/load 4, 3, 0;
    %ix/load 5, 0, 0;
    %flag_set/imm 4, 0;
    %assign/vec4/off/d v0x6309ea00e860_0, 4, 5;
T_7.15 ;
    %pushi/vec4 1, 0, 1;
    %pushi/vec4 74, 0, 32;
    %load/vec4 v0x6309e9ff4030_0;
    %cmp/s;
    %flag_get/vec4 5;
    %and;
    %load/vec4 v0x6309e9ff4200_0;
    %nor/r;
    %and;
    %load/vec4 v0x6309ea00e430_0;
    %nor/r;
    %and;
    %flag_set/vec4 8;
    %jmp/0xz  T_7.17, 8;
    %vpi_call 2 132 "$finish" {0 0 0};
T_7.17 ;
    %load/vec4 v0x6309e9ff4030_0;
    %assign/vec4 v0x6309e9ff4110_0, 0;
    %load/vec4 v0x6309e9ff4030_0;
    %load/vec4 v0x6309e9ff4110_0;
    %cmp/e;
    %flag_mov 8, 4;
    %load/vec4 v0x6309ea00e860_0;
    %parti/s 1, 3, 3;
    %load/vec4 v0x6309ea00e390_0;
    %or;
    %nor/r;
    %flag_set/vec4 9;
    %flag_or 9, 8;
    %jmp/0xz  T_7.19, 9;
    %load/vec4 v0x6309e9ff4200_0;
    %cmpi/ne 0, 0, 32;
    %jmp/0xz  T_7.21, 4;
    %load/vec4 v0x6309e9ff4200_0;
    %subi 1, 0, 32;
    %assign/vec4 v0x6309e9ff4200_0, 0;
    %jmp T_7.22;
T_7.21 ;
    %pushi/vec4 3, 0, 32;
    %assign/vec4 v0x6309e9ff4200_0, 0;
T_7.22 ;
    %jmp T_7.20;
T_7.19 ;
    %pushi/vec4 3, 0, 32;
    %assign/vec4 v0x6309e9ff4200_0, 0;
T_7.20 ;
    %jmp T_7.1;
T_7.0 ;
    %pushi/vec4 0, 0, 32;
    %assign/vec4 v0x6309e9ff4030_0, 0;
T_7.1 ;
    %jmp T_7;
    .thread T_7;
    .scope S_0x6309e9ff7a60;
T_8 ;
    %pushi/vec4 0, 0, 2;
    %assign/vec4 v0x6309e9ffa070_0, 0;
    %pushi/vec4 0, 0, 2;
    %assign/vec4 v0x6309e9ffae60_0, 0;
    %pushi/vec4 0, 0, 32;
    %store/vec4 v0x6309e9ffa150_0, 0, 32;
T_8.0 ;
    %load/vec4 v0x6309e9ffa150_0;
    %pad/s 33;
    %cmpi/s 3, 0, 33;
    %flag_or 5, 4;
    %jmp/0xz T_8.1, 5;
    %pushi/vec4 0, 0, 17;
    %ix/getv/s 3, v0x6309e9ffa150_0;
    %ix/load 4, 0, 0; Constant delay
    %assign/vec4/a/d v0x6309e9ffa910, 0, 4;
    %load/vec4 v0x6309e9ffa150_0;
    %addi 1, 0, 32;
    %store/vec4 v0x6309e9ffa150_0, 0, 32;
    %jmp T_8.0;
T_8.1 ;
    %end;
    .thread T_8;
    .scope S_0x6309e9ff7a60;
T_9 ;
    %wait E_0x6309e9ff7fe0;
    %load/vec4 v0x6309e9ffa9d0_0;
    %flag_set/vec4 8;
    %jmp/0xz  T_9.0, 8;
    %pushi/vec4 0, 0, 1;
    %assign/vec4 v0x6309e9fface0_0, 0;
    %pushi/vec4 0, 0, 1;
    %assign/vec4 v0x6309e9ffa850_0, 0;
    %jmp T_9.1;
T_9.0 ;
    %load/vec4 v0x6309e9ffa470_0;
    %nor/r;
    %assign/vec4 v0x6309e9fface0_0, 0;
    %load/vec4 v0x6309e9ffa3b0_0;
    %nor/r;
    %assign/vec4 v0x6309e9ffa850_0, 0;
T_9.1 ;
    %jmp T_9;
    .thread T_9, $push;
    .scope S_0x6309e9ff7a60;
T_10 ;
    %wait E_0x6309e9f3f580;
    %load/vec4 v0x6309e9ffa9d0_0;
    %flag_set/vec4 8;
    %jmp/0xz  T_10.0, 8;
    %pushi/vec4 0, 0, 2;
    %assign/vec4 v0x6309e9ffa070_0, 0;
    %pushi/vec4 0, 0, 2;
    %assign/vec4 v0x6309e9ffae60_0, 0;
    %jmp T_10.1;
T_10.0 ;
    %load/vec4 v0x6309e9ff9ef0_0;
    %flag_set/vec4 8;
    %jmp/0xz  T_10.2, 8;
    %load/vec4 v0x6309e9ffab60_0;
    %load/vec4 v0x6309e9ffaaa0_0;
    %concat/vec4; draw_concat_vec4
    %load/vec4 v0x6309e9ffa070_0;
    %pad/u 4;
    %ix/vec4 3;
    %ix/load 4, 0, 0; Constant delay
    %assign/vec4/a/d v0x6309e9ffa910, 0, 4;
    %load/vec4 v0x6309e9ffa070_0;
    %addi 1, 0, 2;
    %assign/vec4 v0x6309e9ffa070_0, 0;
T_10.2 ;
    %load/vec4 v0x6309e9ff9b80_0;
    %flag_set/vec4 8;
    %jmp/0xz  T_10.4, 8;
    %load/vec4 v0x6309e9ffae60_0;
    %addi 1, 0, 2;
    %assign/vec4 v0x6309e9ffae60_0, 0;
T_10.4 ;
T_10.1 ;
    %jmp T_10;
    .thread T_10;
    .scope S_0x6309e9fc42c0;
T_11 ;
    %wait E_0x6309e9ff7a00;
    %load/vec4 v0x6309ea00d870_0;
    %parti/s 16, 0, 2;
    %assign/vec4 v0x6309e9ffc660_0, 0;
    %jmp T_11;
    .thread T_11, $push;
    .scope S_0x6309e9ffcc00;
T_12 ;
    %pushi/vec4 0, 0, 2;
    %assign/vec4 v0x6309e9fff2d0_0, 0;
    %pushi/vec4 0, 0, 2;
    %assign/vec4 v0x6309ea000100_0, 0;
    %pushi/vec4 0, 0, 32;
    %store/vec4 v0x6309e9fff3b0_0, 0, 32;
T_12.0 ;
    %load/vec4 v0x6309e9fff3b0_0;
    %pad/s 33;
    %cmpi/s 3, 0, 33;
    %flag_or 5, 4;
    %jmp/0xz T_12.1, 5;
    %pushi/vec4 0, 0, 17;
    %ix/getv/s 3, v0x6309e9fff3b0_0;
    %ix/load 4, 0, 0; Constant delay
    %assign/vec4/a/d v0x6309e9fffb70, 0, 4;
    %load/vec4 v0x6309e9fff3b0_0;
    %addi 1, 0, 32;
    %store/vec4 v0x6309e9fff3b0_0, 0, 32;
    %jmp T_12.0;
T_12.1 ;
    %end;
    .thread T_12;
    .scope S_0x6309e9ffcc00;
T_13 ;
    %wait E_0x6309e9ffd190;
    %load/vec4 v0x6309e9fffc30_0;
    %flag_set/vec4 8;
    %jmp/0xz  T_13.0, 8;
    %pushi/vec4 0, 0, 1;
    %assign/vec4 v0x6309e9ffff80_0, 0;
    %pushi/vec4 0, 0, 1;
    %assign/vec4 v0x6309e9fffab0_0, 0;
    %jmp T_13.1;
T_13.0 ;
    %load/vec4 v0x6309e9fff6d0_0;
    %nor/r;
    %assign/vec4 v0x6309e9ffff80_0, 0;
    %load/vec4 v0x6309e9fff610_0;
    %nor/r;
    %assign/vec4 v0x6309e9fffab0_0, 0;
T_13.1 ;
    %jmp T_13;
    .thread T_13, $push;
    .scope S_0x6309e9ffcc00;
T_14 ;
    %wait E_0x6309e9f3f580;
    %load/vec4 v0x6309e9fffc30_0;
    %flag_set/vec4 8;
    %jmp/0xz  T_14.0, 8;
    %pushi/vec4 0, 0, 2;
    %assign/vec4 v0x6309e9fff2d0_0, 0;
    %pushi/vec4 0, 0, 2;
    %assign/vec4 v0x6309ea000100_0, 0;
    %jmp T_14.1;
T_14.0 ;
    %load/vec4 v0x6309e9fff150_0;
    %flag_set/vec4 8;
    %jmp/0xz  T_14.2, 8;
    %load/vec4 v0x6309e9fffe00_0;
    %load/vec4 v0x6309e9fffd20_0;
    %concat/vec4; draw_concat_vec4
    %load/vec4 v0x6309e9fff2d0_0;
    %pad/u 4;
    %ix/vec4 3;
    %ix/load 4, 0, 0; Constant delay
    %assign/vec4/a/d v0x6309e9fffb70, 0, 4;
    %load/vec4 v0x6309e9fff2d0_0;
    %addi 1, 0, 2;
    %assign/vec4 v0x6309e9fff2d0_0, 0;
T_14.2 ;
    %load/vec4 v0x6309e9ffedc0_0;
    %flag_set/vec4 8;
    %jmp/0xz  T_14.4, 8;
    %load/vec4 v0x6309ea000100_0;
    %addi 1, 0, 2;
    %assign/vec4 v0x6309ea000100_0, 0;
T_14.4 ;
T_14.1 ;
    %jmp T_14;
    .thread T_14;
    .scope S_0x6309e9ffc9a0;
T_15 ;
    %wait E_0x6309e9ff7a00;
    %load/vec4 v0x6309ea00d870_0;
    %parti/s 16, 16, 6;
    %assign/vec4 v0x6309ea0018c0_0, 0;
    %jmp T_15;
    .thread T_15, $push;
    .scope S_0x6309ea001e30;
T_16 ;
    %pushi/vec4 0, 0, 2;
    %assign/vec4 v0x6309ea004520_0, 0;
    %pushi/vec4 0, 0, 2;
    %assign/vec4 v0x6309ea005300_0, 0;
    %pushi/vec4 0, 0, 32;
    %store/vec4 v0x6309ea004600_0, 0, 32;
T_16.0 ;
    %load/vec4 v0x6309ea004600_0;
    %pad/s 33;
    %cmpi/s 3, 0, 33;
    %flag_or 5, 4;
    %jmp/0xz T_16.1, 5;
    %pushi/vec4 0, 0, 17;
    %ix/getv/s 3, v0x6309ea004600_0;
    %ix/load 4, 0, 0; Constant delay
    %assign/vec4/a/d v0x6309ea004dc0, 0, 4;
    %load/vec4 v0x6309ea004600_0;
    %addi 1, 0, 32;
    %store/vec4 v0x6309ea004600_0, 0, 32;
    %jmp T_16.0;
T_16.1 ;
    %end;
    .thread T_16;
    .scope S_0x6309ea001e30;
T_17 ;
    %wait E_0x6309ea0023c0;
    %load/vec4 v0x6309ea004e80_0;
    %flag_set/vec4 8;
    %jmp/0xz  T_17.0, 8;
    %pushi/vec4 0, 0, 1;
    %assign/vec4 v0x6309ea005180_0, 0;
    %pushi/vec4 0, 0, 1;
    %assign/vec4 v0x6309ea004d00_0, 0;
    %jmp T_17.1;
T_17.0 ;
    %load/vec4 v0x6309ea004920_0;
    %nor/r;
    %assign/vec4 v0x6309ea005180_0, 0;
    %load/vec4 v0x6309ea004860_0;
    %nor/r;
    %assign/vec4 v0x6309ea004d00_0, 0;
T_17.1 ;
    %jmp T_17;
    .thread T_17, $push;
    .scope S_0x6309ea001e30;
T_18 ;
    %wait E_0x6309e9f3f580;
    %load/vec4 v0x6309ea004e80_0;
    %flag_set/vec4 8;
    %jmp/0xz  T_18.0, 8;
    %pushi/vec4 0, 0, 2;
    %assign/vec4 v0x6309ea004520_0, 0;
    %pushi/vec4 0, 0, 2;
    %assign/vec4 v0x6309ea005300_0, 0;
    %jmp T_18.1;
T_18.0 ;
    %load/vec4 v0x6309ea0043a0_0;
    %flag_set/vec4 8;
    %jmp/0xz  T_18.2, 8;
    %load/vec4 v0x6309ea005000_0;
    %load/vec4 v0x6309ea004f20_0;
    %concat/vec4; draw_concat_vec4
    %load/vec4 v0x6309ea004520_0;
    %pad/u 4;
    %ix/vec4 3;
    %ix/load 4, 0, 0; Constant delay
    %assign/vec4/a/d v0x6309ea004dc0, 0, 4;
    %load/vec4 v0x6309ea004520_0;
    %addi 1, 0, 2;
    %assign/vec4 v0x6309ea004520_0, 0;
T_18.2 ;
    %load/vec4 v0x6309ea004010_0;
    %flag_set/vec4 8;
    %jmp/0xz  T_18.4, 8;
    %load/vec4 v0x6309ea005300_0;
    %addi 1, 0, 2;
    %assign/vec4 v0x6309ea005300_0, 0;
T_18.4 ;
T_18.1 ;
    %jmp T_18;
    .thread T_18;
    .scope S_0x6309ea001c00;
T_19 ;
    %wait E_0x6309e9ff7a00;
    %load/vec4 v0x6309ea00d870_0;
    %parti/s 16, 32, 7;
    %assign/vec4 v0x6309ea006ad0_0, 0;
    %jmp T_19;
    .thread T_19, $push;
    .scope S_0x6309ea007090;
T_20 ;
    %pushi/vec4 0, 0, 2;
    %assign/vec4 v0x6309ea009750_0, 0;
    %pushi/vec4 0, 0, 2;
    %assign/vec4 v0x6309ea00a530_0, 0;
    %pushi/vec4 0, 0, 32;
    %store/vec4 v0x6309ea009830_0, 0, 32;
T_20.0 ;
    %load/vec4 v0x6309ea009830_0;
    %pad/s 33;
    %cmpi/s 3, 0, 33;
    %flag_or 5, 4;
    %jmp/0xz T_20.1, 5;
    %pushi/vec4 0, 0, 17;
    %ix/getv/s 3, v0x6309ea009830_0;
    %ix/load 4, 0, 0; Constant delay
    %assign/vec4/a/d v0x6309ea009ff0, 0, 4;
    %load/vec4 v0x6309ea009830_0;
    %addi 1, 0, 32;
    %store/vec4 v0x6309ea009830_0, 0, 32;
    %jmp T_20.0;
T_20.1 ;
    %end;
    .thread T_20;
    .scope S_0x6309ea007090;
T_21 ;
    %wait E_0x6309ea0075f0;
    %load/vec4 v0x6309ea00a0b0_0;
    %flag_set/vec4 8;
    %jmp/0xz  T_21.0, 8;
    %pushi/vec4 0, 0, 1;
    %assign/vec4 v0x6309ea00a3b0_0, 0;
    %pushi/vec4 0, 0, 1;
    %assign/vec4 v0x6309ea009f30_0, 0;
    %jmp T_21.1;
T_21.0 ;
    %load/vec4 v0x6309ea009b50_0;
    %nor/r;
    %assign/vec4 v0x6309ea00a3b0_0, 0;
    %load/vec4 v0x6309ea009a90_0;
    %nor/r;
    %assign/vec4 v0x6309ea009f30_0, 0;
T_21.1 ;
    %jmp T_21;
    .thread T_21, $push;
    .scope S_0x6309ea007090;
T_22 ;
    %wait E_0x6309e9f3f580;
    %load/vec4 v0x6309ea00a0b0_0;
    %flag_set/vec4 8;
    %jmp/0xz  T_22.0, 8;
    %pushi/vec4 0, 0, 2;
    %assign/vec4 v0x6309ea009750_0, 0;
    %pushi/vec4 0, 0, 2;
    %assign/vec4 v0x6309ea00a530_0, 0;
    %jmp T_22.1;
T_22.0 ;
    %load/vec4 v0x6309ea0095d0_0;
    %flag_set/vec4 8;
    %jmp/0xz  T_22.2, 8;
    %load/vec4 v0x6309ea00a230_0;
    %load/vec4 v0x6309ea00a150_0;
    %concat/vec4; draw_concat_vec4
    %load/vec4 v0x6309ea009750_0;
    %pad/u 4;
    %ix/vec4 3;
    %ix/load 4, 0, 0; Constant delay
    %assign/vec4/a/d v0x6309ea009ff0, 0, 4;
    %load/vec4 v0x6309ea009750_0;
    %addi 1, 0, 2;
    %assign/vec4 v0x6309ea009750_0, 0;
T_22.2 ;
    %load/vec4 v0x6309ea009240_0;
    %flag_set/vec4 8;
    %jmp/0xz  T_22.4, 8;
    %load/vec4 v0x6309ea00a530_0;
    %addi 1, 0, 2;
    %assign/vec4 v0x6309ea00a530_0, 0;
T_22.4 ;
T_22.1 ;
    %jmp T_22;
    .thread T_22;
    .scope S_0x6309ea006e10;
T_23 ;
    %wait E_0x6309e9ff7a00;
    %load/vec4 v0x6309ea00d870_0;
    %parti/s 16, 48, 7;
    %assign/vec4 v0x6309ea00bd00_0, 0;
    %jmp T_23;
    .thread T_23, $push;
    .scope S_0x6309e9fc3ee0;
T_24 ;
    %pushi/vec4 0, 0, 2;
    %assign/vec4 v0x6309e9ff6860_0, 0;
    %pushi/vec4 0, 0, 2;
    %assign/vec4 v0x6309e9ff7660_0, 0;
    %pushi/vec4 0, 0, 32;
    %store/vec4 v0x6309e9ff6940_0, 0, 32;
T_24.0 ;
    %load/vec4 v0x6309e9ff6940_0;
    %pad/s 33;
    %cmpi/s 3, 0, 33;
    %flag_or 5, 4;
    %jmp/0xz T_24.1, 5;
    %pushi/vec4 0, 0, 69;
    %ix/getv/s 3, v0x6309e9ff6940_0;
    %ix/load 4, 0, 0; Constant delay
    %assign/vec4/a/d v0x6309e9ff7100, 0, 4;
    %load/vec4 v0x6309e9ff6940_0;
    %addi 1, 0, 32;
    %store/vec4 v0x6309e9ff6940_0, 0, 32;
    %jmp T_24.0;
T_24.1 ;
    %end;
    .thread T_24;
    .scope S_0x6309e9fc3ee0;
T_25 ;
    %wait E_0x6309e9fde7a0;
    %load/vec4 v0x6309e9ff71c0_0;
    %flag_set/vec4 8;
    %jmp/0xz  T_25.0, 8;
    %pushi/vec4 0, 0, 1;
    %assign/vec4 v0x6309e9ff74e0_0, 0;
    %pushi/vec4 0, 0, 1;
    %assign/vec4 v0x6309e9ff7040_0, 0;
    %jmp T_25.1;
T_25.0 ;
    %load/vec4 v0x6309e9ff6c60_0;
    %nor/r;
    %assign/vec4 v0x6309e9ff74e0_0, 0;
    %load/vec4 v0x6309e9ff6ba0_0;
    %nor/r;
    %assign/vec4 v0x6309e9ff7040_0, 0;
T_25.1 ;
    %jmp T_25;
    .thread T_25, $push;
    .scope S_0x6309e9fc3ee0;
T_26 ;
    %wait E_0x6309e9f3f580;
    %load/vec4 v0x6309e9ff71c0_0;
    %flag_set/vec4 8;
    %jmp/0xz  T_26.0, 8;
    %pushi/vec4 0, 0, 2;
    %assign/vec4 v0x6309e9ff6860_0, 0;
    %pushi/vec4 0, 0, 2;
    %assign/vec4 v0x6309e9ff7660_0, 0;
    %jmp T_26.1;
T_26.0 ;
    %load/vec4 v0x6309e9ff66e0_0;
    %flag_set/vec4 8;
    %jmp/0xz  T_26.2, 8;
    %load/vec4 v0x6309e9ff7360_0;
    %load/vec4 v0x6309e9ff7280_0;
    %concat/vec4; draw_concat_vec4
    %load/vec4 v0x6309e9ff6860_0;
    %pad/u 4;
    %ix/vec4 3;
    %ix/load 4, 0, 0; Constant delay
    %assign/vec4/a/d v0x6309e9ff7100, 0, 4;
    %load/vec4 v0x6309e9ff6860_0;
    %addi 1, 0, 2;
    %assign/vec4 v0x6309e9ff6860_0, 0;
T_26.2 ;
    %load/vec4 v0x6309e9ff6560_0;
    %flag_set/vec4 8;
    %jmp/0xz  T_26.4, 8;
    %load/vec4 v0x6309e9ff7660_0;
    %addi 1, 0, 2;
    %assign/vec4 v0x6309e9ff7660_0, 0;
T_26.4 ;
T_26.1 ;
    %jmp T_26;
    .thread T_26;
    .scope S_0x6309e9fc3700;
T_27 ;
    %wait E_0x6309e9f3f580;
    %load/vec4 v0x6309ea00d7d0_0;
    %flag_set/vec4 8;
    %jmp/0xz  T_27.0, 8;
    %pushi/vec4 0, 0, 64;
    %assign/vec4 v0x6309ea00cf00_0, 0;
    %pushi/vec4 0, 0, 4;
    %assign/vec4 v0x6309ea00c750_0, 0;
    %pushi/vec4 0, 0, 4;
    %assign/vec4 v0x6309ea00c9f0_0, 0;
    %jmp T_27.1;
T_27.0 ;
    %load/vec4 v0x6309ea00cfe0_0;
    %assign/vec4 v0x6309ea00cf00_0, 0;
    %load/vec4 v0x6309ea00c830_0;
    %assign/vec4 v0x6309ea00c750_0, 0;
    %load/vec4 v0x6309ea00cad0_0;
    %assign/vec4 v0x6309ea00c9f0_0, 0;
T_27.1 ;
    %jmp T_27;
    .thread T_27;
    .scope S_0x6309e9fd5750;
T_28 ;
    %vpi_call 2 46 "$dumpfile", "../vcd/tb_AXISCombiner.vcd" {0 0 0};
    %vpi_call 2 47 "$dumpvars", 32'sb00000000000000000000000000000000, S_0x6309e9fc3700 {0 0 0};
    %end;
    .thread T_28;
    .scope S_0x6309e9fd5750;
T_29 ;
    %pushi/vec4 0, 0, 1;
    %store/vec4 v0x6309ea00df80_0, 0, 1;
T_29.0 ;
    %delay 3567587328, 232;
    %load/vec4 v0x6309ea00df80_0;
    %nor/r;
    %store/vec4 v0x6309ea00df80_0, 0, 1;
    %jmp T_29.0;
    %end;
    .thread T_29;
    .scope S_0x6309e9fd5750;
T_30 ;
    %pushi/vec4 0, 0, 1;
    %store/vec4 v0x6309ea00e5c0_0, 0, 1;
    %pushi/vec4 0, 0, 1;
    %store/vec4 v0x6309ea00e520_0, 0, 1;
    %pushi/vec4 0, 0, 64;
    %store/vec4 v0x6309ea00e660_0, 0, 64;
    %pushi/vec4 0, 0, 4;
    %store/vec4 v0x6309ea00e720_0, 0, 4;
    %pushi/vec4 0, 0, 4;
    %store/vec4 v0x6309ea00e860_0, 0, 4;
    %pushi/vec4 0, 0, 1;
    %store/vec4 v0x6309ea00e390_0, 0, 1;
    %delay 1316134912, 2328;
    %pushi/vec4 1, 0, 1;
    %store/vec4 v0x6309ea00e5c0_0, 0, 1;
    %delay 1316134912, 2328;
    %pushi/vec4 0, 0, 1;
    %store/vec4 v0x6309ea00e5c0_0, 0, 1;
    %delay 1316134912, 2328;
    %pushi/vec4 1, 0, 1;
    %store/vec4 v0x6309ea00e520_0, 0, 1;
    %wait E_0x6309e9f3f580;
    %delay 3567587328, 232;
    %pushi/vec4 1, 0, 1;
    %store/vec4 v0x6309ea00e390_0, 0, 1;
    %delay 1382236160, 116415;
    %vpi_call 2 76 "$finish" {0 0 0};
    %end;
    .thread T_30;
    .scope S_0x6309e9fd5750;
T_31 ;
    %wait E_0x6309e9f3f580;
    %load/vec4 v0x6309ea00e520_0;
    %flag_set/vec4 8;
    %jmp/0xz  T_31.0, 8;
    %pushi/vec4 21, 0, 32;
    %load/vec4 v0x6309ea00e040_0;
    %cmp/s;
    %flag_get/vec4 4;
    %flag_get/vec4 5;
    %or;
    %load/vec4 v0x6309ea00e040_0;
    %cmpi/s 25, 0, 32;
    %flag_get/vec4 5;
    %and;
    %load/vec4 v0x6309ea00e900_0;
    %pushi/vec4 0, 0, 32;
    %cmp/ne;
    %flag_get/vec4 4;
    %and;
    %flag_set/vec4 8;
    %load/vec4 v0x6309ea00e040_0;
    %pushi/vec4 76, 0, 32;
    %cmp/e;
    %flag_get/vec4 4;
    %load/vec4 v0x6309ea00e900_0;
    %pushi/vec4 0, 0, 32;
    %cmp/ne;
    %flag_get/vec4 4;
    %and;
    %flag_set/vec4 9;
    %flag_or 9, 8;
    %load/vec4 v0x6309ea00e040_0;
    %cmpi/s 84, 0, 32;
    %flag_or 5, 4; GT is !LE
    %flag_inv 5;
    %flag_or 5, 9;
    %jmp/0xz  T_31.2, 5;
    %pushi/vec4 0, 0, 1;
    %assign/vec4 v0x6309ea00e390_0, 0;
    %jmp T_31.3;
T_31.2 ;
    %pushi/vec4 1, 0, 1;
    %assign/vec4 v0x6309ea00e390_0, 0;
T_31.3 ;
T_31.0 ;
    %jmp T_31;
    .thread T_31;
# The file index is used to find the file name in the following table.
:file_names 4;
    "N/A";
    "<interactive>";
    "/tmp/tmpd9fbn5uh";
    "/home/ketak/Public/gvenit/kan-fpga/rtl/AXISFifo.v";
