#! /usr/bin/vvp
:ivl_version "11.0 (stable)";
:ivl_delay_selection "TYPICAL";
:vpi_time_precision - 12;
:vpi_module "/usr/lib/x86_64-linux-gnu/ivl/system.vpi";
:vpi_module "/usr/lib/x86_64-linux-gnu/ivl/vhdl_sys.vpi";
:vpi_module "/usr/lib/x86_64-linux-gnu/ivl/vhdl_textio.vpi";
:vpi_module "/usr/lib/x86_64-linux-gnu/ivl/v2005_math.vpi";
:vpi_module "/usr/lib/x86_64-linux-gnu/ivl/va_math.vpi";
S_0x57144e6b9060 .scope module, "tb_AXISSplitter" "tb_AXISSplitter" 2 3;
 .timescale 0 0;
P_0x57144e6176a0 .param/l "CHANNELS" 1 2 9, +C4<00000000000000000000000000000100>;
P_0x57144e6176e0 .param/l "DATA_WIDTH" 1 2 8, +C4<00000000000000000000000000010000>;
P_0x57144e617720 .param/l "FIFO_DEPTH" 1 2 10, +C4<00000000000000000000000000000100>;
v0x57144e6ef630_0 .var "clk", 0 0;
v0x57144e6ef6f0_0 .var/i "count", 31 0;
v0x57144e6ef7d0_0 .var/i "count2", 31 0;
v0x57144e6ef890_0 .net "m_axis_0_tdata", 63 0, L_0x57144e707e00;  1 drivers
v0x57144e6ef980_0 .net "m_axis_0_tlast", 3 0, L_0x57144e7084e0;  1 drivers
v0x57144e6efa20_0 .var "m_axis_0_tready", 3 0;
v0x57144e6efaf0_0 .net "m_axis_0_tvalid", 3 0, L_0x57144e708260;  1 drivers
v0x57144e6efbc0_0 .var "reset_done", 0 0;
v0x57144e6efc60_0 .var "rst", 0 0;
v0x57144e6efd90_0 .var "s_axis_0_tdata", 63 0;
v0x57144e6efe80_0 .var "s_axis_0_tkeep", 3 0;
v0x57144e6eff50_0 .var "s_axis_0_tlast", 0 0;
v0x57144e6f0020_0 .net "s_axis_0_tready", 0 0, L_0x57144e70b1c0;  1 drivers
v0x57144e6f00f0_0 .var "s_axis_0_tvalid", 0 0;
v0x57144e6f01c0_0 .var/i "timer", 31 0;
S_0x57144e6a9310 .scope generate, "genblk1[0]" "genblk1[0]" 2 123, 2 123 0, S_0x57144e6b9060;
 .timescale 0 0;
P_0x57144e6af3d0 .param/l "CHN" 0 2 123, +C4<00>;
v0x57144e6ae490_0 .var/i "_tmp_0", 31 0;
E_0x57144e632da0 .event posedge, v0x57144e6df2a0_0;
S_0x57144e6a9a90 .scope generate, "genblk1[1]" "genblk1[1]" 2 123, 2 123 0, S_0x57144e6b9060;
 .timescale 0 0;
P_0x57144e6dcd80 .param/l "CHN" 0 2 123, +C4<01>;
v0x57144e69fde0_0 .var/i "_tmp_0", 31 0;
S_0x57144e6aa270 .scope generate, "genblk1[2]" "genblk1[2]" 2 123, 2 123 0, S_0x57144e6b9060;
 .timescale 0 0;
P_0x57144e6dcef0 .param/l "CHN" 0 2 123, +C4<010>;
v0x57144e69f0d0_0 .var/i "_tmp_0", 31 0;
S_0x57144e6aa650 .scope generate, "genblk1[3]" "genblk1[3]" 2 123, 2 123 0, S_0x57144e6b9060;
 .timescale 0 0;
P_0x57144e6dd060 .param/l "CHN" 0 2 123, +C4<011>;
v0x57144e68fcb0_0 .var/i "_tmp_0", 31 0;
S_0x57144e6b7d20 .scope module, "uut" "AXISSplitter" 2 30, 2 165 0, S_0x57144e6b9060;
 .timescale 0 0;
    .port_info 0 /INPUT 1 "clk";
    .port_info 1 /INPUT 1 "rst";
    .port_info 2 /INPUT 64 "s_axis_0_tdata";
    .port_info 3 /INPUT 1 "s_axis_0_tvalid";
    .port_info 4 /OUTPUT 1 "s_axis_0_tready";
    .port_info 5 /INPUT 1 "s_axis_0_tlast";
    .port_info 6 /INPUT 4 "s_axis_0_tkeep";
    .port_info 7 /OUTPUT 64 "m_axis_0_tdata";
    .port_info 8 /OUTPUT 4 "m_axis_0_tvalid";
    .port_info 9 /INPUT 4 "m_axis_0_tready";
    .port_info 10 /OUTPUT 4 "m_axis_0_tlast";
P_0x57144e6dd220 .param/l "CHANNELS" 0 2 168, +C4<00000000000000000000000000000100>;
P_0x57144e6dd260 .param/l "DATA_WIDTH" 0 2 167, +C4<00000000000000000000000000010000>;
P_0x57144e6dd2a0 .param/l "FIFO_DEPTH" 0 2 169, +C4<00000000000000000000000000000100>;
L_0x57144e70a840 .functor AND 1, v0x57144e6f00f0_0, L_0x57144e70b280, C4<1>, C4<1>;
L_0x57144e70b1c0 .functor BUFZ 1, L_0x57144e70b280, C4<0>, C4<0>, C4<0>;
v0x57144e6edfa0_0 .net *"_ivl_52", 0 0, L_0x57144e70a840;  1 drivers
L_0x78ae58db7fd8 .functor BUFT 1, C4<0>, C4<0>, C4<0>, C4<0>;
v0x57144e6ee040_0 .net/2u *"_ivl_54", 0 0, L_0x78ae58db7fd8;  1 drivers
v0x57144e6ee0e0_0 .net *"_ivl_58", 64 0, L_0x57144e70aa90;  1 drivers
L_0x78ae58db8020 .functor BUFT 1, C4<0>, C4<0>, C4<0>, C4<0>;
v0x57144e6ee1b0_0 .net/2u *"_ivl_70", 0 0, L_0x78ae58db8020;  1 drivers
v0x57144e6ee290_0 .net "clk", 0 0, v0x57144e6ef630_0;  1 drivers
v0x57144e6ee330_0 .net "data_in_next", 64 0, L_0x57144e70a7a0;  1 drivers
v0x57144e6ee410_0 .net "data_keep_in_next", 3 0, L_0x57144e70aed0;  1 drivers
v0x57144e6ee4f0_0 .net "data_keep_next", 3 0, L_0x57144e707a80;  1 drivers
v0x57144e6ee5d0_0 .var "data_keep_reg", 3 0;
v0x57144e6ee6b0_0 .net "data_keep_reg_next", 3 0, L_0x57144e70afc0;  1 drivers
v0x57144e6ee790_0 .var "data_reg", 64 0;
v0x57144e6ee870_0 .net "data_reg_next", 64 0, L_0x57144e70ad20;  1 drivers
v0x57144e6ee950_0 .net "input_handshake", 0 0, L_0x57144e70a900;  1 drivers
v0x57144e6eea10_0 .net "load_from_in", 0 0, L_0x57144e70a6b0;  1 drivers
v0x57144e6eead0_0 .net "load_from_reg", 0 0, L_0x57144e70a5c0;  1 drivers
v0x57144e6eeb90_0 .net "m_axis_0_tdata", 63 0, L_0x57144e707e00;  alias, 1 drivers
v0x57144e6eec70_0 .net "m_axis_0_tlast", 3 0, L_0x57144e7084e0;  alias, 1 drivers
v0x57144e6eed50_0 .net "m_axis_0_tready", 3 0, v0x57144e6efa20_0;  1 drivers
v0x57144e6eee30_0 .net "m_axis_0_tvalid", 3 0, L_0x57144e708260;  alias, 1 drivers
v0x57144e6eef10_0 .net "rst", 0 0, v0x57144e6efc60_0;  1 drivers
v0x57144e6eefb0_0 .net "s_axis_0_tdata", 63 0, v0x57144e6efd90_0;  1 drivers
v0x57144e6ef090_0 .net "s_axis_0_tkeep", 3 0, v0x57144e6efe80_0;  1 drivers
v0x57144e6ef170_0 .net "s_axis_0_tlast", 0 0, v0x57144e6eff50_0;  1 drivers
v0x57144e6ef230_0 .net "s_axis_0_tready", 0 0, L_0x57144e70b1c0;  alias, 1 drivers
v0x57144e6ef2f0_0 .net "s_axis_0_tready_reg", 0 0, L_0x57144e70b280;  1 drivers
v0x57144e6ef3b0_0 .net "s_axis_0_tvalid", 0 0, v0x57144e6f00f0_0;  1 drivers
L_0x57144e6f0260 .part v0x57144e6ee790_0, 64, 1;
L_0x57144e6f0300 .part v0x57144e6ee5d0_0, 0, 1;
L_0x57144e6f05d0 .part v0x57144e6efa20_0, 0, 1;
L_0x57144e702680 .part v0x57144e6ee790_0, 64, 1;
L_0x57144e7027f0 .part v0x57144e6ee5d0_0, 1, 1;
L_0x57144e702c30 .part v0x57144e6efa20_0, 1, 1;
L_0x57144e704e20 .part v0x57144e6ee790_0, 64, 1;
L_0x57144e704f10 .part v0x57144e6ee5d0_0, 2, 1;
L_0x57144e705350 .part v0x57144e6efa20_0, 2, 1;
L_0x57144e707700 .part v0x57144e6ee790_0, 64, 1;
L_0x57144e7078e0 .part v0x57144e6ee5d0_0, 3, 1;
L_0x57144e707a80 .concat8 [ 1 1 1 1], L_0x57144e6f03d0, L_0x57144e7029f0, L_0x57144e705110, L_0x57144e707c30;
L_0x57144e707e00 .concat8 [ 16 16 16 16], L_0x57144e69f860, L_0x57144e702b70, L_0x57144e705290, L_0x57144e707fe0;
L_0x57144e7080f0 .part v0x57144e6efa20_0, 3, 1;
L_0x57144e708260 .concat8 [ 1 1 1 1], L_0x57144e69ef30, L_0x57144e702d60, L_0x57144e7054d0, L_0x57144e707bc0;
L_0x57144e7084e0 .concat8 [ 1 1 1 1], L_0x57144e68fb10, L_0x57144e702e20, L_0x57144e705540, L_0x57144e708750;
L_0x57144e70a5c0 .reduce/or L_0x57144e707a80;
L_0x57144e70a6b0 .reduce/nor L_0x57144e70a5c0;
L_0x57144e70a900 .functor MUXZ 1, L_0x78ae58db7fd8, L_0x57144e70a840, L_0x57144e70a6b0, C4<>;
L_0x57144e70aa90 .concat [ 64 1 0 0], v0x57144e6efd90_0, v0x57144e6eff50_0;
L_0x57144e70a7a0 .functor MUXZ 65, v0x57144e6ee790_0, L_0x57144e70aa90, L_0x57144e70a900, C4<>;
L_0x57144e70ad20 .functor MUXZ 65, L_0x57144e70a7a0, v0x57144e6ee790_0, L_0x57144e70a5c0, C4<>;
L_0x57144e70aed0 .functor MUXZ 4, L_0x57144e707a80, v0x57144e6efe80_0, L_0x57144e70a900, C4<>;
L_0x57144e70afc0 .functor MUXZ 4, L_0x57144e70aed0, L_0x57144e707a80, L_0x57144e70a5c0, C4<>;
L_0x57144e70b280 .functor MUXZ 1, L_0x57144e70a6b0, L_0x78ae58db8020, v0x57144e6efc60_0, C4<>;
S_0x57144e6b84a0 .scope generate, "genblk1[0]" "genblk1[0]" 2 218, 2 218 0, S_0x57144e6b7d20;
 .timescale 0 0;
P_0x57144e6dd4a0 .param/l "CHN" 0 2 218, +C4<00>;
L_0x57144e6ae2f0 .functor AND 1, L_0x57144e701e80, L_0x57144e6f0300, C4<1>, C4<1>;
L_0x57144e69f860 .functor BUFZ 16, L_0x57144e702260, C4<0000000000000000>, C4<0000000000000000>, C4<0000000000000000>;
L_0x57144e69ef30 .functor BUFZ 1, L_0x57144e701f40, C4<0>, C4<0>, C4<0>;
L_0x57144e68fb10 .functor BUFZ 1, L_0x57144e702140, C4<0>, C4<0>, C4<0>;
v0x57144e6e0700_0 .net *"_ivl_12", 0 0, L_0x57144e69ef30;  1 drivers
v0x57144e6e0800_0 .net *"_ivl_14", 0 0, L_0x57144e68fb10;  1 drivers
L_0x78ae58db7018 .functor BUFT 1, C4<0>, C4<0>, C4<0>, C4<0>;
v0x57144e6e08e0_0 .net/2u *"_ivl_4", 0 0, L_0x78ae58db7018;  1 drivers
v0x57144e6e09a0_0 .net *"_ivl_6", 0 0, L_0x57144e6f03d0;  1 drivers
v0x57144e6e0a80_0 .net *"_ivl_9", 15 0, L_0x57144e69f860;  1 drivers
v0x57144e6e0b60_0 .net "m_fifo_tdata", 15 0, L_0x57144e702260;  1 drivers
v0x57144e6e0c20_0 .net "m_fifo_tlast", 0 0, L_0x57144e702140;  1 drivers
v0x57144e6e0cf0_0 .net "m_fifo_tready", 0 0, L_0x57144e6f05d0;  1 drivers
v0x57144e6e0dc0_0 .net "m_fifo_tvalid", 0 0, L_0x57144e701f40;  1 drivers
v0x57144e6e0e90_0 .net "s_fifo_handshake", 0 0, L_0x57144e6ae2f0;  1 drivers
v0x57144e6e0f30_0 .var "s_fifo_tdata", 15 0;
v0x57144e6e1000_0 .net "s_fifo_tlast", 0 0, L_0x57144e6f0260;  1 drivers
v0x57144e6e10d0_0 .net "s_fifo_tready", 0 0, L_0x57144e701e80;  1 drivers
v0x57144e6e11a0_0 .net "s_fifo_tvalid", 0 0, L_0x57144e6f0300;  1 drivers
E_0x57144e635f20 .event edge, v0x57144e6ee790_0;
L_0x57144e6f03d0 .functor MUXZ 1, L_0x57144e6f0300, L_0x78ae58db7018, L_0x57144e6ae2f0, C4<>;
S_0x57144e6b8c80 .scope module, "AXISFifo_inst_i" "AXISFifo" 2 248, 3 5 0, S_0x57144e6b84a0;
 .timescale -9 -12;
    .port_info 0 /INPUT 1 "clk";
    .port_info 1 /INPUT 1 "rst";
    .port_info 2 /INPUT 16 "s_axis_0_tdata";
    .port_info 3 /INPUT 1 "s_axis_0_tvalid";
    .port_info 4 /OUTPUT 1 "s_axis_0_tready";
    .port_info 5 /INPUT 1 "s_axis_0_tlast";
    .port_info 6 /OUTPUT 16 "m_axis_0_tdata";
    .port_info 7 /OUTPUT 1 "m_axis_0_tvalid";
    .port_info 8 /INPUT 1 "m_axis_0_tready";
    .port_info 9 /OUTPUT 1 "m_axis_0_tlast";
    .port_info 10 /OUTPUT 1 "full";
    .port_info 11 /OUTPUT 1 "almost_full";
    .port_info 12 /OUTPUT 1 "empty";
    .port_info 13 /OUTPUT 1 "almost_empty";
P_0x57144e6dd610 .param/l "ADDRESS_WIDTH" 0 3 7, +C4<00000000000000000000000000000010>;
P_0x57144e6dd650 .param/l "DATA_WIDTH" 0 3 6, +C4<00000000000000000000000000010000>;
P_0x57144e6dd690 .param/l "EXP_ADDR_WIDTH" 1 3 28, +C4<000000000000000000000000000000011>;
L_0x78ae58db7138 .functor BUFT 1, C4<000000000000000000000000000000011>, C4<0>, C4<0>, C4<0>;
L_0x57144e681040 .functor AND 33, L_0x57144e700b70, L_0x78ae58db7138, C4<111111111111111111111111111111111>, C4<111111111111111111111111111111111>;
L_0x78ae58db7210 .functor BUFT 1, C4<000000000000000000000000000000011>, C4<0>, C4<0>, C4<0>;
L_0x57144e67e590 .functor AND 33, L_0x57144e701070, L_0x78ae58db7210, C4<111111111111111111111111111111111>, C4<111111111111111111111111111111111>;
L_0x78ae58db7330 .functor BUFT 1, C4<000000000000000000000000000000011>, C4<0>, C4<0>, C4<0>;
L_0x57144e67bb10 .functor AND 33, L_0x57144e7016a0, L_0x78ae58db7330, C4<111111111111111111111111111111111>, C4<111111111111111111111111111111111>;
L_0x57144e701b10 .functor BUFZ 1, L_0x57144e701420, C4<0>, C4<0>, C4<0>;
L_0x57144e701c00 .functor OR 1, L_0x57144e7019d0, L_0x57144e701420, C4<0>, C4<0>;
L_0x57144e701cc0 .functor BUFZ 1, L_0x57144e6f07e0, C4<0>, C4<0>, C4<0>;
L_0x57144e701dc0 .functor OR 1, L_0x57144e700e00, L_0x57144e6f07e0, C4<0>, C4<0>;
L_0x57144e701e80 .functor BUFZ 1, v0x57144e6e02e0_0, C4<0>, C4<0>, C4<0>;
L_0x57144e701f40 .functor BUFZ 1, v0x57144e6dfe40_0, C4<0>, C4<0>, C4<0>;
L_0x57144e701fb0 .functor AND 1, v0x57144e6e02e0_0, L_0x57144e6f0300, C4<1>, C4<1>;
L_0x57144e7020d0 .functor AND 1, v0x57144e6dfe40_0, L_0x57144e6f05d0, C4<1>, C4<1>;
L_0x57144e701960 .functor BUFZ 17, L_0x57144e702350, C4<00000000000000000>, C4<00000000000000000>, C4<00000000000000000>;
L_0x78ae58db70f0 .functor BUFT 1, C4<000000000000000000000000000000001>, C4<0>, C4<0>, C4<0>;
v0x57144e67eed0_0 .net/2u *"_ivl_10", 32 0, L_0x78ae58db70f0;  1 drivers
v0x57144e67c420_0 .net *"_ivl_12", 32 0, L_0x57144e700b70;  1 drivers
v0x57144e67a1f0_0 .net/2u *"_ivl_14", 32 0, L_0x78ae58db7138;  1 drivers
v0x57144e6ddaf0_0 .net *"_ivl_16", 32 0, L_0x57144e681040;  1 drivers
v0x57144e6ddbd0_0 .net *"_ivl_2", 32 0, L_0x57144e6f0880;  1 drivers
v0x57144e6ddd00_0 .net *"_ivl_20", 32 0, L_0x57144e700f40;  1 drivers
L_0x78ae58db7180 .functor BUFT 1, C4<0000000000000000000000000000000>, C4<0>, C4<0>, C4<0>;
v0x57144e6ddde0_0 .net *"_ivl_23", 30 0, L_0x78ae58db7180;  1 drivers
L_0x78ae58db71c8 .functor BUFT 1, C4<000000000000000000000000000000001>, C4<0>, C4<0>, C4<0>;
v0x57144e6ddec0_0 .net/2u *"_ivl_24", 32 0, L_0x78ae58db71c8;  1 drivers
v0x57144e6ddfa0_0 .net *"_ivl_26", 32 0, L_0x57144e701070;  1 drivers
v0x57144e6de080_0 .net/2u *"_ivl_28", 32 0, L_0x78ae58db7210;  1 drivers
v0x57144e6de160_0 .net *"_ivl_30", 32 0, L_0x57144e67e590;  1 drivers
v0x57144e6de240_0 .net *"_ivl_32", 32 0, L_0x57144e701250;  1 drivers
L_0x78ae58db7258 .functor BUFT 1, C4<0000000000000000000000000000000>, C4<0>, C4<0>, C4<0>;
v0x57144e6de320_0 .net *"_ivl_35", 30 0, L_0x78ae58db7258;  1 drivers
v0x57144e6de400_0 .net *"_ivl_38", 32 0, L_0x57144e701510;  1 drivers
L_0x78ae58db72a0 .functor BUFT 1, C4<0000000000000000000000000000000>, C4<0>, C4<0>, C4<0>;
v0x57144e6de4e0_0 .net *"_ivl_41", 30 0, L_0x78ae58db72a0;  1 drivers
L_0x78ae58db72e8 .functor BUFT 1, C4<000000000000000000000000000000010>, C4<0>, C4<0>, C4<0>;
v0x57144e6de5c0_0 .net/2u *"_ivl_42", 32 0, L_0x78ae58db72e8;  1 drivers
v0x57144e6de6a0_0 .net *"_ivl_44", 32 0, L_0x57144e7016a0;  1 drivers
v0x57144e6de780_0 .net/2u *"_ivl_46", 32 0, L_0x78ae58db7330;  1 drivers
v0x57144e6de860_0 .net *"_ivl_48", 32 0, L_0x57144e67bb10;  1 drivers
L_0x78ae58db7060 .functor BUFT 1, C4<0000000000000000000000000000000>, C4<0>, C4<0>, C4<0>;
v0x57144e6de940_0 .net *"_ivl_5", 30 0, L_0x78ae58db7060;  1 drivers
v0x57144e6dea20_0 .net *"_ivl_50", 32 0, L_0x57144e701830;  1 drivers
L_0x78ae58db7378 .functor BUFT 1, C4<0000000000000000000000000000000>, C4<0>, C4<0>, C4<0>;
v0x57144e6deb00_0 .net *"_ivl_53", 30 0, L_0x78ae58db7378;  1 drivers
v0x57144e6debe0_0 .net *"_ivl_6", 32 0, L_0x57144e700a00;  1 drivers
v0x57144e6decc0_0 .net *"_ivl_75", 16 0, L_0x57144e702350;  1 drivers
v0x57144e6deda0_0 .net *"_ivl_77", 3 0, L_0x57144e702480;  1 drivers
L_0x78ae58db73c0 .functor BUFT 1, C4<00>, C4<0>, C4<0>, C4<0>;
v0x57144e6dee80_0 .net *"_ivl_80", 1 0, L_0x78ae58db73c0;  1 drivers
v0x57144e6def60_0 .net *"_ivl_82", 16 0, L_0x57144e701960;  1 drivers
L_0x78ae58db70a8 .functor BUFT 1, C4<0000000000000000000000000000000>, C4<0>, C4<0>, C4<0>;
v0x57144e6df040_0 .net *"_ivl_9", 30 0, L_0x78ae58db70a8;  1 drivers
v0x57144e6df120_0 .net "almost_empty", 0 0, L_0x57144e701dc0;  1 drivers
v0x57144e6df1e0_0 .net "almost_full", 0 0, L_0x57144e701c00;  1 drivers
v0x57144e6df2a0_0 .net "clk", 0 0, v0x57144e6ef630_0;  alias, 1 drivers
v0x57144e6df360_0 .net "deq", 0 0, L_0x57144e7020d0;  1 drivers
v0x57144e6df420_0 .net "empty", 0 0, L_0x57144e701cc0;  1 drivers
v0x57144e6df4e0_0 .net "enq", 0 0, L_0x57144e701fb0;  1 drivers
v0x57144e6df5a0_0 .net "full", 0 0, L_0x57144e701b10;  1 drivers
v0x57144e6df660_0 .var "head", 1 0;
v0x57144e6df740_0 .var/i "i", 31 0;
v0x57144e6df820_0 .net "is_almost_empty", 0 0, L_0x57144e700e00;  1 drivers
v0x57144e6df8e0_0 .net "is_almost_full", 0 0, L_0x57144e7019d0;  1 drivers
v0x57144e6df9a0_0 .net "is_empty", 0 0, L_0x57144e6f07e0;  1 drivers
v0x57144e6dfa60_0 .net "is_full", 0 0, L_0x57144e701420;  1 drivers
v0x57144e6dfb20_0 .net "m_axis_0_tdata", 15 0, L_0x57144e702260;  alias, 1 drivers
v0x57144e6dfc00_0 .net "m_axis_0_tlast", 0 0, L_0x57144e702140;  alias, 1 drivers
v0x57144e6dfcc0_0 .net "m_axis_0_tready", 0 0, L_0x57144e6f05d0;  alias, 1 drivers
v0x57144e6dfd80_0 .net "m_axis_0_tvalid", 0 0, L_0x57144e701f40;  alias, 1 drivers
v0x57144e6dfe40_0 .var "m_axis_0_tvalid_int", 0 0;
v0x57144e6dff00 .array "mem", 3 0, 16 0;
v0x57144e6dffc0_0 .net "rst", 0 0, v0x57144e6efc60_0;  alias, 1 drivers
v0x57144e6e0080_0 .net "s_axis_0_tdata", 15 0, v0x57144e6e0f30_0;  1 drivers
v0x57144e6e0160_0 .net "s_axis_0_tlast", 0 0, L_0x57144e6f0260;  alias, 1 drivers
v0x57144e6e0220_0 .net "s_axis_0_tready", 0 0, L_0x57144e701e80;  alias, 1 drivers
v0x57144e6e02e0_0 .var "s_axis_0_tready_int", 0 0;
v0x57144e6e03a0_0 .net "s_axis_0_tvalid", 0 0, L_0x57144e6f0300;  alias, 1 drivers
v0x57144e6e0460_0 .var "tail", 1 0;
E_0x57144e629bb0 .event edge, v0x57144e6dffc0_0, v0x57144e6dfa60_0, v0x57144e6df9a0_0;
L_0x57144e6f07e0 .cmp/eq 2, v0x57144e6df660_0, v0x57144e6e0460_0;
L_0x57144e6f0880 .concat [ 2 31 0 0], v0x57144e6df660_0, L_0x78ae58db7060;
L_0x57144e700a00 .concat [ 2 31 0 0], v0x57144e6e0460_0, L_0x78ae58db70a8;
L_0x57144e700b70 .arith/sum 33, L_0x57144e700a00, L_0x78ae58db70f0;
L_0x57144e700e00 .cmp/eq 33, L_0x57144e6f0880, L_0x57144e681040;
L_0x57144e700f40 .concat [ 2 31 0 0], v0x57144e6df660_0, L_0x78ae58db7180;
L_0x57144e701070 .arith/sum 33, L_0x57144e700f40, L_0x78ae58db71c8;
L_0x57144e701250 .concat [ 2 31 0 0], v0x57144e6e0460_0, L_0x78ae58db7258;
L_0x57144e701420 .cmp/eq 33, L_0x57144e67e590, L_0x57144e701250;
L_0x57144e701510 .concat [ 2 31 0 0], v0x57144e6df660_0, L_0x78ae58db72a0;
L_0x57144e7016a0 .arith/sum 33, L_0x57144e701510, L_0x78ae58db72e8;
L_0x57144e701830 .concat [ 2 31 0 0], v0x57144e6e0460_0, L_0x78ae58db7378;
L_0x57144e7019d0 .cmp/eq 33, L_0x57144e67bb10, L_0x57144e701830;
L_0x57144e702140 .part L_0x57144e701960, 16, 1;
L_0x57144e702260 .part L_0x57144e701960, 0, 16;
L_0x57144e702350 .array/port v0x57144e6dff00, L_0x57144e702480;
L_0x57144e702480 .concat [ 2 2 0 0], v0x57144e6e0460_0, L_0x78ae58db73c0;
S_0x57144e6e1270 .scope generate, "genblk1[1]" "genblk1[1]" 2 218, 2 218 0, S_0x57144e6b7d20;
 .timescale 0 0;
P_0x57144e6e1400 .param/l "CHN" 0 2 218, +C4<01>;
L_0x57144e702930 .functor AND 1, L_0x57144e704620, L_0x57144e7027f0, C4<1>, C4<1>;
L_0x57144e702b70 .functor BUFZ 16, L_0x57144e704a00, C4<0000000000000000>, C4<0000000000000000>, C4<0000000000000000>;
L_0x57144e702d60 .functor BUFZ 1, L_0x57144e7046e0, C4<0>, C4<0>, C4<0>;
L_0x57144e702e20 .functor BUFZ 1, L_0x57144e7048e0, C4<0>, C4<0>, C4<0>;
v0x57144e6e4b30_0 .net *"_ivl_12", 0 0, L_0x57144e702d60;  1 drivers
v0x57144e6e4c30_0 .net *"_ivl_14", 0 0, L_0x57144e702e20;  1 drivers
L_0x78ae58db7408 .functor BUFT 1, C4<0>, C4<0>, C4<0>, C4<0>;
v0x57144e6e4d10_0 .net/2u *"_ivl_4", 0 0, L_0x78ae58db7408;  1 drivers
v0x57144e6e4e00_0 .net *"_ivl_6", 0 0, L_0x57144e7029f0;  1 drivers
v0x57144e6e4ee0_0 .net *"_ivl_9", 15 0, L_0x57144e702b70;  1 drivers
v0x57144e6e4fc0_0 .net "m_fifo_tdata", 15 0, L_0x57144e704a00;  1 drivers
v0x57144e6e5080_0 .net "m_fifo_tlast", 0 0, L_0x57144e7048e0;  1 drivers
v0x57144e6e5150_0 .net "m_fifo_tready", 0 0, L_0x57144e702c30;  1 drivers
v0x57144e6e5220_0 .net "m_fifo_tvalid", 0 0, L_0x57144e7046e0;  1 drivers
v0x57144e6e52f0_0 .net "s_fifo_handshake", 0 0, L_0x57144e702930;  1 drivers
v0x57144e6e5390_0 .var "s_fifo_tdata", 15 0;
v0x57144e6e5460_0 .net "s_fifo_tlast", 0 0, L_0x57144e702680;  1 drivers
v0x57144e6e5530_0 .net "s_fifo_tready", 0 0, L_0x57144e704620;  1 drivers
v0x57144e6e5600_0 .net "s_fifo_tvalid", 0 0, L_0x57144e7027f0;  1 drivers
L_0x57144e7029f0 .functor MUXZ 1, L_0x57144e7027f0, L_0x78ae58db7408, L_0x57144e702930, C4<>;
S_0x57144e6e14a0 .scope module, "AXISFifo_inst_i" "AXISFifo" 2 248, 3 5 0, S_0x57144e6e1270;
 .timescale -9 -12;
    .port_info 0 /INPUT 1 "clk";
    .port_info 1 /INPUT 1 "rst";
    .port_info 2 /INPUT 16 "s_axis_0_tdata";
    .port_info 3 /INPUT 1 "s_axis_0_tvalid";
    .port_info 4 /OUTPUT 1 "s_axis_0_tready";
    .port_info 5 /INPUT 1 "s_axis_0_tlast";
    .port_info 6 /OUTPUT 16 "m_axis_0_tdata";
    .port_info 7 /OUTPUT 1 "m_axis_0_tvalid";
    .port_info 8 /INPUT 1 "m_axis_0_tready";
    .port_info 9 /OUTPUT 1 "m_axis_0_tlast";
    .port_info 10 /OUTPUT 1 "full";
    .port_info 11 /OUTPUT 1 "almost_full";
    .port_info 12 /OUTPUT 1 "empty";
    .port_info 13 /OUTPUT 1 "almost_empty";
P_0x57144e6e1680 .param/l "ADDRESS_WIDTH" 0 3 7, +C4<00000000000000000000000000000010>;
P_0x57144e6e16c0 .param/l "DATA_WIDTH" 0 3 6, +C4<00000000000000000000000000010000>;
P_0x57144e6e1700 .param/l "EXP_ADDR_WIDTH" 1 3 28, +C4<000000000000000000000000000000011>;
L_0x78ae58db7528 .functor BUFT 1, C4<000000000000000000000000000000011>, C4<0>, C4<0>, C4<0>;
L_0x57144e7033b0 .functor AND 33, L_0x57144e703310, L_0x78ae58db7528, C4<111111111111111111111111111111111>, C4<111111111111111111111111111111111>;
L_0x78ae58db7600 .functor BUFT 1, C4<000000000000000000000000000000011>, C4<0>, C4<0>, C4<0>;
L_0x57144e7038a0 .functor AND 33, L_0x57144e703800, L_0x78ae58db7600, C4<111111111111111111111111111111111>, C4<111111111111111111111111111111111>;
L_0x78ae58db7720 .functor BUFT 1, C4<000000000000000000000000000000011>, C4<0>, C4<0>, C4<0>;
L_0x57144e703e70 .functor AND 33, L_0x57144e703dd0, L_0x78ae58db7720, C4<111111111111111111111111111111111>, C4<111111111111111111111111111111111>;
L_0x57144e7042b0 .functor BUFZ 1, L_0x57144e703b90, C4<0>, C4<0>, C4<0>;
L_0x57144e7043a0 .functor OR 1, L_0x57144e704170, L_0x57144e703b90, C4<0>, C4<0>;
L_0x57144e704460 .functor BUFZ 1, L_0x57144e702ee0, C4<0>, C4<0>, C4<0>;
L_0x57144e704560 .functor OR 1, L_0x57144e703590, L_0x57144e702ee0, C4<0>, C4<0>;
L_0x57144e704620 .functor BUFZ 1, v0x57144e6e4690_0, C4<0>, C4<0>, C4<0>;
L_0x57144e7046e0 .functor BUFZ 1, v0x57144e6e4200_0, C4<0>, C4<0>, C4<0>;
L_0x57144e704750 .functor AND 1, v0x57144e6e4690_0, L_0x57144e7027f0, C4<1>, C4<1>;
L_0x57144e704870 .functor AND 1, v0x57144e6e4200_0, L_0x57144e702c30, C4<1>, C4<1>;
L_0x57144e704100 .functor BUFZ 17, L_0x57144e704af0, C4<00000000000000000>, C4<00000000000000000>, C4<00000000000000000>;
L_0x78ae58db74e0 .functor BUFT 1, C4<000000000000000000000000000000001>, C4<0>, C4<0>, C4<0>;
v0x57144e6e1a50_0 .net/2u *"_ivl_10", 32 0, L_0x78ae58db74e0;  1 drivers
v0x57144e6e1b10_0 .net *"_ivl_12", 32 0, L_0x57144e703310;  1 drivers
v0x57144e6e1bf0_0 .net/2u *"_ivl_14", 32 0, L_0x78ae58db7528;  1 drivers
v0x57144e6e1ce0_0 .net *"_ivl_16", 32 0, L_0x57144e7033b0;  1 drivers
v0x57144e6e1dc0_0 .net *"_ivl_2", 32 0, L_0x57144e702f80;  1 drivers
v0x57144e6e1ef0_0 .net *"_ivl_20", 32 0, L_0x57144e7036d0;  1 drivers
L_0x78ae58db7570 .functor BUFT 1, C4<0000000000000000000000000000000>, C4<0>, C4<0>, C4<0>;
v0x57144e6e1fd0_0 .net *"_ivl_23", 30 0, L_0x78ae58db7570;  1 drivers
L_0x78ae58db75b8 .functor BUFT 1, C4<000000000000000000000000000000001>, C4<0>, C4<0>, C4<0>;
v0x57144e6e20b0_0 .net/2u *"_ivl_24", 32 0, L_0x78ae58db75b8;  1 drivers
v0x57144e6e2190_0 .net *"_ivl_26", 32 0, L_0x57144e703800;  1 drivers
v0x57144e6e2270_0 .net/2u *"_ivl_28", 32 0, L_0x78ae58db7600;  1 drivers
v0x57144e6e2350_0 .net *"_ivl_30", 32 0, L_0x57144e7038a0;  1 drivers
v0x57144e6e2430_0 .net *"_ivl_32", 32 0, L_0x57144e703a50;  1 drivers
L_0x78ae58db7648 .functor BUFT 1, C4<0000000000000000000000000000000>, C4<0>, C4<0>, C4<0>;
v0x57144e6e2510_0 .net *"_ivl_35", 30 0, L_0x78ae58db7648;  1 drivers
v0x57144e6e25f0_0 .net *"_ivl_38", 32 0, L_0x57144e703cd0;  1 drivers
L_0x78ae58db7690 .functor BUFT 1, C4<0000000000000000000000000000000>, C4<0>, C4<0>, C4<0>;
v0x57144e6e26d0_0 .net *"_ivl_41", 30 0, L_0x78ae58db7690;  1 drivers
L_0x78ae58db76d8 .functor BUFT 1, C4<000000000000000000000000000000010>, C4<0>, C4<0>, C4<0>;
v0x57144e6e27b0_0 .net/2u *"_ivl_42", 32 0, L_0x78ae58db76d8;  1 drivers
v0x57144e6e2890_0 .net *"_ivl_44", 32 0, L_0x57144e703dd0;  1 drivers
v0x57144e6e2970_0 .net/2u *"_ivl_46", 32 0, L_0x78ae58db7720;  1 drivers
v0x57144e6e2a50_0 .net *"_ivl_48", 32 0, L_0x57144e703e70;  1 drivers
L_0x78ae58db7450 .functor BUFT 1, C4<0000000000000000000000000000000>, C4<0>, C4<0>, C4<0>;
v0x57144e6e2b30_0 .net *"_ivl_5", 30 0, L_0x78ae58db7450;  1 drivers
v0x57144e6e2c10_0 .net *"_ivl_50", 32 0, L_0x57144e703fd0;  1 drivers
L_0x78ae58db7768 .functor BUFT 1, C4<0000000000000000000000000000000>, C4<0>, C4<0>, C4<0>;
v0x57144e6e2cf0_0 .net *"_ivl_53", 30 0, L_0x78ae58db7768;  1 drivers
v0x57144e6e2dd0_0 .net *"_ivl_6", 32 0, L_0x57144e7030c0;  1 drivers
v0x57144e6e2eb0_0 .net *"_ivl_75", 16 0, L_0x57144e704af0;  1 drivers
v0x57144e6e2f90_0 .net *"_ivl_77", 3 0, L_0x57144e704c20;  1 drivers
L_0x78ae58db77b0 .functor BUFT 1, C4<00>, C4<0>, C4<0>, C4<0>;
v0x57144e6e3070_0 .net *"_ivl_80", 1 0, L_0x78ae58db77b0;  1 drivers
v0x57144e6e3150_0 .net *"_ivl_82", 16 0, L_0x57144e704100;  1 drivers
L_0x78ae58db7498 .functor BUFT 1, C4<0000000000000000000000000000000>, C4<0>, C4<0>, C4<0>;
v0x57144e6e3230_0 .net *"_ivl_9", 30 0, L_0x78ae58db7498;  1 drivers
v0x57144e6e3310_0 .net "almost_empty", 0 0, L_0x57144e704560;  1 drivers
v0x57144e6e33d0_0 .net "almost_full", 0 0, L_0x57144e7043a0;  1 drivers
v0x57144e6e3490_0 .net "clk", 0 0, v0x57144e6ef630_0;  alias, 1 drivers
v0x57144e6e3530_0 .net "deq", 0 0, L_0x57144e704870;  1 drivers
v0x57144e6e35d0_0 .net "empty", 0 0, L_0x57144e704460;  1 drivers
v0x57144e6e38a0_0 .net "enq", 0 0, L_0x57144e704750;  1 drivers
v0x57144e6e3960_0 .net "full", 0 0, L_0x57144e7042b0;  1 drivers
v0x57144e6e3a20_0 .var "head", 1 0;
v0x57144e6e3b00_0 .var/i "i", 31 0;
v0x57144e6e3be0_0 .net "is_almost_empty", 0 0, L_0x57144e703590;  1 drivers
v0x57144e6e3ca0_0 .net "is_almost_full", 0 0, L_0x57144e704170;  1 drivers
v0x57144e6e3d60_0 .net "is_empty", 0 0, L_0x57144e702ee0;  1 drivers
v0x57144e6e3e20_0 .net "is_full", 0 0, L_0x57144e703b90;  1 drivers
v0x57144e6e3ee0_0 .net "m_axis_0_tdata", 15 0, L_0x57144e704a00;  alias, 1 drivers
v0x57144e6e3fc0_0 .net "m_axis_0_tlast", 0 0, L_0x57144e7048e0;  alias, 1 drivers
v0x57144e6e4080_0 .net "m_axis_0_tready", 0 0, L_0x57144e702c30;  alias, 1 drivers
v0x57144e6e4140_0 .net "m_axis_0_tvalid", 0 0, L_0x57144e7046e0;  alias, 1 drivers
v0x57144e6e4200_0 .var "m_axis_0_tvalid_int", 0 0;
v0x57144e6e42c0 .array "mem", 3 0, 16 0;
v0x57144e6e4380_0 .net "rst", 0 0, v0x57144e6efc60_0;  alias, 1 drivers
v0x57144e6e4450_0 .net "s_axis_0_tdata", 15 0, v0x57144e6e5390_0;  1 drivers
v0x57144e6e4510_0 .net "s_axis_0_tlast", 0 0, L_0x57144e702680;  alias, 1 drivers
v0x57144e6e45d0_0 .net "s_axis_0_tready", 0 0, L_0x57144e704620;  alias, 1 drivers
v0x57144e6e4690_0 .var "s_axis_0_tready_int", 0 0;
v0x57144e6e4750_0 .net "s_axis_0_tvalid", 0 0, L_0x57144e7027f0;  alias, 1 drivers
v0x57144e6e4810_0 .var "tail", 1 0;
E_0x57144e6c64d0 .event edge, v0x57144e6dffc0_0, v0x57144e6e3e20_0, v0x57144e6e3d60_0;
L_0x57144e702ee0 .cmp/eq 2, v0x57144e6e3a20_0, v0x57144e6e4810_0;
L_0x57144e702f80 .concat [ 2 31 0 0], v0x57144e6e3a20_0, L_0x78ae58db7450;
L_0x57144e7030c0 .concat [ 2 31 0 0], v0x57144e6e4810_0, L_0x78ae58db7498;
L_0x57144e703310 .arith/sum 33, L_0x57144e7030c0, L_0x78ae58db74e0;
L_0x57144e703590 .cmp/eq 33, L_0x57144e702f80, L_0x57144e7033b0;
L_0x57144e7036d0 .concat [ 2 31 0 0], v0x57144e6e3a20_0, L_0x78ae58db7570;
L_0x57144e703800 .arith/sum 33, L_0x57144e7036d0, L_0x78ae58db75b8;
L_0x57144e703a50 .concat [ 2 31 0 0], v0x57144e6e4810_0, L_0x78ae58db7648;
L_0x57144e703b90 .cmp/eq 33, L_0x57144e7038a0, L_0x57144e703a50;
L_0x57144e703cd0 .concat [ 2 31 0 0], v0x57144e6e3a20_0, L_0x78ae58db7690;
L_0x57144e703dd0 .arith/sum 33, L_0x57144e703cd0, L_0x78ae58db76d8;
L_0x57144e703fd0 .concat [ 2 31 0 0], v0x57144e6e4810_0, L_0x78ae58db7768;
L_0x57144e704170 .cmp/eq 33, L_0x57144e703e70, L_0x57144e703fd0;
L_0x57144e7048e0 .part L_0x57144e704100, 16, 1;
L_0x57144e704a00 .part L_0x57144e704100, 0, 16;
L_0x57144e704af0 .array/port v0x57144e6e42c0, L_0x57144e704c20;
L_0x57144e704c20 .concat [ 2 2 0 0], v0x57144e6e4810_0, L_0x78ae58db77b0;
S_0x57144e6e56d0 .scope generate, "genblk1[2]" "genblk1[2]" 2 218, 2 218 0, S_0x57144e6b7d20;
 .timescale 0 0;
P_0x57144e6e5890 .param/l "CHN" 0 2 218, +C4<010>;
L_0x57144e705050 .functor AND 1, L_0x57144e706f00, L_0x57144e704f10, C4<1>, C4<1>;
L_0x57144e705290 .functor BUFZ 16, L_0x57144e7072e0, C4<0000000000000000>, C4<0000000000000000>, C4<0000000000000000>;
L_0x57144e7054d0 .functor BUFZ 1, L_0x57144e706fc0, C4<0>, C4<0>, C4<0>;
L_0x57144e705540 .functor BUFZ 1, L_0x57144e7071c0, C4<0>, C4<0>, C4<0>;
v0x57144e6e9000_0 .net *"_ivl_12", 0 0, L_0x57144e7054d0;  1 drivers
v0x57144e6e9100_0 .net *"_ivl_14", 0 0, L_0x57144e705540;  1 drivers
L_0x78ae58db77f8 .functor BUFT 1, C4<0>, C4<0>, C4<0>, C4<0>;
v0x57144e6e91e0_0 .net/2u *"_ivl_4", 0 0, L_0x78ae58db77f8;  1 drivers
v0x57144e6e92a0_0 .net *"_ivl_6", 0 0, L_0x57144e705110;  1 drivers
v0x57144e6e9380_0 .net *"_ivl_9", 15 0, L_0x57144e705290;  1 drivers
v0x57144e6e94b0_0 .net "m_fifo_tdata", 15 0, L_0x57144e7072e0;  1 drivers
v0x57144e6e9570_0 .net "m_fifo_tlast", 0 0, L_0x57144e7071c0;  1 drivers
v0x57144e6e9610_0 .net "m_fifo_tready", 0 0, L_0x57144e705350;  1 drivers
v0x57144e6e96b0_0 .net "m_fifo_tvalid", 0 0, L_0x57144e706fc0;  1 drivers
v0x57144e6e9780_0 .net "s_fifo_handshake", 0 0, L_0x57144e705050;  1 drivers
v0x57144e6e9820_0 .var "s_fifo_tdata", 15 0;
v0x57144e6e98f0_0 .net "s_fifo_tlast", 0 0, L_0x57144e704e20;  1 drivers
v0x57144e6e99c0_0 .net "s_fifo_tready", 0 0, L_0x57144e706f00;  1 drivers
v0x57144e6e9a90_0 .net "s_fifo_tvalid", 0 0, L_0x57144e704f10;  1 drivers
L_0x57144e705110 .functor MUXZ 1, L_0x57144e704f10, L_0x78ae58db77f8, L_0x57144e705050, C4<>;
S_0x57144e6e5930 .scope module, "AXISFifo_inst_i" "AXISFifo" 2 248, 3 5 0, S_0x57144e6e56d0;
 .timescale -9 -12;
    .port_info 0 /INPUT 1 "clk";
    .port_info 1 /INPUT 1 "rst";
    .port_info 2 /INPUT 16 "s_axis_0_tdata";
    .port_info 3 /INPUT 1 "s_axis_0_tvalid";
    .port_info 4 /OUTPUT 1 "s_axis_0_tready";
    .port_info 5 /INPUT 1 "s_axis_0_tlast";
    .port_info 6 /OUTPUT 16 "m_axis_0_tdata";
    .port_info 7 /OUTPUT 1 "m_axis_0_tvalid";
    .port_info 8 /INPUT 1 "m_axis_0_tready";
    .port_info 9 /OUTPUT 1 "m_axis_0_tlast";
    .port_info 10 /OUTPUT 1 "full";
    .port_info 11 /OUTPUT 1 "almost_full";
    .port_info 12 /OUTPUT 1 "empty";
    .port_info 13 /OUTPUT 1 "almost_empty";
P_0x57144e6e5b10 .param/l "ADDRESS_WIDTH" 0 3 7, +C4<00000000000000000000000000000010>;
P_0x57144e6e5b50 .param/l "DATA_WIDTH" 0 3 6, +C4<00000000000000000000000000010000>;
P_0x57144e6e5b90 .param/l "EXP_ADDR_WIDTH" 1 3 28, +C4<000000000000000000000000000000011>;
L_0x78ae58db7918 .functor BUFT 1, C4<000000000000000000000000000000011>, C4<0>, C4<0>, C4<0>;
L_0x57144e7059f0 .functor AND 33, L_0x57144e705950, L_0x78ae58db7918, C4<111111111111111111111111111111111>, C4<111111111111111111111111111111111>;
L_0x78ae58db79f0 .functor BUFT 1, C4<000000000000000000000000000000011>, C4<0>, C4<0>, C4<0>;
L_0x57144e7060f0 .functor AND 33, L_0x57144e706050, L_0x78ae58db79f0, C4<111111111111111111111111111111111>, C4<111111111111111111111111111111111>;
L_0x78ae58db7b10 .functor BUFT 1, C4<000000000000000000000000000000011>, C4<0>, C4<0>, C4<0>;
L_0x57144e706750 .functor AND 33, L_0x57144e7066b0, L_0x78ae58db7b10, C4<111111111111111111111111111111111>, C4<111111111111111111111111111111111>;
L_0x57144e706b90 .functor BUFZ 1, L_0x57144e7063e0, C4<0>, C4<0>, C4<0>;
L_0x57144e706c80 .functor OR 1, L_0x57144e706a50, L_0x57144e7063e0, C4<0>, C4<0>;
L_0x57144e706d40 .functor BUFZ 1, L_0x57144e705630, C4<0>, C4<0>, C4<0>;
L_0x57144e706e40 .functor OR 1, L_0x57144e705de0, L_0x57144e705630, C4<0>, C4<0>;
L_0x57144e706f00 .functor BUFZ 1, v0x57144e6e8b60_0, C4<0>, C4<0>, C4<0>;
L_0x57144e706fc0 .functor BUFZ 1, v0x57144e6e8690_0, C4<0>, C4<0>, C4<0>;
L_0x57144e707030 .functor AND 1, v0x57144e6e8b60_0, L_0x57144e704f10, C4<1>, C4<1>;
L_0x57144e707150 .functor AND 1, v0x57144e6e8690_0, L_0x57144e705350, C4<1>, C4<1>;
L_0x57144e7069e0 .functor BUFZ 17, L_0x57144e7073d0, C4<00000000000000000>, C4<00000000000000000>, C4<00000000000000000>;
L_0x78ae58db78d0 .functor BUFT 1, C4<000000000000000000000000000000001>, C4<0>, C4<0>, C4<0>;
v0x57144e6e5ee0_0 .net/2u *"_ivl_10", 32 0, L_0x78ae58db78d0;  1 drivers
v0x57144e6e5f80_0 .net *"_ivl_12", 32 0, L_0x57144e705950;  1 drivers
v0x57144e6e6060_0 .net/2u *"_ivl_14", 32 0, L_0x78ae58db7918;  1 drivers
v0x57144e6e6150_0 .net *"_ivl_16", 32 0, L_0x57144e7059f0;  1 drivers
v0x57144e6e6230_0 .net *"_ivl_2", 32 0, L_0x57144e7056d0;  1 drivers
v0x57144e6e6360_0 .net *"_ivl_20", 32 0, L_0x57144e705f20;  1 drivers
L_0x78ae58db7960 .functor BUFT 1, C4<0000000000000000000000000000000>, C4<0>, C4<0>, C4<0>;
v0x57144e6e6440_0 .net *"_ivl_23", 30 0, L_0x78ae58db7960;  1 drivers
L_0x78ae58db79a8 .functor BUFT 1, C4<000000000000000000000000000000001>, C4<0>, C4<0>, C4<0>;
v0x57144e6e6520_0 .net/2u *"_ivl_24", 32 0, L_0x78ae58db79a8;  1 drivers
v0x57144e6e6600_0 .net *"_ivl_26", 32 0, L_0x57144e706050;  1 drivers
v0x57144e6e66e0_0 .net/2u *"_ivl_28", 32 0, L_0x78ae58db79f0;  1 drivers
v0x57144e6e67c0_0 .net *"_ivl_30", 32 0, L_0x57144e7060f0;  1 drivers
v0x57144e6e68a0_0 .net *"_ivl_32", 32 0, L_0x57144e7062a0;  1 drivers
L_0x78ae58db7a38 .functor BUFT 1, C4<0000000000000000000000000000000>, C4<0>, C4<0>, C4<0>;
v0x57144e6e6980_0 .net *"_ivl_35", 30 0, L_0x78ae58db7a38;  1 drivers
v0x57144e6e6a60_0 .net *"_ivl_38", 32 0, L_0x57144e706520;  1 drivers
L_0x78ae58db7a80 .functor BUFT 1, C4<0000000000000000000000000000000>, C4<0>, C4<0>, C4<0>;
v0x57144e6e6b40_0 .net *"_ivl_41", 30 0, L_0x78ae58db7a80;  1 drivers
L_0x78ae58db7ac8 .functor BUFT 1, C4<000000000000000000000000000000010>, C4<0>, C4<0>, C4<0>;
v0x57144e6e6c20_0 .net/2u *"_ivl_42", 32 0, L_0x78ae58db7ac8;  1 drivers
v0x57144e6e6d00_0 .net *"_ivl_44", 32 0, L_0x57144e7066b0;  1 drivers
v0x57144e6e6de0_0 .net/2u *"_ivl_46", 32 0, L_0x78ae58db7b10;  1 drivers
v0x57144e6e6ec0_0 .net *"_ivl_48", 32 0, L_0x57144e706750;  1 drivers
L_0x78ae58db7840 .functor BUFT 1, C4<0000000000000000000000000000000>, C4<0>, C4<0>, C4<0>;
v0x57144e6e6fa0_0 .net *"_ivl_5", 30 0, L_0x78ae58db7840;  1 drivers
v0x57144e6e7080_0 .net *"_ivl_50", 32 0, L_0x57144e7068b0;  1 drivers
L_0x78ae58db7b58 .functor BUFT 1, C4<0000000000000000000000000000000>, C4<0>, C4<0>, C4<0>;
v0x57144e6e7160_0 .net *"_ivl_53", 30 0, L_0x78ae58db7b58;  1 drivers
v0x57144e6e7240_0 .net *"_ivl_6", 32 0, L_0x57144e705810;  1 drivers
v0x57144e6e7320_0 .net *"_ivl_75", 16 0, L_0x57144e7073d0;  1 drivers
v0x57144e6e7400_0 .net *"_ivl_77", 3 0, L_0x57144e707500;  1 drivers
L_0x78ae58db7ba0 .functor BUFT 1, C4<00>, C4<0>, C4<0>, C4<0>;
v0x57144e6e74e0_0 .net *"_ivl_80", 1 0, L_0x78ae58db7ba0;  1 drivers
v0x57144e6e75c0_0 .net *"_ivl_82", 16 0, L_0x57144e7069e0;  1 drivers
L_0x78ae58db7888 .functor BUFT 1, C4<0000000000000000000000000000000>, C4<0>, C4<0>, C4<0>;
v0x57144e6e76a0_0 .net *"_ivl_9", 30 0, L_0x78ae58db7888;  1 drivers
v0x57144e6e7780_0 .net "almost_empty", 0 0, L_0x57144e706e40;  1 drivers
v0x57144e6e7840_0 .net "almost_full", 0 0, L_0x57144e706c80;  1 drivers
v0x57144e6e7900_0 .net "clk", 0 0, v0x57144e6ef630_0;  alias, 1 drivers
v0x57144e6e79a0_0 .net "deq", 0 0, L_0x57144e707150;  1 drivers
v0x57144e6e7a60_0 .net "empty", 0 0, L_0x57144e706d40;  1 drivers
v0x57144e6e7d30_0 .net "enq", 0 0, L_0x57144e707030;  1 drivers
v0x57144e6e7df0_0 .net "full", 0 0, L_0x57144e706b90;  1 drivers
v0x57144e6e7eb0_0 .var "head", 1 0;
v0x57144e6e7f90_0 .var/i "i", 31 0;
v0x57144e6e8070_0 .net "is_almost_empty", 0 0, L_0x57144e705de0;  1 drivers
v0x57144e6e8130_0 .net "is_almost_full", 0 0, L_0x57144e706a50;  1 drivers
v0x57144e6e81f0_0 .net "is_empty", 0 0, L_0x57144e705630;  1 drivers
v0x57144e6e82b0_0 .net "is_full", 0 0, L_0x57144e7063e0;  1 drivers
v0x57144e6e8370_0 .net "m_axis_0_tdata", 15 0, L_0x57144e7072e0;  alias, 1 drivers
v0x57144e6e8450_0 .net "m_axis_0_tlast", 0 0, L_0x57144e7071c0;  alias, 1 drivers
v0x57144e6e8510_0 .net "m_axis_0_tready", 0 0, L_0x57144e705350;  alias, 1 drivers
v0x57144e6e85d0_0 .net "m_axis_0_tvalid", 0 0, L_0x57144e706fc0;  alias, 1 drivers
v0x57144e6e8690_0 .var "m_axis_0_tvalid_int", 0 0;
v0x57144e6e8750 .array "mem", 3 0, 16 0;
v0x57144e6e8810_0 .net "rst", 0 0, v0x57144e6efc60_0;  alias, 1 drivers
v0x57144e6e8900_0 .net "s_axis_0_tdata", 15 0, v0x57144e6e9820_0;  1 drivers
v0x57144e6e89e0_0 .net "s_axis_0_tlast", 0 0, L_0x57144e704e20;  alias, 1 drivers
v0x57144e6e8aa0_0 .net "s_axis_0_tready", 0 0, L_0x57144e706f00;  alias, 1 drivers
v0x57144e6e8b60_0 .var "s_axis_0_tready_int", 0 0;
v0x57144e6e8c20_0 .net "s_axis_0_tvalid", 0 0, L_0x57144e704f10;  alias, 1 drivers
v0x57144e6e8ce0_0 .var "tail", 1 0;
E_0x57144e6c6660 .event edge, v0x57144e6dffc0_0, v0x57144e6e82b0_0, v0x57144e6e81f0_0;
L_0x57144e705630 .cmp/eq 2, v0x57144e6e7eb0_0, v0x57144e6e8ce0_0;
L_0x57144e7056d0 .concat [ 2 31 0 0], v0x57144e6e7eb0_0, L_0x78ae58db7840;
L_0x57144e705810 .concat [ 2 31 0 0], v0x57144e6e8ce0_0, L_0x78ae58db7888;
L_0x57144e705950 .arith/sum 33, L_0x57144e705810, L_0x78ae58db78d0;
L_0x57144e705de0 .cmp/eq 33, L_0x57144e7056d0, L_0x57144e7059f0;
L_0x57144e705f20 .concat [ 2 31 0 0], v0x57144e6e7eb0_0, L_0x78ae58db7960;
L_0x57144e706050 .arith/sum 33, L_0x57144e705f20, L_0x78ae58db79a8;
L_0x57144e7062a0 .concat [ 2 31 0 0], v0x57144e6e8ce0_0, L_0x78ae58db7a38;
L_0x57144e7063e0 .cmp/eq 33, L_0x57144e7060f0, L_0x57144e7062a0;
L_0x57144e706520 .concat [ 2 31 0 0], v0x57144e6e7eb0_0, L_0x78ae58db7a80;
L_0x57144e7066b0 .arith/sum 33, L_0x57144e706520, L_0x78ae58db7ac8;
L_0x57144e7068b0 .concat [ 2 31 0 0], v0x57144e6e8ce0_0, L_0x78ae58db7b58;
L_0x57144e706a50 .cmp/eq 33, L_0x57144e706750, L_0x57144e7068b0;
L_0x57144e7071c0 .part L_0x57144e7069e0, 16, 1;
L_0x57144e7072e0 .part L_0x57144e7069e0, 0, 16;
L_0x57144e7073d0 .array/port v0x57144e6e8750, L_0x57144e707500;
L_0x57144e707500 .concat [ 2 2 0 0], v0x57144e6e8ce0_0, L_0x78ae58db7ba0;
S_0x57144e6e9b60 .scope generate, "genblk1[3]" "genblk1[3]" 2 218, 2 218 0, S_0x57144e6b7d20;
 .timescale 0 0;
P_0x57144e6e9cf0 .param/l "CHN" 0 2 218, +C4<011>;
L_0x57144e707a10 .functor AND 1, L_0x57144e709e20, L_0x57144e7078e0, C4<1>, C4<1>;
L_0x57144e707fe0 .functor BUFZ 16, L_0x57144e70a1a0, C4<0000000000000000>, C4<0000000000000000>, C4<0000000000000000>;
L_0x57144e707bc0 .functor BUFZ 1, L_0x57144e709ee0, C4<0>, C4<0>, C4<0>;
L_0x57144e708750 .functor BUFZ 1, L_0x57144e70a080, C4<0>, C4<0>, C4<0>;
v0x57144e6ed430_0 .net *"_ivl_12", 0 0, L_0x57144e707bc0;  1 drivers
v0x57144e6ed530_0 .net *"_ivl_14", 0 0, L_0x57144e708750;  1 drivers
L_0x78ae58db7be8 .functor BUFT 1, C4<0>, C4<0>, C4<0>, C4<0>;
v0x57144e6ed610_0 .net/2u *"_ivl_4", 0 0, L_0x78ae58db7be8;  1 drivers
v0x57144e6ed6d0_0 .net *"_ivl_6", 0 0, L_0x57144e707c30;  1 drivers
v0x57144e6ed7b0_0 .net *"_ivl_9", 15 0, L_0x57144e707fe0;  1 drivers
v0x57144e6ed890_0 .net "m_fifo_tdata", 15 0, L_0x57144e70a1a0;  1 drivers
v0x57144e6ed950_0 .net "m_fifo_tlast", 0 0, L_0x57144e70a080;  1 drivers
v0x57144e6eda20_0 .net "m_fifo_tready", 0 0, L_0x57144e7080f0;  1 drivers
v0x57144e6edaf0_0 .net "m_fifo_tvalid", 0 0, L_0x57144e709ee0;  1 drivers
v0x57144e6edbc0_0 .net "s_fifo_handshake", 0 0, L_0x57144e707a10;  1 drivers
v0x57144e6edc60_0 .var "s_fifo_tdata", 15 0;
v0x57144e6edd30_0 .net "s_fifo_tlast", 0 0, L_0x57144e707700;  1 drivers
v0x57144e6ede00_0 .net "s_fifo_tready", 0 0, L_0x57144e709e20;  1 drivers
v0x57144e6eded0_0 .net "s_fifo_tvalid", 0 0, L_0x57144e7078e0;  1 drivers
L_0x57144e707c30 .functor MUXZ 1, L_0x57144e7078e0, L_0x78ae58db7be8, L_0x57144e707a10, C4<>;
S_0x57144e6e9d90 .scope module, "AXISFifo_inst_i" "AXISFifo" 2 248, 3 5 0, S_0x57144e6e9b60;
 .timescale -9 -12;
    .port_info 0 /INPUT 1 "clk";
    .port_info 1 /INPUT 1 "rst";
    .port_info 2 /INPUT 16 "s_axis_0_tdata";
    .port_info 3 /INPUT 1 "s_axis_0_tvalid";
    .port_info 4 /OUTPUT 1 "s_axis_0_tready";
    .port_info 5 /INPUT 1 "s_axis_0_tlast";
    .port_info 6 /OUTPUT 16 "m_axis_0_tdata";
    .port_info 7 /OUTPUT 1 "m_axis_0_tvalid";
    .port_info 8 /INPUT 1 "m_axis_0_tready";
    .port_info 9 /OUTPUT 1 "m_axis_0_tlast";
    .port_info 10 /OUTPUT 1 "full";
    .port_info 11 /OUTPUT 1 "almost_full";
    .port_info 12 /OUTPUT 1 "empty";
    .port_info 13 /OUTPUT 1 "almost_empty";
P_0x57144e6e9f70 .param/l "ADDRESS_WIDTH" 0 3 7, +C4<00000000000000000000000000000010>;
P_0x57144e6e9fb0 .param/l "DATA_WIDTH" 0 3 6, +C4<00000000000000000000000000010000>;
P_0x57144e6e9ff0 .param/l "EXP_ADDR_WIDTH" 1 3 28, +C4<000000000000000000000000000000011>;
L_0x78ae58db7d08 .functor BUFT 1, C4<000000000000000000000000000000011>, C4<0>, C4<0>, C4<0>;
L_0x57144e708c20 .functor AND 33, L_0x57144e708b80, L_0x78ae58db7d08, C4<111111111111111111111111111111111>, C4<111111111111111111111111111111111>;
L_0x78ae58db7de0 .functor BUFT 1, C4<000000000000000000000000000000011>, C4<0>, C4<0>, C4<0>;
L_0x57144e7090e0 .functor AND 33, L_0x57144e709040, L_0x78ae58db7de0, C4<111111111111111111111111111111111>, C4<111111111111111111111111111111111>;
L_0x78ae58db7f00 .functor BUFT 1, C4<000000000000000000000000000000011>, C4<0>, C4<0>, C4<0>;
L_0x57144e7096e0 .functor AND 33, L_0x57144e709640, L_0x78ae58db7f00, C4<111111111111111111111111111111111>, C4<111111111111111111111111111111111>;
L_0x57144e709b20 .functor BUFZ 1, L_0x57144e7093d0, C4<0>, C4<0>, C4<0>;
L_0x57144e709be0 .functor OR 1, L_0x57144e7099e0, L_0x57144e7093d0, C4<0>, C4<0>;
L_0x57144e709ca0 .functor BUFZ 1, L_0x57144e708860, C4<0>, C4<0>, C4<0>;
L_0x57144e709d60 .functor OR 1, L_0x57144e708dd0, L_0x57144e708860, C4<0>, C4<0>;
L_0x57144e709e20 .functor BUFZ 1, v0x57144e6ecf90_0, C4<0>, C4<0>, C4<0>;
L_0x57144e709ee0 .functor BUFZ 1, v0x57144e6ecb10_0, C4<0>, C4<0>, C4<0>;
L_0x57144e709f50 .functor AND 1, v0x57144e6ecf90_0, L_0x57144e7078e0, C4<1>, C4<1>;
L_0x57144e70a010 .functor AND 1, v0x57144e6ecb10_0, L_0x57144e7080f0, C4<1>, C4<1>;
L_0x57144e709970 .functor BUFZ 17, L_0x57144e70a290, C4<00000000000000000>, C4<00000000000000000>, C4<00000000000000000>;
L_0x78ae58db7cc0 .functor BUFT 1, C4<000000000000000000000000000000001>, C4<0>, C4<0>, C4<0>;
v0x57144e6ea340_0 .net/2u *"_ivl_10", 32 0, L_0x78ae58db7cc0;  1 drivers
v0x57144e6ea400_0 .net *"_ivl_12", 32 0, L_0x57144e708b80;  1 drivers
v0x57144e6ea4e0_0 .net/2u *"_ivl_14", 32 0, L_0x78ae58db7d08;  1 drivers
v0x57144e6ea5d0_0 .net *"_ivl_16", 32 0, L_0x57144e708c20;  1 drivers
v0x57144e6ea6b0_0 .net *"_ivl_2", 32 0, L_0x57144e708900;  1 drivers
v0x57144e6ea7e0_0 .net *"_ivl_20", 32 0, L_0x57144e708f10;  1 drivers
L_0x78ae58db7d50 .functor BUFT 1, C4<0000000000000000000000000000000>, C4<0>, C4<0>, C4<0>;
v0x57144e6ea8c0_0 .net *"_ivl_23", 30 0, L_0x78ae58db7d50;  1 drivers
L_0x78ae58db7d98 .functor BUFT 1, C4<000000000000000000000000000000001>, C4<0>, C4<0>, C4<0>;
v0x57144e6ea9a0_0 .net/2u *"_ivl_24", 32 0, L_0x78ae58db7d98;  1 drivers
v0x57144e6eaa80_0 .net *"_ivl_26", 32 0, L_0x57144e709040;  1 drivers
v0x57144e6eab60_0 .net/2u *"_ivl_28", 32 0, L_0x78ae58db7de0;  1 drivers
v0x57144e6eac40_0 .net *"_ivl_30", 32 0, L_0x57144e7090e0;  1 drivers
v0x57144e6ead20_0 .net *"_ivl_32", 32 0, L_0x57144e709290;  1 drivers
L_0x78ae58db7e28 .functor BUFT 1, C4<0000000000000000000000000000000>, C4<0>, C4<0>, C4<0>;
v0x57144e6eae00_0 .net *"_ivl_35", 30 0, L_0x78ae58db7e28;  1 drivers
v0x57144e6eaee0_0 .net *"_ivl_38", 32 0, L_0x57144e709510;  1 drivers
L_0x78ae58db7e70 .functor BUFT 1, C4<0000000000000000000000000000000>, C4<0>, C4<0>, C4<0>;
v0x57144e6eafc0_0 .net *"_ivl_41", 30 0, L_0x78ae58db7e70;  1 drivers
L_0x78ae58db7eb8 .functor BUFT 1, C4<000000000000000000000000000000010>, C4<0>, C4<0>, C4<0>;
v0x57144e6eb0a0_0 .net/2u *"_ivl_42", 32 0, L_0x78ae58db7eb8;  1 drivers
v0x57144e6eb180_0 .net *"_ivl_44", 32 0, L_0x57144e709640;  1 drivers
v0x57144e6eb260_0 .net/2u *"_ivl_46", 32 0, L_0x78ae58db7f00;  1 drivers
v0x57144e6eb340_0 .net *"_ivl_48", 32 0, L_0x57144e7096e0;  1 drivers
L_0x78ae58db7c30 .functor BUFT 1, C4<0000000000000000000000000000000>, C4<0>, C4<0>, C4<0>;
v0x57144e6eb420_0 .net *"_ivl_5", 30 0, L_0x78ae58db7c30;  1 drivers
v0x57144e6eb500_0 .net *"_ivl_50", 32 0, L_0x57144e709840;  1 drivers
L_0x78ae58db7f48 .functor BUFT 1, C4<0000000000000000000000000000000>, C4<0>, C4<0>, C4<0>;
v0x57144e6eb5e0_0 .net *"_ivl_53", 30 0, L_0x78ae58db7f48;  1 drivers
v0x57144e6eb6c0_0 .net *"_ivl_6", 32 0, L_0x57144e708a40;  1 drivers
v0x57144e6eb7a0_0 .net *"_ivl_75", 16 0, L_0x57144e70a290;  1 drivers
v0x57144e6eb880_0 .net *"_ivl_77", 3 0, L_0x57144e70a3c0;  1 drivers
L_0x78ae58db7f90 .functor BUFT 1, C4<00>, C4<0>, C4<0>, C4<0>;
v0x57144e6eb960_0 .net *"_ivl_80", 1 0, L_0x78ae58db7f90;  1 drivers
v0x57144e6eba40_0 .net *"_ivl_82", 16 0, L_0x57144e709970;  1 drivers
L_0x78ae58db7c78 .functor BUFT 1, C4<0000000000000000000000000000000>, C4<0>, C4<0>, C4<0>;
v0x57144e6ebb20_0 .net *"_ivl_9", 30 0, L_0x78ae58db7c78;  1 drivers
v0x57144e6ebc00_0 .net "almost_empty", 0 0, L_0x57144e709d60;  1 drivers
v0x57144e6ebcc0_0 .net "almost_full", 0 0, L_0x57144e709be0;  1 drivers
v0x57144e6ebd80_0 .net "clk", 0 0, v0x57144e6ef630_0;  alias, 1 drivers
v0x57144e6ebe20_0 .net "deq", 0 0, L_0x57144e70a010;  1 drivers
v0x57144e6ebee0_0 .net "empty", 0 0, L_0x57144e709ca0;  1 drivers
v0x57144e6ec1b0_0 .net "enq", 0 0, L_0x57144e709f50;  1 drivers
v0x57144e6ec270_0 .net "full", 0 0, L_0x57144e709b20;  1 drivers
v0x57144e6ec330_0 .var "head", 1 0;
v0x57144e6ec410_0 .var/i "i", 31 0;
v0x57144e6ec4f0_0 .net "is_almost_empty", 0 0, L_0x57144e708dd0;  1 drivers
v0x57144e6ec5b0_0 .net "is_almost_full", 0 0, L_0x57144e7099e0;  1 drivers
v0x57144e6ec670_0 .net "is_empty", 0 0, L_0x57144e708860;  1 drivers
v0x57144e6ec730_0 .net "is_full", 0 0, L_0x57144e7093d0;  1 drivers
v0x57144e6ec7f0_0 .net "m_axis_0_tdata", 15 0, L_0x57144e70a1a0;  alias, 1 drivers
v0x57144e6ec8d0_0 .net "m_axis_0_tlast", 0 0, L_0x57144e70a080;  alias, 1 drivers
v0x57144e6ec990_0 .net "m_axis_0_tready", 0 0, L_0x57144e7080f0;  alias, 1 drivers
v0x57144e6eca50_0 .net "m_axis_0_tvalid", 0 0, L_0x57144e709ee0;  alias, 1 drivers
v0x57144e6ecb10_0 .var "m_axis_0_tvalid_int", 0 0;
v0x57144e6ecbd0 .array "mem", 3 0, 16 0;
v0x57144e6ecc90_0 .net "rst", 0 0, v0x57144e6efc60_0;  alias, 1 drivers
v0x57144e6ecd30_0 .net "s_axis_0_tdata", 15 0, v0x57144e6edc60_0;  1 drivers
v0x57144e6ece10_0 .net "s_axis_0_tlast", 0 0, L_0x57144e707700;  alias, 1 drivers
v0x57144e6eced0_0 .net "s_axis_0_tready", 0 0, L_0x57144e709e20;  alias, 1 drivers
v0x57144e6ecf90_0 .var "s_axis_0_tready_int", 0 0;
v0x57144e6ed050_0 .net "s_axis_0_tvalid", 0 0, L_0x57144e7078e0;  alias, 1 drivers
v0x57144e6ed110_0 .var "tail", 1 0;
E_0x57144e6c6cd0 .event edge, v0x57144e6dffc0_0, v0x57144e6ec730_0, v0x57144e6ec670_0;
L_0x57144e708860 .cmp/eq 2, v0x57144e6ec330_0, v0x57144e6ed110_0;
L_0x57144e708900 .concat [ 2 31 0 0], v0x57144e6ec330_0, L_0x78ae58db7c30;
L_0x57144e708a40 .concat [ 2 31 0 0], v0x57144e6ed110_0, L_0x78ae58db7c78;
L_0x57144e708b80 .arith/sum 33, L_0x57144e708a40, L_0x78ae58db7cc0;
L_0x57144e708dd0 .cmp/eq 33, L_0x57144e708900, L_0x57144e708c20;
L_0x57144e708f10 .concat [ 2 31 0 0], v0x57144e6ec330_0, L_0x78ae58db7d50;
L_0x57144e709040 .arith/sum 33, L_0x57144e708f10, L_0x78ae58db7d98;
L_0x57144e709290 .concat [ 2 31 0 0], v0x57144e6ed110_0, L_0x78ae58db7e28;
L_0x57144e7093d0 .cmp/eq 33, L_0x57144e7090e0, L_0x57144e709290;
L_0x57144e709510 .concat [ 2 31 0 0], v0x57144e6ec330_0, L_0x78ae58db7e70;
L_0x57144e709640 .arith/sum 33, L_0x57144e709510, L_0x78ae58db7eb8;
L_0x57144e709840 .concat [ 2 31 0 0], v0x57144e6ed110_0, L_0x78ae58db7f48;
L_0x57144e7099e0 .cmp/eq 33, L_0x57144e7096e0, L_0x57144e709840;
L_0x57144e70a080 .part L_0x57144e709970, 16, 1;
L_0x57144e70a1a0 .part L_0x57144e709970, 0, 16;
L_0x57144e70a290 .array/port v0x57144e6ecbd0, L_0x57144e70a3c0;
L_0x57144e70a3c0 .concat [ 2 2 0 0], v0x57144e6ed110_0, L_0x78ae58db7f90;
    .scope S_0x57144e6a9310;
T_0 ;
    %wait E_0x57144e632da0;
    %load/vec4 v0x57144e6efbc0_0;
    %flag_set/vec4 8;
    %jmp/0xz  T_0.0, 8;
    %load/vec4 v0x57144e6ef6f0_0;
    %pad/s 33;
    %addi 0, 0, 33;
    %pushi/vec4 4, 0, 33;
    %mod/s;
    %pad/s 32;
    %assign/vec4 v0x57144e6ae490_0, 0;
    %load/vec4 v0x57144e6ae490_0;
    %dup/vec4;
    %pushi/vec4 3, 0, 32;
    %cmp/u;
    %jmp/1 T_0.2, 6;
    %dup/vec4;
    %pushi/vec4 2, 0, 32;
    %cmp/u;
    %jmp/1 T_0.3, 6;
    %dup/vec4;
    %pushi/vec4 1, 0, 32;
    %cmp/u;
    %jmp/1 T_0.4, 6;
    %pushi/vec4 47806, 0, 16;
    %ix/load 4, 0, 0;
    %ix/load 5, 0, 0;
    %flag_set/imm 4, 0;
    %assign/vec4/off/d v0x57144e6efd90_0, 4, 5;
    %jmp T_0.6;
T_0.2 ;
    %pushi/vec4 57005, 0, 16;
    %ix/load 4, 0, 0;
    %ix/load 5, 0, 0;
    %flag_set/imm 4, 0;
    %assign/vec4/off/d v0x57144e6efd90_0, 4, 5;
    %jmp T_0.6;
T_0.3 ;
    %pushi/vec4 48815, 0, 16;
    %ix/load 4, 0, 0;
    %ix/load 5, 0, 0;
    %flag_set/imm 4, 0;
    %assign/vec4/off/d v0x57144e6efd90_0, 4, 5;
    %jmp T_0.6;
T_0.4 ;
    %pushi/vec4 51966, 0, 16;
    %ix/load 4, 0, 0;
    %ix/load 5, 0, 0;
    %flag_set/imm 4, 0;
    %assign/vec4/off/d v0x57144e6efd90_0, 4, 5;
    %jmp T_0.6;
T_0.6 ;
    %pop/vec4 1;
    %pushi/vec4 21, 0, 32;
    %load/vec4 v0x57144e6ef6f0_0;
    %cmp/s;
    %flag_get/vec4 4;
    %flag_get/vec4 5;
    %or;
    %load/vec4 v0x57144e6ef6f0_0;
    %cmpi/s 23, 0, 32;
    %flag_get/vec4 5;
    %and;
    %load/vec4 v0x57144e6f01c0_0;
    %pushi/vec4 0, 0, 32;
    %cmp/ne;
    %flag_get/vec4 4;
    %and;
    %flag_set/vec4 8;
    %pushi/vec4 76, 0, 34;
    %load/vec4 v0x57144e6ef6f0_0;
    %pad/s 34;
    %cmp/s;
    %flag_get/vec4 4;
    %flag_get/vec4 5;
    %or;
    %load/vec4 v0x57144e6ef6f0_0;
    %cmpi/s 80, 0, 32;
    %flag_get/vec4 5;
    %and;
    %load/vec4 v0x57144e6f01c0_0;
    %pushi/vec4 0, 0, 32;
    %cmp/ne;
    %flag_get/vec4 4;
    %and;
    %flag_set/vec4 9;
    %flag_or 9, 8;
    %load/vec4 v0x57144e6ef6f0_0;
    %cmpi/s 84, 0, 32;
    %flag_or 5, 4; GT is !LE
    %flag_inv 5;
    %flag_or 5, 9;
    %jmp/0xz  T_0.7, 5;
    %pushi/vec4 0, 0, 1;
    %ix/load 4, 0, 0;
    %ix/load 5, 0, 0;
    %flag_set/imm 4, 0;
    %assign/vec4/off/d v0x57144e6efa20_0, 4, 5;
    %jmp T_0.8;
T_0.7 ;
    %pushi/vec4 1, 0, 1;
    %ix/load 4, 0, 0;
    %ix/load 5, 0, 0;
    %flag_set/imm 4, 0;
    %assign/vec4/off/d v0x57144e6efa20_0, 4, 5;
T_0.8 ;
    %load/vec4 v0x57144e6ef6f0_0;
    %cmpi/e 50, 0, 32;
    %jmp/0xz  T_0.9, 4;
    %pushi/vec4 0, 0, 1;
    %ix/load 4, 0, 0;
    %ix/load 5, 0, 0;
    %flag_set/imm 4, 0;
    %assign/vec4/off/d v0x57144e6efe80_0, 4, 5;
T_0.9 ;
    %load/vec4 v0x57144e6efe80_0;
    %parti/s 1, 0, 2;
    %nor/r;
    %flag_set/vec4 8;
    %jmp/0xz  T_0.11, 8;
    %pushi/vec4 1, 0, 1;
    %ix/load 4, 0, 0;
    %ix/load 5, 0, 0;
    %flag_set/imm 4, 0;
    %assign/vec4/off/d v0x57144e6efe80_0, 4, 5;
T_0.11 ;
T_0.0 ;
    %jmp T_0;
    .thread T_0;
    .scope S_0x57144e6a9a90;
T_1 ;
    %wait E_0x57144e632da0;
    %load/vec4 v0x57144e6efbc0_0;
    %flag_set/vec4 8;
    %jmp/0xz  T_1.0, 8;
    %load/vec4 v0x57144e6ef6f0_0;
    %pad/s 33;
    %addi 1, 0, 33;
    %pushi/vec4 4, 0, 33;
    %mod/s;
    %pad/s 32;
    %assign/vec4 v0x57144e69fde0_0, 0;
    %load/vec4 v0x57144e69fde0_0;
    %dup/vec4;
    %pushi/vec4 3, 0, 32;
    %cmp/u;
    %jmp/1 T_1.2, 6;
    %dup/vec4;
    %pushi/vec4 2, 0, 32;
    %cmp/u;
    %jmp/1 T_1.3, 6;
    %dup/vec4;
    %pushi/vec4 1, 0, 32;
    %cmp/u;
    %jmp/1 T_1.4, 6;
    %pushi/vec4 47806, 0, 16;
    %ix/load 4, 16, 0;
    %ix/load 5, 0, 0;
    %flag_set/imm 4, 0;
    %assign/vec4/off/d v0x57144e6efd90_0, 4, 5;
    %jmp T_1.6;
T_1.2 ;
    %pushi/vec4 57005, 0, 16;
    %ix/load 4, 16, 0;
    %ix/load 5, 0, 0;
    %flag_set/imm 4, 0;
    %assign/vec4/off/d v0x57144e6efd90_0, 4, 5;
    %jmp T_1.6;
T_1.3 ;
    %pushi/vec4 48815, 0, 16;
    %ix/load 4, 16, 0;
    %ix/load 5, 0, 0;
    %flag_set/imm 4, 0;
    %assign/vec4/off/d v0x57144e6efd90_0, 4, 5;
    %jmp T_1.6;
T_1.4 ;
    %pushi/vec4 51966, 0, 16;
    %ix/load 4, 16, 0;
    %ix/load 5, 0, 0;
    %flag_set/imm 4, 0;
    %assign/vec4/off/d v0x57144e6efd90_0, 4, 5;
    %jmp T_1.6;
T_1.6 ;
    %pop/vec4 1;
    %pushi/vec4 22, 0, 32;
    %load/vec4 v0x57144e6ef6f0_0;
    %cmp/s;
    %flag_get/vec4 4;
    %flag_get/vec4 5;
    %or;
    %load/vec4 v0x57144e6ef6f0_0;
    %cmpi/s 24, 0, 32;
    %flag_get/vec4 5;
    %and;
    %load/vec4 v0x57144e6f01c0_0;
    %pushi/vec4 0, 0, 32;
    %cmp/ne;
    %flag_get/vec4 4;
    %and;
    %flag_set/vec4 8;
    %pushi/vec4 75, 0, 34;
    %load/vec4 v0x57144e6ef6f0_0;
    %pad/s 34;
    %cmp/s;
    %flag_get/vec4 4;
    %flag_get/vec4 5;
    %or;
    %load/vec4 v0x57144e6ef6f0_0;
    %cmpi/s 79, 0, 32;
    %flag_get/vec4 5;
    %and;
    %load/vec4 v0x57144e6f01c0_0;
    %pushi/vec4 0, 0, 32;
    %cmp/ne;
    %flag_get/vec4 4;
    %and;
    %flag_set/vec4 9;
    %flag_or 9, 8;
    %load/vec4 v0x57144e6ef6f0_0;
    %cmpi/s 84, 0, 32;
    %flag_or 5, 4; GT is !LE
    %flag_inv 5;
    %flag_or 5, 9;
    %jmp/0xz  T_1.7, 5;
    %pushi/vec4 0, 0, 1;
    %ix/load 4, 1, 0;
    %ix/load 5, 0, 0;
    %flag_set/imm 4, 0;
    %assign/vec4/off/d v0x57144e6efa20_0, 4, 5;
    %jmp T_1.8;
T_1.7 ;
    %pushi/vec4 1, 0, 1;
    %ix/load 4, 1, 0;
    %ix/load 5, 0, 0;
    %flag_set/imm 4, 0;
    %assign/vec4/off/d v0x57144e6efa20_0, 4, 5;
T_1.8 ;
    %load/vec4 v0x57144e6ef6f0_0;
    %cmpi/e 51, 0, 32;
    %jmp/0xz  T_1.9, 4;
    %pushi/vec4 0, 0, 1;
    %ix/load 4, 1, 0;
    %ix/load 5, 0, 0;
    %flag_set/imm 4, 0;
    %assign/vec4/off/d v0x57144e6efe80_0, 4, 5;
T_1.9 ;
    %load/vec4 v0x57144e6efe80_0;
    %parti/s 1, 1, 2;
    %nor/r;
    %flag_set/vec4 8;
    %jmp/0xz  T_1.11, 8;
    %pushi/vec4 1, 0, 1;
    %ix/load 4, 1, 0;
    %ix/load 5, 0, 0;
    %flag_set/imm 4, 0;
    %assign/vec4/off/d v0x57144e6efe80_0, 4, 5;
T_1.11 ;
T_1.0 ;
    %jmp T_1;
    .thread T_1;
    .scope S_0x57144e6aa270;
T_2 ;
    %wait E_0x57144e632da0;
    %load/vec4 v0x57144e6efbc0_0;
    %flag_set/vec4 8;
    %jmp/0xz  T_2.0, 8;
    %load/vec4 v0x57144e6ef6f0_0;
    %pad/s 33;
    %addi 2, 0, 33;
    %pushi/vec4 4, 0, 33;
    %mod/s;
    %pad/s 32;
    %assign/vec4 v0x57144e69f0d0_0, 0;
    %load/vec4 v0x57144e69f0d0_0;
    %dup/vec4;
    %pushi/vec4 3, 0, 32;
    %cmp/u;
    %jmp/1 T_2.2, 6;
    %dup/vec4;
    %pushi/vec4 2, 0, 32;
    %cmp/u;
    %jmp/1 T_2.3, 6;
    %dup/vec4;
    %pushi/vec4 1, 0, 32;
    %cmp/u;
    %jmp/1 T_2.4, 6;
    %pushi/vec4 47806, 0, 16;
    %ix/load 4, 32, 0;
    %ix/load 5, 0, 0;
    %flag_set/imm 4, 0;
    %assign/vec4/off/d v0x57144e6efd90_0, 4, 5;
    %jmp T_2.6;
T_2.2 ;
    %pushi/vec4 57005, 0, 16;
    %ix/load 4, 32, 0;
    %ix/load 5, 0, 0;
    %flag_set/imm 4, 0;
    %assign/vec4/off/d v0x57144e6efd90_0, 4, 5;
    %jmp T_2.6;
T_2.3 ;
    %pushi/vec4 48815, 0, 16;
    %ix/load 4, 32, 0;
    %ix/load 5, 0, 0;
    %flag_set/imm 4, 0;
    %assign/vec4/off/d v0x57144e6efd90_0, 4, 5;
    %jmp T_2.6;
T_2.4 ;
    %pushi/vec4 51966, 0, 16;
    %ix/load 4, 32, 0;
    %ix/load 5, 0, 0;
    %flag_set/imm 4, 0;
    %assign/vec4/off/d v0x57144e6efd90_0, 4, 5;
    %jmp T_2.6;
T_2.6 ;
    %pop/vec4 1;
    %pushi/vec4 23, 0, 32;
    %load/vec4 v0x57144e6ef6f0_0;
    %cmp/s;
    %flag_get/vec4 4;
    %flag_get/vec4 5;
    %or;
    %load/vec4 v0x57144e6ef6f0_0;
    %cmpi/s 25, 0, 32;
    %flag_get/vec4 5;
    %and;
    %load/vec4 v0x57144e6f01c0_0;
    %pushi/vec4 0, 0, 32;
    %cmp/ne;
    %flag_get/vec4 4;
    %and;
    %flag_set/vec4 8;
    %pushi/vec4 74, 0, 34;
    %load/vec4 v0x57144e6ef6f0_0;
    %pad/s 34;
    %cmp/s;
    %flag_get/vec4 4;
    %flag_get/vec4 5;
    %or;
    %load/vec4 v0x57144e6ef6f0_0;
    %cmpi/s 78, 0, 32;
    %flag_get/vec4 5;
    %and;
    %load/vec4 v0x57144e6f01c0_0;
    %pushi/vec4 0, 0, 32;
    %cmp/ne;
    %flag_get/vec4 4;
    %and;
    %flag_set/vec4 9;
    %flag_or 9, 8;
    %load/vec4 v0x57144e6ef6f0_0;
    %cmpi/s 84, 0, 32;
    %flag_or 5, 4; GT is !LE
    %flag_inv 5;
    %flag_or 5, 9;
    %jmp/0xz  T_2.7, 5;
    %pushi/vec4 0, 0, 1;
    %ix/load 4, 2, 0;
    %ix/load 5, 0, 0;
    %flag_set/imm 4, 0;
    %assign/vec4/off/d v0x57144e6efa20_0, 4, 5;
    %jmp T_2.8;
T_2.7 ;
    %pushi/vec4 1, 0, 1;
    %ix/load 4, 2, 0;
    %ix/load 5, 0, 0;
    %flag_set/imm 4, 0;
    %assign/vec4/off/d v0x57144e6efa20_0, 4, 5;
T_2.8 ;
    %load/vec4 v0x57144e6ef6f0_0;
    %cmpi/e 52, 0, 32;
    %jmp/0xz  T_2.9, 4;
    %pushi/vec4 0, 0, 1;
    %ix/load 4, 2, 0;
    %ix/load 5, 0, 0;
    %flag_set/imm 4, 0;
    %assign/vec4/off/d v0x57144e6efe80_0, 4, 5;
T_2.9 ;
    %load/vec4 v0x57144e6efe80_0;
    %parti/s 1, 2, 3;
    %nor/r;
    %flag_set/vec4 8;
    %jmp/0xz  T_2.11, 8;
    %pushi/vec4 1, 0, 1;
    %ix/load 4, 2, 0;
    %ix/load 5, 0, 0;
    %flag_set/imm 4, 0;
    %assign/vec4/off/d v0x57144e6efe80_0, 4, 5;
T_2.11 ;
T_2.0 ;
    %jmp T_2;
    .thread T_2;
    .scope S_0x57144e6aa650;
T_3 ;
    %wait E_0x57144e632da0;
    %load/vec4 v0x57144e6efbc0_0;
    %flag_set/vec4 8;
    %jmp/0xz  T_3.0, 8;
    %load/vec4 v0x57144e6ef6f0_0;
    %pad/s 33;
    %addi 3, 0, 33;
    %pushi/vec4 4, 0, 33;
    %mod/s;
    %pad/s 32;
    %assign/vec4 v0x57144e68fcb0_0, 0;
    %load/vec4 v0x57144e68fcb0_0;
    %dup/vec4;
    %pushi/vec4 3, 0, 32;
    %cmp/u;
    %jmp/1 T_3.2, 6;
    %dup/vec4;
    %pushi/vec4 2, 0, 32;
    %cmp/u;
    %jmp/1 T_3.3, 6;
    %dup/vec4;
    %pushi/vec4 1, 0, 32;
    %cmp/u;
    %jmp/1 T_3.4, 6;
    %pushi/vec4 47806, 0, 16;
    %ix/load 4, 48, 0;
    %ix/load 5, 0, 0;
    %flag_set/imm 4, 0;
    %assign/vec4/off/d v0x57144e6efd90_0, 4, 5;
    %jmp T_3.6;
T_3.2 ;
    %pushi/vec4 57005, 0, 16;
    %ix/load 4, 48, 0;
    %ix/load 5, 0, 0;
    %flag_set/imm 4, 0;
    %assign/vec4/off/d v0x57144e6efd90_0, 4, 5;
    %jmp T_3.6;
T_3.3 ;
    %pushi/vec4 48815, 0, 16;
    %ix/load 4, 48, 0;
    %ix/load 5, 0, 0;
    %flag_set/imm 4, 0;
    %assign/vec4/off/d v0x57144e6efd90_0, 4, 5;
    %jmp T_3.6;
T_3.4 ;
    %pushi/vec4 51966, 0, 16;
    %ix/load 4, 48, 0;
    %ix/load 5, 0, 0;
    %flag_set/imm 4, 0;
    %assign/vec4/off/d v0x57144e6efd90_0, 4, 5;
    %jmp T_3.6;
T_3.6 ;
    %pop/vec4 1;
    %pushi/vec4 24, 0, 32;
    %load/vec4 v0x57144e6ef6f0_0;
    %cmp/s;
    %flag_get/vec4 4;
    %flag_get/vec4 5;
    %or;
    %load/vec4 v0x57144e6ef6f0_0;
    %cmpi/s 26, 0, 32;
    %flag_get/vec4 5;
    %and;
    %load/vec4 v0x57144e6f01c0_0;
    %pushi/vec4 0, 0, 32;
    %cmp/ne;
    %flag_get/vec4 4;
    %and;
    %flag_set/vec4 8;
    %pushi/vec4 73, 0, 34;
    %load/vec4 v0x57144e6ef6f0_0;
    %pad/s 34;
    %cmp/s;
    %flag_get/vec4 4;
    %flag_get/vec4 5;
    %or;
    %load/vec4 v0x57144e6ef6f0_0;
    %cmpi/s 77, 0, 32;
    %flag_get/vec4 5;
    %and;
    %load/vec4 v0x57144e6f01c0_0;
    %pushi/vec4 0, 0, 32;
    %cmp/ne;
    %flag_get/vec4 4;
    %and;
    %flag_set/vec4 9;
    %flag_or 9, 8;
    %load/vec4 v0x57144e6ef6f0_0;
    %cmpi/s 84, 0, 32;
    %flag_or 5, 4; GT is !LE
    %flag_inv 5;
    %flag_or 5, 9;
    %jmp/0xz  T_3.7, 5;
    %pushi/vec4 0, 0, 1;
    %ix/load 4, 3, 0;
    %ix/load 5, 0, 0;
    %flag_set/imm 4, 0;
    %assign/vec4/off/d v0x57144e6efa20_0, 4, 5;
    %jmp T_3.8;
T_3.7 ;
    %pushi/vec4 1, 0, 1;
    %ix/load 4, 3, 0;
    %ix/load 5, 0, 0;
    %flag_set/imm 4, 0;
    %assign/vec4/off/d v0x57144e6efa20_0, 4, 5;
T_3.8 ;
    %load/vec4 v0x57144e6ef6f0_0;
    %cmpi/e 53, 0, 32;
    %jmp/0xz  T_3.9, 4;
    %pushi/vec4 0, 0, 1;
    %ix/load 4, 3, 0;
    %ix/load 5, 0, 0;
    %flag_set/imm 4, 0;
    %assign/vec4/off/d v0x57144e6efe80_0, 4, 5;
T_3.9 ;
    %load/vec4 v0x57144e6efe80_0;
    %parti/s 1, 3, 3;
    %nor/r;
    %flag_set/vec4 8;
    %jmp/0xz  T_3.11, 8;
    %pushi/vec4 1, 0, 1;
    %ix/load 4, 3, 0;
    %ix/load 5, 0, 0;
    %flag_set/imm 4, 0;
    %assign/vec4/off/d v0x57144e6efe80_0, 4, 5;
T_3.11 ;
T_3.0 ;
    %jmp T_3;
    .thread T_3;
    .scope S_0x57144e6b8c80;
T_4 ;
    %pushi/vec4 0, 0, 2;
    %assign/vec4 v0x57144e6df660_0, 0;
    %pushi/vec4 0, 0, 2;
    %assign/vec4 v0x57144e6e0460_0, 0;
    %pushi/vec4 0, 0, 32;
    %store/vec4 v0x57144e6df740_0, 0, 32;
T_4.0 ;
    %load/vec4 v0x57144e6df740_0;
    %pad/s 33;
    %cmpi/s 3, 0, 33;
    %flag_or 5, 4;
    %jmp/0xz T_4.1, 5;
    %pushi/vec4 0, 0, 17;
    %ix/getv/s 3, v0x57144e6df740_0;
    %ix/load 4, 0, 0; Constant delay
    %assign/vec4/a/d v0x57144e6dff00, 0, 4;
    %load/vec4 v0x57144e6df740_0;
    %addi 1, 0, 32;
    %store/vec4 v0x57144e6df740_0, 0, 32;
    %jmp T_4.0;
T_4.1 ;
    %end;
    .thread T_4;
    .scope S_0x57144e6b8c80;
T_5 ;
    %wait E_0x57144e629bb0;
    %load/vec4 v0x57144e6dffc0_0;
    %flag_set/vec4 8;
    %jmp/0xz  T_5.0, 8;
    %pushi/vec4 0, 0, 1;
    %assign/vec4 v0x57144e6e02e0_0, 0;
    %pushi/vec4 0, 0, 1;
    %assign/vec4 v0x57144e6dfe40_0, 0;
    %jmp T_5.1;
T_5.0 ;
    %load/vec4 v0x57144e6dfa60_0;
    %nor/r;
    %assign/vec4 v0x57144e6e02e0_0, 0;
    %load/vec4 v0x57144e6df9a0_0;
    %nor/r;
    %assign/vec4 v0x57144e6dfe40_0, 0;
T_5.1 ;
    %jmp T_5;
    .thread T_5, $push;
    .scope S_0x57144e6b8c80;
T_6 ;
    %wait E_0x57144e632da0;
    %load/vec4 v0x57144e6dffc0_0;
    %flag_set/vec4 8;
    %jmp/0xz  T_6.0, 8;
    %pushi/vec4 0, 0, 2;
    %assign/vec4 v0x57144e6df660_0, 0;
    %pushi/vec4 0, 0, 2;
    %assign/vec4 v0x57144e6e0460_0, 0;
    %jmp T_6.1;
T_6.0 ;
    %load/vec4 v0x57144e6df4e0_0;
    %flag_set/vec4 8;
    %jmp/0xz  T_6.2, 8;
    %load/vec4 v0x57144e6e0160_0;
    %load/vec4 v0x57144e6e0080_0;
    %concat/vec4; draw_concat_vec4
    %load/vec4 v0x57144e6df660_0;
    %pad/u 4;
    %ix/vec4 3;
    %ix/load 4, 0, 0; Constant delay
    %assign/vec4/a/d v0x57144e6dff00, 0, 4;
    %load/vec4 v0x57144e6df660_0;
    %addi 1, 0, 2;
    %assign/vec4 v0x57144e6df660_0, 0;
T_6.2 ;
    %load/vec4 v0x57144e6df360_0;
    %flag_set/vec4 8;
    %jmp/0xz  T_6.4, 8;
    %load/vec4 v0x57144e6e0460_0;
    %addi 1, 0, 2;
    %assign/vec4 v0x57144e6e0460_0, 0;
T_6.4 ;
T_6.1 ;
    %jmp T_6;
    .thread T_6;
    .scope S_0x57144e6b84a0;
T_7 ;
    %wait E_0x57144e635f20;
    %load/vec4 v0x57144e6ee790_0;
    %parti/s 16, 0, 2;
    %assign/vec4 v0x57144e6e0f30_0, 0;
    %jmp T_7;
    .thread T_7, $push;
    .scope S_0x57144e6e14a0;
T_8 ;
    %pushi/vec4 0, 0, 2;
    %assign/vec4 v0x57144e6e3a20_0, 0;
    %pushi/vec4 0, 0, 2;
    %assign/vec4 v0x57144e6e4810_0, 0;
    %pushi/vec4 0, 0, 32;
    %store/vec4 v0x57144e6e3b00_0, 0, 32;
T_8.0 ;
    %load/vec4 v0x57144e6e3b00_0;
    %pad/s 33;
    %cmpi/s 3, 0, 33;
    %flag_or 5, 4;
    %jmp/0xz T_8.1, 5;
    %pushi/vec4 0, 0, 17;
    %ix/getv/s 3, v0x57144e6e3b00_0;
    %ix/load 4, 0, 0; Constant delay
    %assign/vec4/a/d v0x57144e6e42c0, 0, 4;
    %load/vec4 v0x57144e6e3b00_0;
    %addi 1, 0, 32;
    %store/vec4 v0x57144e6e3b00_0, 0, 32;
    %jmp T_8.0;
T_8.1 ;
    %end;
    .thread T_8;
    .scope S_0x57144e6e14a0;
T_9 ;
    %wait E_0x57144e6c64d0;
    %load/vec4 v0x57144e6e4380_0;
    %flag_set/vec4 8;
    %jmp/0xz  T_9.0, 8;
    %pushi/vec4 0, 0, 1;
    %assign/vec4 v0x57144e6e4690_0, 0;
    %pushi/vec4 0, 0, 1;
    %assign/vec4 v0x57144e6e4200_0, 0;
    %jmp T_9.1;
T_9.0 ;
    %load/vec4 v0x57144e6e3e20_0;
    %nor/r;
    %assign/vec4 v0x57144e6e4690_0, 0;
    %load/vec4 v0x57144e6e3d60_0;
    %nor/r;
    %assign/vec4 v0x57144e6e4200_0, 0;
T_9.1 ;
    %jmp T_9;
    .thread T_9, $push;
    .scope S_0x57144e6e14a0;
T_10 ;
    %wait E_0x57144e632da0;
    %load/vec4 v0x57144e6e4380_0;
    %flag_set/vec4 8;
    %jmp/0xz  T_10.0, 8;
    %pushi/vec4 0, 0, 2;
    %assign/vec4 v0x57144e6e3a20_0, 0;
    %pushi/vec4 0, 0, 2;
    %assign/vec4 v0x57144e6e4810_0, 0;
    %jmp T_10.1;
T_10.0 ;
    %load/vec4 v0x57144e6e38a0_0;
    %flag_set/vec4 8;
    %jmp/0xz  T_10.2, 8;
    %load/vec4 v0x57144e6e4510_0;
    %load/vec4 v0x57144e6e4450_0;
    %concat/vec4; draw_concat_vec4
    %load/vec4 v0x57144e6e3a20_0;
    %pad/u 4;
    %ix/vec4 3;
    %ix/load 4, 0, 0; Constant delay
    %assign/vec4/a/d v0x57144e6e42c0, 0, 4;
    %load/vec4 v0x57144e6e3a20_0;
    %addi 1, 0, 2;
    %assign/vec4 v0x57144e6e3a20_0, 0;
T_10.2 ;
    %load/vec4 v0x57144e6e3530_0;
    %flag_set/vec4 8;
    %jmp/0xz  T_10.4, 8;
    %load/vec4 v0x57144e6e4810_0;
    %addi 1, 0, 2;
    %assign/vec4 v0x57144e6e4810_0, 0;
T_10.4 ;
T_10.1 ;
    %jmp T_10;
    .thread T_10;
    .scope S_0x57144e6e1270;
T_11 ;
    %wait E_0x57144e635f20;
    %load/vec4 v0x57144e6ee790_0;
    %parti/s 16, 16, 6;
    %assign/vec4 v0x57144e6e5390_0, 0;
    %jmp T_11;
    .thread T_11, $push;
    .scope S_0x57144e6e5930;
T_12 ;
    %pushi/vec4 0, 0, 2;
    %assign/vec4 v0x57144e6e7eb0_0, 0;
    %pushi/vec4 0, 0, 2;
    %assign/vec4 v0x57144e6e8ce0_0, 0;
    %pushi/vec4 0, 0, 32;
    %store/vec4 v0x57144e6e7f90_0, 0, 32;
T_12.0 ;
    %load/vec4 v0x57144e6e7f90_0;
    %pad/s 33;
    %cmpi/s 3, 0, 33;
    %flag_or 5, 4;
    %jmp/0xz T_12.1, 5;
    %pushi/vec4 0, 0, 17;
    %ix/getv/s 3, v0x57144e6e7f90_0;
    %ix/load 4, 0, 0; Constant delay
    %assign/vec4/a/d v0x57144e6e8750, 0, 4;
    %load/vec4 v0x57144e6e7f90_0;
    %addi 1, 0, 32;
    %store/vec4 v0x57144e6e7f90_0, 0, 32;
    %jmp T_12.0;
T_12.1 ;
    %end;
    .thread T_12;
    .scope S_0x57144e6e5930;
T_13 ;
    %wait E_0x57144e6c6660;
    %load/vec4 v0x57144e6e8810_0;
    %flag_set/vec4 8;
    %jmp/0xz  T_13.0, 8;
    %pushi/vec4 0, 0, 1;
    %assign/vec4 v0x57144e6e8b60_0, 0;
    %pushi/vec4 0, 0, 1;
    %assign/vec4 v0x57144e6e8690_0, 0;
    %jmp T_13.1;
T_13.0 ;
    %load/vec4 v0x57144e6e82b0_0;
    %nor/r;
    %assign/vec4 v0x57144e6e8b60_0, 0;
    %load/vec4 v0x57144e6e81f0_0;
    %nor/r;
    %assign/vec4 v0x57144e6e8690_0, 0;
T_13.1 ;
    %jmp T_13;
    .thread T_13, $push;
    .scope S_0x57144e6e5930;
T_14 ;
    %wait E_0x57144e632da0;
    %load/vec4 v0x57144e6e8810_0;
    %flag_set/vec4 8;
    %jmp/0xz  T_14.0, 8;
    %pushi/vec4 0, 0, 2;
    %assign/vec4 v0x57144e6e7eb0_0, 0;
    %pushi/vec4 0, 0, 2;
    %assign/vec4 v0x57144e6e8ce0_0, 0;
    %jmp T_14.1;
T_14.0 ;
    %load/vec4 v0x57144e6e7d30_0;
    %flag_set/vec4 8;
    %jmp/0xz  T_14.2, 8;
    %load/vec4 v0x57144e6e89e0_0;
    %load/vec4 v0x57144e6e8900_0;
    %concat/vec4; draw_concat_vec4
    %load/vec4 v0x57144e6e7eb0_0;
    %pad/u 4;
    %ix/vec4 3;
    %ix/load 4, 0, 0; Constant delay
    %assign/vec4/a/d v0x57144e6e8750, 0, 4;
    %load/vec4 v0x57144e6e7eb0_0;
    %addi 1, 0, 2;
    %assign/vec4 v0x57144e6e7eb0_0, 0;
T_14.2 ;
    %load/vec4 v0x57144e6e79a0_0;
    %flag_set/vec4 8;
    %jmp/0xz  T_14.4, 8;
    %load/vec4 v0x57144e6e8ce0_0;
    %addi 1, 0, 2;
    %assign/vec4 v0x57144e6e8ce0_0, 0;
T_14.4 ;
T_14.1 ;
    %jmp T_14;
    .thread T_14;
    .scope S_0x57144e6e56d0;
T_15 ;
    %wait E_0x57144e635f20;
    %load/vec4 v0x57144e6ee790_0;
    %parti/s 16, 32, 7;
    %assign/vec4 v0x57144e6e9820_0, 0;
    %jmp T_15;
    .thread T_15, $push;
    .scope S_0x57144e6e9d90;
T_16 ;
    %pushi/vec4 0, 0, 2;
    %assign/vec4 v0x57144e6ec330_0, 0;
    %pushi/vec4 0, 0, 2;
    %assign/vec4 v0x57144e6ed110_0, 0;
    %pushi/vec4 0, 0, 32;
    %store/vec4 v0x57144e6ec410_0, 0, 32;
T_16.0 ;
    %load/vec4 v0x57144e6ec410_0;
    %pad/s 33;
    %cmpi/s 3, 0, 33;
    %flag_or 5, 4;
    %jmp/0xz T_16.1, 5;
    %pushi/vec4 0, 0, 17;
    %ix/getv/s 3, v0x57144e6ec410_0;
    %ix/load 4, 0, 0; Constant delay
    %assign/vec4/a/d v0x57144e6ecbd0, 0, 4;
    %load/vec4 v0x57144e6ec410_0;
    %addi 1, 0, 32;
    %store/vec4 v0x57144e6ec410_0, 0, 32;
    %jmp T_16.0;
T_16.1 ;
    %end;
    .thread T_16;
    .scope S_0x57144e6e9d90;
T_17 ;
    %wait E_0x57144e6c6cd0;
    %load/vec4 v0x57144e6ecc90_0;
    %flag_set/vec4 8;
    %jmp/0xz  T_17.0, 8;
    %pushi/vec4 0, 0, 1;
    %assign/vec4 v0x57144e6ecf90_0, 0;
    %pushi/vec4 0, 0, 1;
    %assign/vec4 v0x57144e6ecb10_0, 0;
    %jmp T_17.1;
T_17.0 ;
    %load/vec4 v0x57144e6ec730_0;
    %nor/r;
    %assign/vec4 v0x57144e6ecf90_0, 0;
    %load/vec4 v0x57144e6ec670_0;
    %nor/r;
    %assign/vec4 v0x57144e6ecb10_0, 0;
T_17.1 ;
    %jmp T_17;
    .thread T_17, $push;
    .scope S_0x57144e6e9d90;
T_18 ;
    %wait E_0x57144e632da0;
    %load/vec4 v0x57144e6ecc90_0;
    %flag_set/vec4 8;
    %jmp/0xz  T_18.0, 8;
    %pushi/vec4 0, 0, 2;
    %assign/vec4 v0x57144e6ec330_0, 0;
    %pushi/vec4 0, 0, 2;
    %assign/vec4 v0x57144e6ed110_0, 0;
    %jmp T_18.1;
T_18.0 ;
    %load/vec4 v0x57144e6ec1b0_0;
    %flag_set/vec4 8;
    %jmp/0xz  T_18.2, 8;
    %load/vec4 v0x57144e6ece10_0;
    %load/vec4 v0x57144e6ecd30_0;
    %concat/vec4; draw_concat_vec4
    %load/vec4 v0x57144e6ec330_0;
    %pad/u 4;
    %ix/vec4 3;
    %ix/load 4, 0, 0; Constant delay
    %assign/vec4/a/d v0x57144e6ecbd0, 0, 4;
    %load/vec4 v0x57144e6ec330_0;
    %addi 1, 0, 2;
    %assign/vec4 v0x57144e6ec330_0, 0;
T_18.2 ;
    %load/vec4 v0x57144e6ebe20_0;
    %flag_set/vec4 8;
    %jmp/0xz  T_18.4, 8;
    %load/vec4 v0x57144e6ed110_0;
    %addi 1, 0, 2;
    %assign/vec4 v0x57144e6ed110_0, 0;
T_18.4 ;
T_18.1 ;
    %jmp T_18;
    .thread T_18;
    .scope S_0x57144e6e9b60;
T_19 ;
    %wait E_0x57144e635f20;
    %load/vec4 v0x57144e6ee790_0;
    %parti/s 16, 48, 7;
    %assign/vec4 v0x57144e6edc60_0, 0;
    %jmp T_19;
    .thread T_19, $push;
    .scope S_0x57144e6b7d20;
T_20 ;
    %wait E_0x57144e632da0;
    %load/vec4 v0x57144e6eef10_0;
    %flag_set/vec4 8;
    %jmp/0xz  T_20.0, 8;
    %pushi/vec4 0, 0, 65;
    %assign/vec4 v0x57144e6ee790_0, 0;
    %pushi/vec4 0, 0, 4;
    %assign/vec4 v0x57144e6ee5d0_0, 0;
    %jmp T_20.1;
T_20.0 ;
    %load/vec4 v0x57144e6ee870_0;
    %assign/vec4 v0x57144e6ee790_0, 0;
    %load/vec4 v0x57144e6ee6b0_0;
    %assign/vec4 v0x57144e6ee5d0_0, 0;
T_20.1 ;
    %jmp T_20;
    .thread T_20;
    .scope S_0x57144e6b9060;
T_21 ;
    %vpi_call 2 47 "$dumpfile", "../vcd/tb_AXISSplitter.vcd" {0 0 0};
    %vpi_call 2 48 "$dumpvars", 32'sb00000000000000000000000000000000, S_0x57144e6b7d20 {0 0 0};
    %end;
    .thread T_21;
    .scope S_0x57144e6b9060;
T_22 ;
    %pushi/vec4 0, 0, 1;
    %store/vec4 v0x57144e6ef630_0, 0, 1;
T_22.0 ;
    %delay 3567587328, 232;
    %load/vec4 v0x57144e6ef630_0;
    %nor/r;
    %store/vec4 v0x57144e6ef630_0, 0, 1;
    %jmp T_22.0;
    %end;
    .thread T_22;
    .scope S_0x57144e6b9060;
T_23 ;
    %pushi/vec4 0, 0, 1;
    %store/vec4 v0x57144e6efc60_0, 0, 1;
    %pushi/vec4 0, 0, 1;
    %store/vec4 v0x57144e6efbc0_0, 0, 1;
    %pushi/vec4 0, 0, 64;
    %store/vec4 v0x57144e6efd90_0, 0, 64;
    %pushi/vec4 0, 0, 4;
    %store/vec4 v0x57144e6efe80_0, 0, 4;
    %pushi/vec4 0, 0, 1;
    %store/vec4 v0x57144e6f00f0_0, 0, 1;
    %pushi/vec4 0, 0, 1;
    %store/vec4 v0x57144e6eff50_0, 0, 1;
    %pushi/vec4 0, 0, 4;
    %store/vec4 v0x57144e6efa20_0, 0, 4;
    %delay 1316134912, 2328;
    %pushi/vec4 1, 0, 1;
    %store/vec4 v0x57144e6efc60_0, 0, 1;
    %delay 1316134912, 2328;
    %pushi/vec4 0, 0, 1;
    %store/vec4 v0x57144e6efc60_0, 0, 1;
    %delay 1316134912, 2328;
    %pushi/vec4 0, 0, 32;
    %store/vec4 v0x57144e6ef6f0_0, 0, 32;
    %pushi/vec4 1, 0, 1;
    %store/vec4 v0x57144e6efbc0_0, 0, 1;
    %wait E_0x57144e632da0;
    %delay 3567587328, 232;
    %pushi/vec4 15, 0, 4;
    %store/vec4 v0x57144e6efa20_0, 0, 4;
    %delay 1382236160, 116415;
    %vpi_call 2 79 "$finish" {0 0 0};
    %end;
    .thread T_23;
    .scope S_0x57144e6b9060;
T_24 ;
    %wait E_0x57144e632da0;
    %load/vec4 v0x57144e6efbc0_0;
    %flag_set/vec4 8;
    %jmp/0xz  T_24.0, 8;
    %vpi_call 2 88 "$display", "Count : %d -- %d:%d:%d:%X:%X:%X", v0x57144e6ef6f0_0, v0x57144e6f0020_0, v0x57144e6f00f0_0, v0x57144e6eff50_0, v0x57144e6efa20_0, v0x57144e6efaf0_0, v0x57144e6ef980_0 {0 0 0};
    %load/vec4 v0x57144e6f0020_0;
    %load/vec4 v0x57144e6f00f0_0;
    %and;
    %flag_set/vec4 8;
    %jmp/0xz  T_24.2, 8;
    %load/vec4 v0x57144e6ef6f0_0;
    %addi 1, 0, 32;
    %assign/vec4 v0x57144e6ef6f0_0, 0;
T_24.2 ;
    %load/vec4 v0x57144e6f00f0_0;
    %nor/r;
    %load/vec4 v0x57144e6ef6f0_0;
    %cmpi/s 60, 0, 32;
    %flag_get/vec4 5;
    %and;
    %flag_set/vec4 8;
    %jmp/0xz  T_24.4, 8;
    %pushi/vec4 1, 0, 1;
    %assign/vec4 v0x57144e6f00f0_0, 0;
T_24.4 ;
    %load/vec4 v0x57144e6ef6f0_0;
    %cmpi/e 24, 0, 32;
    %flag_mov 8, 4;
    %load/vec4 v0x57144e6ef6f0_0;
    %cmpi/e 52, 0, 32;
    %flag_or 4, 8;
    %flag_mov 8, 4;
    %load/vec4 v0x57144e6ef6f0_0;
    %cmpi/e 76, 0, 32;
    %flag_or 4, 8;
    %jmp/0xz  T_24.6, 4;
    %pushi/vec4 1, 0, 1;
    %assign/vec4 v0x57144e6eff50_0, 0;
T_24.6 ;
    %load/vec4 v0x57144e6f0020_0;
    %load/vec4 v0x57144e6eff50_0;
    %and;
    %flag_set/vec4 8;
    %load/vec4 v0x57144e6ef6f0_0;
    %cmpi/s 84, 0, 32;
    %flag_or 5, 4; GT is !LE
    %flag_inv 5;
    %flag_or 5, 8;
    %jmp/0xz  T_24.8, 5;
    %pushi/vec4 0, 0, 1;
    %assign/vec4 v0x57144e6eff50_0, 0;
    %pushi/vec4 0, 0, 1;
    %assign/vec4 v0x57144e6f00f0_0, 0;
T_24.8 ;
    %load/vec4 v0x57144e6ef6f0_0;
    %pushi/vec4 25, 0, 32;
    %cmp/e;
    %flag_get/vec4 4;
    %load/vec4 v0x57144e6efaf0_0;
    %pushi/vec4 0, 0, 4;
    %cmp/ne;
    %flag_get/vec4 4;
    %and;
    %flag_set/vec4 8;
    %jmp/0xz  T_24.10, 8;
    %pushi/vec4 0, 0, 1;
    %assign/vec4 v0x57144e6f00f0_0, 0;
T_24.10 ;
    %pushi/vec4 84, 0, 32;
    %load/vec4 v0x57144e6ef6f0_0;
    %cmp/s;
    %flag_get/vec4 5;
    %load/vec4 v0x57144e6f01c0_0;
    %nor/r;
    %and;
    %flag_set/vec4 8;
    %jmp/0xz  T_24.12, 8;
    %vpi_call 2 106 "$finish" {0 0 0};
T_24.12 ;
    %load/vec4 v0x57144e6ef6f0_0;
    %assign/vec4 v0x57144e6ef7d0_0, 0;
    %load/vec4 v0x57144e6ef6f0_0;
    %load/vec4 v0x57144e6ef7d0_0;
    %cmp/e;
    %flag_mov 8, 4;
    %load/vec4 v0x57144e6f00f0_0;
    %load/vec4 v0x57144e6efa20_0;
    %pushi/vec4 0, 0, 4;
    %cmp/ne;
    %flag_get/vec4 4;
    %or;
    %nor/r;
    %flag_set/vec4 9;
    %flag_or 9, 8;
    %jmp/0xz  T_24.14, 9;
    %load/vec4 v0x57144e6f01c0_0;
    %cmpi/ne 0, 0, 32;
    %jmp/0xz  T_24.16, 4;
    %load/vec4 v0x57144e6f01c0_0;
    %subi 1, 0, 32;
    %assign/vec4 v0x57144e6f01c0_0, 0;
    %jmp T_24.17;
T_24.16 ;
    %pushi/vec4 3, 0, 32;
    %assign/vec4 v0x57144e6f01c0_0, 0;
T_24.17 ;
    %jmp T_24.15;
T_24.14 ;
    %pushi/vec4 3, 0, 32;
    %assign/vec4 v0x57144e6f01c0_0, 0;
T_24.15 ;
T_24.0 ;
    %jmp T_24;
    .thread T_24;
# The file index is used to find the file name in the following table.
:file_names 4;
    "N/A";
    "<interactive>";
    "/tmp/tmpuecl0n55";
    "/home/ketak/Public/gvenit/kan-fpga/rtl/AXISFifo.v";
