#! /usr/bin/vvp
:ivl_version "12.0 (stable)";
:ivl_delay_selection "TYPICAL";
:vpi_time_precision - 12;
:vpi_module "/usr/lib/x86_64-linux-gnu/ivl/system.vpi";
:vpi_module "/usr/lib/x86_64-linux-gnu/ivl/vhdl_sys.vpi";
:vpi_module "/usr/lib/x86_64-linux-gnu/ivl/vhdl_textio.vpi";
:vpi_module "/usr/lib/x86_64-linux-gnu/ivl/v2005_math.vpi";
:vpi_module "/usr/lib/x86_64-linux-gnu/ivl/va_math.vpi";
S_0x55bd7dc952f0 .scope module, "tb_LinearProcessingElement" "tb_LinearProcessingElement" 2 6;
 .timescale -9 -12;
P_0x55bd7dca5a00 .param/l "DATA_WIDTH_L_R" 1 2 27, +C4<00000000000000000000000000010000>;
P_0x55bd7dca5a40 .param/l "DATA_WIDTH_OP0" 1 2 15, +C4<00000000000000000000000000010000>;
P_0x55bd7dca5a80 .param/l "DATA_WIDTH_OP1" 1 2 18, +C4<00000000000000000000000000010000>;
P_0x55bd7dca5ac0 .param/l "DATA_WIDTH_RSLT" 1 2 21, +C4<00000000000000000000000000010000>;
P_0x55bd7dca5b00 .param/l "DATA_WIDTH_U_D" 1 2 26, +C4<00000000000000000000000000010000>;
P_0x55bd7dca5b40 .param/l "FRACTIONAL_BITS_OP0" 1 2 16, +C4<00000000000000000000000000001101>;
P_0x55bd7dca5b80 .param/l "FRACTIONAL_BITS_OP1" 1 2 20, +C4<00000000000000000000000000001111>;
P_0x55bd7dca5bc0 .param/l "FRACTIONAL_BITS_RSLT" 1 2 22, +C4<00000000000000000000000000001111>;
P_0x55bd7dca5c00 .param/l "IS_UNSIGNED_OP0" 1 2 17, +C4<00000000000000000000000000000000>;
P_0x55bd7dca5c40 .param/l "IS_UNSIGNED_OP1" 1 2 19, +C4<00000000000000000000000000000000>;
P_0x55bd7dca5c80 .param/l "OP1_USER_MASK" 1 2 28, +C4<00000000000000000000000000000001000000>;
P_0x55bd7dca5cc0 .param/l "OUTPUT_DEST" 1 2 24, +C4<00000000000000000000000000000001>;
P_0x55bd7dca5d00 .param/l "OUTPUT_ID" 1 2 25, +C4<00000000000000000000000000000001>;
P_0x55bd7dca5d40 .param/l "PE_NUMBER_I" 1 2 11, +C4<00000000000000000000000000000100>;
P_0x55bd7dca5d80 .param/l "PE_NUMBER_J" 1 2 12, +C4<00000000000000000000000000000100>;
P_0x55bd7dca5dc0 .param/l "PE_POSITION_I" 1 2 13, +C4<00000000000000000000000000000001>;
P_0x55bd7dca5e00 .param/l "PE_POSITION_J" 1 2 14, +C4<00000000000000000000000000000001>;
P_0x55bd7dca5e40 .param/l "RSLT_USER_MASK" 1 2 29, +C4<000000000000000000000000000000010000000>;
P_0x55bd7dca5e80 .param/l "USER_WIDTH" 1 2 23, +C4<00000000000000000000000000001000>;
v0x55bd7dcc9740_0 .var/i "_tmp_0", 31 0;
v0x55bd7dcc9840_0 .var/i "_tmp_1", 31 0;
v0x55bd7dcc9920_0 .var "clk", 0 0;
v0x55bd7dcc99f0_0 .var/i "count2_op0", 31 0;
v0x55bd7dcc9ab0_0 .var/i "count2_op1", 31 0;
v0x55bd7dcc9be0_0 .var/i "count_op0", 31 0;
v0x55bd7dcc9cc0_0 .var/i "count_op1", 31 0;
v0x55bd7dcc9da0_0 .net "err_unalligned_data", 0 0, L_0x55bd7dcddb80;  1 drivers
v0x55bd7dcc9e90_0 .net "err_user_flag", 0 0, L_0x55bd7dcddbf0;  1 drivers
v0x55bd7dcc9f30_0 .net "m_axis_down_tdata", 15 0, L_0x55bd7dcdf530;  1 drivers
v0x55bd7dcca040_0 .net "m_axis_down_tlast", 0 0, L_0x55bd7dcdf6a0;  1 drivers
v0x55bd7dcca130_0 .var "m_axis_down_tready", 0 0;
v0x55bd7dcca220_0 .net "m_axis_down_tuser", 7 0, L_0x55bd7dcdf710;  1 drivers
v0x55bd7dcca330_0 .net "m_axis_down_tvalid", 0 0, L_0x55bd7dcdf5a0;  1 drivers
v0x55bd7dcca420_0 .net "m_axis_right_tdata", 15 0, L_0x55bd7dcdf930;  1 drivers
v0x55bd7dcca530_0 .net "m_axis_right_tlast", 0 0, L_0x55bd7dcdfaa0;  1 drivers
v0x55bd7dcca620_0 .var "m_axis_right_tready", 0 0;
v0x55bd7dcca710_0 .net "m_axis_right_tvalid", 0 0, L_0x55bd7dcdf9a0;  1 drivers
v0x55bd7dcca800_0 .var "reset_done", 0 0;
v0x55bd7dcca8c0_0 .var "rst", 0 0;
v0x55bd7dcca960_0 .var "s_axis_left_tdata", 15 0;
v0x55bd7dccaa70_0 .var "s_axis_left_tlast", 0 0;
v0x55bd7dccab60_0 .net "s_axis_left_tready", 0 0, L_0x55bd7dcde9f0;  1 drivers
v0x55bd7dccac00_0 .var "s_axis_left_tvalid", 0 0;
v0x55bd7dccaca0_0 .var "s_axis_up_tdata", 15 0;
v0x55bd7dccad90_0 .var "s_axis_up_tlast", 0 0;
v0x55bd7dccae80_0 .net "s_axis_up_tready", 0 0, L_0x55bd7dcddd40;  1 drivers
v0x55bd7dccaf20_0 .var "s_axis_up_tuser", 7 0;
v0x55bd7dccb010_0 .var "s_axis_up_tvalid", 0 0;
v0x55bd7dccb0b0_0 .var/i "timer_op0", 31 0;
v0x55bd7dccb150_0 .var/i "timer_op1", 31 0;
S_0x55bd7dc6bde0 .scope module, "uut" "LinearProcessingElement" 2 76, 3 21 0, S_0x55bd7dc952f0;
 .timescale -9 -12;
    .port_info 0 /INPUT 1 "clk";
    .port_info 1 /INPUT 1 "rst";
    .port_info 2 /INPUT 16 "s_axis_up_tdata";
    .port_info 3 /INPUT 1 "s_axis_up_tvalid";
    .port_info 4 /OUTPUT 1 "s_axis_up_tready";
    .port_info 5 /INPUT 1 "s_axis_up_tlast";
    .port_info 6 /INPUT 8 "s_axis_up_tuser";
    .port_info 7 /INPUT 16 "s_axis_left_tdata";
    .port_info 8 /INPUT 1 "s_axis_left_tvalid";
    .port_info 9 /OUTPUT 1 "s_axis_left_tready";
    .port_info 10 /INPUT 1 "s_axis_left_tlast";
    .port_info 11 /OUTPUT 16 "m_axis_down_tdata";
    .port_info 12 /OUTPUT 1 "m_axis_down_tvalid";
    .port_info 13 /INPUT 1 "m_axis_down_tready";
    .port_info 14 /OUTPUT 1 "m_axis_down_tlast";
    .port_info 15 /OUTPUT 8 "m_axis_down_tuser";
    .port_info 16 /OUTPUT 16 "m_axis_right_tdata";
    .port_info 17 /OUTPUT 1 "m_axis_right_tvalid";
    .port_info 18 /INPUT 1 "m_axis_right_tready";
    .port_info 19 /OUTPUT 1 "m_axis_right_tlast";
    .port_info 20 /OUTPUT 1 "err_unalligned_data";
    .port_info 21 /OUTPUT 1 "err_user_flag";
P_0x55bd7dca5ed0 .param/l "DATA_WIDTH_L_R" 0 3 55, +C4<00000000000000000000000000010000>;
P_0x55bd7dca5f10 .param/l "DATA_WIDTH_OP0" 0 3 31, +C4<00000000000000000000000000010000>;
P_0x55bd7dca5f50 .param/l "DATA_WIDTH_OP1" 0 3 37, +C4<00000000000000000000000000010000>;
P_0x55bd7dca5f90 .param/l "DATA_WIDTH_RSLT" 0 3 43, +C4<00000000000000000000000000010000>;
P_0x55bd7dca5fd0 .param/l "DATA_WIDTH_U_D" 0 3 53, +C4<00000000000000000000000000010000>;
P_0x55bd7dca6010 .param/l "FRACTIONAL_BITS_OP0" 0 3 33, +C4<00000000000000000000000000001101>;
P_0x55bd7dca6050 .param/l "FRACTIONAL_BITS_OP1" 0 3 41, +C4<00000000000000000000000000001111>;
P_0x55bd7dca6090 .param/l "FRACTIONAL_BITS_RSLT" 0 3 45, +C4<00000000000000000000000000001111>;
P_0x55bd7dca60d0 .param/l "IS_UNSIGNED_OP0" 0 3 35, +C4<00000000000000000000000000000000>;
P_0x55bd7dca6110 .param/l "IS_UNSIGNED_OP1" 0 3 39, +C4<00000000000000000000000000000000>;
P_0x55bd7dca6150 .param/l "MAC_OP_SIZE" 1 3 106, +C4<00000000000000000000000000000100000>;
P_0x55bd7dca6190 .param/l "MAC_RSLT_LSB" 1 3 107, +C4<0000000000000000000000000000001101>;
P_0x55bd7dca61d0 .param/l "MAC_RSLT_MSB" 1 3 108, +C4<000000000000000000000000000000011100>;
P_0x55bd7dca6210 .param/l "MLT_OP_SIZE" 1 3 105, +C4<00000000000000000000000000000100000>;
P_0x55bd7dca6250 .param/l "OP1_USER_MASK" 0 3 57, +C4<00000000000000000000000000000001000000>;
P_0x55bd7dca6290 .param/l "OUTPUT_DEST" 0 3 49, +C4<00000000000000000000000000000001>;
P_0x55bd7dca62d0 .param/l "OUTPUT_ID" 0 3 51, +C4<00000000000000000000000000000001>;
P_0x55bd7dca6310 .param/l "PE_NUMBER_I" 0 3 23, +C4<00000000000000000000000000000100>;
P_0x55bd7dca6350 .param/l "PE_NUMBER_J" 0 3 25, +C4<00000000000000000000000000000100>;
P_0x55bd7dca6390 .param/l "PE_POSITION_I" 0 3 27, +C4<00000000000000000000000000000001>;
P_0x55bd7dca63d0 .param/l "PE_POSITION_J" 0 3 29, +C4<00000000000000000000000000000001>;
P_0x55bd7dca6410 .param/l "RSLT_USER_MASK" 0 3 59, +C4<000000000000000000000000000000010000000>;
P_0x55bd7dca6450 .param/l "USER_WIDTH" 0 3 47, +C4<00000000000000000000000000001000>;
L_0x55bd7dcddd40 .functor AND 1, v0x55bd7dcbe500_0, v0x55bd7dcc4db0_0, C4<1>, C4<1>;
L_0x55bd7dcde740 .functor AND 1, v0x55bd7dccb010_0, v0x55bd7dcc4db0_0, C4<1>, C4<1>;
L_0x55bd7dcde9f0 .functor AND 1, v0x55bd7dcb91e0_0, v0x55bd7dcc4c30_0, C4<1>, C4<1>;
L_0x55bd7dcdf360 .functor AND 1, v0x55bd7dccac00_0, v0x55bd7dcc4c30_0, C4<1>, C4<1>;
L_0x55bd7dcdfd60 .functor BUFZ 16, v0x55bd7dcb8a80_0, C4<0000000000000000>, C4<0000000000000000>, C4<0000000000000000>;
L_0x55bd7dcdfe60 .functor AND 1, L_0x55bd7dcdeb90, v0x55bd7dcc30f0_0, C4<1>, C4<1>;
L_0x55bd7dce0040 .functor AND 1, L_0x55bd7dcdfe60, L_0x55bd7dcdff40, C4<1>, C4<1>;
L_0x55bd7dce00b0 .functor AND 1, L_0x55bd7dcdfb70, v0x55bd7dcc30f0_0, C4<1>, C4<1>;
L_0x55bd7dce0200 .functor OR 1, L_0x55bd7dce00b0, v0x55bd7dcc25e0_0, C4<0>, C4<0>;
L_0x55bd7dce0390 .functor BUFZ 1, v0x55bd7dcb8e00_0, C4<0>, C4<0>, C4<0>;
L_0x55bd7dce06a0 .functor AND 1, L_0x55bd7dcddf30, v0x55bd7dcc3270_0, C4<1>, C4<1>;
L_0x55bd7dce07b0 .functor AND 1, L_0x55bd7dce06a0, L_0x55bd7dce0710, C4<1>, C4<1>;
L_0x55bd7dce05a0 .functor AND 1, L_0x55bd7dcdf800, v0x55bd7dcc3270_0, C4<1>, C4<1>;
L_0x55bd7dce0b00 .functor OR 1, L_0x55bd7dce05a0, L_0x55bd7dcdd650, C4<0>, C4<0>;
L_0x7fadb3343be8 .functor BUFT 1, C4<000000000000000000000000000000010000001>, C4<0>, C4<0>, C4<0>;
v0x55bd7dcc5250_0 .net/2u *"_ivl_100", 38 0, L_0x7fadb3343be8;  1 drivers
v0x55bd7dcc5350_0 .net *"_ivl_102", 38 0, L_0x55bd7dce0f30;  1 drivers
L_0x7fadb3343c30 .functor BUFT 1, C4<0000000000000000000000000000000>, C4<0>, C4<0>, C4<0>;
v0x55bd7dcc5430_0 .net *"_ivl_105", 30 0, L_0x7fadb3343c30;  1 drivers
v0x55bd7dcc5520_0 .net *"_ivl_106", 38 0, L_0x55bd7dce1020;  1 drivers
L_0x7fadb3343060 .functor BUFT 1, C4<0000000000000000>, C4<0>, C4<0>, C4<0>;
v0x55bd7dcc5600_0 .net *"_ivl_11", 15 0, L_0x7fadb3343060;  1 drivers
L_0x7fadb33430a8 .functor BUFT 1, C4<00000000000000000000000000000000>, C4<0>, C4<0>, C4<0>;
v0x55bd7dcc56e0_0 .net/2u *"_ivl_14", 31 0, L_0x7fadb33430a8;  1 drivers
v0x55bd7dcc57c0_0 .net *"_ivl_4", 31 0, L_0x55bd7dccb450;  1 drivers
v0x55bd7dcc58a0_0 .net *"_ivl_62", 0 0, L_0x55bd7dcdfe60;  1 drivers
v0x55bd7dcc5980_0 .net *"_ivl_65", 0 0, L_0x55bd7dcdff40;  1 drivers
v0x55bd7dcc5ad0_0 .net *"_ivl_68", 0 0, L_0x55bd7dce00b0;  1 drivers
L_0x7fadb3343018 .functor BUFT 1, C4<0000000000000000>, C4<0>, C4<0>, C4<0>;
v0x55bd7dcc5bb0_0 .net *"_ivl_7", 15 0, L_0x7fadb3343018;  1 drivers
v0x55bd7dcc5c90_0 .net *"_ivl_74", 15 0, L_0x55bd7dce0460;  1 drivers
L_0x7fadb3343b10 .functor BUFT 1, C4<1>, C4<0>, C4<0>, C4<0>;
v0x55bd7dcc5d70_0 .net/2u *"_ivl_78", 0 0, L_0x7fadb3343b10;  1 drivers
v0x55bd7dcc5e50_0 .net *"_ivl_8", 31 0, L_0x55bd7dcdb5a0;  1 drivers
v0x55bd7dcc5f30_0 .net *"_ivl_80", 0 0, L_0x55bd7dce06a0;  1 drivers
v0x55bd7dcc6010_0 .net *"_ivl_83", 0 0, L_0x55bd7dce0710;  1 drivers
v0x55bd7dcc60d0_0 .net *"_ivl_84", 0 0, L_0x55bd7dce07b0;  1 drivers
L_0x7fadb3343b58 .functor BUFT 1, C4<0>, C4<0>, C4<0>, C4<0>;
v0x55bd7dcc61b0_0 .net/2u *"_ivl_88", 0 0, L_0x7fadb3343b58;  1 drivers
v0x55bd7dcc6290_0 .net *"_ivl_90", 0 0, L_0x55bd7dce05a0;  1 drivers
v0x55bd7dcc6370_0 .net *"_ivl_92", 0 0, L_0x55bd7dce0b00;  1 drivers
L_0x7fadb3343ba0 .functor BUFT 1, C4<0>, C4<0>, C4<0>, C4<0>;
v0x55bd7dcc6450_0 .net/2u *"_ivl_96", 0 0, L_0x7fadb3343ba0;  1 drivers
v0x55bd7dcc6530_0 .net "bypass_adder", 0 0, L_0x55bd7dcdd9f0;  1 drivers
v0x55bd7dcc65d0_0 .net "clk", 0 0, v0x55bd7dcc9920_0;  1 drivers
v0x55bd7dcc6670_0 .net "drop_l", 0 0, v0x55bd7dcc25e0_0;  1 drivers
v0x55bd7dcc6740_0 .net "drop_u", 0 0, L_0x55bd7dcdd650;  1 drivers
v0x55bd7dcc6810_0 .net "err_unalligned_data", 0 0, L_0x55bd7dcddb80;  alias, 1 drivers
v0x55bd7dcc68e0_0 .net "err_user_flag", 0 0, L_0x55bd7dcddbf0;  alias, 1 drivers
v0x55bd7dcc69b0_0 .net "export_rslt", 0 0, L_0x55bd7dcdd760;  1 drivers
v0x55bd7dcc6a80_0 .net "forward_l", 0 0, v0x55bd7dcc30f0_0;  1 drivers
v0x55bd7dcc6b50_0 .net "forward_u", 0 0, v0x55bd7dcc3270_0;  1 drivers
v0x55bd7dcc6c20_0 .net "int_axis_down_tdata", 15 0, L_0x55bd7dce0500;  1 drivers
v0x55bd7dcc6cf0_0 .net "int_axis_down_tlast", 0 0, L_0x55bd7dce0db0;  1 drivers
v0x55bd7dcc6dc0_0 .net "int_axis_down_tready", 0 0, L_0x55bd7dcdf800;  1 drivers
v0x55bd7dcc6e60_0 .net "int_axis_down_tuser", 7 0, L_0x55bd7dce1200;  1 drivers
v0x55bd7dcc6f00_0 .net "int_axis_down_tvalid", 0 0, L_0x55bd7dce08c0;  1 drivers
v0x55bd7dcc6fa0_0 .net "int_axis_left_tdata", 15 0, v0x55bd7dcb8a80_0;  1 drivers
v0x55bd7dcc7040_0 .net "int_axis_left_tlast", 0 0, v0x55bd7dcb8e00_0;  1 drivers
v0x55bd7dcc70e0_0 .net "int_axis_left_tready", 0 0, L_0x55bd7dce0200;  1 drivers
v0x55bd7dcc71d0_0 .net "int_axis_left_tvalid", 0 0, L_0x55bd7dcdeb90;  1 drivers
v0x55bd7dcc72c0_0 .net "int_axis_right_tdata", 15 0, L_0x55bd7dcdfd60;  1 drivers
v0x55bd7dcc7360_0 .net "int_axis_right_tlast", 0 0, L_0x55bd7dce0390;  1 drivers
v0x55bd7dcc7400_0 .net "int_axis_right_tready", 0 0, L_0x55bd7dcdfb70;  1 drivers
v0x55bd7dcc74f0_0 .net "int_axis_right_tvalid", 0 0, L_0x55bd7dce0040;  1 drivers
v0x55bd7dcc75e0_0 .net "int_axis_up_tdata", 15 0, v0x55bd7dcbdda0_0;  1 drivers
v0x55bd7dcc7680_0 .net "int_axis_up_tlast", 0 0, v0x55bd7dcbe120_0;  1 drivers
v0x55bd7dcc7770_0 .net "int_axis_up_tready", 0 0, L_0x55bd7dce0c80;  1 drivers
v0x55bd7dcc7860_0 .net "int_axis_up_tuser", 7 0, v0x55bd7dcbe1e0_0;  1 drivers
v0x55bd7dcc7950_0 .net "int_axis_up_tvalid", 0 0, L_0x55bd7dcddf30;  1 drivers
v0x55bd7dcc7a40_0 .net "m_axis_down_tdata", 15 0, L_0x55bd7dcdf530;  alias, 1 drivers
v0x55bd7dcc7ae0_0 .net "m_axis_down_tlast", 0 0, L_0x55bd7dcdf6a0;  alias, 1 drivers
v0x55bd7dcc7b80_0 .net "m_axis_down_tready", 0 0, v0x55bd7dcca130_0;  1 drivers
v0x55bd7dcc7c20_0 .net "m_axis_down_tuser", 7 0, L_0x55bd7dcdf710;  alias, 1 drivers
v0x55bd7dcc7cc0_0 .net "m_axis_down_tvalid", 0 0, L_0x55bd7dcdf5a0;  alias, 1 drivers
v0x55bd7dcc7d60_0 .net "m_axis_right_tdata", 15 0, L_0x55bd7dcdf930;  alias, 1 drivers
v0x55bd7dcc7e00_0 .net "m_axis_right_tlast", 0 0, L_0x55bd7dcdfaa0;  alias, 1 drivers
v0x55bd7dcc7ed0_0 .net "m_axis_right_tready", 0 0, v0x55bd7dcca620_0;  1 drivers
v0x55bd7dcc7fa0_0 .net "m_axis_right_tvalid", 0 0, L_0x55bd7dcdf9a0;  alias, 1 drivers
v0x55bd7dcc8070_0 .net "mult_op0", 15 0, L_0x55bd7dccb230;  1 drivers
v0x55bd7dcc8110_0 .net "mult_op1", 15 0, L_0x55bd7dccb340;  1 drivers
v0x55bd7dcc81b0_0 .net "mult_res", 31 0, L_0x55bd7dcdb6e0;  1 drivers
v0x55bd7dcc8250_0 .net "op_start", 0 0, v0x55bd7dcc4250_0;  1 drivers
v0x55bd7dcc8320_0 .net "partial_sum_fb", 31 0, L_0x55bd7dcdb820;  1 drivers
v0x55bd7dcc83c0_0 .var "partial_sum_reg", 31 0;
v0x55bd7dcc8460_0 .net "partial_sum_reg_next", 31 0, L_0x55bd7dcdbae0;  1 drivers
v0x55bd7dcc8500_0 .net "partial_sum_rslt", 31 0, L_0x55bd7dcdb9a0;  1 drivers
v0x55bd7dcc89b0_0 .net "rslt", 15 0, L_0x55bd7dcdbc70;  1 drivers
v0x55bd7dcc8a50_0 .net "rst", 0 0, v0x55bd7dcca8c0_0;  1 drivers
v0x55bd7dcc8af0_0 .net "s_axis_left_tdata", 15 0, v0x55bd7dcca960_0;  1 drivers
v0x55bd7dcc8be0_0 .net "s_axis_left_tlast", 0 0, v0x55bd7dccaa70_0;  1 drivers
v0x55bd7dcc8cb0_0 .net "s_axis_left_tready", 0 0, L_0x55bd7dcde9f0;  alias, 1 drivers
v0x55bd7dcc8d50_0 .net "s_axis_left_tready_int", 0 0, v0x55bd7dcb91e0_0;  1 drivers
v0x55bd7dcc8e20_0 .net "s_axis_left_tvalid", 0 0, v0x55bd7dccac00_0;  1 drivers
v0x55bd7dcc8ec0_0 .net "s_axis_up_tdata", 15 0, v0x55bd7dccaca0_0;  1 drivers
v0x55bd7dcc8f90_0 .net "s_axis_up_tlast", 0 0, v0x55bd7dccad90_0;  1 drivers
v0x55bd7dcc9060_0 .net "s_axis_up_tready", 0 0, L_0x55bd7dcddd40;  alias, 1 drivers
v0x55bd7dcc9100_0 .net "s_axis_up_tready_int", 0 0, v0x55bd7dcbe500_0;  1 drivers
v0x55bd7dcc91d0_0 .net "s_axis_up_tuser", 7 0, v0x55bd7dccaf20_0;  1 drivers
v0x55bd7dcc92a0_0 .net "s_axis_up_tvalid", 0 0, v0x55bd7dccb010_0;  1 drivers
v0x55bd7dcc9340_0 .net "store_l", 0 0, v0x55bd7dcc4c30_0;  1 drivers
v0x55bd7dcc9410_0 .net "store_u", 0 0, v0x55bd7dcc4db0_0;  1 drivers
L_0x55bd7dccb230 .concat [ 16 0 0 0], v0x55bd7dcb8a80_0;
L_0x55bd7dccb340 .concat [ 16 0 0 0], v0x55bd7dcbdda0_0;
L_0x55bd7dccb450 .concat [ 16 16 0 0], L_0x55bd7dccb230, L_0x7fadb3343018;
L_0x55bd7dcdb5a0 .concat [ 16 16 0 0], L_0x55bd7dccb340, L_0x7fadb3343060;
L_0x55bd7dcdb6e0 .arith/mult 32, L_0x55bd7dccb450, L_0x55bd7dcdb5a0;
L_0x55bd7dcdb820 .functor MUXZ 32, v0x55bd7dcc83c0_0, L_0x7fadb33430a8, v0x55bd7dcc4250_0, C4<>;
L_0x55bd7dcdb9a0 .arith/sum 32, L_0x55bd7dcdb820, L_0x55bd7dcdb6e0;
L_0x55bd7dcdbae0 .functor MUXZ 32, L_0x55bd7dcdb9a0, L_0x55bd7dcdb820, L_0x55bd7dcdd9f0, C4<>;
L_0x55bd7dcdbc70 .part v0x55bd7dcc83c0_0, 13, 16;
L_0x55bd7dcdff40 .reduce/nor v0x55bd7dcc25e0_0;
L_0x55bd7dce0460 .concat [ 16 0 0 0], L_0x55bd7dcdbc70;
L_0x55bd7dce0500 .functor MUXZ 16, v0x55bd7dcbdda0_0, L_0x55bd7dce0460, L_0x55bd7dcdd760, C4<>;
L_0x55bd7dce0710 .reduce/nor L_0x55bd7dcdd650;
L_0x55bd7dce08c0 .functor MUXZ 1, L_0x55bd7dce07b0, L_0x7fadb3343b10, L_0x55bd7dcdd760, C4<>;
L_0x55bd7dce0c80 .functor MUXZ 1, L_0x55bd7dce0b00, L_0x7fadb3343b58, L_0x55bd7dcdd760, C4<>;
L_0x55bd7dce0db0 .functor MUXZ 1, v0x55bd7dcbe120_0, L_0x7fadb3343ba0, L_0x55bd7dcdd760, C4<>;
L_0x55bd7dce0f30 .concat [ 8 31 0 0], v0x55bd7dcbe1e0_0, L_0x7fadb3343c30;
L_0x55bd7dce1020 .functor MUXZ 39, L_0x55bd7dce0f30, L_0x7fadb3343be8, L_0x55bd7dcdd760, C4<>;
L_0x55bd7dce1200 .part L_0x55bd7dce1020, 0, 8;
S_0x55bd7dc6c1c0 .scope module, "axis_register_down_inst" "axis_register" 3 315, 4 34 0, S_0x55bd7dc6bde0;
 .timescale -9 -12;
    .port_info 0 /INPUT 1 "clk";
    .port_info 1 /INPUT 1 "rst";
    .port_info 2 /INPUT 16 "s_axis_tdata";
    .port_info 3 /INPUT 1 "s_axis_tkeep";
    .port_info 4 /INPUT 1 "s_axis_tvalid";
    .port_info 5 /OUTPUT 1 "s_axis_tready";
    .port_info 6 /INPUT 1 "s_axis_tlast";
    .port_info 7 /INPUT 1 "s_axis_tid";
    .port_info 8 /INPUT 1 "s_axis_tdest";
    .port_info 9 /INPUT 8 "s_axis_tuser";
    .port_info 10 /OUTPUT 16 "m_axis_tdata";
    .port_info 11 /OUTPUT 1 "m_axis_tkeep";
    .port_info 12 /OUTPUT 1 "m_axis_tvalid";
    .port_info 13 /INPUT 1 "m_axis_tready";
    .port_info 14 /OUTPUT 1 "m_axis_tlast";
    .port_info 15 /OUTPUT 1 "m_axis_tid";
    .port_info 16 /OUTPUT 1 "m_axis_tdest";
    .port_info 17 /OUTPUT 8 "m_axis_tuser";
P_0x55bd7dc2bc10 .param/l "DATA_WIDTH" 0 4 37, +C4<00000000000000000000000000010000>;
P_0x55bd7dc2bc50 .param/l "DEST_ENABLE" 0 4 49, +C4<00000000000000000000000000000000>;
P_0x55bd7dc2bc90 .param/l "DEST_WIDTH" 0 4 51, +C4<00000000000000000000000000000001>;
P_0x55bd7dc2bcd0 .param/l "ID_ENABLE" 0 4 45, +C4<00000000000000000000000000000000>;
P_0x55bd7dc2bd10 .param/l "ID_WIDTH" 0 4 47, +C4<00000000000000000000000000000001>;
P_0x55bd7dc2bd50 .param/l "KEEP_ENABLE" 0 4 39, +C4<00000000000000000000000000000000>;
P_0x55bd7dc2bd90 .param/l "KEEP_WIDTH" 0 4 41, +C4<00000000000000000000000000000001>;
P_0x55bd7dc2bdd0 .param/l "LAST_ENABLE" 0 4 43, +C4<00000000000000000000000000000001>;
P_0x55bd7dc2be10 .param/l "REG_TYPE" 0 4 58, +C4<00000000000000000000000000000000>;
P_0x55bd7dc2be50 .param/l "USER_ENABLE" 0 4 53, +C4<00000000000000000000000000000001>;
P_0x55bd7dc2be90 .param/l "USER_WIDTH" 0 4 55, +C4<00000000000000000000000000001000>;
v0x55bd7dca0620_0 .net "clk", 0 0, v0x55bd7dcc9920_0;  alias, 1 drivers
v0x55bd7dc9a4b0_0 .net "m_axis_tdata", 15 0, L_0x55bd7dcdf530;  alias, 1 drivers
L_0x7fadb33437b0 .functor BUFT 1, C4<0>, C4<0>, C4<0>, C4<0>;
v0x55bd7dc74f30_0 .net "m_axis_tdest", 0 0, L_0x7fadb33437b0;  1 drivers
L_0x7fadb3343768 .functor BUFT 1, C4<0>, C4<0>, C4<0>, C4<0>;
v0x55bd7dc83aa0_0 .net "m_axis_tid", 0 0, L_0x7fadb3343768;  1 drivers
L_0x7fadb3343720 .functor BUFT 1, C4<1>, C4<0>, C4<0>, C4<0>;
v0x55bd7dc317c0_0 .net "m_axis_tkeep", 0 0, L_0x7fadb3343720;  1 drivers
v0x55bd7dca06c0_0 .net "m_axis_tlast", 0 0, L_0x55bd7dcdf6a0;  alias, 1 drivers
v0x55bd7dcb6ee0_0 .net "m_axis_tready", 0 0, v0x55bd7dcca130_0;  alias, 1 drivers
v0x55bd7dcb6fa0_0 .net "m_axis_tuser", 7 0, L_0x55bd7dcdf710;  alias, 1 drivers
v0x55bd7dcb7080_0 .net "m_axis_tvalid", 0 0, L_0x55bd7dcdf5a0;  alias, 1 drivers
v0x55bd7dcb7140_0 .net "rst", 0 0, v0x55bd7dcca8c0_0;  alias, 1 drivers
v0x55bd7dcb7200_0 .net "s_axis_tdata", 15 0, L_0x55bd7dce0500;  alias, 1 drivers
L_0x7fadb3343888 .functor BUFT 1, C4<0>, C4<0>, C4<0>, C4<0>;
v0x55bd7dcb72e0_0 .net "s_axis_tdest", 0 0, L_0x7fadb3343888;  1 drivers
L_0x7fadb3343840 .functor BUFT 1, C4<0>, C4<0>, C4<0>, C4<0>;
v0x55bd7dcb73c0_0 .net "s_axis_tid", 0 0, L_0x7fadb3343840;  1 drivers
L_0x7fadb33437f8 .functor BUFT 1, C4<1>, C4<0>, C4<0>, C4<0>;
v0x55bd7dcb74a0_0 .net "s_axis_tkeep", 0 0, L_0x7fadb33437f8;  1 drivers
v0x55bd7dcb7580_0 .net "s_axis_tlast", 0 0, L_0x55bd7dce0db0;  alias, 1 drivers
v0x55bd7dcb7640_0 .net "s_axis_tready", 0 0, L_0x55bd7dcdf800;  alias, 1 drivers
v0x55bd7dcb7700_0 .net "s_axis_tuser", 7 0, L_0x55bd7dce1200;  alias, 1 drivers
v0x55bd7dcb77e0_0 .net "s_axis_tvalid", 0 0, L_0x55bd7dce08c0;  alias, 1 drivers
S_0x55bd7dc6c5a0 .scope generate, "genblk1" "genblk1" 4 197, 4 197 0, S_0x55bd7dc6c1c0;
 .timescale -9 -12;
L_0x55bd7dcdf530 .functor BUFZ 16, L_0x55bd7dce0500, C4<0000000000000000>, C4<0000000000000000>, C4<0000000000000000>;
L_0x55bd7dcdf5a0 .functor BUFZ 1, L_0x55bd7dce08c0, C4<0>, C4<0>, C4<0>;
L_0x55bd7dcdf6a0 .functor BUFZ 1, L_0x55bd7dce0db0, C4<0>, C4<0>, C4<0>;
L_0x55bd7dcdf710 .functor BUFZ 8, L_0x55bd7dce1200, C4<00000000>, C4<00000000>, C4<00000000>;
L_0x55bd7dcdf800 .functor BUFZ 1, v0x55bd7dcca130_0, C4<0>, C4<0>, C4<0>;
S_0x55bd7dc6d910 .scope module, "axis_register_left_inst" "axis_register" 3 273, 4 34 0, S_0x55bd7dc6bde0;
 .timescale -9 -12;
    .port_info 0 /INPUT 1 "clk";
    .port_info 1 /INPUT 1 "rst";
    .port_info 2 /INPUT 16 "s_axis_tdata";
    .port_info 3 /INPUT 1 "s_axis_tkeep";
    .port_info 4 /INPUT 1 "s_axis_tvalid";
    .port_info 5 /OUTPUT 1 "s_axis_tready";
    .port_info 6 /INPUT 1 "s_axis_tlast";
    .port_info 7 /INPUT 1 "s_axis_tid";
    .port_info 8 /INPUT 1 "s_axis_tdest";
    .port_info 9 /INPUT 1 "s_axis_tuser";
    .port_info 10 /OUTPUT 16 "m_axis_tdata";
    .port_info 11 /OUTPUT 1 "m_axis_tkeep";
    .port_info 12 /OUTPUT 1 "m_axis_tvalid";
    .port_info 13 /INPUT 1 "m_axis_tready";
    .port_info 14 /OUTPUT 1 "m_axis_tlast";
    .port_info 15 /OUTPUT 1 "m_axis_tid";
    .port_info 16 /OUTPUT 1 "m_axis_tdest";
    .port_info 17 /OUTPUT 1 "m_axis_tuser";
P_0x55bd7dcb7ba0 .param/l "DATA_WIDTH" 0 4 37, +C4<00000000000000000000000000010000>;
P_0x55bd7dcb7be0 .param/l "DEST_ENABLE" 0 4 49, +C4<00000000000000000000000000000000>;
P_0x55bd7dcb7c20 .param/l "DEST_WIDTH" 0 4 51, +C4<00000000000000000000000000000001>;
P_0x55bd7dcb7c60 .param/l "ID_ENABLE" 0 4 45, +C4<00000000000000000000000000000000>;
P_0x55bd7dcb7ca0 .param/l "ID_WIDTH" 0 4 47, +C4<00000000000000000000000000000001>;
P_0x55bd7dcb7ce0 .param/l "KEEP_ENABLE" 0 4 39, +C4<00000000000000000000000000000000>;
P_0x55bd7dcb7d20 .param/l "KEEP_WIDTH" 0 4 41, +C4<00000000000000000000000000000001>;
P_0x55bd7dcb7d60 .param/l "LAST_ENABLE" 0 4 43, +C4<00000000000000000000000000000001>;
P_0x55bd7dcb7da0 .param/l "REG_TYPE" 0 4 58, +C4<00000000000000000000000000000010>;
P_0x55bd7dcb7de0 .param/l "USER_ENABLE" 0 4 53, +C4<00000000000000000000000000000000>;
P_0x55bd7dcb7e20 .param/l "USER_WIDTH" 0 4 55, +C4<00000000000000000000000000000001>;
v0x55bd7dcb9b80_0 .net "clk", 0 0, v0x55bd7dcc9920_0;  alias, 1 drivers
v0x55bd7dcb9c40_0 .net "m_axis_tdata", 15 0, v0x55bd7dcb8a80_0;  alias, 1 drivers
L_0x7fadb3343570 .functor BUFT 1, C4<0>, C4<0>, C4<0>, C4<0>;
v0x55bd7dcb9d00_0 .net "m_axis_tdest", 0 0, L_0x7fadb3343570;  1 drivers
L_0x7fadb3343528 .functor BUFT 1, C4<0>, C4<0>, C4<0>, C4<0>;
v0x55bd7dcb9df0_0 .net "m_axis_tid", 0 0, L_0x7fadb3343528;  1 drivers
L_0x7fadb33434e0 .functor BUFT 1, C4<1>, C4<0>, C4<0>, C4<0>;
v0x55bd7dcb9ed0_0 .net "m_axis_tkeep", 0 0, L_0x7fadb33434e0;  1 drivers
v0x55bd7dcb9fb0_0 .net "m_axis_tlast", 0 0, v0x55bd7dcb8e00_0;  alias, 1 drivers
v0x55bd7dcba070_0 .net "m_axis_tready", 0 0, L_0x55bd7dce0200;  alias, 1 drivers
L_0x7fadb33435b8 .functor BUFT 1, C4<0>, C4<0>, C4<0>, C4<0>;
v0x55bd7dcba130_0 .net "m_axis_tuser", 0 0, L_0x7fadb33435b8;  1 drivers
v0x55bd7dcba210_0 .net "m_axis_tvalid", 0 0, L_0x55bd7dcdeb90;  alias, 1 drivers
v0x55bd7dcba2d0_0 .net "rst", 0 0, v0x55bd7dcca8c0_0;  alias, 1 drivers
v0x55bd7dcba370_0 .net "s_axis_tdata", 15 0, v0x55bd7dcca960_0;  alias, 1 drivers
L_0x7fadb3343690 .functor BUFT 1, C4<0>, C4<0>, C4<0>, C4<0>;
v0x55bd7dcba430_0 .net "s_axis_tdest", 0 0, L_0x7fadb3343690;  1 drivers
L_0x7fadb3343648 .functor BUFT 1, C4<0>, C4<0>, C4<0>, C4<0>;
v0x55bd7dcba510_0 .net "s_axis_tid", 0 0, L_0x7fadb3343648;  1 drivers
L_0x7fadb3343600 .functor BUFT 1, C4<1>, C4<0>, C4<0>, C4<0>;
v0x55bd7dcba5f0_0 .net "s_axis_tkeep", 0 0, L_0x7fadb3343600;  1 drivers
v0x55bd7dcba6d0_0 .net "s_axis_tlast", 0 0, v0x55bd7dccaa70_0;  alias, 1 drivers
v0x55bd7dcba790_0 .net "s_axis_tready", 0 0, v0x55bd7dcb91e0_0;  alias, 1 drivers
L_0x7fadb33436d8 .functor BUFT 1, C4<0>, C4<0>, C4<0>, C4<0>;
v0x55bd7dcba850_0 .net "s_axis_tuser", 0 0, L_0x7fadb33436d8;  1 drivers
v0x55bd7dcbaa40_0 .net "s_axis_tvalid", 0 0, L_0x55bd7dcdf360;  1 drivers
S_0x55bd7dc6dcf0 .scope generate, "genblk1" "genblk1" 4 91, 4 91 0, S_0x55bd7dc6d910;
 .timescale -9 -12;
L_0x55bd7dcdeb90 .functor BUFZ 1, v0x55bd7dcb9060_0, C4<0>, C4<0>, C4<0>;
L_0x55bd7dcdf060 .functor OR 1, L_0x55bd7dcdeec0, L_0x55bd7dcdef90, C4<0>, C4<0>;
L_0x55bd7dcdf150 .functor AND 1, L_0x55bd7dcdedc0, L_0x55bd7dcdf060, C4<1>, C4<1>;
L_0x55bd7dcdf2a0 .functor OR 1, L_0x55bd7dce0200, L_0x55bd7dcdf150, C4<0>, C4<0>;
v0x55bd7dcb8640_0 .net *"_ivl_17", 0 0, L_0x55bd7dcdedc0;  1 drivers
v0x55bd7dcb8720_0 .net *"_ivl_19", 0 0, L_0x55bd7dcdeec0;  1 drivers
v0x55bd7dcb87e0_0 .net *"_ivl_21", 0 0, L_0x55bd7dcdef90;  1 drivers
v0x55bd7dcb88b0_0 .net *"_ivl_23", 0 0, L_0x55bd7dcdf060;  1 drivers
v0x55bd7dcb8970_0 .net *"_ivl_25", 0 0, L_0x55bd7dcdf150;  1 drivers
v0x55bd7dcb8a80_0 .var "m_axis_tdata_reg", 15 0;
v0x55bd7dcb8b60_0 .var "m_axis_tdest_reg", 0 0;
v0x55bd7dcb8c40_0 .var "m_axis_tid_reg", 0 0;
v0x55bd7dcb8d20_0 .var "m_axis_tkeep_reg", 0 0;
v0x55bd7dcb8e00_0 .var "m_axis_tlast_reg", 0 0;
v0x55bd7dcb8ec0_0 .var "m_axis_tuser_reg", 0 0;
v0x55bd7dcb8fa0_0 .var "m_axis_tvalid_next", 0 0;
v0x55bd7dcb9060_0 .var "m_axis_tvalid_reg", 0 0;
v0x55bd7dcb9120_0 .net "s_axis_tready_early", 0 0, L_0x55bd7dcdf2a0;  1 drivers
v0x55bd7dcb91e0_0 .var "s_axis_tready_reg", 0 0;
v0x55bd7dcb92a0_0 .var "store_axis_input_to_output", 0 0;
v0x55bd7dcb9360_0 .var "store_axis_input_to_temp", 0 0;
v0x55bd7dcb9420_0 .var "store_axis_temp_to_output", 0 0;
v0x55bd7dcb94e0_0 .var "temp_m_axis_tdata_reg", 15 0;
v0x55bd7dcb95c0_0 .var "temp_m_axis_tdest_reg", 0 0;
v0x55bd7dcb96a0_0 .var "temp_m_axis_tid_reg", 0 0;
v0x55bd7dcb9780_0 .var "temp_m_axis_tkeep_reg", 0 0;
v0x55bd7dcb9860_0 .var "temp_m_axis_tlast_reg", 0 0;
v0x55bd7dcb9920_0 .var "temp_m_axis_tuser_reg", 0 0;
v0x55bd7dcb9a00_0 .var "temp_m_axis_tvalid_next", 0 0;
v0x55bd7dcb9ac0_0 .var "temp_m_axis_tvalid_reg", 0 0;
E_0x55bd7dbec3e0 .event posedge, v0x55bd7dca0620_0;
E_0x55bd7dbf2200/0 .event anyedge, v0x55bd7dcb9060_0, v0x55bd7dcb9ac0_0, v0x55bd7dcb91e0_0, v0x55bd7dcba070_0;
E_0x55bd7dbf2200/1 .event anyedge, v0x55bd7dcbaa40_0;
E_0x55bd7dbf2200 .event/or E_0x55bd7dbf2200/0, E_0x55bd7dbf2200/1;
L_0x55bd7dcdedc0 .reduce/nor v0x55bd7dcb9ac0_0;
L_0x55bd7dcdeec0 .reduce/nor v0x55bd7dcb9060_0;
L_0x55bd7dcdef90 .reduce/nor L_0x55bd7dcdf360;
S_0x55bd7dc6e8a0 .scope module, "axis_register_right_inst" "axis_register" 3 358, 4 34 0, S_0x55bd7dc6bde0;
 .timescale -9 -12;
    .port_info 0 /INPUT 1 "clk";
    .port_info 1 /INPUT 1 "rst";
    .port_info 2 /INPUT 16 "s_axis_tdata";
    .port_info 3 /INPUT 1 "s_axis_tkeep";
    .port_info 4 /INPUT 1 "s_axis_tvalid";
    .port_info 5 /OUTPUT 1 "s_axis_tready";
    .port_info 6 /INPUT 1 "s_axis_tlast";
    .port_info 7 /INPUT 1 "s_axis_tid";
    .port_info 8 /INPUT 1 "s_axis_tdest";
    .port_info 9 /INPUT 1 "s_axis_tuser";
    .port_info 10 /OUTPUT 16 "m_axis_tdata";
    .port_info 11 /OUTPUT 1 "m_axis_tkeep";
    .port_info 12 /OUTPUT 1 "m_axis_tvalid";
    .port_info 13 /INPUT 1 "m_axis_tready";
    .port_info 14 /OUTPUT 1 "m_axis_tlast";
    .port_info 15 /OUTPUT 1 "m_axis_tid";
    .port_info 16 /OUTPUT 1 "m_axis_tdest";
    .port_info 17 /OUTPUT 1 "m_axis_tuser";
P_0x55bd7dcbae10 .param/l "DATA_WIDTH" 0 4 37, +C4<00000000000000000000000000010000>;
P_0x55bd7dcbae50 .param/l "DEST_ENABLE" 0 4 49, +C4<00000000000000000000000000000000>;
P_0x55bd7dcbae90 .param/l "DEST_WIDTH" 0 4 51, +C4<00000000000000000000000000000001>;
P_0x55bd7dcbaed0 .param/l "ID_ENABLE" 0 4 45, +C4<00000000000000000000000000000000>;
P_0x55bd7dcbaf10 .param/l "ID_WIDTH" 0 4 47, +C4<00000000000000000000000000000001>;
P_0x55bd7dcbaf50 .param/l "KEEP_ENABLE" 0 4 39, +C4<00000000000000000000000000000000>;
P_0x55bd7dcbaf90 .param/l "KEEP_WIDTH" 0 4 41, +C4<00000000000000000000000000000001>;
P_0x55bd7dcbafd0 .param/l "LAST_ENABLE" 0 4 43, +C4<00000000000000000000000000000001>;
P_0x55bd7dcbb010 .param/l "REG_TYPE" 0 4 58, +C4<00000000000000000000000000000000>;
P_0x55bd7dcbb050 .param/l "USER_ENABLE" 0 4 53, +C4<00000000000000000000000000000000>;
P_0x55bd7dcbb090 .param/l "USER_WIDTH" 0 4 55, +C4<00000000000000000000000000000001>;
v0x55bd7dcbb870_0 .net "clk", 0 0, v0x55bd7dcc9920_0;  alias, 1 drivers
v0x55bd7dcbb980_0 .net "m_axis_tdata", 15 0, L_0x55bd7dcdf930;  alias, 1 drivers
L_0x7fadb3343960 .functor BUFT 1, C4<0>, C4<0>, C4<0>, C4<0>;
v0x55bd7dcbba60_0 .net "m_axis_tdest", 0 0, L_0x7fadb3343960;  1 drivers
L_0x7fadb3343918 .functor BUFT 1, C4<0>, C4<0>, C4<0>, C4<0>;
v0x55bd7dcbbb20_0 .net "m_axis_tid", 0 0, L_0x7fadb3343918;  1 drivers
L_0x7fadb33438d0 .functor BUFT 1, C4<1>, C4<0>, C4<0>, C4<0>;
v0x55bd7dcbbc00_0 .net "m_axis_tkeep", 0 0, L_0x7fadb33438d0;  1 drivers
v0x55bd7dcbbd30_0 .net "m_axis_tlast", 0 0, L_0x55bd7dcdfaa0;  alias, 1 drivers
v0x55bd7dcbbdf0_0 .net "m_axis_tready", 0 0, v0x55bd7dcca620_0;  alias, 1 drivers
L_0x7fadb33439a8 .functor BUFT 1, C4<0>, C4<0>, C4<0>, C4<0>;
v0x55bd7dcbbeb0_0 .net "m_axis_tuser", 0 0, L_0x7fadb33439a8;  1 drivers
v0x55bd7dcbbf90_0 .net "m_axis_tvalid", 0 0, L_0x55bd7dcdf9a0;  alias, 1 drivers
v0x55bd7dcbc050_0 .net "rst", 0 0, v0x55bd7dcca8c0_0;  alias, 1 drivers
v0x55bd7dcbc0f0_0 .net "s_axis_tdata", 15 0, L_0x55bd7dcdfd60;  alias, 1 drivers
L_0x7fadb3343a80 .functor BUFT 1, C4<0>, C4<0>, C4<0>, C4<0>;
v0x55bd7dcbc1d0_0 .net "s_axis_tdest", 0 0, L_0x7fadb3343a80;  1 drivers
L_0x7fadb3343a38 .functor BUFT 1, C4<0>, C4<0>, C4<0>, C4<0>;
v0x55bd7dcbc2b0_0 .net "s_axis_tid", 0 0, L_0x7fadb3343a38;  1 drivers
L_0x7fadb33439f0 .functor BUFT 1, C4<1>, C4<0>, C4<0>, C4<0>;
v0x55bd7dcbc390_0 .net "s_axis_tkeep", 0 0, L_0x7fadb33439f0;  1 drivers
v0x55bd7dcbc470_0 .net "s_axis_tlast", 0 0, L_0x55bd7dce0390;  alias, 1 drivers
v0x55bd7dcbc530_0 .net "s_axis_tready", 0 0, L_0x55bd7dcdfb70;  alias, 1 drivers
L_0x7fadb3343ac8 .functor BUFT 1, C4<0>, C4<0>, C4<0>, C4<0>;
v0x55bd7dcbc5f0_0 .net "s_axis_tuser", 0 0, L_0x7fadb3343ac8;  1 drivers
v0x55bd7dcbc7e0_0 .net "s_axis_tvalid", 0 0, L_0x55bd7dce0040;  alias, 1 drivers
S_0x55bd7dc6ec80 .scope generate, "genblk1" "genblk1" 4 197, 4 197 0, S_0x55bd7dc6e8a0;
 .timescale -9 -12;
L_0x55bd7dcdf930 .functor BUFZ 16, L_0x55bd7dcdfd60, C4<0000000000000000>, C4<0000000000000000>, C4<0000000000000000>;
L_0x55bd7dcdf9a0 .functor BUFZ 1, L_0x55bd7dce0040, C4<0>, C4<0>, C4<0>;
L_0x55bd7dcdfaa0 .functor BUFZ 1, L_0x55bd7dce0390, C4<0>, C4<0>, C4<0>;
L_0x55bd7dcdfb70 .functor BUFZ 1, v0x55bd7dcca620_0, C4<0>, C4<0>, C4<0>;
S_0x55bd7dcbcb80 .scope module, "axis_register_up_inst" "axis_register" 3 228, 4 34 0, S_0x55bd7dc6bde0;
 .timescale -9 -12;
    .port_info 0 /INPUT 1 "clk";
    .port_info 1 /INPUT 1 "rst";
    .port_info 2 /INPUT 16 "s_axis_tdata";
    .port_info 3 /INPUT 1 "s_axis_tkeep";
    .port_info 4 /INPUT 1 "s_axis_tvalid";
    .port_info 5 /OUTPUT 1 "s_axis_tready";
    .port_info 6 /INPUT 1 "s_axis_tlast";
    .port_info 7 /INPUT 1 "s_axis_tid";
    .port_info 8 /INPUT 1 "s_axis_tdest";
    .port_info 9 /INPUT 8 "s_axis_tuser";
    .port_info 10 /OUTPUT 16 "m_axis_tdata";
    .port_info 11 /OUTPUT 1 "m_axis_tkeep";
    .port_info 12 /OUTPUT 1 "m_axis_tvalid";
    .port_info 13 /INPUT 1 "m_axis_tready";
    .port_info 14 /OUTPUT 1 "m_axis_tlast";
    .port_info 15 /OUTPUT 1 "m_axis_tid";
    .port_info 16 /OUTPUT 1 "m_axis_tdest";
    .port_info 17 /OUTPUT 8 "m_axis_tuser";
P_0x55bd7dcbcd60 .param/l "DATA_WIDTH" 0 4 37, +C4<00000000000000000000000000010000>;
P_0x55bd7dcbcda0 .param/l "DEST_ENABLE" 0 4 49, +C4<00000000000000000000000000000000>;
P_0x55bd7dcbcde0 .param/l "DEST_WIDTH" 0 4 51, +C4<00000000000000000000000000000001>;
P_0x55bd7dcbce20 .param/l "ID_ENABLE" 0 4 45, +C4<00000000000000000000000000000000>;
P_0x55bd7dcbce60 .param/l "ID_WIDTH" 0 4 47, +C4<00000000000000000000000000000001>;
P_0x55bd7dcbcea0 .param/l "KEEP_ENABLE" 0 4 39, +C4<00000000000000000000000000000000>;
P_0x55bd7dcbcee0 .param/l "KEEP_WIDTH" 0 4 41, +C4<00000000000000000000000000000001>;
P_0x55bd7dcbcf20 .param/l "LAST_ENABLE" 0 4 43, +C4<00000000000000000000000000000001>;
P_0x55bd7dcbcf60 .param/l "REG_TYPE" 0 4 58, +C4<00000000000000000000000000000010>;
P_0x55bd7dcbcfa0 .param/l "USER_ENABLE" 0 4 53, +C4<00000000000000000000000000000001>;
P_0x55bd7dcbcfe0 .param/l "USER_WIDTH" 0 4 55, +C4<00000000000000000000000000001000>;
v0x55bd7dcbefb0_0 .net "clk", 0 0, v0x55bd7dcc9920_0;  alias, 1 drivers
v0x55bd7dcbf070_0 .net "m_axis_tdata", 15 0, v0x55bd7dcbdda0_0;  alias, 1 drivers
L_0x7fadb33433c0 .functor BUFT 1, C4<0>, C4<0>, C4<0>, C4<0>;
v0x55bd7dcbf150_0 .net "m_axis_tdest", 0 0, L_0x7fadb33433c0;  1 drivers
L_0x7fadb3343378 .functor BUFT 1, C4<0>, C4<0>, C4<0>, C4<0>;
v0x55bd7dcbf210_0 .net "m_axis_tid", 0 0, L_0x7fadb3343378;  1 drivers
L_0x7fadb3343330 .functor BUFT 1, C4<1>, C4<0>, C4<0>, C4<0>;
v0x55bd7dcbf2f0_0 .net "m_axis_tkeep", 0 0, L_0x7fadb3343330;  1 drivers
v0x55bd7dcbf3d0_0 .net "m_axis_tlast", 0 0, v0x55bd7dcbe120_0;  alias, 1 drivers
v0x55bd7dcbf490_0 .net "m_axis_tready", 0 0, L_0x55bd7dce0c80;  alias, 1 drivers
v0x55bd7dcbf550_0 .net "m_axis_tuser", 7 0, v0x55bd7dcbe1e0_0;  alias, 1 drivers
v0x55bd7dcbf630_0 .net "m_axis_tvalid", 0 0, L_0x55bd7dcddf30;  alias, 1 drivers
v0x55bd7dcbf6f0_0 .net "rst", 0 0, v0x55bd7dcca8c0_0;  alias, 1 drivers
v0x55bd7dcbf790_0 .net "s_axis_tdata", 15 0, v0x55bd7dccaca0_0;  alias, 1 drivers
L_0x7fadb3343498 .functor BUFT 1, C4<0>, C4<0>, C4<0>, C4<0>;
v0x55bd7dcbf870_0 .net "s_axis_tdest", 0 0, L_0x7fadb3343498;  1 drivers
L_0x7fadb3343450 .functor BUFT 1, C4<0>, C4<0>, C4<0>, C4<0>;
v0x55bd7dcbf950_0 .net "s_axis_tid", 0 0, L_0x7fadb3343450;  1 drivers
L_0x7fadb3343408 .functor BUFT 1, C4<1>, C4<0>, C4<0>, C4<0>;
v0x55bd7dcbfa30_0 .net "s_axis_tkeep", 0 0, L_0x7fadb3343408;  1 drivers
v0x55bd7dcbfb10_0 .net "s_axis_tlast", 0 0, v0x55bd7dccad90_0;  alias, 1 drivers
v0x55bd7dcbfbd0_0 .net "s_axis_tready", 0 0, v0x55bd7dcbe500_0;  alias, 1 drivers
v0x55bd7dcbfc90_0 .net "s_axis_tuser", 7 0, v0x55bd7dccaf20_0;  alias, 1 drivers
v0x55bd7dcbfe80_0 .net "s_axis_tvalid", 0 0, L_0x55bd7dcde740;  1 drivers
S_0x55bd7dcbd710 .scope generate, "genblk1" "genblk1" 4 91, 4 91 0, S_0x55bd7dcbcb80;
 .timescale -9 -12;
L_0x55bd7dcddf30 .functor BUFZ 1, v0x55bd7dcbe380_0, C4<0>, C4<0>, C4<0>;
L_0x55bd7dcde3a0 .functor OR 1, L_0x55bd7dcde200, L_0x55bd7dcde2d0, C4<0>, C4<0>;
L_0x55bd7dcde520 .functor AND 1, L_0x55bd7dcde100, L_0x55bd7dcde3a0, C4<1>, C4<1>;
L_0x55bd7dcde630 .functor OR 1, L_0x55bd7dce0c80, L_0x55bd7dcde520, C4<0>, C4<0>;
v0x55bd7dcbd960_0 .net *"_ivl_17", 0 0, L_0x55bd7dcde100;  1 drivers
v0x55bd7dcbda40_0 .net *"_ivl_19", 0 0, L_0x55bd7dcde200;  1 drivers
v0x55bd7dcbdb00_0 .net *"_ivl_21", 0 0, L_0x55bd7dcde2d0;  1 drivers
v0x55bd7dcbdbd0_0 .net *"_ivl_23", 0 0, L_0x55bd7dcde3a0;  1 drivers
v0x55bd7dcbdc90_0 .net *"_ivl_25", 0 0, L_0x55bd7dcde520;  1 drivers
v0x55bd7dcbdda0_0 .var "m_axis_tdata_reg", 15 0;
v0x55bd7dcbde80_0 .var "m_axis_tdest_reg", 0 0;
v0x55bd7dcbdf60_0 .var "m_axis_tid_reg", 0 0;
v0x55bd7dcbe040_0 .var "m_axis_tkeep_reg", 0 0;
v0x55bd7dcbe120_0 .var "m_axis_tlast_reg", 0 0;
v0x55bd7dcbe1e0_0 .var "m_axis_tuser_reg", 7 0;
v0x55bd7dcbe2c0_0 .var "m_axis_tvalid_next", 0 0;
v0x55bd7dcbe380_0 .var "m_axis_tvalid_reg", 0 0;
v0x55bd7dcbe440_0 .net "s_axis_tready_early", 0 0, L_0x55bd7dcde630;  1 drivers
v0x55bd7dcbe500_0 .var "s_axis_tready_reg", 0 0;
v0x55bd7dcbe5c0_0 .var "store_axis_input_to_output", 0 0;
v0x55bd7dcbe680_0 .var "store_axis_input_to_temp", 0 0;
v0x55bd7dcbe850_0 .var "store_axis_temp_to_output", 0 0;
v0x55bd7dcbe910_0 .var "temp_m_axis_tdata_reg", 15 0;
v0x55bd7dcbe9f0_0 .var "temp_m_axis_tdest_reg", 0 0;
v0x55bd7dcbead0_0 .var "temp_m_axis_tid_reg", 0 0;
v0x55bd7dcbebb0_0 .var "temp_m_axis_tkeep_reg", 0 0;
v0x55bd7dcbec90_0 .var "temp_m_axis_tlast_reg", 0 0;
v0x55bd7dcbed50_0 .var "temp_m_axis_tuser_reg", 7 0;
v0x55bd7dcbee30_0 .var "temp_m_axis_tvalid_next", 0 0;
v0x55bd7dcbeef0_0 .var "temp_m_axis_tvalid_reg", 0 0;
E_0x55bd7dbf2e40/0 .event anyedge, v0x55bd7dcbe380_0, v0x55bd7dcbeef0_0, v0x55bd7dcbe500_0, v0x55bd7dcbf490_0;
E_0x55bd7dbf2e40/1 .event anyedge, v0x55bd7dcbfe80_0;
E_0x55bd7dbf2e40 .event/or E_0x55bd7dbf2e40/0, E_0x55bd7dbf2e40/1;
L_0x55bd7dcde100 .reduce/nor v0x55bd7dcbeef0_0;
L_0x55bd7dcde200 .reduce/nor v0x55bd7dcbe380_0;
L_0x55bd7dcde2d0 .reduce/nor L_0x55bd7dcde740;
S_0x55bd7dcc0220 .scope module, "control_unit" "LPEControlUnit" 3 174, 5 10 0, S_0x55bd7dc6bde0;
 .timescale -9 -12;
    .port_info 0 /INPUT 1 "clk";
    .port_info 1 /INPUT 1 "rst";
    .port_info 2 /INPUT 1 "int_axis_up_tvalid";
    .port_info 3 /INPUT 1 "int_axis_up_tready";
    .port_info 4 /INPUT 1 "int_axis_up_tlast";
    .port_info 5 /INPUT 8 "int_axis_up_tuser";
    .port_info 6 /INPUT 1 "int_axis_left_tvalid";
    .port_info 7 /INPUT 1 "int_axis_left_tready";
    .port_info 8 /INPUT 1 "int_axis_left_tlast";
    .port_info 9 /INPUT 1 "int_axis_down_tvalid";
    .port_info 10 /INPUT 1 "int_axis_down_tready";
    .port_info 11 /INPUT 1 "int_axis_right_tvalid";
    .port_info 12 /INPUT 1 "int_axis_right_tready";
    .port_info 13 /OUTPUT 1 "store_l";
    .port_info 14 /OUTPUT 1 "store_u";
    .port_info 15 /OUTPUT 1 "forward_l";
    .port_info 16 /OUTPUT 1 "forward_u";
    .port_info 17 /OUTPUT 1 "drop_l";
    .port_info 18 /OUTPUT 1 "drop_u";
    .port_info 19 /OUTPUT 1 "export_rslt";
    .port_info 20 /OUTPUT 1 "op_start";
    .port_info 21 /OUTPUT 1 "bypass_adder";
    .port_info 22 /OUTPUT 1 "err_unalligned_data";
    .port_info 23 /OUTPUT 1 "err_user_flag";
P_0x55bd7dcc0400 .param/l "FSM_END" 1 5 84, C4<101>;
P_0x55bd7dcc0440 .param/l "FSM_ERR" 1 5 83, C4<100>;
P_0x55bd7dcc0480 .param/l "FSM_MAC" 1 5 82, C4<011>;
P_0x55bd7dcc04c0 .param/l "FSM_STATE_WIDTH" 1 5 78, +C4<00000000000000000000000000000011>;
P_0x55bd7dcc0500 .param/l "FSM_STRL" 1 5 80, C4<001>;
P_0x55bd7dcc0540 .param/l "FSM_STRT" 1 5 79, C4<000>;
P_0x55bd7dcc0580 .param/l "FSM_STRU" 1 5 81, C4<010>;
P_0x55bd7dcc05c0 .param/l "OP1_USER_MASK" 0 5 22, +C4<00000000000000000000000000000001000000>;
P_0x55bd7dcc0600 .param/l "OUTPUT_DEST" 0 5 18, +C4<00000000000000000000000000000001>;
P_0x55bd7dcc0640 .param/l "OUTPUT_ID" 0 5 20, +C4<00000000000000000000000000000001>;
P_0x55bd7dcc0680 .param/l "PE_J_WIDTH" 1 5 75, +C4<00000000000000000000000000000010>;
P_0x55bd7dcc06c0 .param/l "PE_NUMBER_J" 0 5 12, +C4<00000000000000000000000000000100>;
P_0x55bd7dcc0700 .param/l "PE_POSITION_J" 0 5 14, +C4<00000000000000000000000000000001>;
P_0x55bd7dcc0740 .param/l "RSLT_USER_MASK" 0 5 24, +C4<000000000000000000000000000000010000000>;
P_0x55bd7dcc0780 .param/l "USER_WIDTH" 0 5 16, +C4<00000000000000000000000000001000>;
L_0x55bd7dc9c790 .functor BUFZ 1, L_0x55bd7dcdeb90, C4<0>, C4<0>, C4<0>;
L_0x7fadb3343138 .functor BUFT 1, C4<00000000000000000000000000000001000000>, C4<0>, C4<0>, C4<0>;
L_0x55bd7dca5090 .functor AND 38, L_0x55bd7dcdbd60, L_0x7fadb3343138, C4<11111111111111111111111111111111111111>, C4<11111111111111111111111111111111111111>;
L_0x55bd7dc9a390 .functor AND 1, L_0x55bd7dcddf30, L_0x55bd7dcdbf40, C4<1>, C4<1>;
L_0x7fadb3343210 .functor BUFT 1, C4<000000000000000000000000000000010000000>, C4<0>, C4<0>, C4<0>;
L_0x55bd7dc74dd0 .functor AND 39, L_0x55bd7dcdc0d0, L_0x7fadb3343210, C4<111111111111111111111111111111111111111>, C4<111111111111111111111111111111111111111>;
L_0x55bd7dc83940 .functor AND 1, L_0x55bd7dcddf30, L_0x55bd7dcdc2a0, C4<1>, C4<1>;
L_0x55bd7dcdc420 .functor AND 1, L_0x55bd7dc9c790, v0x55bd7dcb8e00_0, C4<1>, C4<1>;
L_0x55bd7dcdc520 .functor AND 1, L_0x55bd7dc9a390, v0x55bd7dcbe120_0, C4<1>, C4<1>;
L_0x55bd7dcdc5e0 .functor AND 1, L_0x55bd7dc9c790, L_0x55bd7dc9a390, C4<1>, C4<1>;
L_0x55bd7dcdc790 .functor AND 1, L_0x55bd7dcdc420, L_0x55bd7dcdc520, C4<1>, C4<1>;
L_0x55bd7dcdca20 .functor XOR 1, L_0x55bd7dcdc420, L_0x55bd7dcdc520, C4<0>, C4<0>;
L_0x55bd7dcdcaf0 .functor AND 1, L_0x55bd7dc9a390, L_0x55bd7dc83940, C4<1>, C4<1>;
L_0x55bd7dcdcc90 .functor AND 1, v0x55bd7dcc44d0_0, L_0x55bd7dcdcbf0, C4<1>, C4<1>;
L_0x55bd7dcdcd70 .functor AND 1, L_0x55bd7dce08c0, L_0x55bd7dcdf800, C4<1>, C4<1>;
L_0x55bd7dcdcde0 .functor AND 1, L_0x55bd7dce0040, L_0x55bd7dcdfb70, C4<1>, C4<1>;
L_0x55bd7dcdd4e0 .functor AND 1, L_0x55bd7dcdd350, L_0x55bd7dc9a390, C4<1>, C4<1>;
L_0x55bd7dcdd650 .functor OR 1, v0x55bd7dcc2760_0, L_0x55bd7dcdd4e0, C4<0>, C4<0>;
L_0x55bd7dcdd760 .functor BUFZ 1, L_0x55bd7dcdcc90, C4<0>, C4<0>, C4<0>;
L_0x55bd7dcdd9f0 .functor OR 1, v0x55bd7dcc23c0_0, L_0x55bd7dcdd1f0, C4<0>, C4<0>;
L_0x55bd7dcddb80 .functor BUFZ 1, v0x55bd7dcc29a0_0, C4<0>, C4<0>, C4<0>;
L_0x55bd7dcddbf0 .functor BUFZ 1, v0x55bd7dcc2be0_0, C4<0>, C4<0>, C4<0>;
L_0x7fadb3343180 .functor BUFT 1, C4<00000000000000000000000000000000000000>, C4<0>, C4<0>, C4<0>;
v0x55bd7dc9c8f0_0 .net/2u *"_ivl_10", 37 0, L_0x7fadb3343180;  1 drivers
v0x55bd7dcc11f0_0 .net *"_ivl_12", 0 0, L_0x55bd7dcdbf40;  1 drivers
v0x55bd7dcc12b0_0 .net *"_ivl_16", 38 0, L_0x55bd7dcdc0d0;  1 drivers
L_0x7fadb33431c8 .functor BUFT 1, C4<0000000000000000000000000000000>, C4<0>, C4<0>, C4<0>;
v0x55bd7dcc13a0_0 .net *"_ivl_19", 30 0, L_0x7fadb33431c8;  1 drivers
v0x55bd7dcc1480_0 .net *"_ivl_2", 37 0, L_0x55bd7dcdbd60;  1 drivers
v0x55bd7dcc15b0_0 .net/2u *"_ivl_20", 38 0, L_0x7fadb3343210;  1 drivers
v0x55bd7dcc1690_0 .net *"_ivl_22", 38 0, L_0x55bd7dc74dd0;  1 drivers
L_0x7fadb3343258 .functor BUFT 1, C4<000000000000000000000000000000000000000>, C4<0>, C4<0>, C4<0>;
v0x55bd7dcc1770_0 .net/2u *"_ivl_24", 38 0, L_0x7fadb3343258;  1 drivers
v0x55bd7dcc1850_0 .net *"_ivl_26", 0 0, L_0x55bd7dcdc2a0;  1 drivers
L_0x7fadb33432a0 .functor BUFT 1, C4<101>, C4<0>, C4<0>, C4<0>;
v0x55bd7dcc1910_0 .net/2u *"_ivl_36", 2 0, L_0x7fadb33432a0;  1 drivers
v0x55bd7dcc19f0_0 .net *"_ivl_38", 0 0, L_0x55bd7dcdc6a0;  1 drivers
v0x55bd7dcc1ab0_0 .net *"_ivl_41", 0 0, L_0x55bd7dcdc790;  1 drivers
v0x55bd7dcc1b70_0 .net *"_ivl_49", 0 0, L_0x55bd7dcdcbf0;  1 drivers
L_0x7fadb33430f0 .functor BUFT 1, C4<000000000000000000000000000000>, C4<0>, C4<0>, C4<0>;
v0x55bd7dcc1c30_0 .net *"_ivl_5", 29 0, L_0x7fadb33430f0;  1 drivers
v0x55bd7dcc1d10_0 .net/2u *"_ivl_6", 37 0, L_0x7fadb3343138;  1 drivers
L_0x7fadb33432e8 .functor BUFT 1, C4<101>, C4<0>, C4<0>, C4<0>;
v0x55bd7dcc1df0_0 .net/2u *"_ivl_66", 2 0, L_0x7fadb33432e8;  1 drivers
v0x55bd7dcc1ed0_0 .net *"_ivl_68", 0 0, L_0x55bd7dcdd350;  1 drivers
v0x55bd7dcc20a0_0 .net *"_ivl_71", 0 0, L_0x55bd7dcdd4e0;  1 drivers
v0x55bd7dcc2160_0 .net *"_ivl_79", 0 0, L_0x55bd7dcdd1f0;  1 drivers
v0x55bd7dcc2220_0 .net *"_ivl_8", 37 0, L_0x55bd7dca5090;  1 drivers
v0x55bd7dcc2300_0 .net "bypass_adder", 0 0, L_0x55bd7dcdd9f0;  alias, 1 drivers
v0x55bd7dcc23c0_0 .var "bypass_adder_reg", 0 0;
v0x55bd7dcc2480_0 .net "clk", 0 0, v0x55bd7dcc9920_0;  alias, 1 drivers
v0x55bd7dcc2520_0 .net "drop_l", 0 0, v0x55bd7dcc25e0_0;  alias, 1 drivers
v0x55bd7dcc25e0_0 .var "drop_l_reg", 0 0;
v0x55bd7dcc26a0_0 .net "drop_u", 0 0, L_0x55bd7dcdd650;  alias, 1 drivers
v0x55bd7dcc2760_0 .var "drop_u_reg", 0 0;
v0x55bd7dcc2820_0 .net "err_unalligned_data", 0 0, L_0x55bd7dcddb80;  alias, 1 drivers
v0x55bd7dcc28e0_0 .net "err_unalligned_data_int", 0 0, L_0x55bd7dcdca20;  1 drivers
v0x55bd7dcc29a0_0 .var "err_unalligned_data_reg", 0 0;
v0x55bd7dcc2a60_0 .net "err_user_flag", 0 0, L_0x55bd7dcddbf0;  alias, 1 drivers
v0x55bd7dcc2b20_0 .net "err_user_flag_int", 0 0, L_0x55bd7dcdcaf0;  1 drivers
v0x55bd7dcc2be0_0 .var "err_user_flag_reg", 0 0;
v0x55bd7dcc2eb0_0 .net "export_rslt", 0 0, L_0x55bd7dcdd760;  alias, 1 drivers
v0x55bd7dcc2f70_0 .net "export_rslt_int", 0 0, L_0x55bd7dcdcc90;  1 drivers
v0x55bd7dcc3030_0 .net "forward_l", 0 0, v0x55bd7dcc30f0_0;  alias, 1 drivers
v0x55bd7dcc30f0_0 .var "forward_l_reg", 0 0;
v0x55bd7dcc31b0_0 .net "forward_u", 0 0, v0x55bd7dcc3270_0;  alias, 1 drivers
v0x55bd7dcc3270_0 .var "forward_u_reg", 0 0;
v0x55bd7dcc3330_0 .var "fsm_state", 2 0;
v0x55bd7dcc3410_0 .var "fsm_state_next", 2 0;
v0x55bd7dcc34f0_0 .net "handshake_down", 0 0, L_0x55bd7dcdcd70;  1 drivers
v0x55bd7dcc35b0_0 .net "handshake_right", 0 0, L_0x55bd7dcdcde0;  1 drivers
v0x55bd7dcc3670_0 .net "int_axis_down_tready", 0 0, L_0x55bd7dcdf800;  alias, 1 drivers
v0x55bd7dcc3710_0 .net "int_axis_down_tvalid", 0 0, L_0x55bd7dce08c0;  alias, 1 drivers
v0x55bd7dcc37e0_0 .net "int_axis_left_tlast", 0 0, v0x55bd7dcb8e00_0;  alias, 1 drivers
v0x55bd7dcc38b0_0 .net "int_axis_left_tready", 0 0, L_0x55bd7dce0200;  alias, 1 drivers
v0x55bd7dcc3980_0 .net "int_axis_left_tvalid", 0 0, L_0x55bd7dcdeb90;  alias, 1 drivers
v0x55bd7dcc3a50_0 .net "int_axis_right_tready", 0 0, L_0x55bd7dcdfb70;  alias, 1 drivers
v0x55bd7dcc3b20_0 .net "int_axis_right_tvalid", 0 0, L_0x55bd7dce0040;  alias, 1 drivers
v0x55bd7dcc3bf0_0 .net "int_axis_up_tlast", 0 0, v0x55bd7dcbe120_0;  alias, 1 drivers
v0x55bd7dcc3cc0_0 .net "int_axis_up_tready", 0 0, L_0x55bd7dce0c80;  alias, 1 drivers
v0x55bd7dcc3d90_0 .net "int_axis_up_tuser", 7 0, v0x55bd7dcbe1e0_0;  alias, 1 drivers
v0x55bd7dcc3e60_0 .net "int_axis_up_tvalid", 0 0, L_0x55bd7dcddf30;  alias, 1 drivers
v0x55bd7dcc3f30_0 .net "op0_flag", 0 0, L_0x55bd7dc9c790;  1 drivers
v0x55bd7dcc3fd0_0 .net "op0_last_flag", 0 0, L_0x55bd7dcdc420;  1 drivers
v0x55bd7dcc4070_0 .net "op1_flag", 0 0, L_0x55bd7dc9a390;  1 drivers
v0x55bd7dcc4110_0 .net "op1_last_flag", 0 0, L_0x55bd7dcdc520;  1 drivers
v0x55bd7dcc41b0_0 .net "op_start", 0 0, v0x55bd7dcc4250_0;  alias, 1 drivers
v0x55bd7dcc4250_0 .var "op_start_reg", 0 0;
v0x55bd7dcc42f0_0 .net "op_valid", 0 0, L_0x55bd7dcdc5e0;  1 drivers
v0x55bd7dcc4390_0 .var "partial_sum_last_reg", 0 0;
v0x55bd7dcc4430_0 .net "partial_sum_last_reg_next", 0 0, L_0x55bd7dcdc8a0;  1 drivers
v0x55bd7dcc44d0_0 .var "push_d_reg", 0 0;
v0x55bd7dcc4570_0 .net "rslt_flag", 0 0, L_0x55bd7dc83940;  1 drivers
v0x55bd7dcc4a40_0 .net "rst", 0 0, v0x55bd7dcca8c0_0;  alias, 1 drivers
v0x55bd7dcc4b70_0 .net "store_l", 0 0, v0x55bd7dcc4c30_0;  alias, 1 drivers
v0x55bd7dcc4c30_0 .var "store_l_reg", 0 0;
v0x55bd7dcc4cf0_0 .net "store_u", 0 0, v0x55bd7dcc4db0_0;  alias, 1 drivers
v0x55bd7dcc4db0_0 .var "store_u_reg", 0 0;
v0x55bd7dcc4e70_0 .var "timer", 1 0;
E_0x55bd7dbb5790/0 .event anyedge, v0x55bd7dcc3330_0, v0x55bd7dcc42f0_0, v0x55bd7dcc4430_0, v0x55bd7dcc3fd0_0;
E_0x55bd7dbb5790/1 .event anyedge, v0x55bd7dcc4110_0, v0x55bd7dcc3f30_0, v0x55bd7dcc4070_0, v0x55bd7dcc2f70_0;
E_0x55bd7dbb5790/2 .event anyedge, v0x55bd7dcc34f0_0, v0x55bd7dcc28e0_0, v0x55bd7dcc2b20_0, v0x55bd7dcb7140_0;
E_0x55bd7dbb5790 .event/or E_0x55bd7dbb5790/0, E_0x55bd7dbb5790/1, E_0x55bd7dbb5790/2;
E_0x55bd7dca5160 .event anyedge, v0x55bd7dcc3330_0, v0x55bd7dcc3410_0;
L_0x55bd7dcdbd60 .concat [ 8 30 0 0], v0x55bd7dcbe1e0_0, L_0x7fadb33430f0;
L_0x55bd7dcdbf40 .cmp/ne 38, L_0x55bd7dca5090, L_0x7fadb3343180;
L_0x55bd7dcdc0d0 .concat [ 8 31 0 0], v0x55bd7dcbe1e0_0, L_0x7fadb33431c8;
L_0x55bd7dcdc2a0 .cmp/ne 39, L_0x55bd7dc74dd0, L_0x7fadb3343258;
L_0x55bd7dcdc6a0 .cmp/eq 3, v0x55bd7dcc3330_0, L_0x7fadb33432a0;
L_0x55bd7dcdc8a0 .functor MUXZ 1, L_0x55bd7dcdc790, v0x55bd7dcc4390_0, L_0x55bd7dcdc6a0, C4<>;
L_0x55bd7dcdcbf0 .reduce/nor v0x55bd7dcc4e70_0;
L_0x55bd7dcdd350 .cmp/eq 3, v0x55bd7dcc3330_0, L_0x7fadb33432e8;
L_0x55bd7dcdd1f0 .reduce/nor L_0x55bd7dcdc5e0;
    .scope S_0x55bd7dcc0220;
T_0 ;
    %pushi/vec4 0, 0, 1;
    %store/vec4 v0x55bd7dcc4390_0, 0, 1;
    %end;
    .thread T_0;
    .scope S_0x55bd7dcc0220;
T_1 ;
    %wait E_0x55bd7dbec3e0;
    %load/vec4 v0x55bd7dcc4a40_0;
    %flag_set/vec4 8;
    %jmp/0xz  T_1.0, 8;
    %pushi/vec4 0, 0, 3;
    %assign/vec4 v0x55bd7dcc3330_0, 0;
    %pushi/vec4 0, 0, 1;
    %assign/vec4 v0x55bd7dcc4c30_0, 0;
    %pushi/vec4 0, 0, 1;
    %assign/vec4 v0x55bd7dcc4db0_0, 0;
    %pushi/vec4 1, 0, 1;
    %assign/vec4 v0x55bd7dcc25e0_0, 0;
    %pushi/vec4 1, 0, 1;
    %assign/vec4 v0x55bd7dcc2760_0, 0;
    %pushi/vec4 0, 0, 1;
    %assign/vec4 v0x55bd7dcc44d0_0, 0;
    %pushi/vec4 1, 0, 1;
    %assign/vec4 v0x55bd7dcc4250_0, 0;
    %pushi/vec4 0, 0, 1;
    %assign/vec4 v0x55bd7dcc4390_0, 0;
    %pushi/vec4 0, 0, 1;
    %assign/vec4 v0x55bd7dcc29a0_0, 0;
    %pushi/vec4 0, 0, 1;
    %assign/vec4 v0x55bd7dcc2be0_0, 0;
    %pushi/vec4 1, 0, 2;
    %assign/vec4 v0x55bd7dcc4e70_0, 0;
    %jmp T_1.1;
T_1.0 ;
    %load/vec4 v0x55bd7dcc3410_0;
    %assign/vec4 v0x55bd7dcc3330_0, 0;
    %load/vec4 v0x55bd7dcc3410_0;
    %dup/vec4;
    %pushi/vec4 0, 0, 3;
    %cmp/u;
    %jmp/1 T_1.2, 6;
    %dup/vec4;
    %pushi/vec4 1, 0, 3;
    %cmp/u;
    %jmp/1 T_1.3, 6;
    %dup/vec4;
    %pushi/vec4 2, 0, 3;
    %cmp/u;
    %jmp/1 T_1.4, 6;
    %dup/vec4;
    %pushi/vec4 3, 0, 3;
    %cmp/u;
    %jmp/1 T_1.5, 6;
    %dup/vec4;
    %pushi/vec4 5, 0, 3;
    %cmp/u;
    %jmp/1 T_1.6, 6;
    %dup/vec4;
    %pushi/vec4 4, 0, 3;
    %cmp/u;
    %jmp/1 T_1.7, 6;
    %pushi/vec4 0, 0, 3;
    %assign/vec4 v0x55bd7dcc3330_0, 0;
    %pushi/vec4 0, 0, 1;
    %assign/vec4 v0x55bd7dcc4390_0, 0;
    %pushi/vec4 0, 0, 1;
    %assign/vec4 v0x55bd7dcc4c30_0, 0;
    %pushi/vec4 0, 0, 1;
    %assign/vec4 v0x55bd7dcc4db0_0, 0;
    %pushi/vec4 0, 0, 1;
    %assign/vec4 v0x55bd7dcc25e0_0, 0;
    %pushi/vec4 0, 0, 1;
    %assign/vec4 v0x55bd7dcc2760_0, 0;
    %pushi/vec4 0, 0, 1;
    %assign/vec4 v0x55bd7dcc44d0_0, 0;
    %pushi/vec4 0, 0, 1;
    %assign/vec4 v0x55bd7dcc4250_0, 0;
    %pushi/vec4 0, 0, 1;
    %assign/vec4 v0x55bd7dcc29a0_0, 0;
    %pushi/vec4 0, 0, 1;
    %assign/vec4 v0x55bd7dcc2be0_0, 0;
    %pushi/vec4 1, 0, 2;
    %assign/vec4 v0x55bd7dcc4e70_0, 0;
    %jmp T_1.9;
T_1.2 ;
    %pushi/vec4 1, 0, 1;
    %assign/vec4 v0x55bd7dcc4c30_0, 0;
    %pushi/vec4 1, 0, 1;
    %assign/vec4 v0x55bd7dcc4db0_0, 0;
    %pushi/vec4 0, 0, 1;
    %assign/vec4 v0x55bd7dcc25e0_0, 0;
    %pushi/vec4 0, 0, 1;
    %assign/vec4 v0x55bd7dcc2760_0, 0;
    %pushi/vec4 0, 0, 1;
    %assign/vec4 v0x55bd7dcc44d0_0, 0;
    %pushi/vec4 1, 0, 1;
    %assign/vec4 v0x55bd7dcc4250_0, 0;
    %pushi/vec4 0, 0, 1;
    %assign/vec4 v0x55bd7dcc4390_0, 0;
    %pushi/vec4 0, 0, 1;
    %assign/vec4 v0x55bd7dcc29a0_0, 0;
    %pushi/vec4 0, 0, 1;
    %assign/vec4 v0x55bd7dcc2be0_0, 0;
    %jmp T_1.9;
T_1.3 ;
    %pushi/vec4 0, 0, 1;
    %assign/vec4 v0x55bd7dcc4c30_0, 0;
    %pushi/vec4 1, 0, 1;
    %assign/vec4 v0x55bd7dcc4db0_0, 0;
    %pushi/vec4 0, 0, 1;
    %assign/vec4 v0x55bd7dcc25e0_0, 0;
    %pushi/vec4 0, 0, 1;
    %assign/vec4 v0x55bd7dcc2760_0, 0;
    %pushi/vec4 0, 0, 1;
    %assign/vec4 v0x55bd7dcc44d0_0, 0;
    %pushi/vec4 0, 0, 1;
    %assign/vec4 v0x55bd7dcc4250_0, 0;
    %pushi/vec4 0, 0, 1;
    %assign/vec4 v0x55bd7dcc4390_0, 0;
    %pushi/vec4 0, 0, 1;
    %assign/vec4 v0x55bd7dcc29a0_0, 0;
    %pushi/vec4 0, 0, 1;
    %assign/vec4 v0x55bd7dcc2be0_0, 0;
    %jmp T_1.9;
T_1.4 ;
    %pushi/vec4 1, 0, 1;
    %assign/vec4 v0x55bd7dcc4c30_0, 0;
    %pushi/vec4 0, 0, 1;
    %assign/vec4 v0x55bd7dcc4db0_0, 0;
    %pushi/vec4 0, 0, 1;
    %assign/vec4 v0x55bd7dcc25e0_0, 0;
    %pushi/vec4 0, 0, 1;
    %assign/vec4 v0x55bd7dcc2760_0, 0;
    %pushi/vec4 0, 0, 1;
    %assign/vec4 v0x55bd7dcc44d0_0, 0;
    %pushi/vec4 0, 0, 1;
    %assign/vec4 v0x55bd7dcc4250_0, 0;
    %pushi/vec4 0, 0, 1;
    %assign/vec4 v0x55bd7dcc4390_0, 0;
    %pushi/vec4 0, 0, 1;
    %assign/vec4 v0x55bd7dcc29a0_0, 0;
    %pushi/vec4 0, 0, 1;
    %assign/vec4 v0x55bd7dcc2be0_0, 0;
    %jmp T_1.9;
T_1.5 ;
    %pushi/vec4 1, 0, 1;
    %assign/vec4 v0x55bd7dcc4c30_0, 0;
    %pushi/vec4 1, 0, 1;
    %assign/vec4 v0x55bd7dcc4db0_0, 0;
    %pushi/vec4 0, 0, 1;
    %assign/vec4 v0x55bd7dcc25e0_0, 0;
    %pushi/vec4 0, 0, 1;
    %assign/vec4 v0x55bd7dcc2760_0, 0;
    %pushi/vec4 0, 0, 1;
    %assign/vec4 v0x55bd7dcc44d0_0, 0;
    %pushi/vec4 0, 0, 1;
    %assign/vec4 v0x55bd7dcc4250_0, 0;
    %load/vec4 v0x55bd7dcc4430_0;
    %assign/vec4 v0x55bd7dcc4390_0, 0;
    %pushi/vec4 0, 0, 1;
    %assign/vec4 v0x55bd7dcc29a0_0, 0;
    %pushi/vec4 0, 0, 1;
    %assign/vec4 v0x55bd7dcc2be0_0, 0;
    %jmp T_1.9;
T_1.6 ;
    %pushi/vec4 0, 0, 1;
    %assign/vec4 v0x55bd7dcc4c30_0, 0;
    %pushi/vec4 1, 0, 1;
    %assign/vec4 v0x55bd7dcc4db0_0, 0;
    %pushi/vec4 0, 0, 1;
    %assign/vec4 v0x55bd7dcc25e0_0, 0;
    %pushi/vec4 0, 0, 1;
    %assign/vec4 v0x55bd7dcc2760_0, 0;
    %pushi/vec4 1, 0, 1;
    %assign/vec4 v0x55bd7dcc44d0_0, 0;
    %pushi/vec4 0, 0, 1;
    %assign/vec4 v0x55bd7dcc4250_0, 0;
    %load/vec4 v0x55bd7dcc4430_0;
    %assign/vec4 v0x55bd7dcc4390_0, 0;
    %pushi/vec4 0, 0, 1;
    %assign/vec4 v0x55bd7dcc29a0_0, 0;
    %pushi/vec4 0, 0, 1;
    %assign/vec4 v0x55bd7dcc2be0_0, 0;
    %load/vec4 v0x55bd7dcc4e70_0;
    %cmpi/ne 0, 0, 2;
    %flag_get/vec4 4;
    %jmp/0 T_1.13, 4;
    %load/vec4 v0x55bd7dcc4570_0;
    %and;
T_1.13;
    %flag_set/vec4 9;
    %flag_get/vec4 9;
    %jmp/0 T_1.12, 9;
    %load/vec4 v0x55bd7dcc34f0_0;
    %and;
T_1.12;
    %flag_set/vec4 8;
    %jmp/0xz  T_1.10, 8;
    %load/vec4 v0x55bd7dcc4e70_0;
    %subi 1, 0, 2;
    %assign/vec4 v0x55bd7dcc4e70_0, 0;
T_1.10 ;
    %jmp T_1.9;
T_1.7 ;
    %pushi/vec4 0, 0, 1;
    %assign/vec4 v0x55bd7dcc4c30_0, 0;
    %pushi/vec4 0, 0, 1;
    %assign/vec4 v0x55bd7dcc4db0_0, 0;
    %pushi/vec4 1, 0, 1;
    %assign/vec4 v0x55bd7dcc25e0_0, 0;
    %pushi/vec4 1, 0, 1;
    %assign/vec4 v0x55bd7dcc2760_0, 0;
    %pushi/vec4 0, 0, 1;
    %assign/vec4 v0x55bd7dcc44d0_0, 0;
    %pushi/vec4 0, 0, 1;
    %assign/vec4 v0x55bd7dcc4250_0, 0;
    %load/vec4 v0x55bd7dcc4390_0;
    %assign/vec4 v0x55bd7dcc4390_0, 0;
    %load/vec4 v0x55bd7dcc28e0_0;
    %assign/vec4 v0x55bd7dcc29a0_0, 0;
    %load/vec4 v0x55bd7dcc2b20_0;
    %assign/vec4 v0x55bd7dcc2be0_0, 0;
    %jmp T_1.9;
T_1.9 ;
    %pop/vec4 1;
T_1.1 ;
    %jmp T_1;
    .thread T_1;
    .scope S_0x55bd7dcc0220;
T_2 ;
    %wait E_0x55bd7dca5160;
    %load/vec4 v0x55bd7dcc3410_0;
    %dup/vec4;
    %pushi/vec4 0, 0, 3;
    %cmp/u;
    %jmp/1 T_2.0, 6;
    %dup/vec4;
    %pushi/vec4 3, 0, 3;
    %cmp/u;
    %jmp/1 T_2.1, 6;
    %dup/vec4;
    %pushi/vec4 1, 0, 3;
    %cmp/u;
    %jmp/1 T_2.2, 6;
    %dup/vec4;
    %pushi/vec4 2, 0, 3;
    %cmp/u;
    %jmp/1 T_2.3, 6;
    %dup/vec4;
    %pushi/vec4 5, 0, 3;
    %cmp/u;
    %jmp/1 T_2.4, 6;
    %dup/vec4;
    %pushi/vec4 4, 0, 3;
    %cmp/u;
    %jmp/1 T_2.5, 6;
    %pushi/vec4 0, 0, 1;
    %assign/vec4 v0x55bd7dcc30f0_0, 0;
    %pushi/vec4 0, 0, 1;
    %assign/vec4 v0x55bd7dcc3270_0, 0;
    %pushi/vec4 1, 0, 1;
    %assign/vec4 v0x55bd7dcc23c0_0, 0;
    %jmp T_2.7;
T_2.0 ;
    %load/vec4 v0x55bd7dcc3330_0;
    %pushi/vec4 5, 0, 3;
    %cmp/e;
    %flag_get/vec4 4;
    %inv;
    %assign/vec4 v0x55bd7dcc30f0_0, 0;
    %pushi/vec4 1, 0, 1;
    %assign/vec4 v0x55bd7dcc3270_0, 0;
    %pushi/vec4 0, 0, 1;
    %assign/vec4 v0x55bd7dcc23c0_0, 0;
    %jmp T_2.7;
T_2.1 ;
    %load/vec4 v0x55bd7dcc3330_0;
    %pushi/vec4 5, 0, 3;
    %cmp/e;
    %flag_get/vec4 4;
    %inv;
    %assign/vec4 v0x55bd7dcc30f0_0, 0;
    %pushi/vec4 1, 0, 1;
    %assign/vec4 v0x55bd7dcc3270_0, 0;
    %pushi/vec4 0, 0, 1;
    %assign/vec4 v0x55bd7dcc23c0_0, 0;
    %jmp T_2.7;
T_2.2 ;
    %pushi/vec4 0, 0, 1;
    %assign/vec4 v0x55bd7dcc30f0_0, 0;
    %pushi/vec4 1, 0, 1;
    %assign/vec4 v0x55bd7dcc3270_0, 0;
    %pushi/vec4 1, 0, 1;
    %assign/vec4 v0x55bd7dcc23c0_0, 0;
    %jmp T_2.7;
T_2.3 ;
    %pushi/vec4 1, 0, 1;
    %assign/vec4 v0x55bd7dcc30f0_0, 0;
    %pushi/vec4 0, 0, 1;
    %assign/vec4 v0x55bd7dcc3270_0, 0;
    %pushi/vec4 1, 0, 1;
    %assign/vec4 v0x55bd7dcc23c0_0, 0;
    %jmp T_2.7;
T_2.4 ;
    %load/vec4 v0x55bd7dcc3fd0_0;
    %assign/vec4 v0x55bd7dcc30f0_0, 0;
    %pushi/vec4 1, 0, 1;
    %assign/vec4 v0x55bd7dcc3270_0, 0;
    %load/vec4 v0x55bd7dcc3330_0;
    %pushi/vec4 5, 0, 3;
    %cmp/e;
    %flag_get/vec4 4;
    %assign/vec4 v0x55bd7dcc23c0_0, 0;
    %jmp T_2.7;
T_2.5 ;
    %pushi/vec4 0, 0, 1;
    %assign/vec4 v0x55bd7dcc30f0_0, 0;
    %pushi/vec4 0, 0, 1;
    %assign/vec4 v0x55bd7dcc3270_0, 0;
    %pushi/vec4 1, 0, 1;
    %assign/vec4 v0x55bd7dcc23c0_0, 0;
    %jmp T_2.7;
T_2.7 ;
    %pop/vec4 1;
    %jmp T_2;
    .thread T_2, $push;
    .scope S_0x55bd7dcc0220;
T_3 ;
    %wait E_0x55bd7dbb5790;
    %load/vec4 v0x55bd7dcc3330_0;
    %dup/vec4;
    %pushi/vec4 0, 0, 3;
    %cmp/u;
    %jmp/1 T_3.0, 6;
    %dup/vec4;
    %pushi/vec4 3, 0, 3;
    %cmp/u;
    %jmp/1 T_3.1, 6;
    %dup/vec4;
    %pushi/vec4 1, 0, 3;
    %cmp/u;
    %jmp/1 T_3.2, 6;
    %dup/vec4;
    %pushi/vec4 2, 0, 3;
    %cmp/u;
    %jmp/1 T_3.3, 6;
    %dup/vec4;
    %pushi/vec4 5, 0, 3;
    %cmp/u;
    %jmp/1 T_3.4, 6;
    %dup/vec4;
    %pushi/vec4 4, 0, 3;
    %cmp/u;
    %jmp/1 T_3.5, 6;
    %pushi/vec4 0, 0, 3;
    %assign/vec4 v0x55bd7dcc3410_0, 0;
    %jmp T_3.7;
T_3.0 ;
    %load/vec4 v0x55bd7dcc42f0_0;
    %flag_set/vec4 8;
    %jmp/0xz  T_3.8, 8;
    %load/vec4 v0x55bd7dcc4430_0;
    %flag_set/vec4 8;
    %jmp/0xz  T_3.10, 8;
    %pushi/vec4 5, 0, 3;
    %assign/vec4 v0x55bd7dcc3410_0, 0;
    %jmp T_3.11;
T_3.10 ;
    %load/vec4 v0x55bd7dcc3fd0_0;
    %load/vec4 v0x55bd7dcc4110_0;
    %or;
    %flag_set/vec4 8;
    %jmp/0xz  T_3.12, 8;
    %pushi/vec4 4, 0, 3;
    %assign/vec4 v0x55bd7dcc3410_0, 0;
    %jmp T_3.13;
T_3.12 ;
    %pushi/vec4 3, 0, 3;
    %assign/vec4 v0x55bd7dcc3410_0, 0;
T_3.13 ;
T_3.11 ;
    %jmp T_3.9;
T_3.8 ;
    %load/vec4 v0x55bd7dcc3f30_0;
    %flag_set/vec4 8;
    %jmp/0xz  T_3.14, 8;
    %pushi/vec4 1, 0, 3;
    %assign/vec4 v0x55bd7dcc3410_0, 0;
    %jmp T_3.15;
T_3.14 ;
    %load/vec4 v0x55bd7dcc4070_0;
    %flag_set/vec4 8;
    %jmp/0xz  T_3.16, 8;
    %pushi/vec4 2, 0, 3;
    %assign/vec4 v0x55bd7dcc3410_0, 0;
T_3.16 ;
T_3.15 ;
T_3.9 ;
    %jmp T_3.7;
T_3.1 ;
    %load/vec4 v0x55bd7dcc42f0_0;
    %flag_set/vec4 8;
    %jmp/0xz  T_3.18, 8;
    %load/vec4 v0x55bd7dcc4430_0;
    %flag_set/vec4 8;
    %jmp/0xz  T_3.20, 8;
    %pushi/vec4 5, 0, 3;
    %assign/vec4 v0x55bd7dcc3410_0, 0;
    %jmp T_3.21;
T_3.20 ;
    %load/vec4 v0x55bd7dcc3fd0_0;
    %load/vec4 v0x55bd7dcc4110_0;
    %or;
    %flag_set/vec4 8;
    %jmp/0xz  T_3.22, 8;
    %pushi/vec4 4, 0, 3;
    %assign/vec4 v0x55bd7dcc3410_0, 0;
    %jmp T_3.23;
T_3.22 ;
    %pushi/vec4 3, 0, 3;
    %assign/vec4 v0x55bd7dcc3410_0, 0;
T_3.23 ;
T_3.21 ;
    %jmp T_3.19;
T_3.18 ;
    %load/vec4 v0x55bd7dcc3f30_0;
    %flag_set/vec4 8;
    %jmp/0xz  T_3.24, 8;
    %pushi/vec4 1, 0, 3;
    %assign/vec4 v0x55bd7dcc3410_0, 0;
    %jmp T_3.25;
T_3.24 ;
    %load/vec4 v0x55bd7dcc4070_0;
    %flag_set/vec4 8;
    %jmp/0xz  T_3.26, 8;
    %pushi/vec4 2, 0, 3;
    %assign/vec4 v0x55bd7dcc3410_0, 0;
T_3.26 ;
T_3.25 ;
T_3.19 ;
    %jmp T_3.7;
T_3.2 ;
    %load/vec4 v0x55bd7dcc42f0_0;
    %flag_set/vec4 8;
    %jmp/0xz  T_3.28, 8;
    %load/vec4 v0x55bd7dcc4430_0;
    %flag_set/vec4 8;
    %jmp/0xz  T_3.30, 8;
    %pushi/vec4 5, 0, 3;
    %assign/vec4 v0x55bd7dcc3410_0, 0;
    %jmp T_3.31;
T_3.30 ;
    %load/vec4 v0x55bd7dcc3fd0_0;
    %load/vec4 v0x55bd7dcc4110_0;
    %or;
    %flag_set/vec4 8;
    %jmp/0xz  T_3.32, 8;
    %pushi/vec4 4, 0, 3;
    %assign/vec4 v0x55bd7dcc3410_0, 0;
    %jmp T_3.33;
T_3.32 ;
    %pushi/vec4 3, 0, 3;
    %assign/vec4 v0x55bd7dcc3410_0, 0;
T_3.33 ;
T_3.31 ;
    %jmp T_3.29;
T_3.28 ;
    %pushi/vec4 1, 0, 3;
    %assign/vec4 v0x55bd7dcc3410_0, 0;
T_3.29 ;
    %jmp T_3.7;
T_3.3 ;
    %load/vec4 v0x55bd7dcc42f0_0;
    %flag_set/vec4 8;
    %jmp/0xz  T_3.34, 8;
    %load/vec4 v0x55bd7dcc4430_0;
    %flag_set/vec4 8;
    %jmp/0xz  T_3.36, 8;
    %pushi/vec4 5, 0, 3;
    %assign/vec4 v0x55bd7dcc3410_0, 0;
    %jmp T_3.37;
T_3.36 ;
    %load/vec4 v0x55bd7dcc3fd0_0;
    %load/vec4 v0x55bd7dcc4110_0;
    %or;
    %flag_set/vec4 8;
    %jmp/0xz  T_3.38, 8;
    %pushi/vec4 4, 0, 3;
    %assign/vec4 v0x55bd7dcc3410_0, 0;
    %jmp T_3.39;
T_3.38 ;
    %pushi/vec4 3, 0, 3;
    %assign/vec4 v0x55bd7dcc3410_0, 0;
T_3.39 ;
T_3.37 ;
    %jmp T_3.35;
T_3.34 ;
    %pushi/vec4 2, 0, 3;
    %assign/vec4 v0x55bd7dcc3410_0, 0;
T_3.35 ;
    %jmp T_3.7;
T_3.4 ;
    %load/vec4 v0x55bd7dcc2f70_0;
    %flag_set/vec4 9;
    %flag_get/vec4 9;
    %jmp/0 T_3.42, 9;
    %load/vec4 v0x55bd7dcc34f0_0;
    %and;
T_3.42;
    %flag_set/vec4 8;
    %jmp/0xz  T_3.40, 8;
    %pushi/vec4 0, 0, 3;
    %assign/vec4 v0x55bd7dcc3410_0, 0;
    %jmp T_3.41;
T_3.40 ;
    %pushi/vec4 5, 0, 3;
    %assign/vec4 v0x55bd7dcc3410_0, 0;
T_3.41 ;
    %jmp T_3.7;
T_3.5 ;
    %pushi/vec4 0, 0, 3;
    %assign/vec4 v0x55bd7dcc3410_0, 0;
    %jmp T_3.7;
T_3.7 ;
    %pop/vec4 1;
    %load/vec4 v0x55bd7dcc28e0_0;
    %flag_set/vec4 8;
    %jmp/1 T_3.45, 8;
    %load/vec4 v0x55bd7dcc2b20_0;
    %flag_set/vec4 9;
    %flag_or 8, 9;
T_3.45;
    %jmp/0xz  T_3.43, 8;
    %pushi/vec4 4, 0, 3;
    %assign/vec4 v0x55bd7dcc3410_0, 0;
T_3.43 ;
    %load/vec4 v0x55bd7dcc4a40_0;
    %flag_set/vec4 8;
    %jmp/0xz  T_3.46, 8;
    %pushi/vec4 0, 0, 3;
    %assign/vec4 v0x55bd7dcc3410_0, 0;
T_3.46 ;
    %jmp T_3;
    .thread T_3, $push;
    .scope S_0x55bd7dcbd710;
T_4 ;
    %pushi/vec4 0, 0, 1;
    %store/vec4 v0x55bd7dcbe500_0, 0, 1;
    %pushi/vec4 0, 0, 16;
    %store/vec4 v0x55bd7dcbdda0_0, 0, 16;
    %pushi/vec4 0, 0, 1;
    %store/vec4 v0x55bd7dcbe040_0, 0, 1;
    %pushi/vec4 0, 0, 1;
    %store/vec4 v0x55bd7dcbe380_0, 0, 1;
    %pushi/vec4 0, 0, 1;
    %store/vec4 v0x55bd7dcbe120_0, 0, 1;
    %pushi/vec4 0, 0, 1;
    %store/vec4 v0x55bd7dcbdf60_0, 0, 1;
    %pushi/vec4 0, 0, 1;
    %store/vec4 v0x55bd7dcbde80_0, 0, 1;
    %pushi/vec4 0, 0, 8;
    %store/vec4 v0x55bd7dcbe1e0_0, 0, 8;
    %pushi/vec4 0, 0, 16;
    %store/vec4 v0x55bd7dcbe910_0, 0, 16;
    %pushi/vec4 0, 0, 1;
    %store/vec4 v0x55bd7dcbebb0_0, 0, 1;
    %pushi/vec4 0, 0, 1;
    %store/vec4 v0x55bd7dcbeef0_0, 0, 1;
    %pushi/vec4 0, 0, 1;
    %store/vec4 v0x55bd7dcbec90_0, 0, 1;
    %pushi/vec4 0, 0, 1;
    %store/vec4 v0x55bd7dcbead0_0, 0, 1;
    %pushi/vec4 0, 0, 1;
    %store/vec4 v0x55bd7dcbe9f0_0, 0, 1;
    %pushi/vec4 0, 0, 8;
    %store/vec4 v0x55bd7dcbed50_0, 0, 8;
    %end;
    .thread T_4;
    .scope S_0x55bd7dcbd710;
T_5 ;
    %wait E_0x55bd7dbf2e40;
    %load/vec4 v0x55bd7dcbe380_0;
    %store/vec4 v0x55bd7dcbe2c0_0, 0, 1;
    %load/vec4 v0x55bd7dcbeef0_0;
    %store/vec4 v0x55bd7dcbee30_0, 0, 1;
    %pushi/vec4 0, 0, 1;
    %store/vec4 v0x55bd7dcbe5c0_0, 0, 1;
    %pushi/vec4 0, 0, 1;
    %store/vec4 v0x55bd7dcbe680_0, 0, 1;
    %pushi/vec4 0, 0, 1;
    %store/vec4 v0x55bd7dcbe850_0, 0, 1;
    %load/vec4 v0x55bd7dcbe500_0;
    %flag_set/vec4 8;
    %jmp/0xz  T_5.0, 8;
    %load/vec4 v0x55bd7dcbf490_0;
    %flag_set/vec4 8;
    %jmp/1 T_5.4, 8;
    %load/vec4 v0x55bd7dcbe380_0;
    %nor/r;
    %flag_set/vec4 9;
    %flag_or 8, 9;
T_5.4;
    %jmp/0xz  T_5.2, 8;
    %load/vec4 v0x55bd7dcbfe80_0;
    %store/vec4 v0x55bd7dcbe2c0_0, 0, 1;
    %pushi/vec4 1, 0, 1;
    %store/vec4 v0x55bd7dcbe5c0_0, 0, 1;
    %jmp T_5.3;
T_5.2 ;
    %load/vec4 v0x55bd7dcbfe80_0;
    %store/vec4 v0x55bd7dcbee30_0, 0, 1;
    %pushi/vec4 1, 0, 1;
    %store/vec4 v0x55bd7dcbe680_0, 0, 1;
T_5.3 ;
    %jmp T_5.1;
T_5.0 ;
    %load/vec4 v0x55bd7dcbf490_0;
    %flag_set/vec4 8;
    %jmp/0xz  T_5.5, 8;
    %load/vec4 v0x55bd7dcbeef0_0;
    %store/vec4 v0x55bd7dcbe2c0_0, 0, 1;
    %pushi/vec4 0, 0, 1;
    %store/vec4 v0x55bd7dcbee30_0, 0, 1;
    %pushi/vec4 1, 0, 1;
    %store/vec4 v0x55bd7dcbe850_0, 0, 1;
T_5.5 ;
T_5.1 ;
    %jmp T_5;
    .thread T_5, $push;
    .scope S_0x55bd7dcbd710;
T_6 ;
    %wait E_0x55bd7dbec3e0;
    %load/vec4 v0x55bd7dcbe440_0;
    %assign/vec4 v0x55bd7dcbe500_0, 0;
    %load/vec4 v0x55bd7dcbe2c0_0;
    %assign/vec4 v0x55bd7dcbe380_0, 0;
    %load/vec4 v0x55bd7dcbee30_0;
    %assign/vec4 v0x55bd7dcbeef0_0, 0;
    %load/vec4 v0x55bd7dcbe5c0_0;
    %flag_set/vec4 8;
    %jmp/0xz  T_6.0, 8;
    %load/vec4 v0x55bd7dcbf790_0;
    %assign/vec4 v0x55bd7dcbdda0_0, 0;
    %load/vec4 v0x55bd7dcbfa30_0;
    %assign/vec4 v0x55bd7dcbe040_0, 0;
    %load/vec4 v0x55bd7dcbfb10_0;
    %assign/vec4 v0x55bd7dcbe120_0, 0;
    %load/vec4 v0x55bd7dcbf950_0;
    %assign/vec4 v0x55bd7dcbdf60_0, 0;
    %load/vec4 v0x55bd7dcbf870_0;
    %assign/vec4 v0x55bd7dcbde80_0, 0;
    %load/vec4 v0x55bd7dcbfc90_0;
    %assign/vec4 v0x55bd7dcbe1e0_0, 0;
    %jmp T_6.1;
T_6.0 ;
    %load/vec4 v0x55bd7dcbe850_0;
    %flag_set/vec4 8;
    %jmp/0xz  T_6.2, 8;
    %load/vec4 v0x55bd7dcbe910_0;
    %assign/vec4 v0x55bd7dcbdda0_0, 0;
    %load/vec4 v0x55bd7dcbebb0_0;
    %assign/vec4 v0x55bd7dcbe040_0, 0;
    %load/vec4 v0x55bd7dcbec90_0;
    %assign/vec4 v0x55bd7dcbe120_0, 0;
    %load/vec4 v0x55bd7dcbead0_0;
    %assign/vec4 v0x55bd7dcbdf60_0, 0;
    %load/vec4 v0x55bd7dcbe9f0_0;
    %assign/vec4 v0x55bd7dcbde80_0, 0;
    %load/vec4 v0x55bd7dcbed50_0;
    %assign/vec4 v0x55bd7dcbe1e0_0, 0;
T_6.2 ;
T_6.1 ;
    %load/vec4 v0x55bd7dcbe680_0;
    %flag_set/vec4 8;
    %jmp/0xz  T_6.4, 8;
    %load/vec4 v0x55bd7dcbf790_0;
    %assign/vec4 v0x55bd7dcbe910_0, 0;
    %load/vec4 v0x55bd7dcbfa30_0;
    %assign/vec4 v0x55bd7dcbebb0_0, 0;
    %load/vec4 v0x55bd7dcbfb10_0;
    %assign/vec4 v0x55bd7dcbec90_0, 0;
    %load/vec4 v0x55bd7dcbf950_0;
    %assign/vec4 v0x55bd7dcbead0_0, 0;
    %load/vec4 v0x55bd7dcbf870_0;
    %assign/vec4 v0x55bd7dcbe9f0_0, 0;
    %load/vec4 v0x55bd7dcbfc90_0;
    %assign/vec4 v0x55bd7dcbed50_0, 0;
T_6.4 ;
    %load/vec4 v0x55bd7dcbf6f0_0;
    %flag_set/vec4 8;
    %jmp/0xz  T_6.6, 8;
    %pushi/vec4 0, 0, 1;
    %assign/vec4 v0x55bd7dcbe500_0, 0;
    %pushi/vec4 0, 0, 1;
    %assign/vec4 v0x55bd7dcbe380_0, 0;
    %pushi/vec4 0, 0, 1;
    %assign/vec4 v0x55bd7dcbeef0_0, 0;
T_6.6 ;
    %jmp T_6;
    .thread T_6;
    .scope S_0x55bd7dc6dcf0;
T_7 ;
    %pushi/vec4 0, 0, 1;
    %store/vec4 v0x55bd7dcb91e0_0, 0, 1;
    %pushi/vec4 0, 0, 16;
    %store/vec4 v0x55bd7dcb8a80_0, 0, 16;
    %pushi/vec4 0, 0, 1;
    %store/vec4 v0x55bd7dcb8d20_0, 0, 1;
    %pushi/vec4 0, 0, 1;
    %store/vec4 v0x55bd7dcb9060_0, 0, 1;
    %pushi/vec4 0, 0, 1;
    %store/vec4 v0x55bd7dcb8e00_0, 0, 1;
    %pushi/vec4 0, 0, 1;
    %store/vec4 v0x55bd7dcb8c40_0, 0, 1;
    %pushi/vec4 0, 0, 1;
    %store/vec4 v0x55bd7dcb8b60_0, 0, 1;
    %pushi/vec4 0, 0, 1;
    %store/vec4 v0x55bd7dcb8ec0_0, 0, 1;
    %pushi/vec4 0, 0, 16;
    %store/vec4 v0x55bd7dcb94e0_0, 0, 16;
    %pushi/vec4 0, 0, 1;
    %store/vec4 v0x55bd7dcb9780_0, 0, 1;
    %pushi/vec4 0, 0, 1;
    %store/vec4 v0x55bd7dcb9ac0_0, 0, 1;
    %pushi/vec4 0, 0, 1;
    %store/vec4 v0x55bd7dcb9860_0, 0, 1;
    %pushi/vec4 0, 0, 1;
    %store/vec4 v0x55bd7dcb96a0_0, 0, 1;
    %pushi/vec4 0, 0, 1;
    %store/vec4 v0x55bd7dcb95c0_0, 0, 1;
    %pushi/vec4 0, 0, 1;
    %store/vec4 v0x55bd7dcb9920_0, 0, 1;
    %end;
    .thread T_7;
    .scope S_0x55bd7dc6dcf0;
T_8 ;
    %wait E_0x55bd7dbf2200;
    %load/vec4 v0x55bd7dcb9060_0;
    %store/vec4 v0x55bd7dcb8fa0_0, 0, 1;
    %load/vec4 v0x55bd7dcb9ac0_0;
    %store/vec4 v0x55bd7dcb9a00_0, 0, 1;
    %pushi/vec4 0, 0, 1;
    %store/vec4 v0x55bd7dcb92a0_0, 0, 1;
    %pushi/vec4 0, 0, 1;
    %store/vec4 v0x55bd7dcb9360_0, 0, 1;
    %pushi/vec4 0, 0, 1;
    %store/vec4 v0x55bd7dcb9420_0, 0, 1;
    %load/vec4 v0x55bd7dcb91e0_0;
    %flag_set/vec4 8;
    %jmp/0xz  T_8.0, 8;
    %load/vec4 v0x55bd7dcba070_0;
    %flag_set/vec4 8;
    %jmp/1 T_8.4, 8;
    %load/vec4 v0x55bd7dcb9060_0;
    %nor/r;
    %flag_set/vec4 9;
    %flag_or 8, 9;
T_8.4;
    %jmp/0xz  T_8.2, 8;
    %load/vec4 v0x55bd7dcbaa40_0;
    %store/vec4 v0x55bd7dcb8fa0_0, 0, 1;
    %pushi/vec4 1, 0, 1;
    %store/vec4 v0x55bd7dcb92a0_0, 0, 1;
    %jmp T_8.3;
T_8.2 ;
    %load/vec4 v0x55bd7dcbaa40_0;
    %store/vec4 v0x55bd7dcb9a00_0, 0, 1;
    %pushi/vec4 1, 0, 1;
    %store/vec4 v0x55bd7dcb9360_0, 0, 1;
T_8.3 ;
    %jmp T_8.1;
T_8.0 ;
    %load/vec4 v0x55bd7dcba070_0;
    %flag_set/vec4 8;
    %jmp/0xz  T_8.5, 8;
    %load/vec4 v0x55bd7dcb9ac0_0;
    %store/vec4 v0x55bd7dcb8fa0_0, 0, 1;
    %pushi/vec4 0, 0, 1;
    %store/vec4 v0x55bd7dcb9a00_0, 0, 1;
    %pushi/vec4 1, 0, 1;
    %store/vec4 v0x55bd7dcb9420_0, 0, 1;
T_8.5 ;
T_8.1 ;
    %jmp T_8;
    .thread T_8, $push;
    .scope S_0x55bd7dc6dcf0;
T_9 ;
    %wait E_0x55bd7dbec3e0;
    %load/vec4 v0x55bd7dcb9120_0;
    %assign/vec4 v0x55bd7dcb91e0_0, 0;
    %load/vec4 v0x55bd7dcb8fa0_0;
    %assign/vec4 v0x55bd7dcb9060_0, 0;
    %load/vec4 v0x55bd7dcb9a00_0;
    %assign/vec4 v0x55bd7dcb9ac0_0, 0;
    %load/vec4 v0x55bd7dcb92a0_0;
    %flag_set/vec4 8;
    %jmp/0xz  T_9.0, 8;
    %load/vec4 v0x55bd7dcba370_0;
    %assign/vec4 v0x55bd7dcb8a80_0, 0;
    %load/vec4 v0x55bd7dcba5f0_0;
    %assign/vec4 v0x55bd7dcb8d20_0, 0;
    %load/vec4 v0x55bd7dcba6d0_0;
    %assign/vec4 v0x55bd7dcb8e00_0, 0;
    %load/vec4 v0x55bd7dcba510_0;
    %assign/vec4 v0x55bd7dcb8c40_0, 0;
    %load/vec4 v0x55bd7dcba430_0;
    %assign/vec4 v0x55bd7dcb8b60_0, 0;
    %load/vec4 v0x55bd7dcba850_0;
    %assign/vec4 v0x55bd7dcb8ec0_0, 0;
    %jmp T_9.1;
T_9.0 ;
    %load/vec4 v0x55bd7dcb9420_0;
    %flag_set/vec4 8;
    %jmp/0xz  T_9.2, 8;
    %load/vec4 v0x55bd7dcb94e0_0;
    %assign/vec4 v0x55bd7dcb8a80_0, 0;
    %load/vec4 v0x55bd7dcb9780_0;
    %assign/vec4 v0x55bd7dcb8d20_0, 0;
    %load/vec4 v0x55bd7dcb9860_0;
    %assign/vec4 v0x55bd7dcb8e00_0, 0;
    %load/vec4 v0x55bd7dcb96a0_0;
    %assign/vec4 v0x55bd7dcb8c40_0, 0;
    %load/vec4 v0x55bd7dcb95c0_0;
    %assign/vec4 v0x55bd7dcb8b60_0, 0;
    %load/vec4 v0x55bd7dcb9920_0;
    %assign/vec4 v0x55bd7dcb8ec0_0, 0;
T_9.2 ;
T_9.1 ;
    %load/vec4 v0x55bd7dcb9360_0;
    %flag_set/vec4 8;
    %jmp/0xz  T_9.4, 8;
    %load/vec4 v0x55bd7dcba370_0;
    %assign/vec4 v0x55bd7dcb94e0_0, 0;
    %load/vec4 v0x55bd7dcba5f0_0;
    %assign/vec4 v0x55bd7dcb9780_0, 0;
    %load/vec4 v0x55bd7dcba6d0_0;
    %assign/vec4 v0x55bd7dcb9860_0, 0;
    %load/vec4 v0x55bd7dcba510_0;
    %assign/vec4 v0x55bd7dcb96a0_0, 0;
    %load/vec4 v0x55bd7dcba430_0;
    %assign/vec4 v0x55bd7dcb95c0_0, 0;
    %load/vec4 v0x55bd7dcba850_0;
    %assign/vec4 v0x55bd7dcb9920_0, 0;
T_9.4 ;
    %load/vec4 v0x55bd7dcba2d0_0;
    %flag_set/vec4 8;
    %jmp/0xz  T_9.6, 8;
    %pushi/vec4 0, 0, 1;
    %assign/vec4 v0x55bd7dcb91e0_0, 0;
    %pushi/vec4 0, 0, 1;
    %assign/vec4 v0x55bd7dcb9060_0, 0;
    %pushi/vec4 0, 0, 1;
    %assign/vec4 v0x55bd7dcb9ac0_0, 0;
T_9.6 ;
    %jmp T_9;
    .thread T_9;
    .scope S_0x55bd7dc6bde0;
T_10 ;
    %pushi/vec4 0, 0, 32;
    %store/vec4 v0x55bd7dcc83c0_0, 0, 32;
    %end;
    .thread T_10;
    .scope S_0x55bd7dc6bde0;
T_11 ;
    %wait E_0x55bd7dbec3e0;
    %load/vec4 v0x55bd7dcc8460_0;
    %assign/vec4 v0x55bd7dcc83c0_0, 0;
    %jmp T_11;
    .thread T_11;
    .scope S_0x55bd7dc952f0;
T_12 ;
    %vpi_call 2 104 "$dumpfile", "../vcd/tb_LinearProcessingElement.vcd" {0 0 0};
    %vpi_call 2 105 "$dumpvars", 32'sb00000000000000000000000000000000, S_0x55bd7dc6bde0 {0 0 0};
    %end;
    .thread T_12;
    .scope S_0x55bd7dc952f0;
T_13 ;
    %pushi/vec4 0, 0, 1;
    %store/vec4 v0x55bd7dcc9920_0, 0, 1;
T_13.0 ;
    %delay 1000, 0;
    %load/vec4 v0x55bd7dcc9920_0;
    %nor/r;
    %store/vec4 v0x55bd7dcc9920_0, 0, 1;
    %jmp T_13.0;
    %end;
    .thread T_13;
    .scope S_0x55bd7dc952f0;
T_14 ;
    %pushi/vec4 0, 0, 1;
    %store/vec4 v0x55bd7dcca8c0_0, 0, 1;
    %pushi/vec4 0, 0, 1;
    %store/vec4 v0x55bd7dcca800_0, 0, 1;
    %pushi/vec4 0, 0, 16;
    %store/vec4 v0x55bd7dcca960_0, 0, 16;
    %pushi/vec4 0, 0, 1;
    %store/vec4 v0x55bd7dccac00_0, 0, 1;
    %pushi/vec4 0, 0, 1;
    %store/vec4 v0x55bd7dccaa70_0, 0, 1;
    %pushi/vec4 0, 0, 16;
    %store/vec4 v0x55bd7dccaca0_0, 0, 16;
    %pushi/vec4 0, 0, 1;
    %store/vec4 v0x55bd7dccad90_0, 0, 1;
    %pushi/vec4 0, 0, 1;
    %store/vec4 v0x55bd7dccb010_0, 0, 1;
    %pushi/vec4 0, 0, 1;
    %store/vec4 v0x55bd7dcca130_0, 0, 1;
    %pushi/vec4 0, 0, 1;
    %store/vec4 v0x55bd7dcca620_0, 0, 1;
    %delay 10000, 0;
    %pushi/vec4 1, 0, 1;
    %store/vec4 v0x55bd7dcca8c0_0, 0, 1;
    %delay 10000, 0;
    %pushi/vec4 0, 0, 1;
    %store/vec4 v0x55bd7dcca8c0_0, 0, 1;
    %delay 10000, 0;
    %pushi/vec4 1, 0, 1;
    %store/vec4 v0x55bd7dcca800_0, 0, 1;
    %wait E_0x55bd7dbec3e0;
    %delay 1000, 0;
    %pushi/vec4 1, 0, 1;
    %store/vec4 v0x55bd7dcca130_0, 0, 1;
    %pushi/vec4 1, 0, 1;
    %store/vec4 v0x55bd7dcca620_0, 0, 1;
    %delay 500000, 0;
    %vpi_call 2 139 "$finish" {0 0 0};
    %end;
    .thread T_14;
    .scope S_0x55bd7dc952f0;
T_15 ;
    %wait E_0x55bd7dbec3e0;
    %load/vec4 v0x55bd7dcca800_0;
    %flag_set/vec4 8;
    %jmp/0xz  T_15.0, 8;
    %load/vec4 v0x55bd7dcc9cc0_0;
    %pushi/vec4 5, 0, 32;
    %mod/s;
    %assign/vec4 v0x55bd7dcc9840_0, 0;
    %load/vec4 v0x55bd7dcc9be0_0;
    %pushi/vec4 5, 0, 32;
    %div/s;
    %pushi/vec4 5, 0, 32;
    %mod/s;
    %assign/vec4 v0x55bd7dcc9740_0, 0;
    %vpi_call 2 155 "$display", "Count : %d,%d -- %X:%X:%X-%X:%X:%X-%X:%X:%X-%X:%X:%X", v0x55bd7dcc9be0_0, v0x55bd7dcc9cc0_0, v0x55bd7dccab60_0, v0x55bd7dccac00_0, v0x55bd7dccaa70_0, v0x55bd7dccae80_0, v0x55bd7dccb010_0, v0x55bd7dccad90_0, v0x55bd7dcca620_0, v0x55bd7dcca710_0, v0x55bd7dcca530_0, v0x55bd7dcca130_0, v0x55bd7dcca330_0, v0x55bd7dcca040_0 {0 0 0};
    %load/vec4 v0x55bd7dccab60_0;
    %flag_set/vec4 9;
    %flag_get/vec4 9;
    %jmp/0 T_15.4, 9;
    %load/vec4 v0x55bd7dccac00_0;
    %and;
T_15.4;
    %flag_set/vec4 8;
    %jmp/0xz  T_15.2, 8;
    %load/vec4 v0x55bd7dcc9be0_0;
    %addi 1, 0, 32;
    %assign/vec4 v0x55bd7dcc9be0_0, 0;
T_15.2 ;
    %load/vec4 v0x55bd7dccae80_0;
    %flag_set/vec4 9;
    %flag_get/vec4 9;
    %jmp/0 T_15.7, 9;
    %load/vec4 v0x55bd7dccb010_0;
    %and;
T_15.7;
    %flag_set/vec4 8;
    %jmp/0xz  T_15.5, 8;
    %load/vec4 v0x55bd7dcc9cc0_0;
    %addi 1, 0, 32;
    %assign/vec4 v0x55bd7dcc9cc0_0, 0;
T_15.5 ;
    %load/vec4 v0x55bd7dcc9740_0;
    %dup/vec4;
    %pushi/vec4 4, 0, 32;
    %cmp/u;
    %jmp/1 T_15.8, 6;
    %dup/vec4;
    %pushi/vec4 3, 0, 32;
    %cmp/u;
    %jmp/1 T_15.9, 6;
    %dup/vec4;
    %pushi/vec4 2, 0, 32;
    %cmp/u;
    %jmp/1 T_15.10, 6;
    %dup/vec4;
    %pushi/vec4 1, 0, 32;
    %cmp/u;
    %jmp/1 T_15.11, 6;
    %pushi/vec4 32768, 0, 16;
    %assign/vec4 v0x55bd7dcca960_0, 0;
    %jmp T_15.13;
T_15.8 ;
    %pushi/vec4 32768, 0, 16;
    %assign/vec4 v0x55bd7dcca960_0, 0;
    %jmp T_15.13;
T_15.9 ;
    %pushi/vec4 4096, 0, 16;
    %assign/vec4 v0x55bd7dcca960_0, 0;
    %jmp T_15.13;
T_15.10 ;
    %pushi/vec4 0, 0, 16;
    %assign/vec4 v0x55bd7dcca960_0, 0;
    %jmp T_15.13;
T_15.11 ;
    %pushi/vec4 61440, 0, 16;
    %assign/vec4 v0x55bd7dcca960_0, 0;
    %jmp T_15.13;
T_15.13 ;
    %pop/vec4 1;
    %load/vec4 v0x55bd7dcc9840_0;
    %dup/vec4;
    %pushi/vec4 4, 0, 32;
    %cmp/u;
    %jmp/1 T_15.14, 6;
    %dup/vec4;
    %pushi/vec4 3, 0, 32;
    %cmp/u;
    %jmp/1 T_15.15, 6;
    %dup/vec4;
    %pushi/vec4 2, 0, 32;
    %cmp/u;
    %jmp/1 T_15.16, 6;
    %dup/vec4;
    %pushi/vec4 1, 0, 32;
    %cmp/u;
    %jmp/1 T_15.17, 6;
    %pushi/vec4 32768, 0, 16;
    %assign/vec4 v0x55bd7dccaca0_0, 0;
    %jmp T_15.19;
T_15.14 ;
    %pushi/vec4 32768, 0, 16;
    %assign/vec4 v0x55bd7dccaca0_0, 0;
    %jmp T_15.19;
T_15.15 ;
    %pushi/vec4 4096, 0, 16;
    %assign/vec4 v0x55bd7dccaca0_0, 0;
    %jmp T_15.19;
T_15.16 ;
    %pushi/vec4 0, 0, 16;
    %assign/vec4 v0x55bd7dccaca0_0, 0;
    %jmp T_15.19;
T_15.17 ;
    %pushi/vec4 61440, 0, 16;
    %assign/vec4 v0x55bd7dccaca0_0, 0;
    %jmp T_15.19;
T_15.19 ;
    %pop/vec4 1;
    %load/vec4 v0x55bd7dccac00_0;
    %nor/r;
    %flag_set/vec4 9;
    %flag_get/vec4 9;
    %jmp/0 T_15.22, 9;
    %load/vec4 v0x55bd7dcc9be0_0;
    %cmpi/s 70, 0, 32;
    %flag_get/vec4 5;
    %and;
T_15.22;
    %flag_set/vec4 8;
    %jmp/0xz  T_15.20, 8;
    %pushi/vec4 1, 0, 1;
    %assign/vec4 v0x55bd7dccac00_0, 0;
T_15.20 ;
    %load/vec4 v0x55bd7dccb010_0;
    %nor/r;
    %flag_set/vec4 9;
    %flag_get/vec4 9;
    %jmp/0 T_15.25, 9;
    %load/vec4 v0x55bd7dcc9cc0_0;
    %cmpi/s 70, 0, 32;
    %flag_get/vec4 5;
    %and;
T_15.25;
    %flag_set/vec4 8;
    %jmp/0xz  T_15.23, 8;
    %pushi/vec4 1, 0, 1;
    %assign/vec4 v0x55bd7dccb010_0, 0;
    %pushi/vec4 64, 0, 8;
    %assign/vec4 v0x55bd7dccaf20_0, 0;
T_15.23 ;
    %load/vec4 v0x55bd7dcc9be0_0;
    %cmpi/e 22, 0, 32;
    %jmp/1 T_15.29, 4;
    %flag_mov 8, 4;
    %load/vec4 v0x55bd7dcc9be0_0;
    %cmpi/e 60, 0, 32;
    %flag_or 4, 8;
T_15.29;
    %jmp/1 T_15.28, 4;
    %flag_mov 8, 4;
    %load/vec4 v0x55bd7dcc9be0_0;
    %cmpi/e 80, 0, 32;
    %flag_or 4, 8;
T_15.28;
    %jmp/0xz  T_15.26, 4;
    %pushi/vec4 1, 0, 1;
    %assign/vec4 v0x55bd7dccaa70_0, 0;
T_15.26 ;
    %load/vec4 v0x55bd7dcc9cc0_0;
    %cmpi/e 24, 0, 32;
    %jmp/1 T_15.33, 4;
    %flag_mov 8, 4;
    %load/vec4 v0x55bd7dcc9cc0_0;
    %cmpi/e 60, 0, 32;
    %flag_or 4, 8;
T_15.33;
    %jmp/1 T_15.32, 4;
    %flag_mov 8, 4;
    %load/vec4 v0x55bd7dcc9cc0_0;
    %cmpi/e 80, 0, 32;
    %flag_or 4, 8;
T_15.32;
    %jmp/0xz  T_15.30, 4;
    %pushi/vec4 1, 0, 1;
    %assign/vec4 v0x55bd7dccad90_0, 0;
T_15.30 ;
    %load/vec4 v0x55bd7dccab60_0;
    %flag_set/vec4 10;
    %flag_get/vec4 10;
    %jmp/0 T_15.38, 10;
    %load/vec4 v0x55bd7dccac00_0;
    %and;
T_15.38;
    %flag_set/vec4 9;
    %flag_get/vec4 9;
    %jmp/0 T_15.37, 9;
    %load/vec4 v0x55bd7dccaa70_0;
    %and;
T_15.37;
    %flag_set/vec4 8;
    %jmp/1 T_15.36, 8;
    %load/vec4 v0x55bd7dcc9be0_0;
    %cmpi/s 80, 0, 32;
    %flag_or 5, 4; GT is !LE
    %flag_inv 5;
    %flag_or 8, 5;
T_15.36;
    %jmp/0xz  T_15.34, 8;
    %pushi/vec4 0, 0, 1;
    %assign/vec4 v0x55bd7dccaa70_0, 0;
T_15.34 ;
    %load/vec4 v0x55bd7dccae80_0;
    %flag_set/vec4 10;
    %flag_get/vec4 10;
    %jmp/0 T_15.43, 10;
    %load/vec4 v0x55bd7dccb010_0;
    %and;
T_15.43;
    %flag_set/vec4 9;
    %flag_get/vec4 9;
    %jmp/0 T_15.42, 9;
    %load/vec4 v0x55bd7dccad90_0;
    %and;
T_15.42;
    %flag_set/vec4 8;
    %jmp/1 T_15.41, 8;
    %load/vec4 v0x55bd7dcc9cc0_0;
    %cmpi/s 80, 0, 32;
    %flag_or 5, 4; GT is !LE
    %flag_inv 5;
    %flag_or 8, 5;
T_15.41;
    %jmp/0xz  T_15.39, 8;
    %pushi/vec4 0, 0, 1;
    %assign/vec4 v0x55bd7dccad90_0, 0;
T_15.39 ;
    %load/vec4 v0x55bd7dccaf20_0;
    %pad/u 39;
    %pushi/vec4 128, 0, 39;
    %or;
    %cmpi/ne 0, 0, 39;
    %jmp/0xz  T_15.44, 4;
    %pushi/vec4 64, 0, 8;
    %assign/vec4 v0x55bd7dccaf20_0, 0;
T_15.44 ;
    %load/vec4 v0x55bd7dcc9be0_0;
    %cmpi/e 30, 0, 32;
    %jmp/0xz  T_15.46, 4;
    %pushi/vec4 192, 0, 8;
    %assign/vec4 v0x55bd7dccaf20_0, 0;
T_15.46 ;
    %load/vec4 v0x55bd7dcc9cc0_0;
    %cmpi/e 64, 0, 32;
    %jmp/0xz  T_15.48, 4;
    %pushi/vec4 0, 0, 1;
    %assign/vec4 v0x55bd7dccad90_0, 0;
    %pushi/vec4 128, 0, 8;
    %assign/vec4 v0x55bd7dccaf20_0, 0;
T_15.48 ;
    %load/vec4 v0x55bd7dcc9be0_0;
    %cmpi/e 27, 0, 32;
    %flag_get/vec4 4;
    %jmp/0 T_15.52, 4;
    %load/vec4 v0x55bd7dcca710_0;
    %and;
T_15.52;
    %flag_set/vec4 8;
    %jmp/0xz  T_15.50, 8;
    %pushi/vec4 0, 0, 1;
    %assign/vec4 v0x55bd7dccac00_0, 0;
T_15.50 ;
    %load/vec4 v0x55bd7dcc9cc0_0;
    %cmpi/e 27, 0, 32;
    %flag_get/vec4 4;
    %jmp/0 T_15.55, 4;
    %load/vec4 v0x55bd7dcca710_0;
    %and;
T_15.55;
    %flag_set/vec4 8;
    %jmp/0xz  T_15.53, 8;
    %pushi/vec4 0, 0, 1;
    %assign/vec4 v0x55bd7dccb010_0, 0;
T_15.53 ;
    %load/vec4 v0x55bd7dcc9be0_0;
    %cmpi/s 70, 0, 32;
    %flag_or 5, 4; GT is !LE
    %flag_inv 5;
    %flag_get/vec4 5;
    %jmp/0 T_15.59, 5;
    %load/vec4 v0x55bd7dccb0b0_0;
    %nor/r;
    %and;
T_15.59;
    %flag_set/vec4 9;
    %flag_get/vec4 9;
    %jmp/0 T_15.58, 9;
    %load/vec4 v0x55bd7dcca710_0;
    %nor/r;
    %and;
T_15.58;
    %flag_set/vec4 8;
    %jmp/0xz  T_15.56, 8;
    %vpi_call 2 232 "$finish" {0 0 0};
T_15.56 ;
    %load/vec4 v0x55bd7dcc9be0_0;
    %assign/vec4 v0x55bd7dcc99f0_0, 0;
    %load/vec4 v0x55bd7dcc9be0_0;
    %load/vec4 v0x55bd7dcc99f0_0;
    %cmp/e;
    %jmp/1 T_15.62, 4;
    %flag_mov 8, 4;
    %load/vec4 v0x55bd7dccac00_0;
    %flag_set/vec4 10;
    %flag_get/vec4 10;
    %jmp/1 T_15.63, 10;
    %load/vec4 v0x55bd7dcca620_0;
    %or;
T_15.63;
    %nor/r;
    %flag_set/vec4 9;
    %flag_or 9, 8;
    %flag_mov 4, 9;
T_15.62;
    %jmp/0xz  T_15.60, 4;
    %load/vec4 v0x55bd7dccb0b0_0;
    %cmpi/ne 0, 0, 32;
    %jmp/0xz  T_15.64, 4;
    %load/vec4 v0x55bd7dccb0b0_0;
    %subi 1, 0, 32;
    %assign/vec4 v0x55bd7dccb0b0_0, 0;
    %jmp T_15.65;
T_15.64 ;
    %pushi/vec4 3, 0, 32;
    %assign/vec4 v0x55bd7dccb0b0_0, 0;
T_15.65 ;
    %jmp T_15.61;
T_15.60 ;
    %pushi/vec4 3, 0, 32;
    %assign/vec4 v0x55bd7dccb0b0_0, 0;
T_15.61 ;
    %load/vec4 v0x55bd7dcc9cc0_0;
    %load/vec4 v0x55bd7dcc9ab0_0;
    %cmp/e;
    %jmp/1 T_15.68, 4;
    %flag_mov 8, 4;
    %load/vec4 v0x55bd7dccb010_0;
    %flag_set/vec4 10;
    %flag_get/vec4 10;
    %jmp/1 T_15.69, 10;
    %load/vec4 v0x55bd7dcca130_0;
    %or;
T_15.69;
    %nor/r;
    %flag_set/vec4 9;
    %flag_or 9, 8;
    %flag_mov 4, 9;
T_15.68;
    %jmp/0xz  T_15.66, 4;
    %load/vec4 v0x55bd7dccb150_0;
    %cmpi/ne 0, 0, 32;
    %jmp/0xz  T_15.70, 4;
    %load/vec4 v0x55bd7dccb150_0;
    %subi 1, 0, 32;
    %assign/vec4 v0x55bd7dccb150_0, 0;
    %jmp T_15.71;
T_15.70 ;
    %pushi/vec4 3, 0, 32;
    %assign/vec4 v0x55bd7dccb150_0, 0;
T_15.71 ;
    %jmp T_15.67;
T_15.66 ;
    %pushi/vec4 3, 0, 32;
    %assign/vec4 v0x55bd7dccb150_0, 0;
T_15.67 ;
    %jmp T_15.1;
T_15.0 ;
    %pushi/vec4 0, 0, 32;
    %assign/vec4 v0x55bd7dcc9be0_0, 0;
    %pushi/vec4 0, 0, 32;
    %assign/vec4 v0x55bd7dcc9cc0_0, 0;
T_15.1 ;
    %jmp T_15;
    .thread T_15;
# The file index is used to find the file name in the following table.
:file_names 6;
    "N/A";
    "<interactive>";
    "../tb/tb_LinearProcessingElement.v";
    "../rtl/LinearProcessingElement.v";
    "../lib/verilog-axis/rtl/axis_register.v";
    "../rtl/LPEControlUnit.v";
