#! /usr/bin/vvp
:ivl_version "11.0 (stable)";
:ivl_delay_selection "TYPICAL";
:vpi_time_precision + 0;
:vpi_module "/usr/lib/x86_64-linux-gnu/ivl/system.vpi";
:vpi_module "/usr/lib/x86_64-linux-gnu/ivl/vhdl_sys.vpi";
:vpi_module "/usr/lib/x86_64-linux-gnu/ivl/vhdl_textio.vpi";
:vpi_module "/usr/lib/x86_64-linux-gnu/ivl/v2005_math.vpi";
:vpi_module "/usr/lib/x86_64-linux-gnu/ivl/va_math.vpi";
S_0x5f8d9928a620 .scope module, "tb_sech2_lutram" "tb_sech2_lutram" 2 3;
 .timescale 0 0;
P_0x5f8d99259bc0 .param/l "CHANNELS" 1 2 12, +C4<00000000000000000000000000000001>;
P_0x5f8d99259c00 .param/l "DATA_WIDTH_IN" 1 2 8, +C4<00000000000000000000000000010000>;
P_0x5f8d99259c40 .param/l "DATA_WIDTH_OUT" 1 2 9, +C4<00000000000000000000000000010000>;
P_0x5f8d99259c80 .param/l "EXTRA_CYCLE" 1 2 13, +C4<00000000000000000000000000000001>;
P_0x5f8d99259cc0 .param/l "FRACTIONAL_BITS_IN" 1 2 10, +C4<00000000000000000000000000001100>;
P_0x5f8d99259d00 .param/l "FRACTIONAL_BITS_OUT" 1 2 11, +C4<00000000000000000000000000010000>;
v0x5f8d992b9ee0_0 .var "clk", 0 0;
v0x5f8d992b9fa0_0 .net "m_axis_0_tdata", 15 0, L_0x5f8d992cadb0;  1 drivers
v0x5f8d992ba070_0 .net "m_axis_0_tlast", 0 0, L_0x5f8d992cae70;  1 drivers
v0x5f8d992ba170_0 .var "m_axis_0_tready", 0 0;
v0x5f8d992ba240_0 .net "m_axis_0_tvalid", 0 0, L_0x5f8d992caf70;  1 drivers
v0x5f8d992ba2e0_0 .var "reset_done", 0 0;
v0x5f8d992ba380_0 .var "rst", 0 0;
v0x5f8d992ba450_0 .var "s_axis_0_tdata", 15 0;
v0x5f8d992ba520_0 .var "s_axis_0_tlast", 0 0;
v0x5f8d992ba5f0_0 .net "s_axis_0_tready", 0 0, L_0x5f8d992cacc0;  1 drivers
v0x5f8d992ba6c0_0 .var "s_axis_0_tvalid", 0 0;
S_0x5f8d99222cf0 .scope generate, "genblk1[0]" "genblk1[0]" 2 88, 2 88 0, S_0x5f8d9928a620;
 .timescale 0 0;
P_0x5f8d99222e80 .param/l "CHN" 0 2 88, +C4<00>;
v0x5f8d99289ef0_0 .net *"_ivl_0", 31 0, L_0x5f8d992ba790;  1 drivers
L_0x75184c46f018 .functor BUFT 1, C4<0000000000000000>, C4<0>, C4<0>, C4<0>;
v0x5f8d9928da30_0 .net *"_ivl_3", 15 0, L_0x75184c46f018;  1 drivers
L_0x75184c46f060 .functor BUFT 1, C4<00000000000000000000000000000001>, C4<0>, C4<0>, C4<0>;
v0x5f8d992b3ae0_0 .net/2u *"_ivl_4", 31 0, L_0x75184c46f060;  1 drivers
v0x5f8d992b3ba0_0 .net *"_ivl_6", 31 0, L_0x5f8d992ca900;  1 drivers
v0x5f8d992b3c80_0 .net "data_next", 15 0, L_0x5f8d992caa70;  1 drivers
v0x5f8d992b3db0_0 .var "data_reg", 15 0;
E_0x5f8d992960a0 .event posedge, v0x5f8d992b94e0_0;
E_0x5f8d99295f20 .event edge, v0x5f8d992b3db0_0;
L_0x5f8d992ba790 .concat [ 16 16 0 0], v0x5f8d992b3db0_0, L_0x75184c46f018;
L_0x5f8d992ca900 .arith/sum 32, L_0x5f8d992ba790, L_0x75184c46f060;
L_0x5f8d992caa70 .part L_0x5f8d992ca900, 0, 16;
S_0x5f8d992b3e90 .scope module, "uut" "sech2_lutram" 2 35, 2 137 0, S_0x5f8d9928a620;
 .timescale 0 0;
    .port_info 0 /INPUT 1 "clk";
    .port_info 1 /INPUT 1 "rst";
    .port_info 2 /INPUT 16 "s_axis_0_tdata";
    .port_info 3 /INPUT 1 "s_axis_0_tlast";
    .port_info 4 /INPUT 1 "s_axis_0_tvalid";
    .port_info 5 /OUTPUT 1 "s_axis_0_tready";
    .port_info 6 /OUTPUT 16 "m_axis_0_tdata";
    .port_info 7 /OUTPUT 1 "m_axis_0_tlast";
    .port_info 8 /OUTPUT 1 "m_axis_0_tvalid";
    .port_info 9 /INPUT 1 "m_axis_0_tready";
P_0x5f8d992b4090 .param/l "CHANNELS" 0 2 143, +C4<00000000000000000000000000000001>;
P_0x5f8d992b40d0 .param/l "DATA_WIDTH_IN" 0 2 139, +C4<00000000000000000000000000010000>;
P_0x5f8d992b4110 .param/l "DATA_WIDTH_OUT" 0 2 140, +C4<00000000000000000000000000010000>;
P_0x5f8d992b4150 .param/l "EXTRA_CYCLE" 0 2 144, +C4<00000000000000000000000000000001>;
P_0x5f8d992b4190 .param/l "FRACTIONAL_BITS_IN" 0 2 141, +C4<00000000000000000000000000001100>;
P_0x5f8d992b41d0 .param/l "FRACTIONAL_BITS_OUT" 0 2 142, +C4<00000000000000000000000000010000>;
v0x5f8d992b9320 .array "LUTRAM_ARRAY", 65535 0, 15 0;
v0x5f8d992b9400_0 .var "ROM_DATA_PATH", 320 0;
v0x5f8d992b94e0_0 .net "clk", 0 0, v0x5f8d992b9ee0_0;  1 drivers
v0x5f8d992b9580_0 .net "m_axis_0_tdata", 15 0, L_0x5f8d992cadb0;  alias, 1 drivers
v0x5f8d992b9660_0 .net "m_axis_0_tlast", 0 0, L_0x5f8d992cae70;  alias, 1 drivers
v0x5f8d992b9740_0 .net "m_axis_0_tready", 0 0, v0x5f8d992ba170_0;  1 drivers
v0x5f8d992b9820_0 .net "m_axis_0_tvalid", 0 0, L_0x5f8d992caf70;  alias, 1 drivers
v0x5f8d992b9900_0 .net "rst", 0 0, v0x5f8d992ba380_0;  1 drivers
v0x5f8d992b99c0_0 .net "s_axis_0_tdata", 15 0, v0x5f8d992ba450_0;  1 drivers
v0x5f8d992b9aa0_0 .net "s_axis_0_tlast", 0 0, v0x5f8d992ba520_0;  1 drivers
v0x5f8d992b9b80_0 .net "s_axis_0_tready", 0 0, L_0x5f8d992cacc0;  alias, 1 drivers
v0x5f8d992b9c60_0 .net "s_axis_0_tvalid", 0 0, v0x5f8d992ba6c0_0;  1 drivers
S_0x5f8d992b4500 .scope generate, "genblk1[0]" "genblk1[0]" 2 170, 2 170 0, S_0x5f8d992b3e90;
 .timescale 0 0;
P_0x5f8d992b4700 .param/l "CHN" 0 2 170, +C4<00>;
L_0x5f8d99295e50 .functor BUFZ 16, v0x5f8d992ba450_0, C4<0000000000000000>, C4<0000000000000000>, C4<0000000000000000>;
L_0x5f8d9928d890 .functor BUFZ 1, v0x5f8d992ba520_0, C4<0>, C4<0>, C4<0>;
L_0x5f8d992cac00 .functor BUFZ 1, v0x5f8d992ba6c0_0, C4<0>, C4<0>, C4<0>;
L_0x5f8d992cacc0 .functor BUFZ 1, L_0x5f8d992cb140, C4<0>, C4<0>, C4<0>;
L_0x5f8d992cadb0 .functor BUFZ 16, L_0x5f8d992cd860, C4<0000000000000000>, C4<0000000000000000>, C4<0000000000000000>;
L_0x5f8d992cae70 .functor BUFZ 1, L_0x5f8d992cd750, C4<0>, C4<0>, C4<0>;
L_0x5f8d992caf70 .functor BUFZ 1, L_0x5f8d992cb410, C4<0>, C4<0>, C4<0>;
L_0x5f8d992cb030 .functor BUFZ 1, v0x5f8d992ba170_0, C4<0>, C4<0>, C4<0>;
L_0x5f8d992cb230 .functor BUFZ 1, L_0x5f8d992cac00, C4<0>, C4<0>, C4<0>;
L_0x5f8d992cb2f0 .functor BUFZ 1, L_0x5f8d992cb030, C4<0>, C4<0>, C4<0>;
L_0x5f8d992cb4b0 .functor AND 3, L_0x5f8d992ce520, L_0x5f8d992cda20, C4<111>, C4<111>;
L_0x5f8d992cb780 .functor AND 1, L_0x5f8d992cb5c0, L_0x5f8d992cb6b0, C4<1>, C4<1>;
L_0x5f8d992cbad0 .functor AND 1, L_0x5f8d992cb780, L_0x5f8d992cb9a0, C4<1>, C4<1>;
L_0x5f8d992cbc80 .functor AND 1, L_0x5f8d992cbad0, L_0x5f8d992cbbe0, C4<1>, C4<1>;
L_0x5f8d992cc2d0 .functor AND 1, L_0x5f8d992cc430, L_0x5f8d992cc580, C4<1>, C4<1>;
L_0x5f8d992cb890 .functor OR 1, L_0x5f8d992cc340, L_0x5f8d992cc2d0, C4<0>, C4<0>;
L_0x5f8d992cc870 .functor AND 1, L_0x5f8d992cc140, L_0x5f8d992cb890, C4<1>, C4<1>;
L_0x5f8d992cd690 .functor BUFZ 16, L_0x5f8d992cd3e0, C4<0000000000000000>, C4<0000000000000000>, C4<0000000000000000>;
v0x5f8d992b8a00_0 .array/port v0x5f8d992b8a00, 0;
L_0x5f8d992cd860 .functor BUFZ 16, v0x5f8d992b8a00_0, C4<0000000000000000>, C4<0000000000000000>, C4<0000000000000000>;
v0x5f8d992b5f10_0 .net *"_ivl_104", 0 0, v0x5f8d992b7f20_0;  1 drivers
v0x5f8d992b6010_0 .net *"_ivl_21", 0 0, L_0x5f8d992cb230;  1 drivers
v0x5f8d992b60f0_0 .net *"_ivl_25", 0 0, L_0x5f8d992cb2f0;  1 drivers
v0x5f8d992b61e0_0 .net *"_ivl_31", 0 0, L_0x5f8d992cb5c0;  1 drivers
v0x5f8d992b62c0_0 .net *"_ivl_33", 0 0, L_0x5f8d992cb6b0;  1 drivers
v0x5f8d992b63f0_0 .net *"_ivl_35", 0 0, L_0x5f8d992cb780;  1 drivers
v0x5f8d992b64b0_0 .net *"_ivl_37", 0 0, L_0x5f8d992cb900;  1 drivers
v0x5f8d992b6590_0 .net *"_ivl_39", 0 0, L_0x5f8d992cb9a0;  1 drivers
v0x5f8d992b6650_0 .net *"_ivl_41", 0 0, L_0x5f8d992cbad0;  1 drivers
v0x5f8d992b6710_0 .net *"_ivl_43", 0 0, L_0x5f8d992cbbe0;  1 drivers
v0x5f8d992b67d0_0 .net *"_ivl_47", 0 0, L_0x5f8d992cbe10;  1 drivers
v0x5f8d992b68b0_0 .net *"_ivl_49", 0 0, L_0x5f8d992cbf00;  1 drivers
v0x5f8d992b6970_0 .net *"_ivl_55", 0 0, L_0x5f8d992cc140;  1 drivers
v0x5f8d992b6a30_0 .net *"_ivl_57", 0 0, L_0x5f8d992cc230;  1 drivers
v0x5f8d992b6b10_0 .net *"_ivl_59", 0 0, L_0x5f8d992cc340;  1 drivers
v0x5f8d992b6bd0_0 .net *"_ivl_61", 0 0, L_0x5f8d992cc430;  1 drivers
v0x5f8d992b6cb0_0 .net *"_ivl_63", 0 0, L_0x5f8d992cc580;  1 drivers
v0x5f8d992b6d90_0 .net *"_ivl_65", 0 0, L_0x5f8d992cc2d0;  1 drivers
v0x5f8d992b6e50_0 .net *"_ivl_67", 0 0, L_0x5f8d992cb890;  1 drivers
v0x5f8d992b6f10_0 .net *"_ivl_68", 0 0, L_0x5f8d992cc870;  1 drivers
v0x5f8d992b6ff0_0 .net *"_ivl_73", 0 0, L_0x5f8d992cc980;  1 drivers
L_0x75184c46f0a8 .functor BUFT 1, C4<01>, C4<0>, C4<0>, C4<0>;
v0x5f8d992b70d0_0 .net/2u *"_ivl_74", 1 0, L_0x75184c46f0a8;  1 drivers
v0x5f8d992b71b0_0 .net *"_ivl_77", 0 0, L_0x5f8d992ccab0;  1 drivers
L_0x75184c46f0f0 .functor BUFT 1, C4<00>, C4<0>, C4<0>, C4<0>;
v0x5f8d992b7290_0 .net/2u *"_ivl_78", 1 0, L_0x75184c46f0f0;  1 drivers
v0x5f8d992b7370_0 .net *"_ivl_81", 0 0, L_0x5f8d992ccbd0;  1 drivers
v0x5f8d992b7450_0 .net *"_ivl_82", 1 0, L_0x5f8d992ccd40;  1 drivers
L_0x75184c46f138 .functor BUFT 1, C4<0>, C4<0>, C4<0>, C4<0>;
v0x5f8d992b7530_0 .net *"_ivl_85", 0 0, L_0x75184c46f138;  1 drivers
v0x5f8d992b7610_0 .net *"_ivl_86", 1 0, L_0x5f8d992ccf00;  1 drivers
v0x5f8d992b76f0_0 .net *"_ivl_88", 1 0, L_0x5f8d992ccca0;  1 drivers
v0x5f8d992b77d0_0 .net *"_ivl_91", 0 0, L_0x5f8d992cd230;  1 drivers
v0x5f8d992b78b0_0 .net *"_ivl_93", 15 0, L_0x5f8d992cd3e0;  1 drivers
v0x5f8d992b7990_0 .net *"_ivl_95", 17 0, L_0x5f8d992cd480;  1 drivers
L_0x75184c46f180 .functor BUFT 1, C4<00>, C4<0>, C4<0>, C4<0>;
v0x5f8d992b7a70_0 .net *"_ivl_98", 1 0, L_0x75184c46f180;  1 drivers
v0x5f8d992b7d60_0 .var "d_data_int_reg_slice", 15 0;
v0x5f8d992b7e40_0 .net "d_data_int_slice", 15 0, L_0x5f8d99295e50;  1 drivers
v0x5f8d992b7f20_0 .var "d_last_int_reg_slice", 0 0;
v0x5f8d992b7fe0_0 .net "d_last_int_slice", 0 0, L_0x5f8d9928d890;  1 drivers
v0x5f8d992b80a0_0 .net "d_ready_int_next_slice", 2 0, L_0x5f8d992ce520;  1 drivers
v0x5f8d992b8180_0 .var "d_ready_int_reg_slice", 2 0;
v0x5f8d992b8260_0 .net "d_ready_int_slice", 0 0, L_0x5f8d992cb140;  1 drivers
v0x5f8d992b8320_0 .net "d_valid_int_next_slice", 2 0, L_0x5f8d992cda20;  1 drivers
v0x5f8d992b8400_0 .var "d_valid_int_reg_slice", 2 0;
v0x5f8d992b84e0_0 .net "d_valid_int_slice", 0 0, L_0x5f8d992cac00;  1 drivers
v0x5f8d992b85a0_0 .net "handshakes_next", 2 0, L_0x5f8d992cb4b0;  1 drivers
v0x5f8d992b8680_0 .var "handshakes_reg", 2 0;
v0x5f8d992b8760_0 .net "load_from_tmp_next", 0 0, L_0x5f8d992cbff0;  1 drivers
v0x5f8d992b8820_0 .var "load_from_tmp_reg", 0 0;
v0x5f8d992b88e0 .array "q_data_int_next_slice", 1 0;
v0x5f8d992b88e0_0 .net v0x5f8d992b88e0 0, 15 0, L_0x5f8d992cd690; 1 drivers
v0x5f8d992b88e0_1 .net v0x5f8d992b88e0 1, 15 0, v0x5f8d992b8a00_0; 1 drivers
v0x5f8d992b8a00 .array "q_data_int_reg_slice", 1 0, 15 0;
v0x5f8d992b8b20_0 .net "q_data_int_slice", 15 0, L_0x5f8d992cd860;  1 drivers
v0x5f8d992b8c00_0 .net "q_last_int_next_slice", 1 0, L_0x5f8d992cee20;  1 drivers
v0x5f8d992b8ce0_0 .var "q_last_int_reg_slice", 1 0;
v0x5f8d992b8dc0_0 .net "q_last_int_slice", 0 0, L_0x5f8d992cd750;  1 drivers
v0x5f8d992b8e80_0 .net "q_ready_int_slice", 0 0, L_0x5f8d992cb030;  1 drivers
v0x5f8d992b8f40_0 .net "q_valid_int_slice", 0 0, L_0x5f8d992cb410;  1 drivers
v0x5f8d992b9000_0 .net "store_in_tmp_next", 0 0, L_0x5f8d992cbc80;  1 drivers
v0x5f8d992b90c0_0 .var "store_in_tmp_reg", 0 0;
v0x5f8d992b9180_0 .var "tmp_data", 15 0;
v0x5f8d992b9260_0 .var "tmp_last", 0 0;
L_0x5f8d992cb140 .part L_0x5f8d992ce520, 0, 1;
L_0x5f8d992cb410 .part L_0x5f8d992cda20, 2, 1;
L_0x5f8d992cb5c0 .part L_0x5f8d992cb4b0, 0, 1;
L_0x5f8d992cb6b0 .part L_0x5f8d992cda20, 1, 1;
L_0x5f8d992cb900 .part L_0x5f8d992ce520, 1, 1;
L_0x5f8d992cb9a0 .reduce/nor L_0x5f8d992cb900;
L_0x5f8d992cbbe0 .reduce/nor v0x5f8d992b8820_0;
L_0x5f8d992cbe10 .part L_0x5f8d992cb4b0, 1, 1;
L_0x5f8d992cbf00 .reduce/nor L_0x5f8d992cbe10;
L_0x5f8d992cbff0 .functor MUXZ 1, v0x5f8d992b90c0_0, L_0x5f8d992cbf00, v0x5f8d992b8820_0, C4<>;
L_0x5f8d992cc140 .reduce/nor L_0x5f8d992cbff0;
L_0x5f8d992cc230 .part v0x5f8d992b8400_0, 1, 1;
L_0x5f8d992cc340 .reduce/nor L_0x5f8d992cc230;
L_0x5f8d992cc430 .part v0x5f8d992b8180_0, 1, 1;
L_0x5f8d992cc580 .part v0x5f8d992b8400_0, 0, 1;
L_0x5f8d992cc980 .part v0x5f8d992b8680_0, 1, 1;
L_0x5f8d992ccab0 .part v0x5f8d992b8680_0, 2, 1;
L_0x5f8d992ccbd0 .part v0x5f8d992b8400_0, 2, 1;
L_0x5f8d992ccd40 .concat [ 1 1 0 0], L_0x5f8d992ccbd0, L_0x75184c46f138;
L_0x5f8d992ccf00 .functor MUXZ 2, L_0x5f8d992ccd40, L_0x75184c46f0f0, L_0x5f8d992ccab0, C4<>;
L_0x5f8d992ccca0 .functor MUXZ 2, L_0x5f8d992ccf00, L_0x75184c46f0a8, L_0x5f8d992cc980, C4<>;
L_0x5f8d992cd230 .part L_0x5f8d992ccca0, 0, 1;
L_0x5f8d992cd3e0 .array/port v0x5f8d992b9320, L_0x5f8d992cd480;
L_0x5f8d992cd480 .concat [ 16 2 0 0], v0x5f8d992b7d60_0, L_0x75184c46f180;
L_0x5f8d992cd750 .part L_0x5f8d992cee20, 1, 1;
L_0x5f8d992cda20 .concat8 [ 1 1 1 0], L_0x5f8d992cb230, L_0x5f8d992ce3b0, L_0x5f8d992cd230;
L_0x5f8d992cdbf0 .part v0x5f8d992b8680_0, 0, 1;
L_0x5f8d992cdd50 .part v0x5f8d992b8680_0, 1, 1;
L_0x5f8d992cdf40 .part v0x5f8d992b8400_0, 1, 1;
L_0x5f8d992ce520 .concat8 [ 1 1 1 0], L_0x5f8d992cc870, L_0x5f8d992cec00, L_0x5f8d992cb2f0;
L_0x5f8d992ce710 .part v0x5f8d992b8400_0, 2, 1;
L_0x5f8d992ce8a0 .part L_0x5f8d992ce520, 2, 1;
L_0x5f8d992cea50 .part v0x5f8d992b8400_0, 1, 1;
L_0x5f8d992cee20 .concat8 [ 1 1 0 0], v0x5f8d992b7f20_0, L_0x5f8d992cf080;
L_0x5f8d992cf080 .part v0x5f8d992b8ce0_0, 0, 1;
S_0x5f8d992b47e0 .scope generate, "genblk2" "genblk2" 2 213, 2 213 0, S_0x5f8d992b4500;
 .timescale 0 0;
L_0x5f8d992cdc90 .functor OR 1, L_0x5f8d992cdbf0, v0x5f8d992b8820_0, C4<0>, C4<0>;
v0x5f8d992b49c0_0 .net *"_ivl_0", 0 0, L_0x5f8d992cdbf0;  1 drivers
v0x5f8d992b4ac0_0 .net *"_ivl_1", 0 0, L_0x5f8d992cdc90;  1 drivers
L_0x75184c46f258 .functor BUFT 1, C4<0>, C4<0>, C4<0>, C4<0>;
v0x5f8d992b4ba0_0 .net *"_ivl_12", 0 0, L_0x75184c46f258;  1 drivers
v0x5f8d992b4c60_0 .net *"_ivl_13", 1 0, L_0x5f8d992ce0e0;  1 drivers
v0x5f8d992b4d40_0 .net *"_ivl_15", 1 0, L_0x5f8d992ce220;  1 drivers
v0x5f8d992b4e70_0 .net *"_ivl_18", 0 0, L_0x5f8d992ce3b0;  1 drivers
L_0x75184c46f1c8 .functor BUFT 1, C4<01>, C4<0>, C4<0>, C4<0>;
v0x5f8d992b4f50_0 .net/2u *"_ivl_3", 1 0, L_0x75184c46f1c8;  1 drivers
v0x5f8d992b5030_0 .net *"_ivl_5", 0 0, L_0x5f8d992cdd50;  1 drivers
L_0x75184c46f210 .functor BUFT 1, C4<00>, C4<0>, C4<0>, C4<0>;
v0x5f8d992b5110_0 .net/2u *"_ivl_6", 1 0, L_0x75184c46f210;  1 drivers
v0x5f8d992b51f0_0 .net *"_ivl_8", 0 0, L_0x5f8d992cdf40;  1 drivers
v0x5f8d992b52d0_0 .net *"_ivl_9", 1 0, L_0x5f8d992ce010;  1 drivers
L_0x5f8d992ce010 .concat [ 1 1 0 0], L_0x5f8d992cdf40, L_0x75184c46f258;
L_0x5f8d992ce0e0 .functor MUXZ 2, L_0x5f8d992ce010, L_0x75184c46f210, L_0x5f8d992cdd50, C4<>;
L_0x5f8d992ce220 .functor MUXZ 2, L_0x5f8d992ce0e0, L_0x75184c46f1c8, L_0x5f8d992cdc90, C4<>;
L_0x5f8d992ce3b0 .part L_0x5f8d992ce220, 0, 1;
S_0x5f8d992b53b0 .scope generate, "genblk3" "genblk3" 2 217, 2 217 0, S_0x5f8d992b4500;
 .timescale 0 0;
L_0x5f8d992ceaf0 .functor AND 1, L_0x5f8d992ce8a0, L_0x5f8d992cea50, C4<1>, C4<1>;
L_0x5f8d992cec00 .functor OR 1, L_0x5f8d992ce7b0, L_0x5f8d992ceaf0, C4<0>, C4<0>;
v0x5f8d992b5560_0 .net *"_ivl_0", 0 0, L_0x5f8d992ce710;  1 drivers
v0x5f8d992b5640_0 .net *"_ivl_2", 0 0, L_0x5f8d992ce7b0;  1 drivers
v0x5f8d992b5700_0 .net *"_ivl_3", 0 0, L_0x5f8d992ce8a0;  1 drivers
v0x5f8d992b57c0_0 .net *"_ivl_4", 0 0, L_0x5f8d992cea50;  1 drivers
v0x5f8d992b58a0_0 .net *"_ivl_6", 0 0, L_0x5f8d992ceaf0;  1 drivers
v0x5f8d992b59b0_0 .net *"_ivl_8", 0 0, L_0x5f8d992cec00;  1 drivers
L_0x5f8d992ce7b0 .reduce/nor L_0x5f8d992ce710;
S_0x5f8d992b5a70 .scope generate, "genblk4" "genblk4" 2 224, 2 224 0, S_0x5f8d992b4500;
 .timescale 0 0;
S_0x5f8d992b5c50 .scope generate, "genblk5" "genblk5" 2 227, 2 227 0, S_0x5f8d992b4500;
 .timescale 0 0;
v0x5f8d992b5e30_0 .net *"_ivl_0", 0 0, L_0x5f8d992cf080;  1 drivers
    .scope S_0x5f8d99222cf0;
T_0 ;
    %wait E_0x5f8d99295f20;
    %load/vec4 v0x5f8d992b3db0_0;
    %assign/vec4 v0x5f8d992ba450_0, 0;
    %jmp T_0;
    .thread T_0, $push;
    .scope S_0x5f8d99222cf0;
T_1 ;
    %wait E_0x5f8d992960a0;
    %load/vec4 v0x5f8d992ba2e0_0;
    %flag_set/vec4 8;
    %jmp/0xz  T_1.0, 8;
    %load/vec4 v0x5f8d992b3db0_0;
    %pad/u 17;
    %cmpi/e 65, 0, 17;
    %flag_mov 8, 4;
    %load/vec4 v0x5f8d992b3db0_0;
    %pad/u 17;
    %cmpi/e 68, 0, 17;
    %flag_or 4, 8;
    %jmp/0xz  T_1.2, 4;
    %pushi/vec4 0, 0, 1;
    %assign/vec4 v0x5f8d992ba6c0_0, 0;
T_1.2 ;
    %load/vec4 v0x5f8d992ba6c0_0;
    %nor/r;
    %flag_set/vec4 8;
    %jmp/0xz  T_1.4, 8;
    %pushi/vec4 1, 0, 1;
    %assign/vec4 v0x5f8d992ba6c0_0, 0;
T_1.4 ;
    %load/vec4 v0x5f8d992b3db0_0;
    %pad/u 17;
    %cmpi/e 65, 0, 17;
    %flag_mov 8, 4;
    %load/vec4 v0x5f8d992b3db0_0;
    %pad/u 17;
    %cmpi/e 68, 0, 17;
    %flag_or 4, 8;
    %jmp/0xz  T_1.6, 4;
    %pushi/vec4 0, 0, 1;
    %assign/vec4 v0x5f8d992ba170_0, 0;
T_1.6 ;
    %load/vec4 v0x5f8d992ba170_0;
    %nor/r;
    %flag_set/vec4 8;
    %jmp/0xz  T_1.8, 8;
    %pushi/vec4 1, 0, 1;
    %assign/vec4 v0x5f8d992ba170_0, 0;
T_1.8 ;
    %load/vec4 v0x5f8d992b3c80_0;
    %pad/u 32;
    %pushi/vec4 2, 0, 32;
    %mod;
    %cmpi/e 0, 0, 32;
    %jmp/0xz  T_1.10, 4;
    %pushi/vec4 1, 0, 1;
    %assign/vec4 v0x5f8d992ba520_0, 0;
T_1.10 ;
    %load/vec4 v0x5f8d992b3c80_0;
    %pad/u 32;
    %cmpi/e 1, 0, 32;
    %jmp/0xz  T_1.12, 4;
    %pushi/vec4 1, 0, 1;
    %assign/vec4 v0x5f8d992ba520_0, 0;
T_1.12 ;
    %load/vec4 v0x5f8d992ba520_0;
    %load/vec4 v0x5f8d992ba5f0_0;
    %and;
    %load/vec4 v0x5f8d992ba6c0_0;
    %and;
    %flag_set/vec4 8;
    %jmp/0xz  T_1.14, 8;
    %pushi/vec4 0, 0, 1;
    %assign/vec4 v0x5f8d992ba520_0, 0;
T_1.14 ;
    %load/vec4 v0x5f8d992ba5f0_0;
    %load/vec4 v0x5f8d992ba6c0_0;
    %and;
    %flag_set/vec4 8;
    %jmp/0xz  T_1.16, 8;
    %load/vec4 v0x5f8d992b3c80_0;
    %assign/vec4 v0x5f8d992b3db0_0, 0;
T_1.16 ;
    %jmp T_1.1;
T_1.0 ;
    %pushi/vec4 32768, 0, 16;
    %assign/vec4 v0x5f8d992b3db0_0, 0;
T_1.1 ;
    %jmp T_1;
    .thread T_1;
    .scope S_0x5f8d992b4500;
T_2 ;
    %wait E_0x5f8d992960a0;
    %load/vec4 v0x5f8d992b9900_0;
    %flag_set/vec4 8;
    %jmp/0xz  T_2.0, 8;
    %pushi/vec4 0, 0, 3;
    %assign/vec4 v0x5f8d992b8400_0, 0;
    %pushi/vec4 0, 0, 3;
    %assign/vec4 v0x5f8d992b8180_0, 0;
    %pushi/vec4 0, 0, 3;
    %assign/vec4 v0x5f8d992b8680_0, 0;
    %pushi/vec4 0, 0, 1;
    %assign/vec4 v0x5f8d992b90c0_0, 0;
    %pushi/vec4 0, 0, 1;
    %assign/vec4 v0x5f8d992b8820_0, 0;
    %jmp T_2.1;
T_2.0 ;
    %load/vec4 v0x5f8d992b8320_0;
    %assign/vec4 v0x5f8d992b8400_0, 0;
    %load/vec4 v0x5f8d992b80a0_0;
    %assign/vec4 v0x5f8d992b8180_0, 0;
    %load/vec4 v0x5f8d992b85a0_0;
    %assign/vec4 v0x5f8d992b8680_0, 0;
    %load/vec4 v0x5f8d992b9000_0;
    %assign/vec4 v0x5f8d992b90c0_0, 0;
    %load/vec4 v0x5f8d992b8760_0;
    %assign/vec4 v0x5f8d992b8820_0, 0;
    %load/vec4 v0x5f8d992b85a0_0;
    %parti/s 1, 0, 2;
    %flag_set/vec4 8;
    %jmp/0xz  T_2.2, 8;
    %load/vec4 v0x5f8d992b9000_0;
    %flag_set/vec4 8;
    %jmp/0xz  T_2.4, 8;
    %load/vec4 v0x5f8d992b7e40_0;
    %assign/vec4 v0x5f8d992b9180_0, 0;
    %load/vec4 v0x5f8d992b7fe0_0;
    %assign/vec4 v0x5f8d992b9260_0, 0;
    %jmp T_2.5;
T_2.4 ;
    %load/vec4 v0x5f8d992b7e40_0;
    %assign/vec4 v0x5f8d992b7d60_0, 0;
    %load/vec4 v0x5f8d992b7fe0_0;
    %assign/vec4 v0x5f8d992b7f20_0, 0;
T_2.5 ;
    %jmp T_2.3;
T_2.2 ;
    %load/vec4 v0x5f8d992b8760_0;
    %flag_set/vec4 8;
    %jmp/0xz  T_2.6, 8;
    %load/vec4 v0x5f8d992b9180_0;
    %assign/vec4 v0x5f8d992b7d60_0, 0;
    %load/vec4 v0x5f8d992b9260_0;
    %assign/vec4 v0x5f8d992b7f20_0, 0;
T_2.6 ;
T_2.3 ;
    %load/vec4 v0x5f8d992b85a0_0;
    %parti/s 1, 1, 2;
    %flag_set/vec4 8;
    %jmp/0xz  T_2.8, 8;
    %ix/load 4, 0, 0;
    %flag_set/imm 4, 0;
    %load/vec4a v0x5f8d992b88e0, 4;
    %ix/load 3, 0, 0;
    %flag_set/imm 4, 0;
    %ix/load 4, 0, 0; Constant delay
    %assign/vec4/a/d v0x5f8d992b8a00, 0, 4;
    %load/vec4 v0x5f8d992b8c00_0;
    %parti/s 1, 0, 2;
    %ix/load 4, 0, 0;
    %ix/load 5, 0, 0;
    %flag_set/imm 4, 0;
    %assign/vec4/off/d v0x5f8d992b8ce0_0, 4, 5;
T_2.8 ;
    %load/vec4 v0x5f8d992b85a0_0;
    %parti/s 1, 2, 3;
    %flag_set/vec4 8;
    %jmp/0xz  T_2.10, 8;
    %ix/load 4, 1, 0;
    %flag_set/imm 4, 0;
    %load/vec4a v0x5f8d992b88e0, 4;
    %ix/load 3, 1, 0;
    %flag_set/imm 4, 0;
    %ix/load 4, 0, 0; Constant delay
    %assign/vec4/a/d v0x5f8d992b8a00, 0, 4;
    %load/vec4 v0x5f8d992b8c00_0;
    %parti/s 1, 1, 2;
    %ix/load 4, 1, 0;
    %ix/load 5, 0, 0;
    %flag_set/imm 4, 0;
    %assign/vec4/off/d v0x5f8d992b8ce0_0, 4, 5;
T_2.10 ;
T_2.1 ;
    %jmp T_2;
    .thread T_2;
    .scope S_0x5f8d992b3e90;
T_3 ;
    %vpi_call 2 163 "$sformat", v0x5f8d992b9400_0, "../data/sech2_lutram_%0d.%0d_%0d.%0d.txt", P_0x5f8d992b40d0, P_0x5f8d992b4190, P_0x5f8d992b4110, P_0x5f8d992b41d0 {0 0 0};
    %vpi_call 2 164 "$display", "ROM_DATA_PATH is : %s", v0x5f8d992b9400_0 {0 0 0};
    %vpi_call 2 165 "$readmemh", v0x5f8d992b9400_0, v0x5f8d992b9320 {0 0 0};
    %end;
    .thread T_3;
    .scope S_0x5f8d9928a620;
T_4 ;
    %vpi_call 2 51 "$dumpfile", "../vcd/tb_sech2_lutram.vcd" {0 0 0};
    %vpi_call 2 52 "$dumpvars", 32'sb00000000000000000000000000000000, S_0x5f8d992b3e90 {0 0 0};
    %end;
    .thread T_4;
    .scope S_0x5f8d9928a620;
T_5 ;
    %pushi/vec4 0, 0, 1;
    %store/vec4 v0x5f8d992b9ee0_0, 0, 1;
T_5.0 ;
    %delay 1, 0;
    %load/vec4 v0x5f8d992b9ee0_0;
    %nor/r;
    %store/vec4 v0x5f8d992b9ee0_0, 0, 1;
    %jmp T_5.0;
    %end;
    .thread T_5;
    .scope S_0x5f8d9928a620;
T_6 ;
    %pushi/vec4 0, 0, 1;
    %store/vec4 v0x5f8d992ba380_0, 0, 1;
    %pushi/vec4 0, 0, 1;
    %store/vec4 v0x5f8d992ba2e0_0, 0, 1;
    %pushi/vec4 0, 0, 16;
    %store/vec4 v0x5f8d992ba450_0, 0, 16;
    %pushi/vec4 0, 0, 1;
    %store/vec4 v0x5f8d992ba520_0, 0, 1;
    %pushi/vec4 0, 0, 1;
    %store/vec4 v0x5f8d992ba6c0_0, 0, 1;
    %pushi/vec4 0, 0, 1;
    %store/vec4 v0x5f8d992ba170_0, 0, 1;
    %delay 10, 0;
    %pushi/vec4 1, 0, 1;
    %store/vec4 v0x5f8d992ba380_0, 0, 1;
    %delay 10, 0;
    %pushi/vec4 0, 0, 1;
    %store/vec4 v0x5f8d992ba380_0, 0, 1;
    %delay 20, 0;
    %pushi/vec4 1, 0, 1;
    %store/vec4 v0x5f8d992ba2e0_0, 0, 1;
    %pushi/vec4 1, 0, 1;
    %store/vec4 v0x5f8d992ba6c0_0, 0, 1;
    %pushi/vec4 1, 0, 1;
    %store/vec4 v0x5f8d992ba170_0, 0, 1;
    %wait E_0x5f8d992960a0;
    %delay 1, 0;
    %delay 131072, 0;
    %vpi_call 2 82 "$finish" {0 0 0};
    %end;
    .thread T_6;
# The file index is used to find the file name in the following table.
:file_names 3;
    "N/A";
    "<interactive>";
    "/tmp/tmpctjf0ruy";
