#! /usr/bin/vvp
:ivl_version "12.0 (stable)";
:ivl_delay_selection "TYPICAL";
:vpi_time_precision - 12;
:vpi_module "/usr/lib/x86_64-linux-gnu/ivl/system.vpi";
:vpi_module "/usr/lib/x86_64-linux-gnu/ivl/vhdl_sys.vpi";
:vpi_module "/usr/lib/x86_64-linux-gnu/ivl/vhdl_textio.vpi";
:vpi_module "/usr/lib/x86_64-linux-gnu/ivl/v2005_math.vpi";
:vpi_module "/usr/lib/x86_64-linux-gnu/ivl/va_math.vpi";
S_0x562dce827380 .scope module, "tb_SubMult" "tb_SubMult" 2 6;
 .timescale -9 -12;
P_0x562dce77c4f0 .param/l "DATA_WIDTH_DATA" 1 2 11, +C4<00000000000000000000000000010000>;
P_0x562dce77c530 .param/l "DATA_WIDTH_RSLT" 1 2 15, +C4<00000000000000000000000000010000>;
P_0x562dce77c570 .param/l "DATA_WIDTH_SCALE" 1 2 13, +C4<00000000000000000000000000010000>;
P_0x562dce77c5b0 .param/l "DEST_ENABLE" 1 2 21, +C4<00000000000000000000000000000000>;
P_0x562dce77c5f0 .param/l "DEST_WIDTH" 1 2 22, +C4<00000000000000000000000000001000>;
P_0x562dce77c630 .param/l "FRACTIONAL_BITS_DATA" 1 2 12, +C4<00000000000000000000000000001100>;
P_0x562dce77c670 .param/l "FRACTIONAL_BITS_RSLT" 1 2 16, +C4<00000000000000000000000000001100>;
P_0x562dce77c6b0 .param/l "FRACTIONAL_BITS_SCALE" 1 2 14, +C4<00000000000000000000000000001100>;
P_0x562dce77c6f0 .param/l "ID_ENABLE" 1 2 19, +C4<00000000000000000000000000000000>;
P_0x562dce77c730 .param/l "ID_WIDTH" 1 2 20, +C4<00000000000000000000000000001000>;
P_0x562dce77c770 .param/l "KEEP_ENABLE" 1 2 17, C4<1>;
P_0x562dce77c7b0 .param/l "KEEP_WIDTH" 1 2 18, +C4<000000000000000000000000000000010>;
P_0x562dce77c7f0 .param/l "USER_ENABLE" 1 2 23, +C4<00000000000000000000000000000000>;
P_0x562dce77c830 .param/l "USER_WIDTH" 1 2 24, +C4<00000000000000000000000000000001>;
v0x562dce882620_0 .var/i "_tmp_0", 31 0;
v0x562dce882720_0 .var/i "_tmp_1", 31 0;
v0x562dce882800_0 .var "clk", 0 0;
v0x562dce8828d0_0 .var/i "count2_data", 31 0;
v0x562dce882990_0 .var/i "count2_grid", 31 0;
v0x562dce882a70_0 .var/i "count_data", 31 0;
v0x562dce882b50_0 .var/i "count_grid", 31 0;
v0x562dce882c30_0 .net "m_axis_data_tdata", 15 0, L_0x562dce88cdf0;  1 drivers
v0x562dce882cf0_0 .net "m_axis_data_tdest", 7 0, L_0x562dce88d6f0;  1 drivers
v0x562dce882e50_0 .net "m_axis_data_tid", 7 0, L_0x562dce88d4a0;  1 drivers
v0x562dce882f20_0 .net "m_axis_data_tkeep", 1 0, L_0x562dce88ceb0;  1 drivers
v0x562dce882ff0_0 .net "m_axis_data_tlast", 0 0, L_0x562dce88d3e0;  1 drivers
v0x562dce8830c0_0 .var "m_axis_data_tready", 0 0;
v0x562dce883190_0 .net "m_axis_data_tuser", 0 0, L_0x562dce88d7b0;  1 drivers
v0x562dce883260_0 .net "m_axis_data_tvalid", 0 0, L_0x562dce88d0e0;  1 drivers
v0x562dce883330_0 .var "reset_done", 0 0;
v0x562dce8833d0_0 .var "rst", 0 0;
v0x562dce883470_0 .var "s_axis_data_tdata", 15 0;
v0x562dce883540_0 .var "s_axis_data_tdest", 7 0;
v0x562dce883610_0 .var "s_axis_data_tid", 7 0;
v0x562dce8836e0_0 .var "s_axis_data_tlast", 0 0;
v0x562dce8837b0_0 .net "s_axis_data_tready", 0 0, L_0x562dce885330;  1 drivers
v0x562dce883880_0 .var "s_axis_data_tuser", 0 0;
v0x562dce883950_0 .var "s_axis_data_tvalid", 0 0;
v0x562dce883a20_0 .var "s_axis_grid_tdata", 15 0;
v0x562dce883af0_0 .var "s_axis_grid_tdest", 7 0;
v0x562dce883bc0_0 .var "s_axis_grid_tid", 7 0;
v0x562dce883c90_0 .var "s_axis_grid_tlast", 0 0;
v0x562dce883d60_0 .net "s_axis_grid_tready", 0 0, L_0x562dce885d90;  1 drivers
v0x562dce883e30_0 .var "s_axis_grid_tuser", 0 0;
v0x562dce883f00_0 .var "s_axis_grid_tvalid", 0 0;
v0x562dce883fd0_0 .var "s_axis_scale_tdata", 15 0;
v0x562dce8840a0_0 .var "s_axis_scale_tdest", 7 0;
v0x562dce884170_0 .var "s_axis_scale_tid", 7 0;
v0x562dce884240_0 .var "s_axis_scale_tlast", 0 0;
v0x562dce884310_0 .net "s_axis_scale_tready", 0 0, L_0x562dce886910;  1 drivers
v0x562dce8843e0_0 .var "s_axis_scale_tuser", 0 0;
v0x562dce8844b0_0 .var "s_axis_scale_tvalid", 0 0;
v0x562dce884580_0 .var/i "timer_data", 31 0;
v0x562dce884620_0 .var/i "timer_grid", 31 0;
S_0x562dce8257f0 .scope module, "uut" "SubMult" 2 75, 3 12 0, S_0x562dce827380;
 .timescale -9 -12;
    .port_info 0 /INPUT 1 "clk";
    .port_info 1 /INPUT 1 "rst";
    .port_info 2 /INPUT 16 "s_axis_data_tdata";
    .port_info 3 /INPUT 1 "s_axis_data_tvalid";
    .port_info 4 /OUTPUT 1 "s_axis_data_tready";
    .port_info 5 /INPUT 1 "s_axis_data_tlast";
    .port_info 6 /INPUT 8 "s_axis_data_tid";
    .port_info 7 /INPUT 8 "s_axis_data_tdest";
    .port_info 8 /INPUT 1 "s_axis_data_tuser";
    .port_info 9 /INPUT 16 "s_axis_grid_tdata";
    .port_info 10 /INPUT 1 "s_axis_grid_tvalid";
    .port_info 11 /OUTPUT 1 "s_axis_grid_tready";
    .port_info 12 /INPUT 1 "s_axis_grid_tlast";
    .port_info 13 /INPUT 8 "s_axis_grid_tid";
    .port_info 14 /INPUT 8 "s_axis_grid_tdest";
    .port_info 15 /INPUT 1 "s_axis_grid_tuser";
    .port_info 16 /INPUT 16 "s_axis_scale_tdata";
    .port_info 17 /INPUT 1 "s_axis_scale_tvalid";
    .port_info 18 /OUTPUT 1 "s_axis_scale_tready";
    .port_info 19 /INPUT 1 "s_axis_scale_tlast";
    .port_info 20 /INPUT 8 "s_axis_scale_tid";
    .port_info 21 /INPUT 8 "s_axis_scale_tdest";
    .port_info 22 /INPUT 1 "s_axis_scale_tuser";
    .port_info 23 /OUTPUT 16 "m_axis_data_tdata";
    .port_info 24 /OUTPUT 2 "m_axis_data_tkeep";
    .port_info 25 /OUTPUT 1 "m_axis_data_tvalid";
    .port_info 26 /INPUT 1 "m_axis_data_tready";
    .port_info 27 /OUTPUT 1 "m_axis_data_tlast";
    .port_info 28 /OUTPUT 8 "m_axis_data_tid";
    .port_info 29 /OUTPUT 8 "m_axis_data_tdest";
    .port_info 30 /OUTPUT 1 "m_axis_data_tuser";
P_0x562dce78f5b0 .param/l "DATA_WIDTH_DATA" 0 3 14, +C4<00000000000000000000000000010000>;
P_0x562dce78f5f0 .param/l "DATA_WIDTH_RSLT" 0 3 22, +C4<00000000000000000000000000010000>;
P_0x562dce78f630 .param/l "DATA_WIDTH_SCALE" 0 3 18, +C4<00000000000000000000000000010000>;
P_0x562dce78f670 .param/l "DEST_ENABLE" 0 3 34, +C4<00000000000000000000000000000000>;
P_0x562dce78f6b0 .param/l "DEST_WIDTH" 0 3 36, +C4<00000000000000000000000000001000>;
P_0x562dce78f6f0 .param/l "FRACTIONAL_BITS_DATA" 0 3 16, +C4<00000000000000000000000000001100>;
P_0x562dce78f730 .param/l "FRACTIONAL_BITS_RSLT" 0 3 24, +C4<00000000000000000000000000001100>;
P_0x562dce78f770 .param/l "FRACTIONAL_BITS_SCALE" 0 3 20, +C4<00000000000000000000000000001100>;
P_0x562dce78f7b0 .param/l "ID_ENABLE" 0 3 30, +C4<00000000000000000000000000000000>;
P_0x562dce78f7f0 .param/l "ID_WIDTH" 0 3 32, +C4<00000000000000000000000000001000>;
P_0x562dce78f830 .param/l "KEEP_ENABLE" 0 3 26, C4<1>;
P_0x562dce78f870 .param/l "KEEP_WIDTH" 0 3 28, +C4<000000000000000000000000000000010>;
P_0x562dce78f8b0 .param/l "OP_SIZE" 1 3 95, +C4<000000000000000000000000000100000>;
P_0x562dce78f8f0 .param/l "RSLT_LSB" 1 3 96, +C4<0000000000000000000000000000001100>;
P_0x562dce78f930 .param/l "RSLT_MSB" 1 3 97, +C4<000000000000000000000000000000011011>;
P_0x562dce78f970 .param/l "USER_ENABLE" 0 3 38, +C4<00000000000000000000000000000000>;
P_0x562dce78f9b0 .param/l "USER_WIDTH" 0 3 40, +C4<00000000000000000000000000000001>;
L_0x562dce854850 .functor AND 1, v0x562dce875240_0, L_0x562dce8888b0, C4<1>, C4<1>;
L_0x562dce85e0e0 .functor AND 1, L_0x562dce854850, L_0x562dce889000, C4<1>, C4<1>;
L_0x562dce8417b0 .functor AND 1, L_0x562dce85e0e0, L_0x562dce8897e0, C4<1>, C4<1>;
L_0x562dce850260 .functor AND 1, L_0x562dce88be20, L_0x562dce8417b0, C4<1>, C4<1>;
L_0x562dce839570 .functor AND 1, v0x562dce86ea80_0, L_0x562dce8888b0, C4<1>, C4<1>;
L_0x562dce8849f0 .functor AND 1, L_0x562dce839570, L_0x562dce884900, C4<1>, C4<1>;
L_0x562dce884b40 .functor AND 1, v0x562dce871ae0_0, L_0x562dce889000, C4<1>, C4<1>;
L_0x562dce884ca0 .functor AND 1, L_0x562dce884b40, L_0x562dce884c00, C4<1>, C4<1>;
L_0x562dce884e00 .functor AND 1, v0x562dce878520_0, L_0x562dce8897e0, C4<1>, C4<1>;
L_0x562dce884f60 .functor AND 1, L_0x562dce884e00, L_0x562dce884ec0, C4<1>, C4<1>;
L_0x562dce885c80 .functor BUFZ 16, v0x562dce86e700_0, C4<0000000000000000>, C4<0000000000000000>, C4<0000000000000000>;
L_0x562dce887250 .functor BUFZ 1, L_0x562dce8888b0, C4<0>, C4<0>, C4<0>;
L_0x562dce885f20 .functor BUFZ 1, v0x562dce86ea80_0, C4<0>, C4<0>, C4<0>;
L_0x7fbde4123138 .functor BUFT 1, C4<00000000>, C4<0>, C4<0>, C4<0>;
L_0x562dce8873d0 .functor BUFZ 8, L_0x7fbde4123138, C4<00000000>, C4<00000000>, C4<00000000>;
L_0x7fbde4123180 .functor BUFT 1, C4<00000000>, C4<0>, C4<0>, C4<0>;
L_0x562dce887310 .functor BUFZ 8, L_0x7fbde4123180, C4<00000000>, C4<00000000>, C4<00000000>;
L_0x7fbde41231c8 .functor BUFT 1, C4<0>, C4<0>, C4<0>, C4<0>;
L_0x562dce887600 .functor BUFZ 1, L_0x7fbde41231c8, C4<0>, C4<0>, C4<0>;
L_0x562dce8877a0 .functor BUFZ 16, v0x562dce871760_0, C4<0000000000000000>, C4<0000000000000000>, C4<0000000000000000>;
L_0x562dce8878b0 .functor BUFZ 1, L_0x562dce889000, C4<0>, C4<0>, C4<0>;
L_0x562dce887a10 .functor BUFZ 1, v0x562dce871ae0_0, C4<0>, C4<0>, C4<0>;
L_0x7fbde4123258 .functor BUFT 1, C4<00000000>, C4<0>, C4<0>, C4<0>;
L_0x562dce887ad0 .functor BUFZ 8, L_0x7fbde4123258, C4<00000000>, C4<00000000>, C4<00000000>;
L_0x7fbde41232a0 .functor BUFT 1, C4<00000000>, C4<0>, C4<0>, C4<0>;
L_0x562dce887c90 .functor BUFZ 8, L_0x7fbde41232a0, C4<00000000>, C4<00000000>, C4<00000000>;
L_0x7fbde41232e8 .functor BUFT 1, C4<0>, C4<0>, C4<0>, C4<0>;
L_0x562dce887da0 .functor BUFZ 1, L_0x7fbde41232e8, C4<0>, C4<0>, C4<0>;
L_0x562dce887f70 .functor BUFZ 16, v0x562dce8781a0_0, C4<0000000000000000>, C4<0000000000000000>, C4<0000000000000000>;
L_0x562dce888080 .functor BUFZ 1, L_0x562dce8897e0, C4<0>, C4<0>, C4<0>;
L_0x562dce888210 .functor BUFZ 1, v0x562dce878520_0, C4<0>, C4<0>, C4<0>;
L_0x7fbde4123378 .functor BUFT 1, C4<00000000>, C4<0>, C4<0>, C4<0>;
L_0x562dce8882d0 .functor BUFZ 8, L_0x7fbde4123378, C4<00000000>, C4<00000000>, C4<00000000>;
L_0x7fbde41233c0 .functor BUFT 1, C4<00000000>, C4<0>, C4<0>, C4<0>;
L_0x562dce8884c0 .functor BUFZ 8, L_0x7fbde41233c0, C4<00000000>, C4<00000000>, C4<00000000>;
L_0x7fbde4123408 .functor BUFT 1, C4<0>, C4<0>, C4<0>, C4<0>;
L_0x562dce8885d0 .functor BUFZ 1, L_0x7fbde4123408, C4<0>, C4<0>, C4<0>;
L_0x562dce889f40 .functor BUFZ 16, L_0x562dce88b120, C4<0000000000000000>, C4<0000000000000000>, C4<0000000000000000>;
L_0x562dce88b300 .functor AND 1, L_0x562dce8888b0, L_0x562dce889000, C4<1>, C4<1>;
L_0x562dce88b470 .functor AND 1, L_0x562dce88b300, L_0x562dce8897e0, C4<1>, C4<1>;
L_0x562dce88b580 .functor AND 1, v0x562dce875240_0, L_0x562dce889000, C4<1>, C4<1>;
L_0x562dce88b700 .functor AND 1, L_0x562dce88b580, L_0x562dce8897e0, C4<1>, C4<1>;
L_0x562dce88b7c0 .functor AND 1, v0x562dce875240_0, L_0x562dce8888b0, C4<1>, C4<1>;
L_0x562dce88b950 .functor AND 1, L_0x562dce88b7c0, L_0x562dce8897e0, C4<1>, C4<1>;
L_0x562dce88b9c0 .functor AND 1, v0x562dce875240_0, L_0x562dce8888b0, C4<1>, C4<1>;
L_0x562dce88b830 .functor AND 1, L_0x562dce88b9c0, L_0x562dce889000, C4<1>, C4<1>;
L_0x562dce88bc70 .functor AND 1, v0x562dce86ea80_0, v0x562dce871ae0_0, C4<1>, C4<1>;
L_0x562dce88be20 .functor AND 1, L_0x562dce88bc70, v0x562dce878520_0, C4<1>, C4<1>;
L_0x562dce88be90 .functor BUFZ 8, L_0x7fbde4123138, C4<00000000>, C4<00000000>, C4<00000000>;
L_0x562dce88c0a0 .functor BUFZ 8, L_0x7fbde4123180, C4<00000000>, C4<00000000>, C4<00000000>;
L_0x562dce88c110 .functor BUFZ 1, L_0x7fbde41231c8, C4<0>, C4<0>, C4<0>;
L_0x562dce88cdf0 .functor BUFZ 16, v0x562dce874ae0_0, C4<0000000000000000>, C4<0000000000000000>, C4<0000000000000000>;
L_0x562dce88ceb0 .functor BUFZ 2, v0x562dce874d80_0, C4<00>, C4<00>, C4<00>;
L_0x562dce88d0e0 .functor BUFZ 1, L_0x562dce88c480, C4<0>, C4<0>, C4<0>;
L_0x562dce88d1a0 .functor BUFZ 1, v0x562dce8830c0_0, C4<0>, C4<0>, C4<0>;
L_0x562dce88d3e0 .functor BUFZ 1, v0x562dce874e60_0, C4<0>, C4<0>, C4<0>;
L_0x7fbde4123498 .functor BUFT 1, C4<00000000>, C4<0>, C4<0>, C4<0>;
L_0x562dce88d4a0 .functor BUFZ 8, L_0x7fbde4123498, C4<00000000>, C4<00000000>, C4<00000000>;
L_0x7fbde41234e0 .functor BUFT 1, C4<00000000>, C4<0>, C4<0>, C4<0>;
L_0x562dce88d6f0 .functor BUFZ 8, L_0x7fbde41234e0, C4<00000000>, C4<00000000>, C4<00000000>;
L_0x7fbde4123528 .functor BUFT 1, C4<0>, C4<0>, C4<0>, C4<0>;
L_0x562dce88d7b0 .functor BUFZ 1, L_0x7fbde4123528, C4<0>, C4<0>, C4<0>;
v0x562dce847e30_0 .net *"_ivl_0", 0 0, L_0x562dce854850;  1 drivers
v0x562dce87a680_0 .net *"_ivl_11", 0 0, L_0x562dce884900;  1 drivers
v0x562dce87a740_0 .net *"_ivl_113", 0 0, L_0x562dce88a0d0;  1 drivers
v0x562dce87a800_0 .net *"_ivl_114", 15 0, L_0x562dce88a250;  1 drivers
v0x562dce87a8e0_0 .net *"_ivl_119", 0 0, L_0x562dce88a8c0;  1 drivers
v0x562dce87a9c0_0 .net *"_ivl_120", 15 0, L_0x562dce88a960;  1 drivers
v0x562dce87aaa0_0 .net *"_ivl_132", 0 0, L_0x562dce88b300;  1 drivers
v0x562dce87ab80_0 .net *"_ivl_136", 0 0, L_0x562dce88b580;  1 drivers
v0x562dce87ac60_0 .net *"_ivl_14", 0 0, L_0x562dce884b40;  1 drivers
v0x562dce87ad40_0 .net *"_ivl_140", 0 0, L_0x562dce88b7c0;  1 drivers
v0x562dce87ae20_0 .net *"_ivl_144", 0 0, L_0x562dce88b9c0;  1 drivers
v0x562dce87af00_0 .net *"_ivl_148", 0 0, L_0x562dce88bc70;  1 drivers
v0x562dce87afe0_0 .net *"_ivl_17", 0 0, L_0x562dce884c00;  1 drivers
v0x562dce87b0a0_0 .net *"_ivl_2", 0 0, L_0x562dce85e0e0;  1 drivers
v0x562dce87b180_0 .net *"_ivl_20", 0 0, L_0x562dce884e00;  1 drivers
v0x562dce87b260_0 .net *"_ivl_23", 0 0, L_0x562dce884ec0;  1 drivers
v0x562dce87b320_0 .net *"_ivl_8", 0 0, L_0x562dce839570;  1 drivers
v0x562dce87b510_0 .net "clk", 0 0, v0x562dce882800_0;  1 drivers
v0x562dce87b5b0_0 .net "data_lock", 0 0, L_0x562dce8849f0;  1 drivers
v0x562dce87b670_0 .net "diff", 15 0, L_0x562dce889ea0;  1 drivers
v0x562dce87b750_0 .net "diff_ext", 31 0, L_0x562dce88a730;  1 drivers
v0x562dce87b830_0 .net "grid_lock", 0 0, L_0x562dce884ca0;  1 drivers
v0x562dce87b8f0_0 .net "m_axis_data_tdata", 15 0, L_0x562dce88cdf0;  alias, 1 drivers
v0x562dce87b9d0_0 .net "m_axis_data_tdest", 7 0, L_0x562dce88d6f0;  alias, 1 drivers
v0x562dce87bab0_0 .net "m_axis_data_tid", 7 0, L_0x562dce88d4a0;  alias, 1 drivers
v0x562dce87bb90_0 .net "m_axis_data_tkeep", 1 0, L_0x562dce88ceb0;  alias, 1 drivers
v0x562dce87bc70_0 .net "m_axis_data_tlast", 0 0, L_0x562dce88d3e0;  alias, 1 drivers
v0x562dce87bd30_0 .net "m_axis_data_tready", 0 0, v0x562dce8830c0_0;  1 drivers
v0x562dce87bdf0_0 .net "m_axis_data_tuser", 0 0, L_0x562dce88d7b0;  alias, 1 drivers
v0x562dce87bed0_0 .net "m_axis_data_tvalid", 0 0, L_0x562dce88d0e0;  alias, 1 drivers
v0x562dce87bf90_0 .net "res", 15 0, L_0x562dce88b120;  1 drivers
v0x562dce87c070_0 .net "res_ext", 31 0, L_0x562dce88aed0;  1 drivers
v0x562dce87c150_0 .net "rst", 0 0, v0x562dce8833d0_0;  1 drivers
v0x562dce87c490_0 .net "s_axis_data_tdata", 15 0, v0x562dce883470_0;  1 drivers
v0x562dce87c570_0 .net "s_axis_data_tdest", 7 0, v0x562dce883540_0;  1 drivers
v0x562dce87c650_0 .net "s_axis_data_tid", 7 0, v0x562dce883610_0;  1 drivers
v0x562dce87c730_0 .net "s_axis_data_tlast", 0 0, v0x562dce8836e0_0;  1 drivers
v0x562dce87c7f0_0 .net "s_axis_data_tready", 0 0, L_0x562dce885330;  alias, 1 drivers
v0x562dce87c8b0_0 .net "s_axis_data_tuser", 0 0, v0x562dce883880_0;  1 drivers
v0x562dce87c990_0 .net "s_axis_data_tvalid", 0 0, v0x562dce883950_0;  1 drivers
v0x562dce87ca50_0 .net "s_axis_grid_tdata", 15 0, v0x562dce883a20_0;  1 drivers
v0x562dce87cb30_0 .net "s_axis_grid_tdest", 7 0, v0x562dce883af0_0;  1 drivers
v0x562dce87cc10_0 .net "s_axis_grid_tid", 7 0, v0x562dce883bc0_0;  1 drivers
v0x562dce87ccf0_0 .net "s_axis_grid_tlast", 0 0, v0x562dce883c90_0;  1 drivers
v0x562dce87cdb0_0 .net "s_axis_grid_tready", 0 0, L_0x562dce885d90;  alias, 1 drivers
v0x562dce87ce70_0 .net "s_axis_grid_tuser", 0 0, v0x562dce883e30_0;  1 drivers
v0x562dce87cf50_0 .net "s_axis_grid_tvalid", 0 0, v0x562dce883f00_0;  1 drivers
v0x562dce87d010_0 .net "s_axis_scale_tdata", 15 0, v0x562dce883fd0_0;  1 drivers
v0x562dce87d0f0_0 .net "s_axis_scale_tdest", 7 0, v0x562dce8840a0_0;  1 drivers
v0x562dce87d1d0_0 .net "s_axis_scale_tid", 7 0, v0x562dce884170_0;  1 drivers
v0x562dce87d2b0_0 .net "s_axis_scale_tlast", 0 0, v0x562dce884240_0;  1 drivers
v0x562dce87d370_0 .net "s_axis_scale_tready", 0 0, L_0x562dce886910;  alias, 1 drivers
v0x562dce87d430_0 .net "s_axis_scale_tuser", 0 0, v0x562dce8843e0_0;  1 drivers
v0x562dce87d510_0 .net "s_axis_scale_tvalid", 0 0, v0x562dce8844b0_0;  1 drivers
v0x562dce87d5d0_0 .net "scale_ext", 31 0, L_0x562dce88ae30;  1 drivers
v0x562dce87d6b0_0 .net "scale_lock", 0 0, L_0x562dce884f60;  1 drivers
v0x562dce87d770_0 .net "stage_1_fb_axis_data_tdata", 15 0, L_0x562dce885c80;  1 drivers
v0x562dce87d850_0 .net "stage_1_fb_axis_data_tdest", 7 0, L_0x562dce887310;  1 drivers
v0x562dce87d930_0 .net "stage_1_fb_axis_data_tid", 7 0, L_0x562dce8873d0;  1 drivers
v0x562dce87da10_0 .net "stage_1_fb_axis_data_tlast", 0 0, L_0x562dce885f20;  1 drivers
L_0x7fbde4123018 .functor BUFT 1, C4<0>, C4<0>, C4<0>, C4<0>;
v0x562dce87dad0_0 .net "stage_1_fb_axis_data_tready", 0 0, L_0x7fbde4123018;  1 drivers
v0x562dce87db90_0 .net "stage_1_fb_axis_data_tuser", 0 0, L_0x562dce887600;  1 drivers
v0x562dce87dc70_0 .net "stage_1_fb_axis_data_tvalid", 0 0, L_0x562dce887250;  1 drivers
v0x562dce87dd30_0 .net "stage_1_fb_axis_grid_tdata", 15 0, L_0x562dce8877a0;  1 drivers
v0x562dce87de10_0 .net "stage_1_fb_axis_grid_tdest", 7 0, L_0x562dce887c90;  1 drivers
v0x562dce87e300_0 .net "stage_1_fb_axis_grid_tid", 7 0, L_0x562dce887ad0;  1 drivers
v0x562dce87e3e0_0 .net "stage_1_fb_axis_grid_tlast", 0 0, L_0x562dce887a10;  1 drivers
L_0x7fbde4123060 .functor BUFT 1, C4<0>, C4<0>, C4<0>, C4<0>;
v0x562dce87e4a0_0 .net "stage_1_fb_axis_grid_tready", 0 0, L_0x7fbde4123060;  1 drivers
v0x562dce87e560_0 .net "stage_1_fb_axis_grid_tuser", 0 0, L_0x562dce887da0;  1 drivers
v0x562dce87e640_0 .net "stage_1_fb_axis_grid_tvalid", 0 0, L_0x562dce8878b0;  1 drivers
v0x562dce87e700_0 .net "stage_1_fb_axis_scale_tdata", 15 0, L_0x562dce887f70;  1 drivers
v0x562dce87e7e0_0 .net "stage_1_fb_axis_scale_tdest", 7 0, L_0x562dce8884c0;  1 drivers
v0x562dce87e8c0_0 .net "stage_1_fb_axis_scale_tid", 7 0, L_0x562dce8882d0;  1 drivers
v0x562dce87e9a0_0 .net "stage_1_fb_axis_scale_tlast", 0 0, L_0x562dce888210;  1 drivers
L_0x7fbde41230a8 .functor BUFT 1, C4<0>, C4<0>, C4<0>, C4<0>;
v0x562dce87ea60_0 .net "stage_1_fb_axis_scale_tready", 0 0, L_0x7fbde41230a8;  1 drivers
v0x562dce87eb20_0 .net "stage_1_fb_axis_scale_tuser", 0 0, L_0x562dce8885d0;  1 drivers
v0x562dce87ec00_0 .net "stage_1_fb_axis_scale_tvalid", 0 0, L_0x562dce888080;  1 drivers
v0x562dce87ecc0_0 .net "stage_1_in_axis_data_tdata", 15 0, L_0x562dce885080;  1 drivers
v0x562dce87ed80_0 .net "stage_1_in_axis_data_tdest", 7 0, L_0x562dce8857c0;  1 drivers
v0x562dce87ee50_0 .net "stage_1_in_axis_data_tid", 7 0, L_0x562dce885630;  1 drivers
v0x562dce87ef20_0 .net "stage_1_in_axis_data_tlast", 0 0, L_0x562dce8854f0;  1 drivers
v0x562dce87eff0_0 .net "stage_1_in_axis_data_tready", 0 0, v0x562dce86ee60_0;  1 drivers
v0x562dce87f0c0_0 .net "stage_1_in_axis_data_tuser", 0 0, L_0x562dce885900;  1 drivers
v0x562dce87f190_0 .net "stage_1_in_axis_data_tvalid", 0 0, L_0x562dce8851f0;  1 drivers
v0x562dce87f260_0 .net "stage_1_in_axis_grid_tdata", 15 0, L_0x562dce885a50;  1 drivers
v0x562dce87f330_0 .net "stage_1_in_axis_grid_tdest", 7 0, L_0x562dce886180;  1 drivers
v0x562dce87f400_0 .net "stage_1_in_axis_grid_tid", 7 0, L_0x562dce886040;  1 drivers
v0x562dce87f4d0_0 .net "stage_1_in_axis_grid_tlast", 0 0, L_0x562dce885e80;  1 drivers
v0x562dce87f5a0_0 .net "stage_1_in_axis_grid_tready", 0 0, v0x562dce871ec0_0;  1 drivers
v0x562dce87f670_0 .net "stage_1_in_axis_grid_tuser", 0 0, L_0x562dce886350;  1 drivers
v0x562dce87f740_0 .net "stage_1_in_axis_grid_tvalid", 0 0, L_0x562dce885be0;  1 drivers
v0x562dce87f810_0 .net "stage_1_in_axis_scale_tdata", 15 0, L_0x562dce8865a0;  1 drivers
v0x562dce87f8e0_0 .net "stage_1_in_axis_scale_tdest", 7 0, L_0x562dce886d50;  1 drivers
v0x562dce87f9b0_0 .net "stage_1_in_axis_scale_tid", 7 0, L_0x562dce886b50;  1 drivers
v0x562dce87fa80_0 .net "stage_1_in_axis_scale_tlast", 0 0, L_0x562dce886640;  1 drivers
v0x562dce87fb50_0 .net "stage_1_in_axis_scale_tready", 0 0, v0x562dce878900_0;  1 drivers
v0x562dce87fc20_0 .net "stage_1_in_axis_scale_tuser", 0 0, L_0x562dce886e90;  1 drivers
v0x562dce87fcf0_0 .net "stage_1_in_axis_scale_tvalid", 0 0, L_0x562dce8867d0;  1 drivers
v0x562dce87fdc0_0 .net "stage_1_out_axis_data_tdata", 15 0, v0x562dce86e700_0;  1 drivers
v0x562dce87fe90_0 .net "stage_1_out_axis_data_tdest", 7 0, L_0x7fbde4123180;  1 drivers
v0x562dce87ff60_0 .net "stage_1_out_axis_data_tid", 7 0, L_0x7fbde4123138;  1 drivers
v0x562dce880030_0 .net "stage_1_out_axis_data_tlast", 0 0, v0x562dce86ea80_0;  1 drivers
v0x562dce880100_0 .net "stage_1_out_axis_data_tready", 0 0, L_0x562dce88b700;  1 drivers
v0x562dce8801d0_0 .net "stage_1_out_axis_data_tuser", 0 0, L_0x7fbde41231c8;  1 drivers
v0x562dce8802a0_0 .net "stage_1_out_axis_data_tvalid", 0 0, L_0x562dce8888b0;  1 drivers
v0x562dce880370_0 .net "stage_1_out_axis_grid_tdata", 15 0, v0x562dce871760_0;  1 drivers
v0x562dce880440_0 .net "stage_1_out_axis_grid_tdest", 7 0, L_0x7fbde41232a0;  1 drivers
v0x562dce880510_0 .net "stage_1_out_axis_grid_tid", 7 0, L_0x7fbde4123258;  1 drivers
v0x562dce8805e0_0 .net "stage_1_out_axis_grid_tlast", 0 0, v0x562dce871ae0_0;  1 drivers
v0x562dce8806b0_0 .net "stage_1_out_axis_grid_tready", 0 0, L_0x562dce88b950;  1 drivers
v0x562dce880780_0 .net "stage_1_out_axis_grid_tuser", 0 0, L_0x7fbde41232e8;  1 drivers
v0x562dce880850_0 .net "stage_1_out_axis_grid_tvalid", 0 0, L_0x562dce889000;  1 drivers
v0x562dce880920_0 .net "stage_1_out_axis_scale_tdata", 15 0, v0x562dce8781a0_0;  1 drivers
v0x562dce8809f0_0 .net "stage_1_out_axis_scale_tdest", 7 0, L_0x7fbde41233c0;  1 drivers
v0x562dce880ac0_0 .net "stage_1_out_axis_scale_tid", 7 0, L_0x7fbde4123378;  1 drivers
v0x562dce880b90_0 .net "stage_1_out_axis_scale_tlast", 0 0, v0x562dce878520_0;  1 drivers
v0x562dce880c60_0 .net "stage_1_out_axis_scale_tready", 0 0, L_0x562dce88b830;  1 drivers
v0x562dce880d30_0 .net "stage_1_out_axis_scale_tuser", 0 0, L_0x7fbde4123408;  1 drivers
v0x562dce880e00_0 .net "stage_1_out_axis_scale_tvalid", 0 0, L_0x562dce8897e0;  1 drivers
v0x562dce880ed0_0 .net "stage_2_in_axis_data_tdata", 15 0, L_0x562dce889f40;  1 drivers
v0x562dce880fa0_0 .net "stage_2_in_axis_data_tdest", 7 0, L_0x562dce88c0a0;  1 drivers
v0x562dce881070_0 .net "stage_2_in_axis_data_tid", 7 0, L_0x562dce88be90;  1 drivers
L_0x7fbde4123450 .functor BUFT 1, C4<11>, C4<0>, C4<0>, C4<0>;
v0x562dce881140_0 .net "stage_2_in_axis_data_tkeep", 1 0, L_0x7fbde4123450;  1 drivers
v0x562dce881210_0 .net "stage_2_in_axis_data_tlast", 0 0, L_0x562dce88be20;  1 drivers
v0x562dce8812e0_0 .net "stage_2_in_axis_data_tready", 0 0, v0x562dce875240_0;  1 drivers
v0x562dce8813b0_0 .net "stage_2_in_axis_data_tuser", 0 0, L_0x562dce88c110;  1 drivers
v0x562dce881480_0 .net "stage_2_in_axis_data_tvalid", 0 0, L_0x562dce88b470;  1 drivers
v0x562dce881550_0 .net "stage_2_in_handshake", 0 0, L_0x562dce8417b0;  1 drivers
v0x562dce8815f0_0 .net "stage_2_out_axis_data_tdata", 15 0, v0x562dce874ae0_0;  1 drivers
v0x562dce881ed0_0 .net "stage_2_out_axis_data_tdest", 7 0, L_0x7fbde41234e0;  1 drivers
v0x562dce881fa0_0 .net "stage_2_out_axis_data_tid", 7 0, L_0x7fbde4123498;  1 drivers
v0x562dce882070_0 .net "stage_2_out_axis_data_tkeep", 1 0, v0x562dce874d80_0;  1 drivers
v0x562dce882140_0 .net "stage_2_out_axis_data_tlast", 0 0, v0x562dce874e60_0;  1 drivers
v0x562dce882210_0 .net "stage_2_out_axis_data_tready", 0 0, L_0x562dce88d1a0;  1 drivers
v0x562dce8822e0_0 .net "stage_2_out_axis_data_tuser", 0 0, L_0x7fbde4123528;  1 drivers
v0x562dce8823b0_0 .net "stage_2_out_axis_data_tvalid", 0 0, L_0x562dce88c480;  1 drivers
v0x562dce882480_0 .net "unlock_int", 0 0, L_0x562dce850260;  1 drivers
L_0x562dce884900 .reduce/nor L_0x562dce850260;
L_0x562dce884c00 .reduce/nor L_0x562dce850260;
L_0x562dce884ec0 .reduce/nor L_0x562dce850260;
L_0x562dce885080 .functor MUXZ 16, v0x562dce883470_0, L_0x562dce885c80, L_0x562dce8849f0, C4<>;
L_0x562dce8851f0 .functor MUXZ 1, v0x562dce883950_0, L_0x562dce887250, L_0x562dce8849f0, C4<>;
L_0x562dce885330 .functor MUXZ 1, v0x562dce86ee60_0, L_0x7fbde4123018, L_0x562dce8849f0, C4<>;
L_0x562dce8854f0 .functor MUXZ 1, v0x562dce8836e0_0, L_0x562dce885f20, L_0x562dce8849f0, C4<>;
L_0x562dce885630 .functor MUXZ 8, v0x562dce883610_0, L_0x562dce8873d0, L_0x562dce8849f0, C4<>;
L_0x562dce8857c0 .functor MUXZ 8, v0x562dce883540_0, L_0x562dce887310, L_0x562dce8849f0, C4<>;
L_0x562dce885900 .functor MUXZ 1, v0x562dce883880_0, L_0x562dce887600, L_0x562dce8849f0, C4<>;
L_0x562dce885a50 .functor MUXZ 16, v0x562dce883a20_0, L_0x562dce8877a0, L_0x562dce884ca0, C4<>;
L_0x562dce885be0 .functor MUXZ 1, v0x562dce883f00_0, L_0x562dce8878b0, L_0x562dce884ca0, C4<>;
L_0x562dce885d90 .functor MUXZ 1, v0x562dce871ec0_0, L_0x7fbde4123060, L_0x562dce884ca0, C4<>;
L_0x562dce885e80 .functor MUXZ 1, v0x562dce883c90_0, L_0x562dce887a10, L_0x562dce884ca0, C4<>;
L_0x562dce886040 .functor MUXZ 8, v0x562dce883bc0_0, L_0x562dce887ad0, L_0x562dce884ca0, C4<>;
L_0x562dce886180 .functor MUXZ 8, v0x562dce883af0_0, L_0x562dce887c90, L_0x562dce884ca0, C4<>;
L_0x562dce886350 .functor MUXZ 1, v0x562dce883e30_0, L_0x562dce887da0, L_0x562dce884ca0, C4<>;
L_0x562dce8865a0 .functor MUXZ 16, v0x562dce883fd0_0, L_0x562dce887f70, L_0x562dce884f60, C4<>;
L_0x562dce8867d0 .functor MUXZ 1, v0x562dce8844b0_0, L_0x562dce888080, L_0x562dce884f60, C4<>;
L_0x562dce886910 .functor MUXZ 1, v0x562dce878900_0, L_0x7fbde41230a8, L_0x562dce884f60, C4<>;
L_0x562dce886640 .functor MUXZ 1, v0x562dce884240_0, L_0x562dce888210, L_0x562dce884f60, C4<>;
L_0x562dce886b50 .functor MUXZ 8, v0x562dce884170_0, L_0x562dce8882d0, L_0x562dce884f60, C4<>;
L_0x562dce886d50 .functor MUXZ 8, v0x562dce8840a0_0, L_0x562dce8884c0, L_0x562dce884f60, C4<>;
L_0x562dce886e90 .functor MUXZ 1, v0x562dce8843e0_0, L_0x562dce8885d0, L_0x562dce884f60, C4<>;
L_0x562dce889ea0 .arith/sub 16, v0x562dce86e700_0, v0x562dce871760_0;
L_0x562dce88a0d0 .part L_0x562dce889ea0, 15, 1;
LS_0x562dce88a250_0_0 .concat [ 1 1 1 1], L_0x562dce88a0d0, L_0x562dce88a0d0, L_0x562dce88a0d0, L_0x562dce88a0d0;
LS_0x562dce88a250_0_4 .concat [ 1 1 1 1], L_0x562dce88a0d0, L_0x562dce88a0d0, L_0x562dce88a0d0, L_0x562dce88a0d0;
LS_0x562dce88a250_0_8 .concat [ 1 1 1 1], L_0x562dce88a0d0, L_0x562dce88a0d0, L_0x562dce88a0d0, L_0x562dce88a0d0;
LS_0x562dce88a250_0_12 .concat [ 1 1 1 1], L_0x562dce88a0d0, L_0x562dce88a0d0, L_0x562dce88a0d0, L_0x562dce88a0d0;
L_0x562dce88a250 .concat [ 4 4 4 4], LS_0x562dce88a250_0_0, LS_0x562dce88a250_0_4, LS_0x562dce88a250_0_8, LS_0x562dce88a250_0_12;
L_0x562dce88a730 .concat [ 16 16 0 0], L_0x562dce889ea0, L_0x562dce88a250;
L_0x562dce88a8c0 .part v0x562dce8781a0_0, 15, 1;
LS_0x562dce88a960_0_0 .concat [ 1 1 1 1], L_0x562dce88a8c0, L_0x562dce88a8c0, L_0x562dce88a8c0, L_0x562dce88a8c0;
LS_0x562dce88a960_0_4 .concat [ 1 1 1 1], L_0x562dce88a8c0, L_0x562dce88a8c0, L_0x562dce88a8c0, L_0x562dce88a8c0;
LS_0x562dce88a960_0_8 .concat [ 1 1 1 1], L_0x562dce88a8c0, L_0x562dce88a8c0, L_0x562dce88a8c0, L_0x562dce88a8c0;
LS_0x562dce88a960_0_12 .concat [ 1 1 1 1], L_0x562dce88a8c0, L_0x562dce88a8c0, L_0x562dce88a8c0, L_0x562dce88a8c0;
L_0x562dce88a960 .concat [ 4 4 4 4], LS_0x562dce88a960_0_0, LS_0x562dce88a960_0_4, LS_0x562dce88a960_0_8, LS_0x562dce88a960_0_12;
L_0x562dce88ae30 .concat [ 16 16 0 0], v0x562dce8781a0_0, L_0x562dce88a960;
L_0x562dce88aed0 .arith/mult 32, L_0x562dce88a730, L_0x562dce88ae30;
L_0x562dce88b120 .part L_0x562dce88aed0, 12, 16;
S_0x562dce825b70 .scope module, "axis_register_data_inst" "axis_register" 3 241, 4 34 0, S_0x562dce8257f0;
 .timescale -9 -12;
    .port_info 0 /INPUT 1 "clk";
    .port_info 1 /INPUT 1 "rst";
    .port_info 2 /INPUT 16 "s_axis_tdata";
    .port_info 3 /INPUT 1 "s_axis_tkeep";
    .port_info 4 /INPUT 1 "s_axis_tvalid";
    .port_info 5 /OUTPUT 1 "s_axis_tready";
    .port_info 6 /INPUT 1 "s_axis_tlast";
    .port_info 7 /INPUT 8 "s_axis_tid";
    .port_info 8 /INPUT 8 "s_axis_tdest";
    .port_info 9 /INPUT 1 "s_axis_tuser";
    .port_info 10 /OUTPUT 16 "m_axis_tdata";
    .port_info 11 /OUTPUT 1 "m_axis_tkeep";
    .port_info 12 /OUTPUT 1 "m_axis_tvalid";
    .port_info 13 /INPUT 1 "m_axis_tready";
    .port_info 14 /OUTPUT 1 "m_axis_tlast";
    .port_info 15 /OUTPUT 8 "m_axis_tid";
    .port_info 16 /OUTPUT 8 "m_axis_tdest";
    .port_info 17 /OUTPUT 1 "m_axis_tuser";
P_0x562dce85eac0 .param/l "DATA_WIDTH" 0 4 37, +C4<00000000000000000000000000010000>;
P_0x562dce85eb00 .param/l "DEST_ENABLE" 0 4 49, +C4<00000000000000000000000000000000>;
P_0x562dce85eb40 .param/l "DEST_WIDTH" 0 4 51, +C4<00000000000000000000000000001000>;
P_0x562dce85eb80 .param/l "ID_ENABLE" 0 4 45, +C4<00000000000000000000000000000000>;
P_0x562dce85ebc0 .param/l "ID_WIDTH" 0 4 47, +C4<00000000000000000000000000001000>;
P_0x562dce85ec00 .param/l "KEEP_ENABLE" 0 4 39, +C4<00000000000000000000000000000000>;
P_0x562dce85ec40 .param/l "KEEP_WIDTH" 0 4 41, +C4<00000000000000000000000000000001>;
P_0x562dce85ec80 .param/l "LAST_ENABLE" 0 4 43, +C4<00000000000000000000000000000001>;
P_0x562dce85ecc0 .param/l "REG_TYPE" 0 4 58, +C4<00000000000000000000000000000010>;
P_0x562dce85ed00 .param/l "USER_ENABLE" 0 4 53, +C4<00000000000000000000000000000000>;
P_0x562dce85ed40 .param/l "USER_WIDTH" 0 4 55, +C4<00000000000000000000000000000001>;
v0x562dce86f800_0 .net "clk", 0 0, v0x562dce882800_0;  alias, 1 drivers
v0x562dce86f8e0_0 .net "m_axis_tdata", 15 0, v0x562dce86e700_0;  alias, 1 drivers
v0x562dce86f9c0_0 .net "m_axis_tdest", 7 0, L_0x7fbde4123180;  alias, 1 drivers
v0x562dce86fa80_0 .net "m_axis_tid", 7 0, L_0x7fbde4123138;  alias, 1 drivers
L_0x7fbde41230f0 .functor BUFT 1, C4<1>, C4<0>, C4<0>, C4<0>;
v0x562dce86fb60_0 .net "m_axis_tkeep", 0 0, L_0x7fbde41230f0;  1 drivers
v0x562dce86fc40_0 .net "m_axis_tlast", 0 0, v0x562dce86ea80_0;  alias, 1 drivers
v0x562dce86fd00_0 .net "m_axis_tready", 0 0, L_0x562dce88b700;  alias, 1 drivers
v0x562dce86fdc0_0 .net "m_axis_tuser", 0 0, L_0x7fbde41231c8;  alias, 1 drivers
v0x562dce86fea0_0 .net "m_axis_tvalid", 0 0, L_0x562dce8888b0;  alias, 1 drivers
v0x562dce86ff60_0 .net "rst", 0 0, v0x562dce8833d0_0;  alias, 1 drivers
v0x562dce870020_0 .net "s_axis_tdata", 15 0, L_0x562dce885080;  alias, 1 drivers
v0x562dce870100_0 .net "s_axis_tdest", 7 0, L_0x562dce8857c0;  alias, 1 drivers
v0x562dce8701e0_0 .net "s_axis_tid", 7 0, L_0x562dce885630;  alias, 1 drivers
o0x7fbde416c768 .functor BUFZ 1, C4<z>; HiZ drive
v0x562dce8702c0_0 .net "s_axis_tkeep", 0 0, o0x7fbde416c768;  0 drivers
v0x562dce8703a0_0 .net "s_axis_tlast", 0 0, L_0x562dce8854f0;  alias, 1 drivers
v0x562dce870460_0 .net "s_axis_tready", 0 0, v0x562dce86ee60_0;  alias, 1 drivers
v0x562dce870520_0 .net "s_axis_tuser", 0 0, L_0x562dce885900;  alias, 1 drivers
v0x562dce870600_0 .net "s_axis_tvalid", 0 0, L_0x562dce8851f0;  alias, 1 drivers
S_0x562dce825ef0 .scope generate, "genblk1" "genblk1" 4 91, 4 91 0, S_0x562dce825b70;
 .timescale -9 -12;
L_0x562dce8888b0 .functor BUFZ 1, v0x562dce86ece0_0, C4<0>, C4<0>, C4<0>;
L_0x562dce888bb0 .functor OR 1, L_0x562dce888a20, L_0x562dce888b10, C4<0>, C4<0>;
L_0x562dce888cc0 .functor AND 1, L_0x562dce887970, L_0x562dce888bb0, C4<1>, C4<1>;
L_0x562dce888e10 .functor OR 1, L_0x562dce88b700, L_0x562dce888cc0, C4<0>, C4<0>;
v0x562dce85e240_0 .net *"_ivl_17", 0 0, L_0x562dce887970;  1 drivers
v0x562dce841910_0 .net *"_ivl_19", 0 0, L_0x562dce888a20;  1 drivers
v0x562dce8503c0_0 .net *"_ivl_21", 0 0, L_0x562dce888b10;  1 drivers
v0x562dce8396d0_0 .net *"_ivl_23", 0 0, L_0x562dce888bb0;  1 drivers
v0x562dce7b96a0_0 .net *"_ivl_25", 0 0, L_0x562dce888cc0;  1 drivers
v0x562dce86e700_0 .var "m_axis_tdata_reg", 15 0;
v0x562dce86e7e0_0 .var "m_axis_tdest_reg", 7 0;
v0x562dce86e8c0_0 .var "m_axis_tid_reg", 7 0;
v0x562dce86e9a0_0 .var "m_axis_tkeep_reg", 0 0;
v0x562dce86ea80_0 .var "m_axis_tlast_reg", 0 0;
v0x562dce86eb40_0 .var "m_axis_tuser_reg", 0 0;
v0x562dce86ec20_0 .var "m_axis_tvalid_next", 0 0;
v0x562dce86ece0_0 .var "m_axis_tvalid_reg", 0 0;
v0x562dce86eda0_0 .net "s_axis_tready_early", 0 0, L_0x562dce888e10;  1 drivers
v0x562dce86ee60_0 .var "s_axis_tready_reg", 0 0;
v0x562dce86ef20_0 .var "store_axis_input_to_output", 0 0;
v0x562dce86efe0_0 .var "store_axis_input_to_temp", 0 0;
v0x562dce86f0a0_0 .var "store_axis_temp_to_output", 0 0;
v0x562dce86f160_0 .var "temp_m_axis_tdata_reg", 15 0;
v0x562dce86f240_0 .var "temp_m_axis_tdest_reg", 7 0;
v0x562dce86f320_0 .var "temp_m_axis_tid_reg", 7 0;
v0x562dce86f400_0 .var "temp_m_axis_tkeep_reg", 0 0;
v0x562dce86f4e0_0 .var "temp_m_axis_tlast_reg", 0 0;
v0x562dce86f5a0_0 .var "temp_m_axis_tuser_reg", 0 0;
v0x562dce86f680_0 .var "temp_m_axis_tvalid_next", 0 0;
v0x562dce86f740_0 .var "temp_m_axis_tvalid_reg", 0 0;
E_0x562dce7c3a60 .event posedge, v0x562dce86f800_0;
E_0x562dce78e180/0 .event anyedge, v0x562dce86ece0_0, v0x562dce86f740_0, v0x562dce86ee60_0, v0x562dce86fd00_0;
E_0x562dce78e180/1 .event anyedge, v0x562dce870600_0;
E_0x562dce78e180 .event/or E_0x562dce78e180/0, E_0x562dce78e180/1;
L_0x562dce887970 .reduce/nor v0x562dce86f740_0;
L_0x562dce888a20 .reduce/nor v0x562dce86ece0_0;
L_0x562dce888b10 .reduce/nor L_0x562dce8851f0;
S_0x562dce826270 .scope module, "axis_register_grid_inst" "axis_register" 3 284, 4 34 0, S_0x562dce8257f0;
 .timescale -9 -12;
    .port_info 0 /INPUT 1 "clk";
    .port_info 1 /INPUT 1 "rst";
    .port_info 2 /INPUT 16 "s_axis_tdata";
    .port_info 3 /INPUT 1 "s_axis_tkeep";
    .port_info 4 /INPUT 1 "s_axis_tvalid";
    .port_info 5 /OUTPUT 1 "s_axis_tready";
    .port_info 6 /INPUT 1 "s_axis_tlast";
    .port_info 7 /INPUT 8 "s_axis_tid";
    .port_info 8 /INPUT 8 "s_axis_tdest";
    .port_info 9 /INPUT 1 "s_axis_tuser";
    .port_info 10 /OUTPUT 16 "m_axis_tdata";
    .port_info 11 /OUTPUT 1 "m_axis_tkeep";
    .port_info 12 /OUTPUT 1 "m_axis_tvalid";
    .port_info 13 /INPUT 1 "m_axis_tready";
    .port_info 14 /OUTPUT 1 "m_axis_tlast";
    .port_info 15 /OUTPUT 8 "m_axis_tid";
    .port_info 16 /OUTPUT 8 "m_axis_tdest";
    .port_info 17 /OUTPUT 1 "m_axis_tuser";
P_0x562dce8709c0 .param/l "DATA_WIDTH" 0 4 37, +C4<00000000000000000000000000010000>;
P_0x562dce870a00 .param/l "DEST_ENABLE" 0 4 49, +C4<00000000000000000000000000000000>;
P_0x562dce870a40 .param/l "DEST_WIDTH" 0 4 51, +C4<00000000000000000000000000001000>;
P_0x562dce870a80 .param/l "ID_ENABLE" 0 4 45, +C4<00000000000000000000000000000000>;
P_0x562dce870ac0 .param/l "ID_WIDTH" 0 4 47, +C4<00000000000000000000000000001000>;
P_0x562dce870b00 .param/l "KEEP_ENABLE" 0 4 39, +C4<00000000000000000000000000000000>;
P_0x562dce870b40 .param/l "KEEP_WIDTH" 0 4 41, +C4<00000000000000000000000000000001>;
P_0x562dce870b80 .param/l "LAST_ENABLE" 0 4 43, +C4<00000000000000000000000000000001>;
P_0x562dce870bc0 .param/l "REG_TYPE" 0 4 58, +C4<00000000000000000000000000000010>;
P_0x562dce870c00 .param/l "USER_ENABLE" 0 4 53, +C4<00000000000000000000000000000000>;
P_0x562dce870c40 .param/l "USER_WIDTH" 0 4 55, +C4<00000000000000000000000000000001>;
v0x562dce872970_0 .net "clk", 0 0, v0x562dce882800_0;  alias, 1 drivers
v0x562dce872a30_0 .net "m_axis_tdata", 15 0, v0x562dce871760_0;  alias, 1 drivers
v0x562dce872af0_0 .net "m_axis_tdest", 7 0, L_0x7fbde41232a0;  alias, 1 drivers
v0x562dce872be0_0 .net "m_axis_tid", 7 0, L_0x7fbde4123258;  alias, 1 drivers
L_0x7fbde4123210 .functor BUFT 1, C4<1>, C4<0>, C4<0>, C4<0>;
v0x562dce872cc0_0 .net "m_axis_tkeep", 0 0, L_0x7fbde4123210;  1 drivers
v0x562dce872da0_0 .net "m_axis_tlast", 0 0, v0x562dce871ae0_0;  alias, 1 drivers
v0x562dce872e60_0 .net "m_axis_tready", 0 0, L_0x562dce88b950;  alias, 1 drivers
v0x562dce872f20_0 .net "m_axis_tuser", 0 0, L_0x7fbde41232e8;  alias, 1 drivers
v0x562dce873000_0 .net "m_axis_tvalid", 0 0, L_0x562dce889000;  alias, 1 drivers
v0x562dce8730c0_0 .net "rst", 0 0, v0x562dce8833d0_0;  alias, 1 drivers
v0x562dce873160_0 .net "s_axis_tdata", 15 0, L_0x562dce885a50;  alias, 1 drivers
v0x562dce873220_0 .net "s_axis_tdest", 7 0, L_0x562dce886180;  alias, 1 drivers
v0x562dce873300_0 .net "s_axis_tid", 7 0, L_0x562dce886040;  alias, 1 drivers
o0x7fbde416d2a8 .functor BUFZ 1, C4<z>; HiZ drive
v0x562dce8733e0_0 .net "s_axis_tkeep", 0 0, o0x7fbde416d2a8;  0 drivers
v0x562dce8734c0_0 .net "s_axis_tlast", 0 0, L_0x562dce885e80;  alias, 1 drivers
v0x562dce873580_0 .net "s_axis_tready", 0 0, v0x562dce871ec0_0;  alias, 1 drivers
v0x562dce873640_0 .net "s_axis_tuser", 0 0, L_0x562dce886350;  alias, 1 drivers
v0x562dce873830_0 .net "s_axis_tvalid", 0 0, L_0x562dce885be0;  alias, 1 drivers
S_0x562dce8265c0 .scope generate, "genblk1" "genblk1" 4 91, 4 91 0, S_0x562dce826270;
 .timescale -9 -12;
L_0x562dce889000 .functor BUFZ 1, v0x562dce871d40_0, C4<0>, C4<0>, C4<0>;
L_0x562dce8893e0 .functor OR 1, L_0x562dce8892a0, L_0x562dce889340, C4<0>, C4<0>;
L_0x562dce8894a0 .functor AND 1, L_0x562dce889200, L_0x562dce8893e0, C4<1>, C4<1>;
L_0x562dce8895f0 .functor OR 1, L_0x562dce88b950, L_0x562dce8894a0, C4<0>, C4<0>;
v0x562dce871320_0 .net *"_ivl_17", 0 0, L_0x562dce889200;  1 drivers
v0x562dce871400_0 .net *"_ivl_19", 0 0, L_0x562dce8892a0;  1 drivers
v0x562dce8714c0_0 .net *"_ivl_21", 0 0, L_0x562dce889340;  1 drivers
v0x562dce871590_0 .net *"_ivl_23", 0 0, L_0x562dce8893e0;  1 drivers
v0x562dce871650_0 .net *"_ivl_25", 0 0, L_0x562dce8894a0;  1 drivers
v0x562dce871760_0 .var "m_axis_tdata_reg", 15 0;
v0x562dce871840_0 .var "m_axis_tdest_reg", 7 0;
v0x562dce871920_0 .var "m_axis_tid_reg", 7 0;
v0x562dce871a00_0 .var "m_axis_tkeep_reg", 0 0;
v0x562dce871ae0_0 .var "m_axis_tlast_reg", 0 0;
v0x562dce871ba0_0 .var "m_axis_tuser_reg", 0 0;
v0x562dce871c80_0 .var "m_axis_tvalid_next", 0 0;
v0x562dce871d40_0 .var "m_axis_tvalid_reg", 0 0;
v0x562dce871e00_0 .net "s_axis_tready_early", 0 0, L_0x562dce8895f0;  1 drivers
v0x562dce871ec0_0 .var "s_axis_tready_reg", 0 0;
v0x562dce871f80_0 .var "store_axis_input_to_output", 0 0;
v0x562dce872040_0 .var "store_axis_input_to_temp", 0 0;
v0x562dce872210_0 .var "store_axis_temp_to_output", 0 0;
v0x562dce8722d0_0 .var "temp_m_axis_tdata_reg", 15 0;
v0x562dce8723b0_0 .var "temp_m_axis_tdest_reg", 7 0;
v0x562dce872490_0 .var "temp_m_axis_tid_reg", 7 0;
v0x562dce872570_0 .var "temp_m_axis_tkeep_reg", 0 0;
v0x562dce872650_0 .var "temp_m_axis_tlast_reg", 0 0;
v0x562dce872710_0 .var "temp_m_axis_tuser_reg", 0 0;
v0x562dce8727f0_0 .var "temp_m_axis_tvalid_next", 0 0;
v0x562dce8728b0_0 .var "temp_m_axis_tvalid_reg", 0 0;
E_0x562dce7c9880/0 .event anyedge, v0x562dce871d40_0, v0x562dce8728b0_0, v0x562dce871ec0_0, v0x562dce872e60_0;
E_0x562dce7c9880/1 .event anyedge, v0x562dce873830_0;
E_0x562dce7c9880 .event/or E_0x562dce7c9880/0, E_0x562dce7c9880/1;
L_0x562dce889200 .reduce/nor v0x562dce8728b0_0;
L_0x562dce8892a0 .reduce/nor v0x562dce871d40_0;
L_0x562dce889340 .reduce/nor L_0x562dce885be0;
S_0x562dce826c80 .scope module, "axis_register_output_inst" "axis_register" 3 389, 4 34 0, S_0x562dce8257f0;
 .timescale -9 -12;
    .port_info 0 /INPUT 1 "clk";
    .port_info 1 /INPUT 1 "rst";
    .port_info 2 /INPUT 16 "s_axis_tdata";
    .port_info 3 /INPUT 2 "s_axis_tkeep";
    .port_info 4 /INPUT 1 "s_axis_tvalid";
    .port_info 5 /OUTPUT 1 "s_axis_tready";
    .port_info 6 /INPUT 1 "s_axis_tlast";
    .port_info 7 /INPUT 8 "s_axis_tid";
    .port_info 8 /INPUT 8 "s_axis_tdest";
    .port_info 9 /INPUT 1 "s_axis_tuser";
    .port_info 10 /OUTPUT 16 "m_axis_tdata";
    .port_info 11 /OUTPUT 2 "m_axis_tkeep";
    .port_info 12 /OUTPUT 1 "m_axis_tvalid";
    .port_info 13 /INPUT 1 "m_axis_tready";
    .port_info 14 /OUTPUT 1 "m_axis_tlast";
    .port_info 15 /OUTPUT 8 "m_axis_tid";
    .port_info 16 /OUTPUT 8 "m_axis_tdest";
    .port_info 17 /OUTPUT 1 "m_axis_tuser";
P_0x562dce873c00 .param/l "DATA_WIDTH" 0 4 37, +C4<00000000000000000000000000010000>;
P_0x562dce873c40 .param/l "DEST_ENABLE" 0 4 49, +C4<00000000000000000000000000000000>;
P_0x562dce873c80 .param/l "DEST_WIDTH" 0 4 51, +C4<00000000000000000000000000001000>;
P_0x562dce873cc0 .param/l "ID_ENABLE" 0 4 45, +C4<00000000000000000000000000000000>;
P_0x562dce873d00 .param/l "ID_WIDTH" 0 4 47, +C4<00000000000000000000000000001000>;
P_0x562dce873d40 .param/l "KEEP_ENABLE" 0 4 39, C4<1>;
P_0x562dce873d80 .param/l "KEEP_WIDTH" 0 4 41, +C4<000000000000000000000000000000010>;
P_0x562dce873dc0 .param/l "LAST_ENABLE" 0 4 43, +C4<00000000000000000000000000000001>;
P_0x562dce873e00 .param/l "REG_TYPE" 0 4 58, +C4<00000000000000000000000000000010>;
P_0x562dce873e40 .param/l "USER_ENABLE" 0 4 53, +C4<00000000000000000000000000000000>;
P_0x562dce873e80 .param/l "USER_WIDTH" 0 4 55, +C4<00000000000000000000000000000001>;
v0x562dce875cf0_0 .net "clk", 0 0, v0x562dce882800_0;  alias, 1 drivers
v0x562dce875db0_0 .net "m_axis_tdata", 15 0, v0x562dce874ae0_0;  alias, 1 drivers
v0x562dce875e90_0 .net "m_axis_tdest", 7 0, L_0x7fbde41234e0;  alias, 1 drivers
v0x562dce875f50_0 .net "m_axis_tid", 7 0, L_0x7fbde4123498;  alias, 1 drivers
v0x562dce876030_0 .net "m_axis_tkeep", 1 0, v0x562dce874d80_0;  alias, 1 drivers
v0x562dce876160_0 .net "m_axis_tlast", 0 0, v0x562dce874e60_0;  alias, 1 drivers
v0x562dce876220_0 .net "m_axis_tready", 0 0, L_0x562dce88d1a0;  alias, 1 drivers
v0x562dce8762e0_0 .net "m_axis_tuser", 0 0, L_0x7fbde4123528;  alias, 1 drivers
v0x562dce8763c0_0 .net "m_axis_tvalid", 0 0, L_0x562dce88c480;  alias, 1 drivers
v0x562dce876480_0 .net "rst", 0 0, v0x562dce8833d0_0;  alias, 1 drivers
v0x562dce876520_0 .net "s_axis_tdata", 15 0, L_0x562dce889f40;  alias, 1 drivers
v0x562dce876600_0 .net "s_axis_tdest", 7 0, L_0x562dce88c0a0;  alias, 1 drivers
v0x562dce8766e0_0 .net "s_axis_tid", 7 0, L_0x562dce88be90;  alias, 1 drivers
v0x562dce8767c0_0 .net "s_axis_tkeep", 1 0, L_0x7fbde4123450;  alias, 1 drivers
v0x562dce8768a0_0 .net "s_axis_tlast", 0 0, L_0x562dce88be20;  alias, 1 drivers
v0x562dce876960_0 .net "s_axis_tready", 0 0, v0x562dce875240_0;  alias, 1 drivers
v0x562dce876a20_0 .net "s_axis_tuser", 0 0, L_0x562dce88c110;  alias, 1 drivers
v0x562dce876c10_0 .net "s_axis_tvalid", 0 0, L_0x562dce88b470;  alias, 1 drivers
S_0x562dce827000 .scope generate, "genblk1" "genblk1" 4 91, 4 91 0, S_0x562dce826c80;
 .timescale -9 -12;
L_0x562dce88c480 .functor BUFZ 1, v0x562dce8750c0_0, C4<0>, C4<0>, C4<0>;
L_0x562dce88ca30 .functor OR 1, L_0x562dce88c8a0, L_0x562dce88c990, C4<0>, C4<0>;
L_0x562dce88cb80 .functor AND 1, L_0x562dce88c800, L_0x562dce88ca30, C4<1>, C4<1>;
L_0x562dce88cc90 .functor OR 1, L_0x562dce88d1a0, L_0x562dce88cb80, C4<0>, C4<0>;
v0x562dce8746a0_0 .net *"_ivl_17", 0 0, L_0x562dce88c800;  1 drivers
v0x562dce874780_0 .net *"_ivl_19", 0 0, L_0x562dce88c8a0;  1 drivers
v0x562dce874840_0 .net *"_ivl_21", 0 0, L_0x562dce88c990;  1 drivers
v0x562dce874910_0 .net *"_ivl_23", 0 0, L_0x562dce88ca30;  1 drivers
v0x562dce8749d0_0 .net *"_ivl_25", 0 0, L_0x562dce88cb80;  1 drivers
v0x562dce874ae0_0 .var "m_axis_tdata_reg", 15 0;
v0x562dce874bc0_0 .var "m_axis_tdest_reg", 7 0;
v0x562dce874ca0_0 .var "m_axis_tid_reg", 7 0;
v0x562dce874d80_0 .var "m_axis_tkeep_reg", 1 0;
v0x562dce874e60_0 .var "m_axis_tlast_reg", 0 0;
v0x562dce874f20_0 .var "m_axis_tuser_reg", 0 0;
v0x562dce875000_0 .var "m_axis_tvalid_next", 0 0;
v0x562dce8750c0_0 .var "m_axis_tvalid_reg", 0 0;
v0x562dce875180_0 .net "s_axis_tready_early", 0 0, L_0x562dce88cc90;  1 drivers
v0x562dce875240_0 .var "s_axis_tready_reg", 0 0;
v0x562dce875300_0 .var "store_axis_input_to_output", 0 0;
v0x562dce8753c0_0 .var "store_axis_input_to_temp", 0 0;
v0x562dce875590_0 .var "store_axis_temp_to_output", 0 0;
v0x562dce875650_0 .var "temp_m_axis_tdata_reg", 15 0;
v0x562dce875730_0 .var "temp_m_axis_tdest_reg", 7 0;
v0x562dce875810_0 .var "temp_m_axis_tid_reg", 7 0;
v0x562dce8758f0_0 .var "temp_m_axis_tkeep_reg", 1 0;
v0x562dce8759d0_0 .var "temp_m_axis_tlast_reg", 0 0;
v0x562dce875a90_0 .var "temp_m_axis_tuser_reg", 0 0;
v0x562dce875b70_0 .var "temp_m_axis_tvalid_next", 0 0;
v0x562dce875c30_0 .var "temp_m_axis_tvalid_reg", 0 0;
E_0x562dce77a580/0 .event anyedge, v0x562dce8750c0_0, v0x562dce875c30_0, v0x562dce875240_0, v0x562dce876220_0;
E_0x562dce77a580/1 .event anyedge, v0x562dce876c10_0;
E_0x562dce77a580 .event/or E_0x562dce77a580/0, E_0x562dce77a580/1;
L_0x562dce88c800 .reduce/nor v0x562dce875c30_0;
L_0x562dce88c8a0 .reduce/nor v0x562dce8750c0_0;
L_0x562dce88c990 .reduce/nor L_0x562dce88b470;
S_0x562dce876fb0 .scope module, "axis_register_scale_inst" "axis_register" 3 327, 4 34 0, S_0x562dce8257f0;
 .timescale -9 -12;
    .port_info 0 /INPUT 1 "clk";
    .port_info 1 /INPUT 1 "rst";
    .port_info 2 /INPUT 16 "s_axis_tdata";
    .port_info 3 /INPUT 1 "s_axis_tkeep";
    .port_info 4 /INPUT 1 "s_axis_tvalid";
    .port_info 5 /OUTPUT 1 "s_axis_tready";
    .port_info 6 /INPUT 1 "s_axis_tlast";
    .port_info 7 /INPUT 8 "s_axis_tid";
    .port_info 8 /INPUT 8 "s_axis_tdest";
    .port_info 9 /INPUT 1 "s_axis_tuser";
    .port_info 10 /OUTPUT 16 "m_axis_tdata";
    .port_info 11 /OUTPUT 1 "m_axis_tkeep";
    .port_info 12 /OUTPUT 1 "m_axis_tvalid";
    .port_info 13 /INPUT 1 "m_axis_tready";
    .port_info 14 /OUTPUT 1 "m_axis_tlast";
    .port_info 15 /OUTPUT 8 "m_axis_tid";
    .port_info 16 /OUTPUT 8 "m_axis_tdest";
    .port_info 17 /OUTPUT 1 "m_axis_tuser";
P_0x562dce877190 .param/l "DATA_WIDTH" 0 4 37, +C4<00000000000000000000000000010000>;
P_0x562dce8771d0 .param/l "DEST_ENABLE" 0 4 49, +C4<00000000000000000000000000000000>;
P_0x562dce877210 .param/l "DEST_WIDTH" 0 4 51, +C4<00000000000000000000000000001000>;
P_0x562dce877250 .param/l "ID_ENABLE" 0 4 45, +C4<00000000000000000000000000000000>;
P_0x562dce877290 .param/l "ID_WIDTH" 0 4 47, +C4<00000000000000000000000000001000>;
P_0x562dce8772d0 .param/l "KEEP_ENABLE" 0 4 39, +C4<00000000000000000000000000000000>;
P_0x562dce877310 .param/l "KEEP_WIDTH" 0 4 41, +C4<00000000000000000000000000000001>;
P_0x562dce877350 .param/l "LAST_ENABLE" 0 4 43, +C4<00000000000000000000000000000001>;
P_0x562dce877390 .param/l "REG_TYPE" 0 4 58, +C4<00000000000000000000000000000010>;
P_0x562dce8773d0 .param/l "USER_ENABLE" 0 4 53, +C4<00000000000000000000000000000000>;
P_0x562dce877410 .param/l "USER_WIDTH" 0 4 55, +C4<00000000000000000000000000000001>;
v0x562dce8793b0_0 .net "clk", 0 0, v0x562dce882800_0;  alias, 1 drivers
v0x562dce879470_0 .net "m_axis_tdata", 15 0, v0x562dce8781a0_0;  alias, 1 drivers
v0x562dce879550_0 .net "m_axis_tdest", 7 0, L_0x7fbde41233c0;  alias, 1 drivers
v0x562dce879610_0 .net "m_axis_tid", 7 0, L_0x7fbde4123378;  alias, 1 drivers
L_0x7fbde4123330 .functor BUFT 1, C4<1>, C4<0>, C4<0>, C4<0>;
v0x562dce8796f0_0 .net "m_axis_tkeep", 0 0, L_0x7fbde4123330;  1 drivers
v0x562dce8797d0_0 .net "m_axis_tlast", 0 0, v0x562dce878520_0;  alias, 1 drivers
v0x562dce879890_0 .net "m_axis_tready", 0 0, L_0x562dce88b830;  alias, 1 drivers
v0x562dce879950_0 .net "m_axis_tuser", 0 0, L_0x7fbde4123408;  alias, 1 drivers
v0x562dce879a30_0 .net "m_axis_tvalid", 0 0, L_0x562dce8897e0;  alias, 1 drivers
v0x562dce879af0_0 .net "rst", 0 0, v0x562dce8833d0_0;  alias, 1 drivers
v0x562dce879b90_0 .net "s_axis_tdata", 15 0, L_0x562dce8865a0;  alias, 1 drivers
v0x562dce879c70_0 .net "s_axis_tdest", 7 0, L_0x562dce886d50;  alias, 1 drivers
v0x562dce879d50_0 .net "s_axis_tid", 7 0, L_0x562dce886b50;  alias, 1 drivers
o0x7fbde416e928 .functor BUFZ 1, C4<z>; HiZ drive
v0x562dce879e30_0 .net "s_axis_tkeep", 0 0, o0x7fbde416e928;  0 drivers
v0x562dce879f10_0 .net "s_axis_tlast", 0 0, L_0x562dce886640;  alias, 1 drivers
v0x562dce879fd0_0 .net "s_axis_tready", 0 0, v0x562dce878900_0;  alias, 1 drivers
v0x562dce87a090_0 .net "s_axis_tuser", 0 0, L_0x562dce886e90;  alias, 1 drivers
v0x562dce87a280_0 .net "s_axis_tvalid", 0 0, L_0x562dce8867d0;  alias, 1 drivers
S_0x562dce877b10 .scope generate, "genblk1" "genblk1" 4 91, 4 91 0, S_0x562dce876fb0;
 .timescale -9 -12;
L_0x562dce8897e0 .functor BUFZ 1, v0x562dce878780_0, C4<0>, C4<0>, C4<0>;
L_0x562dce889b30 .functor OR 1, L_0x562dce8899f0, L_0x562dce889a90, C4<0>, C4<0>;
L_0x562dce889c40 .functor AND 1, L_0x562dce889950, L_0x562dce889b30, C4<1>, C4<1>;
L_0x562dce889d90 .functor OR 1, L_0x562dce88b830, L_0x562dce889c40, C4<0>, C4<0>;
v0x562dce877d60_0 .net *"_ivl_17", 0 0, L_0x562dce889950;  1 drivers
v0x562dce877e40_0 .net *"_ivl_19", 0 0, L_0x562dce8899f0;  1 drivers
v0x562dce877f00_0 .net *"_ivl_21", 0 0, L_0x562dce889a90;  1 drivers
v0x562dce877fd0_0 .net *"_ivl_23", 0 0, L_0x562dce889b30;  1 drivers
v0x562dce878090_0 .net *"_ivl_25", 0 0, L_0x562dce889c40;  1 drivers
v0x562dce8781a0_0 .var "m_axis_tdata_reg", 15 0;
v0x562dce878280_0 .var "m_axis_tdest_reg", 7 0;
v0x562dce878360_0 .var "m_axis_tid_reg", 7 0;
v0x562dce878440_0 .var "m_axis_tkeep_reg", 0 0;
v0x562dce878520_0 .var "m_axis_tlast_reg", 0 0;
v0x562dce8785e0_0 .var "m_axis_tuser_reg", 0 0;
v0x562dce8786c0_0 .var "m_axis_tvalid_next", 0 0;
v0x562dce878780_0 .var "m_axis_tvalid_reg", 0 0;
v0x562dce878840_0 .net "s_axis_tready_early", 0 0, L_0x562dce889d90;  1 drivers
v0x562dce878900_0 .var "s_axis_tready_reg", 0 0;
v0x562dce8789c0_0 .var "store_axis_input_to_output", 0 0;
v0x562dce878a80_0 .var "store_axis_input_to_temp", 0 0;
v0x562dce878c50_0 .var "store_axis_temp_to_output", 0 0;
v0x562dce878d10_0 .var "temp_m_axis_tdata_reg", 15 0;
v0x562dce878df0_0 .var "temp_m_axis_tdest_reg", 7 0;
v0x562dce878ed0_0 .var "temp_m_axis_tid_reg", 7 0;
v0x562dce878fb0_0 .var "temp_m_axis_tkeep_reg", 0 0;
v0x562dce879090_0 .var "temp_m_axis_tlast_reg", 0 0;
v0x562dce879150_0 .var "temp_m_axis_tuser_reg", 0 0;
v0x562dce879230_0 .var "temp_m_axis_tvalid_next", 0 0;
v0x562dce8792f0_0 .var "temp_m_axis_tvalid_reg", 0 0;
E_0x562dce85e1b0/0 .event anyedge, v0x562dce878780_0, v0x562dce8792f0_0, v0x562dce878900_0, v0x562dce879890_0;
E_0x562dce85e1b0/1 .event anyedge, v0x562dce87a280_0;
E_0x562dce85e1b0 .event/or E_0x562dce85e1b0/0, E_0x562dce85e1b0/1;
L_0x562dce889950 .reduce/nor v0x562dce8792f0_0;
L_0x562dce8899f0 .reduce/nor v0x562dce878780_0;
L_0x562dce889a90 .reduce/nor L_0x562dce8867d0;
    .scope S_0x562dce825ef0;
T_0 ;
    %pushi/vec4 0, 0, 1;
    %store/vec4 v0x562dce86ee60_0, 0, 1;
    %pushi/vec4 0, 0, 16;
    %store/vec4 v0x562dce86e700_0, 0, 16;
    %pushi/vec4 0, 0, 1;
    %store/vec4 v0x562dce86e9a0_0, 0, 1;
    %pushi/vec4 0, 0, 1;
    %store/vec4 v0x562dce86ece0_0, 0, 1;
    %pushi/vec4 0, 0, 1;
    %store/vec4 v0x562dce86ea80_0, 0, 1;
    %pushi/vec4 0, 0, 8;
    %store/vec4 v0x562dce86e8c0_0, 0, 8;
    %pushi/vec4 0, 0, 8;
    %store/vec4 v0x562dce86e7e0_0, 0, 8;
    %pushi/vec4 0, 0, 1;
    %store/vec4 v0x562dce86eb40_0, 0, 1;
    %pushi/vec4 0, 0, 16;
    %store/vec4 v0x562dce86f160_0, 0, 16;
    %pushi/vec4 0, 0, 1;
    %store/vec4 v0x562dce86f400_0, 0, 1;
    %pushi/vec4 0, 0, 1;
    %store/vec4 v0x562dce86f740_0, 0, 1;
    %pushi/vec4 0, 0, 1;
    %store/vec4 v0x562dce86f4e0_0, 0, 1;
    %pushi/vec4 0, 0, 8;
    %store/vec4 v0x562dce86f320_0, 0, 8;
    %pushi/vec4 0, 0, 8;
    %store/vec4 v0x562dce86f240_0, 0, 8;
    %pushi/vec4 0, 0, 1;
    %store/vec4 v0x562dce86f5a0_0, 0, 1;
    %end;
    .thread T_0;
    .scope S_0x562dce825ef0;
T_1 ;
    %wait E_0x562dce78e180;
    %load/vec4 v0x562dce86ece0_0;
    %store/vec4 v0x562dce86ec20_0, 0, 1;
    %load/vec4 v0x562dce86f740_0;
    %store/vec4 v0x562dce86f680_0, 0, 1;
    %pushi/vec4 0, 0, 1;
    %store/vec4 v0x562dce86ef20_0, 0, 1;
    %pushi/vec4 0, 0, 1;
    %store/vec4 v0x562dce86efe0_0, 0, 1;
    %pushi/vec4 0, 0, 1;
    %store/vec4 v0x562dce86f0a0_0, 0, 1;
    %load/vec4 v0x562dce86ee60_0;
    %flag_set/vec4 8;
    %jmp/0xz  T_1.0, 8;
    %load/vec4 v0x562dce86fd00_0;
    %flag_set/vec4 8;
    %jmp/1 T_1.4, 8;
    %load/vec4 v0x562dce86ece0_0;
    %nor/r;
    %flag_set/vec4 9;
    %flag_or 8, 9;
T_1.4;
    %jmp/0xz  T_1.2, 8;
    %load/vec4 v0x562dce870600_0;
    %store/vec4 v0x562dce86ec20_0, 0, 1;
    %pushi/vec4 1, 0, 1;
    %store/vec4 v0x562dce86ef20_0, 0, 1;
    %jmp T_1.3;
T_1.2 ;
    %load/vec4 v0x562dce870600_0;
    %store/vec4 v0x562dce86f680_0, 0, 1;
    %pushi/vec4 1, 0, 1;
    %store/vec4 v0x562dce86efe0_0, 0, 1;
T_1.3 ;
    %jmp T_1.1;
T_1.0 ;
    %load/vec4 v0x562dce86fd00_0;
    %flag_set/vec4 8;
    %jmp/0xz  T_1.5, 8;
    %load/vec4 v0x562dce86f740_0;
    %store/vec4 v0x562dce86ec20_0, 0, 1;
    %pushi/vec4 0, 0, 1;
    %store/vec4 v0x562dce86f680_0, 0, 1;
    %pushi/vec4 1, 0, 1;
    %store/vec4 v0x562dce86f0a0_0, 0, 1;
T_1.5 ;
T_1.1 ;
    %jmp T_1;
    .thread T_1, $push;
    .scope S_0x562dce825ef0;
T_2 ;
    %wait E_0x562dce7c3a60;
    %load/vec4 v0x562dce86eda0_0;
    %assign/vec4 v0x562dce86ee60_0, 0;
    %load/vec4 v0x562dce86ec20_0;
    %assign/vec4 v0x562dce86ece0_0, 0;
    %load/vec4 v0x562dce86f680_0;
    %assign/vec4 v0x562dce86f740_0, 0;
    %load/vec4 v0x562dce86ef20_0;
    %flag_set/vec4 8;
    %jmp/0xz  T_2.0, 8;
    %load/vec4 v0x562dce870020_0;
    %assign/vec4 v0x562dce86e700_0, 0;
    %load/vec4 v0x562dce8702c0_0;
    %assign/vec4 v0x562dce86e9a0_0, 0;
    %load/vec4 v0x562dce8703a0_0;
    %assign/vec4 v0x562dce86ea80_0, 0;
    %load/vec4 v0x562dce8701e0_0;
    %assign/vec4 v0x562dce86e8c0_0, 0;
    %load/vec4 v0x562dce870100_0;
    %assign/vec4 v0x562dce86e7e0_0, 0;
    %load/vec4 v0x562dce870520_0;
    %assign/vec4 v0x562dce86eb40_0, 0;
    %jmp T_2.1;
T_2.0 ;
    %load/vec4 v0x562dce86f0a0_0;
    %flag_set/vec4 8;
    %jmp/0xz  T_2.2, 8;
    %load/vec4 v0x562dce86f160_0;
    %assign/vec4 v0x562dce86e700_0, 0;
    %load/vec4 v0x562dce86f400_0;
    %assign/vec4 v0x562dce86e9a0_0, 0;
    %load/vec4 v0x562dce86f4e0_0;
    %assign/vec4 v0x562dce86ea80_0, 0;
    %load/vec4 v0x562dce86f320_0;
    %assign/vec4 v0x562dce86e8c0_0, 0;
    %load/vec4 v0x562dce86f240_0;
    %assign/vec4 v0x562dce86e7e0_0, 0;
    %load/vec4 v0x562dce86f5a0_0;
    %assign/vec4 v0x562dce86eb40_0, 0;
T_2.2 ;
T_2.1 ;
    %load/vec4 v0x562dce86efe0_0;
    %flag_set/vec4 8;
    %jmp/0xz  T_2.4, 8;
    %load/vec4 v0x562dce870020_0;
    %assign/vec4 v0x562dce86f160_0, 0;
    %load/vec4 v0x562dce8702c0_0;
    %assign/vec4 v0x562dce86f400_0, 0;
    %load/vec4 v0x562dce8703a0_0;
    %assign/vec4 v0x562dce86f4e0_0, 0;
    %load/vec4 v0x562dce8701e0_0;
    %assign/vec4 v0x562dce86f320_0, 0;
    %load/vec4 v0x562dce870100_0;
    %assign/vec4 v0x562dce86f240_0, 0;
    %load/vec4 v0x562dce870520_0;
    %assign/vec4 v0x562dce86f5a0_0, 0;
T_2.4 ;
    %load/vec4 v0x562dce86ff60_0;
    %flag_set/vec4 8;
    %jmp/0xz  T_2.6, 8;
    %pushi/vec4 0, 0, 1;
    %assign/vec4 v0x562dce86ee60_0, 0;
    %pushi/vec4 0, 0, 1;
    %assign/vec4 v0x562dce86ece0_0, 0;
    %pushi/vec4 0, 0, 1;
    %assign/vec4 v0x562dce86f740_0, 0;
T_2.6 ;
    %jmp T_2;
    .thread T_2;
    .scope S_0x562dce8265c0;
T_3 ;
    %pushi/vec4 0, 0, 1;
    %store/vec4 v0x562dce871ec0_0, 0, 1;
    %pushi/vec4 0, 0, 16;
    %store/vec4 v0x562dce871760_0, 0, 16;
    %pushi/vec4 0, 0, 1;
    %store/vec4 v0x562dce871a00_0, 0, 1;
    %pushi/vec4 0, 0, 1;
    %store/vec4 v0x562dce871d40_0, 0, 1;
    %pushi/vec4 0, 0, 1;
    %store/vec4 v0x562dce871ae0_0, 0, 1;
    %pushi/vec4 0, 0, 8;
    %store/vec4 v0x562dce871920_0, 0, 8;
    %pushi/vec4 0, 0, 8;
    %store/vec4 v0x562dce871840_0, 0, 8;
    %pushi/vec4 0, 0, 1;
    %store/vec4 v0x562dce871ba0_0, 0, 1;
    %pushi/vec4 0, 0, 16;
    %store/vec4 v0x562dce8722d0_0, 0, 16;
    %pushi/vec4 0, 0, 1;
    %store/vec4 v0x562dce872570_0, 0, 1;
    %pushi/vec4 0, 0, 1;
    %store/vec4 v0x562dce8728b0_0, 0, 1;
    %pushi/vec4 0, 0, 1;
    %store/vec4 v0x562dce872650_0, 0, 1;
    %pushi/vec4 0, 0, 8;
    %store/vec4 v0x562dce872490_0, 0, 8;
    %pushi/vec4 0, 0, 8;
    %store/vec4 v0x562dce8723b0_0, 0, 8;
    %pushi/vec4 0, 0, 1;
    %store/vec4 v0x562dce872710_0, 0, 1;
    %end;
    .thread T_3;
    .scope S_0x562dce8265c0;
T_4 ;
    %wait E_0x562dce7c9880;
    %load/vec4 v0x562dce871d40_0;
    %store/vec4 v0x562dce871c80_0, 0, 1;
    %load/vec4 v0x562dce8728b0_0;
    %store/vec4 v0x562dce8727f0_0, 0, 1;
    %pushi/vec4 0, 0, 1;
    %store/vec4 v0x562dce871f80_0, 0, 1;
    %pushi/vec4 0, 0, 1;
    %store/vec4 v0x562dce872040_0, 0, 1;
    %pushi/vec4 0, 0, 1;
    %store/vec4 v0x562dce872210_0, 0, 1;
    %load/vec4 v0x562dce871ec0_0;
    %flag_set/vec4 8;
    %jmp/0xz  T_4.0, 8;
    %load/vec4 v0x562dce872e60_0;
    %flag_set/vec4 8;
    %jmp/1 T_4.4, 8;
    %load/vec4 v0x562dce871d40_0;
    %nor/r;
    %flag_set/vec4 9;
    %flag_or 8, 9;
T_4.4;
    %jmp/0xz  T_4.2, 8;
    %load/vec4 v0x562dce873830_0;
    %store/vec4 v0x562dce871c80_0, 0, 1;
    %pushi/vec4 1, 0, 1;
    %store/vec4 v0x562dce871f80_0, 0, 1;
    %jmp T_4.3;
T_4.2 ;
    %load/vec4 v0x562dce873830_0;
    %store/vec4 v0x562dce8727f0_0, 0, 1;
    %pushi/vec4 1, 0, 1;
    %store/vec4 v0x562dce872040_0, 0, 1;
T_4.3 ;
    %jmp T_4.1;
T_4.0 ;
    %load/vec4 v0x562dce872e60_0;
    %flag_set/vec4 8;
    %jmp/0xz  T_4.5, 8;
    %load/vec4 v0x562dce8728b0_0;
    %store/vec4 v0x562dce871c80_0, 0, 1;
    %pushi/vec4 0, 0, 1;
    %store/vec4 v0x562dce8727f0_0, 0, 1;
    %pushi/vec4 1, 0, 1;
    %store/vec4 v0x562dce872210_0, 0, 1;
T_4.5 ;
T_4.1 ;
    %jmp T_4;
    .thread T_4, $push;
    .scope S_0x562dce8265c0;
T_5 ;
    %wait E_0x562dce7c3a60;
    %load/vec4 v0x562dce871e00_0;
    %assign/vec4 v0x562dce871ec0_0, 0;
    %load/vec4 v0x562dce871c80_0;
    %assign/vec4 v0x562dce871d40_0, 0;
    %load/vec4 v0x562dce8727f0_0;
    %assign/vec4 v0x562dce8728b0_0, 0;
    %load/vec4 v0x562dce871f80_0;
    %flag_set/vec4 8;
    %jmp/0xz  T_5.0, 8;
    %load/vec4 v0x562dce873160_0;
    %assign/vec4 v0x562dce871760_0, 0;
    %load/vec4 v0x562dce8733e0_0;
    %assign/vec4 v0x562dce871a00_0, 0;
    %load/vec4 v0x562dce8734c0_0;
    %assign/vec4 v0x562dce871ae0_0, 0;
    %load/vec4 v0x562dce873300_0;
    %assign/vec4 v0x562dce871920_0, 0;
    %load/vec4 v0x562dce873220_0;
    %assign/vec4 v0x562dce871840_0, 0;
    %load/vec4 v0x562dce873640_0;
    %assign/vec4 v0x562dce871ba0_0, 0;
    %jmp T_5.1;
T_5.0 ;
    %load/vec4 v0x562dce872210_0;
    %flag_set/vec4 8;
    %jmp/0xz  T_5.2, 8;
    %load/vec4 v0x562dce8722d0_0;
    %assign/vec4 v0x562dce871760_0, 0;
    %load/vec4 v0x562dce872570_0;
    %assign/vec4 v0x562dce871a00_0, 0;
    %load/vec4 v0x562dce872650_0;
    %assign/vec4 v0x562dce871ae0_0, 0;
    %load/vec4 v0x562dce872490_0;
    %assign/vec4 v0x562dce871920_0, 0;
    %load/vec4 v0x562dce8723b0_0;
    %assign/vec4 v0x562dce871840_0, 0;
    %load/vec4 v0x562dce872710_0;
    %assign/vec4 v0x562dce871ba0_0, 0;
T_5.2 ;
T_5.1 ;
    %load/vec4 v0x562dce872040_0;
    %flag_set/vec4 8;
    %jmp/0xz  T_5.4, 8;
    %load/vec4 v0x562dce873160_0;
    %assign/vec4 v0x562dce8722d0_0, 0;
    %load/vec4 v0x562dce8733e0_0;
    %assign/vec4 v0x562dce872570_0, 0;
    %load/vec4 v0x562dce8734c0_0;
    %assign/vec4 v0x562dce872650_0, 0;
    %load/vec4 v0x562dce873300_0;
    %assign/vec4 v0x562dce872490_0, 0;
    %load/vec4 v0x562dce873220_0;
    %assign/vec4 v0x562dce8723b0_0, 0;
    %load/vec4 v0x562dce873640_0;
    %assign/vec4 v0x562dce872710_0, 0;
T_5.4 ;
    %load/vec4 v0x562dce8730c0_0;
    %flag_set/vec4 8;
    %jmp/0xz  T_5.6, 8;
    %pushi/vec4 0, 0, 1;
    %assign/vec4 v0x562dce871ec0_0, 0;
    %pushi/vec4 0, 0, 1;
    %assign/vec4 v0x562dce871d40_0, 0;
    %pushi/vec4 0, 0, 1;
    %assign/vec4 v0x562dce8728b0_0, 0;
T_5.6 ;
    %jmp T_5;
    .thread T_5;
    .scope S_0x562dce877b10;
T_6 ;
    %pushi/vec4 0, 0, 1;
    %store/vec4 v0x562dce878900_0, 0, 1;
    %pushi/vec4 0, 0, 16;
    %store/vec4 v0x562dce8781a0_0, 0, 16;
    %pushi/vec4 0, 0, 1;
    %store/vec4 v0x562dce878440_0, 0, 1;
    %pushi/vec4 0, 0, 1;
    %store/vec4 v0x562dce878780_0, 0, 1;
    %pushi/vec4 0, 0, 1;
    %store/vec4 v0x562dce878520_0, 0, 1;
    %pushi/vec4 0, 0, 8;
    %store/vec4 v0x562dce878360_0, 0, 8;
    %pushi/vec4 0, 0, 8;
    %store/vec4 v0x562dce878280_0, 0, 8;
    %pushi/vec4 0, 0, 1;
    %store/vec4 v0x562dce8785e0_0, 0, 1;
    %pushi/vec4 0, 0, 16;
    %store/vec4 v0x562dce878d10_0, 0, 16;
    %pushi/vec4 0, 0, 1;
    %store/vec4 v0x562dce878fb0_0, 0, 1;
    %pushi/vec4 0, 0, 1;
    %store/vec4 v0x562dce8792f0_0, 0, 1;
    %pushi/vec4 0, 0, 1;
    %store/vec4 v0x562dce879090_0, 0, 1;
    %pushi/vec4 0, 0, 8;
    %store/vec4 v0x562dce878ed0_0, 0, 8;
    %pushi/vec4 0, 0, 8;
    %store/vec4 v0x562dce878df0_0, 0, 8;
    %pushi/vec4 0, 0, 1;
    %store/vec4 v0x562dce879150_0, 0, 1;
    %end;
    .thread T_6;
    .scope S_0x562dce877b10;
T_7 ;
    %wait E_0x562dce85e1b0;
    %load/vec4 v0x562dce878780_0;
    %store/vec4 v0x562dce8786c0_0, 0, 1;
    %load/vec4 v0x562dce8792f0_0;
    %store/vec4 v0x562dce879230_0, 0, 1;
    %pushi/vec4 0, 0, 1;
    %store/vec4 v0x562dce8789c0_0, 0, 1;
    %pushi/vec4 0, 0, 1;
    %store/vec4 v0x562dce878a80_0, 0, 1;
    %pushi/vec4 0, 0, 1;
    %store/vec4 v0x562dce878c50_0, 0, 1;
    %load/vec4 v0x562dce878900_0;
    %flag_set/vec4 8;
    %jmp/0xz  T_7.0, 8;
    %load/vec4 v0x562dce879890_0;
    %flag_set/vec4 8;
    %jmp/1 T_7.4, 8;
    %load/vec4 v0x562dce878780_0;
    %nor/r;
    %flag_set/vec4 9;
    %flag_or 8, 9;
T_7.4;
    %jmp/0xz  T_7.2, 8;
    %load/vec4 v0x562dce87a280_0;
    %store/vec4 v0x562dce8786c0_0, 0, 1;
    %pushi/vec4 1, 0, 1;
    %store/vec4 v0x562dce8789c0_0, 0, 1;
    %jmp T_7.3;
T_7.2 ;
    %load/vec4 v0x562dce87a280_0;
    %store/vec4 v0x562dce879230_0, 0, 1;
    %pushi/vec4 1, 0, 1;
    %store/vec4 v0x562dce878a80_0, 0, 1;
T_7.3 ;
    %jmp T_7.1;
T_7.0 ;
    %load/vec4 v0x562dce879890_0;
    %flag_set/vec4 8;
    %jmp/0xz  T_7.5, 8;
    %load/vec4 v0x562dce8792f0_0;
    %store/vec4 v0x562dce8786c0_0, 0, 1;
    %pushi/vec4 0, 0, 1;
    %store/vec4 v0x562dce879230_0, 0, 1;
    %pushi/vec4 1, 0, 1;
    %store/vec4 v0x562dce878c50_0, 0, 1;
T_7.5 ;
T_7.1 ;
    %jmp T_7;
    .thread T_7, $push;
    .scope S_0x562dce877b10;
T_8 ;
    %wait E_0x562dce7c3a60;
    %load/vec4 v0x562dce878840_0;
    %assign/vec4 v0x562dce878900_0, 0;
    %load/vec4 v0x562dce8786c0_0;
    %assign/vec4 v0x562dce878780_0, 0;
    %load/vec4 v0x562dce879230_0;
    %assign/vec4 v0x562dce8792f0_0, 0;
    %load/vec4 v0x562dce8789c0_0;
    %flag_set/vec4 8;
    %jmp/0xz  T_8.0, 8;
    %load/vec4 v0x562dce879b90_0;
    %assign/vec4 v0x562dce8781a0_0, 0;
    %load/vec4 v0x562dce879e30_0;
    %assign/vec4 v0x562dce878440_0, 0;
    %load/vec4 v0x562dce879f10_0;
    %assign/vec4 v0x562dce878520_0, 0;
    %load/vec4 v0x562dce879d50_0;
    %assign/vec4 v0x562dce878360_0, 0;
    %load/vec4 v0x562dce879c70_0;
    %assign/vec4 v0x562dce878280_0, 0;
    %load/vec4 v0x562dce87a090_0;
    %assign/vec4 v0x562dce8785e0_0, 0;
    %jmp T_8.1;
T_8.0 ;
    %load/vec4 v0x562dce878c50_0;
    %flag_set/vec4 8;
    %jmp/0xz  T_8.2, 8;
    %load/vec4 v0x562dce878d10_0;
    %assign/vec4 v0x562dce8781a0_0, 0;
    %load/vec4 v0x562dce878fb0_0;
    %assign/vec4 v0x562dce878440_0, 0;
    %load/vec4 v0x562dce879090_0;
    %assign/vec4 v0x562dce878520_0, 0;
    %load/vec4 v0x562dce878ed0_0;
    %assign/vec4 v0x562dce878360_0, 0;
    %load/vec4 v0x562dce878df0_0;
    %assign/vec4 v0x562dce878280_0, 0;
    %load/vec4 v0x562dce879150_0;
    %assign/vec4 v0x562dce8785e0_0, 0;
T_8.2 ;
T_8.1 ;
    %load/vec4 v0x562dce878a80_0;
    %flag_set/vec4 8;
    %jmp/0xz  T_8.4, 8;
    %load/vec4 v0x562dce879b90_0;
    %assign/vec4 v0x562dce878d10_0, 0;
    %load/vec4 v0x562dce879e30_0;
    %assign/vec4 v0x562dce878fb0_0, 0;
    %load/vec4 v0x562dce879f10_0;
    %assign/vec4 v0x562dce879090_0, 0;
    %load/vec4 v0x562dce879d50_0;
    %assign/vec4 v0x562dce878ed0_0, 0;
    %load/vec4 v0x562dce879c70_0;
    %assign/vec4 v0x562dce878df0_0, 0;
    %load/vec4 v0x562dce87a090_0;
    %assign/vec4 v0x562dce879150_0, 0;
T_8.4 ;
    %load/vec4 v0x562dce879af0_0;
    %flag_set/vec4 8;
    %jmp/0xz  T_8.6, 8;
    %pushi/vec4 0, 0, 1;
    %assign/vec4 v0x562dce878900_0, 0;
    %pushi/vec4 0, 0, 1;
    %assign/vec4 v0x562dce878780_0, 0;
    %pushi/vec4 0, 0, 1;
    %assign/vec4 v0x562dce8792f0_0, 0;
T_8.6 ;
    %jmp T_8;
    .thread T_8;
    .scope S_0x562dce827000;
T_9 ;
    %pushi/vec4 0, 0, 1;
    %store/vec4 v0x562dce875240_0, 0, 1;
    %pushi/vec4 0, 0, 16;
    %store/vec4 v0x562dce874ae0_0, 0, 16;
    %pushi/vec4 0, 0, 2;
    %store/vec4 v0x562dce874d80_0, 0, 2;
    %pushi/vec4 0, 0, 1;
    %store/vec4 v0x562dce8750c0_0, 0, 1;
    %pushi/vec4 0, 0, 1;
    %store/vec4 v0x562dce874e60_0, 0, 1;
    %pushi/vec4 0, 0, 8;
    %store/vec4 v0x562dce874ca0_0, 0, 8;
    %pushi/vec4 0, 0, 8;
    %store/vec4 v0x562dce874bc0_0, 0, 8;
    %pushi/vec4 0, 0, 1;
    %store/vec4 v0x562dce874f20_0, 0, 1;
    %pushi/vec4 0, 0, 16;
    %store/vec4 v0x562dce875650_0, 0, 16;
    %pushi/vec4 0, 0, 2;
    %store/vec4 v0x562dce8758f0_0, 0, 2;
    %pushi/vec4 0, 0, 1;
    %store/vec4 v0x562dce875c30_0, 0, 1;
    %pushi/vec4 0, 0, 1;
    %store/vec4 v0x562dce8759d0_0, 0, 1;
    %pushi/vec4 0, 0, 8;
    %store/vec4 v0x562dce875810_0, 0, 8;
    %pushi/vec4 0, 0, 8;
    %store/vec4 v0x562dce875730_0, 0, 8;
    %pushi/vec4 0, 0, 1;
    %store/vec4 v0x562dce875a90_0, 0, 1;
    %end;
    .thread T_9;
    .scope S_0x562dce827000;
T_10 ;
    %wait E_0x562dce77a580;
    %load/vec4 v0x562dce8750c0_0;
    %store/vec4 v0x562dce875000_0, 0, 1;
    %load/vec4 v0x562dce875c30_0;
    %store/vec4 v0x562dce875b70_0, 0, 1;
    %pushi/vec4 0, 0, 1;
    %store/vec4 v0x562dce875300_0, 0, 1;
    %pushi/vec4 0, 0, 1;
    %store/vec4 v0x562dce8753c0_0, 0, 1;
    %pushi/vec4 0, 0, 1;
    %store/vec4 v0x562dce875590_0, 0, 1;
    %load/vec4 v0x562dce875240_0;
    %flag_set/vec4 8;
    %jmp/0xz  T_10.0, 8;
    %load/vec4 v0x562dce876220_0;
    %flag_set/vec4 8;
    %jmp/1 T_10.4, 8;
    %load/vec4 v0x562dce8750c0_0;
    %nor/r;
    %flag_set/vec4 9;
    %flag_or 8, 9;
T_10.4;
    %jmp/0xz  T_10.2, 8;
    %load/vec4 v0x562dce876c10_0;
    %store/vec4 v0x562dce875000_0, 0, 1;
    %pushi/vec4 1, 0, 1;
    %store/vec4 v0x562dce875300_0, 0, 1;
    %jmp T_10.3;
T_10.2 ;
    %load/vec4 v0x562dce876c10_0;
    %store/vec4 v0x562dce875b70_0, 0, 1;
    %pushi/vec4 1, 0, 1;
    %store/vec4 v0x562dce8753c0_0, 0, 1;
T_10.3 ;
    %jmp T_10.1;
T_10.0 ;
    %load/vec4 v0x562dce876220_0;
    %flag_set/vec4 8;
    %jmp/0xz  T_10.5, 8;
    %load/vec4 v0x562dce875c30_0;
    %store/vec4 v0x562dce875000_0, 0, 1;
    %pushi/vec4 0, 0, 1;
    %store/vec4 v0x562dce875b70_0, 0, 1;
    %pushi/vec4 1, 0, 1;
    %store/vec4 v0x562dce875590_0, 0, 1;
T_10.5 ;
T_10.1 ;
    %jmp T_10;
    .thread T_10, $push;
    .scope S_0x562dce827000;
T_11 ;
    %wait E_0x562dce7c3a60;
    %load/vec4 v0x562dce875180_0;
    %assign/vec4 v0x562dce875240_0, 0;
    %load/vec4 v0x562dce875000_0;
    %assign/vec4 v0x562dce8750c0_0, 0;
    %load/vec4 v0x562dce875b70_0;
    %assign/vec4 v0x562dce875c30_0, 0;
    %load/vec4 v0x562dce875300_0;
    %flag_set/vec4 8;
    %jmp/0xz  T_11.0, 8;
    %load/vec4 v0x562dce876520_0;
    %assign/vec4 v0x562dce874ae0_0, 0;
    %load/vec4 v0x562dce8767c0_0;
    %assign/vec4 v0x562dce874d80_0, 0;
    %load/vec4 v0x562dce8768a0_0;
    %assign/vec4 v0x562dce874e60_0, 0;
    %load/vec4 v0x562dce8766e0_0;
    %assign/vec4 v0x562dce874ca0_0, 0;
    %load/vec4 v0x562dce876600_0;
    %assign/vec4 v0x562dce874bc0_0, 0;
    %load/vec4 v0x562dce876a20_0;
    %assign/vec4 v0x562dce874f20_0, 0;
    %jmp T_11.1;
T_11.0 ;
    %load/vec4 v0x562dce875590_0;
    %flag_set/vec4 8;
    %jmp/0xz  T_11.2, 8;
    %load/vec4 v0x562dce875650_0;
    %assign/vec4 v0x562dce874ae0_0, 0;
    %load/vec4 v0x562dce8758f0_0;
    %assign/vec4 v0x562dce874d80_0, 0;
    %load/vec4 v0x562dce8759d0_0;
    %assign/vec4 v0x562dce874e60_0, 0;
    %load/vec4 v0x562dce875810_0;
    %assign/vec4 v0x562dce874ca0_0, 0;
    %load/vec4 v0x562dce875730_0;
    %assign/vec4 v0x562dce874bc0_0, 0;
    %load/vec4 v0x562dce875a90_0;
    %assign/vec4 v0x562dce874f20_0, 0;
T_11.2 ;
T_11.1 ;
    %load/vec4 v0x562dce8753c0_0;
    %flag_set/vec4 8;
    %jmp/0xz  T_11.4, 8;
    %load/vec4 v0x562dce876520_0;
    %assign/vec4 v0x562dce875650_0, 0;
    %load/vec4 v0x562dce8767c0_0;
    %assign/vec4 v0x562dce8758f0_0, 0;
    %load/vec4 v0x562dce8768a0_0;
    %assign/vec4 v0x562dce8759d0_0, 0;
    %load/vec4 v0x562dce8766e0_0;
    %assign/vec4 v0x562dce875810_0, 0;
    %load/vec4 v0x562dce876600_0;
    %assign/vec4 v0x562dce875730_0, 0;
    %load/vec4 v0x562dce876a20_0;
    %assign/vec4 v0x562dce875a90_0, 0;
T_11.4 ;
    %load/vec4 v0x562dce876480_0;
    %flag_set/vec4 8;
    %jmp/0xz  T_11.6, 8;
    %pushi/vec4 0, 0, 1;
    %assign/vec4 v0x562dce875240_0, 0;
    %pushi/vec4 0, 0, 1;
    %assign/vec4 v0x562dce8750c0_0, 0;
    %pushi/vec4 0, 0, 1;
    %assign/vec4 v0x562dce875c30_0, 0;
T_11.6 ;
    %jmp T_11;
    .thread T_11;
    .scope S_0x562dce827380;
T_12 ;
    %vpi_call 2 112 "$dumpfile", "../vcd/tb_SubMult.vcd" {0 0 0};
    %vpi_call 2 113 "$dumpvars", 32'sb00000000000000000000000000000000, S_0x562dce8257f0 {0 0 0};
    %end;
    .thread T_12;
    .scope S_0x562dce827380;
T_13 ;
    %pushi/vec4 0, 0, 1;
    %store/vec4 v0x562dce882800_0, 0, 1;
T_13.0 ;
    %delay 1000, 0;
    %load/vec4 v0x562dce882800_0;
    %nor/r;
    %store/vec4 v0x562dce882800_0, 0, 1;
    %jmp T_13.0;
    %end;
    .thread T_13;
    .scope S_0x562dce827380;
T_14 ;
    %pushi/vec4 0, 0, 1;
    %store/vec4 v0x562dce8833d0_0, 0, 1;
    %pushi/vec4 0, 0, 1;
    %store/vec4 v0x562dce883330_0, 0, 1;
    %pushi/vec4 0, 0, 16;
    %store/vec4 v0x562dce883470_0, 0, 16;
    %pushi/vec4 0, 0, 1;
    %store/vec4 v0x562dce8836e0_0, 0, 1;
    %pushi/vec4 0, 0, 1;
    %store/vec4 v0x562dce883950_0, 0, 1;
    %pushi/vec4 0, 0, 16;
    %store/vec4 v0x562dce883a20_0, 0, 16;
    %pushi/vec4 0, 0, 1;
    %store/vec4 v0x562dce883c90_0, 0, 1;
    %pushi/vec4 0, 0, 1;
    %store/vec4 v0x562dce883f00_0, 0, 1;
    %pushi/vec4 0, 0, 16;
    %store/vec4 v0x562dce883fd0_0, 0, 16;
    %pushi/vec4 0, 0, 1;
    %store/vec4 v0x562dce884240_0, 0, 1;
    %pushi/vec4 0, 0, 1;
    %store/vec4 v0x562dce8844b0_0, 0, 1;
    %pushi/vec4 0, 0, 1;
    %store/vec4 v0x562dce8830c0_0, 0, 1;
    %delay 10000, 0;
    %pushi/vec4 1, 0, 1;
    %store/vec4 v0x562dce8833d0_0, 0, 1;
    %delay 10000, 0;
    %pushi/vec4 0, 0, 1;
    %store/vec4 v0x562dce8833d0_0, 0, 1;
    %delay 10000, 0;
    %pushi/vec4 1, 0, 1;
    %store/vec4 v0x562dce883330_0, 0, 1;
    %wait E_0x562dce7c3a60;
    %delay 1000, 0;
    %pushi/vec4 1, 0, 1;
    %store/vec4 v0x562dce8830c0_0, 0, 1;
    %delay 500000, 0;
    %vpi_call 2 148 "$finish" {0 0 0};
    %end;
    .thread T_14;
    .scope S_0x562dce827380;
T_15 ;
    %wait E_0x562dce7c3a60;
    %load/vec4 v0x562dce883330_0;
    %flag_set/vec4 8;
    %jmp/0xz  T_15.0, 8;
    %load/vec4 v0x562dce882b50_0;
    %pushi/vec4 5, 0, 32;
    %mod/s;
    %assign/vec4 v0x562dce882720_0, 0;
    %load/vec4 v0x562dce882a70_0;
    %pushi/vec4 5, 0, 32;
    %div/s;
    %pushi/vec4 5, 0, 32;
    %mod/s;
    %assign/vec4 v0x562dce882620_0, 0;
    %vpi_call 2 164 "$display", "Count : %d,%d -- %X:%X:%X-%X:%X:%X-%X:%X:%X-%X:%X:%X", v0x562dce882a70_0, v0x562dce882b50_0, v0x562dce8837b0_0, v0x562dce883950_0, v0x562dce8836e0_0, v0x562dce883d60_0, v0x562dce883f00_0, v0x562dce883c90_0, v0x562dce884310_0, v0x562dce8844b0_0, v0x562dce884240_0, v0x562dce8830c0_0, v0x562dce883260_0, v0x562dce882ff0_0 {0 0 0};
    %load/vec4 v0x562dce8837b0_0;
    %flag_set/vec4 9;
    %flag_get/vec4 9;
    %jmp/0 T_15.4, 9;
    %load/vec4 v0x562dce883950_0;
    %and;
T_15.4;
    %flag_set/vec4 8;
    %jmp/0xz  T_15.2, 8;
    %load/vec4 v0x562dce882a70_0;
    %addi 1, 0, 32;
    %assign/vec4 v0x562dce882a70_0, 0;
T_15.2 ;
    %load/vec4 v0x562dce883d60_0;
    %flag_set/vec4 9;
    %flag_get/vec4 9;
    %jmp/0 T_15.7, 9;
    %load/vec4 v0x562dce883f00_0;
    %and;
T_15.7;
    %flag_set/vec4 8;
    %jmp/0xz  T_15.5, 8;
    %load/vec4 v0x562dce882b50_0;
    %addi 1, 0, 32;
    %assign/vec4 v0x562dce882b50_0, 0;
T_15.5 ;
    %load/vec4 v0x562dce882a70_0;
    %cmpi/e 0, 0, 32;
    %jmp/0xz  T_15.8, 4;
    %pushi/vec4 4096, 0, 16;
    %assign/vec4 v0x562dce883fd0_0, 0;
    %pushi/vec4 1, 0, 1;
    %assign/vec4 v0x562dce884240_0, 0;
    %pushi/vec4 1, 0, 1;
    %assign/vec4 v0x562dce8844b0_0, 0;
T_15.8 ;
    %load/vec4 v0x562dce882a70_0;
    %cmpi/ne 0, 0, 32;
    %flag_get/vec4 4;
    %jmp/0 T_15.12, 4;
    %load/vec4 v0x562dce882a70_0;
    %cmpi/s 25, 0, 32;
    %flag_get/vec4 5;
    %and;
T_15.12;
    %flag_set/vec4 8;
    %jmp/0xz  T_15.10, 8;
    %pushi/vec4 20480, 0, 16;
    %assign/vec4 v0x562dce883fd0_0, 0;
T_15.10 ;
    %load/vec4 v0x562dce882a70_0;
    %cmpi/e 25, 0, 32;
    %jmp/0xz  T_15.13, 4;
    %pushi/vec4 2048, 0, 16;
    %assign/vec4 v0x562dce883fd0_0, 0;
    %pushi/vec4 0, 0, 1;
    %assign/vec4 v0x562dce884240_0, 0;
    %pushi/vec4 0, 0, 1;
    %assign/vec4 v0x562dce8844b0_0, 0;
T_15.13 ;
    %load/vec4 v0x562dce882a70_0;
    %cmpi/s 25, 0, 32;
    %flag_or 5, 4; GT is !LE
    %flag_inv 5;
    %flag_get/vec4 5;
    %jmp/0 T_15.17, 5;
    %load/vec4 v0x562dce882a70_0;
    %cmpi/s 50, 0, 32;
    %flag_get/vec4 5;
    %and;
T_15.17;
    %flag_set/vec4 8;
    %jmp/0xz  T_15.15, 8;
    %load/vec4 v0x562dce883fd0_0;
    %addi 8, 0, 16;
    %assign/vec4 v0x562dce883fd0_0, 0;
T_15.15 ;
    %load/vec4 v0x562dce882620_0;
    %dup/vec4;
    %pushi/vec4 4, 0, 32;
    %cmp/u;
    %jmp/1 T_15.18, 6;
    %dup/vec4;
    %pushi/vec4 3, 0, 32;
    %cmp/u;
    %jmp/1 T_15.19, 6;
    %dup/vec4;
    %pushi/vec4 2, 0, 32;
    %cmp/u;
    %jmp/1 T_15.20, 6;
    %dup/vec4;
    %pushi/vec4 1, 0, 32;
    %cmp/u;
    %jmp/1 T_15.21, 6;
    %pushi/vec4 49152, 0, 16;
    %assign/vec4 v0x562dce883470_0, 0;
    %jmp T_15.23;
T_15.18 ;
    %pushi/vec4 16384, 0, 16;
    %assign/vec4 v0x562dce883470_0, 0;
    %jmp T_15.23;
T_15.19 ;
    %pushi/vec4 2048, 0, 16;
    %assign/vec4 v0x562dce883470_0, 0;
    %jmp T_15.23;
T_15.20 ;
    %pushi/vec4 0, 0, 16;
    %assign/vec4 v0x562dce883470_0, 0;
    %jmp T_15.23;
T_15.21 ;
    %pushi/vec4 63488, 0, 16;
    %assign/vec4 v0x562dce883470_0, 0;
    %jmp T_15.23;
T_15.23 ;
    %pop/vec4 1;
    %load/vec4 v0x562dce882720_0;
    %dup/vec4;
    %pushi/vec4 4, 0, 32;
    %cmp/u;
    %jmp/1 T_15.24, 6;
    %dup/vec4;
    %pushi/vec4 3, 0, 32;
    %cmp/u;
    %jmp/1 T_15.25, 6;
    %dup/vec4;
    %pushi/vec4 2, 0, 32;
    %cmp/u;
    %jmp/1 T_15.26, 6;
    %dup/vec4;
    %pushi/vec4 1, 0, 32;
    %cmp/u;
    %jmp/1 T_15.27, 6;
    %pushi/vec4 49152, 0, 16;
    %assign/vec4 v0x562dce883a20_0, 0;
    %jmp T_15.29;
T_15.24 ;
    %pushi/vec4 16384, 0, 16;
    %assign/vec4 v0x562dce883a20_0, 0;
    %jmp T_15.29;
T_15.25 ;
    %pushi/vec4 2048, 0, 16;
    %assign/vec4 v0x562dce883a20_0, 0;
    %jmp T_15.29;
T_15.26 ;
    %pushi/vec4 0, 0, 16;
    %assign/vec4 v0x562dce883a20_0, 0;
    %jmp T_15.29;
T_15.27 ;
    %pushi/vec4 63488, 0, 16;
    %assign/vec4 v0x562dce883a20_0, 0;
    %jmp T_15.29;
T_15.29 ;
    %pop/vec4 1;
    %load/vec4 v0x562dce883950_0;
    %nor/r;
    %flag_set/vec4 9;
    %flag_get/vec4 9;
    %jmp/0 T_15.32, 9;
    %load/vec4 v0x562dce882a70_0;
    %cmpi/s 70, 0, 32;
    %flag_get/vec4 5;
    %and;
T_15.32;
    %flag_set/vec4 8;
    %jmp/0xz  T_15.30, 8;
    %pushi/vec4 1, 0, 1;
    %assign/vec4 v0x562dce883950_0, 0;
T_15.30 ;
    %load/vec4 v0x562dce883f00_0;
    %nor/r;
    %flag_set/vec4 9;
    %flag_get/vec4 9;
    %jmp/0 T_15.35, 9;
    %load/vec4 v0x562dce882b50_0;
    %cmpi/s 70, 0, 32;
    %flag_get/vec4 5;
    %and;
T_15.35;
    %flag_set/vec4 8;
    %jmp/0xz  T_15.33, 8;
    %pushi/vec4 1, 0, 1;
    %assign/vec4 v0x562dce883f00_0, 0;
T_15.33 ;
    %load/vec4 v0x562dce882a70_0;
    %cmpi/e 24, 0, 32;
    %jmp/1 T_15.39, 4;
    %flag_mov 8, 4;
    %load/vec4 v0x562dce882a70_0;
    %cmpi/e 60, 0, 32;
    %flag_or 4, 8;
T_15.39;
    %jmp/1 T_15.38, 4;
    %flag_mov 8, 4;
    %load/vec4 v0x562dce882a70_0;
    %cmpi/e 80, 0, 32;
    %flag_or 4, 8;
T_15.38;
    %jmp/0xz  T_15.36, 4;
    %pushi/vec4 1, 0, 1;
    %assign/vec4 v0x562dce8836e0_0, 0;
T_15.36 ;
    %load/vec4 v0x562dce882b50_0;
    %cmpi/e 24, 0, 32;
    %jmp/1 T_15.43, 4;
    %flag_mov 8, 4;
    %load/vec4 v0x562dce882b50_0;
    %cmpi/e 60, 0, 32;
    %flag_or 4, 8;
T_15.43;
    %jmp/1 T_15.42, 4;
    %flag_mov 8, 4;
    %load/vec4 v0x562dce882b50_0;
    %cmpi/e 80, 0, 32;
    %flag_or 4, 8;
T_15.42;
    %jmp/0xz  T_15.40, 4;
    %pushi/vec4 1, 0, 1;
    %assign/vec4 v0x562dce883c90_0, 0;
T_15.40 ;
    %load/vec4 v0x562dce8837b0_0;
    %flag_set/vec4 10;
    %flag_get/vec4 10;
    %jmp/0 T_15.48, 10;
    %load/vec4 v0x562dce883950_0;
    %and;
T_15.48;
    %flag_set/vec4 9;
    %flag_get/vec4 9;
    %jmp/0 T_15.47, 9;
    %load/vec4 v0x562dce8836e0_0;
    %and;
T_15.47;
    %flag_set/vec4 8;
    %jmp/1 T_15.46, 8;
    %load/vec4 v0x562dce882a70_0;
    %cmpi/s 80, 0, 32;
    %flag_or 5, 4; GT is !LE
    %flag_inv 5;
    %flag_or 8, 5;
T_15.46;
    %jmp/0xz  T_15.44, 8;
    %pushi/vec4 0, 0, 1;
    %assign/vec4 v0x562dce8836e0_0, 0;
T_15.44 ;
    %load/vec4 v0x562dce883d60_0;
    %flag_set/vec4 10;
    %flag_get/vec4 10;
    %jmp/0 T_15.53, 10;
    %load/vec4 v0x562dce883f00_0;
    %and;
T_15.53;
    %flag_set/vec4 9;
    %flag_get/vec4 9;
    %jmp/0 T_15.52, 9;
    %load/vec4 v0x562dce883c90_0;
    %and;
T_15.52;
    %flag_set/vec4 8;
    %jmp/1 T_15.51, 8;
    %load/vec4 v0x562dce882b50_0;
    %cmpi/s 80, 0, 32;
    %flag_or 5, 4; GT is !LE
    %flag_inv 5;
    %flag_or 8, 5;
T_15.51;
    %jmp/0xz  T_15.49, 8;
    %pushi/vec4 0, 0, 1;
    %assign/vec4 v0x562dce883c90_0, 0;
T_15.49 ;
    %load/vec4 v0x562dce882a70_0;
    %cmpi/e 24, 0, 32;
    %flag_get/vec4 4;
    %jmp/0 T_15.57, 4;
    %load/vec4 v0x562dce883260_0;
    %and;
T_15.57;
    %flag_set/vec4 8;
    %jmp/1 T_15.56, 8;
    %load/vec4 v0x562dce882a70_0;
    %cmpi/e 27, 0, 32;
    %flag_get/vec4 4;
    %jmp/0 T_15.58, 4;
    %load/vec4 v0x562dce883260_0;
    %and;
T_15.58;
    %flag_set/vec4 9;
    %flag_or 8, 9;
T_15.56;
    %jmp/0xz  T_15.54, 8;
    %pushi/vec4 0, 0, 1;
    %assign/vec4 v0x562dce883950_0, 0;
T_15.54 ;
    %load/vec4 v0x562dce882b50_0;
    %cmpi/e 24, 0, 32;
    %flag_get/vec4 4;
    %jmp/0 T_15.62, 4;
    %load/vec4 v0x562dce883260_0;
    %and;
T_15.62;
    %flag_set/vec4 8;
    %jmp/1 T_15.61, 8;
    %load/vec4 v0x562dce882b50_0;
    %cmpi/e 27, 0, 32;
    %flag_get/vec4 4;
    %jmp/0 T_15.63, 4;
    %load/vec4 v0x562dce883260_0;
    %and;
T_15.63;
    %flag_set/vec4 9;
    %flag_or 8, 9;
T_15.61;
    %jmp/0xz  T_15.59, 8;
    %pushi/vec4 0, 0, 1;
    %assign/vec4 v0x562dce883f00_0, 0;
T_15.59 ;
    %load/vec4 v0x562dce882a70_0;
    %cmpi/e 27, 0, 32;
    %flag_get/vec4 4;
    %jmp/0 T_15.66, 4;
    %load/vec4 v0x562dce883260_0;
    %and;
T_15.66;
    %flag_set/vec4 8;
    %jmp/0xz  T_15.64, 8;
    %pushi/vec4 1, 0, 1;
    %assign/vec4 v0x562dce8844b0_0, 0;
T_15.64 ;
    %load/vec4 v0x562dce882a70_0;
    %cmpi/e 30, 0, 32;
    %flag_get/vec4 4;
    %jmp/0 T_15.69, 4;
    %load/vec4 v0x562dce883260_0;
    %and;
T_15.69;
    %flag_set/vec4 8;
    %jmp/0xz  T_15.67, 8;
    %pushi/vec4 0, 0, 1;
    %assign/vec4 v0x562dce8844b0_0, 0;
T_15.67 ;
    %load/vec4 v0x562dce882a70_0;
    %cmpi/s 70, 0, 32;
    %flag_or 5, 4; GT is !LE
    %flag_inv 5;
    %flag_get/vec4 5;
    %jmp/0 T_15.73, 5;
    %load/vec4 v0x562dce884580_0;
    %nor/r;
    %and;
T_15.73;
    %flag_set/vec4 9;
    %flag_get/vec4 9;
    %jmp/0 T_15.72, 9;
    %load/vec4 v0x562dce883260_0;
    %nor/r;
    %and;
T_15.72;
    %flag_set/vec4 8;
    %jmp/0xz  T_15.70, 8;
    %vpi_call 2 252 "$finish" {0 0 0};
T_15.70 ;
    %load/vec4 v0x562dce882a70_0;
    %assign/vec4 v0x562dce8828d0_0, 0;
    %load/vec4 v0x562dce882a70_0;
    %load/vec4 v0x562dce8828d0_0;
    %cmp/e;
    %jmp/1 T_15.76, 4;
    %flag_mov 8, 4;
    %load/vec4 v0x562dce883950_0;
    %flag_set/vec4 10;
    %flag_get/vec4 10;
    %jmp/1 T_15.77, 10;
    %load/vec4 v0x562dce8830c0_0;
    %or;
T_15.77;
    %nor/r;
    %flag_set/vec4 9;
    %flag_or 9, 8;
    %flag_mov 4, 9;
T_15.76;
    %jmp/0xz  T_15.74, 4;
    %load/vec4 v0x562dce884580_0;
    %cmpi/ne 0, 0, 32;
    %jmp/0xz  T_15.78, 4;
    %load/vec4 v0x562dce884580_0;
    %subi 1, 0, 32;
    %assign/vec4 v0x562dce884580_0, 0;
    %jmp T_15.79;
T_15.78 ;
    %pushi/vec4 3, 0, 32;
    %assign/vec4 v0x562dce884580_0, 0;
T_15.79 ;
    %jmp T_15.75;
T_15.74 ;
    %pushi/vec4 3, 0, 32;
    %assign/vec4 v0x562dce884580_0, 0;
T_15.75 ;
    %load/vec4 v0x562dce882b50_0;
    %load/vec4 v0x562dce882990_0;
    %cmp/e;
    %jmp/1 T_15.82, 4;
    %flag_mov 8, 4;
    %load/vec4 v0x562dce883f00_0;
    %flag_set/vec4 10;
    %flag_get/vec4 10;
    %jmp/1 T_15.83, 10;
    %load/vec4 v0x562dce8830c0_0;
    %or;
T_15.83;
    %nor/r;
    %flag_set/vec4 9;
    %flag_or 9, 8;
    %flag_mov 4, 9;
T_15.82;
    %jmp/0xz  T_15.80, 4;
    %load/vec4 v0x562dce884620_0;
    %cmpi/ne 0, 0, 32;
    %jmp/0xz  T_15.84, 4;
    %load/vec4 v0x562dce884620_0;
    %subi 1, 0, 32;
    %assign/vec4 v0x562dce884620_0, 0;
    %jmp T_15.85;
T_15.84 ;
    %pushi/vec4 3, 0, 32;
    %assign/vec4 v0x562dce884620_0, 0;
T_15.85 ;
    %jmp T_15.81;
T_15.80 ;
    %pushi/vec4 3, 0, 32;
    %assign/vec4 v0x562dce884620_0, 0;
T_15.81 ;
    %jmp T_15.1;
T_15.0 ;
    %pushi/vec4 0, 0, 32;
    %assign/vec4 v0x562dce882a70_0, 0;
    %pushi/vec4 0, 0, 32;
    %assign/vec4 v0x562dce882b50_0, 0;
T_15.1 ;
    %jmp T_15;
    .thread T_15;
# The file index is used to find the file name in the following table.
:file_names 5;
    "N/A";
    "<interactive>";
    "../tb/tb_SubMult.v";
    "../rtl/SubMult.v";
    "../lib/verilog-axis/rtl/axis_register.v";
