#! /usr/bin/vvp
:ivl_version "12.0 (stable)";
:ivl_delay_selection "TYPICAL";
:vpi_time_precision - 12;
:vpi_module "/usr/lib/x86_64-linux-gnu/ivl/system.vpi";
:vpi_module "/usr/lib/x86_64-linux-gnu/ivl/vhdl_sys.vpi";
:vpi_module "/usr/lib/x86_64-linux-gnu/ivl/vhdl_textio.vpi";
:vpi_module "/usr/lib/x86_64-linux-gnu/ivl/v2005_math.vpi";
:vpi_module "/usr/lib/x86_64-linux-gnu/ivl/va_math.vpi";
S_0x564bac0c5440 .scope module, "tb_SubMultAbs" "tb_SubMultAbs" 2 6;
 .timescale -9 -12;
P_0x564bac008470 .param/l "DATA_WIDTH_DATA" 1 2 11, +C4<00000000000000000000000000010000>;
P_0x564bac0084b0 .param/l "DATA_WIDTH_RSLT" 1 2 15, +C4<00000000000000000000000000010000>;
P_0x564bac0084f0 .param/l "DATA_WIDTH_SCALE" 1 2 13, +C4<00000000000000000000000000010000>;
P_0x564bac008530 .param/l "DEST_ENABLE" 1 2 21, +C4<00000000000000000000000000000000>;
P_0x564bac008570 .param/l "DEST_WIDTH" 1 2 22, +C4<00000000000000000000000000001000>;
P_0x564bac0085b0 .param/l "FRACTIONAL_BITS_DATA" 1 2 12, +C4<00000000000000000000000000001100>;
P_0x564bac0085f0 .param/l "FRACTIONAL_BITS_RSLT" 1 2 16, +C4<00000000000000000000000000001101>;
P_0x564bac008630 .param/l "FRACTIONAL_BITS_SCALE" 1 2 14, +C4<00000000000000000000000000001100>;
P_0x564bac008670 .param/l "ID_ENABLE" 1 2 19, +C4<00000000000000000000000000000000>;
P_0x564bac0086b0 .param/l "ID_WIDTH" 1 2 20, +C4<00000000000000000000000000001000>;
P_0x564bac0086f0 .param/l "KEEP_ENABLE" 1 2 17, C4<1>;
P_0x564bac008730 .param/l "KEEP_WIDTH" 1 2 18, +C4<000000000000000000000000000000010>;
P_0x564bac008770 .param/l "USER_ENABLE" 1 2 23, +C4<00000000000000000000000000000000>;
P_0x564bac0087b0 .param/l "USER_WIDTH" 1 2 24, +C4<00000000000000000000000000000001>;
v0x564bac125890_0 .var/i "_tmp_0", 31 0;
v0x564bac125990_0 .var/i "_tmp_1", 31 0;
v0x564bac125a70_0 .var "clk", 0 0;
v0x564bac125b40_0 .var/i "count2_data", 31 0;
v0x564bac125c00_0 .var/i "count2_grid", 31 0;
v0x564bac125ce0_0 .var/i "count_data", 31 0;
v0x564bac125dc0_0 .var/i "count_grid", 31 0;
v0x564bac125ea0_0 .net "m_axis_data_tdata", 15 0, L_0x564bac0f6ee0;  1 drivers
v0x564bac125f60_0 .net "m_axis_data_tdest", 7 0, L_0x564bac1315e0;  1 drivers
v0x564bac126000_0 .net "m_axis_data_tid", 7 0, L_0x564bac1313b0;  1 drivers
v0x564bac1260c0_0 .net "m_axis_data_tkeep", 1 0, L_0x564bac130ea0;  1 drivers
v0x564bac126180_0 .net "m_axis_data_tlast", 0 0, L_0x564bac131340;  1 drivers
v0x564bac126270_0 .var "m_axis_data_tready", 0 0;
v0x564bac126360_0 .net "m_axis_data_tuser", 0 0, L_0x564bac131650;  1 drivers
v0x564bac126470_0 .net "m_axis_data_tvalid", 0 0, L_0x564bac1310b0;  1 drivers
v0x564bac126560_0 .var "reset_done", 0 0;
v0x564bac126620_0 .var "rst", 0 0;
v0x564bac1266c0_0 .var "s_axis_data_tdata", 15 0;
v0x564bac1267d0_0 .var "s_axis_data_tdest", 7 0;
v0x564bac1268e0_0 .var "s_axis_data_tid", 7 0;
v0x564bac1269f0_0 .var "s_axis_data_tlast", 0 0;
v0x564bac126ae0_0 .net "s_axis_data_tready", 0 0, L_0x564bac129750;  1 drivers
v0x564bac126bd0_0 .var "s_axis_data_tuser", 0 0;
v0x564bac126ce0_0 .var "s_axis_data_tvalid", 0 0;
v0x564bac126dd0_0 .var "s_axis_grid_tdata", 15 0;
v0x564bac126ee0_0 .var "s_axis_grid_tdest", 7 0;
v0x564bac126ff0_0 .var "s_axis_grid_tid", 7 0;
v0x564bac127100_0 .var "s_axis_grid_tlast", 0 0;
v0x564bac1271f0_0 .net "s_axis_grid_tready", 0 0, L_0x564bac129ef0;  1 drivers
v0x564bac1272e0_0 .var "s_axis_grid_tuser", 0 0;
v0x564bac1273f0_0 .var "s_axis_grid_tvalid", 0 0;
v0x564bac1274e0_0 .var "s_axis_scale_tdata", 15 0;
v0x564bac1275f0_0 .var "s_axis_scale_tdest", 7 0;
v0x564bac127910_0 .var "s_axis_scale_tid", 7 0;
v0x564bac127a20_0 .var "s_axis_scale_tlast", 0 0;
v0x564bac127b10_0 .net "s_axis_scale_tready", 0 0, L_0x564bac12a890;  1 drivers
v0x564bac127c00_0 .var "s_axis_scale_tuser", 0 0;
v0x564bac127d10_0 .var "s_axis_scale_tvalid", 0 0;
v0x564bac127e00_0 .var/i "timer_data", 31 0;
v0x564bac127ee0_0 .var/i "timer_grid", 31 0;
S_0x564bac0f0f60 .scope module, "uut" "SubMultAbs" 2 75, 3 1 0, S_0x564bac0c5440;
 .timescale 0 0;
    .port_info 0 /INPUT 1 "clk";
    .port_info 1 /INPUT 1 "rst";
    .port_info 2 /INPUT 16 "s_axis_data_tdata";
    .port_info 3 /INPUT 1 "s_axis_data_tvalid";
    .port_info 4 /OUTPUT 1 "s_axis_data_tready";
    .port_info 5 /INPUT 1 "s_axis_data_tlast";
    .port_info 6 /INPUT 8 "s_axis_data_tid";
    .port_info 7 /INPUT 8 "s_axis_data_tdest";
    .port_info 8 /INPUT 1 "s_axis_data_tuser";
    .port_info 9 /INPUT 16 "s_axis_grid_tdata";
    .port_info 10 /INPUT 1 "s_axis_grid_tvalid";
    .port_info 11 /OUTPUT 1 "s_axis_grid_tready";
    .port_info 12 /INPUT 1 "s_axis_grid_tlast";
    .port_info 13 /INPUT 8 "s_axis_grid_tid";
    .port_info 14 /INPUT 8 "s_axis_grid_tdest";
    .port_info 15 /INPUT 1 "s_axis_grid_tuser";
    .port_info 16 /INPUT 16 "s_axis_scale_tdata";
    .port_info 17 /INPUT 1 "s_axis_scale_tvalid";
    .port_info 18 /OUTPUT 1 "s_axis_scale_tready";
    .port_info 19 /INPUT 1 "s_axis_scale_tlast";
    .port_info 20 /INPUT 8 "s_axis_scale_tid";
    .port_info 21 /INPUT 8 "s_axis_scale_tdest";
    .port_info 22 /INPUT 1 "s_axis_scale_tuser";
    .port_info 23 /OUTPUT 16 "m_axis_data_tdata";
    .port_info 24 /OUTPUT 2 "m_axis_data_tkeep";
    .port_info 25 /OUTPUT 1 "m_axis_data_tvalid";
    .port_info 26 /INPUT 1 "m_axis_data_tready";
    .port_info 27 /OUTPUT 1 "m_axis_data_tlast";
    .port_info 28 /OUTPUT 8 "m_axis_data_tid";
    .port_info 29 /OUTPUT 8 "m_axis_data_tdest";
    .port_info 30 /OUTPUT 1 "m_axis_data_tuser";
P_0x564bac0054b0 .param/l "DATA_WIDTH_DATA" 0 3 3, +C4<00000000000000000000000000010000>;
P_0x564bac0054f0 .param/l "DATA_WIDTH_RSLT" 0 3 11, +C4<00000000000000000000000000010000>;
P_0x564bac005530 .param/l "DATA_WIDTH_SCALE" 0 3 7, +C4<00000000000000000000000000010000>;
P_0x564bac005570 .param/l "DEST_ENABLE" 0 3 23, +C4<00000000000000000000000000000000>;
P_0x564bac0055b0 .param/l "DEST_WIDTH" 0 3 25, +C4<00000000000000000000000000001000>;
P_0x564bac0055f0 .param/l "FRACTIONAL_BITS_DATA" 0 3 5, +C4<00000000000000000000000000001100>;
P_0x564bac005630 .param/l "FRACTIONAL_BITS_RSLT" 0 3 13, +C4<00000000000000000000000000001101>;
P_0x564bac005670 .param/l "FRACTIONAL_BITS_SCALE" 0 3 9, +C4<00000000000000000000000000001100>;
P_0x564bac0056b0 .param/l "ID_ENABLE" 0 3 19, +C4<00000000000000000000000000000000>;
P_0x564bac0056f0 .param/l "ID_WIDTH" 0 3 21, +C4<00000000000000000000000000001000>;
P_0x564bac005730 .param/l "KEEP_ENABLE" 0 3 15, C4<1>;
P_0x564bac005770 .param/l "KEEP_WIDTH" 0 3 17, +C4<000000000000000000000000000000010>;
P_0x564bac0057b0 .param/l "USER_ENABLE" 0 3 27, +C4<00000000000000000000000000000000>;
P_0x564bac0057f0 .param/l "USER_WIDTH" 0 3 29, +C4<00000000000000000000000000000001>;
L_0x564bac0f6ee0 .functor BUFZ 16, L_0x564bac142310, C4<0000000000000000>, C4<0000000000000000>, C4<0000000000000000>;
v0x564bac123350_0 .net *"_ivl_12", 0 0, L_0x564bac141b70;  1 drivers
v0x564bac123430_0 .net *"_ivl_15", 0 0, L_0x564bac141c60;  1 drivers
v0x564bac123510_0 .net *"_ivl_16", 15 0, L_0x564bac141d00;  1 drivers
v0x564bac123600_0 .net *"_ivl_19", 15 0, L_0x564bac142270;  1 drivers
v0x564bac1236e0_0 .net *"_ivl_3", 0 0, L_0x564bac131890;  1 drivers
L_0x7f562f24b570 .functor BUFT 1, C4<11111111111111111>, C4<0>, C4<0>, C4<0>;
v0x564bac1237c0_0 .net/2u *"_ivl_4", 16 0, L_0x7f562f24b570;  1 drivers
L_0x7f562f24b5b8 .functor BUFT 1, C4<00000000000000001>, C4<0>, C4<0>, C4<0>;
v0x564bac1238a0_0 .net/2u *"_ivl_6", 16 0, L_0x7f562f24b5b8;  1 drivers
v0x564bac123980_0 .net *"_ivl_8", 16 0, L_0x564bac141940;  1 drivers
v0x564bac123a60_0 .net "abs_rslt", 16 0, L_0x564bac141ad0;  1 drivers
v0x564bac123bd0_0 .net "abs_rslt_corr", 15 0, L_0x564bac142310;  1 drivers
v0x564bac123cb0_0 .net "clk", 0 0, v0x564bac125a70_0;  1 drivers
v0x564bac123d50_0 .net "m_axis_data_tdata", 15 0, L_0x564bac0f6ee0;  alias, 1 drivers
v0x564bac123e30_0 .net "m_axis_data_tdest", 7 0, L_0x564bac1315e0;  alias, 1 drivers
v0x564bac123ef0_0 .net "m_axis_data_tid", 7 0, L_0x564bac1313b0;  alias, 1 drivers
v0x564bac123fc0_0 .net "m_axis_data_tkeep", 1 0, L_0x564bac130ea0;  alias, 1 drivers
v0x564bac124090_0 .net "m_axis_data_tlast", 0 0, L_0x564bac131340;  alias, 1 drivers
v0x564bac124160_0 .net "m_axis_data_tready", 0 0, v0x564bac126270_0;  1 drivers
v0x564bac124230_0 .net "m_axis_data_tuser", 0 0, L_0x564bac131650;  alias, 1 drivers
v0x564bac124300_0 .net "m_axis_data_tvalid", 0 0, L_0x564bac1310b0;  alias, 1 drivers
v0x564bac1243d0_0 .net "rst", 0 0, v0x564bac126620_0;  1 drivers
v0x564bac124470_0 .net "s_axis_data_tdata", 15 0, v0x564bac1266c0_0;  1 drivers
v0x564bac124540_0 .net "s_axis_data_tdest", 7 0, v0x564bac1267d0_0;  1 drivers
v0x564bac124610_0 .net "s_axis_data_tid", 7 0, v0x564bac1268e0_0;  1 drivers
v0x564bac1246e0_0 .net "s_axis_data_tlast", 0 0, v0x564bac1269f0_0;  1 drivers
v0x564bac1247b0_0 .net "s_axis_data_tready", 0 0, L_0x564bac129750;  alias, 1 drivers
v0x564bac124880_0 .net "s_axis_data_tuser", 0 0, v0x564bac126bd0_0;  1 drivers
v0x564bac124950_0 .net "s_axis_data_tvalid", 0 0, v0x564bac126ce0_0;  1 drivers
v0x564bac124a20_0 .net "s_axis_grid_tdata", 15 0, v0x564bac126dd0_0;  1 drivers
v0x564bac124af0_0 .net "s_axis_grid_tdest", 7 0, v0x564bac126ee0_0;  1 drivers
v0x564bac124bc0_0 .net "s_axis_grid_tid", 7 0, v0x564bac126ff0_0;  1 drivers
v0x564bac124c90_0 .net "s_axis_grid_tlast", 0 0, v0x564bac127100_0;  1 drivers
v0x564bac124d60_0 .net "s_axis_grid_tready", 0 0, L_0x564bac129ef0;  alias, 1 drivers
v0x564bac124e30_0 .net "s_axis_grid_tuser", 0 0, v0x564bac1272e0_0;  1 drivers
v0x564bac124f00_0 .net "s_axis_grid_tvalid", 0 0, v0x564bac1273f0_0;  1 drivers
v0x564bac124fd0_0 .net "s_axis_scale_tdata", 15 0, v0x564bac1274e0_0;  1 drivers
v0x564bac1250a0_0 .net "s_axis_scale_tdest", 7 0, v0x564bac1275f0_0;  1 drivers
v0x564bac125170_0 .net "s_axis_scale_tid", 7 0, v0x564bac127910_0;  1 drivers
v0x564bac125240_0 .net "s_axis_scale_tlast", 0 0, v0x564bac127a20_0;  1 drivers
v0x564bac125310_0 .net "s_axis_scale_tready", 0 0, L_0x564bac12a890;  alias, 1 drivers
v0x564bac1253e0_0 .net "s_axis_scale_tuser", 0 0, v0x564bac127c00_0;  1 drivers
v0x564bac1254b0_0 .net "s_axis_scale_tvalid", 0 0, v0x564bac127d10_0;  1 drivers
v0x564bac125580_0 .net "signed_rslt", 16 0, L_0x564bac130de0;  1 drivers
L_0x564bac131890 .part L_0x564bac130de0, 16, 1;
L_0x564bac141940 .functor MUXZ 17, L_0x7f562f24b5b8, L_0x7f562f24b570, L_0x564bac131890, C4<>;
L_0x564bac141ad0 .arith/mult 17, L_0x564bac130de0, L_0x564bac141940;
L_0x564bac141b70 .cmp/eq 17, L_0x564bac141ad0, L_0x564bac130de0;
L_0x564bac141c60 .part L_0x564bac130de0, 16, 1;
LS_0x564bac141d00_0_0 .concat [ 1 1 1 1], L_0x564bac141c60, L_0x564bac141c60, L_0x564bac141c60, L_0x564bac141c60;
LS_0x564bac141d00_0_4 .concat [ 1 1 1 1], L_0x564bac141c60, L_0x564bac141c60, L_0x564bac141c60, L_0x564bac141c60;
LS_0x564bac141d00_0_8 .concat [ 1 1 1 1], L_0x564bac141c60, L_0x564bac141c60, L_0x564bac141c60, L_0x564bac141c60;
LS_0x564bac141d00_0_12 .concat [ 1 1 1 1], L_0x564bac141c60, L_0x564bac141c60, L_0x564bac141c60, L_0x564bac141c60;
L_0x564bac141d00 .concat [ 4 4 4 4], LS_0x564bac141d00_0_0, LS_0x564bac141d00_0_4, LS_0x564bac141d00_0_8, LS_0x564bac141d00_0_12;
L_0x564bac142270 .part L_0x564bac141ad0, 0, 16;
L_0x564bac142310 .functor MUXZ 16, L_0x564bac142270, L_0x564bac141d00, L_0x564bac141b70, C4<>;
S_0x564bac0f12e0 .scope module, "uut" "SubMult" 3 105, 4 12 0, S_0x564bac0f0f60;
 .timescale -9 -12;
    .port_info 0 /INPUT 1 "clk";
    .port_info 1 /INPUT 1 "rst";
    .port_info 2 /INPUT 16 "s_axis_data_tdata";
    .port_info 3 /INPUT 1 "s_axis_data_tvalid";
    .port_info 4 /OUTPUT 1 "s_axis_data_tready";
    .port_info 5 /INPUT 1 "s_axis_data_tlast";
    .port_info 6 /INPUT 8 "s_axis_data_tid";
    .port_info 7 /INPUT 8 "s_axis_data_tdest";
    .port_info 8 /INPUT 1 "s_axis_data_tuser";
    .port_info 9 /INPUT 16 "s_axis_grid_tdata";
    .port_info 10 /INPUT 1 "s_axis_grid_tvalid";
    .port_info 11 /OUTPUT 1 "s_axis_grid_tready";
    .port_info 12 /INPUT 1 "s_axis_grid_tlast";
    .port_info 13 /INPUT 8 "s_axis_grid_tid";
    .port_info 14 /INPUT 8 "s_axis_grid_tdest";
    .port_info 15 /INPUT 1 "s_axis_grid_tuser";
    .port_info 16 /INPUT 16 "s_axis_scale_tdata";
    .port_info 17 /INPUT 1 "s_axis_scale_tvalid";
    .port_info 18 /OUTPUT 1 "s_axis_scale_tready";
    .port_info 19 /INPUT 1 "s_axis_scale_tlast";
    .port_info 20 /INPUT 8 "s_axis_scale_tid";
    .port_info 21 /INPUT 8 "s_axis_scale_tdest";
    .port_info 22 /INPUT 1 "s_axis_scale_tuser";
    .port_info 23 /OUTPUT 17 "m_axis_data_tdata";
    .port_info 24 /OUTPUT 2 "m_axis_data_tkeep";
    .port_info 25 /OUTPUT 1 "m_axis_data_tvalid";
    .port_info 26 /INPUT 1 "m_axis_data_tready";
    .port_info 27 /OUTPUT 1 "m_axis_data_tlast";
    .port_info 28 /OUTPUT 8 "m_axis_data_tid";
    .port_info 29 /OUTPUT 8 "m_axis_data_tdest";
    .port_info 30 /OUTPUT 1 "m_axis_data_tuser";
P_0x564bac007d10 .param/l "DATA_WIDTH_DATA" 0 4 14, +C4<00000000000000000000000000010000>;
P_0x564bac007d50 .param/l "DATA_WIDTH_RSLT" 0 4 22, +C4<000000000000000000000000000010001>;
P_0x564bac007d90 .param/l "DATA_WIDTH_SCALE" 0 4 18, +C4<00000000000000000000000000010000>;
P_0x564bac007dd0 .param/l "DEST_ENABLE" 0 4 34, +C4<00000000000000000000000000000000>;
P_0x564bac007e10 .param/l "DEST_WIDTH" 0 4 36, +C4<00000000000000000000000000001000>;
P_0x564bac007e50 .param/l "FRACTIONAL_BITS_DATA" 0 4 16, +C4<00000000000000000000000000001100>;
P_0x564bac007e90 .param/l "FRACTIONAL_BITS_RSLT" 0 4 24, +C4<00000000000000000000000000001101>;
P_0x564bac007ed0 .param/l "FRACTIONAL_BITS_SCALE" 0 4 20, +C4<00000000000000000000000000001100>;
P_0x564bac007f10 .param/l "ID_ENABLE" 0 4 30, +C4<00000000000000000000000000000000>;
P_0x564bac007f50 .param/l "ID_WIDTH" 0 4 32, +C4<00000000000000000000000000001000>;
P_0x564bac007f90 .param/l "KEEP_ENABLE" 0 4 26, C4<1>;
P_0x564bac007fd0 .param/l "KEEP_WIDTH" 0 4 28, +C4<000000000000000000000000000000010>;
P_0x564bac008010 .param/l "OP_SIZE" 1 4 95, +C4<000000000000000000000000000100000>;
P_0x564bac008050 .param/l "RSLT_LSB" 1 4 96, +C4<0000000000000000000000000000001011>;
P_0x564bac008090 .param/l "RSLT_MSB" 1 4 97, +C4<000000000000000000000000000000011011>;
P_0x564bac0080d0 .param/l "USER_ENABLE" 0 4 38, +C4<00000000000000000000000000000000>;
P_0x564bac008110 .param/l "USER_WIDTH" 0 4 40, +C4<00000000000000000000000000000001>;
L_0x564bac1002f0 .functor AND 1, v0x564bac115850_0, L_0x564bac12c9e0, C4<1>, C4<1>;
L_0x564bac0e0d00 .functor AND 1, L_0x564bac1002f0, L_0x564bac12d0a0, C4<1>, C4<1>;
L_0x564bac0ef780 .functor AND 1, L_0x564bac0e0d00, L_0x564bac12d760, C4<1>, C4<1>;
L_0x564bac0d8ac0 .functor AND 1, L_0x564bac12fd60, L_0x564bac0ef780, C4<1>, C4<1>;
L_0x564bac1282f0 .functor AND 1, v0x564bac10ef00_0, L_0x564bac12c9e0, C4<1>, C4<1>;
L_0x564bac1284a0 .functor AND 1, L_0x564bac1282f0, L_0x564bac1283b0, C4<1>, C4<1>;
L_0x564bac1285f0 .functor AND 1, v0x564bac111f60_0, L_0x564bac12d0a0, C4<1>, C4<1>;
L_0x564bac128750 .functor AND 1, L_0x564bac1285f0, L_0x564bac1286b0, C4<1>, C4<1>;
L_0x564bac1288b0 .functor AND 1, v0x564bac118b30_0, L_0x564bac12d760, C4<1>, C4<1>;
L_0x564bac128a10 .functor AND 1, L_0x564bac1288b0, L_0x564bac128970, C4<1>, C4<1>;
L_0x564bac128bd0 .functor AND 1, L_0x564bac12c9e0, L_0x564bac128b30, C4<1>, C4<1>;
L_0x564bac128cd0 .functor OR 1, L_0x564bac1284a0, L_0x564bac128bd0, C4<0>, C4<0>;
L_0x564bac128ef0 .functor AND 1, L_0x564bac12d0a0, L_0x564bac128e50, C4<1>, C4<1>;
L_0x564bac128ff0 .functor OR 1, L_0x564bac128750, L_0x564bac128ef0, C4<0>, C4<0>;
L_0x564bac128de0 .functor AND 1, L_0x564bac12d760, L_0x564bac129180, C4<1>, C4<1>;
L_0x564bac129380 .functor OR 1, L_0x564bac128a10, L_0x564bac128de0, C4<0>, C4<0>;
L_0x564bac129b10 .functor BUFZ 16, v0x564bac10eb80_0, C4<0000000000000000>, C4<0000000000000000>, C4<0000000000000000>;
L_0x564bac12b000 .functor BUFZ 1, L_0x564bac12c9e0, C4<0>, C4<0>, C4<0>;
L_0x564bac12b1b0 .functor BUFZ 1, v0x564bac10ef00_0, C4<0>, C4<0>, C4<0>;
L_0x7f562f24b138 .functor BUFT 1, C4<00000000>, C4<0>, C4<0>, C4<0>;
L_0x564bac12b270 .functor BUFZ 8, L_0x7f562f24b138, C4<00000000>, C4<00000000>, C4<00000000>;
L_0x7f562f24b180 .functor BUFT 1, C4<00000000>, C4<0>, C4<0>, C4<0>;
L_0x564bac12b430 .functor BUFZ 8, L_0x7f562f24b180, C4<00000000>, C4<00000000>, C4<00000000>;
L_0x7f562f24b1c8 .functor BUFT 1, C4<0>, C4<0>, C4<0>, C4<0>;
L_0x564bac12b540 .functor BUFZ 1, L_0x7f562f24b1c8, C4<0>, C4<0>, C4<0>;
L_0x564bac12b710 .functor BUFZ 16, v0x564bac111be0_0, C4<0000000000000000>, C4<0000000000000000>, C4<0000000000000000>;
L_0x564bac12b820 .functor BUFZ 1, L_0x564bac12d0a0, C4<0>, C4<0>, C4<0>;
L_0x564bac12ba00 .functor BUFZ 1, v0x564bac111f60_0, C4<0>, C4<0>, C4<0>;
L_0x7f562f24b258 .functor BUFT 1, C4<00000000>, C4<0>, C4<0>, C4<0>;
L_0x564bac12bac0 .functor BUFZ 8, L_0x7f562f24b258, C4<00000000>, C4<00000000>, C4<00000000>;
L_0x7f562f24b2a0 .functor BUFT 1, C4<00000000>, C4<0>, C4<0>, C4<0>;
L_0x564bac12bcb0 .functor BUFZ 8, L_0x7f562f24b2a0, C4<00000000>, C4<00000000>, C4<00000000>;
L_0x7f562f24b2e8 .functor BUFT 1, C4<0>, C4<0>, C4<0>, C4<0>;
L_0x564bac12bdc0 .functor BUFZ 1, L_0x7f562f24b2e8, C4<0>, C4<0>, C4<0>;
L_0x564bac12bfc0 .functor BUFZ 16, v0x564bac1187b0_0, C4<0000000000000000>, C4<0000000000000000>, C4<0000000000000000>;
L_0x564bac12c0d0 .functor BUFZ 1, L_0x564bac12d760, C4<0>, C4<0>, C4<0>;
L_0x564bac12c2e0 .functor BUFZ 1, v0x564bac118b30_0, C4<0>, C4<0>, C4<0>;
L_0x7f562f24b378 .functor BUFT 1, C4<00000000>, C4<0>, C4<0>, C4<0>;
L_0x564bac12c3a0 .functor BUFZ 8, L_0x7f562f24b378, C4<00000000>, C4<00000000>, C4<00000000>;
L_0x7f562f24b3c0 .functor BUFT 1, C4<00000000>, C4<0>, C4<0>, C4<0>;
L_0x564bac12c5c0 .functor BUFZ 8, L_0x7f562f24b3c0, C4<00000000>, C4<00000000>, C4<00000000>;
L_0x7f562f24b408 .functor BUFT 1, C4<0>, C4<0>, C4<0>, C4<0>;
L_0x564bac12c6d0 .functor BUFZ 1, L_0x7f562f24b408, C4<0>, C4<0>, C4<0>;
L_0x564bac12dec0 .functor BUFZ 17, L_0x564bac12efd0, C4<00000000000000000>, C4<00000000000000000>, C4<00000000000000000>;
L_0x564bac12f1f0 .functor AND 1, L_0x564bac12c9e0, L_0x564bac12d0a0, C4<1>, C4<1>;
L_0x564bac12c7e0 .functor AND 1, L_0x564bac12f1f0, L_0x564bac12d760, C4<1>, C4<1>;
L_0x564bac12f390 .functor AND 1, v0x564bac115850_0, L_0x564bac12d0a0, C4<1>, C4<1>;
L_0x564bac12f540 .functor AND 1, L_0x564bac12f390, L_0x564bac12d760, C4<1>, C4<1>;
L_0x564bac12f5b0 .functor AND 1, v0x564bac115850_0, L_0x564bac12c9e0, C4<1>, C4<1>;
L_0x564bac12f880 .functor AND 1, L_0x564bac12f5b0, L_0x564bac12d760, C4<1>, C4<1>;
L_0x564bac12f8f0 .functor AND 1, v0x564bac115850_0, L_0x564bac12c9e0, C4<1>, C4<1>;
L_0x564bac12fac0 .functor AND 1, L_0x564bac12f8f0, L_0x564bac12d0a0, C4<1>, C4<1>;
L_0x564bac12fb80 .functor AND 1, v0x564bac10ef00_0, v0x564bac111f60_0, C4<1>, C4<1>;
L_0x564bac12fd60 .functor AND 1, L_0x564bac12fb80, v0x564bac118b30_0, C4<1>, C4<1>;
L_0x564bac12fe20 .functor BUFZ 8, L_0x7f562f24b138, C4<00000000>, C4<00000000>, C4<00000000>;
L_0x564bac130060 .functor BUFZ 8, L_0x7f562f24b180, C4<00000000>, C4<00000000>, C4<00000000>;
L_0x564bac1300d0 .functor BUFZ 1, L_0x7f562f24b1c8, C4<0>, C4<0>, C4<0>;
L_0x564bac130de0 .functor BUFZ 17, v0x564bac1150f0_0, C4<00000000000000000>, C4<00000000000000000>, C4<00000000000000000>;
L_0x564bac130ea0 .functor BUFZ 2, v0x564bac115390_0, C4<00>, C4<00>, C4<00>;
L_0x564bac1310b0 .functor BUFZ 1, L_0x564bac130470, C4<0>, C4<0>, C4<0>;
L_0x564bac131120 .functor BUFZ 1, v0x564bac126270_0, C4<0>, C4<0>, C4<0>;
L_0x564bac131340 .functor BUFZ 1, v0x564bac115470_0, C4<0>, C4<0>, C4<0>;
L_0x7f562f24b498 .functor BUFT 1, C4<00000000>, C4<0>, C4<0>, C4<0>;
L_0x564bac1313b0 .functor BUFZ 8, L_0x7f562f24b498, C4<00000000>, C4<00000000>, C4<00000000>;
L_0x7f562f24b4e0 .functor BUFT 1, C4<00000000>, C4<0>, C4<0>, C4<0>;
L_0x564bac1315e0 .functor BUFZ 8, L_0x7f562f24b4e0, C4<00000000>, C4<00000000>, C4<00000000>;
L_0x7f562f24b528 .functor BUFT 1, C4<0>, C4<0>, C4<0>, C4<0>;
L_0x564bac131650 .functor BUFZ 1, L_0x7f562f24b528, C4<0>, C4<0>, C4<0>;
v0x564bac0f7040_0 .net *"_ivl_0", 0 0, L_0x564bac1002f0;  1 drivers
v0x564bac11ac90_0 .net *"_ivl_11", 0 0, L_0x564bac1283b0;  1 drivers
v0x564bac11ad50_0 .net *"_ivl_131", 0 0, L_0x564bac12e140;  1 drivers
v0x564bac11ae10_0 .net *"_ivl_132", 15 0, L_0x564bac12e1e0;  1 drivers
v0x564bac11aef0_0 .net *"_ivl_137", 0 0, L_0x564bac12e750;  1 drivers
v0x564bac11afd0_0 .net *"_ivl_138", 15 0, L_0x564bac12e900;  1 drivers
v0x564bac11b0b0_0 .net *"_ivl_14", 0 0, L_0x564bac1285f0;  1 drivers
v0x564bac11b190_0 .net *"_ivl_150", 0 0, L_0x564bac12f1f0;  1 drivers
v0x564bac11b270_0 .net *"_ivl_154", 0 0, L_0x564bac12f390;  1 drivers
v0x564bac11b350_0 .net *"_ivl_158", 0 0, L_0x564bac12f5b0;  1 drivers
v0x564bac11b430_0 .net *"_ivl_162", 0 0, L_0x564bac12f8f0;  1 drivers
v0x564bac11b510_0 .net *"_ivl_166", 0 0, L_0x564bac12fb80;  1 drivers
v0x564bac11b5f0_0 .net *"_ivl_17", 0 0, L_0x564bac1286b0;  1 drivers
v0x564bac11b6b0_0 .net *"_ivl_2", 0 0, L_0x564bac0e0d00;  1 drivers
v0x564bac11b790_0 .net *"_ivl_20", 0 0, L_0x564bac1288b0;  1 drivers
v0x564bac11b870_0 .net *"_ivl_23", 0 0, L_0x564bac128970;  1 drivers
v0x564bac11b930_0 .net *"_ivl_27", 0 0, L_0x564bac128b30;  1 drivers
v0x564bac11bb00_0 .net *"_ivl_28", 0 0, L_0x564bac128bd0;  1 drivers
v0x564bac11bbe0_0 .net *"_ivl_33", 0 0, L_0x564bac128e50;  1 drivers
v0x564bac11bca0_0 .net *"_ivl_34", 0 0, L_0x564bac128ef0;  1 drivers
v0x564bac11bd80_0 .net *"_ivl_39", 0 0, L_0x564bac129180;  1 drivers
v0x564bac11be40_0 .net *"_ivl_40", 0 0, L_0x564bac128de0;  1 drivers
v0x564bac11bf20_0 .net *"_ivl_8", 0 0, L_0x564bac1282f0;  1 drivers
v0x564bac11c000_0 .net "clk", 0 0, v0x564bac125a70_0;  alias, 1 drivers
v0x564bac11c0a0_0 .net "data_halt", 0 0, L_0x564bac128cd0;  1 drivers
v0x564bac11c160_0 .net "data_lock", 0 0, L_0x564bac1284a0;  1 drivers
v0x564bac11c220_0 .net "diff", 15 0, L_0x564bac12de20;  1 drivers
v0x564bac11c300_0 .net "diff_ext", 31 0, L_0x564bac12e6b0;  1 drivers
v0x564bac11c3e0_0 .net "grid_halt", 0 0, L_0x564bac128ff0;  1 drivers
v0x564bac11c4a0_0 .net "grid_lock", 0 0, L_0x564bac128750;  1 drivers
v0x564bac11c560_0 .net "m_axis_data_tdata", 16 0, L_0x564bac130de0;  alias, 1 drivers
v0x564bac11c640_0 .net "m_axis_data_tdest", 7 0, L_0x564bac1315e0;  alias, 1 drivers
v0x564bac11c720_0 .net "m_axis_data_tid", 7 0, L_0x564bac1313b0;  alias, 1 drivers
v0x564bac11ca10_0 .net "m_axis_data_tkeep", 1 0, L_0x564bac130ea0;  alias, 1 drivers
v0x564bac11caf0_0 .net "m_axis_data_tlast", 0 0, L_0x564bac131340;  alias, 1 drivers
v0x564bac11cbb0_0 .net "m_axis_data_tready", 0 0, v0x564bac126270_0;  alias, 1 drivers
v0x564bac11cc70_0 .net "m_axis_data_tuser", 0 0, L_0x564bac131650;  alias, 1 drivers
v0x564bac11cd50_0 .net "m_axis_data_tvalid", 0 0, L_0x564bac1310b0;  alias, 1 drivers
v0x564bac11ce10_0 .net "res", 16 0, L_0x564bac12efd0;  1 drivers
v0x564bac11cef0_0 .net "res_ext", 31 0, L_0x564bac12ee90;  1 drivers
v0x564bac11cfd0_0 .net "rst", 0 0, v0x564bac126620_0;  alias, 1 drivers
v0x564bac11d100_0 .net "s_axis_data_tdata", 15 0, v0x564bac1266c0_0;  alias, 1 drivers
v0x564bac11d1e0_0 .net "s_axis_data_tdest", 7 0, v0x564bac1267d0_0;  alias, 1 drivers
v0x564bac11d2c0_0 .net "s_axis_data_tid", 7 0, v0x564bac1268e0_0;  alias, 1 drivers
v0x564bac11d3a0_0 .net "s_axis_data_tlast", 0 0, v0x564bac1269f0_0;  alias, 1 drivers
v0x564bac11d460_0 .net "s_axis_data_tready", 0 0, L_0x564bac129750;  alias, 1 drivers
v0x564bac11d520_0 .net "s_axis_data_tuser", 0 0, v0x564bac126bd0_0;  alias, 1 drivers
v0x564bac11d600_0 .net "s_axis_data_tvalid", 0 0, v0x564bac126ce0_0;  alias, 1 drivers
v0x564bac11d6c0_0 .net "s_axis_grid_tdata", 15 0, v0x564bac126dd0_0;  alias, 1 drivers
v0x564bac11d7a0_0 .net "s_axis_grid_tdest", 7 0, v0x564bac126ee0_0;  alias, 1 drivers
v0x564bac11d880_0 .net "s_axis_grid_tid", 7 0, v0x564bac126ff0_0;  alias, 1 drivers
v0x564bac11d960_0 .net "s_axis_grid_tlast", 0 0, v0x564bac127100_0;  alias, 1 drivers
v0x564bac11da20_0 .net "s_axis_grid_tready", 0 0, L_0x564bac129ef0;  alias, 1 drivers
v0x564bac11dae0_0 .net "s_axis_grid_tuser", 0 0, v0x564bac1272e0_0;  alias, 1 drivers
v0x564bac11dbc0_0 .net "s_axis_grid_tvalid", 0 0, v0x564bac1273f0_0;  alias, 1 drivers
v0x564bac11dc80_0 .net "s_axis_scale_tdata", 15 0, v0x564bac1274e0_0;  alias, 1 drivers
v0x564bac11dd60_0 .net "s_axis_scale_tdest", 7 0, v0x564bac1275f0_0;  alias, 1 drivers
v0x564bac11de40_0 .net "s_axis_scale_tid", 7 0, v0x564bac127910_0;  alias, 1 drivers
v0x564bac11df20_0 .net "s_axis_scale_tlast", 0 0, v0x564bac127a20_0;  alias, 1 drivers
v0x564bac11dfe0_0 .net "s_axis_scale_tready", 0 0, L_0x564bac12a890;  alias, 1 drivers
v0x564bac11e0a0_0 .net "s_axis_scale_tuser", 0 0, v0x564bac127c00_0;  alias, 1 drivers
v0x564bac11e180_0 .net "s_axis_scale_tvalid", 0 0, v0x564bac127d10_0;  alias, 1 drivers
v0x564bac11e240_0 .net "scale_ext", 31 0, L_0x564bac12ecd0;  1 drivers
v0x564bac11e320_0 .net "scale_halt", 0 0, L_0x564bac129380;  1 drivers
v0x564bac11e3e0_0 .net "scale_lock", 0 0, L_0x564bac128a10;  1 drivers
v0x564bac11e8b0_0 .net "stage_1_fb_axis_data_tdata", 15 0, L_0x564bac129b10;  1 drivers
v0x564bac11e990_0 .net "stage_1_fb_axis_data_tdest", 7 0, L_0x564bac12b430;  1 drivers
v0x564bac11ea70_0 .net "stage_1_fb_axis_data_tid", 7 0, L_0x564bac12b270;  1 drivers
v0x564bac11eb50_0 .net "stage_1_fb_axis_data_tlast", 0 0, L_0x564bac12b1b0;  1 drivers
L_0x7f562f24b018 .functor BUFT 1, C4<0>, C4<0>, C4<0>, C4<0>;
v0x564bac11ec10_0 .net "stage_1_fb_axis_data_tready", 0 0, L_0x7f562f24b018;  1 drivers
v0x564bac11ecd0_0 .net "stage_1_fb_axis_data_tuser", 0 0, L_0x564bac12b540;  1 drivers
v0x564bac11edb0_0 .net "stage_1_fb_axis_data_tvalid", 0 0, L_0x564bac12b000;  1 drivers
v0x564bac11ee70_0 .net "stage_1_fb_axis_grid_tdata", 15 0, L_0x564bac12b710;  1 drivers
v0x564bac11ef50_0 .net "stage_1_fb_axis_grid_tdest", 7 0, L_0x564bac12bcb0;  1 drivers
v0x564bac11f030_0 .net "stage_1_fb_axis_grid_tid", 7 0, L_0x564bac12bac0;  1 drivers
v0x564bac11f110_0 .net "stage_1_fb_axis_grid_tlast", 0 0, L_0x564bac12ba00;  1 drivers
L_0x7f562f24b060 .functor BUFT 1, C4<0>, C4<0>, C4<0>, C4<0>;
v0x564bac11f1d0_0 .net "stage_1_fb_axis_grid_tready", 0 0, L_0x7f562f24b060;  1 drivers
v0x564bac11f290_0 .net "stage_1_fb_axis_grid_tuser", 0 0, L_0x564bac12bdc0;  1 drivers
v0x564bac11f370_0 .net "stage_1_fb_axis_grid_tvalid", 0 0, L_0x564bac12b820;  1 drivers
v0x564bac11f430_0 .net "stage_1_fb_axis_scale_tdata", 15 0, L_0x564bac12bfc0;  1 drivers
v0x564bac11f510_0 .net "stage_1_fb_axis_scale_tdest", 7 0, L_0x564bac12c5c0;  1 drivers
v0x564bac11f5f0_0 .net "stage_1_fb_axis_scale_tid", 7 0, L_0x564bac12c3a0;  1 drivers
v0x564bac11f6d0_0 .net "stage_1_fb_axis_scale_tlast", 0 0, L_0x564bac12c2e0;  1 drivers
L_0x7f562f24b0a8 .functor BUFT 1, C4<0>, C4<0>, C4<0>, C4<0>;
v0x564bac11f790_0 .net "stage_1_fb_axis_scale_tready", 0 0, L_0x7f562f24b0a8;  1 drivers
v0x564bac11f850_0 .net "stage_1_fb_axis_scale_tuser", 0 0, L_0x564bac12c6d0;  1 drivers
v0x564bac11f930_0 .net "stage_1_fb_axis_scale_tvalid", 0 0, L_0x564bac12c0d0;  1 drivers
v0x564bac11f9f0_0 .net "stage_1_in_axis_data_tdata", 15 0, L_0x564bac1294d0;  1 drivers
v0x564bac11fab0_0 .net "stage_1_in_axis_data_tdest", 7 0, L_0x564bac129a70;  1 drivers
v0x564bac11fb80_0 .net "stage_1_in_axis_data_tid", 7 0, L_0x564bac129980;  1 drivers
v0x564bac11fc50_0 .net "stage_1_in_axis_data_tlast", 0 0, L_0x564bac129880;  1 drivers
v0x564bac11fd20_0 .net "stage_1_in_axis_data_tready", 0 0, v0x564bac10f2e0_0;  1 drivers
v0x564bac11fdf0_0 .net "stage_1_in_axis_data_tuser", 0 0, L_0x564bac129bd0;  1 drivers
v0x564bac11fec0_0 .net "stage_1_in_axis_data_tvalid", 0 0, L_0x564bac129610;  1 drivers
v0x564bac11ff90_0 .net "stage_1_in_axis_grid_tdata", 15 0, L_0x564bac129cc0;  1 drivers
v0x564bac120060_0 .net "stage_1_in_axis_grid_tdest", 7 0, L_0x564bac12a2a0;  1 drivers
v0x564bac120130_0 .net "stage_1_in_axis_grid_tid", 7 0, L_0x564bac12a110;  1 drivers
v0x564bac120200_0 .net "stage_1_in_axis_grid_tlast", 0 0, L_0x564bac12a020;  1 drivers
v0x564bac1202d0_0 .net "stage_1_in_axis_grid_tready", 0 0, v0x564bac112340_0;  1 drivers
v0x564bac1203a0_0 .net "stage_1_in_axis_grid_tuser", 0 0, L_0x564bac12a390;  1 drivers
v0x564bac120470_0 .net "stage_1_in_axis_grid_tvalid", 0 0, L_0x564bac129e00;  1 drivers
v0x564bac120540_0 .net "stage_1_in_axis_scale_tdata", 15 0, L_0x564bac12a1b0;  1 drivers
v0x564bac120610_0 .net "stage_1_in_axis_scale_tdest", 7 0, L_0x564bac12abe0;  1 drivers
v0x564bac1206e0_0 .net "stage_1_in_axis_scale_tid", 7 0, L_0x564bac12aaf0;  1 drivers
v0x564bac1207b0_0 .net "stage_1_in_axis_scale_tlast", 0 0, L_0x564bac12a930;  1 drivers
v0x564bac120880_0 .net "stage_1_in_axis_scale_tready", 0 0, v0x564bac118f10_0;  1 drivers
v0x564bac120950_0 .net "stage_1_in_axis_scale_tuser", 0 0, L_0x564bac12adb0;  1 drivers
v0x564bac120a20_0 .net "stage_1_in_axis_scale_tvalid", 0 0, L_0x564bac12a6e0;  1 drivers
v0x564bac120af0_0 .net "stage_1_out_axis_data_tdata", 15 0, v0x564bac10eb80_0;  1 drivers
v0x564bac120bc0_0 .net "stage_1_out_axis_data_tdest", 7 0, L_0x7f562f24b180;  1 drivers
v0x564bac120c90_0 .net "stage_1_out_axis_data_tid", 7 0, L_0x7f562f24b138;  1 drivers
v0x564bac120d60_0 .net "stage_1_out_axis_data_tlast", 0 0, v0x564bac10ef00_0;  1 drivers
v0x564bac120e30_0 .net "stage_1_out_axis_data_tready", 0 0, L_0x564bac12f540;  1 drivers
v0x564bac120f00_0 .net "stage_1_out_axis_data_tuser", 0 0, L_0x7f562f24b1c8;  1 drivers
v0x564bac120fd0_0 .net "stage_1_out_axis_data_tvalid", 0 0, L_0x564bac12c9e0;  1 drivers
v0x564bac1210a0_0 .net "stage_1_out_axis_grid_tdata", 15 0, v0x564bac111be0_0;  1 drivers
v0x564bac121170_0 .net "stage_1_out_axis_grid_tdest", 7 0, L_0x7f562f24b2a0;  1 drivers
v0x564bac121240_0 .net "stage_1_out_axis_grid_tid", 7 0, L_0x7f562f24b258;  1 drivers
v0x564bac121310_0 .net "stage_1_out_axis_grid_tlast", 0 0, v0x564bac111f60_0;  1 drivers
v0x564bac1213e0_0 .net "stage_1_out_axis_grid_tready", 0 0, L_0x564bac12f880;  1 drivers
v0x564bac1214b0_0 .net "stage_1_out_axis_grid_tuser", 0 0, L_0x7f562f24b2e8;  1 drivers
v0x564bac121580_0 .net "stage_1_out_axis_grid_tvalid", 0 0, L_0x564bac12d0a0;  1 drivers
v0x564bac121650_0 .net "stage_1_out_axis_scale_tdata", 15 0, v0x564bac1187b0_0;  1 drivers
v0x564bac121720_0 .net "stage_1_out_axis_scale_tdest", 7 0, L_0x7f562f24b3c0;  1 drivers
v0x564bac1217f0_0 .net "stage_1_out_axis_scale_tid", 7 0, L_0x7f562f24b378;  1 drivers
v0x564bac1218c0_0 .net "stage_1_out_axis_scale_tlast", 0 0, v0x564bac118b30_0;  1 drivers
v0x564bac121990_0 .net "stage_1_out_axis_scale_tready", 0 0, L_0x564bac12fac0;  1 drivers
v0x564bac121a60_0 .net "stage_1_out_axis_scale_tuser", 0 0, L_0x7f562f24b408;  1 drivers
v0x564bac121b30_0 .net "stage_1_out_axis_scale_tvalid", 0 0, L_0x564bac12d760;  1 drivers
v0x564bac121c00_0 .net "stage_2_in_axis_data_tdata", 16 0, L_0x564bac12dec0;  1 drivers
v0x564bac1224e0_0 .net "stage_2_in_axis_data_tdest", 7 0, L_0x564bac130060;  1 drivers
v0x564bac1225b0_0 .net "stage_2_in_axis_data_tid", 7 0, L_0x564bac12fe20;  1 drivers
L_0x7f562f24b450 .functor BUFT 1, C4<11>, C4<0>, C4<0>, C4<0>;
v0x564bac122680_0 .net "stage_2_in_axis_data_tkeep", 1 0, L_0x7f562f24b450;  1 drivers
v0x564bac122750_0 .net "stage_2_in_axis_data_tlast", 0 0, L_0x564bac12fd60;  1 drivers
v0x564bac122820_0 .net "stage_2_in_axis_data_tready", 0 0, v0x564bac115850_0;  1 drivers
v0x564bac1228f0_0 .net "stage_2_in_axis_data_tuser", 0 0, L_0x564bac1300d0;  1 drivers
v0x564bac1229c0_0 .net "stage_2_in_axis_data_tvalid", 0 0, L_0x564bac12c7e0;  1 drivers
v0x564bac122a90_0 .net "stage_2_in_handshake", 0 0, L_0x564bac0ef780;  1 drivers
v0x564bac122b30_0 .net "stage_2_out_axis_data_tdata", 16 0, v0x564bac1150f0_0;  1 drivers
v0x564bac122c00_0 .net "stage_2_out_axis_data_tdest", 7 0, L_0x7f562f24b4e0;  1 drivers
v0x564bac122cd0_0 .net "stage_2_out_axis_data_tid", 7 0, L_0x7f562f24b498;  1 drivers
v0x564bac122da0_0 .net "stage_2_out_axis_data_tkeep", 1 0, v0x564bac115390_0;  1 drivers
v0x564bac122e70_0 .net "stage_2_out_axis_data_tlast", 0 0, v0x564bac115470_0;  1 drivers
v0x564bac122f40_0 .net "stage_2_out_axis_data_tready", 0 0, L_0x564bac131120;  1 drivers
v0x564bac123010_0 .net "stage_2_out_axis_data_tuser", 0 0, L_0x7f562f24b528;  1 drivers
v0x564bac1230e0_0 .net "stage_2_out_axis_data_tvalid", 0 0, L_0x564bac130470;  1 drivers
v0x564bac1231b0_0 .net "unlock_int", 0 0, L_0x564bac0d8ac0;  1 drivers
L_0x564bac1283b0 .reduce/nor L_0x564bac0d8ac0;
L_0x564bac1286b0 .reduce/nor L_0x564bac0d8ac0;
L_0x564bac128970 .reduce/nor L_0x564bac0d8ac0;
L_0x564bac128b30 .reduce/nor L_0x564bac12c7e0;
L_0x564bac128e50 .reduce/nor L_0x564bac12c7e0;
L_0x564bac129180 .reduce/nor L_0x564bac12c7e0;
L_0x564bac1294d0 .functor MUXZ 16, v0x564bac1266c0_0, L_0x564bac129b10, L_0x564bac128cd0, C4<>;
L_0x564bac129610 .functor MUXZ 1, v0x564bac126ce0_0, L_0x564bac12b000, L_0x564bac128cd0, C4<>;
L_0x564bac129750 .functor MUXZ 1, v0x564bac10f2e0_0, L_0x7f562f24b018, L_0x564bac128cd0, C4<>;
L_0x564bac129880 .functor MUXZ 1, v0x564bac1269f0_0, L_0x564bac12b1b0, L_0x564bac128cd0, C4<>;
L_0x564bac129980 .functor MUXZ 8, v0x564bac1268e0_0, L_0x564bac12b270, L_0x564bac128cd0, C4<>;
L_0x564bac129a70 .functor MUXZ 8, v0x564bac1267d0_0, L_0x564bac12b430, L_0x564bac128cd0, C4<>;
L_0x564bac129bd0 .functor MUXZ 1, v0x564bac126bd0_0, L_0x564bac12b540, L_0x564bac128cd0, C4<>;
L_0x564bac129cc0 .functor MUXZ 16, v0x564bac126dd0_0, L_0x564bac12b710, L_0x564bac128ff0, C4<>;
L_0x564bac129e00 .functor MUXZ 1, v0x564bac1273f0_0, L_0x564bac12b820, L_0x564bac128ff0, C4<>;
L_0x564bac129ef0 .functor MUXZ 1, v0x564bac112340_0, L_0x7f562f24b060, L_0x564bac128ff0, C4<>;
L_0x564bac12a020 .functor MUXZ 1, v0x564bac127100_0, L_0x564bac12ba00, L_0x564bac128ff0, C4<>;
L_0x564bac12a110 .functor MUXZ 8, v0x564bac126ff0_0, L_0x564bac12bac0, L_0x564bac128ff0, C4<>;
L_0x564bac12a2a0 .functor MUXZ 8, v0x564bac126ee0_0, L_0x564bac12bcb0, L_0x564bac128ff0, C4<>;
L_0x564bac12a390 .functor MUXZ 1, v0x564bac1272e0_0, L_0x564bac12bdc0, L_0x564bac128ff0, C4<>;
L_0x564bac12a1b0 .functor MUXZ 16, v0x564bac1274e0_0, L_0x564bac12bfc0, L_0x564bac129380, C4<>;
L_0x564bac12a6e0 .functor MUXZ 1, v0x564bac127d10_0, L_0x564bac12c0d0, L_0x564bac129380, C4<>;
L_0x564bac12a890 .functor MUXZ 1, v0x564bac118f10_0, L_0x7f562f24b0a8, L_0x564bac129380, C4<>;
L_0x564bac12a930 .functor MUXZ 1, v0x564bac127a20_0, L_0x564bac12c2e0, L_0x564bac129380, C4<>;
L_0x564bac12aaf0 .functor MUXZ 8, v0x564bac127910_0, L_0x564bac12c3a0, L_0x564bac129380, C4<>;
L_0x564bac12abe0 .functor MUXZ 8, v0x564bac1275f0_0, L_0x564bac12c5c0, L_0x564bac129380, C4<>;
L_0x564bac12adb0 .functor MUXZ 1, v0x564bac127c00_0, L_0x564bac12c6d0, L_0x564bac129380, C4<>;
L_0x564bac12de20 .arith/sub 16, v0x564bac10eb80_0, v0x564bac111be0_0;
L_0x564bac12e140 .part L_0x564bac12de20, 15, 1;
LS_0x564bac12e1e0_0_0 .concat [ 1 1 1 1], L_0x564bac12e140, L_0x564bac12e140, L_0x564bac12e140, L_0x564bac12e140;
LS_0x564bac12e1e0_0_4 .concat [ 1 1 1 1], L_0x564bac12e140, L_0x564bac12e140, L_0x564bac12e140, L_0x564bac12e140;
LS_0x564bac12e1e0_0_8 .concat [ 1 1 1 1], L_0x564bac12e140, L_0x564bac12e140, L_0x564bac12e140, L_0x564bac12e140;
LS_0x564bac12e1e0_0_12 .concat [ 1 1 1 1], L_0x564bac12e140, L_0x564bac12e140, L_0x564bac12e140, L_0x564bac12e140;
L_0x564bac12e1e0 .concat [ 4 4 4 4], LS_0x564bac12e1e0_0_0, LS_0x564bac12e1e0_0_4, LS_0x564bac12e1e0_0_8, LS_0x564bac12e1e0_0_12;
L_0x564bac12e6b0 .concat [ 16 16 0 0], L_0x564bac12de20, L_0x564bac12e1e0;
L_0x564bac12e750 .part v0x564bac1187b0_0, 15, 1;
LS_0x564bac12e900_0_0 .concat [ 1 1 1 1], L_0x564bac12e750, L_0x564bac12e750, L_0x564bac12e750, L_0x564bac12e750;
LS_0x564bac12e900_0_4 .concat [ 1 1 1 1], L_0x564bac12e750, L_0x564bac12e750, L_0x564bac12e750, L_0x564bac12e750;
LS_0x564bac12e900_0_8 .concat [ 1 1 1 1], L_0x564bac12e750, L_0x564bac12e750, L_0x564bac12e750, L_0x564bac12e750;
LS_0x564bac12e900_0_12 .concat [ 1 1 1 1], L_0x564bac12e750, L_0x564bac12e750, L_0x564bac12e750, L_0x564bac12e750;
L_0x564bac12e900 .concat [ 4 4 4 4], LS_0x564bac12e900_0_0, LS_0x564bac12e900_0_4, LS_0x564bac12e900_0_8, LS_0x564bac12e900_0_12;
L_0x564bac12ecd0 .concat [ 16 16 0 0], v0x564bac1187b0_0, L_0x564bac12e900;
L_0x564bac12ee90 .arith/mult 32, L_0x564bac12e6b0, L_0x564bac12ecd0;
L_0x564bac12efd0 .part L_0x564bac12ee90, 11, 17;
S_0x564bac0c3fb0 .scope module, "axis_register_data_inst" "axis_register" 4 246, 5 34 0, S_0x564bac0f12e0;
 .timescale -9 -12;
    .port_info 0 /INPUT 1 "clk";
    .port_info 1 /INPUT 1 "rst";
    .port_info 2 /INPUT 16 "s_axis_tdata";
    .port_info 3 /INPUT 1 "s_axis_tkeep";
    .port_info 4 /INPUT 1 "s_axis_tvalid";
    .port_info 5 /OUTPUT 1 "s_axis_tready";
    .port_info 6 /INPUT 1 "s_axis_tlast";
    .port_info 7 /INPUT 8 "s_axis_tid";
    .port_info 8 /INPUT 8 "s_axis_tdest";
    .port_info 9 /INPUT 1 "s_axis_tuser";
    .port_info 10 /OUTPUT 16 "m_axis_tdata";
    .port_info 11 /OUTPUT 1 "m_axis_tkeep";
    .port_info 12 /OUTPUT 1 "m_axis_tvalid";
    .port_info 13 /INPUT 1 "m_axis_tready";
    .port_info 14 /OUTPUT 1 "m_axis_tlast";
    .port_info 15 /OUTPUT 8 "m_axis_tid";
    .port_info 16 /OUTPUT 8 "m_axis_tdest";
    .port_info 17 /OUTPUT 1 "m_axis_tuser";
P_0x564bac100fc0 .param/l "DATA_WIDTH" 0 5 37, +C4<00000000000000000000000000010000>;
P_0x564bac101000 .param/l "DEST_ENABLE" 0 5 49, +C4<00000000000000000000000000000000>;
P_0x564bac101040 .param/l "DEST_WIDTH" 0 5 51, +C4<00000000000000000000000000001000>;
P_0x564bac101080 .param/l "ID_ENABLE" 0 5 45, +C4<00000000000000000000000000000000>;
P_0x564bac1010c0 .param/l "ID_WIDTH" 0 5 47, +C4<00000000000000000000000000001000>;
P_0x564bac101100 .param/l "KEEP_ENABLE" 0 5 39, +C4<00000000000000000000000000000000>;
P_0x564bac101140 .param/l "KEEP_WIDTH" 0 5 41, +C4<00000000000000000000000000000001>;
P_0x564bac101180 .param/l "LAST_ENABLE" 0 5 43, +C4<00000000000000000000000000000001>;
P_0x564bac1011c0 .param/l "REG_TYPE" 0 5 58, +C4<00000000000000000000000000000010>;
P_0x564bac101200 .param/l "USER_ENABLE" 0 5 53, +C4<00000000000000000000000000000000>;
P_0x564bac101240 .param/l "USER_WIDTH" 0 5 55, +C4<00000000000000000000000000000001>;
v0x564bac10fc80_0 .net "clk", 0 0, v0x564bac125a70_0;  alias, 1 drivers
v0x564bac10fd60_0 .net "m_axis_tdata", 15 0, v0x564bac10eb80_0;  alias, 1 drivers
v0x564bac10fe40_0 .net "m_axis_tdest", 7 0, L_0x7f562f24b180;  alias, 1 drivers
v0x564bac10ff00_0 .net "m_axis_tid", 7 0, L_0x7f562f24b138;  alias, 1 drivers
L_0x7f562f24b0f0 .functor BUFT 1, C4<1>, C4<0>, C4<0>, C4<0>;
v0x564bac10ffe0_0 .net "m_axis_tkeep", 0 0, L_0x7f562f24b0f0;  1 drivers
v0x564bac1100c0_0 .net "m_axis_tlast", 0 0, v0x564bac10ef00_0;  alias, 1 drivers
v0x564bac110180_0 .net "m_axis_tready", 0 0, L_0x564bac12f540;  alias, 1 drivers
v0x564bac110240_0 .net "m_axis_tuser", 0 0, L_0x7f562f24b1c8;  alias, 1 drivers
v0x564bac110320_0 .net "m_axis_tvalid", 0 0, L_0x564bac12c9e0;  alias, 1 drivers
v0x564bac1103e0_0 .net "rst", 0 0, v0x564bac126620_0;  alias, 1 drivers
v0x564bac1104a0_0 .net "s_axis_tdata", 15 0, L_0x564bac1294d0;  alias, 1 drivers
v0x564bac110580_0 .net "s_axis_tdest", 7 0, L_0x564bac129a70;  alias, 1 drivers
v0x564bac110660_0 .net "s_axis_tid", 7 0, L_0x564bac129980;  alias, 1 drivers
o0x7f562f294768 .functor BUFZ 1, C4<z>; HiZ drive
v0x564bac110740_0 .net "s_axis_tkeep", 0 0, o0x7f562f294768;  0 drivers
v0x564bac110820_0 .net "s_axis_tlast", 0 0, L_0x564bac129880;  alias, 1 drivers
v0x564bac1108e0_0 .net "s_axis_tready", 0 0, v0x564bac10f2e0_0;  alias, 1 drivers
v0x564bac1109a0_0 .net "s_axis_tuser", 0 0, L_0x564bac129bd0;  alias, 1 drivers
v0x564bac110a80_0 .net "s_axis_tvalid", 0 0, L_0x564bac129610;  alias, 1 drivers
S_0x564bac0c4300 .scope generate, "genblk1" "genblk1" 5 91, 5 91 0, S_0x564bac0c3fb0;
 .timescale -9 -12;
L_0x564bac12c9e0 .functor BUFZ 1, v0x564bac10f160_0, C4<0>, C4<0>, C4<0>;
L_0x564bac12cc50 .functor OR 1, L_0x564bac12cac0, L_0x564bac12cbb0, C4<0>, C4<0>;
L_0x564bac12cd60 .functor AND 1, L_0x564bac12b0c0, L_0x564bac12cc50, C4<1>, C4<1>;
L_0x564bac12ceb0 .functor OR 1, L_0x564bac12f540, L_0x564bac12cd60, C4<0>, C4<0>;
v0x564bac100450_0 .net *"_ivl_17", 0 0, L_0x564bac12b0c0;  1 drivers
v0x564bac0e0e60_0 .net *"_ivl_19", 0 0, L_0x564bac12cac0;  1 drivers
v0x564bac0ef8e0_0 .net *"_ivl_21", 0 0, L_0x564bac12cbb0;  1 drivers
v0x564bac0d8c20_0 .net *"_ivl_23", 0 0, L_0x564bac12cc50;  1 drivers
v0x564bac0421c0_0 .net *"_ivl_25", 0 0, L_0x564bac12cd60;  1 drivers
v0x564bac10eb80_0 .var "m_axis_tdata_reg", 15 0;
v0x564bac10ec60_0 .var "m_axis_tdest_reg", 7 0;
v0x564bac10ed40_0 .var "m_axis_tid_reg", 7 0;
v0x564bac10ee20_0 .var "m_axis_tkeep_reg", 0 0;
v0x564bac10ef00_0 .var "m_axis_tlast_reg", 0 0;
v0x564bac10efc0_0 .var "m_axis_tuser_reg", 0 0;
v0x564bac10f0a0_0 .var "m_axis_tvalid_next", 0 0;
v0x564bac10f160_0 .var "m_axis_tvalid_reg", 0 0;
v0x564bac10f220_0 .net "s_axis_tready_early", 0 0, L_0x564bac12ceb0;  1 drivers
v0x564bac10f2e0_0 .var "s_axis_tready_reg", 0 0;
v0x564bac10f3a0_0 .var "store_axis_input_to_output", 0 0;
v0x564bac10f460_0 .var "store_axis_input_to_temp", 0 0;
v0x564bac10f520_0 .var "store_axis_temp_to_output", 0 0;
v0x564bac10f5e0_0 .var "temp_m_axis_tdata_reg", 15 0;
v0x564bac10f6c0_0 .var "temp_m_axis_tdest_reg", 7 0;
v0x564bac10f7a0_0 .var "temp_m_axis_tid_reg", 7 0;
v0x564bac10f880_0 .var "temp_m_axis_tkeep_reg", 0 0;
v0x564bac10f960_0 .var "temp_m_axis_tlast_reg", 0 0;
v0x564bac10fa20_0 .var "temp_m_axis_tuser_reg", 0 0;
v0x564bac10fb00_0 .var "temp_m_axis_tvalid_next", 0 0;
v0x564bac10fbc0_0 .var "temp_m_axis_tvalid_reg", 0 0;
E_0x564bac059f30 .event posedge, v0x564bac10fc80_0;
E_0x564bac0587a0/0 .event anyedge, v0x564bac10f160_0, v0x564bac10fbc0_0, v0x564bac10f2e0_0, v0x564bac110180_0;
E_0x564bac0587a0/1 .event anyedge, v0x564bac110a80_0;
E_0x564bac0587a0 .event/or E_0x564bac0587a0/0, E_0x564bac0587a0/1;
L_0x564bac12b0c0 .reduce/nor v0x564bac10fbc0_0;
L_0x564bac12cac0 .reduce/nor v0x564bac10f160_0;
L_0x564bac12cbb0 .reduce/nor L_0x564bac129610;
S_0x564bac0c49c0 .scope module, "axis_register_grid_inst" "axis_register" 4 289, 5 34 0, S_0x564bac0f12e0;
 .timescale -9 -12;
    .port_info 0 /INPUT 1 "clk";
    .port_info 1 /INPUT 1 "rst";
    .port_info 2 /INPUT 16 "s_axis_tdata";
    .port_info 3 /INPUT 1 "s_axis_tkeep";
    .port_info 4 /INPUT 1 "s_axis_tvalid";
    .port_info 5 /OUTPUT 1 "s_axis_tready";
    .port_info 6 /INPUT 1 "s_axis_tlast";
    .port_info 7 /INPUT 8 "s_axis_tid";
    .port_info 8 /INPUT 8 "s_axis_tdest";
    .port_info 9 /INPUT 1 "s_axis_tuser";
    .port_info 10 /OUTPUT 16 "m_axis_tdata";
    .port_info 11 /OUTPUT 1 "m_axis_tkeep";
    .port_info 12 /OUTPUT 1 "m_axis_tvalid";
    .port_info 13 /INPUT 1 "m_axis_tready";
    .port_info 14 /OUTPUT 1 "m_axis_tlast";
    .port_info 15 /OUTPUT 8 "m_axis_tid";
    .port_info 16 /OUTPUT 8 "m_axis_tdest";
    .port_info 17 /OUTPUT 1 "m_axis_tuser";
P_0x564bac110e40 .param/l "DATA_WIDTH" 0 5 37, +C4<00000000000000000000000000010000>;
P_0x564bac110e80 .param/l "DEST_ENABLE" 0 5 49, +C4<00000000000000000000000000000000>;
P_0x564bac110ec0 .param/l "DEST_WIDTH" 0 5 51, +C4<00000000000000000000000000001000>;
P_0x564bac110f00 .param/l "ID_ENABLE" 0 5 45, +C4<00000000000000000000000000000000>;
P_0x564bac110f40 .param/l "ID_WIDTH" 0 5 47, +C4<00000000000000000000000000001000>;
P_0x564bac110f80 .param/l "KEEP_ENABLE" 0 5 39, +C4<00000000000000000000000000000000>;
P_0x564bac110fc0 .param/l "KEEP_WIDTH" 0 5 41, +C4<00000000000000000000000000000001>;
P_0x564bac111000 .param/l "LAST_ENABLE" 0 5 43, +C4<00000000000000000000000000000001>;
P_0x564bac111040 .param/l "REG_TYPE" 0 5 58, +C4<00000000000000000000000000000010>;
P_0x564bac111080 .param/l "USER_ENABLE" 0 5 53, +C4<00000000000000000000000000000000>;
P_0x564bac1110c0 .param/l "USER_WIDTH" 0 5 55, +C4<00000000000000000000000000000001>;
v0x564bac112df0_0 .net "clk", 0 0, v0x564bac125a70_0;  alias, 1 drivers
v0x564bac112eb0_0 .net "m_axis_tdata", 15 0, v0x564bac111be0_0;  alias, 1 drivers
v0x564bac112f70_0 .net "m_axis_tdest", 7 0, L_0x7f562f24b2a0;  alias, 1 drivers
v0x564bac113060_0 .net "m_axis_tid", 7 0, L_0x7f562f24b258;  alias, 1 drivers
L_0x7f562f24b210 .functor BUFT 1, C4<1>, C4<0>, C4<0>, C4<0>;
v0x564bac113140_0 .net "m_axis_tkeep", 0 0, L_0x7f562f24b210;  1 drivers
v0x564bac113220_0 .net "m_axis_tlast", 0 0, v0x564bac111f60_0;  alias, 1 drivers
v0x564bac1132e0_0 .net "m_axis_tready", 0 0, L_0x564bac12f880;  alias, 1 drivers
v0x564bac1133a0_0 .net "m_axis_tuser", 0 0, L_0x7f562f24b2e8;  alias, 1 drivers
v0x564bac113480_0 .net "m_axis_tvalid", 0 0, L_0x564bac12d0a0;  alias, 1 drivers
v0x564bac113540_0 .net "rst", 0 0, v0x564bac126620_0;  alias, 1 drivers
v0x564bac1135e0_0 .net "s_axis_tdata", 15 0, L_0x564bac129cc0;  alias, 1 drivers
v0x564bac1136a0_0 .net "s_axis_tdest", 7 0, L_0x564bac12a2a0;  alias, 1 drivers
v0x564bac113780_0 .net "s_axis_tid", 7 0, L_0x564bac12a110;  alias, 1 drivers
o0x7f562f2952a8 .functor BUFZ 1, C4<z>; HiZ drive
v0x564bac113860_0 .net "s_axis_tkeep", 0 0, o0x7f562f2952a8;  0 drivers
v0x564bac113940_0 .net "s_axis_tlast", 0 0, L_0x564bac12a020;  alias, 1 drivers
v0x564bac113a00_0 .net "s_axis_tready", 0 0, v0x564bac112340_0;  alias, 1 drivers
v0x564bac113ac0_0 .net "s_axis_tuser", 0 0, L_0x564bac12a390;  alias, 1 drivers
v0x564bac113cb0_0 .net "s_axis_tvalid", 0 0, L_0x564bac129e00;  alias, 1 drivers
S_0x564bac0c4d40 .scope generate, "genblk1" "genblk1" 5 91, 5 91 0, S_0x564bac0c49c0;
 .timescale -9 -12;
L_0x564bac12d0a0 .functor BUFZ 1, v0x564bac1121c0_0, C4<0>, C4<0>, C4<0>;
L_0x564bac12d360 .functor OR 1, L_0x564bac12d220, L_0x564bac12d2c0, C4<0>, C4<0>;
L_0x564bac12d420 .functor AND 1, L_0x564bac12d180, L_0x564bac12d360, C4<1>, C4<1>;
L_0x564bac12d570 .functor OR 1, L_0x564bac12f880, L_0x564bac12d420, C4<0>, C4<0>;
v0x564bac1117a0_0 .net *"_ivl_17", 0 0, L_0x564bac12d180;  1 drivers
v0x564bac111880_0 .net *"_ivl_19", 0 0, L_0x564bac12d220;  1 drivers
v0x564bac111940_0 .net *"_ivl_21", 0 0, L_0x564bac12d2c0;  1 drivers
v0x564bac111a10_0 .net *"_ivl_23", 0 0, L_0x564bac12d360;  1 drivers
v0x564bac111ad0_0 .net *"_ivl_25", 0 0, L_0x564bac12d420;  1 drivers
v0x564bac111be0_0 .var "m_axis_tdata_reg", 15 0;
v0x564bac111cc0_0 .var "m_axis_tdest_reg", 7 0;
v0x564bac111da0_0 .var "m_axis_tid_reg", 7 0;
v0x564bac111e80_0 .var "m_axis_tkeep_reg", 0 0;
v0x564bac111f60_0 .var "m_axis_tlast_reg", 0 0;
v0x564bac112020_0 .var "m_axis_tuser_reg", 0 0;
v0x564bac112100_0 .var "m_axis_tvalid_next", 0 0;
v0x564bac1121c0_0 .var "m_axis_tvalid_reg", 0 0;
v0x564bac112280_0 .net "s_axis_tready_early", 0 0, L_0x564bac12d570;  1 drivers
v0x564bac112340_0 .var "s_axis_tready_reg", 0 0;
v0x564bac112400_0 .var "store_axis_input_to_output", 0 0;
v0x564bac1124c0_0 .var "store_axis_input_to_temp", 0 0;
v0x564bac112690_0 .var "store_axis_temp_to_output", 0 0;
v0x564bac112750_0 .var "temp_m_axis_tdata_reg", 15 0;
v0x564bac112830_0 .var "temp_m_axis_tdest_reg", 7 0;
v0x564bac112910_0 .var "temp_m_axis_tid_reg", 7 0;
v0x564bac1129f0_0 .var "temp_m_axis_tkeep_reg", 0 0;
v0x564bac112ad0_0 .var "temp_m_axis_tlast_reg", 0 0;
v0x564bac112b90_0 .var "temp_m_axis_tuser_reg", 0 0;
v0x564bac112c70_0 .var "temp_m_axis_tvalid_next", 0 0;
v0x564bac112d30_0 .var "temp_m_axis_tvalid_reg", 0 0;
E_0x564bac0601e0/0 .event anyedge, v0x564bac1121c0_0, v0x564bac112d30_0, v0x564bac112340_0, v0x564bac1132e0_0;
E_0x564bac0601e0/1 .event anyedge, v0x564bac113cb0_0;
E_0x564bac0601e0 .event/or E_0x564bac0601e0/0, E_0x564bac0601e0/1;
L_0x564bac12d180 .reduce/nor v0x564bac112d30_0;
L_0x564bac12d220 .reduce/nor v0x564bac1121c0_0;
L_0x564bac12d2c0 .reduce/nor L_0x564bac129e00;
S_0x564bac0c50c0 .scope module, "axis_register_output_inst" "axis_register" 4 394, 5 34 0, S_0x564bac0f12e0;
 .timescale -9 -12;
    .port_info 0 /INPUT 1 "clk";
    .port_info 1 /INPUT 1 "rst";
    .port_info 2 /INPUT 17 "s_axis_tdata";
    .port_info 3 /INPUT 2 "s_axis_tkeep";
    .port_info 4 /INPUT 1 "s_axis_tvalid";
    .port_info 5 /OUTPUT 1 "s_axis_tready";
    .port_info 6 /INPUT 1 "s_axis_tlast";
    .port_info 7 /INPUT 8 "s_axis_tid";
    .port_info 8 /INPUT 8 "s_axis_tdest";
    .port_info 9 /INPUT 1 "s_axis_tuser";
    .port_info 10 /OUTPUT 17 "m_axis_tdata";
    .port_info 11 /OUTPUT 2 "m_axis_tkeep";
    .port_info 12 /OUTPUT 1 "m_axis_tvalid";
    .port_info 13 /INPUT 1 "m_axis_tready";
    .port_info 14 /OUTPUT 1 "m_axis_tlast";
    .port_info 15 /OUTPUT 8 "m_axis_tid";
    .port_info 16 /OUTPUT 8 "m_axis_tdest";
    .port_info 17 /OUTPUT 1 "m_axis_tuser";
P_0x564bac114080 .param/l "DATA_WIDTH" 0 5 37, +C4<000000000000000000000000000010001>;
P_0x564bac1140c0 .param/l "DEST_ENABLE" 0 5 49, +C4<00000000000000000000000000000000>;
P_0x564bac114100 .param/l "DEST_WIDTH" 0 5 51, +C4<00000000000000000000000000001000>;
P_0x564bac114140 .param/l "ID_ENABLE" 0 5 45, +C4<00000000000000000000000000000000>;
P_0x564bac114180 .param/l "ID_WIDTH" 0 5 47, +C4<00000000000000000000000000001000>;
P_0x564bac1141c0 .param/l "KEEP_ENABLE" 0 5 39, C4<1>;
P_0x564bac114200 .param/l "KEEP_WIDTH" 0 5 41, +C4<000000000000000000000000000000010>;
P_0x564bac114240 .param/l "LAST_ENABLE" 0 5 43, +C4<00000000000000000000000000000001>;
P_0x564bac114280 .param/l "REG_TYPE" 0 5 58, +C4<00000000000000000000000000000010>;
P_0x564bac1142c0 .param/l "USER_ENABLE" 0 5 53, +C4<00000000000000000000000000000000>;
P_0x564bac114300 .param/l "USER_WIDTH" 0 5 55, +C4<00000000000000000000000000000001>;
v0x564bac116300_0 .net "clk", 0 0, v0x564bac125a70_0;  alias, 1 drivers
v0x564bac1163c0_0 .net "m_axis_tdata", 16 0, v0x564bac1150f0_0;  alias, 1 drivers
v0x564bac1164a0_0 .net "m_axis_tdest", 7 0, L_0x7f562f24b4e0;  alias, 1 drivers
v0x564bac116560_0 .net "m_axis_tid", 7 0, L_0x7f562f24b498;  alias, 1 drivers
v0x564bac116640_0 .net "m_axis_tkeep", 1 0, v0x564bac115390_0;  alias, 1 drivers
v0x564bac116770_0 .net "m_axis_tlast", 0 0, v0x564bac115470_0;  alias, 1 drivers
v0x564bac116830_0 .net "m_axis_tready", 0 0, L_0x564bac131120;  alias, 1 drivers
v0x564bac1168f0_0 .net "m_axis_tuser", 0 0, L_0x7f562f24b528;  alias, 1 drivers
v0x564bac1169d0_0 .net "m_axis_tvalid", 0 0, L_0x564bac130470;  alias, 1 drivers
v0x564bac116a90_0 .net "rst", 0 0, v0x564bac126620_0;  alias, 1 drivers
v0x564bac116b30_0 .net "s_axis_tdata", 16 0, L_0x564bac12dec0;  alias, 1 drivers
v0x564bac116c10_0 .net "s_axis_tdest", 7 0, L_0x564bac130060;  alias, 1 drivers
v0x564bac116cf0_0 .net "s_axis_tid", 7 0, L_0x564bac12fe20;  alias, 1 drivers
v0x564bac116dd0_0 .net "s_axis_tkeep", 1 0, L_0x7f562f24b450;  alias, 1 drivers
v0x564bac116eb0_0 .net "s_axis_tlast", 0 0, L_0x564bac12fd60;  alias, 1 drivers
v0x564bac116f70_0 .net "s_axis_tready", 0 0, v0x564bac115850_0;  alias, 1 drivers
v0x564bac117030_0 .net "s_axis_tuser", 0 0, L_0x564bac1300d0;  alias, 1 drivers
v0x564bac117220_0 .net "s_axis_tvalid", 0 0, L_0x564bac12c7e0;  alias, 1 drivers
S_0x564bac114a80 .scope generate, "genblk1" "genblk1" 5 91, 5 91 0, S_0x564bac0c50c0;
 .timescale -9 -12;
L_0x564bac130470 .functor BUFZ 1, v0x564bac1156d0_0, C4<0>, C4<0>, C4<0>;
L_0x564bac130a20 .functor OR 1, L_0x564bac130890, L_0x564bac130980, C4<0>, C4<0>;
L_0x564bac130b70 .functor AND 1, L_0x564bac1307f0, L_0x564bac130a20, C4<1>, C4<1>;
L_0x564bac130c80 .functor OR 1, L_0x564bac131120, L_0x564bac130b70, C4<0>, C4<0>;
v0x564bac114cb0_0 .net *"_ivl_17", 0 0, L_0x564bac1307f0;  1 drivers
v0x564bac114d90_0 .net *"_ivl_19", 0 0, L_0x564bac130890;  1 drivers
v0x564bac114e50_0 .net *"_ivl_21", 0 0, L_0x564bac130980;  1 drivers
v0x564bac114f20_0 .net *"_ivl_23", 0 0, L_0x564bac130a20;  1 drivers
v0x564bac114fe0_0 .net *"_ivl_25", 0 0, L_0x564bac130b70;  1 drivers
v0x564bac1150f0_0 .var "m_axis_tdata_reg", 16 0;
v0x564bac1151d0_0 .var "m_axis_tdest_reg", 7 0;
v0x564bac1152b0_0 .var "m_axis_tid_reg", 7 0;
v0x564bac115390_0 .var "m_axis_tkeep_reg", 1 0;
v0x564bac115470_0 .var "m_axis_tlast_reg", 0 0;
v0x564bac115530_0 .var "m_axis_tuser_reg", 0 0;
v0x564bac115610_0 .var "m_axis_tvalid_next", 0 0;
v0x564bac1156d0_0 .var "m_axis_tvalid_reg", 0 0;
v0x564bac115790_0 .net "s_axis_tready_early", 0 0, L_0x564bac130c80;  1 drivers
v0x564bac115850_0 .var "s_axis_tready_reg", 0 0;
v0x564bac115910_0 .var "store_axis_input_to_output", 0 0;
v0x564bac1159d0_0 .var "store_axis_input_to_temp", 0 0;
v0x564bac115ba0_0 .var "store_axis_temp_to_output", 0 0;
v0x564bac115c60_0 .var "temp_m_axis_tdata_reg", 16 0;
v0x564bac115d40_0 .var "temp_m_axis_tdest_reg", 7 0;
v0x564bac115e20_0 .var "temp_m_axis_tid_reg", 7 0;
v0x564bac115f00_0 .var "temp_m_axis_tkeep_reg", 1 0;
v0x564bac115fe0_0 .var "temp_m_axis_tlast_reg", 0 0;
v0x564bac1160a0_0 .var "temp_m_axis_tuser_reg", 0 0;
v0x564bac116180_0 .var "temp_m_axis_tvalid_next", 0 0;
v0x564bac116240_0 .var "temp_m_axis_tvalid_reg", 0 0;
E_0x564bac002580/0 .event anyedge, v0x564bac1156d0_0, v0x564bac116240_0, v0x564bac115850_0, v0x564bac116830_0;
E_0x564bac002580/1 .event anyedge, v0x564bac117220_0;
E_0x564bac002580 .event/or E_0x564bac002580/0, E_0x564bac002580/1;
L_0x564bac1307f0 .reduce/nor v0x564bac116240_0;
L_0x564bac130890 .reduce/nor v0x564bac1156d0_0;
L_0x564bac130980 .reduce/nor L_0x564bac12c7e0;
S_0x564bac1175c0 .scope module, "axis_register_scale_inst" "axis_register" 4 332, 5 34 0, S_0x564bac0f12e0;
 .timescale -9 -12;
    .port_info 0 /INPUT 1 "clk";
    .port_info 1 /INPUT 1 "rst";
    .port_info 2 /INPUT 16 "s_axis_tdata";
    .port_info 3 /INPUT 1 "s_axis_tkeep";
    .port_info 4 /INPUT 1 "s_axis_tvalid";
    .port_info 5 /OUTPUT 1 "s_axis_tready";
    .port_info 6 /INPUT 1 "s_axis_tlast";
    .port_info 7 /INPUT 8 "s_axis_tid";
    .port_info 8 /INPUT 8 "s_axis_tdest";
    .port_info 9 /INPUT 1 "s_axis_tuser";
    .port_info 10 /OUTPUT 16 "m_axis_tdata";
    .port_info 11 /OUTPUT 1 "m_axis_tkeep";
    .port_info 12 /OUTPUT 1 "m_axis_tvalid";
    .port_info 13 /INPUT 1 "m_axis_tready";
    .port_info 14 /OUTPUT 1 "m_axis_tlast";
    .port_info 15 /OUTPUT 8 "m_axis_tid";
    .port_info 16 /OUTPUT 8 "m_axis_tdest";
    .port_info 17 /OUTPUT 1 "m_axis_tuser";
P_0x564bac1177a0 .param/l "DATA_WIDTH" 0 5 37, +C4<00000000000000000000000000010000>;
P_0x564bac1177e0 .param/l "DEST_ENABLE" 0 5 49, +C4<00000000000000000000000000000000>;
P_0x564bac117820 .param/l "DEST_WIDTH" 0 5 51, +C4<00000000000000000000000000001000>;
P_0x564bac117860 .param/l "ID_ENABLE" 0 5 45, +C4<00000000000000000000000000000000>;
P_0x564bac1178a0 .param/l "ID_WIDTH" 0 5 47, +C4<00000000000000000000000000001000>;
P_0x564bac1178e0 .param/l "KEEP_ENABLE" 0 5 39, +C4<00000000000000000000000000000000>;
P_0x564bac117920 .param/l "KEEP_WIDTH" 0 5 41, +C4<00000000000000000000000000000001>;
P_0x564bac117960 .param/l "LAST_ENABLE" 0 5 43, +C4<00000000000000000000000000000001>;
P_0x564bac1179a0 .param/l "REG_TYPE" 0 5 58, +C4<00000000000000000000000000000010>;
P_0x564bac1179e0 .param/l "USER_ENABLE" 0 5 53, +C4<00000000000000000000000000000000>;
P_0x564bac117a20 .param/l "USER_WIDTH" 0 5 55, +C4<00000000000000000000000000000001>;
v0x564bac1199c0_0 .net "clk", 0 0, v0x564bac125a70_0;  alias, 1 drivers
v0x564bac119a80_0 .net "m_axis_tdata", 15 0, v0x564bac1187b0_0;  alias, 1 drivers
v0x564bac119b60_0 .net "m_axis_tdest", 7 0, L_0x7f562f24b3c0;  alias, 1 drivers
v0x564bac119c20_0 .net "m_axis_tid", 7 0, L_0x7f562f24b378;  alias, 1 drivers
L_0x7f562f24b330 .functor BUFT 1, C4<1>, C4<0>, C4<0>, C4<0>;
v0x564bac119d00_0 .net "m_axis_tkeep", 0 0, L_0x7f562f24b330;  1 drivers
v0x564bac119de0_0 .net "m_axis_tlast", 0 0, v0x564bac118b30_0;  alias, 1 drivers
v0x564bac119ea0_0 .net "m_axis_tready", 0 0, L_0x564bac12fac0;  alias, 1 drivers
v0x564bac119f60_0 .net "m_axis_tuser", 0 0, L_0x7f562f24b408;  alias, 1 drivers
v0x564bac11a040_0 .net "m_axis_tvalid", 0 0, L_0x564bac12d760;  alias, 1 drivers
v0x564bac11a100_0 .net "rst", 0 0, v0x564bac126620_0;  alias, 1 drivers
v0x564bac11a1a0_0 .net "s_axis_tdata", 15 0, L_0x564bac12a1b0;  alias, 1 drivers
v0x564bac11a280_0 .net "s_axis_tdest", 7 0, L_0x564bac12abe0;  alias, 1 drivers
v0x564bac11a360_0 .net "s_axis_tid", 7 0, L_0x564bac12aaf0;  alias, 1 drivers
o0x7f562f296928 .functor BUFZ 1, C4<z>; HiZ drive
v0x564bac11a440_0 .net "s_axis_tkeep", 0 0, o0x7f562f296928;  0 drivers
v0x564bac11a520_0 .net "s_axis_tlast", 0 0, L_0x564bac12a930;  alias, 1 drivers
v0x564bac11a5e0_0 .net "s_axis_tready", 0 0, v0x564bac118f10_0;  alias, 1 drivers
v0x564bac11a6a0_0 .net "s_axis_tuser", 0 0, L_0x564bac12adb0;  alias, 1 drivers
v0x564bac11a890_0 .net "s_axis_tvalid", 0 0, L_0x564bac12a6e0;  alias, 1 drivers
S_0x564bac118120 .scope generate, "genblk1" "genblk1" 5 91, 5 91 0, S_0x564bac1175c0;
 .timescale -9 -12;
L_0x564bac12d760 .functor BUFZ 1, v0x564bac118d90_0, C4<0>, C4<0>, C4<0>;
L_0x564bac12dab0 .functor OR 1, L_0x564bac12d970, L_0x564bac12da10, C4<0>, C4<0>;
L_0x564bac12dbc0 .functor AND 1, L_0x564bac12d8d0, L_0x564bac12dab0, C4<1>, C4<1>;
L_0x564bac12dd10 .functor OR 1, L_0x564bac12fac0, L_0x564bac12dbc0, C4<0>, C4<0>;
v0x564bac118370_0 .net *"_ivl_17", 0 0, L_0x564bac12d8d0;  1 drivers
v0x564bac118450_0 .net *"_ivl_19", 0 0, L_0x564bac12d970;  1 drivers
v0x564bac118510_0 .net *"_ivl_21", 0 0, L_0x564bac12da10;  1 drivers
v0x564bac1185e0_0 .net *"_ivl_23", 0 0, L_0x564bac12dab0;  1 drivers
v0x564bac1186a0_0 .net *"_ivl_25", 0 0, L_0x564bac12dbc0;  1 drivers
v0x564bac1187b0_0 .var "m_axis_tdata_reg", 15 0;
v0x564bac118890_0 .var "m_axis_tdest_reg", 7 0;
v0x564bac118970_0 .var "m_axis_tid_reg", 7 0;
v0x564bac118a50_0 .var "m_axis_tkeep_reg", 0 0;
v0x564bac118b30_0 .var "m_axis_tlast_reg", 0 0;
v0x564bac118bf0_0 .var "m_axis_tuser_reg", 0 0;
v0x564bac118cd0_0 .var "m_axis_tvalid_next", 0 0;
v0x564bac118d90_0 .var "m_axis_tvalid_reg", 0 0;
v0x564bac118e50_0 .net "s_axis_tready_early", 0 0, L_0x564bac12dd10;  1 drivers
v0x564bac118f10_0 .var "s_axis_tready_reg", 0 0;
v0x564bac118fd0_0 .var "store_axis_input_to_output", 0 0;
v0x564bac119090_0 .var "store_axis_input_to_temp", 0 0;
v0x564bac119260_0 .var "store_axis_temp_to_output", 0 0;
v0x564bac119320_0 .var "temp_m_axis_tdata_reg", 15 0;
v0x564bac119400_0 .var "temp_m_axis_tdest_reg", 7 0;
v0x564bac1194e0_0 .var "temp_m_axis_tid_reg", 7 0;
v0x564bac1195c0_0 .var "temp_m_axis_tkeep_reg", 0 0;
v0x564bac1196a0_0 .var "temp_m_axis_tlast_reg", 0 0;
v0x564bac119760_0 .var "temp_m_axis_tuser_reg", 0 0;
v0x564bac119840_0 .var "temp_m_axis_tvalid_next", 0 0;
v0x564bac119900_0 .var "temp_m_axis_tvalid_reg", 0 0;
E_0x564bac1003c0/0 .event anyedge, v0x564bac118d90_0, v0x564bac119900_0, v0x564bac118f10_0, v0x564bac119ea0_0;
E_0x564bac1003c0/1 .event anyedge, v0x564bac11a890_0;
E_0x564bac1003c0 .event/or E_0x564bac1003c0/0, E_0x564bac1003c0/1;
L_0x564bac12d8d0 .reduce/nor v0x564bac119900_0;
L_0x564bac12d970 .reduce/nor v0x564bac118d90_0;
L_0x564bac12da10 .reduce/nor L_0x564bac12a6e0;
    .scope S_0x564bac0c4300;
T_0 ;
    %pushi/vec4 0, 0, 1;
    %store/vec4 v0x564bac10f2e0_0, 0, 1;
    %pushi/vec4 0, 0, 16;
    %store/vec4 v0x564bac10eb80_0, 0, 16;
    %pushi/vec4 0, 0, 1;
    %store/vec4 v0x564bac10ee20_0, 0, 1;
    %pushi/vec4 0, 0, 1;
    %store/vec4 v0x564bac10f160_0, 0, 1;
    %pushi/vec4 0, 0, 1;
    %store/vec4 v0x564bac10ef00_0, 0, 1;
    %pushi/vec4 0, 0, 8;
    %store/vec4 v0x564bac10ed40_0, 0, 8;
    %pushi/vec4 0, 0, 8;
    %store/vec4 v0x564bac10ec60_0, 0, 8;
    %pushi/vec4 0, 0, 1;
    %store/vec4 v0x564bac10efc0_0, 0, 1;
    %pushi/vec4 0, 0, 16;
    %store/vec4 v0x564bac10f5e0_0, 0, 16;
    %pushi/vec4 0, 0, 1;
    %store/vec4 v0x564bac10f880_0, 0, 1;
    %pushi/vec4 0, 0, 1;
    %store/vec4 v0x564bac10fbc0_0, 0, 1;
    %pushi/vec4 0, 0, 1;
    %store/vec4 v0x564bac10f960_0, 0, 1;
    %pushi/vec4 0, 0, 8;
    %store/vec4 v0x564bac10f7a0_0, 0, 8;
    %pushi/vec4 0, 0, 8;
    %store/vec4 v0x564bac10f6c0_0, 0, 8;
    %pushi/vec4 0, 0, 1;
    %store/vec4 v0x564bac10fa20_0, 0, 1;
    %end;
    .thread T_0;
    .scope S_0x564bac0c4300;
T_1 ;
    %wait E_0x564bac0587a0;
    %load/vec4 v0x564bac10f160_0;
    %store/vec4 v0x564bac10f0a0_0, 0, 1;
    %load/vec4 v0x564bac10fbc0_0;
    %store/vec4 v0x564bac10fb00_0, 0, 1;
    %pushi/vec4 0, 0, 1;
    %store/vec4 v0x564bac10f3a0_0, 0, 1;
    %pushi/vec4 0, 0, 1;
    %store/vec4 v0x564bac10f460_0, 0, 1;
    %pushi/vec4 0, 0, 1;
    %store/vec4 v0x564bac10f520_0, 0, 1;
    %load/vec4 v0x564bac10f2e0_0;
    %flag_set/vec4 8;
    %jmp/0xz  T_1.0, 8;
    %load/vec4 v0x564bac110180_0;
    %flag_set/vec4 8;
    %jmp/1 T_1.4, 8;
    %load/vec4 v0x564bac10f160_0;
    %nor/r;
    %flag_set/vec4 9;
    %flag_or 8, 9;
T_1.4;
    %jmp/0xz  T_1.2, 8;
    %load/vec4 v0x564bac110a80_0;
    %store/vec4 v0x564bac10f0a0_0, 0, 1;
    %pushi/vec4 1, 0, 1;
    %store/vec4 v0x564bac10f3a0_0, 0, 1;
    %jmp T_1.3;
T_1.2 ;
    %load/vec4 v0x564bac110a80_0;
    %store/vec4 v0x564bac10fb00_0, 0, 1;
    %pushi/vec4 1, 0, 1;
    %store/vec4 v0x564bac10f460_0, 0, 1;
T_1.3 ;
    %jmp T_1.1;
T_1.0 ;
    %load/vec4 v0x564bac110180_0;
    %flag_set/vec4 8;
    %jmp/0xz  T_1.5, 8;
    %load/vec4 v0x564bac10fbc0_0;
    %store/vec4 v0x564bac10f0a0_0, 0, 1;
    %pushi/vec4 0, 0, 1;
    %store/vec4 v0x564bac10fb00_0, 0, 1;
    %pushi/vec4 1, 0, 1;
    %store/vec4 v0x564bac10f520_0, 0, 1;
T_1.5 ;
T_1.1 ;
    %jmp T_1;
    .thread T_1, $push;
    .scope S_0x564bac0c4300;
T_2 ;
    %wait E_0x564bac059f30;
    %load/vec4 v0x564bac10f220_0;
    %assign/vec4 v0x564bac10f2e0_0, 0;
    %load/vec4 v0x564bac10f0a0_0;
    %assign/vec4 v0x564bac10f160_0, 0;
    %load/vec4 v0x564bac10fb00_0;
    %assign/vec4 v0x564bac10fbc0_0, 0;
    %load/vec4 v0x564bac10f3a0_0;
    %flag_set/vec4 8;
    %jmp/0xz  T_2.0, 8;
    %load/vec4 v0x564bac1104a0_0;
    %assign/vec4 v0x564bac10eb80_0, 0;
    %load/vec4 v0x564bac110740_0;
    %assign/vec4 v0x564bac10ee20_0, 0;
    %load/vec4 v0x564bac110820_0;
    %assign/vec4 v0x564bac10ef00_0, 0;
    %load/vec4 v0x564bac110660_0;
    %assign/vec4 v0x564bac10ed40_0, 0;
    %load/vec4 v0x564bac110580_0;
    %assign/vec4 v0x564bac10ec60_0, 0;
    %load/vec4 v0x564bac1109a0_0;
    %assign/vec4 v0x564bac10efc0_0, 0;
    %jmp T_2.1;
T_2.0 ;
    %load/vec4 v0x564bac10f520_0;
    %flag_set/vec4 8;
    %jmp/0xz  T_2.2, 8;
    %load/vec4 v0x564bac10f5e0_0;
    %assign/vec4 v0x564bac10eb80_0, 0;
    %load/vec4 v0x564bac10f880_0;
    %assign/vec4 v0x564bac10ee20_0, 0;
    %load/vec4 v0x564bac10f960_0;
    %assign/vec4 v0x564bac10ef00_0, 0;
    %load/vec4 v0x564bac10f7a0_0;
    %assign/vec4 v0x564bac10ed40_0, 0;
    %load/vec4 v0x564bac10f6c0_0;
    %assign/vec4 v0x564bac10ec60_0, 0;
    %load/vec4 v0x564bac10fa20_0;
    %assign/vec4 v0x564bac10efc0_0, 0;
T_2.2 ;
T_2.1 ;
    %load/vec4 v0x564bac10f460_0;
    %flag_set/vec4 8;
    %jmp/0xz  T_2.4, 8;
    %load/vec4 v0x564bac1104a0_0;
    %assign/vec4 v0x564bac10f5e0_0, 0;
    %load/vec4 v0x564bac110740_0;
    %assign/vec4 v0x564bac10f880_0, 0;
    %load/vec4 v0x564bac110820_0;
    %assign/vec4 v0x564bac10f960_0, 0;
    %load/vec4 v0x564bac110660_0;
    %assign/vec4 v0x564bac10f7a0_0, 0;
    %load/vec4 v0x564bac110580_0;
    %assign/vec4 v0x564bac10f6c0_0, 0;
    %load/vec4 v0x564bac1109a0_0;
    %assign/vec4 v0x564bac10fa20_0, 0;
T_2.4 ;
    %load/vec4 v0x564bac1103e0_0;
    %flag_set/vec4 8;
    %jmp/0xz  T_2.6, 8;
    %pushi/vec4 0, 0, 1;
    %assign/vec4 v0x564bac10f2e0_0, 0;
    %pushi/vec4 0, 0, 1;
    %assign/vec4 v0x564bac10f160_0, 0;
    %pushi/vec4 0, 0, 1;
    %assign/vec4 v0x564bac10fbc0_0, 0;
T_2.6 ;
    %jmp T_2;
    .thread T_2;
    .scope S_0x564bac0c4d40;
T_3 ;
    %pushi/vec4 0, 0, 1;
    %store/vec4 v0x564bac112340_0, 0, 1;
    %pushi/vec4 0, 0, 16;
    %store/vec4 v0x564bac111be0_0, 0, 16;
    %pushi/vec4 0, 0, 1;
    %store/vec4 v0x564bac111e80_0, 0, 1;
    %pushi/vec4 0, 0, 1;
    %store/vec4 v0x564bac1121c0_0, 0, 1;
    %pushi/vec4 0, 0, 1;
    %store/vec4 v0x564bac111f60_0, 0, 1;
    %pushi/vec4 0, 0, 8;
    %store/vec4 v0x564bac111da0_0, 0, 8;
    %pushi/vec4 0, 0, 8;
    %store/vec4 v0x564bac111cc0_0, 0, 8;
    %pushi/vec4 0, 0, 1;
    %store/vec4 v0x564bac112020_0, 0, 1;
    %pushi/vec4 0, 0, 16;
    %store/vec4 v0x564bac112750_0, 0, 16;
    %pushi/vec4 0, 0, 1;
    %store/vec4 v0x564bac1129f0_0, 0, 1;
    %pushi/vec4 0, 0, 1;
    %store/vec4 v0x564bac112d30_0, 0, 1;
    %pushi/vec4 0, 0, 1;
    %store/vec4 v0x564bac112ad0_0, 0, 1;
    %pushi/vec4 0, 0, 8;
    %store/vec4 v0x564bac112910_0, 0, 8;
    %pushi/vec4 0, 0, 8;
    %store/vec4 v0x564bac112830_0, 0, 8;
    %pushi/vec4 0, 0, 1;
    %store/vec4 v0x564bac112b90_0, 0, 1;
    %end;
    .thread T_3;
    .scope S_0x564bac0c4d40;
T_4 ;
    %wait E_0x564bac0601e0;
    %load/vec4 v0x564bac1121c0_0;
    %store/vec4 v0x564bac112100_0, 0, 1;
    %load/vec4 v0x564bac112d30_0;
    %store/vec4 v0x564bac112c70_0, 0, 1;
    %pushi/vec4 0, 0, 1;
    %store/vec4 v0x564bac112400_0, 0, 1;
    %pushi/vec4 0, 0, 1;
    %store/vec4 v0x564bac1124c0_0, 0, 1;
    %pushi/vec4 0, 0, 1;
    %store/vec4 v0x564bac112690_0, 0, 1;
    %load/vec4 v0x564bac112340_0;
    %flag_set/vec4 8;
    %jmp/0xz  T_4.0, 8;
    %load/vec4 v0x564bac1132e0_0;
    %flag_set/vec4 8;
    %jmp/1 T_4.4, 8;
    %load/vec4 v0x564bac1121c0_0;
    %nor/r;
    %flag_set/vec4 9;
    %flag_or 8, 9;
T_4.4;
    %jmp/0xz  T_4.2, 8;
    %load/vec4 v0x564bac113cb0_0;
    %store/vec4 v0x564bac112100_0, 0, 1;
    %pushi/vec4 1, 0, 1;
    %store/vec4 v0x564bac112400_0, 0, 1;
    %jmp T_4.3;
T_4.2 ;
    %load/vec4 v0x564bac113cb0_0;
    %store/vec4 v0x564bac112c70_0, 0, 1;
    %pushi/vec4 1, 0, 1;
    %store/vec4 v0x564bac1124c0_0, 0, 1;
T_4.3 ;
    %jmp T_4.1;
T_4.0 ;
    %load/vec4 v0x564bac1132e0_0;
    %flag_set/vec4 8;
    %jmp/0xz  T_4.5, 8;
    %load/vec4 v0x564bac112d30_0;
    %store/vec4 v0x564bac112100_0, 0, 1;
    %pushi/vec4 0, 0, 1;
    %store/vec4 v0x564bac112c70_0, 0, 1;
    %pushi/vec4 1, 0, 1;
    %store/vec4 v0x564bac112690_0, 0, 1;
T_4.5 ;
T_4.1 ;
    %jmp T_4;
    .thread T_4, $push;
    .scope S_0x564bac0c4d40;
T_5 ;
    %wait E_0x564bac059f30;
    %load/vec4 v0x564bac112280_0;
    %assign/vec4 v0x564bac112340_0, 0;
    %load/vec4 v0x564bac112100_0;
    %assign/vec4 v0x564bac1121c0_0, 0;
    %load/vec4 v0x564bac112c70_0;
    %assign/vec4 v0x564bac112d30_0, 0;
    %load/vec4 v0x564bac112400_0;
    %flag_set/vec4 8;
    %jmp/0xz  T_5.0, 8;
    %load/vec4 v0x564bac1135e0_0;
    %assign/vec4 v0x564bac111be0_0, 0;
    %load/vec4 v0x564bac113860_0;
    %assign/vec4 v0x564bac111e80_0, 0;
    %load/vec4 v0x564bac113940_0;
    %assign/vec4 v0x564bac111f60_0, 0;
    %load/vec4 v0x564bac113780_0;
    %assign/vec4 v0x564bac111da0_0, 0;
    %load/vec4 v0x564bac1136a0_0;
    %assign/vec4 v0x564bac111cc0_0, 0;
    %load/vec4 v0x564bac113ac0_0;
    %assign/vec4 v0x564bac112020_0, 0;
    %jmp T_5.1;
T_5.0 ;
    %load/vec4 v0x564bac112690_0;
    %flag_set/vec4 8;
    %jmp/0xz  T_5.2, 8;
    %load/vec4 v0x564bac112750_0;
    %assign/vec4 v0x564bac111be0_0, 0;
    %load/vec4 v0x564bac1129f0_0;
    %assign/vec4 v0x564bac111e80_0, 0;
    %load/vec4 v0x564bac112ad0_0;
    %assign/vec4 v0x564bac111f60_0, 0;
    %load/vec4 v0x564bac112910_0;
    %assign/vec4 v0x564bac111da0_0, 0;
    %load/vec4 v0x564bac112830_0;
    %assign/vec4 v0x564bac111cc0_0, 0;
    %load/vec4 v0x564bac112b90_0;
    %assign/vec4 v0x564bac112020_0, 0;
T_5.2 ;
T_5.1 ;
    %load/vec4 v0x564bac1124c0_0;
    %flag_set/vec4 8;
    %jmp/0xz  T_5.4, 8;
    %load/vec4 v0x564bac1135e0_0;
    %assign/vec4 v0x564bac112750_0, 0;
    %load/vec4 v0x564bac113860_0;
    %assign/vec4 v0x564bac1129f0_0, 0;
    %load/vec4 v0x564bac113940_0;
    %assign/vec4 v0x564bac112ad0_0, 0;
    %load/vec4 v0x564bac113780_0;
    %assign/vec4 v0x564bac112910_0, 0;
    %load/vec4 v0x564bac1136a0_0;
    %assign/vec4 v0x564bac112830_0, 0;
    %load/vec4 v0x564bac113ac0_0;
    %assign/vec4 v0x564bac112b90_0, 0;
T_5.4 ;
    %load/vec4 v0x564bac113540_0;
    %flag_set/vec4 8;
    %jmp/0xz  T_5.6, 8;
    %pushi/vec4 0, 0, 1;
    %assign/vec4 v0x564bac112340_0, 0;
    %pushi/vec4 0, 0, 1;
    %assign/vec4 v0x564bac1121c0_0, 0;
    %pushi/vec4 0, 0, 1;
    %assign/vec4 v0x564bac112d30_0, 0;
T_5.6 ;
    %jmp T_5;
    .thread T_5;
    .scope S_0x564bac118120;
T_6 ;
    %pushi/vec4 0, 0, 1;
    %store/vec4 v0x564bac118f10_0, 0, 1;
    %pushi/vec4 0, 0, 16;
    %store/vec4 v0x564bac1187b0_0, 0, 16;
    %pushi/vec4 0, 0, 1;
    %store/vec4 v0x564bac118a50_0, 0, 1;
    %pushi/vec4 0, 0, 1;
    %store/vec4 v0x564bac118d90_0, 0, 1;
    %pushi/vec4 0, 0, 1;
    %store/vec4 v0x564bac118b30_0, 0, 1;
    %pushi/vec4 0, 0, 8;
    %store/vec4 v0x564bac118970_0, 0, 8;
    %pushi/vec4 0, 0, 8;
    %store/vec4 v0x564bac118890_0, 0, 8;
    %pushi/vec4 0, 0, 1;
    %store/vec4 v0x564bac118bf0_0, 0, 1;
    %pushi/vec4 0, 0, 16;
    %store/vec4 v0x564bac119320_0, 0, 16;
    %pushi/vec4 0, 0, 1;
    %store/vec4 v0x564bac1195c0_0, 0, 1;
    %pushi/vec4 0, 0, 1;
    %store/vec4 v0x564bac119900_0, 0, 1;
    %pushi/vec4 0, 0, 1;
    %store/vec4 v0x564bac1196a0_0, 0, 1;
    %pushi/vec4 0, 0, 8;
    %store/vec4 v0x564bac1194e0_0, 0, 8;
    %pushi/vec4 0, 0, 8;
    %store/vec4 v0x564bac119400_0, 0, 8;
    %pushi/vec4 0, 0, 1;
    %store/vec4 v0x564bac119760_0, 0, 1;
    %end;
    .thread T_6;
    .scope S_0x564bac118120;
T_7 ;
    %wait E_0x564bac1003c0;
    %load/vec4 v0x564bac118d90_0;
    %store/vec4 v0x564bac118cd0_0, 0, 1;
    %load/vec4 v0x564bac119900_0;
    %store/vec4 v0x564bac119840_0, 0, 1;
    %pushi/vec4 0, 0, 1;
    %store/vec4 v0x564bac118fd0_0, 0, 1;
    %pushi/vec4 0, 0, 1;
    %store/vec4 v0x564bac119090_0, 0, 1;
    %pushi/vec4 0, 0, 1;
    %store/vec4 v0x564bac119260_0, 0, 1;
    %load/vec4 v0x564bac118f10_0;
    %flag_set/vec4 8;
    %jmp/0xz  T_7.0, 8;
    %load/vec4 v0x564bac119ea0_0;
    %flag_set/vec4 8;
    %jmp/1 T_7.4, 8;
    %load/vec4 v0x564bac118d90_0;
    %nor/r;
    %flag_set/vec4 9;
    %flag_or 8, 9;
T_7.4;
    %jmp/0xz  T_7.2, 8;
    %load/vec4 v0x564bac11a890_0;
    %store/vec4 v0x564bac118cd0_0, 0, 1;
    %pushi/vec4 1, 0, 1;
    %store/vec4 v0x564bac118fd0_0, 0, 1;
    %jmp T_7.3;
T_7.2 ;
    %load/vec4 v0x564bac11a890_0;
    %store/vec4 v0x564bac119840_0, 0, 1;
    %pushi/vec4 1, 0, 1;
    %store/vec4 v0x564bac119090_0, 0, 1;
T_7.3 ;
    %jmp T_7.1;
T_7.0 ;
    %load/vec4 v0x564bac119ea0_0;
    %flag_set/vec4 8;
    %jmp/0xz  T_7.5, 8;
    %load/vec4 v0x564bac119900_0;
    %store/vec4 v0x564bac118cd0_0, 0, 1;
    %pushi/vec4 0, 0, 1;
    %store/vec4 v0x564bac119840_0, 0, 1;
    %pushi/vec4 1, 0, 1;
    %store/vec4 v0x564bac119260_0, 0, 1;
T_7.5 ;
T_7.1 ;
    %jmp T_7;
    .thread T_7, $push;
    .scope S_0x564bac118120;
T_8 ;
    %wait E_0x564bac059f30;
    %load/vec4 v0x564bac118e50_0;
    %assign/vec4 v0x564bac118f10_0, 0;
    %load/vec4 v0x564bac118cd0_0;
    %assign/vec4 v0x564bac118d90_0, 0;
    %load/vec4 v0x564bac119840_0;
    %assign/vec4 v0x564bac119900_0, 0;
    %load/vec4 v0x564bac118fd0_0;
    %flag_set/vec4 8;
    %jmp/0xz  T_8.0, 8;
    %load/vec4 v0x564bac11a1a0_0;
    %assign/vec4 v0x564bac1187b0_0, 0;
    %load/vec4 v0x564bac11a440_0;
    %assign/vec4 v0x564bac118a50_0, 0;
    %load/vec4 v0x564bac11a520_0;
    %assign/vec4 v0x564bac118b30_0, 0;
    %load/vec4 v0x564bac11a360_0;
    %assign/vec4 v0x564bac118970_0, 0;
    %load/vec4 v0x564bac11a280_0;
    %assign/vec4 v0x564bac118890_0, 0;
    %load/vec4 v0x564bac11a6a0_0;
    %assign/vec4 v0x564bac118bf0_0, 0;
    %jmp T_8.1;
T_8.0 ;
    %load/vec4 v0x564bac119260_0;
    %flag_set/vec4 8;
    %jmp/0xz  T_8.2, 8;
    %load/vec4 v0x564bac119320_0;
    %assign/vec4 v0x564bac1187b0_0, 0;
    %load/vec4 v0x564bac1195c0_0;
    %assign/vec4 v0x564bac118a50_0, 0;
    %load/vec4 v0x564bac1196a0_0;
    %assign/vec4 v0x564bac118b30_0, 0;
    %load/vec4 v0x564bac1194e0_0;
    %assign/vec4 v0x564bac118970_0, 0;
    %load/vec4 v0x564bac119400_0;
    %assign/vec4 v0x564bac118890_0, 0;
    %load/vec4 v0x564bac119760_0;
    %assign/vec4 v0x564bac118bf0_0, 0;
T_8.2 ;
T_8.1 ;
    %load/vec4 v0x564bac119090_0;
    %flag_set/vec4 8;
    %jmp/0xz  T_8.4, 8;
    %load/vec4 v0x564bac11a1a0_0;
    %assign/vec4 v0x564bac119320_0, 0;
    %load/vec4 v0x564bac11a440_0;
    %assign/vec4 v0x564bac1195c0_0, 0;
    %load/vec4 v0x564bac11a520_0;
    %assign/vec4 v0x564bac1196a0_0, 0;
    %load/vec4 v0x564bac11a360_0;
    %assign/vec4 v0x564bac1194e0_0, 0;
    %load/vec4 v0x564bac11a280_0;
    %assign/vec4 v0x564bac119400_0, 0;
    %load/vec4 v0x564bac11a6a0_0;
    %assign/vec4 v0x564bac119760_0, 0;
T_8.4 ;
    %load/vec4 v0x564bac11a100_0;
    %flag_set/vec4 8;
    %jmp/0xz  T_8.6, 8;
    %pushi/vec4 0, 0, 1;
    %assign/vec4 v0x564bac118f10_0, 0;
    %pushi/vec4 0, 0, 1;
    %assign/vec4 v0x564bac118d90_0, 0;
    %pushi/vec4 0, 0, 1;
    %assign/vec4 v0x564bac119900_0, 0;
T_8.6 ;
    %jmp T_8;
    .thread T_8;
    .scope S_0x564bac114a80;
T_9 ;
    %pushi/vec4 0, 0, 1;
    %store/vec4 v0x564bac115850_0, 0, 1;
    %pushi/vec4 0, 0, 17;
    %store/vec4 v0x564bac1150f0_0, 0, 17;
    %pushi/vec4 0, 0, 2;
    %store/vec4 v0x564bac115390_0, 0, 2;
    %pushi/vec4 0, 0, 1;
    %store/vec4 v0x564bac1156d0_0, 0, 1;
    %pushi/vec4 0, 0, 1;
    %store/vec4 v0x564bac115470_0, 0, 1;
    %pushi/vec4 0, 0, 8;
    %store/vec4 v0x564bac1152b0_0, 0, 8;
    %pushi/vec4 0, 0, 8;
    %store/vec4 v0x564bac1151d0_0, 0, 8;
    %pushi/vec4 0, 0, 1;
    %store/vec4 v0x564bac115530_0, 0, 1;
    %pushi/vec4 0, 0, 17;
    %store/vec4 v0x564bac115c60_0, 0, 17;
    %pushi/vec4 0, 0, 2;
    %store/vec4 v0x564bac115f00_0, 0, 2;
    %pushi/vec4 0, 0, 1;
    %store/vec4 v0x564bac116240_0, 0, 1;
    %pushi/vec4 0, 0, 1;
    %store/vec4 v0x564bac115fe0_0, 0, 1;
    %pushi/vec4 0, 0, 8;
    %store/vec4 v0x564bac115e20_0, 0, 8;
    %pushi/vec4 0, 0, 8;
    %store/vec4 v0x564bac115d40_0, 0, 8;
    %pushi/vec4 0, 0, 1;
    %store/vec4 v0x564bac1160a0_0, 0, 1;
    %end;
    .thread T_9;
    .scope S_0x564bac114a80;
T_10 ;
    %wait E_0x564bac002580;
    %load/vec4 v0x564bac1156d0_0;
    %store/vec4 v0x564bac115610_0, 0, 1;
    %load/vec4 v0x564bac116240_0;
    %store/vec4 v0x564bac116180_0, 0, 1;
    %pushi/vec4 0, 0, 1;
    %store/vec4 v0x564bac115910_0, 0, 1;
    %pushi/vec4 0, 0, 1;
    %store/vec4 v0x564bac1159d0_0, 0, 1;
    %pushi/vec4 0, 0, 1;
    %store/vec4 v0x564bac115ba0_0, 0, 1;
    %load/vec4 v0x564bac115850_0;
    %flag_set/vec4 8;
    %jmp/0xz  T_10.0, 8;
    %load/vec4 v0x564bac116830_0;
    %flag_set/vec4 8;
    %jmp/1 T_10.4, 8;
    %load/vec4 v0x564bac1156d0_0;
    %nor/r;
    %flag_set/vec4 9;
    %flag_or 8, 9;
T_10.4;
    %jmp/0xz  T_10.2, 8;
    %load/vec4 v0x564bac117220_0;
    %store/vec4 v0x564bac115610_0, 0, 1;
    %pushi/vec4 1, 0, 1;
    %store/vec4 v0x564bac115910_0, 0, 1;
    %jmp T_10.3;
T_10.2 ;
    %load/vec4 v0x564bac117220_0;
    %store/vec4 v0x564bac116180_0, 0, 1;
    %pushi/vec4 1, 0, 1;
    %store/vec4 v0x564bac1159d0_0, 0, 1;
T_10.3 ;
    %jmp T_10.1;
T_10.0 ;
    %load/vec4 v0x564bac116830_0;
    %flag_set/vec4 8;
    %jmp/0xz  T_10.5, 8;
    %load/vec4 v0x564bac116240_0;
    %store/vec4 v0x564bac115610_0, 0, 1;
    %pushi/vec4 0, 0, 1;
    %store/vec4 v0x564bac116180_0, 0, 1;
    %pushi/vec4 1, 0, 1;
    %store/vec4 v0x564bac115ba0_0, 0, 1;
T_10.5 ;
T_10.1 ;
    %jmp T_10;
    .thread T_10, $push;
    .scope S_0x564bac114a80;
T_11 ;
    %wait E_0x564bac059f30;
    %load/vec4 v0x564bac115790_0;
    %assign/vec4 v0x564bac115850_0, 0;
    %load/vec4 v0x564bac115610_0;
    %assign/vec4 v0x564bac1156d0_0, 0;
    %load/vec4 v0x564bac116180_0;
    %assign/vec4 v0x564bac116240_0, 0;
    %load/vec4 v0x564bac115910_0;
    %flag_set/vec4 8;
    %jmp/0xz  T_11.0, 8;
    %load/vec4 v0x564bac116b30_0;
    %assign/vec4 v0x564bac1150f0_0, 0;
    %load/vec4 v0x564bac116dd0_0;
    %assign/vec4 v0x564bac115390_0, 0;
    %load/vec4 v0x564bac116eb0_0;
    %assign/vec4 v0x564bac115470_0, 0;
    %load/vec4 v0x564bac116cf0_0;
    %assign/vec4 v0x564bac1152b0_0, 0;
    %load/vec4 v0x564bac116c10_0;
    %assign/vec4 v0x564bac1151d0_0, 0;
    %load/vec4 v0x564bac117030_0;
    %assign/vec4 v0x564bac115530_0, 0;
    %jmp T_11.1;
T_11.0 ;
    %load/vec4 v0x564bac115ba0_0;
    %flag_set/vec4 8;
    %jmp/0xz  T_11.2, 8;
    %load/vec4 v0x564bac115c60_0;
    %assign/vec4 v0x564bac1150f0_0, 0;
    %load/vec4 v0x564bac115f00_0;
    %assign/vec4 v0x564bac115390_0, 0;
    %load/vec4 v0x564bac115fe0_0;
    %assign/vec4 v0x564bac115470_0, 0;
    %load/vec4 v0x564bac115e20_0;
    %assign/vec4 v0x564bac1152b0_0, 0;
    %load/vec4 v0x564bac115d40_0;
    %assign/vec4 v0x564bac1151d0_0, 0;
    %load/vec4 v0x564bac1160a0_0;
    %assign/vec4 v0x564bac115530_0, 0;
T_11.2 ;
T_11.1 ;
    %load/vec4 v0x564bac1159d0_0;
    %flag_set/vec4 8;
    %jmp/0xz  T_11.4, 8;
    %load/vec4 v0x564bac116b30_0;
    %assign/vec4 v0x564bac115c60_0, 0;
    %load/vec4 v0x564bac116dd0_0;
    %assign/vec4 v0x564bac115f00_0, 0;
    %load/vec4 v0x564bac116eb0_0;
    %assign/vec4 v0x564bac115fe0_0, 0;
    %load/vec4 v0x564bac116cf0_0;
    %assign/vec4 v0x564bac115e20_0, 0;
    %load/vec4 v0x564bac116c10_0;
    %assign/vec4 v0x564bac115d40_0, 0;
    %load/vec4 v0x564bac117030_0;
    %assign/vec4 v0x564bac1160a0_0, 0;
T_11.4 ;
    %load/vec4 v0x564bac116a90_0;
    %flag_set/vec4 8;
    %jmp/0xz  T_11.6, 8;
    %pushi/vec4 0, 0, 1;
    %assign/vec4 v0x564bac115850_0, 0;
    %pushi/vec4 0, 0, 1;
    %assign/vec4 v0x564bac1156d0_0, 0;
    %pushi/vec4 0, 0, 1;
    %assign/vec4 v0x564bac116240_0, 0;
T_11.6 ;
    %jmp T_11;
    .thread T_11;
    .scope S_0x564bac0c5440;
T_12 ;
    %vpi_call 2 112 "$dumpfile", "../vcd/tb_SubMultAbs.vcd" {0 0 0};
    %vpi_call 2 113 "$dumpvars", 32'sb00000000000000000000000000000000, S_0x564bac0f0f60 {0 0 0};
    %end;
    .thread T_12;
    .scope S_0x564bac0c5440;
T_13 ;
    %pushi/vec4 0, 0, 1;
    %store/vec4 v0x564bac125a70_0, 0, 1;
T_13.0 ;
    %delay 1000, 0;
    %load/vec4 v0x564bac125a70_0;
    %nor/r;
    %store/vec4 v0x564bac125a70_0, 0, 1;
    %jmp T_13.0;
    %end;
    .thread T_13;
    .scope S_0x564bac0c5440;
T_14 ;
    %pushi/vec4 0, 0, 1;
    %store/vec4 v0x564bac126620_0, 0, 1;
    %pushi/vec4 0, 0, 1;
    %store/vec4 v0x564bac126560_0, 0, 1;
    %pushi/vec4 0, 0, 16;
    %store/vec4 v0x564bac1266c0_0, 0, 16;
    %pushi/vec4 0, 0, 1;
    %store/vec4 v0x564bac1269f0_0, 0, 1;
    %pushi/vec4 0, 0, 1;
    %store/vec4 v0x564bac126ce0_0, 0, 1;
    %pushi/vec4 0, 0, 16;
    %store/vec4 v0x564bac126dd0_0, 0, 16;
    %pushi/vec4 0, 0, 1;
    %store/vec4 v0x564bac127100_0, 0, 1;
    %pushi/vec4 0, 0, 1;
    %store/vec4 v0x564bac1273f0_0, 0, 1;
    %pushi/vec4 0, 0, 16;
    %store/vec4 v0x564bac1274e0_0, 0, 16;
    %pushi/vec4 0, 0, 1;
    %store/vec4 v0x564bac127a20_0, 0, 1;
    %pushi/vec4 0, 0, 1;
    %store/vec4 v0x564bac127d10_0, 0, 1;
    %pushi/vec4 0, 0, 1;
    %store/vec4 v0x564bac126270_0, 0, 1;
    %delay 10000, 0;
    %pushi/vec4 1, 0, 1;
    %store/vec4 v0x564bac126620_0, 0, 1;
    %delay 10000, 0;
    %pushi/vec4 0, 0, 1;
    %store/vec4 v0x564bac126620_0, 0, 1;
    %delay 10000, 0;
    %pushi/vec4 1, 0, 1;
    %store/vec4 v0x564bac126560_0, 0, 1;
    %wait E_0x564bac059f30;
    %delay 1000, 0;
    %pushi/vec4 1, 0, 1;
    %store/vec4 v0x564bac126270_0, 0, 1;
    %delay 500000, 0;
    %vpi_call 2 148 "$finish" {0 0 0};
    %end;
    .thread T_14;
    .scope S_0x564bac0c5440;
T_15 ;
    %wait E_0x564bac059f30;
    %load/vec4 v0x564bac126560_0;
    %flag_set/vec4 8;
    %jmp/0xz  T_15.0, 8;
    %load/vec4 v0x564bac125dc0_0;
    %pushi/vec4 5, 0, 32;
    %mod/s;
    %assign/vec4 v0x564bac125990_0, 0;
    %load/vec4 v0x564bac125ce0_0;
    %pushi/vec4 5, 0, 32;
    %div/s;
    %pushi/vec4 5, 0, 32;
    %mod/s;
    %assign/vec4 v0x564bac125890_0, 0;
    %vpi_call 2 164 "$display", "Count : %d,%d -- %X:%X:%X-%X:%X:%X-%X:%X:%X-%X:%X:%X", v0x564bac125ce0_0, v0x564bac125dc0_0, v0x564bac126ae0_0, v0x564bac126ce0_0, v0x564bac1269f0_0, v0x564bac1271f0_0, v0x564bac1273f0_0, v0x564bac127100_0, v0x564bac127b10_0, v0x564bac127d10_0, v0x564bac127a20_0, v0x564bac126270_0, v0x564bac126470_0, v0x564bac126180_0 {0 0 0};
    %load/vec4 v0x564bac126ae0_0;
    %flag_set/vec4 9;
    %flag_get/vec4 9;
    %jmp/0 T_15.4, 9;
    %load/vec4 v0x564bac126ce0_0;
    %and;
T_15.4;
    %flag_set/vec4 8;
    %jmp/0xz  T_15.2, 8;
    %load/vec4 v0x564bac125ce0_0;
    %addi 1, 0, 32;
    %assign/vec4 v0x564bac125ce0_0, 0;
T_15.2 ;
    %load/vec4 v0x564bac1271f0_0;
    %flag_set/vec4 9;
    %flag_get/vec4 9;
    %jmp/0 T_15.7, 9;
    %load/vec4 v0x564bac1273f0_0;
    %and;
T_15.7;
    %flag_set/vec4 8;
    %jmp/0xz  T_15.5, 8;
    %load/vec4 v0x564bac125dc0_0;
    %addi 1, 0, 32;
    %assign/vec4 v0x564bac125dc0_0, 0;
T_15.5 ;
    %load/vec4 v0x564bac125ce0_0;
    %cmpi/e 0, 0, 32;
    %jmp/0xz  T_15.8, 4;
    %pushi/vec4 4096, 0, 16;
    %assign/vec4 v0x564bac1274e0_0, 0;
    %pushi/vec4 1, 0, 1;
    %assign/vec4 v0x564bac127a20_0, 0;
    %pushi/vec4 1, 0, 1;
    %assign/vec4 v0x564bac127d10_0, 0;
T_15.8 ;
    %load/vec4 v0x564bac125ce0_0;
    %cmpi/ne 0, 0, 32;
    %flag_get/vec4 4;
    %jmp/0 T_15.12, 4;
    %load/vec4 v0x564bac125ce0_0;
    %cmpi/s 25, 0, 32;
    %flag_get/vec4 5;
    %and;
T_15.12;
    %flag_set/vec4 8;
    %jmp/0xz  T_15.10, 8;
    %pushi/vec4 20480, 0, 16;
    %assign/vec4 v0x564bac1274e0_0, 0;
T_15.10 ;
    %load/vec4 v0x564bac125ce0_0;
    %cmpi/e 25, 0, 32;
    %jmp/0xz  T_15.13, 4;
    %pushi/vec4 2048, 0, 16;
    %assign/vec4 v0x564bac1274e0_0, 0;
    %pushi/vec4 0, 0, 1;
    %assign/vec4 v0x564bac127a20_0, 0;
    %pushi/vec4 0, 0, 1;
    %assign/vec4 v0x564bac127d10_0, 0;
T_15.13 ;
    %load/vec4 v0x564bac125ce0_0;
    %cmpi/s 25, 0, 32;
    %flag_or 5, 4; GT is !LE
    %flag_inv 5;
    %flag_get/vec4 5;
    %jmp/0 T_15.17, 5;
    %load/vec4 v0x564bac125ce0_0;
    %cmpi/s 50, 0, 32;
    %flag_get/vec4 5;
    %and;
T_15.17;
    %flag_set/vec4 8;
    %jmp/0xz  T_15.15, 8;
    %load/vec4 v0x564bac1274e0_0;
    %addi 8, 0, 16;
    %assign/vec4 v0x564bac1274e0_0, 0;
T_15.15 ;
    %load/vec4 v0x564bac125890_0;
    %dup/vec4;
    %pushi/vec4 4, 0, 32;
    %cmp/u;
    %jmp/1 T_15.18, 6;
    %dup/vec4;
    %pushi/vec4 3, 0, 32;
    %cmp/u;
    %jmp/1 T_15.19, 6;
    %dup/vec4;
    %pushi/vec4 2, 0, 32;
    %cmp/u;
    %jmp/1 T_15.20, 6;
    %dup/vec4;
    %pushi/vec4 1, 0, 32;
    %cmp/u;
    %jmp/1 T_15.21, 6;
    %pushi/vec4 49152, 0, 16;
    %assign/vec4 v0x564bac1266c0_0, 0;
    %jmp T_15.23;
T_15.18 ;
    %pushi/vec4 16384, 0, 16;
    %assign/vec4 v0x564bac1266c0_0, 0;
    %jmp T_15.23;
T_15.19 ;
    %pushi/vec4 2048, 0, 16;
    %assign/vec4 v0x564bac1266c0_0, 0;
    %jmp T_15.23;
T_15.20 ;
    %pushi/vec4 0, 0, 16;
    %assign/vec4 v0x564bac1266c0_0, 0;
    %jmp T_15.23;
T_15.21 ;
    %pushi/vec4 63488, 0, 16;
    %assign/vec4 v0x564bac1266c0_0, 0;
    %jmp T_15.23;
T_15.23 ;
    %pop/vec4 1;
    %load/vec4 v0x564bac125990_0;
    %dup/vec4;
    %pushi/vec4 4, 0, 32;
    %cmp/u;
    %jmp/1 T_15.24, 6;
    %dup/vec4;
    %pushi/vec4 3, 0, 32;
    %cmp/u;
    %jmp/1 T_15.25, 6;
    %dup/vec4;
    %pushi/vec4 2, 0, 32;
    %cmp/u;
    %jmp/1 T_15.26, 6;
    %dup/vec4;
    %pushi/vec4 1, 0, 32;
    %cmp/u;
    %jmp/1 T_15.27, 6;
    %pushi/vec4 49152, 0, 16;
    %assign/vec4 v0x564bac126dd0_0, 0;
    %jmp T_15.29;
T_15.24 ;
    %pushi/vec4 16384, 0, 16;
    %assign/vec4 v0x564bac126dd0_0, 0;
    %jmp T_15.29;
T_15.25 ;
    %pushi/vec4 2048, 0, 16;
    %assign/vec4 v0x564bac126dd0_0, 0;
    %jmp T_15.29;
T_15.26 ;
    %pushi/vec4 0, 0, 16;
    %assign/vec4 v0x564bac126dd0_0, 0;
    %jmp T_15.29;
T_15.27 ;
    %pushi/vec4 63488, 0, 16;
    %assign/vec4 v0x564bac126dd0_0, 0;
    %jmp T_15.29;
T_15.29 ;
    %pop/vec4 1;
    %load/vec4 v0x564bac126ce0_0;
    %nor/r;
    %flag_set/vec4 9;
    %flag_get/vec4 9;
    %jmp/0 T_15.32, 9;
    %load/vec4 v0x564bac125ce0_0;
    %cmpi/s 70, 0, 32;
    %flag_get/vec4 5;
    %and;
T_15.32;
    %flag_set/vec4 8;
    %jmp/0xz  T_15.30, 8;
    %pushi/vec4 1, 0, 1;
    %assign/vec4 v0x564bac126ce0_0, 0;
T_15.30 ;
    %load/vec4 v0x564bac1273f0_0;
    %nor/r;
    %flag_set/vec4 9;
    %flag_get/vec4 9;
    %jmp/0 T_15.35, 9;
    %load/vec4 v0x564bac125dc0_0;
    %cmpi/s 70, 0, 32;
    %flag_get/vec4 5;
    %and;
T_15.35;
    %flag_set/vec4 8;
    %jmp/0xz  T_15.33, 8;
    %pushi/vec4 1, 0, 1;
    %assign/vec4 v0x564bac1273f0_0, 0;
T_15.33 ;
    %load/vec4 v0x564bac125ce0_0;
    %cmpi/e 24, 0, 32;
    %jmp/1 T_15.39, 4;
    %flag_mov 8, 4;
    %load/vec4 v0x564bac125ce0_0;
    %cmpi/e 60, 0, 32;
    %flag_or 4, 8;
T_15.39;
    %jmp/1 T_15.38, 4;
    %flag_mov 8, 4;
    %load/vec4 v0x564bac125ce0_0;
    %cmpi/e 80, 0, 32;
    %flag_or 4, 8;
T_15.38;
    %jmp/0xz  T_15.36, 4;
    %pushi/vec4 1, 0, 1;
    %assign/vec4 v0x564bac1269f0_0, 0;
T_15.36 ;
    %load/vec4 v0x564bac125dc0_0;
    %cmpi/e 24, 0, 32;
    %jmp/1 T_15.43, 4;
    %flag_mov 8, 4;
    %load/vec4 v0x564bac125dc0_0;
    %cmpi/e 60, 0, 32;
    %flag_or 4, 8;
T_15.43;
    %jmp/1 T_15.42, 4;
    %flag_mov 8, 4;
    %load/vec4 v0x564bac125dc0_0;
    %cmpi/e 80, 0, 32;
    %flag_or 4, 8;
T_15.42;
    %jmp/0xz  T_15.40, 4;
    %pushi/vec4 1, 0, 1;
    %assign/vec4 v0x564bac127100_0, 0;
T_15.40 ;
    %load/vec4 v0x564bac126ae0_0;
    %flag_set/vec4 10;
    %flag_get/vec4 10;
    %jmp/0 T_15.48, 10;
    %load/vec4 v0x564bac126ce0_0;
    %and;
T_15.48;
    %flag_set/vec4 9;
    %flag_get/vec4 9;
    %jmp/0 T_15.47, 9;
    %load/vec4 v0x564bac1269f0_0;
    %and;
T_15.47;
    %flag_set/vec4 8;
    %jmp/1 T_15.46, 8;
    %load/vec4 v0x564bac125ce0_0;
    %cmpi/s 80, 0, 32;
    %flag_or 5, 4; GT is !LE
    %flag_inv 5;
    %flag_or 8, 5;
T_15.46;
    %jmp/0xz  T_15.44, 8;
    %pushi/vec4 0, 0, 1;
    %assign/vec4 v0x564bac1269f0_0, 0;
T_15.44 ;
    %load/vec4 v0x564bac1271f0_0;
    %flag_set/vec4 10;
    %flag_get/vec4 10;
    %jmp/0 T_15.53, 10;
    %load/vec4 v0x564bac1273f0_0;
    %and;
T_15.53;
    %flag_set/vec4 9;
    %flag_get/vec4 9;
    %jmp/0 T_15.52, 9;
    %load/vec4 v0x564bac127100_0;
    %and;
T_15.52;
    %flag_set/vec4 8;
    %jmp/1 T_15.51, 8;
    %load/vec4 v0x564bac125dc0_0;
    %cmpi/s 80, 0, 32;
    %flag_or 5, 4; GT is !LE
    %flag_inv 5;
    %flag_or 8, 5;
T_15.51;
    %jmp/0xz  T_15.49, 8;
    %pushi/vec4 0, 0, 1;
    %assign/vec4 v0x564bac127100_0, 0;
T_15.49 ;
    %load/vec4 v0x564bac125ce0_0;
    %cmpi/e 27, 0, 32;
    %flag_get/vec4 4;
    %jmp/0 T_15.56, 4;
    %load/vec4 v0x564bac126470_0;
    %and;
T_15.56;
    %flag_set/vec4 8;
    %jmp/0xz  T_15.54, 8;
    %pushi/vec4 0, 0, 1;
    %assign/vec4 v0x564bac126ce0_0, 0;
T_15.54 ;
    %load/vec4 v0x564bac125dc0_0;
    %cmpi/e 27, 0, 32;
    %flag_get/vec4 4;
    %jmp/0 T_15.59, 4;
    %load/vec4 v0x564bac126470_0;
    %and;
T_15.59;
    %flag_set/vec4 8;
    %jmp/0xz  T_15.57, 8;
    %pushi/vec4 0, 0, 1;
    %assign/vec4 v0x564bac1273f0_0, 0;
T_15.57 ;
    %load/vec4 v0x564bac125ce0_0;
    %cmpi/e 27, 0, 32;
    %flag_get/vec4 4;
    %jmp/0 T_15.62, 4;
    %load/vec4 v0x564bac126470_0;
    %and;
T_15.62;
    %flag_set/vec4 8;
    %jmp/0xz  T_15.60, 8;
    %pushi/vec4 1, 0, 1;
    %assign/vec4 v0x564bac127d10_0, 0;
T_15.60 ;
    %load/vec4 v0x564bac125ce0_0;
    %cmpi/e 30, 0, 32;
    %flag_get/vec4 4;
    %jmp/0 T_15.65, 4;
    %load/vec4 v0x564bac126470_0;
    %and;
T_15.65;
    %flag_set/vec4 8;
    %jmp/0xz  T_15.63, 8;
    %pushi/vec4 0, 0, 1;
    %assign/vec4 v0x564bac127d10_0, 0;
T_15.63 ;
    %load/vec4 v0x564bac125ce0_0;
    %cmpi/s 70, 0, 32;
    %flag_or 5, 4; GT is !LE
    %flag_inv 5;
    %flag_get/vec4 5;
    %jmp/0 T_15.69, 5;
    %load/vec4 v0x564bac127e00_0;
    %nor/r;
    %and;
T_15.69;
    %flag_set/vec4 9;
    %flag_get/vec4 9;
    %jmp/0 T_15.68, 9;
    %load/vec4 v0x564bac126470_0;
    %nor/r;
    %and;
T_15.68;
    %flag_set/vec4 8;
    %jmp/0xz  T_15.66, 8;
    %vpi_call 2 252 "$finish" {0 0 0};
T_15.66 ;
    %load/vec4 v0x564bac125ce0_0;
    %assign/vec4 v0x564bac125b40_0, 0;
    %load/vec4 v0x564bac125ce0_0;
    %load/vec4 v0x564bac125b40_0;
    %cmp/e;
    %jmp/1 T_15.72, 4;
    %flag_mov 8, 4;
    %load/vec4 v0x564bac126ce0_0;
    %flag_set/vec4 10;
    %flag_get/vec4 10;
    %jmp/1 T_15.73, 10;
    %load/vec4 v0x564bac126270_0;
    %or;
T_15.73;
    %nor/r;
    %flag_set/vec4 9;
    %flag_or 9, 8;
    %flag_mov 4, 9;
T_15.72;
    %jmp/0xz  T_15.70, 4;
    %load/vec4 v0x564bac127e00_0;
    %cmpi/ne 0, 0, 32;
    %jmp/0xz  T_15.74, 4;
    %load/vec4 v0x564bac127e00_0;
    %subi 1, 0, 32;
    %assign/vec4 v0x564bac127e00_0, 0;
    %jmp T_15.75;
T_15.74 ;
    %pushi/vec4 3, 0, 32;
    %assign/vec4 v0x564bac127e00_0, 0;
T_15.75 ;
    %jmp T_15.71;
T_15.70 ;
    %pushi/vec4 3, 0, 32;
    %assign/vec4 v0x564bac127e00_0, 0;
T_15.71 ;
    %load/vec4 v0x564bac125dc0_0;
    %load/vec4 v0x564bac125c00_0;
    %cmp/e;
    %jmp/1 T_15.78, 4;
    %flag_mov 8, 4;
    %load/vec4 v0x564bac1273f0_0;
    %flag_set/vec4 10;
    %flag_get/vec4 10;
    %jmp/1 T_15.79, 10;
    %load/vec4 v0x564bac126270_0;
    %or;
T_15.79;
    %nor/r;
    %flag_set/vec4 9;
    %flag_or 9, 8;
    %flag_mov 4, 9;
T_15.78;
    %jmp/0xz  T_15.76, 4;
    %load/vec4 v0x564bac127ee0_0;
    %cmpi/ne 0, 0, 32;
    %jmp/0xz  T_15.80, 4;
    %load/vec4 v0x564bac127ee0_0;
    %subi 1, 0, 32;
    %assign/vec4 v0x564bac127ee0_0, 0;
    %jmp T_15.81;
T_15.80 ;
    %pushi/vec4 3, 0, 32;
    %assign/vec4 v0x564bac127ee0_0, 0;
T_15.81 ;
    %jmp T_15.77;
T_15.76 ;
    %pushi/vec4 3, 0, 32;
    %assign/vec4 v0x564bac127ee0_0, 0;
T_15.77 ;
    %jmp T_15.1;
T_15.0 ;
    %pushi/vec4 0, 0, 32;
    %assign/vec4 v0x564bac125ce0_0, 0;
    %pushi/vec4 0, 0, 32;
    %assign/vec4 v0x564bac125dc0_0, 0;
T_15.1 ;
    %jmp T_15;
    .thread T_15;
# The file index is used to find the file name in the following table.
:file_names 6;
    "N/A";
    "<interactive>";
    "../tb/tb_SubMultAbs.v";
    "../rtl/SubMultAbs.v";
    "../rtl/SubMult.v";
    "../lib/verilog-axis/rtl/axis_register.v";
