#! /usr/bin/vvp
:ivl_version "12.0 (stable)";
:ivl_delay_selection "TYPICAL";
:vpi_time_precision - 12;
:vpi_module "/usr/lib/x86_64-linux-gnu/ivl/system.vpi";
:vpi_module "/usr/lib/x86_64-linux-gnu/ivl/vhdl_sys.vpi";
:vpi_module "/usr/lib/x86_64-linux-gnu/ivl/vhdl_textio.vpi";
:vpi_module "/usr/lib/x86_64-linux-gnu/ivl/v2005_math.vpi";
:vpi_module "/usr/lib/x86_64-linux-gnu/ivl/va_math.vpi";
S_0x5597b1b490d0 .scope module, "tbv2_LinearProcessingElement" "tbv2_LinearProcessingElement" 2 6;
 .timescale -9 -12;
P_0x5597b1b5ee90 .param/l "DATA_WIDTH_L_R" 1 2 27, +C4<00000000000000000000000000010000>;
P_0x5597b1b5eed0 .param/l "DATA_WIDTH_OP0" 1 2 15, +C4<00000000000000000000000000010000>;
P_0x5597b1b5ef10 .param/l "DATA_WIDTH_OP1" 1 2 18, +C4<00000000000000000000000000010000>;
P_0x5597b1b5ef50 .param/l "DATA_WIDTH_RSLT" 1 2 21, +C4<00000000000000000000000000010000>;
P_0x5597b1b5ef90 .param/l "DATA_WIDTH_U_D" 1 2 26, +C4<00000000000000000000000000010000>;
P_0x5597b1b5efd0 .param/l "FRACTIONAL_BITS_OP0" 1 2 16, +C4<00000000000000000000000000001100>;
P_0x5597b1b5f010 .param/l "FRACTIONAL_BITS_OP1" 1 2 20, +C4<00000000000000000000000000001100>;
P_0x5597b1b5f050 .param/l "FRACTIONAL_BITS_RSLT" 1 2 22, +C4<00000000000000000000000000001100>;
P_0x5597b1b5f090 .param/l "IS_UNSIGNED_OP0" 1 2 17, +C4<00000000000000000000000000000000>;
P_0x5597b1b5f0d0 .param/l "IS_UNSIGNED_OP1" 1 2 19, +C4<00000000000000000000000000000000>;
P_0x5597b1b5f110 .param/l "OP1_USER_MASK" 1 2 28, +C4<00000000000000000000000000000001000000>;
P_0x5597b1b5f150 .param/l "OUTPUT_DEST" 1 2 24, +C4<00000000000000000000000000000001>;
P_0x5597b1b5f190 .param/l "OUTPUT_ID" 1 2 25, +C4<00000000000000000000000000000001>;
P_0x5597b1b5f1d0 .param/l "PE_NUMBER_I" 1 2 11, +C4<00000000000000000000000000000001>;
P_0x5597b1b5f210 .param/l "PE_NUMBER_J" 1 2 12, +C4<00000000000000000000000000000001>;
P_0x5597b1b5f250 .param/l "PE_POSITION_I" 1 2 13, +C4<00000000000000000000000000000000>;
P_0x5597b1b5f290 .param/l "PE_POSITION_J" 1 2 14, +C4<00000000000000000000000000000000>;
P_0x5597b1b5f2d0 .param/l "RSLT_USER_MASK" 1 2 29, +C4<000000000000000000000000000000010000000>;
P_0x5597b1b5f310 .param/l "USER_WIDTH" 1 2 23, +C4<00000000000000000000000000001000>;
v0x5597b1b814d0_0 .var "clk", 0 0;
v0x5597b1b81590_0 .net "err_unalligned_data", 0 0, L_0x5597b1b952f0;  1 drivers
v0x5597b1b816a0_0 .net "err_user_flag", 0 0, L_0x5597b1b95360;  1 drivers
v0x5597b1b81790_0 .var/i "i_op0", 31 0;
v0x5597b1b81830_0 .var/i "i_op1", 31 0;
v0x5597b1b81960_0 .net "m_axis_down_tdata", 15 0, L_0x5597b1b96d10;  1 drivers
v0x5597b1b81a70_0 .net "m_axis_down_tlast", 0 0, L_0x5597b1b96e80;  1 drivers
v0x5597b1b81b60_0 .var "m_axis_down_tready", 0 0;
v0x5597b1b81c50_0 .net "m_axis_down_tuser", 7 0, L_0x5597b1b96ef0;  1 drivers
v0x5597b1b81d10_0 .net "m_axis_down_tvalid", 0 0, L_0x5597b1b96d80;  1 drivers
v0x5597b1b81e00_0 .net "m_axis_right_tdata", 15 0, L_0x5597b1b97110;  1 drivers
v0x5597b1b81f10_0 .net "m_axis_right_tlast", 0 0, L_0x5597b1b97280;  1 drivers
v0x5597b1b82000_0 .var "m_axis_right_tready", 0 0;
v0x5597b1b820f0_0 .net "m_axis_right_tvalid", 0 0, L_0x5597b1b97180;  1 drivers
v0x5597b1b821e0_0 .var "reset_done", 0 0;
v0x5597b1b822a0_0 .var "rst", 0 0;
v0x5597b1b82340_0 .var "s_axis_left_tdata", 15 0;
v0x5597b1b82450_0 .var "s_axis_left_tlast", 0 0;
v0x5597b1b82540_0 .net "s_axis_left_tready", 0 0, L_0x5597b1b961d0;  1 drivers
v0x5597b1b825e0_0 .var "s_axis_left_tvalid", 0 0;
v0x5597b1b82680_0 .var "s_axis_up_tdata", 15 0;
v0x5597b1b82770_0 .var "s_axis_up_tlast", 0 0;
v0x5597b1b82860_0 .net "s_axis_up_tready", 0 0, L_0x5597b1b954b0;  1 drivers
v0x5597b1b82900_0 .var "s_axis_up_tuser", 7 0;
v0x5597b1b829f0_0 .var "s_axis_up_tvalid", 0 0;
E_0x5597b1aa6a00 .event anyedge, v0x5597b1b5d130_0;
E_0x5597b1aa0d60 .event anyedge, v0x5597b1b6ee60_0;
E_0x5597b1aa6b80 .event anyedge, v0x5597b1b80df0_0;
E_0x5597b1aa77c0 .event anyedge, v0x5597b1b821e0_0;
E_0x5597b1a697b0 .event anyedge, v0x5597b1b80a40_0;
S_0x5597b1b1fba0 .scope module, "uut" "LinearProcessingElement" 2 76, 3 21 0, S_0x5597b1b490d0;
 .timescale -9 -12;
    .port_info 0 /INPUT 1 "clk";
    .port_info 1 /INPUT 1 "rst";
    .port_info 2 /INPUT 16 "s_axis_up_tdata";
    .port_info 3 /INPUT 1 "s_axis_up_tvalid";
    .port_info 4 /OUTPUT 1 "s_axis_up_tready";
    .port_info 5 /INPUT 1 "s_axis_up_tlast";
    .port_info 6 /INPUT 8 "s_axis_up_tuser";
    .port_info 7 /INPUT 16 "s_axis_left_tdata";
    .port_info 8 /INPUT 1 "s_axis_left_tvalid";
    .port_info 9 /OUTPUT 1 "s_axis_left_tready";
    .port_info 10 /INPUT 1 "s_axis_left_tlast";
    .port_info 11 /OUTPUT 16 "m_axis_down_tdata";
    .port_info 12 /OUTPUT 1 "m_axis_down_tvalid";
    .port_info 13 /INPUT 1 "m_axis_down_tready";
    .port_info 14 /OUTPUT 1 "m_axis_down_tlast";
    .port_info 15 /OUTPUT 8 "m_axis_down_tuser";
    .port_info 16 /OUTPUT 16 "m_axis_right_tdata";
    .port_info 17 /OUTPUT 1 "m_axis_right_tvalid";
    .port_info 18 /INPUT 1 "m_axis_right_tready";
    .port_info 19 /OUTPUT 1 "m_axis_right_tlast";
    .port_info 20 /OUTPUT 1 "err_unalligned_data";
    .port_info 21 /OUTPUT 1 "err_user_flag";
P_0x5597b1b5f360 .param/l "DATA_WIDTH_L_R" 0 3 55, +C4<00000000000000000000000000010000>;
P_0x5597b1b5f3a0 .param/l "DATA_WIDTH_OP0" 0 3 31, +C4<00000000000000000000000000010000>;
P_0x5597b1b5f3e0 .param/l "DATA_WIDTH_OP1" 0 3 37, +C4<00000000000000000000000000010000>;
P_0x5597b1b5f420 .param/l "DATA_WIDTH_RSLT" 0 3 43, +C4<00000000000000000000000000010000>;
P_0x5597b1b5f460 .param/l "DATA_WIDTH_U_D" 0 3 53, +C4<00000000000000000000000000010000>;
P_0x5597b1b5f4a0 .param/l "FRACTIONAL_BITS_OP0" 0 3 33, +C4<00000000000000000000000000001100>;
P_0x5597b1b5f4e0 .param/l "FRACTIONAL_BITS_OP1" 0 3 41, +C4<00000000000000000000000000001100>;
P_0x5597b1b5f520 .param/l "FRACTIONAL_BITS_RSLT" 0 3 45, +C4<00000000000000000000000000001100>;
P_0x5597b1b5f560 .param/l "IS_UNSIGNED_OP0" 0 3 35, +C4<00000000000000000000000000000000>;
P_0x5597b1b5f5a0 .param/l "IS_UNSIGNED_OP1" 0 3 39, +C4<00000000000000000000000000000000>;
P_0x5597b1b5f5e0 .param/l "MAC_OP_SIZE" 1 3 106, +C4<00000000000000000000000000000100000>;
P_0x5597b1b5f620 .param/l "MAC_RSLT_LSB" 1 3 107, +C4<0000000000000000000000000000001100>;
P_0x5597b1b5f660 .param/l "MAC_RSLT_MSB" 1 3 108, +C4<000000000000000000000000000000011011>;
P_0x5597b1b5f6a0 .param/l "MLT_OP_SIZE" 1 3 105, +C4<00000000000000000000000000000100000>;
P_0x5597b1b5f6e0 .param/l "OP1_USER_MASK" 0 3 57, +C4<00000000000000000000000000000001000000>;
P_0x5597b1b5f720 .param/l "OUTPUT_DEST" 0 3 49, +C4<00000000000000000000000000000001>;
P_0x5597b1b5f760 .param/l "OUTPUT_ID" 0 3 51, +C4<00000000000000000000000000000001>;
P_0x5597b1b5f7a0 .param/l "PE_NUMBER_I" 0 3 23, +C4<00000000000000000000000000000001>;
P_0x5597b1b5f7e0 .param/l "PE_NUMBER_J" 0 3 25, +C4<00000000000000000000000000000001>;
P_0x5597b1b5f820 .param/l "PE_POSITION_I" 0 3 27, +C4<00000000000000000000000000000000>;
P_0x5597b1b5f860 .param/l "PE_POSITION_J" 0 3 29, +C4<00000000000000000000000000000000>;
P_0x5597b1b5f8a0 .param/l "RSLT_USER_MASK" 0 3 59, +C4<000000000000000000000000000000010000000>;
P_0x5597b1b5f8e0 .param/l "USER_WIDTH" 0 3 47, +C4<00000000000000000000000000001000>;
L_0x5597b1b954b0 .functor AND 1, v0x5597b1b762a0_0, v0x5597b1b7cb40_0, C4<1>, C4<1>;
L_0x5597b1b95f20 .functor AND 1, v0x5597b1b829f0_0, v0x5597b1b7cb40_0, C4<1>, C4<1>;
L_0x5597b1b961d0 .functor AND 1, v0x5597b1b70f40_0, v0x5597b1b7c9c0_0, C4<1>, C4<1>;
L_0x5597b1b96b40 .functor AND 1, v0x5597b1b825e0_0, v0x5597b1b7c9c0_0, C4<1>, C4<1>;
L_0x5597b1b97540 .functor BUFZ 16, v0x5597b1b707e0_0, C4<0000000000000000>, C4<0000000000000000>, C4<0000000000000000>;
L_0x5597b1b97640 .functor AND 1, L_0x5597b1b96370, v0x5597b1b7af10_0, C4<1>, C4<1>;
L_0x5597b1b97820 .functor AND 1, L_0x5597b1b97640, L_0x5597b1b97720, C4<1>, C4<1>;
L_0x5597b1b97890 .functor AND 1, L_0x5597b1b97350, v0x5597b1b7af10_0, C4<1>, C4<1>;
L_0x5597b1b979e0 .functor OR 1, L_0x5597b1b97890, v0x5597b1b7a400_0, C4<0>, C4<0>;
L_0x5597b1b97b70 .functor BUFZ 1, v0x5597b1b70b60_0, C4<0>, C4<0>, C4<0>;
L_0x5597b1b97e80 .functor AND 1, L_0x5597b1b956a0, v0x5597b1b7b090_0, C4<1>, C4<1>;
L_0x5597b1b97f90 .functor AND 1, L_0x5597b1b97e80, L_0x5597b1b97ef0, C4<1>, C4<1>;
L_0x5597b1b97d80 .functor AND 1, L_0x5597b1b96fe0, v0x5597b1b7b090_0, C4<1>, C4<1>;
L_0x5597b1b98260 .functor OR 1, L_0x5597b1b97d80, L_0x5597b1b94dc0, C4<0>, C4<0>;
L_0x7fe6f1d5ebe8 .functor BUFT 1, C4<000000000000000000000000000000010000000>, C4<0>, C4<0>, C4<0>;
v0x5597b1b7cfe0_0 .net/2u *"_ivl_100", 38 0, L_0x7fe6f1d5ebe8;  1 drivers
v0x5597b1b7d0e0_0 .net *"_ivl_102", 38 0, L_0x5597b1b98690;  1 drivers
L_0x7fe6f1d5ec30 .functor BUFT 1, C4<0000000000000000000000000000000>, C4<0>, C4<0>, C4<0>;
v0x5597b1b7d1c0_0 .net *"_ivl_105", 30 0, L_0x7fe6f1d5ec30;  1 drivers
v0x5597b1b7d2b0_0 .net *"_ivl_106", 38 0, L_0x5597b1b98780;  1 drivers
L_0x7fe6f1d5e060 .functor BUFT 1, C4<0000000000000000>, C4<0>, C4<0>, C4<0>;
v0x5597b1b7d390_0 .net *"_ivl_11", 15 0, L_0x7fe6f1d5e060;  1 drivers
L_0x7fe6f1d5e0a8 .functor BUFT 1, C4<00000000000000000000000000000000>, C4<0>, C4<0>, C4<0>;
v0x5597b1b7d470_0 .net/2u *"_ivl_14", 31 0, L_0x7fe6f1d5e0a8;  1 drivers
v0x5597b1b7d550_0 .net *"_ivl_4", 31 0, L_0x5597b1b82c70;  1 drivers
v0x5597b1b7d630_0 .net *"_ivl_62", 0 0, L_0x5597b1b97640;  1 drivers
v0x5597b1b7d710_0 .net *"_ivl_65", 0 0, L_0x5597b1b97720;  1 drivers
v0x5597b1b7d860_0 .net *"_ivl_68", 0 0, L_0x5597b1b97890;  1 drivers
L_0x7fe6f1d5e018 .functor BUFT 1, C4<0000000000000000>, C4<0>, C4<0>, C4<0>;
v0x5597b1b7d940_0 .net *"_ivl_7", 15 0, L_0x7fe6f1d5e018;  1 drivers
v0x5597b1b7da20_0 .net *"_ivl_74", 15 0, L_0x5597b1b97c40;  1 drivers
L_0x7fe6f1d5eb10 .functor BUFT 1, C4<1>, C4<0>, C4<0>, C4<0>;
v0x5597b1b7db00_0 .net/2u *"_ivl_78", 0 0, L_0x7fe6f1d5eb10;  1 drivers
v0x5597b1b7dbe0_0 .net *"_ivl_8", 31 0, L_0x5597b1b92dc0;  1 drivers
v0x5597b1b7dcc0_0 .net *"_ivl_80", 0 0, L_0x5597b1b97e80;  1 drivers
v0x5597b1b7dda0_0 .net *"_ivl_83", 0 0, L_0x5597b1b97ef0;  1 drivers
v0x5597b1b7de60_0 .net *"_ivl_84", 0 0, L_0x5597b1b97f90;  1 drivers
L_0x7fe6f1d5eb58 .functor BUFT 1, C4<0>, C4<0>, C4<0>, C4<0>;
v0x5597b1b7df40_0 .net/2u *"_ivl_88", 0 0, L_0x7fe6f1d5eb58;  1 drivers
v0x5597b1b7e020_0 .net *"_ivl_90", 0 0, L_0x5597b1b97d80;  1 drivers
v0x5597b1b7e100_0 .net *"_ivl_92", 0 0, L_0x5597b1b98260;  1 drivers
L_0x7fe6f1d5eba0 .functor BUFT 1, C4<1>, C4<0>, C4<0>, C4<0>;
v0x5597b1b7e1e0_0 .net/2u *"_ivl_96", 0 0, L_0x7fe6f1d5eba0;  1 drivers
v0x5597b1b7e2c0_0 .net "bypass_adder", 0 0, L_0x5597b1b95160;  1 drivers
v0x5597b1b7e360_0 .net "clk", 0 0, v0x5597b1b814d0_0;  1 drivers
v0x5597b1b7e400_0 .net "drop_l", 0 0, v0x5597b1b7a400_0;  1 drivers
v0x5597b1b7e4d0_0 .net "drop_u", 0 0, L_0x5597b1b94dc0;  1 drivers
v0x5597b1b7e5a0_0 .net "err_unalligned_data", 0 0, L_0x5597b1b952f0;  alias, 1 drivers
v0x5597b1b7e670_0 .net "err_user_flag", 0 0, L_0x5597b1b95360;  alias, 1 drivers
v0x5597b1b7e740_0 .net "export_rslt", 0 0, L_0x5597b1b94ed0;  1 drivers
v0x5597b1b7e810_0 .net "forward_l", 0 0, v0x5597b1b7af10_0;  1 drivers
v0x5597b1b7e8e0_0 .net "forward_u", 0 0, v0x5597b1b7b090_0;  1 drivers
v0x5597b1b7e9b0_0 .net "int_axis_down_tdata", 15 0, L_0x5597b1b97ce0;  1 drivers
v0x5597b1b7ea80_0 .net "int_axis_down_tlast", 0 0, L_0x5597b1b98510;  1 drivers
v0x5597b1b7eb50_0 .net "int_axis_down_tready", 0 0, L_0x5597b1b96fe0;  1 drivers
v0x5597b1b7ebf0_0 .net "int_axis_down_tuser", 7 0, L_0x5597b1b98960;  1 drivers
v0x5597b1b7ec90_0 .net "int_axis_down_tvalid", 0 0, L_0x5597b1b980a0;  1 drivers
v0x5597b1b7ed30_0 .net "int_axis_left_tdata", 15 0, v0x5597b1b707e0_0;  1 drivers
v0x5597b1b7edd0_0 .net "int_axis_left_tlast", 0 0, v0x5597b1b70b60_0;  1 drivers
v0x5597b1b7ee70_0 .net "int_axis_left_tready", 0 0, L_0x5597b1b979e0;  1 drivers
v0x5597b1b7ef60_0 .net "int_axis_left_tvalid", 0 0, L_0x5597b1b96370;  1 drivers
v0x5597b1b7f050_0 .net "int_axis_right_tdata", 15 0, L_0x5597b1b97540;  1 drivers
v0x5597b1b7f0f0_0 .net "int_axis_right_tlast", 0 0, L_0x5597b1b97b70;  1 drivers
v0x5597b1b7f190_0 .net "int_axis_right_tready", 0 0, L_0x5597b1b97350;  1 drivers
v0x5597b1b7f280_0 .net "int_axis_right_tvalid", 0 0, L_0x5597b1b97820;  1 drivers
v0x5597b1b7f370_0 .net "int_axis_up_tdata", 15 0, v0x5597b1b75b40_0;  1 drivers
v0x5597b1b7f410_0 .net "int_axis_up_tlast", 0 0, v0x5597b1b75ec0_0;  1 drivers
v0x5597b1b7f500_0 .net "int_axis_up_tready", 0 0, L_0x5597b1b983e0;  1 drivers
v0x5597b1b7f5f0_0 .net "int_axis_up_tuser", 7 0, v0x5597b1b75f80_0;  1 drivers
v0x5597b1b7f6e0_0 .net "int_axis_up_tvalid", 0 0, L_0x5597b1b956a0;  1 drivers
v0x5597b1b7f7d0_0 .net "m_axis_down_tdata", 15 0, L_0x5597b1b96d10;  alias, 1 drivers
v0x5597b1b7f870_0 .net "m_axis_down_tlast", 0 0, L_0x5597b1b96e80;  alias, 1 drivers
v0x5597b1b7f910_0 .net "m_axis_down_tready", 0 0, v0x5597b1b81b60_0;  1 drivers
v0x5597b1b7f9b0_0 .net "m_axis_down_tuser", 7 0, L_0x5597b1b96ef0;  alias, 1 drivers
v0x5597b1b7fa50_0 .net "m_axis_down_tvalid", 0 0, L_0x5597b1b96d80;  alias, 1 drivers
v0x5597b1b7faf0_0 .net "m_axis_right_tdata", 15 0, L_0x5597b1b97110;  alias, 1 drivers
v0x5597b1b7fb90_0 .net "m_axis_right_tlast", 0 0, L_0x5597b1b97280;  alias, 1 drivers
v0x5597b1b7fc60_0 .net "m_axis_right_tready", 0 0, v0x5597b1b82000_0;  1 drivers
v0x5597b1b7fd30_0 .net "m_axis_right_tvalid", 0 0, L_0x5597b1b97180;  alias, 1 drivers
v0x5597b1b7fe00_0 .net "mult_op0", 15 0, L_0x5597b1b82a90;  1 drivers
v0x5597b1b7fea0_0 .net "mult_op1", 15 0, L_0x5597b1b82b80;  1 drivers
v0x5597b1b7ff40_0 .net "mult_res", 31 0, L_0x5597b1b92f00;  1 drivers
v0x5597b1b7ffe0_0 .net "op_start", 0 0, v0x5597b1b7c070_0;  1 drivers
v0x5597b1b800b0_0 .net "partial_sum_fb", 31 0, L_0x5597b1b93040;  1 drivers
v0x5597b1b80150_0 .var "partial_sum_reg", 31 0;
v0x5597b1b801f0_0 .net "partial_sum_reg_next", 31 0, L_0x5597b1b93300;  1 drivers
v0x5597b1b80290_0 .net "partial_sum_rslt", 31 0, L_0x5597b1b931c0;  1 drivers
v0x5597b1b80740_0 .net "rslt", 15 0, L_0x5597b1b93490;  1 drivers
v0x5597b1b807e0_0 .net "rst", 0 0, v0x5597b1b822a0_0;  1 drivers
v0x5597b1b80880_0 .net "s_axis_left_tdata", 15 0, v0x5597b1b82340_0;  1 drivers
v0x5597b1b80970_0 .net "s_axis_left_tlast", 0 0, v0x5597b1b82450_0;  1 drivers
v0x5597b1b80a40_0 .net "s_axis_left_tready", 0 0, L_0x5597b1b961d0;  alias, 1 drivers
v0x5597b1b80ae0_0 .net "s_axis_left_tready_int", 0 0, v0x5597b1b70f40_0;  1 drivers
v0x5597b1b80bb0_0 .net "s_axis_left_tvalid", 0 0, v0x5597b1b825e0_0;  1 drivers
v0x5597b1b80c50_0 .net "s_axis_up_tdata", 15 0, v0x5597b1b82680_0;  1 drivers
v0x5597b1b80d20_0 .net "s_axis_up_tlast", 0 0, v0x5597b1b82770_0;  1 drivers
v0x5597b1b80df0_0 .net "s_axis_up_tready", 0 0, L_0x5597b1b954b0;  alias, 1 drivers
v0x5597b1b80e90_0 .net "s_axis_up_tready_int", 0 0, v0x5597b1b762a0_0;  1 drivers
v0x5597b1b80f60_0 .net "s_axis_up_tuser", 7 0, v0x5597b1b82900_0;  1 drivers
v0x5597b1b81030_0 .net "s_axis_up_tvalid", 0 0, v0x5597b1b829f0_0;  1 drivers
v0x5597b1b810d0_0 .net "store_l", 0 0, v0x5597b1b7c9c0_0;  1 drivers
v0x5597b1b811a0_0 .net "store_u", 0 0, v0x5597b1b7cb40_0;  1 drivers
L_0x5597b1b82a90 .concat [ 16 0 0 0], v0x5597b1b707e0_0;
L_0x5597b1b82b80 .concat [ 16 0 0 0], v0x5597b1b75b40_0;
L_0x5597b1b82c70 .concat [ 16 16 0 0], L_0x5597b1b82a90, L_0x7fe6f1d5e018;
L_0x5597b1b92dc0 .concat [ 16 16 0 0], L_0x5597b1b82b80, L_0x7fe6f1d5e060;
L_0x5597b1b92f00 .arith/mult 32, L_0x5597b1b82c70, L_0x5597b1b92dc0;
L_0x5597b1b93040 .functor MUXZ 32, v0x5597b1b80150_0, L_0x7fe6f1d5e0a8, v0x5597b1b7c070_0, C4<>;
L_0x5597b1b931c0 .arith/sum 32, L_0x5597b1b93040, L_0x5597b1b92f00;
L_0x5597b1b93300 .functor MUXZ 32, L_0x5597b1b931c0, L_0x5597b1b93040, L_0x5597b1b95160, C4<>;
L_0x5597b1b93490 .part v0x5597b1b80150_0, 12, 16;
L_0x5597b1b97720 .reduce/nor v0x5597b1b7a400_0;
L_0x5597b1b97c40 .concat [ 16 0 0 0], L_0x5597b1b93490;
L_0x5597b1b97ce0 .functor MUXZ 16, v0x5597b1b75b40_0, L_0x5597b1b97c40, L_0x5597b1b94ed0, C4<>;
L_0x5597b1b97ef0 .reduce/nor L_0x5597b1b94dc0;
L_0x5597b1b980a0 .functor MUXZ 1, L_0x5597b1b97f90, L_0x7fe6f1d5eb10, L_0x5597b1b94ed0, C4<>;
L_0x5597b1b983e0 .functor MUXZ 1, L_0x5597b1b98260, L_0x7fe6f1d5eb58, L_0x5597b1b94ed0, C4<>;
L_0x5597b1b98510 .functor MUXZ 1, v0x5597b1b75ec0_0, L_0x7fe6f1d5eba0, L_0x5597b1b94ed0, C4<>;
L_0x5597b1b98690 .concat [ 8 31 0 0], v0x5597b1b75f80_0, L_0x7fe6f1d5ec30;
L_0x5597b1b98780 .functor MUXZ 39, L_0x5597b1b98690, L_0x7fe6f1d5ebe8, L_0x5597b1b94ed0, C4<>;
L_0x5597b1b98960 .part L_0x5597b1b98780, 0, 8;
S_0x5597b1b1ff80 .scope module, "axis_register_down_inst" "axis_register" 3 315, 4 34 0, S_0x5597b1b1fba0;
 .timescale -9 -12;
    .port_info 0 /INPUT 1 "clk";
    .port_info 1 /INPUT 1 "rst";
    .port_info 2 /INPUT 16 "s_axis_tdata";
    .port_info 3 /INPUT 1 "s_axis_tkeep";
    .port_info 4 /INPUT 1 "s_axis_tvalid";
    .port_info 5 /OUTPUT 1 "s_axis_tready";
    .port_info 6 /INPUT 1 "s_axis_tlast";
    .port_info 7 /INPUT 1 "s_axis_tid";
    .port_info 8 /INPUT 1 "s_axis_tdest";
    .port_info 9 /INPUT 8 "s_axis_tuser";
    .port_info 10 /OUTPUT 16 "m_axis_tdata";
    .port_info 11 /OUTPUT 1 "m_axis_tkeep";
    .port_info 12 /OUTPUT 1 "m_axis_tvalid";
    .port_info 13 /INPUT 1 "m_axis_tready";
    .port_info 14 /OUTPUT 1 "m_axis_tlast";
    .port_info 15 /OUTPUT 1 "m_axis_tid";
    .port_info 16 /OUTPUT 1 "m_axis_tdest";
    .port_info 17 /OUTPUT 8 "m_axis_tuser";
P_0x5597b1ae0510 .param/l "DATA_WIDTH" 0 4 37, +C4<00000000000000000000000000010000>;
P_0x5597b1ae0550 .param/l "DEST_ENABLE" 0 4 49, +C4<00000000000000000000000000000000>;
P_0x5597b1ae0590 .param/l "DEST_WIDTH" 0 4 51, +C4<00000000000000000000000000000001>;
P_0x5597b1ae05d0 .param/l "ID_ENABLE" 0 4 45, +C4<00000000000000000000000000000000>;
P_0x5597b1ae0610 .param/l "ID_WIDTH" 0 4 47, +C4<00000000000000000000000000000001>;
P_0x5597b1ae0650 .param/l "KEEP_ENABLE" 0 4 39, +C4<00000000000000000000000000000000>;
P_0x5597b1ae0690 .param/l "KEEP_WIDTH" 0 4 41, +C4<00000000000000000000000000000001>;
P_0x5597b1ae06d0 .param/l "LAST_ENABLE" 0 4 43, +C4<00000000000000000000000000000001>;
P_0x5597b1ae0710 .param/l "REG_TYPE" 0 4 58, +C4<00000000000000000000000000000000>;
P_0x5597b1ae0750 .param/l "USER_ENABLE" 0 4 53, +C4<00000000000000000000000000000001>;
P_0x5597b1ae0790 .param/l "USER_WIDTH" 0 4 55, +C4<00000000000000000000000000001000>;
v0x5597b1b5d130_0 .net "clk", 0 0, v0x5597b1b814d0_0;  alias, 1 drivers
v0x5597b1b5e010_0 .net "m_axis_tdata", 15 0, L_0x5597b1b96d10;  alias, 1 drivers
L_0x7fe6f1d5e7b0 .functor BUFT 1, C4<0>, C4<0>, C4<0>, C4<0>;
v0x5597b1b4e290_0 .net "m_axis_tdest", 0 0, L_0x7fe6f1d5e7b0;  1 drivers
L_0x7fe6f1d5e768 .functor BUFT 1, C4<0>, C4<0>, C4<0>, C4<0>;
v0x5597b1b28cf0_0 .net "m_axis_tid", 0 0, L_0x7fe6f1d5e768;  1 drivers
L_0x7fe6f1d5e720 .functor BUFT 1, C4<1>, C4<0>, C4<0>, C4<0>;
v0x5597b1b37880_0 .net "m_axis_tkeep", 0 0, L_0x7fe6f1d5e720;  1 drivers
v0x5597b1ae60c0_0 .net "m_axis_tlast", 0 0, L_0x5597b1b96e80;  alias, 1 drivers
v0x5597b1b6ecc0_0 .net "m_axis_tready", 0 0, v0x5597b1b81b60_0;  alias, 1 drivers
v0x5597b1b6ed80_0 .net "m_axis_tuser", 7 0, L_0x5597b1b96ef0;  alias, 1 drivers
v0x5597b1b6ee60_0 .net "m_axis_tvalid", 0 0, L_0x5597b1b96d80;  alias, 1 drivers
v0x5597b1b6ef20_0 .net "rst", 0 0, v0x5597b1b822a0_0;  alias, 1 drivers
v0x5597b1b6efe0_0 .net "s_axis_tdata", 15 0, L_0x5597b1b97ce0;  alias, 1 drivers
L_0x7fe6f1d5e888 .functor BUFT 1, C4<0>, C4<0>, C4<0>, C4<0>;
v0x5597b1b6f0c0_0 .net "s_axis_tdest", 0 0, L_0x7fe6f1d5e888;  1 drivers
L_0x7fe6f1d5e840 .functor BUFT 1, C4<0>, C4<0>, C4<0>, C4<0>;
v0x5597b1b6f1a0_0 .net "s_axis_tid", 0 0, L_0x7fe6f1d5e840;  1 drivers
L_0x7fe6f1d5e7f8 .functor BUFT 1, C4<1>, C4<0>, C4<0>, C4<0>;
v0x5597b1b6f280_0 .net "s_axis_tkeep", 0 0, L_0x7fe6f1d5e7f8;  1 drivers
v0x5597b1b6f360_0 .net "s_axis_tlast", 0 0, L_0x5597b1b98510;  alias, 1 drivers
v0x5597b1b6f420_0 .net "s_axis_tready", 0 0, L_0x5597b1b96fe0;  alias, 1 drivers
v0x5597b1b6f4e0_0 .net "s_axis_tuser", 7 0, L_0x5597b1b98960;  alias, 1 drivers
v0x5597b1b6f5c0_0 .net "s_axis_tvalid", 0 0, L_0x5597b1b980a0;  alias, 1 drivers
S_0x5597b1b20360 .scope generate, "genblk1" "genblk1" 4 197, 4 197 0, S_0x5597b1b1ff80;
 .timescale -9 -12;
L_0x5597b1b96d10 .functor BUFZ 16, L_0x5597b1b97ce0, C4<0000000000000000>, C4<0000000000000000>, C4<0000000000000000>;
L_0x5597b1b96d80 .functor BUFZ 1, L_0x5597b1b980a0, C4<0>, C4<0>, C4<0>;
L_0x5597b1b96e80 .functor BUFZ 1, L_0x5597b1b98510, C4<0>, C4<0>, C4<0>;
L_0x5597b1b96ef0 .functor BUFZ 8, L_0x5597b1b98960, C4<00000000>, C4<00000000>, C4<00000000>;
L_0x5597b1b96fe0 .functor BUFZ 1, v0x5597b1b81b60_0, C4<0>, C4<0>, C4<0>;
S_0x5597b1b216d0 .scope module, "axis_register_left_inst" "axis_register" 3 273, 4 34 0, S_0x5597b1b1fba0;
 .timescale -9 -12;
    .port_info 0 /INPUT 1 "clk";
    .port_info 1 /INPUT 1 "rst";
    .port_info 2 /INPUT 16 "s_axis_tdata";
    .port_info 3 /INPUT 1 "s_axis_tkeep";
    .port_info 4 /INPUT 1 "s_axis_tvalid";
    .port_info 5 /OUTPUT 1 "s_axis_tready";
    .port_info 6 /INPUT 1 "s_axis_tlast";
    .port_info 7 /INPUT 1 "s_axis_tid";
    .port_info 8 /INPUT 1 "s_axis_tdest";
    .port_info 9 /INPUT 1 "s_axis_tuser";
    .port_info 10 /OUTPUT 16 "m_axis_tdata";
    .port_info 11 /OUTPUT 1 "m_axis_tkeep";
    .port_info 12 /OUTPUT 1 "m_axis_tvalid";
    .port_info 13 /INPUT 1 "m_axis_tready";
    .port_info 14 /OUTPUT 1 "m_axis_tlast";
    .port_info 15 /OUTPUT 1 "m_axis_tid";
    .port_info 16 /OUTPUT 1 "m_axis_tdest";
    .port_info 17 /OUTPUT 1 "m_axis_tuser";
P_0x5597b1b6f980 .param/l "DATA_WIDTH" 0 4 37, +C4<00000000000000000000000000010000>;
P_0x5597b1b6f9c0 .param/l "DEST_ENABLE" 0 4 49, +C4<00000000000000000000000000000000>;
P_0x5597b1b6fa00 .param/l "DEST_WIDTH" 0 4 51, +C4<00000000000000000000000000000001>;
P_0x5597b1b6fa40 .param/l "ID_ENABLE" 0 4 45, +C4<00000000000000000000000000000000>;
P_0x5597b1b6fa80 .param/l "ID_WIDTH" 0 4 47, +C4<00000000000000000000000000000001>;
P_0x5597b1b6fac0 .param/l "KEEP_ENABLE" 0 4 39, +C4<00000000000000000000000000000000>;
P_0x5597b1b6fb00 .param/l "KEEP_WIDTH" 0 4 41, +C4<00000000000000000000000000000001>;
P_0x5597b1b6fb40 .param/l "LAST_ENABLE" 0 4 43, +C4<00000000000000000000000000000001>;
P_0x5597b1b6fb80 .param/l "REG_TYPE" 0 4 58, +C4<00000000000000000000000000000010>;
P_0x5597b1b6fbc0 .param/l "USER_ENABLE" 0 4 53, +C4<00000000000000000000000000000000>;
P_0x5597b1b6fc00 .param/l "USER_WIDTH" 0 4 55, +C4<00000000000000000000000000000001>;
v0x5597b1b718e0_0 .net "clk", 0 0, v0x5597b1b814d0_0;  alias, 1 drivers
v0x5597b1b719a0_0 .net "m_axis_tdata", 15 0, v0x5597b1b707e0_0;  alias, 1 drivers
L_0x7fe6f1d5e570 .functor BUFT 1, C4<0>, C4<0>, C4<0>, C4<0>;
v0x5597b1b71a60_0 .net "m_axis_tdest", 0 0, L_0x7fe6f1d5e570;  1 drivers
L_0x7fe6f1d5e528 .functor BUFT 1, C4<0>, C4<0>, C4<0>, C4<0>;
v0x5597b1b71b50_0 .net "m_axis_tid", 0 0, L_0x7fe6f1d5e528;  1 drivers
L_0x7fe6f1d5e4e0 .functor BUFT 1, C4<1>, C4<0>, C4<0>, C4<0>;
v0x5597b1b71c30_0 .net "m_axis_tkeep", 0 0, L_0x7fe6f1d5e4e0;  1 drivers
v0x5597b1b71d10_0 .net "m_axis_tlast", 0 0, v0x5597b1b70b60_0;  alias, 1 drivers
v0x5597b1b71dd0_0 .net "m_axis_tready", 0 0, L_0x5597b1b979e0;  alias, 1 drivers
L_0x7fe6f1d5e5b8 .functor BUFT 1, C4<0>, C4<0>, C4<0>, C4<0>;
v0x5597b1b71e90_0 .net "m_axis_tuser", 0 0, L_0x7fe6f1d5e5b8;  1 drivers
v0x5597b1b71f70_0 .net "m_axis_tvalid", 0 0, L_0x5597b1b96370;  alias, 1 drivers
v0x5597b1b72030_0 .net "rst", 0 0, v0x5597b1b822a0_0;  alias, 1 drivers
v0x5597b1b720d0_0 .net "s_axis_tdata", 15 0, v0x5597b1b82340_0;  alias, 1 drivers
L_0x7fe6f1d5e690 .functor BUFT 1, C4<0>, C4<0>, C4<0>, C4<0>;
v0x5597b1b72190_0 .net "s_axis_tdest", 0 0, L_0x7fe6f1d5e690;  1 drivers
L_0x7fe6f1d5e648 .functor BUFT 1, C4<0>, C4<0>, C4<0>, C4<0>;
v0x5597b1b72270_0 .net "s_axis_tid", 0 0, L_0x7fe6f1d5e648;  1 drivers
L_0x7fe6f1d5e600 .functor BUFT 1, C4<1>, C4<0>, C4<0>, C4<0>;
v0x5597b1b72350_0 .net "s_axis_tkeep", 0 0, L_0x7fe6f1d5e600;  1 drivers
v0x5597b1b72430_0 .net "s_axis_tlast", 0 0, v0x5597b1b82450_0;  alias, 1 drivers
v0x5597b1b724f0_0 .net "s_axis_tready", 0 0, v0x5597b1b70f40_0;  alias, 1 drivers
L_0x7fe6f1d5e6d8 .functor BUFT 1, C4<0>, C4<0>, C4<0>, C4<0>;
v0x5597b1b725b0_0 .net "s_axis_tuser", 0 0, L_0x7fe6f1d5e6d8;  1 drivers
v0x5597b1b727a0_0 .net "s_axis_tvalid", 0 0, L_0x5597b1b96b40;  1 drivers
S_0x5597b1b21ab0 .scope generate, "genblk1" "genblk1" 4 91, 4 91 0, S_0x5597b1b216d0;
 .timescale -9 -12;
L_0x5597b1b96370 .functor BUFZ 1, v0x5597b1b70dc0_0, C4<0>, C4<0>, C4<0>;
L_0x5597b1b96840 .functor OR 1, L_0x5597b1b966a0, L_0x5597b1b96770, C4<0>, C4<0>;
L_0x5597b1b96930 .functor AND 1, L_0x5597b1b965a0, L_0x5597b1b96840, C4<1>, C4<1>;
L_0x5597b1b96a80 .functor OR 1, L_0x5597b1b979e0, L_0x5597b1b96930, C4<0>, C4<0>;
v0x5597b1b703a0_0 .net *"_ivl_17", 0 0, L_0x5597b1b965a0;  1 drivers
v0x5597b1b70480_0 .net *"_ivl_19", 0 0, L_0x5597b1b966a0;  1 drivers
v0x5597b1b70540_0 .net *"_ivl_21", 0 0, L_0x5597b1b96770;  1 drivers
v0x5597b1b70610_0 .net *"_ivl_23", 0 0, L_0x5597b1b96840;  1 drivers
v0x5597b1b706d0_0 .net *"_ivl_25", 0 0, L_0x5597b1b96930;  1 drivers
v0x5597b1b707e0_0 .var "m_axis_tdata_reg", 15 0;
v0x5597b1b708c0_0 .var "m_axis_tdest_reg", 0 0;
v0x5597b1b709a0_0 .var "m_axis_tid_reg", 0 0;
v0x5597b1b70a80_0 .var "m_axis_tkeep_reg", 0 0;
v0x5597b1b70b60_0 .var "m_axis_tlast_reg", 0 0;
v0x5597b1b70c20_0 .var "m_axis_tuser_reg", 0 0;
v0x5597b1b70d00_0 .var "m_axis_tvalid_next", 0 0;
v0x5597b1b70dc0_0 .var "m_axis_tvalid_reg", 0 0;
v0x5597b1b70e80_0 .net "s_axis_tready_early", 0 0, L_0x5597b1b96a80;  1 drivers
v0x5597b1b70f40_0 .var "s_axis_tready_reg", 0 0;
v0x5597b1b71000_0 .var "store_axis_input_to_output", 0 0;
v0x5597b1b710c0_0 .var "store_axis_input_to_temp", 0 0;
v0x5597b1b71180_0 .var "store_axis_temp_to_output", 0 0;
v0x5597b1b71240_0 .var "temp_m_axis_tdata_reg", 15 0;
v0x5597b1b71320_0 .var "temp_m_axis_tdest_reg", 0 0;
v0x5597b1b71400_0 .var "temp_m_axis_tid_reg", 0 0;
v0x5597b1b714e0_0 .var "temp_m_axis_tkeep_reg", 0 0;
v0x5597b1b715c0_0 .var "temp_m_axis_tlast_reg", 0 0;
v0x5597b1b71680_0 .var "temp_m_axis_tuser_reg", 0 0;
v0x5597b1b71760_0 .var "temp_m_axis_tvalid_next", 0 0;
v0x5597b1b71820_0 .var "temp_m_axis_tvalid_reg", 0 0;
E_0x5597b1b5e5b0 .event posedge, v0x5597b1b5d130_0;
E_0x5597b1b70330/0 .event anyedge, v0x5597b1b70dc0_0, v0x5597b1b71820_0, v0x5597b1b70f40_0, v0x5597b1b71dd0_0;
E_0x5597b1b70330/1 .event anyedge, v0x5597b1b727a0_0;
E_0x5597b1b70330 .event/or E_0x5597b1b70330/0, E_0x5597b1b70330/1;
L_0x5597b1b965a0 .reduce/nor v0x5597b1b71820_0;
L_0x5597b1b966a0 .reduce/nor v0x5597b1b70dc0_0;
L_0x5597b1b96770 .reduce/nor L_0x5597b1b96b40;
S_0x5597b1b22660 .scope module, "axis_register_right_inst" "axis_register" 3 358, 4 34 0, S_0x5597b1b1fba0;
 .timescale -9 -12;
    .port_info 0 /INPUT 1 "clk";
    .port_info 1 /INPUT 1 "rst";
    .port_info 2 /INPUT 16 "s_axis_tdata";
    .port_info 3 /INPUT 1 "s_axis_tkeep";
    .port_info 4 /INPUT 1 "s_axis_tvalid";
    .port_info 5 /OUTPUT 1 "s_axis_tready";
    .port_info 6 /INPUT 1 "s_axis_tlast";
    .port_info 7 /INPUT 1 "s_axis_tid";
    .port_info 8 /INPUT 1 "s_axis_tdest";
    .port_info 9 /INPUT 1 "s_axis_tuser";
    .port_info 10 /OUTPUT 16 "m_axis_tdata";
    .port_info 11 /OUTPUT 1 "m_axis_tkeep";
    .port_info 12 /OUTPUT 1 "m_axis_tvalid";
    .port_info 13 /INPUT 1 "m_axis_tready";
    .port_info 14 /OUTPUT 1 "m_axis_tlast";
    .port_info 15 /OUTPUT 1 "m_axis_tid";
    .port_info 16 /OUTPUT 1 "m_axis_tdest";
    .port_info 17 /OUTPUT 1 "m_axis_tuser";
P_0x5597b1b72b70 .param/l "DATA_WIDTH" 0 4 37, +C4<00000000000000000000000000010000>;
P_0x5597b1b72bb0 .param/l "DEST_ENABLE" 0 4 49, +C4<00000000000000000000000000000000>;
P_0x5597b1b72bf0 .param/l "DEST_WIDTH" 0 4 51, +C4<00000000000000000000000000000001>;
P_0x5597b1b72c30 .param/l "ID_ENABLE" 0 4 45, +C4<00000000000000000000000000000000>;
P_0x5597b1b72c70 .param/l "ID_WIDTH" 0 4 47, +C4<00000000000000000000000000000001>;
P_0x5597b1b72cb0 .param/l "KEEP_ENABLE" 0 4 39, +C4<00000000000000000000000000000000>;
P_0x5597b1b72cf0 .param/l "KEEP_WIDTH" 0 4 41, +C4<00000000000000000000000000000001>;
P_0x5597b1b72d30 .param/l "LAST_ENABLE" 0 4 43, +C4<00000000000000000000000000000001>;
P_0x5597b1b72d70 .param/l "REG_TYPE" 0 4 58, +C4<00000000000000000000000000000000>;
P_0x5597b1b72db0 .param/l "USER_ENABLE" 0 4 53, +C4<00000000000000000000000000000000>;
P_0x5597b1b72df0 .param/l "USER_WIDTH" 0 4 55, +C4<00000000000000000000000000000001>;
v0x5597b1b735d0_0 .net "clk", 0 0, v0x5597b1b814d0_0;  alias, 1 drivers
v0x5597b1b736e0_0 .net "m_axis_tdata", 15 0, L_0x5597b1b97110;  alias, 1 drivers
L_0x7fe6f1d5e960 .functor BUFT 1, C4<0>, C4<0>, C4<0>, C4<0>;
v0x5597b1b737c0_0 .net "m_axis_tdest", 0 0, L_0x7fe6f1d5e960;  1 drivers
L_0x7fe6f1d5e918 .functor BUFT 1, C4<0>, C4<0>, C4<0>, C4<0>;
v0x5597b1b73880_0 .net "m_axis_tid", 0 0, L_0x7fe6f1d5e918;  1 drivers
L_0x7fe6f1d5e8d0 .functor BUFT 1, C4<1>, C4<0>, C4<0>, C4<0>;
v0x5597b1b73960_0 .net "m_axis_tkeep", 0 0, L_0x7fe6f1d5e8d0;  1 drivers
v0x5597b1b73a90_0 .net "m_axis_tlast", 0 0, L_0x5597b1b97280;  alias, 1 drivers
v0x5597b1b73b50_0 .net "m_axis_tready", 0 0, v0x5597b1b82000_0;  alias, 1 drivers
L_0x7fe6f1d5e9a8 .functor BUFT 1, C4<0>, C4<0>, C4<0>, C4<0>;
v0x5597b1b73c10_0 .net "m_axis_tuser", 0 0, L_0x7fe6f1d5e9a8;  1 drivers
v0x5597b1b73cf0_0 .net "m_axis_tvalid", 0 0, L_0x5597b1b97180;  alias, 1 drivers
v0x5597b1b73db0_0 .net "rst", 0 0, v0x5597b1b822a0_0;  alias, 1 drivers
v0x5597b1b73e50_0 .net "s_axis_tdata", 15 0, L_0x5597b1b97540;  alias, 1 drivers
L_0x7fe6f1d5ea80 .functor BUFT 1, C4<0>, C4<0>, C4<0>, C4<0>;
v0x5597b1b73f30_0 .net "s_axis_tdest", 0 0, L_0x7fe6f1d5ea80;  1 drivers
L_0x7fe6f1d5ea38 .functor BUFT 1, C4<0>, C4<0>, C4<0>, C4<0>;
v0x5597b1b74010_0 .net "s_axis_tid", 0 0, L_0x7fe6f1d5ea38;  1 drivers
L_0x7fe6f1d5e9f0 .functor BUFT 1, C4<1>, C4<0>, C4<0>, C4<0>;
v0x5597b1b740f0_0 .net "s_axis_tkeep", 0 0, L_0x7fe6f1d5e9f0;  1 drivers
v0x5597b1b741d0_0 .net "s_axis_tlast", 0 0, L_0x5597b1b97b70;  alias, 1 drivers
v0x5597b1b74290_0 .net "s_axis_tready", 0 0, L_0x5597b1b97350;  alias, 1 drivers
L_0x7fe6f1d5eac8 .functor BUFT 1, C4<0>, C4<0>, C4<0>, C4<0>;
v0x5597b1b74350_0 .net "s_axis_tuser", 0 0, L_0x7fe6f1d5eac8;  1 drivers
v0x5597b1b74540_0 .net "s_axis_tvalid", 0 0, L_0x5597b1b97820;  alias, 1 drivers
S_0x5597b1b22a40 .scope generate, "genblk1" "genblk1" 4 197, 4 197 0, S_0x5597b1b22660;
 .timescale -9 -12;
L_0x5597b1b97110 .functor BUFZ 16, L_0x5597b1b97540, C4<0000000000000000>, C4<0000000000000000>, C4<0000000000000000>;
L_0x5597b1b97180 .functor BUFZ 1, L_0x5597b1b97820, C4<0>, C4<0>, C4<0>;
L_0x5597b1b97280 .functor BUFZ 1, L_0x5597b1b97b70, C4<0>, C4<0>, C4<0>;
L_0x5597b1b97350 .functor BUFZ 1, v0x5597b1b82000_0, C4<0>, C4<0>, C4<0>;
S_0x5597b1b748e0 .scope module, "axis_register_up_inst" "axis_register" 3 228, 4 34 0, S_0x5597b1b1fba0;
 .timescale -9 -12;
    .port_info 0 /INPUT 1 "clk";
    .port_info 1 /INPUT 1 "rst";
    .port_info 2 /INPUT 16 "s_axis_tdata";
    .port_info 3 /INPUT 1 "s_axis_tkeep";
    .port_info 4 /INPUT 1 "s_axis_tvalid";
    .port_info 5 /OUTPUT 1 "s_axis_tready";
    .port_info 6 /INPUT 1 "s_axis_tlast";
    .port_info 7 /INPUT 1 "s_axis_tid";
    .port_info 8 /INPUT 1 "s_axis_tdest";
    .port_info 9 /INPUT 8 "s_axis_tuser";
    .port_info 10 /OUTPUT 16 "m_axis_tdata";
    .port_info 11 /OUTPUT 1 "m_axis_tkeep";
    .port_info 12 /OUTPUT 1 "m_axis_tvalid";
    .port_info 13 /INPUT 1 "m_axis_tready";
    .port_info 14 /OUTPUT 1 "m_axis_tlast";
    .port_info 15 /OUTPUT 1 "m_axis_tid";
    .port_info 16 /OUTPUT 1 "m_axis_tdest";
    .port_info 17 /OUTPUT 8 "m_axis_tuser";
P_0x5597b1b74ac0 .param/l "DATA_WIDTH" 0 4 37, +C4<00000000000000000000000000010000>;
P_0x5597b1b74b00 .param/l "DEST_ENABLE" 0 4 49, +C4<00000000000000000000000000000000>;
P_0x5597b1b74b40 .param/l "DEST_WIDTH" 0 4 51, +C4<00000000000000000000000000000001>;
P_0x5597b1b74b80 .param/l "ID_ENABLE" 0 4 45, +C4<00000000000000000000000000000000>;
P_0x5597b1b74bc0 .param/l "ID_WIDTH" 0 4 47, +C4<00000000000000000000000000000001>;
P_0x5597b1b74c00 .param/l "KEEP_ENABLE" 0 4 39, +C4<00000000000000000000000000000000>;
P_0x5597b1b74c40 .param/l "KEEP_WIDTH" 0 4 41, +C4<00000000000000000000000000000001>;
P_0x5597b1b74c80 .param/l "LAST_ENABLE" 0 4 43, +C4<00000000000000000000000000000001>;
P_0x5597b1b74cc0 .param/l "REG_TYPE" 0 4 58, +C4<00000000000000000000000000000010>;
P_0x5597b1b74d00 .param/l "USER_ENABLE" 0 4 53, +C4<00000000000000000000000000000001>;
P_0x5597b1b74d40 .param/l "USER_WIDTH" 0 4 55, +C4<00000000000000000000000000001000>;
v0x5597b1b76d50_0 .net "clk", 0 0, v0x5597b1b814d0_0;  alias, 1 drivers
v0x5597b1b76e10_0 .net "m_axis_tdata", 15 0, v0x5597b1b75b40_0;  alias, 1 drivers
L_0x7fe6f1d5e3c0 .functor BUFT 1, C4<0>, C4<0>, C4<0>, C4<0>;
v0x5597b1b76ef0_0 .net "m_axis_tdest", 0 0, L_0x7fe6f1d5e3c0;  1 drivers
L_0x7fe6f1d5e378 .functor BUFT 1, C4<0>, C4<0>, C4<0>, C4<0>;
v0x5597b1b76fb0_0 .net "m_axis_tid", 0 0, L_0x7fe6f1d5e378;  1 drivers
L_0x7fe6f1d5e330 .functor BUFT 1, C4<1>, C4<0>, C4<0>, C4<0>;
v0x5597b1b77090_0 .net "m_axis_tkeep", 0 0, L_0x7fe6f1d5e330;  1 drivers
v0x5597b1b77170_0 .net "m_axis_tlast", 0 0, v0x5597b1b75ec0_0;  alias, 1 drivers
v0x5597b1b77230_0 .net "m_axis_tready", 0 0, L_0x5597b1b983e0;  alias, 1 drivers
v0x5597b1b772f0_0 .net "m_axis_tuser", 7 0, v0x5597b1b75f80_0;  alias, 1 drivers
v0x5597b1b773d0_0 .net "m_axis_tvalid", 0 0, L_0x5597b1b956a0;  alias, 1 drivers
v0x5597b1b77490_0 .net "rst", 0 0, v0x5597b1b822a0_0;  alias, 1 drivers
v0x5597b1b77530_0 .net "s_axis_tdata", 15 0, v0x5597b1b82680_0;  alias, 1 drivers
L_0x7fe6f1d5e498 .functor BUFT 1, C4<0>, C4<0>, C4<0>, C4<0>;
v0x5597b1b77610_0 .net "s_axis_tdest", 0 0, L_0x7fe6f1d5e498;  1 drivers
L_0x7fe6f1d5e450 .functor BUFT 1, C4<0>, C4<0>, C4<0>, C4<0>;
v0x5597b1b776f0_0 .net "s_axis_tid", 0 0, L_0x7fe6f1d5e450;  1 drivers
L_0x7fe6f1d5e408 .functor BUFT 1, C4<1>, C4<0>, C4<0>, C4<0>;
v0x5597b1b777d0_0 .net "s_axis_tkeep", 0 0, L_0x7fe6f1d5e408;  1 drivers
v0x5597b1b778b0_0 .net "s_axis_tlast", 0 0, v0x5597b1b82770_0;  alias, 1 drivers
v0x5597b1b77970_0 .net "s_axis_tready", 0 0, v0x5597b1b762a0_0;  alias, 1 drivers
v0x5597b1b77a30_0 .net "s_axis_tuser", 7 0, v0x5597b1b82900_0;  alias, 1 drivers
v0x5597b1b77c20_0 .net "s_axis_tvalid", 0 0, L_0x5597b1b95f20;  1 drivers
S_0x5597b1b75470 .scope generate, "genblk1" "genblk1" 4 91, 4 91 0, S_0x5597b1b748e0;
 .timescale -9 -12;
L_0x5597b1b956a0 .functor BUFZ 1, v0x5597b1b76120_0, C4<0>, C4<0>, C4<0>;
L_0x5597b1b95b80 .functor OR 1, L_0x5597b1b959e0, L_0x5597b1b95ab0, C4<0>, C4<0>;
L_0x5597b1b95d00 .functor AND 1, L_0x5597b1b958e0, L_0x5597b1b95b80, C4<1>, C4<1>;
L_0x5597b1b95e10 .functor OR 1, L_0x5597b1b983e0, L_0x5597b1b95d00, C4<0>, C4<0>;
v0x5597b1b75700_0 .net *"_ivl_17", 0 0, L_0x5597b1b958e0;  1 drivers
v0x5597b1b757e0_0 .net *"_ivl_19", 0 0, L_0x5597b1b959e0;  1 drivers
v0x5597b1b758a0_0 .net *"_ivl_21", 0 0, L_0x5597b1b95ab0;  1 drivers
v0x5597b1b75970_0 .net *"_ivl_23", 0 0, L_0x5597b1b95b80;  1 drivers
v0x5597b1b75a30_0 .net *"_ivl_25", 0 0, L_0x5597b1b95d00;  1 drivers
v0x5597b1b75b40_0 .var "m_axis_tdata_reg", 15 0;
v0x5597b1b75c20_0 .var "m_axis_tdest_reg", 0 0;
v0x5597b1b75d00_0 .var "m_axis_tid_reg", 0 0;
v0x5597b1b75de0_0 .var "m_axis_tkeep_reg", 0 0;
v0x5597b1b75ec0_0 .var "m_axis_tlast_reg", 0 0;
v0x5597b1b75f80_0 .var "m_axis_tuser_reg", 7 0;
v0x5597b1b76060_0 .var "m_axis_tvalid_next", 0 0;
v0x5597b1b76120_0 .var "m_axis_tvalid_reg", 0 0;
v0x5597b1b761e0_0 .net "s_axis_tready_early", 0 0, L_0x5597b1b95e10;  1 drivers
v0x5597b1b762a0_0 .var "s_axis_tready_reg", 0 0;
v0x5597b1b76360_0 .var "store_axis_input_to_output", 0 0;
v0x5597b1b76420_0 .var "store_axis_input_to_temp", 0 0;
v0x5597b1b765f0_0 .var "store_axis_temp_to_output", 0 0;
v0x5597b1b766b0_0 .var "temp_m_axis_tdata_reg", 15 0;
v0x5597b1b76790_0 .var "temp_m_axis_tdest_reg", 0 0;
v0x5597b1b76870_0 .var "temp_m_axis_tid_reg", 0 0;
v0x5597b1b76950_0 .var "temp_m_axis_tkeep_reg", 0 0;
v0x5597b1b76a30_0 .var "temp_m_axis_tlast_reg", 0 0;
v0x5597b1b76af0_0 .var "temp_m_axis_tuser_reg", 7 0;
v0x5597b1b76bd0_0 .var "temp_m_axis_tvalid_next", 0 0;
v0x5597b1b76c90_0 .var "temp_m_axis_tvalid_reg", 0 0;
E_0x5597b1b75670/0 .event anyedge, v0x5597b1b76120_0, v0x5597b1b76c90_0, v0x5597b1b762a0_0, v0x5597b1b77230_0;
E_0x5597b1b75670/1 .event anyedge, v0x5597b1b77c20_0;
E_0x5597b1b75670 .event/or E_0x5597b1b75670/0, E_0x5597b1b75670/1;
L_0x5597b1b958e0 .reduce/nor v0x5597b1b76c90_0;
L_0x5597b1b959e0 .reduce/nor v0x5597b1b76120_0;
L_0x5597b1b95ab0 .reduce/nor L_0x5597b1b95f20;
S_0x5597b1b77fc0 .scope module, "control_unit" "LPEControlUnit" 3 174, 5 10 0, S_0x5597b1b1fba0;
 .timescale -9 -12;
    .port_info 0 /INPUT 1 "clk";
    .port_info 1 /INPUT 1 "rst";
    .port_info 2 /INPUT 1 "int_axis_up_tvalid";
    .port_info 3 /INPUT 1 "int_axis_up_tready";
    .port_info 4 /INPUT 1 "int_axis_up_tlast";
    .port_info 5 /INPUT 8 "int_axis_up_tuser";
    .port_info 6 /INPUT 1 "int_axis_left_tvalid";
    .port_info 7 /INPUT 1 "int_axis_left_tready";
    .port_info 8 /INPUT 1 "int_axis_left_tlast";
    .port_info 9 /INPUT 1 "int_axis_down_tvalid";
    .port_info 10 /INPUT 1 "int_axis_down_tready";
    .port_info 11 /INPUT 1 "int_axis_right_tvalid";
    .port_info 12 /INPUT 1 "int_axis_right_tready";
    .port_info 13 /OUTPUT 1 "store_l";
    .port_info 14 /OUTPUT 1 "store_u";
    .port_info 15 /OUTPUT 1 "forward_l";
    .port_info 16 /OUTPUT 1 "forward_u";
    .port_info 17 /OUTPUT 1 "drop_l";
    .port_info 18 /OUTPUT 1 "drop_u";
    .port_info 19 /OUTPUT 1 "export_rslt";
    .port_info 20 /OUTPUT 1 "op_start";
    .port_info 21 /OUTPUT 1 "bypass_adder";
    .port_info 22 /OUTPUT 1 "err_unalligned_data";
    .port_info 23 /OUTPUT 1 "err_user_flag";
P_0x5597b1b781a0 .param/l "FSM_END" 1 5 84, C4<101>;
P_0x5597b1b781e0 .param/l "FSM_ERR" 1 5 83, C4<100>;
P_0x5597b1b78220 .param/l "FSM_MAC" 1 5 82, C4<011>;
P_0x5597b1b78260 .param/l "FSM_STATE_WIDTH" 1 5 78, +C4<00000000000000000000000000000011>;
P_0x5597b1b782a0 .param/l "FSM_STRL" 1 5 80, C4<001>;
P_0x5597b1b782e0 .param/l "FSM_STRT" 1 5 79, C4<000>;
P_0x5597b1b78320 .param/l "FSM_STRU" 1 5 81, C4<010>;
P_0x5597b1b78360 .param/l "OP1_USER_MASK" 0 5 22, +C4<00000000000000000000000000000001000000>;
P_0x5597b1b783a0 .param/l "OUTPUT_DEST" 0 5 18, +C4<00000000000000000000000000000001>;
P_0x5597b1b783e0 .param/l "OUTPUT_ID" 0 5 20, +C4<00000000000000000000000000000001>;
P_0x5597b1b78420 .param/l "PE_J_WIDTH" 1 5 75, +C4<00000000000000000000000000000000>;
P_0x5597b1b78460 .param/l "PE_NUMBER_J" 0 5 12, +C4<00000000000000000000000000000001>;
P_0x5597b1b784a0 .param/l "PE_POSITION_J" 0 5 14, +C4<00000000000000000000000000000000>;
P_0x5597b1b784e0 .param/l "RSLT_USER_MASK" 0 5 24, +C4<000000000000000000000000000000010000000>;
P_0x5597b1b78520 .param/l "USER_WIDTH" 0 5 16, +C4<00000000000000000000000000001000>;
L_0x5597b1b5c820 .functor BUFZ 1, L_0x5597b1b96370, C4<0>, C4<0>, C4<0>;
L_0x7fe6f1d5e138 .functor BUFT 1, C4<00000000000000000000000000000001000000>, C4<0>, C4<0>, C4<0>;
L_0x5597b1b5cc10 .functor AND 38, L_0x5597b1b93580, L_0x7fe6f1d5e138, C4<11111111111111111111111111111111111111>, C4<11111111111111111111111111111111111111>;
L_0x5597b1b5d000 .functor AND 1, L_0x5597b1b956a0, L_0x5597b1b93760, C4<1>, C4<1>;
L_0x7fe6f1d5e210 .functor BUFT 1, C4<000000000000000000000000000000010000000>, C4<0>, C4<0>, C4<0>;
L_0x5597b1b5dee0 .functor AND 39, L_0x5597b1b938f0, L_0x7fe6f1d5e210, C4<111111111111111111111111111111111111111>, C4<111111111111111111111111111111111111111>;
L_0x5597b1b4e170 .functor AND 1, L_0x5597b1b956a0, L_0x5597b1b93ac0, C4<1>, C4<1>;
L_0x5597b1b28b90 .functor AND 1, L_0x5597b1b5c820, v0x5597b1b70b60_0, C4<1>, C4<1>;
L_0x5597b1b37720 .functor AND 1, L_0x5597b1b5d000, v0x5597b1b75ec0_0, C4<1>, C4<1>;
L_0x5597b1b93d20 .functor AND 1, L_0x5597b1b5c820, L_0x5597b1b5d000, C4<1>, C4<1>;
L_0x5597b1b93ed0 .functor AND 1, L_0x5597b1b28b90, L_0x5597b1b37720, C4<1>, C4<1>;
L_0x5597b1b94160 .functor XOR 1, L_0x5597b1b28b90, L_0x5597b1b37720, C4<0>, C4<0>;
L_0x5597b1b94230 .functor AND 1, L_0x5597b1b5d000, L_0x5597b1b4e170, C4<1>, C4<1>;
L_0x5597b1b943d0 .functor AND 1, v0x5597b1b7c2f0_0, L_0x5597b1b94330, C4<1>, C4<1>;
L_0x5597b1b944b0 .functor AND 1, L_0x5597b1b980a0, L_0x5597b1b96fe0, C4<1>, C4<1>;
L_0x5597b1b94520 .functor AND 1, L_0x5597b1b97820, L_0x5597b1b97350, C4<1>, C4<1>;
L_0x5597b1b94c50 .functor AND 1, L_0x5597b1b94a90, L_0x5597b1b5d000, C4<1>, C4<1>;
L_0x5597b1b94dc0 .functor OR 1, v0x5597b1b7a580_0, L_0x5597b1b94c50, C4<0>, C4<0>;
L_0x5597b1b94ed0 .functor BUFZ 1, L_0x5597b1b943d0, C4<0>, C4<0>, C4<0>;
L_0x5597b1b95160 .functor OR 1, v0x5597b1b7a1e0_0, L_0x5597b1b94930, C4<0>, C4<0>;
L_0x5597b1b952f0 .functor BUFZ 1, v0x5597b1b7a7c0_0, C4<0>, C4<0>, C4<0>;
L_0x5597b1b95360 .functor BUFZ 1, v0x5597b1b7aa00_0, C4<0>, C4<0>, C4<0>;
L_0x7fe6f1d5e180 .functor BUFT 1, C4<00000000000000000000000000000000000000>, C4<0>, C4<0>, C4<0>;
v0x5597b1b5cd40_0 .net/2u *"_ivl_10", 37 0, L_0x7fe6f1d5e180;  1 drivers
v0x5597b1b79010_0 .net *"_ivl_12", 0 0, L_0x5597b1b93760;  1 drivers
v0x5597b1b790d0_0 .net *"_ivl_16", 38 0, L_0x5597b1b938f0;  1 drivers
L_0x7fe6f1d5e1c8 .functor BUFT 1, C4<0000000000000000000000000000000>, C4<0>, C4<0>, C4<0>;
v0x5597b1b791c0_0 .net *"_ivl_19", 30 0, L_0x7fe6f1d5e1c8;  1 drivers
v0x5597b1b792a0_0 .net *"_ivl_2", 37 0, L_0x5597b1b93580;  1 drivers
v0x5597b1b793d0_0 .net/2u *"_ivl_20", 38 0, L_0x7fe6f1d5e210;  1 drivers
v0x5597b1b794b0_0 .net *"_ivl_22", 38 0, L_0x5597b1b5dee0;  1 drivers
L_0x7fe6f1d5e258 .functor BUFT 1, C4<000000000000000000000000000000000000000>, C4<0>, C4<0>, C4<0>;
v0x5597b1b79590_0 .net/2u *"_ivl_24", 38 0, L_0x7fe6f1d5e258;  1 drivers
v0x5597b1b79670_0 .net *"_ivl_26", 0 0, L_0x5597b1b93ac0;  1 drivers
L_0x7fe6f1d5e2a0 .functor BUFT 1, C4<101>, C4<0>, C4<0>, C4<0>;
v0x5597b1b79730_0 .net/2u *"_ivl_36", 2 0, L_0x7fe6f1d5e2a0;  1 drivers
v0x5597b1b79810_0 .net *"_ivl_38", 0 0, L_0x5597b1b93de0;  1 drivers
v0x5597b1b798d0_0 .net *"_ivl_41", 0 0, L_0x5597b1b93ed0;  1 drivers
v0x5597b1b79990_0 .net *"_ivl_49", 0 0, L_0x5597b1b94330;  1 drivers
L_0x7fe6f1d5e0f0 .functor BUFT 1, C4<000000000000000000000000000000>, C4<0>, C4<0>, C4<0>;
v0x5597b1b79a50_0 .net *"_ivl_5", 29 0, L_0x7fe6f1d5e0f0;  1 drivers
v0x5597b1b79b30_0 .net/2u *"_ivl_6", 37 0, L_0x7fe6f1d5e138;  1 drivers
L_0x7fe6f1d5e2e8 .functor BUFT 1, C4<101>, C4<0>, C4<0>, C4<0>;
v0x5597b1b79c10_0 .net/2u *"_ivl_66", 2 0, L_0x7fe6f1d5e2e8;  1 drivers
v0x5597b1b79cf0_0 .net *"_ivl_68", 0 0, L_0x5597b1b94a90;  1 drivers
v0x5597b1b79ec0_0 .net *"_ivl_71", 0 0, L_0x5597b1b94c50;  1 drivers
v0x5597b1b79f80_0 .net *"_ivl_79", 0 0, L_0x5597b1b94930;  1 drivers
v0x5597b1b7a040_0 .net *"_ivl_8", 37 0, L_0x5597b1b5cc10;  1 drivers
v0x5597b1b7a120_0 .net "bypass_adder", 0 0, L_0x5597b1b95160;  alias, 1 drivers
v0x5597b1b7a1e0_0 .var "bypass_adder_reg", 0 0;
v0x5597b1b7a2a0_0 .net "clk", 0 0, v0x5597b1b814d0_0;  alias, 1 drivers
v0x5597b1b7a340_0 .net "drop_l", 0 0, v0x5597b1b7a400_0;  alias, 1 drivers
v0x5597b1b7a400_0 .var "drop_l_reg", 0 0;
v0x5597b1b7a4c0_0 .net "drop_u", 0 0, L_0x5597b1b94dc0;  alias, 1 drivers
v0x5597b1b7a580_0 .var "drop_u_reg", 0 0;
v0x5597b1b7a640_0 .net "err_unalligned_data", 0 0, L_0x5597b1b952f0;  alias, 1 drivers
v0x5597b1b7a700_0 .net "err_unalligned_data_int", 0 0, L_0x5597b1b94160;  1 drivers
v0x5597b1b7a7c0_0 .var "err_unalligned_data_reg", 0 0;
v0x5597b1b7a880_0 .net "err_user_flag", 0 0, L_0x5597b1b95360;  alias, 1 drivers
v0x5597b1b7a940_0 .net "err_user_flag_int", 0 0, L_0x5597b1b94230;  1 drivers
v0x5597b1b7aa00_0 .var "err_user_flag_reg", 0 0;
v0x5597b1b7acd0_0 .net "export_rslt", 0 0, L_0x5597b1b94ed0;  alias, 1 drivers
v0x5597b1b7ad90_0 .net "export_rslt_int", 0 0, L_0x5597b1b943d0;  1 drivers
v0x5597b1b7ae50_0 .net "forward_l", 0 0, v0x5597b1b7af10_0;  alias, 1 drivers
v0x5597b1b7af10_0 .var "forward_l_reg", 0 0;
v0x5597b1b7afd0_0 .net "forward_u", 0 0, v0x5597b1b7b090_0;  alias, 1 drivers
v0x5597b1b7b090_0 .var "forward_u_reg", 0 0;
v0x5597b1b7b150_0 .var "fsm_state", 2 0;
v0x5597b1b7b230_0 .var "fsm_state_next", 2 0;
v0x5597b1b7b310_0 .net "handshake_down", 0 0, L_0x5597b1b944b0;  1 drivers
v0x5597b1b7b3d0_0 .net "handshake_right", 0 0, L_0x5597b1b94520;  1 drivers
v0x5597b1b7b490_0 .net "int_axis_down_tready", 0 0, L_0x5597b1b96fe0;  alias, 1 drivers
v0x5597b1b7b530_0 .net "int_axis_down_tvalid", 0 0, L_0x5597b1b980a0;  alias, 1 drivers
v0x5597b1b7b600_0 .net "int_axis_left_tlast", 0 0, v0x5597b1b70b60_0;  alias, 1 drivers
v0x5597b1b7b6d0_0 .net "int_axis_left_tready", 0 0, L_0x5597b1b979e0;  alias, 1 drivers
v0x5597b1b7b7a0_0 .net "int_axis_left_tvalid", 0 0, L_0x5597b1b96370;  alias, 1 drivers
v0x5597b1b7b870_0 .net "int_axis_right_tready", 0 0, L_0x5597b1b97350;  alias, 1 drivers
v0x5597b1b7b940_0 .net "int_axis_right_tvalid", 0 0, L_0x5597b1b97820;  alias, 1 drivers
v0x5597b1b7ba10_0 .net "int_axis_up_tlast", 0 0, v0x5597b1b75ec0_0;  alias, 1 drivers
v0x5597b1b7bae0_0 .net "int_axis_up_tready", 0 0, L_0x5597b1b983e0;  alias, 1 drivers
v0x5597b1b7bbb0_0 .net "int_axis_up_tuser", 7 0, v0x5597b1b75f80_0;  alias, 1 drivers
v0x5597b1b7bc80_0 .net "int_axis_up_tvalid", 0 0, L_0x5597b1b956a0;  alias, 1 drivers
v0x5597b1b7bd50_0 .net "op0_flag", 0 0, L_0x5597b1b5c820;  1 drivers
v0x5597b1b7bdf0_0 .net "op0_last_flag", 0 0, L_0x5597b1b28b90;  1 drivers
v0x5597b1b7be90_0 .net "op1_flag", 0 0, L_0x5597b1b5d000;  1 drivers
v0x5597b1b7bf30_0 .net "op1_last_flag", 0 0, L_0x5597b1b37720;  1 drivers
v0x5597b1b7bfd0_0 .net "op_start", 0 0, v0x5597b1b7c070_0;  alias, 1 drivers
v0x5597b1b7c070_0 .var "op_start_reg", 0 0;
v0x5597b1b7c110_0 .net "op_valid", 0 0, L_0x5597b1b93d20;  1 drivers
v0x5597b1b7c1b0_0 .var "partial_sum_last_reg", 0 0;
v0x5597b1b7c250_0 .net "partial_sum_last_reg_next", 0 0, L_0x5597b1b93fe0;  1 drivers
v0x5597b1b7c2f0_0 .var "push_d_reg", 0 0;
v0x5597b1b7c390_0 .net "rslt_flag", 0 0, L_0x5597b1b4e170;  1 drivers
v0x5597b1b7c860_0 .net "rst", 0 0, v0x5597b1b822a0_0;  alias, 1 drivers
v0x5597b1b7c900_0 .net "store_l", 0 0, v0x5597b1b7c9c0_0;  alias, 1 drivers
v0x5597b1b7c9c0_0 .var "store_l_reg", 0 0;
v0x5597b1b7ca80_0 .net "store_u", 0 0, v0x5597b1b7cb40_0;  alias, 1 drivers
v0x5597b1b7cb40_0 .var "store_u_reg", 0 0;
v0x5597b1b7cc00_0 .var "timer", -1 0;
E_0x5597b1b78ea0/0 .event anyedge, v0x5597b1b7b150_0, v0x5597b1b7c110_0, v0x5597b1b7c250_0, v0x5597b1b7bdf0_0;
E_0x5597b1b78ea0/1 .event anyedge, v0x5597b1b7bf30_0, v0x5597b1b7bd50_0, v0x5597b1b7be90_0, v0x5597b1b7ad90_0;
E_0x5597b1b78ea0/2 .event anyedge, v0x5597b1b7b310_0, v0x5597b1b7a700_0, v0x5597b1b7a940_0, v0x5597b1b6ef20_0;
E_0x5597b1b78ea0 .event/or E_0x5597b1b78ea0/0, E_0x5597b1b78ea0/1, E_0x5597b1b78ea0/2;
E_0x5597b1b78f50 .event anyedge, v0x5597b1b7b150_0, v0x5597b1b7b230_0;
L_0x5597b1b93580 .concat [ 8 30 0 0], v0x5597b1b75f80_0, L_0x7fe6f1d5e0f0;
L_0x5597b1b93760 .cmp/ne 38, L_0x5597b1b5cc10, L_0x7fe6f1d5e180;
L_0x5597b1b938f0 .concat [ 8 31 0 0], v0x5597b1b75f80_0, L_0x7fe6f1d5e1c8;
L_0x5597b1b93ac0 .cmp/ne 39, L_0x5597b1b5dee0, L_0x7fe6f1d5e258;
L_0x5597b1b93de0 .cmp/eq 3, v0x5597b1b7b150_0, L_0x7fe6f1d5e2a0;
L_0x5597b1b93fe0 .functor MUXZ 1, L_0x5597b1b93ed0, v0x5597b1b7c1b0_0, L_0x5597b1b93de0, C4<>;
L_0x5597b1b94330 .reduce/nor v0x5597b1b7cc00_0;
L_0x5597b1b94a90 .cmp/eq 3, v0x5597b1b7b150_0, L_0x7fe6f1d5e2e8;
L_0x5597b1b94930 .reduce/nor L_0x5597b1b93d20;
    .scope S_0x5597b1b77fc0;
T_0 ;
    %pushi/vec4 0, 0, 1;
    %store/vec4 v0x5597b1b7c1b0_0, 0, 1;
    %end;
    .thread T_0;
    .scope S_0x5597b1b77fc0;
T_1 ;
    %wait E_0x5597b1b5e5b0;
    %load/vec4 v0x5597b1b7c860_0;
    %flag_set/vec4 8;
    %jmp/0xz  T_1.0, 8;
    %pushi/vec4 0, 0, 3;
    %assign/vec4 v0x5597b1b7b150_0, 0;
    %pushi/vec4 0, 0, 1;
    %assign/vec4 v0x5597b1b7c9c0_0, 0;
    %pushi/vec4 0, 0, 1;
    %assign/vec4 v0x5597b1b7cb40_0, 0;
    %pushi/vec4 1, 0, 1;
    %assign/vec4 v0x5597b1b7a400_0, 0;
    %pushi/vec4 1, 0, 1;
    %assign/vec4 v0x5597b1b7a580_0, 0;
    %pushi/vec4 0, 0, 1;
    %assign/vec4 v0x5597b1b7c2f0_0, 0;
    %pushi/vec4 1, 0, 1;
    %assign/vec4 v0x5597b1b7c070_0, 0;
    %pushi/vec4 0, 0, 1;
    %assign/vec4 v0x5597b1b7c1b0_0, 0;
    %pushi/vec4 0, 0, 1;
    %assign/vec4 v0x5597b1b7a7c0_0, 0;
    %pushi/vec4 0, 0, 1;
    %assign/vec4 v0x5597b1b7aa00_0, 0;
    %pushi/vec4 0, 0, 2;
    %assign/vec4 v0x5597b1b7cc00_0, 0;
    %jmp T_1.1;
T_1.0 ;
    %load/vec4 v0x5597b1b7b230_0;
    %assign/vec4 v0x5597b1b7b150_0, 0;
    %load/vec4 v0x5597b1b7b230_0;
    %dup/vec4;
    %pushi/vec4 0, 0, 3;
    %cmp/u;
    %jmp/1 T_1.2, 6;
    %dup/vec4;
    %pushi/vec4 1, 0, 3;
    %cmp/u;
    %jmp/1 T_1.3, 6;
    %dup/vec4;
    %pushi/vec4 2, 0, 3;
    %cmp/u;
    %jmp/1 T_1.4, 6;
    %dup/vec4;
    %pushi/vec4 3, 0, 3;
    %cmp/u;
    %jmp/1 T_1.5, 6;
    %dup/vec4;
    %pushi/vec4 5, 0, 3;
    %cmp/u;
    %jmp/1 T_1.6, 6;
    %dup/vec4;
    %pushi/vec4 4, 0, 3;
    %cmp/u;
    %jmp/1 T_1.7, 6;
    %pushi/vec4 0, 0, 3;
    %assign/vec4 v0x5597b1b7b150_0, 0;
    %pushi/vec4 0, 0, 1;
    %assign/vec4 v0x5597b1b7c1b0_0, 0;
    %pushi/vec4 0, 0, 1;
    %assign/vec4 v0x5597b1b7c9c0_0, 0;
    %pushi/vec4 0, 0, 1;
    %assign/vec4 v0x5597b1b7cb40_0, 0;
    %pushi/vec4 0, 0, 1;
    %assign/vec4 v0x5597b1b7a400_0, 0;
    %pushi/vec4 0, 0, 1;
    %assign/vec4 v0x5597b1b7a580_0, 0;
    %pushi/vec4 0, 0, 1;
    %assign/vec4 v0x5597b1b7c2f0_0, 0;
    %pushi/vec4 0, 0, 1;
    %assign/vec4 v0x5597b1b7c070_0, 0;
    %pushi/vec4 0, 0, 1;
    %assign/vec4 v0x5597b1b7a7c0_0, 0;
    %pushi/vec4 0, 0, 1;
    %assign/vec4 v0x5597b1b7aa00_0, 0;
    %pushi/vec4 0, 0, 2;
    %assign/vec4 v0x5597b1b7cc00_0, 0;
    %jmp T_1.9;
T_1.2 ;
    %pushi/vec4 1, 0, 1;
    %assign/vec4 v0x5597b1b7c9c0_0, 0;
    %pushi/vec4 1, 0, 1;
    %assign/vec4 v0x5597b1b7cb40_0, 0;
    %pushi/vec4 0, 0, 1;
    %assign/vec4 v0x5597b1b7a400_0, 0;
    %pushi/vec4 0, 0, 1;
    %assign/vec4 v0x5597b1b7a580_0, 0;
    %pushi/vec4 0, 0, 1;
    %assign/vec4 v0x5597b1b7c2f0_0, 0;
    %pushi/vec4 1, 0, 1;
    %assign/vec4 v0x5597b1b7c070_0, 0;
    %pushi/vec4 0, 0, 1;
    %assign/vec4 v0x5597b1b7c1b0_0, 0;
    %pushi/vec4 0, 0, 1;
    %assign/vec4 v0x5597b1b7a7c0_0, 0;
    %pushi/vec4 0, 0, 1;
    %assign/vec4 v0x5597b1b7aa00_0, 0;
    %jmp T_1.9;
T_1.3 ;
    %pushi/vec4 0, 0, 1;
    %assign/vec4 v0x5597b1b7c9c0_0, 0;
    %pushi/vec4 1, 0, 1;
    %assign/vec4 v0x5597b1b7cb40_0, 0;
    %pushi/vec4 0, 0, 1;
    %assign/vec4 v0x5597b1b7a400_0, 0;
    %pushi/vec4 0, 0, 1;
    %assign/vec4 v0x5597b1b7a580_0, 0;
    %pushi/vec4 0, 0, 1;
    %assign/vec4 v0x5597b1b7c2f0_0, 0;
    %pushi/vec4 0, 0, 1;
    %assign/vec4 v0x5597b1b7c070_0, 0;
    %pushi/vec4 0, 0, 1;
    %assign/vec4 v0x5597b1b7c1b0_0, 0;
    %pushi/vec4 0, 0, 1;
    %assign/vec4 v0x5597b1b7a7c0_0, 0;
    %pushi/vec4 0, 0, 1;
    %assign/vec4 v0x5597b1b7aa00_0, 0;
    %jmp T_1.9;
T_1.4 ;
    %pushi/vec4 1, 0, 1;
    %assign/vec4 v0x5597b1b7c9c0_0, 0;
    %pushi/vec4 0, 0, 1;
    %assign/vec4 v0x5597b1b7cb40_0, 0;
    %pushi/vec4 0, 0, 1;
    %assign/vec4 v0x5597b1b7a400_0, 0;
    %pushi/vec4 0, 0, 1;
    %assign/vec4 v0x5597b1b7a580_0, 0;
    %pushi/vec4 0, 0, 1;
    %assign/vec4 v0x5597b1b7c2f0_0, 0;
    %pushi/vec4 0, 0, 1;
    %assign/vec4 v0x5597b1b7c070_0, 0;
    %pushi/vec4 0, 0, 1;
    %assign/vec4 v0x5597b1b7c1b0_0, 0;
    %pushi/vec4 0, 0, 1;
    %assign/vec4 v0x5597b1b7a7c0_0, 0;
    %pushi/vec4 0, 0, 1;
    %assign/vec4 v0x5597b1b7aa00_0, 0;
    %jmp T_1.9;
T_1.5 ;
    %pushi/vec4 1, 0, 1;
    %assign/vec4 v0x5597b1b7c9c0_0, 0;
    %pushi/vec4 1, 0, 1;
    %assign/vec4 v0x5597b1b7cb40_0, 0;
    %pushi/vec4 0, 0, 1;
    %assign/vec4 v0x5597b1b7a400_0, 0;
    %pushi/vec4 0, 0, 1;
    %assign/vec4 v0x5597b1b7a580_0, 0;
    %pushi/vec4 0, 0, 1;
    %assign/vec4 v0x5597b1b7c2f0_0, 0;
    %pushi/vec4 0, 0, 1;
    %assign/vec4 v0x5597b1b7c070_0, 0;
    %load/vec4 v0x5597b1b7c250_0;
    %assign/vec4 v0x5597b1b7c1b0_0, 0;
    %pushi/vec4 0, 0, 1;
    %assign/vec4 v0x5597b1b7a7c0_0, 0;
    %pushi/vec4 0, 0, 1;
    %assign/vec4 v0x5597b1b7aa00_0, 0;
    %jmp T_1.9;
T_1.6 ;
    %pushi/vec4 0, 0, 1;
    %assign/vec4 v0x5597b1b7c9c0_0, 0;
    %pushi/vec4 1, 0, 1;
    %assign/vec4 v0x5597b1b7cb40_0, 0;
    %pushi/vec4 0, 0, 1;
    %assign/vec4 v0x5597b1b7a400_0, 0;
    %pushi/vec4 0, 0, 1;
    %assign/vec4 v0x5597b1b7a580_0, 0;
    %pushi/vec4 1, 0, 1;
    %assign/vec4 v0x5597b1b7c2f0_0, 0;
    %pushi/vec4 0, 0, 1;
    %assign/vec4 v0x5597b1b7c070_0, 0;
    %load/vec4 v0x5597b1b7c250_0;
    %assign/vec4 v0x5597b1b7c1b0_0, 0;
    %pushi/vec4 0, 0, 1;
    %assign/vec4 v0x5597b1b7a7c0_0, 0;
    %pushi/vec4 0, 0, 1;
    %assign/vec4 v0x5597b1b7aa00_0, 0;
    %load/vec4 v0x5597b1b7cc00_0;
    %cmpi/ne 0, 0, 2;
    %flag_get/vec4 4;
    %jmp/0 T_1.13, 4;
    %load/vec4 v0x5597b1b7c390_0;
    %and;
T_1.13;
    %flag_set/vec4 9;
    %flag_get/vec4 9;
    %jmp/0 T_1.12, 9;
    %load/vec4 v0x5597b1b7b310_0;
    %and;
T_1.12;
    %flag_set/vec4 8;
    %jmp/0xz  T_1.10, 8;
    %load/vec4 v0x5597b1b7cc00_0;
    %subi 1, 0, 2;
    %assign/vec4 v0x5597b1b7cc00_0, 0;
T_1.10 ;
    %jmp T_1.9;
T_1.7 ;
    %pushi/vec4 0, 0, 1;
    %assign/vec4 v0x5597b1b7c9c0_0, 0;
    %pushi/vec4 0, 0, 1;
    %assign/vec4 v0x5597b1b7cb40_0, 0;
    %pushi/vec4 1, 0, 1;
    %assign/vec4 v0x5597b1b7a400_0, 0;
    %pushi/vec4 1, 0, 1;
    %assign/vec4 v0x5597b1b7a580_0, 0;
    %pushi/vec4 0, 0, 1;
    %assign/vec4 v0x5597b1b7c2f0_0, 0;
    %pushi/vec4 0, 0, 1;
    %assign/vec4 v0x5597b1b7c070_0, 0;
    %load/vec4 v0x5597b1b7c1b0_0;
    %assign/vec4 v0x5597b1b7c1b0_0, 0;
    %load/vec4 v0x5597b1b7a700_0;
    %assign/vec4 v0x5597b1b7a7c0_0, 0;
    %load/vec4 v0x5597b1b7a940_0;
    %assign/vec4 v0x5597b1b7aa00_0, 0;
    %jmp T_1.9;
T_1.9 ;
    %pop/vec4 1;
T_1.1 ;
    %jmp T_1;
    .thread T_1;
    .scope S_0x5597b1b77fc0;
T_2 ;
    %wait E_0x5597b1b78f50;
    %load/vec4 v0x5597b1b7b230_0;
    %dup/vec4;
    %pushi/vec4 0, 0, 3;
    %cmp/u;
    %jmp/1 T_2.0, 6;
    %dup/vec4;
    %pushi/vec4 3, 0, 3;
    %cmp/u;
    %jmp/1 T_2.1, 6;
    %dup/vec4;
    %pushi/vec4 1, 0, 3;
    %cmp/u;
    %jmp/1 T_2.2, 6;
    %dup/vec4;
    %pushi/vec4 2, 0, 3;
    %cmp/u;
    %jmp/1 T_2.3, 6;
    %dup/vec4;
    %pushi/vec4 5, 0, 3;
    %cmp/u;
    %jmp/1 T_2.4, 6;
    %dup/vec4;
    %pushi/vec4 4, 0, 3;
    %cmp/u;
    %jmp/1 T_2.5, 6;
    %pushi/vec4 0, 0, 1;
    %assign/vec4 v0x5597b1b7af10_0, 0;
    %pushi/vec4 0, 0, 1;
    %assign/vec4 v0x5597b1b7b090_0, 0;
    %pushi/vec4 1, 0, 1;
    %assign/vec4 v0x5597b1b7a1e0_0, 0;
    %jmp T_2.7;
T_2.0 ;
    %load/vec4 v0x5597b1b7b150_0;
    %pushi/vec4 5, 0, 3;
    %cmp/e;
    %flag_get/vec4 4;
    %inv;
    %assign/vec4 v0x5597b1b7af10_0, 0;
    %pushi/vec4 1, 0, 1;
    %assign/vec4 v0x5597b1b7b090_0, 0;
    %pushi/vec4 0, 0, 1;
    %assign/vec4 v0x5597b1b7a1e0_0, 0;
    %jmp T_2.7;
T_2.1 ;
    %load/vec4 v0x5597b1b7b150_0;
    %pushi/vec4 5, 0, 3;
    %cmp/e;
    %flag_get/vec4 4;
    %inv;
    %assign/vec4 v0x5597b1b7af10_0, 0;
    %pushi/vec4 1, 0, 1;
    %assign/vec4 v0x5597b1b7b090_0, 0;
    %pushi/vec4 0, 0, 1;
    %assign/vec4 v0x5597b1b7a1e0_0, 0;
    %jmp T_2.7;
T_2.2 ;
    %pushi/vec4 0, 0, 1;
    %assign/vec4 v0x5597b1b7af10_0, 0;
    %pushi/vec4 1, 0, 1;
    %assign/vec4 v0x5597b1b7b090_0, 0;
    %pushi/vec4 1, 0, 1;
    %assign/vec4 v0x5597b1b7a1e0_0, 0;
    %jmp T_2.7;
T_2.3 ;
    %pushi/vec4 1, 0, 1;
    %assign/vec4 v0x5597b1b7af10_0, 0;
    %pushi/vec4 0, 0, 1;
    %assign/vec4 v0x5597b1b7b090_0, 0;
    %pushi/vec4 1, 0, 1;
    %assign/vec4 v0x5597b1b7a1e0_0, 0;
    %jmp T_2.7;
T_2.4 ;
    %load/vec4 v0x5597b1b7bdf0_0;
    %assign/vec4 v0x5597b1b7af10_0, 0;
    %pushi/vec4 1, 0, 1;
    %assign/vec4 v0x5597b1b7b090_0, 0;
    %load/vec4 v0x5597b1b7b150_0;
    %pushi/vec4 5, 0, 3;
    %cmp/e;
    %flag_get/vec4 4;
    %assign/vec4 v0x5597b1b7a1e0_0, 0;
    %jmp T_2.7;
T_2.5 ;
    %pushi/vec4 0, 0, 1;
    %assign/vec4 v0x5597b1b7af10_0, 0;
    %pushi/vec4 0, 0, 1;
    %assign/vec4 v0x5597b1b7b090_0, 0;
    %pushi/vec4 1, 0, 1;
    %assign/vec4 v0x5597b1b7a1e0_0, 0;
    %jmp T_2.7;
T_2.7 ;
    %pop/vec4 1;
    %jmp T_2;
    .thread T_2, $push;
    .scope S_0x5597b1b77fc0;
T_3 ;
    %wait E_0x5597b1b78ea0;
    %load/vec4 v0x5597b1b7b150_0;
    %dup/vec4;
    %pushi/vec4 0, 0, 3;
    %cmp/u;
    %jmp/1 T_3.0, 6;
    %dup/vec4;
    %pushi/vec4 3, 0, 3;
    %cmp/u;
    %jmp/1 T_3.1, 6;
    %dup/vec4;
    %pushi/vec4 1, 0, 3;
    %cmp/u;
    %jmp/1 T_3.2, 6;
    %dup/vec4;
    %pushi/vec4 2, 0, 3;
    %cmp/u;
    %jmp/1 T_3.3, 6;
    %dup/vec4;
    %pushi/vec4 5, 0, 3;
    %cmp/u;
    %jmp/1 T_3.4, 6;
    %dup/vec4;
    %pushi/vec4 4, 0, 3;
    %cmp/u;
    %jmp/1 T_3.5, 6;
    %pushi/vec4 0, 0, 3;
    %assign/vec4 v0x5597b1b7b230_0, 0;
    %jmp T_3.7;
T_3.0 ;
    %load/vec4 v0x5597b1b7c110_0;
    %flag_set/vec4 8;
    %jmp/0xz  T_3.8, 8;
    %load/vec4 v0x5597b1b7c250_0;
    %flag_set/vec4 8;
    %jmp/0xz  T_3.10, 8;
    %pushi/vec4 5, 0, 3;
    %assign/vec4 v0x5597b1b7b230_0, 0;
    %jmp T_3.11;
T_3.10 ;
    %load/vec4 v0x5597b1b7bdf0_0;
    %load/vec4 v0x5597b1b7bf30_0;
    %or;
    %flag_set/vec4 8;
    %jmp/0xz  T_3.12, 8;
    %pushi/vec4 4, 0, 3;
    %assign/vec4 v0x5597b1b7b230_0, 0;
    %jmp T_3.13;
T_3.12 ;
    %pushi/vec4 3, 0, 3;
    %assign/vec4 v0x5597b1b7b230_0, 0;
T_3.13 ;
T_3.11 ;
    %jmp T_3.9;
T_3.8 ;
    %load/vec4 v0x5597b1b7bd50_0;
    %flag_set/vec4 8;
    %jmp/0xz  T_3.14, 8;
    %pushi/vec4 1, 0, 3;
    %assign/vec4 v0x5597b1b7b230_0, 0;
    %jmp T_3.15;
T_3.14 ;
    %load/vec4 v0x5597b1b7be90_0;
    %flag_set/vec4 8;
    %jmp/0xz  T_3.16, 8;
    %pushi/vec4 2, 0, 3;
    %assign/vec4 v0x5597b1b7b230_0, 0;
T_3.16 ;
T_3.15 ;
T_3.9 ;
    %jmp T_3.7;
T_3.1 ;
    %load/vec4 v0x5597b1b7c110_0;
    %flag_set/vec4 8;
    %jmp/0xz  T_3.18, 8;
    %load/vec4 v0x5597b1b7c250_0;
    %flag_set/vec4 8;
    %jmp/0xz  T_3.20, 8;
    %pushi/vec4 5, 0, 3;
    %assign/vec4 v0x5597b1b7b230_0, 0;
    %jmp T_3.21;
T_3.20 ;
    %load/vec4 v0x5597b1b7bdf0_0;
    %load/vec4 v0x5597b1b7bf30_0;
    %or;
    %flag_set/vec4 8;
    %jmp/0xz  T_3.22, 8;
    %pushi/vec4 4, 0, 3;
    %assign/vec4 v0x5597b1b7b230_0, 0;
    %jmp T_3.23;
T_3.22 ;
    %pushi/vec4 3, 0, 3;
    %assign/vec4 v0x5597b1b7b230_0, 0;
T_3.23 ;
T_3.21 ;
    %jmp T_3.19;
T_3.18 ;
    %load/vec4 v0x5597b1b7bd50_0;
    %flag_set/vec4 8;
    %jmp/0xz  T_3.24, 8;
    %pushi/vec4 1, 0, 3;
    %assign/vec4 v0x5597b1b7b230_0, 0;
    %jmp T_3.25;
T_3.24 ;
    %load/vec4 v0x5597b1b7be90_0;
    %flag_set/vec4 8;
    %jmp/0xz  T_3.26, 8;
    %pushi/vec4 2, 0, 3;
    %assign/vec4 v0x5597b1b7b230_0, 0;
T_3.26 ;
T_3.25 ;
T_3.19 ;
    %jmp T_3.7;
T_3.2 ;
    %load/vec4 v0x5597b1b7c110_0;
    %flag_set/vec4 8;
    %jmp/0xz  T_3.28, 8;
    %load/vec4 v0x5597b1b7c250_0;
    %flag_set/vec4 8;
    %jmp/0xz  T_3.30, 8;
    %pushi/vec4 5, 0, 3;
    %assign/vec4 v0x5597b1b7b230_0, 0;
    %jmp T_3.31;
T_3.30 ;
    %load/vec4 v0x5597b1b7bdf0_0;
    %load/vec4 v0x5597b1b7bf30_0;
    %or;
    %flag_set/vec4 8;
    %jmp/0xz  T_3.32, 8;
    %pushi/vec4 4, 0, 3;
    %assign/vec4 v0x5597b1b7b230_0, 0;
    %jmp T_3.33;
T_3.32 ;
    %pushi/vec4 3, 0, 3;
    %assign/vec4 v0x5597b1b7b230_0, 0;
T_3.33 ;
T_3.31 ;
    %jmp T_3.29;
T_3.28 ;
    %pushi/vec4 1, 0, 3;
    %assign/vec4 v0x5597b1b7b230_0, 0;
T_3.29 ;
    %jmp T_3.7;
T_3.3 ;
    %load/vec4 v0x5597b1b7c110_0;
    %flag_set/vec4 8;
    %jmp/0xz  T_3.34, 8;
    %load/vec4 v0x5597b1b7c250_0;
    %flag_set/vec4 8;
    %jmp/0xz  T_3.36, 8;
    %pushi/vec4 5, 0, 3;
    %assign/vec4 v0x5597b1b7b230_0, 0;
    %jmp T_3.37;
T_3.36 ;
    %load/vec4 v0x5597b1b7bdf0_0;
    %load/vec4 v0x5597b1b7bf30_0;
    %or;
    %flag_set/vec4 8;
    %jmp/0xz  T_3.38, 8;
    %pushi/vec4 4, 0, 3;
    %assign/vec4 v0x5597b1b7b230_0, 0;
    %jmp T_3.39;
T_3.38 ;
    %pushi/vec4 3, 0, 3;
    %assign/vec4 v0x5597b1b7b230_0, 0;
T_3.39 ;
T_3.37 ;
    %jmp T_3.35;
T_3.34 ;
    %pushi/vec4 2, 0, 3;
    %assign/vec4 v0x5597b1b7b230_0, 0;
T_3.35 ;
    %jmp T_3.7;
T_3.4 ;
    %load/vec4 v0x5597b1b7ad90_0;
    %flag_set/vec4 9;
    %flag_get/vec4 9;
    %jmp/0 T_3.42, 9;
    %load/vec4 v0x5597b1b7b310_0;
    %and;
T_3.42;
    %flag_set/vec4 8;
    %jmp/0xz  T_3.40, 8;
    %pushi/vec4 0, 0, 3;
    %assign/vec4 v0x5597b1b7b230_0, 0;
    %jmp T_3.41;
T_3.40 ;
    %pushi/vec4 5, 0, 3;
    %assign/vec4 v0x5597b1b7b230_0, 0;
T_3.41 ;
    %jmp T_3.7;
T_3.5 ;
    %pushi/vec4 0, 0, 3;
    %assign/vec4 v0x5597b1b7b230_0, 0;
    %jmp T_3.7;
T_3.7 ;
    %pop/vec4 1;
    %load/vec4 v0x5597b1b7a700_0;
    %flag_set/vec4 8;
    %jmp/1 T_3.45, 8;
    %load/vec4 v0x5597b1b7a940_0;
    %flag_set/vec4 9;
    %flag_or 8, 9;
T_3.45;
    %jmp/0xz  T_3.43, 8;
    %pushi/vec4 4, 0, 3;
    %assign/vec4 v0x5597b1b7b230_0, 0;
T_3.43 ;
    %load/vec4 v0x5597b1b7c860_0;
    %flag_set/vec4 8;
    %jmp/0xz  T_3.46, 8;
    %pushi/vec4 0, 0, 3;
    %assign/vec4 v0x5597b1b7b230_0, 0;
T_3.46 ;
    %jmp T_3;
    .thread T_3, $push;
    .scope S_0x5597b1b75470;
T_4 ;
    %pushi/vec4 0, 0, 1;
    %store/vec4 v0x5597b1b762a0_0, 0, 1;
    %pushi/vec4 0, 0, 16;
    %store/vec4 v0x5597b1b75b40_0, 0, 16;
    %pushi/vec4 0, 0, 1;
    %store/vec4 v0x5597b1b75de0_0, 0, 1;
    %pushi/vec4 0, 0, 1;
    %store/vec4 v0x5597b1b76120_0, 0, 1;
    %pushi/vec4 0, 0, 1;
    %store/vec4 v0x5597b1b75ec0_0, 0, 1;
    %pushi/vec4 0, 0, 1;
    %store/vec4 v0x5597b1b75d00_0, 0, 1;
    %pushi/vec4 0, 0, 1;
    %store/vec4 v0x5597b1b75c20_0, 0, 1;
    %pushi/vec4 0, 0, 8;
    %store/vec4 v0x5597b1b75f80_0, 0, 8;
    %pushi/vec4 0, 0, 16;
    %store/vec4 v0x5597b1b766b0_0, 0, 16;
    %pushi/vec4 0, 0, 1;
    %store/vec4 v0x5597b1b76950_0, 0, 1;
    %pushi/vec4 0, 0, 1;
    %store/vec4 v0x5597b1b76c90_0, 0, 1;
    %pushi/vec4 0, 0, 1;
    %store/vec4 v0x5597b1b76a30_0, 0, 1;
    %pushi/vec4 0, 0, 1;
    %store/vec4 v0x5597b1b76870_0, 0, 1;
    %pushi/vec4 0, 0, 1;
    %store/vec4 v0x5597b1b76790_0, 0, 1;
    %pushi/vec4 0, 0, 8;
    %store/vec4 v0x5597b1b76af0_0, 0, 8;
    %end;
    .thread T_4;
    .scope S_0x5597b1b75470;
T_5 ;
    %wait E_0x5597b1b75670;
    %load/vec4 v0x5597b1b76120_0;
    %store/vec4 v0x5597b1b76060_0, 0, 1;
    %load/vec4 v0x5597b1b76c90_0;
    %store/vec4 v0x5597b1b76bd0_0, 0, 1;
    %pushi/vec4 0, 0, 1;
    %store/vec4 v0x5597b1b76360_0, 0, 1;
    %pushi/vec4 0, 0, 1;
    %store/vec4 v0x5597b1b76420_0, 0, 1;
    %pushi/vec4 0, 0, 1;
    %store/vec4 v0x5597b1b765f0_0, 0, 1;
    %load/vec4 v0x5597b1b762a0_0;
    %flag_set/vec4 8;
    %jmp/0xz  T_5.0, 8;
    %load/vec4 v0x5597b1b77230_0;
    %flag_set/vec4 8;
    %jmp/1 T_5.4, 8;
    %load/vec4 v0x5597b1b76120_0;
    %nor/r;
    %flag_set/vec4 9;
    %flag_or 8, 9;
T_5.4;
    %jmp/0xz  T_5.2, 8;
    %load/vec4 v0x5597b1b77c20_0;
    %store/vec4 v0x5597b1b76060_0, 0, 1;
    %pushi/vec4 1, 0, 1;
    %store/vec4 v0x5597b1b76360_0, 0, 1;
    %jmp T_5.3;
T_5.2 ;
    %load/vec4 v0x5597b1b77c20_0;
    %store/vec4 v0x5597b1b76bd0_0, 0, 1;
    %pushi/vec4 1, 0, 1;
    %store/vec4 v0x5597b1b76420_0, 0, 1;
T_5.3 ;
    %jmp T_5.1;
T_5.0 ;
    %load/vec4 v0x5597b1b77230_0;
    %flag_set/vec4 8;
    %jmp/0xz  T_5.5, 8;
    %load/vec4 v0x5597b1b76c90_0;
    %store/vec4 v0x5597b1b76060_0, 0, 1;
    %pushi/vec4 0, 0, 1;
    %store/vec4 v0x5597b1b76bd0_0, 0, 1;
    %pushi/vec4 1, 0, 1;
    %store/vec4 v0x5597b1b765f0_0, 0, 1;
T_5.5 ;
T_5.1 ;
    %jmp T_5;
    .thread T_5, $push;
    .scope S_0x5597b1b75470;
T_6 ;
    %wait E_0x5597b1b5e5b0;
    %load/vec4 v0x5597b1b761e0_0;
    %assign/vec4 v0x5597b1b762a0_0, 0;
    %load/vec4 v0x5597b1b76060_0;
    %assign/vec4 v0x5597b1b76120_0, 0;
    %load/vec4 v0x5597b1b76bd0_0;
    %assign/vec4 v0x5597b1b76c90_0, 0;
    %load/vec4 v0x5597b1b76360_0;
    %flag_set/vec4 8;
    %jmp/0xz  T_6.0, 8;
    %load/vec4 v0x5597b1b77530_0;
    %assign/vec4 v0x5597b1b75b40_0, 0;
    %load/vec4 v0x5597b1b777d0_0;
    %assign/vec4 v0x5597b1b75de0_0, 0;
    %load/vec4 v0x5597b1b778b0_0;
    %assign/vec4 v0x5597b1b75ec0_0, 0;
    %load/vec4 v0x5597b1b776f0_0;
    %assign/vec4 v0x5597b1b75d00_0, 0;
    %load/vec4 v0x5597b1b77610_0;
    %assign/vec4 v0x5597b1b75c20_0, 0;
    %load/vec4 v0x5597b1b77a30_0;
    %assign/vec4 v0x5597b1b75f80_0, 0;
    %jmp T_6.1;
T_6.0 ;
    %load/vec4 v0x5597b1b765f0_0;
    %flag_set/vec4 8;
    %jmp/0xz  T_6.2, 8;
    %load/vec4 v0x5597b1b766b0_0;
    %assign/vec4 v0x5597b1b75b40_0, 0;
    %load/vec4 v0x5597b1b76950_0;
    %assign/vec4 v0x5597b1b75de0_0, 0;
    %load/vec4 v0x5597b1b76a30_0;
    %assign/vec4 v0x5597b1b75ec0_0, 0;
    %load/vec4 v0x5597b1b76870_0;
    %assign/vec4 v0x5597b1b75d00_0, 0;
    %load/vec4 v0x5597b1b76790_0;
    %assign/vec4 v0x5597b1b75c20_0, 0;
    %load/vec4 v0x5597b1b76af0_0;
    %assign/vec4 v0x5597b1b75f80_0, 0;
T_6.2 ;
T_6.1 ;
    %load/vec4 v0x5597b1b76420_0;
    %flag_set/vec4 8;
    %jmp/0xz  T_6.4, 8;
    %load/vec4 v0x5597b1b77530_0;
    %assign/vec4 v0x5597b1b766b0_0, 0;
    %load/vec4 v0x5597b1b777d0_0;
    %assign/vec4 v0x5597b1b76950_0, 0;
    %load/vec4 v0x5597b1b778b0_0;
    %assign/vec4 v0x5597b1b76a30_0, 0;
    %load/vec4 v0x5597b1b776f0_0;
    %assign/vec4 v0x5597b1b76870_0, 0;
    %load/vec4 v0x5597b1b77610_0;
    %assign/vec4 v0x5597b1b76790_0, 0;
    %load/vec4 v0x5597b1b77a30_0;
    %assign/vec4 v0x5597b1b76af0_0, 0;
T_6.4 ;
    %load/vec4 v0x5597b1b77490_0;
    %flag_set/vec4 8;
    %jmp/0xz  T_6.6, 8;
    %pushi/vec4 0, 0, 1;
    %assign/vec4 v0x5597b1b762a0_0, 0;
    %pushi/vec4 0, 0, 1;
    %assign/vec4 v0x5597b1b76120_0, 0;
    %pushi/vec4 0, 0, 1;
    %assign/vec4 v0x5597b1b76c90_0, 0;
T_6.6 ;
    %jmp T_6;
    .thread T_6;
    .scope S_0x5597b1b21ab0;
T_7 ;
    %pushi/vec4 0, 0, 1;
    %store/vec4 v0x5597b1b70f40_0, 0, 1;
    %pushi/vec4 0, 0, 16;
    %store/vec4 v0x5597b1b707e0_0, 0, 16;
    %pushi/vec4 0, 0, 1;
    %store/vec4 v0x5597b1b70a80_0, 0, 1;
    %pushi/vec4 0, 0, 1;
    %store/vec4 v0x5597b1b70dc0_0, 0, 1;
    %pushi/vec4 0, 0, 1;
    %store/vec4 v0x5597b1b70b60_0, 0, 1;
    %pushi/vec4 0, 0, 1;
    %store/vec4 v0x5597b1b709a0_0, 0, 1;
    %pushi/vec4 0, 0, 1;
    %store/vec4 v0x5597b1b708c0_0, 0, 1;
    %pushi/vec4 0, 0, 1;
    %store/vec4 v0x5597b1b70c20_0, 0, 1;
    %pushi/vec4 0, 0, 16;
    %store/vec4 v0x5597b1b71240_0, 0, 16;
    %pushi/vec4 0, 0, 1;
    %store/vec4 v0x5597b1b714e0_0, 0, 1;
    %pushi/vec4 0, 0, 1;
    %store/vec4 v0x5597b1b71820_0, 0, 1;
    %pushi/vec4 0, 0, 1;
    %store/vec4 v0x5597b1b715c0_0, 0, 1;
    %pushi/vec4 0, 0, 1;
    %store/vec4 v0x5597b1b71400_0, 0, 1;
    %pushi/vec4 0, 0, 1;
    %store/vec4 v0x5597b1b71320_0, 0, 1;
    %pushi/vec4 0, 0, 1;
    %store/vec4 v0x5597b1b71680_0, 0, 1;
    %end;
    .thread T_7;
    .scope S_0x5597b1b21ab0;
T_8 ;
    %wait E_0x5597b1b70330;
    %load/vec4 v0x5597b1b70dc0_0;
    %store/vec4 v0x5597b1b70d00_0, 0, 1;
    %load/vec4 v0x5597b1b71820_0;
    %store/vec4 v0x5597b1b71760_0, 0, 1;
    %pushi/vec4 0, 0, 1;
    %store/vec4 v0x5597b1b71000_0, 0, 1;
    %pushi/vec4 0, 0, 1;
    %store/vec4 v0x5597b1b710c0_0, 0, 1;
    %pushi/vec4 0, 0, 1;
    %store/vec4 v0x5597b1b71180_0, 0, 1;
    %load/vec4 v0x5597b1b70f40_0;
    %flag_set/vec4 8;
    %jmp/0xz  T_8.0, 8;
    %load/vec4 v0x5597b1b71dd0_0;
    %flag_set/vec4 8;
    %jmp/1 T_8.4, 8;
    %load/vec4 v0x5597b1b70dc0_0;
    %nor/r;
    %flag_set/vec4 9;
    %flag_or 8, 9;
T_8.4;
    %jmp/0xz  T_8.2, 8;
    %load/vec4 v0x5597b1b727a0_0;
    %store/vec4 v0x5597b1b70d00_0, 0, 1;
    %pushi/vec4 1, 0, 1;
    %store/vec4 v0x5597b1b71000_0, 0, 1;
    %jmp T_8.3;
T_8.2 ;
    %load/vec4 v0x5597b1b727a0_0;
    %store/vec4 v0x5597b1b71760_0, 0, 1;
    %pushi/vec4 1, 0, 1;
    %store/vec4 v0x5597b1b710c0_0, 0, 1;
T_8.3 ;
    %jmp T_8.1;
T_8.0 ;
    %load/vec4 v0x5597b1b71dd0_0;
    %flag_set/vec4 8;
    %jmp/0xz  T_8.5, 8;
    %load/vec4 v0x5597b1b71820_0;
    %store/vec4 v0x5597b1b70d00_0, 0, 1;
    %pushi/vec4 0, 0, 1;
    %store/vec4 v0x5597b1b71760_0, 0, 1;
    %pushi/vec4 1, 0, 1;
    %store/vec4 v0x5597b1b71180_0, 0, 1;
T_8.5 ;
T_8.1 ;
    %jmp T_8;
    .thread T_8, $push;
    .scope S_0x5597b1b21ab0;
T_9 ;
    %wait E_0x5597b1b5e5b0;
    %load/vec4 v0x5597b1b70e80_0;
    %assign/vec4 v0x5597b1b70f40_0, 0;
    %load/vec4 v0x5597b1b70d00_0;
    %assign/vec4 v0x5597b1b70dc0_0, 0;
    %load/vec4 v0x5597b1b71760_0;
    %assign/vec4 v0x5597b1b71820_0, 0;
    %load/vec4 v0x5597b1b71000_0;
    %flag_set/vec4 8;
    %jmp/0xz  T_9.0, 8;
    %load/vec4 v0x5597b1b720d0_0;
    %assign/vec4 v0x5597b1b707e0_0, 0;
    %load/vec4 v0x5597b1b72350_0;
    %assign/vec4 v0x5597b1b70a80_0, 0;
    %load/vec4 v0x5597b1b72430_0;
    %assign/vec4 v0x5597b1b70b60_0, 0;
    %load/vec4 v0x5597b1b72270_0;
    %assign/vec4 v0x5597b1b709a0_0, 0;
    %load/vec4 v0x5597b1b72190_0;
    %assign/vec4 v0x5597b1b708c0_0, 0;
    %load/vec4 v0x5597b1b725b0_0;
    %assign/vec4 v0x5597b1b70c20_0, 0;
    %jmp T_9.1;
T_9.0 ;
    %load/vec4 v0x5597b1b71180_0;
    %flag_set/vec4 8;
    %jmp/0xz  T_9.2, 8;
    %load/vec4 v0x5597b1b71240_0;
    %assign/vec4 v0x5597b1b707e0_0, 0;
    %load/vec4 v0x5597b1b714e0_0;
    %assign/vec4 v0x5597b1b70a80_0, 0;
    %load/vec4 v0x5597b1b715c0_0;
    %assign/vec4 v0x5597b1b70b60_0, 0;
    %load/vec4 v0x5597b1b71400_0;
    %assign/vec4 v0x5597b1b709a0_0, 0;
    %load/vec4 v0x5597b1b71320_0;
    %assign/vec4 v0x5597b1b708c0_0, 0;
    %load/vec4 v0x5597b1b71680_0;
    %assign/vec4 v0x5597b1b70c20_0, 0;
T_9.2 ;
T_9.1 ;
    %load/vec4 v0x5597b1b710c0_0;
    %flag_set/vec4 8;
    %jmp/0xz  T_9.4, 8;
    %load/vec4 v0x5597b1b720d0_0;
    %assign/vec4 v0x5597b1b71240_0, 0;
    %load/vec4 v0x5597b1b72350_0;
    %assign/vec4 v0x5597b1b714e0_0, 0;
    %load/vec4 v0x5597b1b72430_0;
    %assign/vec4 v0x5597b1b715c0_0, 0;
    %load/vec4 v0x5597b1b72270_0;
    %assign/vec4 v0x5597b1b71400_0, 0;
    %load/vec4 v0x5597b1b72190_0;
    %assign/vec4 v0x5597b1b71320_0, 0;
    %load/vec4 v0x5597b1b725b0_0;
    %assign/vec4 v0x5597b1b71680_0, 0;
T_9.4 ;
    %load/vec4 v0x5597b1b72030_0;
    %flag_set/vec4 8;
    %jmp/0xz  T_9.6, 8;
    %pushi/vec4 0, 0, 1;
    %assign/vec4 v0x5597b1b70f40_0, 0;
    %pushi/vec4 0, 0, 1;
    %assign/vec4 v0x5597b1b70dc0_0, 0;
    %pushi/vec4 0, 0, 1;
    %assign/vec4 v0x5597b1b71820_0, 0;
T_9.6 ;
    %jmp T_9;
    .thread T_9;
    .scope S_0x5597b1b1fba0;
T_10 ;
    %pushi/vec4 0, 0, 32;
    %store/vec4 v0x5597b1b80150_0, 0, 32;
    %end;
    .thread T_10;
    .scope S_0x5597b1b1fba0;
T_11 ;
    %wait E_0x5597b1b5e5b0;
    %load/vec4 v0x5597b1b801f0_0;
    %assign/vec4 v0x5597b1b80150_0, 0;
    %jmp T_11;
    .thread T_11;
    .scope S_0x5597b1b490d0;
T_12 ;
    %vpi_call 2 104 "$dumpfile", "../vcd/tbv2_LinearProcessingElement.vcd" {0 0 0};
    %vpi_call 2 105 "$dumpvars", 32'sb00000000000000000000000000000000, S_0x5597b1b1fba0 {0 0 0};
    %end;
    .thread T_12;
    .scope S_0x5597b1b490d0;
T_13 ;
    %pushi/vec4 0, 0, 1;
    %store/vec4 v0x5597b1b814d0_0, 0, 1;
T_13.0 ;
    %delay 1000, 0;
    %load/vec4 v0x5597b1b814d0_0;
    %nor/r;
    %store/vec4 v0x5597b1b814d0_0, 0, 1;
    %jmp T_13.0;
    %end;
    .thread T_13;
    .scope S_0x5597b1b490d0;
T_14 ;
    %pushi/vec4 0, 0, 1;
    %store/vec4 v0x5597b1b822a0_0, 0, 1;
    %pushi/vec4 0, 0, 1;
    %store/vec4 v0x5597b1b821e0_0, 0, 1;
    %pushi/vec4 0, 0, 16;
    %store/vec4 v0x5597b1b82340_0, 0, 16;
    %pushi/vec4 0, 0, 1;
    %store/vec4 v0x5597b1b825e0_0, 0, 1;
    %pushi/vec4 0, 0, 1;
    %store/vec4 v0x5597b1b82450_0, 0, 1;
    %pushi/vec4 0, 0, 16;
    %store/vec4 v0x5597b1b82680_0, 0, 16;
    %pushi/vec4 0, 0, 1;
    %store/vec4 v0x5597b1b82770_0, 0, 1;
    %pushi/vec4 0, 0, 1;
    %store/vec4 v0x5597b1b829f0_0, 0, 1;
    %pushi/vec4 0, 0, 1;
    %store/vec4 v0x5597b1b81b60_0, 0, 1;
    %pushi/vec4 0, 0, 1;
    %store/vec4 v0x5597b1b82000_0, 0, 1;
    %delay 10000, 0;
    %pushi/vec4 1, 0, 1;
    %store/vec4 v0x5597b1b822a0_0, 0, 1;
    %delay 10000, 0;
    %pushi/vec4 0, 0, 1;
    %store/vec4 v0x5597b1b822a0_0, 0, 1;
    %delay 10000, 0;
    %pushi/vec4 1, 0, 1;
    %store/vec4 v0x5597b1b821e0_0, 0, 1;
    %wait E_0x5597b1b5e5b0;
    %delay 1000, 0;
    %delay 500000, 0;
    %vpi_call 2 137 "$finish" {0 0 0};
    %end;
    .thread T_14;
    .scope S_0x5597b1b490d0;
T_15 ;
T_15.0 ;
    %load/vec4 v0x5597b1b821e0_0;
    %cmpi/ne 1, 0, 1;
    %jmp/0xz T_15.1, 6;
    %wait E_0x5597b1aa77c0;
    %jmp T_15.0;
T_15.1 ;
T_15.2 ;
    %load/vec4 v0x5597b1b814d0_0;
    %cmpi/ne 1, 0, 1;
    %jmp/0xz T_15.3, 6;
    %wait E_0x5597b1aa6a00;
    %jmp T_15.2;
T_15.3 ;
T_15.4 ;
    %load/vec4 v0x5597b1b82540_0;
    %cmpi/ne 1, 0, 1;
    %jmp/0xz T_15.5, 6;
    %wait E_0x5597b1a697b0;
    %jmp T_15.4;
T_15.5 ;
T_15.6 ;
    %load/vec4 v0x5597b1b814d0_0;
    %inv;
    %cmpi/ne 1, 0, 1;
    %jmp/0xz T_15.7, 6;
    %wait E_0x5597b1aa6a00;
    %jmp T_15.6;
T_15.7 ;
T_15.8 ;
    %load/vec4 v0x5597b1b814d0_0;
    %cmpi/ne 1, 0, 1;
    %jmp/0xz T_15.9, 6;
    %wait E_0x5597b1aa6a00;
    %jmp T_15.8;
T_15.9 ;
    %pushi/vec4 1, 0, 1;
    %store/vec4 v0x5597b1b825e0_0, 0, 1;
    %pushi/vec4 1, 0, 1;
    %store/vec4 v0x5597b1b82000_0, 0, 1;
    %pushi/vec4 0, 0, 32;
    %store/vec4 v0x5597b1b81790_0, 0, 32;
T_15.10 ;
    %load/vec4 v0x5597b1b81790_0;
    %cmpi/s 25, 0, 32;
    %jmp/0xz T_15.11, 5;
    %load/vec4 v0x5597b1b81790_0;
    %pushi/vec4 5, 0, 32;
    %mod/s;
    %dup/vec4;
    %pushi/vec4 0, 0, 32;
    %cmp/u;
    %jmp/1 T_15.12, 6;
    %dup/vec4;
    %pushi/vec4 1, 0, 32;
    %cmp/u;
    %jmp/1 T_15.13, 6;
    %dup/vec4;
    %pushi/vec4 2, 0, 32;
    %cmp/u;
    %jmp/1 T_15.14, 6;
    %dup/vec4;
    %pushi/vec4 3, 0, 32;
    %cmp/u;
    %jmp/1 T_15.15, 6;
    %dup/vec4;
    %pushi/vec4 4, 0, 32;
    %cmp/u;
    %jmp/1 T_15.16, 6;
    %pushi/vec4 49152, 0, 16;
    %store/vec4 v0x5597b1b82340_0, 0, 16;
    %jmp T_15.18;
T_15.12 ;
    %pushi/vec4 49152, 0, 16;
    %store/vec4 v0x5597b1b82340_0, 0, 16;
    %jmp T_15.18;
T_15.13 ;
    %pushi/vec4 61440, 0, 16;
    %store/vec4 v0x5597b1b82340_0, 0, 16;
    %jmp T_15.18;
T_15.14 ;
    %pushi/vec4 0, 0, 16;
    %store/vec4 v0x5597b1b82340_0, 0, 16;
    %jmp T_15.18;
T_15.15 ;
    %pushi/vec4 4096, 0, 16;
    %store/vec4 v0x5597b1b82340_0, 0, 16;
    %jmp T_15.18;
T_15.16 ;
    %pushi/vec4 16384, 0, 16;
    %store/vec4 v0x5597b1b82340_0, 0, 16;
    %jmp T_15.18;
T_15.18 ;
    %pop/vec4 1;
    %load/vec4 v0x5597b1b81790_0;
    %pushi/vec4 24, 0, 32;
    %cmp/e;
    %flag_get/vec4 4;
    %store/vec4 v0x5597b1b82450_0, 0, 1;
T_15.19 ;
    %load/vec4 v0x5597b1b814d0_0;
    %inv;
    %cmpi/ne 1, 0, 1;
    %jmp/0xz T_15.20, 6;
    %wait E_0x5597b1aa6a00;
    %jmp T_15.19;
T_15.20 ;
T_15.21 ;
    %load/vec4 v0x5597b1b82540_0;
    %inv;
    %flag_set/vec4 8;
    %jmp/0xz T_15.22, 8;
T_15.23 ;
    %load/vec4 v0x5597b1b814d0_0;
    %cmpi/ne 1, 0, 1;
    %jmp/0xz T_15.24, 6;
    %wait E_0x5597b1aa6a00;
    %jmp T_15.23;
T_15.24 ;
T_15.25 ;
    %load/vec4 v0x5597b1b814d0_0;
    %inv;
    %cmpi/ne 1, 0, 1;
    %jmp/0xz T_15.26, 6;
    %wait E_0x5597b1aa6a00;
    %jmp T_15.25;
T_15.26 ;
    %jmp T_15.21;
T_15.22 ;
T_15.27 ;
    %load/vec4 v0x5597b1b814d0_0;
    %cmpi/ne 1, 0, 1;
    %jmp/0xz T_15.28, 6;
    %wait E_0x5597b1aa6a00;
    %jmp T_15.27;
T_15.28 ;
    %load/vec4 v0x5597b1b81790_0;
    %addi 1, 0, 32;
    %store/vec4 v0x5597b1b81790_0, 0, 32;
    %jmp T_15.10;
T_15.11 ;
    %pushi/vec4 0, 0, 32;
    %store/vec4 v0x5597b1b81790_0, 0, 32;
T_15.29 ;
    %load/vec4 v0x5597b1b81790_0;
    %cmpi/s 25, 0, 32;
    %jmp/0xz T_15.30, 5;
    %load/vec4 v0x5597b1b81790_0;
    %pushi/vec4 5, 0, 32;
    %mod/s;
    %dup/vec4;
    %pushi/vec4 0, 0, 32;
    %cmp/u;
    %jmp/1 T_15.31, 6;
    %dup/vec4;
    %pushi/vec4 1, 0, 32;
    %cmp/u;
    %jmp/1 T_15.32, 6;
    %dup/vec4;
    %pushi/vec4 2, 0, 32;
    %cmp/u;
    %jmp/1 T_15.33, 6;
    %dup/vec4;
    %pushi/vec4 3, 0, 32;
    %cmp/u;
    %jmp/1 T_15.34, 6;
    %dup/vec4;
    %pushi/vec4 4, 0, 32;
    %cmp/u;
    %jmp/1 T_15.35, 6;
    %pushi/vec4 49152, 0, 16;
    %store/vec4 v0x5597b1b82340_0, 0, 16;
    %jmp T_15.37;
T_15.31 ;
    %pushi/vec4 49152, 0, 16;
    %store/vec4 v0x5597b1b82340_0, 0, 16;
    %jmp T_15.37;
T_15.32 ;
    %pushi/vec4 61440, 0, 16;
    %store/vec4 v0x5597b1b82340_0, 0, 16;
    %jmp T_15.37;
T_15.33 ;
    %pushi/vec4 0, 0, 16;
    %store/vec4 v0x5597b1b82340_0, 0, 16;
    %jmp T_15.37;
T_15.34 ;
    %pushi/vec4 4096, 0, 16;
    %store/vec4 v0x5597b1b82340_0, 0, 16;
    %jmp T_15.37;
T_15.35 ;
    %pushi/vec4 16384, 0, 16;
    %store/vec4 v0x5597b1b82340_0, 0, 16;
    %jmp T_15.37;
T_15.37 ;
    %pop/vec4 1;
    %load/vec4 v0x5597b1b81790_0;
    %pushi/vec4 24, 0, 32;
    %cmp/e;
    %flag_get/vec4 4;
    %store/vec4 v0x5597b1b82450_0, 0, 1;
T_15.38 ;
    %load/vec4 v0x5597b1b814d0_0;
    %inv;
    %cmpi/ne 1, 0, 1;
    %jmp/0xz T_15.39, 6;
    %wait E_0x5597b1aa6a00;
    %jmp T_15.38;
T_15.39 ;
T_15.40 ;
    %load/vec4 v0x5597b1b82540_0;
    %inv;
    %flag_set/vec4 8;
    %jmp/0xz T_15.41, 8;
T_15.42 ;
    %load/vec4 v0x5597b1b814d0_0;
    %cmpi/ne 1, 0, 1;
    %jmp/0xz T_15.43, 6;
    %wait E_0x5597b1aa6a00;
    %jmp T_15.42;
T_15.43 ;
T_15.44 ;
    %load/vec4 v0x5597b1b814d0_0;
    %inv;
    %cmpi/ne 1, 0, 1;
    %jmp/0xz T_15.45, 6;
    %wait E_0x5597b1aa6a00;
    %jmp T_15.44;
T_15.45 ;
    %jmp T_15.40;
T_15.41 ;
T_15.46 ;
    %load/vec4 v0x5597b1b814d0_0;
    %cmpi/ne 1, 0, 1;
    %jmp/0xz T_15.47, 6;
    %wait E_0x5597b1aa6a00;
    %jmp T_15.46;
T_15.47 ;
    %load/vec4 v0x5597b1b81790_0;
    %addi 1, 0, 32;
    %store/vec4 v0x5597b1b81790_0, 0, 32;
    %jmp T_15.29;
T_15.30 ;
    %pushi/vec4 0, 0, 1;
    %store/vec4 v0x5597b1b825e0_0, 0, 1;
    %pushi/vec4 0, 0, 1;
    %store/vec4 v0x5597b1b82450_0, 0, 1;
    %end;
    .thread T_15;
    .scope S_0x5597b1b490d0;
T_16 ;
T_16.0 ;
    %load/vec4 v0x5597b1b821e0_0;
    %cmpi/ne 1, 0, 1;
    %jmp/0xz T_16.1, 6;
    %wait E_0x5597b1aa77c0;
    %jmp T_16.0;
T_16.1 ;
T_16.2 ;
    %load/vec4 v0x5597b1b814d0_0;
    %cmpi/ne 1, 0, 1;
    %jmp/0xz T_16.3, 6;
    %wait E_0x5597b1aa6a00;
    %jmp T_16.2;
T_16.3 ;
T_16.4 ;
    %load/vec4 v0x5597b1b82860_0;
    %cmpi/ne 1, 0, 1;
    %jmp/0xz T_16.5, 6;
    %wait E_0x5597b1aa6b80;
    %jmp T_16.4;
T_16.5 ;
T_16.6 ;
    %load/vec4 v0x5597b1b814d0_0;
    %inv;
    %cmpi/ne 1, 0, 1;
    %jmp/0xz T_16.7, 6;
    %wait E_0x5597b1aa6a00;
    %jmp T_16.6;
T_16.7 ;
T_16.8 ;
    %load/vec4 v0x5597b1b814d0_0;
    %cmpi/ne 1, 0, 1;
    %jmp/0xz T_16.9, 6;
    %wait E_0x5597b1aa6a00;
    %jmp T_16.8;
T_16.9 ;
    %pushi/vec4 1, 0, 1;
    %store/vec4 v0x5597b1b829f0_0, 0, 1;
    %pushi/vec4 64, 0, 8;
    %store/vec4 v0x5597b1b82900_0, 0, 8;
    %pushi/vec4 1, 0, 1;
    %store/vec4 v0x5597b1b81b60_0, 0, 1;
    %pushi/vec4 0, 0, 32;
    %store/vec4 v0x5597b1b81830_0, 0, 32;
T_16.10 ;
    %load/vec4 v0x5597b1b81830_0;
    %cmpi/s 25, 0, 32;
    %jmp/0xz T_16.11, 5;
    %load/vec4 v0x5597b1b81830_0;
    %pushi/vec4 5, 0, 32;
    %div/s;
    %pushi/vec4 5, 0, 32;
    %mod/s;
    %dup/vec4;
    %pushi/vec4 0, 0, 32;
    %cmp/u;
    %jmp/1 T_16.12, 6;
    %dup/vec4;
    %pushi/vec4 1, 0, 32;
    %cmp/u;
    %jmp/1 T_16.13, 6;
    %dup/vec4;
    %pushi/vec4 2, 0, 32;
    %cmp/u;
    %jmp/1 T_16.14, 6;
    %dup/vec4;
    %pushi/vec4 3, 0, 32;
    %cmp/u;
    %jmp/1 T_16.15, 6;
    %dup/vec4;
    %pushi/vec4 4, 0, 32;
    %cmp/u;
    %jmp/1 T_16.16, 6;
    %pushi/vec4 49152, 0, 16;
    %store/vec4 v0x5597b1b82680_0, 0, 16;
    %jmp T_16.18;
T_16.12 ;
    %pushi/vec4 49152, 0, 16;
    %store/vec4 v0x5597b1b82680_0, 0, 16;
    %jmp T_16.18;
T_16.13 ;
    %pushi/vec4 61440, 0, 16;
    %store/vec4 v0x5597b1b82680_0, 0, 16;
    %jmp T_16.18;
T_16.14 ;
    %pushi/vec4 0, 0, 16;
    %store/vec4 v0x5597b1b82680_0, 0, 16;
    %jmp T_16.18;
T_16.15 ;
    %pushi/vec4 4096, 0, 16;
    %store/vec4 v0x5597b1b82680_0, 0, 16;
    %jmp T_16.18;
T_16.16 ;
    %pushi/vec4 16384, 0, 16;
    %store/vec4 v0x5597b1b82680_0, 0, 16;
    %jmp T_16.18;
T_16.18 ;
    %pop/vec4 1;
    %load/vec4 v0x5597b1b81830_0;
    %pushi/vec4 24, 0, 32;
    %cmp/e;
    %flag_get/vec4 4;
    %store/vec4 v0x5597b1b82770_0, 0, 1;
T_16.19 ;
    %load/vec4 v0x5597b1b814d0_0;
    %inv;
    %cmpi/ne 1, 0, 1;
    %jmp/0xz T_16.20, 6;
    %wait E_0x5597b1aa6a00;
    %jmp T_16.19;
T_16.20 ;
T_16.21 ;
    %load/vec4 v0x5597b1b82860_0;
    %inv;
    %flag_set/vec4 8;
    %jmp/0xz T_16.22, 8;
T_16.23 ;
    %load/vec4 v0x5597b1b814d0_0;
    %cmpi/ne 1, 0, 1;
    %jmp/0xz T_16.24, 6;
    %wait E_0x5597b1aa6a00;
    %jmp T_16.23;
T_16.24 ;
T_16.25 ;
    %load/vec4 v0x5597b1b814d0_0;
    %inv;
    %cmpi/ne 1, 0, 1;
    %jmp/0xz T_16.26, 6;
    %wait E_0x5597b1aa6a00;
    %jmp T_16.25;
T_16.26 ;
    %jmp T_16.21;
T_16.22 ;
T_16.27 ;
    %load/vec4 v0x5597b1b814d0_0;
    %cmpi/ne 1, 0, 1;
    %jmp/0xz T_16.28, 6;
    %wait E_0x5597b1aa6a00;
    %jmp T_16.27;
T_16.28 ;
    %load/vec4 v0x5597b1b81830_0;
    %addi 1, 0, 32;
    %store/vec4 v0x5597b1b81830_0, 0, 32;
    %jmp T_16.10;
T_16.11 ;
    %pushi/vec4 0, 0, 32;
    %store/vec4 v0x5597b1b81830_0, 0, 32;
T_16.29 ;
    %load/vec4 v0x5597b1b81830_0;
    %cmpi/s 25, 0, 32;
    %jmp/0xz T_16.30, 5;
    %load/vec4 v0x5597b1b81830_0;
    %pushi/vec4 5, 0, 32;
    %div/s;
    %pushi/vec4 5, 0, 32;
    %mod/s;
    %dup/vec4;
    %pushi/vec4 0, 0, 32;
    %cmp/u;
    %jmp/1 T_16.31, 6;
    %dup/vec4;
    %pushi/vec4 1, 0, 32;
    %cmp/u;
    %jmp/1 T_16.32, 6;
    %dup/vec4;
    %pushi/vec4 2, 0, 32;
    %cmp/u;
    %jmp/1 T_16.33, 6;
    %dup/vec4;
    %pushi/vec4 3, 0, 32;
    %cmp/u;
    %jmp/1 T_16.34, 6;
    %dup/vec4;
    %pushi/vec4 4, 0, 32;
    %cmp/u;
    %jmp/1 T_16.35, 6;
    %pushi/vec4 49152, 0, 16;
    %store/vec4 v0x5597b1b82680_0, 0, 16;
    %jmp T_16.37;
T_16.31 ;
    %pushi/vec4 49152, 0, 16;
    %store/vec4 v0x5597b1b82680_0, 0, 16;
    %jmp T_16.37;
T_16.32 ;
    %pushi/vec4 61440, 0, 16;
    %store/vec4 v0x5597b1b82680_0, 0, 16;
    %jmp T_16.37;
T_16.33 ;
    %pushi/vec4 0, 0, 16;
    %store/vec4 v0x5597b1b82680_0, 0, 16;
    %jmp T_16.37;
T_16.34 ;
    %pushi/vec4 4096, 0, 16;
    %store/vec4 v0x5597b1b82680_0, 0, 16;
    %jmp T_16.37;
T_16.35 ;
    %pushi/vec4 16384, 0, 16;
    %store/vec4 v0x5597b1b82680_0, 0, 16;
    %jmp T_16.37;
T_16.37 ;
    %pop/vec4 1;
    %load/vec4 v0x5597b1b81830_0;
    %pushi/vec4 24, 0, 32;
    %cmp/e;
    %flag_get/vec4 4;
    %store/vec4 v0x5597b1b82770_0, 0, 1;
T_16.38 ;
    %load/vec4 v0x5597b1b814d0_0;
    %inv;
    %cmpi/ne 1, 0, 1;
    %jmp/0xz T_16.39, 6;
    %wait E_0x5597b1aa6a00;
    %jmp T_16.38;
T_16.39 ;
T_16.40 ;
    %load/vec4 v0x5597b1b82860_0;
    %inv;
    %flag_set/vec4 8;
    %jmp/0xz T_16.41, 8;
T_16.42 ;
    %load/vec4 v0x5597b1b814d0_0;
    %cmpi/ne 1, 0, 1;
    %jmp/0xz T_16.43, 6;
    %wait E_0x5597b1aa6a00;
    %jmp T_16.42;
T_16.43 ;
T_16.44 ;
    %load/vec4 v0x5597b1b814d0_0;
    %inv;
    %cmpi/ne 1, 0, 1;
    %jmp/0xz T_16.45, 6;
    %wait E_0x5597b1aa6a00;
    %jmp T_16.44;
T_16.45 ;
    %jmp T_16.40;
T_16.41 ;
T_16.46 ;
    %load/vec4 v0x5597b1b814d0_0;
    %cmpi/ne 1, 0, 1;
    %jmp/0xz T_16.47, 6;
    %wait E_0x5597b1aa6a00;
    %jmp T_16.46;
T_16.47 ;
    %load/vec4 v0x5597b1b81830_0;
    %addi 1, 0, 32;
    %store/vec4 v0x5597b1b81830_0, 0, 32;
    %jmp T_16.29;
T_16.30 ;
    %pushi/vec4 0, 0, 1;
    %store/vec4 v0x5597b1b829f0_0, 0, 1;
    %pushi/vec4 0, 0, 1;
    %store/vec4 v0x5597b1b82770_0, 0, 1;
T_16.48 ;
    %load/vec4 v0x5597b1b81d10_0;
    %cmpi/ne 1, 0, 1;
    %jmp/0xz T_16.49, 6;
    %wait E_0x5597b1aa0d60;
    %jmp T_16.48;
T_16.49 ;
T_16.50 ;
    %load/vec4 v0x5597b1b814d0_0;
    %inv;
    %cmpi/ne 1, 0, 1;
    %jmp/0xz T_16.51, 6;
    %wait E_0x5597b1aa6a00;
    %jmp T_16.50;
T_16.51 ;
T_16.52 ;
    %load/vec4 v0x5597b1b814d0_0;
    %cmpi/ne 1, 0, 1;
    %jmp/0xz T_16.53, 6;
    %wait E_0x5597b1aa6a00;
    %jmp T_16.52;
T_16.53 ;
    %delay 25000, 0;
    %vpi_call 2 287 "$finish" {0 0 0};
    %end;
    .thread T_16;
# The file index is used to find the file name in the following table.
:file_names 6;
    "N/A";
    "<interactive>";
    "../tb/tbv2_LinearProcessingElement.v";
    "../rtl/LinearProcessingElement.v";
    "../lib/verilog-axis/rtl/axis_register.v";
    "../rtl/LPEControlUnit.v";
