20:54:43 DEBUG : Logs will be stored at 'D:/Yannos/FILES/PROGRAMS/FPGA/SoC/KAN/gvenit_design/kan-fpga/vitis/System_Versions/Version_0/IDE.log'.
20:54:48 INFO  : Registering command handlers for Vitis TCF services
20:54:48 INFO  : Launching XSCT server: xsct.bat -n  -interactive D:\Yannos\FILES\PROGRAMS\FPGA\SoC\KAN\gvenit_design\kan-fpga\vitis\System_Versions\Version_0\temp_xsdb_launch_script.tcl
20:54:48 INFO  : Platform repository initialization has completed.
20:54:51 INFO  : XSCT server has started successfully.
20:54:51 INFO  : Successfully done setting XSCT server connection channel  
20:54:51 INFO  : plnx-install-location is set to ''
20:54:51 INFO  : Successfully done query RDI_DATADIR 
20:54:51 INFO  : Successfully done setting workspace for the tool. 
20:56:46 INFO  : Result from executing command 'getProjects': KAN_SoC
20:56:46 INFO  : Result from executing command 'getPlatforms': xilinx_zcu102_base_202220_1|C:/Xilinx/Vitis/2022.2/base_platforms/xilinx_zcu102_base_202220_1/xilinx_zcu102_base_202220_1.xpfm;xilinx_zcu102_base_dfx_202220_1|C:/Xilinx/Vitis/2022.2/base_platforms/xilinx_zcu102_base_dfx_202220_1/xilinx_zcu102_base_dfx_202220_1.xpfm;xilinx_zcu104_base_202220_1|C:/Xilinx/Vitis/2022.2/base_platforms/xilinx_zcu104_base_202220_1/xilinx_zcu104_base_202220_1.xpfm
20:56:47 WARN  : An unexpected exception occurred in the module 'platform project logging'
20:56:47 INFO  : Platform 'KAN_SoC' is added to custom repositories.
20:57:01 INFO  : Platform 'KAN_SoC' is added to custom repositories.
20:24:27 DEBUG : Logs will be stored at 'D:/Yannos/FILES/PROGRAMS/FPGA/SoC/KAN/gvenit_design/kan-fpga/vitis/System_Versions/Version_0/IDE.log'.
20:24:29 INFO  : Launching XSCT server: xsct.bat -n  -interactive D:\Yannos\FILES\PROGRAMS\FPGA\SoC\KAN\gvenit_design\kan-fpga\vitis\System_Versions\Version_0\temp_xsdb_launch_script.tcl
20:24:37 INFO  : Platform repository initialization has completed.
20:24:38 INFO  : XSCT server has started successfully.
20:24:38 INFO  : Registering command handlers for Vitis TCF services
20:24:47 INFO  : plnx-install-location is set to ''
20:24:47 INFO  : Successfully done setting XSCT server connection channel  
20:24:47 INFO  : Successfully done query RDI_DATADIR 
20:24:47 INFO  : Successfully done setting workspace for the tool. 
