#! /usr/bin/vvp
:ivl_version "12.0 (stable)";
:ivl_delay_selection "TYPICAL";
:vpi_time_precision - 12;
:vpi_module "/usr/lib/x86_64-linux-gnu/ivl/system.vpi";
:vpi_module "/usr/lib/x86_64-linux-gnu/ivl/vhdl_sys.vpi";
:vpi_module "/usr/lib/x86_64-linux-gnu/ivl/vhdl_textio.vpi";
:vpi_module "/usr/lib/x86_64-linux-gnu/ivl/v2005_math.vpi";
:vpi_module "/usr/lib/x86_64-linux-gnu/ivl/va_math.vpi";
S_0x56247f71a520 .scope module, "tb_DataSplitter" "tb_DataSplitter" 2 6;
 .timescale -9 -12;
P_0x56247f6889a0 .param/l "CHANNELS" 1 2 12, +C4<00000000000000000000000000000110>;
P_0x56247f6889e0 .param/l "DEST_ENABLE" 1 2 20, +C4<00000000000000000000000000000001>;
P_0x56247f688a20 .param/l "DEST_WIDTH" 1 2 21, +C4<00000000000000000000000000001000>;
P_0x56247f688a60 .param/l "EXTRA_CYCLE" 1 2 24, +C4<00000000000000000000000000000001>;
P_0x56247f688aa0 .param/l "ID_ENABLE" 1 2 18, +C4<00000000000000000000000000000001>;
P_0x56247f688ae0 .param/l "ID_WIDTH" 1 2 19, +C4<00000000000000000000000000001000>;
P_0x56247f688b20 .param/l "INPUT_KEEP_ENABLE" 1 2 13, C4<1>;
P_0x56247f688b60 .param/l "INPUT_KEEP_WIDTH" 1 2 14, +C4<00000000000000000000000000000000000000000000000000000000000000110>;
P_0x56247f688ba0 .param/l "LAST_ENABLE" 1 2 17, +C4<00000000000000000000000000000001>;
P_0x56247f688be0 .param/l "OUTPUT_DATA_WIDTH" 1 2 11, +C4<00000000000000000000000000001000>;
P_0x56247f688c20 .param/l "OUTPUT_KEEP_ENABLE" 1 2 15, C4<0>;
P_0x56247f688c60 .param/l "OUTPUT_KEEP_WIDTH" 1 2 16, +C4<000000000000000000000000000000001>;
P_0x56247f688ca0 .param/l "USER_ENABLE" 1 2 22, +C4<00000000000000000000000000000001>;
P_0x56247f688ce0 .param/l "USER_WIDTH" 1 2 23, +C4<00000000000000000000000000001000>;
v0x56247f751f30_0 .var "_tmp_0", 7 0;
v0x56247f796560_0 .var "_tmp_1", 0 0;
v0x56247f796640_0 .var "clk", 0 0;
v0x56247f796710_0 .var/i "counter", 31 0;
v0x56247f7967d0_0 .net "m_axis_tdata", 47 0, L_0x56247f79fd30;  1 drivers
v0x56247f796890_0 .net "m_axis_tdest", 47 0, L_0x56247f7a1090;  1 drivers
v0x56247f796960_0 .net "m_axis_tid", 47 0, L_0x56247f7a0c10;  1 drivers
v0x56247f796a30_0 .net "m_axis_tkeep", 5 0, L_0x56247f7a0000;  1 drivers
v0x56247f796b00_0 .net "m_axis_tlast", 5 0, L_0x56247f7a0940;  1 drivers
v0x56247f796bd0_0 .var "m_axis_tready", 5 0;
v0x56247f796ca0_0 .net "m_axis_tuser", 47 0, L_0x56247f7a1220;  1 drivers
v0x56247f796d70_0 .net "m_axis_tvalid", 5 0, L_0x56247f7a0420;  1 drivers
v0x56247f796e40_0 .var "reset_done", 0 0;
v0x56247f796ee0_0 .var "rst", 0 0;
v0x56247f797090_0 .var "s_axis_tdata", 47 0;
v0x56247f797150_0 .var "s_axis_tdest", 7 0;
v0x56247f797260_0 .var "s_axis_tid", 7 0;
v0x56247f797480_0 .var "s_axis_tkeep", 5 0;
v0x56247f797590_0 .var "s_axis_tlast", 0 0;
v0x56247f797680_0 .net "s_axis_tready", 0 0, L_0x56247f7a16b0;  1 drivers
v0x56247f797770_0 .var "s_axis_tuser", 7 0;
v0x56247f797880_0 .var "s_axis_tvalid", 0 0;
S_0x56247f764c30 .scope module, "uut" "DataSplitter" 2 62, 3 11 0, S_0x56247f71a520;
 .timescale -9 -12;
    .port_info 0 /INPUT 1 "clk";
    .port_info 1 /INPUT 1 "rst";
    .port_info 2 /INPUT 48 "s_axis_tdata";
    .port_info 3 /INPUT 6 "s_axis_tkeep";
    .port_info 4 /INPUT 1 "s_axis_tvalid";
    .port_info 5 /OUTPUT 1 "s_axis_tready";
    .port_info 6 /INPUT 1 "s_axis_tlast";
    .port_info 7 /INPUT 8 "s_axis_tid";
    .port_info 8 /INPUT 8 "s_axis_tdest";
    .port_info 9 /INPUT 8 "s_axis_tuser";
    .port_info 10 /OUTPUT 48 "m_axis_tdata";
    .port_info 11 /OUTPUT 6 "m_axis_tkeep";
    .port_info 12 /OUTPUT 6 "m_axis_tvalid";
    .port_info 13 /INPUT 6 "m_axis_tready";
    .port_info 14 /OUTPUT 6 "m_axis_tlast";
    .port_info 15 /OUTPUT 48 "m_axis_tid";
    .port_info 16 /OUTPUT 48 "m_axis_tdest";
    .port_info 17 /OUTPUT 48 "m_axis_tuser";
P_0x56247f698850 .param/l "CHANNELS" 0 3 15, +C4<00000000000000000000000000000110>;
P_0x56247f698890 .param/l "DEST_ENABLE" 0 3 31, +C4<00000000000000000000000000000001>;
P_0x56247f6988d0 .param/l "DEST_WIDTH" 0 3 33, +C4<00000000000000000000000000001000>;
P_0x56247f698910 .param/l "EXTRA_CYCLE" 0 3 39, +C4<00000000000000000000000000000001>;
P_0x56247f698950 .param/l "ID_ENABLE" 0 3 27, +C4<00000000000000000000000000000001>;
P_0x56247f698990 .param/l "ID_WIDTH" 0 3 29, +C4<00000000000000000000000000001000>;
P_0x56247f6989d0 .param/l "INPUT_DATA_WIDTH" 1 3 70, +C4<0000000000000000000000000000000000000000000000000000000000110000>;
P_0x56247f698a10 .param/l "INPUT_KEEP_ENABLE" 0 3 17, C4<1>;
P_0x56247f698a50 .param/l "INPUT_KEEP_WIDTH" 0 3 19, +C4<00000000000000000000000000000000000000000000000000000000000000110>;
P_0x56247f698a90 .param/l "LAST_ENABLE" 0 3 25, +C4<00000000000000000000000000000001>;
P_0x56247f698ad0 .param/l "OUTPUT_DATA_WIDTH" 0 3 13, +C4<00000000000000000000000000001000>;
P_0x56247f698b10 .param/l "OUTPUT_KEEP_ENABLE" 0 3 21, C4<0>;
P_0x56247f698b50 .param/l "OUTPUT_KEEP_WIDTH" 0 3 23, +C4<000000000000000000000000000000001>;
P_0x56247f698b90 .param/l "USER_ENABLE" 0 3 35, +C4<00000000000000000000000000000001>;
P_0x56247f698bd0 .param/l "USER_WIDTH" 0 3 37, +C4<00000000000000000000000000001000>;
L_0x7f1ff98b71c8 .functor BUFT 1, C4<1>, C4<0>, C4<0>, C4<0>;
L_0x56247f7a2690 .functor XNOR 1, L_0x56247f7a2f10, L_0x7f1ff98b71c8, C4<0>, C4<0>;
L_0x56247f7a2750 .functor OR 6, v0x56247f7950f0_0, L_0x56247f7a2950, C4<000000>, C4<000000>;
L_0x56247f7a2950 .functor AND 6, L_0x56247f79e260, L_0x56247f79f970, C4<111111>, C4<111111>;
L_0x56247f7a2b20 .functor BUFZ 1, L_0x56247f7a2f10, C4<0>, C4<0>, C4<0>;
L_0x56247f7a2be0 .functor NOT 6, L_0x56247f79ebd0, C4<000000>, C4<000000>, C4<000000>;
L_0x56247f79b840 .functor OR 6, v0x56247f7950f0_0, L_0x56247f7a2950, C4<000000>, C4<000000>;
L_0x56247f79a570 .functor OR 6, L_0x56247f7a2be0, L_0x56247f79b840, C4<000000>, C4<000000>;
v0x56247f7910d0_0 .net/2u *"_ivl_166", 0 0, L_0x7f1ff98b71c8;  1 drivers
v0x56247f793d30_0 .net *"_ivl_168", 0 0, L_0x56247f7a2690;  1 drivers
L_0x7f1ff98b7210 .functor BUFT 1, C4<000000>, C4<0>, C4<0>, C4<0>;
v0x56247f793df0_0 .net/2u *"_ivl_170", 5 0, L_0x7f1ff98b7210;  1 drivers
v0x56247f793eb0_0 .net *"_ivl_172", 5 0, L_0x56247f7a2750;  1 drivers
v0x56247f793f90_0 .net *"_ivl_180", 5 0, L_0x56247f7a2be0;  1 drivers
v0x56247f794070_0 .net *"_ivl_182", 5 0, L_0x56247f79b840;  1 drivers
v0x56247f794150_0 .net *"_ivl_184", 5 0, L_0x56247f79a570;  1 drivers
v0x56247f794230_0 .net "clk", 0 0, v0x56247f796640_0;  1 drivers
v0x56247f7942d0_0 .net "handshakes", 5 0, L_0x56247f7a2950;  1 drivers
v0x56247f7943b0 .array "int_axis_chn_tdata", 5 0;
v0x56247f7943b0_0 .net v0x56247f7943b0 0, 7 0, L_0x56247f797970; 1 drivers
v0x56247f7943b0_1 .net v0x56247f7943b0 1, 7 0, L_0x56247f798b30; 1 drivers
v0x56247f7943b0_2 .net v0x56247f7943b0 2, 7 0, L_0x56247f79a050; 1 drivers
v0x56247f7943b0_3 .net v0x56247f7943b0 3, 7 0, L_0x56247f79b520; 1 drivers
v0x56247f7943b0_4 .net v0x56247f7943b0 4, 7 0, L_0x56247f79ca90; 1 drivers
v0x56247f7943b0_5 .net v0x56247f7943b0 5, 7 0, L_0x56247f79e170; 1 drivers
v0x56247f7945a0 .array "int_axis_chn_tkeep", 5 0;
v0x56247f7945a0_0 .net v0x56247f7945a0 0, 0 0, L_0x56247f797da0; 1 drivers
v0x56247f7945a0_1 .net v0x56247f7945a0 1, 0 0, L_0x56247f7990e0; 1 drivers
v0x56247f7945a0_2 .net v0x56247f7945a0 2, 0 0, L_0x56247f79a480; 1 drivers
v0x56247f7945a0_3 .net v0x56247f7945a0 3, 0 0, L_0x56247f79b990; 1 drivers
v0x56247f7945a0_4 .net v0x56247f7945a0 4, 0 0, L_0x56247f79d030; 1 drivers
v0x56247f7945a0_5 .net v0x56247f7945a0 5, 0 0, L_0x56247f79eae0; 1 drivers
v0x56247f7947a0_0 .net "int_axis_chn_tready", 5 0, L_0x56247f79f970;  1 drivers
v0x56247f794840_0 .net "int_axis_chn_tvalid", 5 0, L_0x56247f79e260;  1 drivers
v0x56247f7948e0_0 .net "int_axis_tdata", 47 0, v0x56247f7919e0_0;  1 drivers
v0x56247f7949b0_0 .net "int_axis_tdest", 7 0, L_0x56247f7a1dd0;  1 drivers
v0x56247f794a50_0 .net "int_axis_tid", 7 0, L_0x56247f7a1c10;  1 drivers
v0x56247f794af0_0 .net "int_axis_tkeep", 5 0, v0x56247f791c80_0;  1 drivers
v0x56247f794cd0_0 .net "int_axis_tlast", 0 0, L_0x56247f7a1a90;  1 drivers
v0x56247f794d70_0 .net "int_axis_tready", 0 0, L_0x56247f7a2b20;  1 drivers
v0x56247f794e40_0 .net "int_axis_tuser", 7 0, L_0x56247f7a1f50;  1 drivers
v0x56247f794ee0_0 .net "int_axis_tvalid", 0 0, L_0x56247f7a1910;  1 drivers
v0x56247f794fb0_0 .net "keep_channels", 5 0, L_0x56247f79ebd0;  1 drivers
v0x56247f795050_0 .net "locked_channels_next", 5 0, L_0x56247f7a27c0;  1 drivers
v0x56247f7950f0_0 .var "locked_channels_reg", 5 0;
v0x56247f795190_0 .net "m_axis_tdata", 47 0, L_0x56247f79fd30;  alias, 1 drivers
v0x56247f795270_0 .net "m_axis_tdest", 47 0, L_0x56247f7a1090;  alias, 1 drivers
v0x56247f795350_0 .net "m_axis_tid", 47 0, L_0x56247f7a0c10;  alias, 1 drivers
v0x56247f795430_0 .net "m_axis_tkeep", 5 0, L_0x56247f7a0000;  alias, 1 drivers
v0x56247f795510_0 .net "m_axis_tlast", 5 0, L_0x56247f7a0940;  alias, 1 drivers
v0x56247f7955f0_0 .net "m_axis_tready", 5 0, v0x56247f796bd0_0;  1 drivers
v0x56247f7956d0_0 .net "m_axis_tuser", 47 0, L_0x56247f7a1220;  alias, 1 drivers
v0x56247f7957b0_0 .net "m_axis_tvalid", 5 0, L_0x56247f7a0420;  alias, 1 drivers
v0x56247f795890_0 .net "new_transfer", 0 0, L_0x56247f7a2f10;  1 drivers
v0x56247f795b60_0 .net "rst", 0 0, v0x56247f796ee0_0;  1 drivers
v0x56247f795c00_0 .net "s_axis_tdata", 47 0, v0x56247f797090_0;  1 drivers
v0x56247f795cf0_0 .net "s_axis_tdest", 7 0, v0x56247f797150_0;  1 drivers
v0x56247f795dc0_0 .net "s_axis_tid", 7 0, v0x56247f797260_0;  1 drivers
v0x56247f795e90_0 .net "s_axis_tkeep", 5 0, v0x56247f797480_0;  1 drivers
v0x56247f795f60_0 .net "s_axis_tlast", 0 0, v0x56247f797590_0;  1 drivers
v0x56247f796030_0 .net "s_axis_tready", 0 0, L_0x56247f7a16b0;  alias, 1 drivers
v0x56247f796100_0 .net "s_axis_tuser", 7 0, v0x56247f797770_0;  1 drivers
v0x56247f7961d0_0 .net "s_axis_tvalid", 0 0, v0x56247f797880_0;  1 drivers
L_0x56247f797970 .part v0x56247f7919e0_0, 0, 8;
L_0x56247f797ad0 .part v0x56247f7950f0_0, 0, 1;
L_0x56247f797c60 .part L_0x56247f79ebd0, 0, 1;
L_0x56247f797da0 .part v0x56247f791c80_0, 0, 1;
L_0x56247f798910 .part L_0x56247f79e260, 0, 1;
L_0x56247f7989b0 .part v0x56247f796bd0_0, 0, 1;
L_0x56247f798b30 .part v0x56247f7919e0_0, 8, 8;
L_0x56247f798c20 .part v0x56247f7950f0_0, 1, 1;
L_0x56247f798ee0 .part L_0x56247f79ebd0, 1, 1;
L_0x56247f7990e0 .part v0x56247f791c80_0, 1, 1;
L_0x56247f799e00 .part L_0x56247f79e260, 1, 1;
L_0x56247f799ef0 .part v0x56247f796bd0_0, 1, 1;
L_0x56247f79a050 .part v0x56247f7919e0_0, 16, 8;
L_0x56247f79a140 .part v0x56247f7950f0_0, 2, 1;
L_0x56247f79a2d0 .part L_0x56247f79ebd0, 2, 1;
L_0x56247f79a480 .part v0x56247f791c80_0, 2, 1;
L_0x56247f79b260 .part L_0x56247f79e260, 2, 1;
L_0x56247f79b300 .part v0x56247f796bd0_0, 2, 1;
L_0x56247f79b520 .part v0x56247f7919e0_0, 24, 8;
L_0x56247f79b5c0 .part v0x56247f7950f0_0, 3, 1;
L_0x56247f79b480 .part L_0x56247f79ebd0, 3, 1;
L_0x56247f79b990 .part v0x56247f791c80_0, 3, 1;
L_0x56247f79c7f0 .part L_0x56247f79e260, 3, 1;
L_0x56247f79c920 .part v0x56247f796bd0_0, 3, 1;
L_0x56247f79ca90 .part v0x56247f7919e0_0, 32, 8;
L_0x56247f79cb80 .part v0x56247f7950f0_0, 4, 1;
L_0x56247f79ce80 .part L_0x56247f79ebd0, 4, 1;
L_0x56247f79d030 .part v0x56247f791c80_0, 4, 1;
L_0x56247f79dee0 .part L_0x56247f79e260, 4, 1;
L_0x56247f79df80 .part v0x56247f796bd0_0, 4, 1;
L_0x56247f79e170 .part v0x56247f7919e0_0, 40, 8;
LS_0x56247f79e260_0_0 .concat8 [ 1 1 1 1], L_0x56247f75a4f0, L_0x56247f798fd0, L_0x56247f79a370, L_0x56247f79b8d0;
LS_0x56247f79e260_0_4 .concat8 [ 1 1 0 0], L_0x56247f79cf20, L_0x56247f79e980;
L_0x56247f79e260 .concat8 [ 4 2 0 0], LS_0x56247f79e260_0_0, LS_0x56247f79e260_0_4;
L_0x56247f79e5a0 .part v0x56247f7950f0_0, 5, 1;
L_0x56247f79e7c0 .part L_0x56247f79ebd0, 5, 1;
L_0x56247f79eae0 .part v0x56247f791c80_0, 5, 1;
LS_0x56247f79ebd0_0_0 .concat8 [ 1 1 1 1], L_0x56247f797ee0, L_0x56247f799230, L_0x56247f79a600, L_0x56247f79bb40;
LS_0x56247f79ebd0_0_4 .concat8 [ 1 1 0 0], L_0x56247f79d210, L_0x56247f79e860;
L_0x56247f79ebd0 .concat8 [ 4 2 0 0], LS_0x56247f79ebd0_0_0, LS_0x56247f79ebd0_0_4;
L_0x56247f79f8d0 .part L_0x56247f79e260, 5, 1;
LS_0x56247f79f970_0_0 .concat8 [ 1 1 1 1], v0x56247f779e70_0, v0x56247f77dbf0_0, v0x56247f781e60_0, v0x56247f786120_0;
LS_0x56247f79f970_0_4 .concat8 [ 1 1 0 0], v0x56247f78a340_0, v0x56247f78e550_0;
L_0x56247f79f970 .concat8 [ 4 2 0 0], LS_0x56247f79f970_0_0, LS_0x56247f79f970_0_4;
LS_0x56247f79fd30_0_0 .concat8 [ 8 8 8 8], v0x56247f779710_0, v0x56247f77d490_0, v0x56247f781700_0, v0x56247f7859c0_0;
LS_0x56247f79fd30_0_4 .concat8 [ 8 8 0 0], v0x56247f789be0_0, v0x56247f78ddf0_0;
L_0x56247f79fd30 .concat8 [ 32 16 0 0], LS_0x56247f79fd30_0_0, LS_0x56247f79fd30_0_4;
L_0x7f1ff98b7018 .functor BUFT 1, C4<1>, C4<0>, C4<0>, C4<0>;
L_0x7f1ff98b7060 .functor BUFT 1, C4<1>, C4<0>, C4<0>, C4<0>;
L_0x7f1ff98b70a8 .functor BUFT 1, C4<1>, C4<0>, C4<0>, C4<0>;
L_0x7f1ff98b70f0 .functor BUFT 1, C4<1>, C4<0>, C4<0>, C4<0>;
LS_0x56247f7a0000_0_0 .concat8 [ 1 1 1 1], L_0x7f1ff98b7018, L_0x7f1ff98b7060, L_0x7f1ff98b70a8, L_0x7f1ff98b70f0;
L_0x7f1ff98b7138 .functor BUFT 1, C4<1>, C4<0>, C4<0>, C4<0>;
L_0x7f1ff98b7180 .functor BUFT 1, C4<1>, C4<0>, C4<0>, C4<0>;
LS_0x56247f7a0000_0_4 .concat8 [ 1 1 0 0], L_0x7f1ff98b7138, L_0x7f1ff98b7180;
L_0x56247f7a0000 .concat8 [ 4 2 0 0], LS_0x56247f7a0000_0_0, LS_0x56247f7a0000_0_4;
LS_0x56247f7a0420_0_0 .concat8 [ 1 1 1 1], L_0x56247f7336d0, L_0x56247f7993b0, L_0x56247f79a7b0, L_0x56247f79bcf0;
LS_0x56247f7a0420_0_4 .concat8 [ 1 1 0 0], L_0x56247f79d410, L_0x56247f79f010;
L_0x56247f7a0420 .concat8 [ 4 2 0 0], LS_0x56247f7a0420_0_0, LS_0x56247f7a0420_0_4;
L_0x56247f7a06f0 .part v0x56247f796bd0_0, 5, 1;
LS_0x56247f7a0940_0_0 .concat8 [ 1 1 1 1], v0x56247f779a90_0, v0x56247f77d810_0, v0x56247f781a80_0, v0x56247f785d40_0;
LS_0x56247f7a0940_0_4 .concat8 [ 1 1 0 0], v0x56247f789f60_0, v0x56247f78e170_0;
L_0x56247f7a0940 .concat8 [ 4 2 0 0], LS_0x56247f7a0940_0_0, LS_0x56247f7a0940_0_4;
LS_0x56247f7a0c10_0_0 .concat8 [ 8 8 8 8], v0x56247f7798d0_0, v0x56247f77d650_0, v0x56247f7818c0_0, v0x56247f785b80_0;
LS_0x56247f7a0c10_0_4 .concat8 [ 8 8 0 0], v0x56247f789da0_0, v0x56247f78dfb0_0;
L_0x56247f7a0c10 .concat8 [ 32 16 0 0], LS_0x56247f7a0c10_0_0, LS_0x56247f7a0c10_0_4;
LS_0x56247f7a1090_0_0 .concat8 [ 8 8 8 8], v0x56247f7797f0_0, v0x56247f77d570_0, v0x56247f7817e0_0, v0x56247f785aa0_0;
LS_0x56247f7a1090_0_4 .concat8 [ 8 8 0 0], v0x56247f789cc0_0, v0x56247f78ded0_0;
L_0x56247f7a1090 .concat8 [ 32 16 0 0], LS_0x56247f7a1090_0_0, LS_0x56247f7a1090_0_4;
LS_0x56247f7a1220_0_0 .concat8 [ 8 8 8 8], v0x56247f779b50_0, v0x56247f77d8d0_0, v0x56247f781b40_0, v0x56247f785e00_0;
LS_0x56247f7a1220_0_4 .concat8 [ 8 8 0 0], v0x56247f78a020_0, v0x56247f78e230_0;
L_0x56247f7a1220 .concat8 [ 32 16 0 0], LS_0x56247f7a1220_0_0, LS_0x56247f7a1220_0_4;
L_0x56247f7a27c0 .functor MUXZ 6, L_0x56247f7a2750, L_0x7f1ff98b7210, L_0x56247f7a2690, C4<>;
L_0x56247f7a2f10 .reduce/and L_0x56247f79a570;
S_0x56247f72c570 .scope generate, "genblk1[0]" "genblk1[0]" 3 159, 3 159 0, S_0x56247f764c30;
 .timescale -9 -12;
P_0x56247f71bd70 .param/l "CHN" 1 3 159, +C4<00>;
L_0x56247f7662f0 .functor NOT 1, L_0x56247f797ad0, C4<0>, C4<0>, C4<0>;
L_0x56247f763460 .functor AND 1, L_0x56247f7a1910, L_0x56247f7662f0, C4<1>, C4<1>;
L_0x56247f75a4f0 .functor AND 1, L_0x56247f763460, L_0x56247f797c60, C4<1>, C4<1>;
v0x56247f7408b0_0 .net *"_ivl_2", 0 0, L_0x56247f797ad0;  1 drivers
v0x56247f77ba10_0 .net *"_ivl_3", 0 0, L_0x56247f7662f0;  1 drivers
v0x56247f77baf0_0 .net *"_ivl_6", 0 0, L_0x56247f763460;  1 drivers
v0x56247f77bb90_0 .net *"_ivl_7", 0 0, L_0x56247f797c60;  1 drivers
v0x56247f77bc70_0 .net *"_ivl_9", 0 0, L_0x56247f75a4f0;  1 drivers
S_0x56247f738d50 .scope generate, "genblk1" "genblk1" 3 163, 3 163 0, S_0x56247f72c570;
 .timescale -9 -12;
v0x56247f74dd40_0 .net *"_ivl_4", 0 0, L_0x56247f797ee0;  1 drivers
L_0x56247f797ee0 .reduce/or L_0x56247f797da0;
S_0x56247f7394d0 .scope generate, "genblk2" "genblk2" 3 177, 3 177 0, S_0x56247f72c570;
 .timescale -9 -12;
S_0x56247f746100 .scope module, "out_axis_register_inst" "axis_register" 3 202, 4 34 0, S_0x56247f7394d0;
 .timescale -9 -12;
    .port_info 0 /INPUT 1 "clk";
    .port_info 1 /INPUT 1 "rst";
    .port_info 2 /INPUT 8 "s_axis_tdata";
    .port_info 3 /INPUT 1 "s_axis_tkeep";
    .port_info 4 /INPUT 1 "s_axis_tvalid";
    .port_info 5 /OUTPUT 1 "s_axis_tready";
    .port_info 6 /INPUT 1 "s_axis_tlast";
    .port_info 7 /INPUT 8 "s_axis_tid";
    .port_info 8 /INPUT 8 "s_axis_tdest";
    .port_info 9 /INPUT 8 "s_axis_tuser";
    .port_info 10 /OUTPUT 8 "m_axis_tdata";
    .port_info 11 /OUTPUT 1 "m_axis_tkeep";
    .port_info 12 /OUTPUT 1 "m_axis_tvalid";
    .port_info 13 /INPUT 1 "m_axis_tready";
    .port_info 14 /OUTPUT 1 "m_axis_tlast";
    .port_info 15 /OUTPUT 8 "m_axis_tid";
    .port_info 16 /OUTPUT 8 "m_axis_tdest";
    .port_info 17 /OUTPUT 8 "m_axis_tuser";
P_0x56247f778bc0 .param/l "DATA_WIDTH" 0 4 37, +C4<00000000000000000000000000001000>;
P_0x56247f778c00 .param/l "DEST_ENABLE" 0 4 49, +C4<00000000000000000000000000000001>;
P_0x56247f778c40 .param/l "DEST_WIDTH" 0 4 51, +C4<00000000000000000000000000001000>;
P_0x56247f778c80 .param/l "ID_ENABLE" 0 4 45, +C4<00000000000000000000000000000001>;
P_0x56247f778cc0 .param/l "ID_WIDTH" 0 4 47, +C4<00000000000000000000000000001000>;
P_0x56247f778d00 .param/l "KEEP_ENABLE" 0 4 39, C4<0>;
P_0x56247f778d40 .param/l "KEEP_WIDTH" 0 4 41, +C4<000000000000000000000000000000001>;
P_0x56247f778d80 .param/l "LAST_ENABLE" 0 4 43, +C4<00000000000000000000000000000001>;
P_0x56247f778dc0 .param/l "REG_TYPE" 0 4 58, +C4<00000000000000000000000000000010>;
P_0x56247f778e00 .param/l "USER_ENABLE" 0 4 53, +C4<00000000000000000000000000000001>;
P_0x56247f778e40 .param/l "USER_WIDTH" 0 4 55, +C4<00000000000000000000000000001000>;
v0x56247f77a810_0 .net "clk", 0 0, v0x56247f796640_0;  alias, 1 drivers
v0x56247f77a8f0_0 .net "m_axis_tdata", 7 0, v0x56247f779710_0;  1 drivers
v0x56247f77a9d0_0 .net "m_axis_tdest", 7 0, v0x56247f7797f0_0;  1 drivers
v0x56247f77aa90_0 .net "m_axis_tid", 7 0, v0x56247f7798d0_0;  1 drivers
v0x56247f77ab70_0 .net "m_axis_tkeep", 0 0, L_0x7f1ff98b7018;  1 drivers
v0x56247f77ac50_0 .net "m_axis_tlast", 0 0, v0x56247f779a90_0;  1 drivers
v0x56247f77ad10_0 .net "m_axis_tready", 0 0, L_0x56247f7989b0;  1 drivers
v0x56247f77add0_0 .net "m_axis_tuser", 7 0, v0x56247f779b50_0;  1 drivers
v0x56247f77aeb0_0 .net "m_axis_tvalid", 0 0, L_0x56247f7336d0;  1 drivers
v0x56247f77af70_0 .net "rst", 0 0, v0x56247f796ee0_0;  alias, 1 drivers
v0x56247f77b030_0 .net "s_axis_tdata", 7 0, L_0x56247f797970;  alias, 1 drivers
v0x56247f77b110_0 .net "s_axis_tdest", 7 0, L_0x56247f7a1dd0;  alias, 1 drivers
v0x56247f77b1f0_0 .net "s_axis_tid", 7 0, L_0x56247f7a1c10;  alias, 1 drivers
v0x56247f77b2d0_0 .net "s_axis_tkeep", 0 0, L_0x56247f797da0;  alias, 1 drivers
v0x56247f77b3b0_0 .net "s_axis_tlast", 0 0, L_0x56247f7a1a90;  alias, 1 drivers
v0x56247f77b470_0 .net "s_axis_tready", 0 0, v0x56247f779e70_0;  1 drivers
v0x56247f77b530_0 .net "s_axis_tuser", 7 0, L_0x56247f7a1f50;  alias, 1 drivers
v0x56247f77b610_0 .net "s_axis_tvalid", 0 0, L_0x56247f798910;  1 drivers
S_0x56247f7468c0 .scope generate, "genblk1" "genblk1" 4 91, 4 91 0, S_0x56247f746100;
 .timescale -9 -12;
L_0x56247f7336d0 .functor BUFZ 1, v0x56247f779cf0_0, C4<0>, C4<0>, C4<0>;
L_0x56247f798550 .functor OR 1, L_0x56247f798360, L_0x56247f798480, C4<0>, C4<0>;
L_0x56247f7986e0 .functor AND 1, L_0x56247f798260, L_0x56247f798550, C4<1>, C4<1>;
L_0x56247f7987f0 .functor OR 1, L_0x56247f7989b0, L_0x56247f7986e0, C4<0>, C4<0>;
v0x56247f733830_0 .net *"_ivl_17", 0 0, L_0x56247f798260;  1 drivers
v0x56247f7267a0_0 .net *"_ivl_19", 0 0, L_0x56247f798360;  1 drivers
v0x56247f6b1b90_0 .net *"_ivl_21", 0 0, L_0x56247f798480;  1 drivers
v0x56247f690e10_0 .net *"_ivl_23", 0 0, L_0x56247f798550;  1 drivers
v0x56247f779600_0 .net *"_ivl_25", 0 0, L_0x56247f7986e0;  1 drivers
v0x56247f779710_0 .var "m_axis_tdata_reg", 7 0;
v0x56247f7797f0_0 .var "m_axis_tdest_reg", 7 0;
v0x56247f7798d0_0 .var "m_axis_tid_reg", 7 0;
v0x56247f7799b0_0 .var "m_axis_tkeep_reg", 0 0;
v0x56247f779a90_0 .var "m_axis_tlast_reg", 0 0;
v0x56247f779b50_0 .var "m_axis_tuser_reg", 7 0;
v0x56247f779c30_0 .var "m_axis_tvalid_next", 0 0;
v0x56247f779cf0_0 .var "m_axis_tvalid_reg", 0 0;
v0x56247f779db0_0 .net "s_axis_tready_early", 0 0, L_0x56247f7987f0;  1 drivers
v0x56247f779e70_0 .var "s_axis_tready_reg", 0 0;
v0x56247f779f30_0 .var "store_axis_input_to_output", 0 0;
v0x56247f779ff0_0 .var "store_axis_input_to_temp", 0 0;
v0x56247f77a0b0_0 .var "store_axis_temp_to_output", 0 0;
v0x56247f77a170_0 .var "temp_m_axis_tdata_reg", 7 0;
v0x56247f77a250_0 .var "temp_m_axis_tdest_reg", 7 0;
v0x56247f77a330_0 .var "temp_m_axis_tid_reg", 7 0;
v0x56247f77a410_0 .var "temp_m_axis_tkeep_reg", 0 0;
v0x56247f77a4f0_0 .var "temp_m_axis_tlast_reg", 0 0;
v0x56247f77a5b0_0 .var "temp_m_axis_tuser_reg", 7 0;
v0x56247f77a690_0 .var "temp_m_axis_tvalid_next", 0 0;
v0x56247f77a750_0 .var "temp_m_axis_tvalid_reg", 0 0;
E_0x56247f68de90 .event posedge, v0x56247f77a810_0;
E_0x56247f68c9b0/0 .event anyedge, v0x56247f779cf0_0, v0x56247f77a750_0, v0x56247f779e70_0, v0x56247f77ad10_0;
E_0x56247f68c9b0/1 .event anyedge, v0x56247f77b610_0;
E_0x56247f68c9b0 .event/or E_0x56247f68c9b0/0, E_0x56247f68c9b0/1;
L_0x56247f798260 .reduce/nor v0x56247f77a750_0;
L_0x56247f798360 .reduce/nor v0x56247f779cf0_0;
L_0x56247f798480 .reduce/nor L_0x56247f798910;
S_0x56247f752b50 .scope generate, "genblk1[1]" "genblk1[1]" 3 159, 3 159 0, S_0x56247f764c30;
 .timescale -9 -12;
P_0x56247f77bdc0 .param/l "CHN" 1 3 159, +C4<01>;
L_0x56247f798d60 .functor NOT 1, L_0x56247f798c20, C4<0>, C4<0>, C4<0>;
L_0x56247f798e20 .functor AND 1, L_0x56247f7a1910, L_0x56247f798d60, C4<1>, C4<1>;
L_0x56247f798fd0 .functor AND 1, L_0x56247f798e20, L_0x56247f798ee0, C4<1>, C4<1>;
v0x56247f77cbc0_0 .net *"_ivl_2", 0 0, L_0x56247f798c20;  1 drivers
v0x56247f77f920_0 .net *"_ivl_3", 0 0, L_0x56247f798d60;  1 drivers
v0x56247f77fa00_0 .net *"_ivl_6", 0 0, L_0x56247f798e20;  1 drivers
v0x56247f77fad0_0 .net *"_ivl_7", 0 0, L_0x56247f798ee0;  1 drivers
v0x56247f77fbb0_0 .net *"_ivl_9", 0 0, L_0x56247f798fd0;  1 drivers
S_0x56247f753310 .scope generate, "genblk1" "genblk1" 3 163, 3 163 0, S_0x56247f752b50;
 .timescale -9 -12;
v0x56247f77bed0_0 .net *"_ivl_4", 0 0, L_0x56247f799230;  1 drivers
L_0x56247f799230 .reduce/or L_0x56247f7990e0;
S_0x56247f77bfb0 .scope generate, "genblk2" "genblk2" 3 177, 3 177 0, S_0x56247f752b50;
 .timescale -9 -12;
S_0x56247f77c1b0 .scope module, "out_axis_register_inst" "axis_register" 3 202, 4 34 0, S_0x56247f77bfb0;
 .timescale -9 -12;
    .port_info 0 /INPUT 1 "clk";
    .port_info 1 /INPUT 1 "rst";
    .port_info 2 /INPUT 8 "s_axis_tdata";
    .port_info 3 /INPUT 1 "s_axis_tkeep";
    .port_info 4 /INPUT 1 "s_axis_tvalid";
    .port_info 5 /OUTPUT 1 "s_axis_tready";
    .port_info 6 /INPUT 1 "s_axis_tlast";
    .port_info 7 /INPUT 8 "s_axis_tid";
    .port_info 8 /INPUT 8 "s_axis_tdest";
    .port_info 9 /INPUT 8 "s_axis_tuser";
    .port_info 10 /OUTPUT 8 "m_axis_tdata";
    .port_info 11 /OUTPUT 1 "m_axis_tkeep";
    .port_info 12 /OUTPUT 1 "m_axis_tvalid";
    .port_info 13 /INPUT 1 "m_axis_tready";
    .port_info 14 /OUTPUT 1 "m_axis_tlast";
    .port_info 15 /OUTPUT 8 "m_axis_tid";
    .port_info 16 /OUTPUT 8 "m_axis_tdest";
    .port_info 17 /OUTPUT 8 "m_axis_tuser";
P_0x56247f77c390 .param/l "DATA_WIDTH" 0 4 37, +C4<00000000000000000000000000001000>;
P_0x56247f77c3d0 .param/l "DEST_ENABLE" 0 4 49, +C4<00000000000000000000000000000001>;
P_0x56247f77c410 .param/l "DEST_WIDTH" 0 4 51, +C4<00000000000000000000000000001000>;
P_0x56247f77c450 .param/l "ID_ENABLE" 0 4 45, +C4<00000000000000000000000000000001>;
P_0x56247f77c490 .param/l "ID_WIDTH" 0 4 47, +C4<00000000000000000000000000001000>;
P_0x56247f77c4d0 .param/l "KEEP_ENABLE" 0 4 39, C4<0>;
P_0x56247f77c510 .param/l "KEEP_WIDTH" 0 4 41, +C4<000000000000000000000000000000001>;
P_0x56247f77c550 .param/l "LAST_ENABLE" 0 4 43, +C4<00000000000000000000000000000001>;
P_0x56247f77c590 .param/l "REG_TYPE" 0 4 58, +C4<00000000000000000000000000000010>;
P_0x56247f77c5d0 .param/l "USER_ENABLE" 0 4 53, +C4<00000000000000000000000000000001>;
P_0x56247f77c610 .param/l "USER_WIDTH" 0 4 55, +C4<00000000000000000000000000001000>;
v0x56247f77e6a0_0 .net "clk", 0 0, v0x56247f796640_0;  alias, 1 drivers
v0x56247f77e760_0 .net "m_axis_tdata", 7 0, v0x56247f77d490_0;  1 drivers
v0x56247f77e820_0 .net "m_axis_tdest", 7 0, v0x56247f77d570_0;  1 drivers
v0x56247f77e910_0 .net "m_axis_tid", 7 0, v0x56247f77d650_0;  1 drivers
v0x56247f77e9f0_0 .net "m_axis_tkeep", 0 0, L_0x7f1ff98b7060;  1 drivers
v0x56247f77ead0_0 .net "m_axis_tlast", 0 0, v0x56247f77d810_0;  1 drivers
v0x56247f77eb90_0 .net "m_axis_tready", 0 0, L_0x56247f799ef0;  1 drivers
v0x56247f77ec50_0 .net "m_axis_tuser", 7 0, v0x56247f77d8d0_0;  1 drivers
v0x56247f77ed30_0 .net "m_axis_tvalid", 0 0, L_0x56247f7993b0;  1 drivers
v0x56247f77edf0_0 .net "rst", 0 0, v0x56247f796ee0_0;  alias, 1 drivers
v0x56247f77ee90_0 .net "s_axis_tdata", 7 0, L_0x56247f798b30;  alias, 1 drivers
v0x56247f77ef50_0 .net "s_axis_tdest", 7 0, L_0x56247f7a1dd0;  alias, 1 drivers
v0x56247f77f040_0 .net "s_axis_tid", 7 0, L_0x56247f7a1c10;  alias, 1 drivers
v0x56247f77f110_0 .net "s_axis_tkeep", 0 0, L_0x56247f7990e0;  alias, 1 drivers
v0x56247f77f1d0_0 .net "s_axis_tlast", 0 0, L_0x56247f7a1a90;  alias, 1 drivers
v0x56247f77f2a0_0 .net "s_axis_tready", 0 0, v0x56247f77dbf0_0;  1 drivers
v0x56247f77f340_0 .net "s_axis_tuser", 7 0, L_0x56247f7a1f50;  alias, 1 drivers
v0x56247f77f540_0 .net "s_axis_tvalid", 0 0, L_0x56247f799e00;  1 drivers
S_0x56247f77ce20 .scope generate, "genblk1" "genblk1" 4 91, 4 91 0, S_0x56247f77c1b0;
 .timescale -9 -12;
L_0x56247f7993b0 .functor BUFZ 1, v0x56247f77da70_0, C4<0>, C4<0>, C4<0>;
L_0x56247f799a40 .functor OR 1, L_0x56247f7998a0, L_0x56247f799970, C4<0>, C4<0>;
L_0x56247f799bd0 .functor AND 1, L_0x56247f7997a0, L_0x56247f799a40, C4<1>, C4<1>;
L_0x56247f799ce0 .functor OR 1, L_0x56247f799ef0, L_0x56247f799bd0, C4<0>, C4<0>;
v0x56247f77d050_0 .net *"_ivl_17", 0 0, L_0x56247f7997a0;  1 drivers
v0x56247f77d130_0 .net *"_ivl_19", 0 0, L_0x56247f7998a0;  1 drivers
v0x56247f77d1f0_0 .net *"_ivl_21", 0 0, L_0x56247f799970;  1 drivers
v0x56247f77d2c0_0 .net *"_ivl_23", 0 0, L_0x56247f799a40;  1 drivers
v0x56247f77d380_0 .net *"_ivl_25", 0 0, L_0x56247f799bd0;  1 drivers
v0x56247f77d490_0 .var "m_axis_tdata_reg", 7 0;
v0x56247f77d570_0 .var "m_axis_tdest_reg", 7 0;
v0x56247f77d650_0 .var "m_axis_tid_reg", 7 0;
v0x56247f77d730_0 .var "m_axis_tkeep_reg", 0 0;
v0x56247f77d810_0 .var "m_axis_tlast_reg", 0 0;
v0x56247f77d8d0_0 .var "m_axis_tuser_reg", 7 0;
v0x56247f77d9b0_0 .var "m_axis_tvalid_next", 0 0;
v0x56247f77da70_0 .var "m_axis_tvalid_reg", 0 0;
v0x56247f77db30_0 .net "s_axis_tready_early", 0 0, L_0x56247f799ce0;  1 drivers
v0x56247f77dbf0_0 .var "s_axis_tready_reg", 0 0;
v0x56247f77dcb0_0 .var "store_axis_input_to_output", 0 0;
v0x56247f77dd70_0 .var "store_axis_input_to_temp", 0 0;
v0x56247f77df40_0 .var "store_axis_temp_to_output", 0 0;
v0x56247f77e000_0 .var "temp_m_axis_tdata_reg", 7 0;
v0x56247f77e0e0_0 .var "temp_m_axis_tdest_reg", 7 0;
v0x56247f77e1c0_0 .var "temp_m_axis_tid_reg", 7 0;
v0x56247f77e2a0_0 .var "temp_m_axis_tkeep_reg", 0 0;
v0x56247f77e380_0 .var "temp_m_axis_tlast_reg", 0 0;
v0x56247f77e440_0 .var "temp_m_axis_tuser_reg", 7 0;
v0x56247f77e520_0 .var "temp_m_axis_tvalid_next", 0 0;
v0x56247f77e5e0_0 .var "temp_m_axis_tvalid_reg", 0 0;
E_0x56247f696ef0/0 .event anyedge, v0x56247f77da70_0, v0x56247f77e5e0_0, v0x56247f77dbf0_0, v0x56247f77eb90_0;
E_0x56247f696ef0/1 .event anyedge, v0x56247f77f540_0;
E_0x56247f696ef0 .event/or E_0x56247f696ef0/0, E_0x56247f696ef0/1;
L_0x56247f7997a0 .reduce/nor v0x56247f77e5e0_0;
L_0x56247f7998a0 .reduce/nor v0x56247f77da70_0;
L_0x56247f799970 .reduce/nor L_0x56247f799e00;
S_0x56247f77fc70 .scope generate, "genblk1[2]" "genblk1[2]" 3 159, 3 159 0, S_0x56247f764c30;
 .timescale -9 -12;
P_0x56247f77fe70 .param/l "CHN" 1 3 159, +C4<010>;
L_0x56247f799fe0 .functor NOT 1, L_0x56247f79a140, C4<0>, C4<0>, C4<0>;
L_0x56247f79a260 .functor AND 1, L_0x56247f7a1910, L_0x56247f799fe0, C4<1>, C4<1>;
L_0x56247f79a370 .functor AND 1, L_0x56247f79a260, L_0x56247f79a2d0, C4<1>, C4<1>;
v0x56247f780e30_0 .net *"_ivl_2", 0 0, L_0x56247f79a140;  1 drivers
v0x56247f783cf0_0 .net *"_ivl_3", 0 0, L_0x56247f799fe0;  1 drivers
v0x56247f783dd0_0 .net *"_ivl_6", 0 0, L_0x56247f79a260;  1 drivers
v0x56247f783e70_0 .net *"_ivl_7", 0 0, L_0x56247f79a2d0;  1 drivers
v0x56247f783f50_0 .net *"_ivl_9", 0 0, L_0x56247f79a370;  1 drivers
S_0x56247f77ff30 .scope generate, "genblk1" "genblk1" 3 163, 3 163 0, S_0x56247f77fc70;
 .timescale -9 -12;
v0x56247f780110_0 .net *"_ivl_4", 0 0, L_0x56247f79a600;  1 drivers
L_0x56247f79a600 .reduce/or L_0x56247f79a480;
S_0x56247f7801f0 .scope generate, "genblk2" "genblk2" 3 177, 3 177 0, S_0x56247f77fc70;
 .timescale -9 -12;
S_0x56247f7803f0 .scope module, "out_axis_register_inst" "axis_register" 3 202, 4 34 0, S_0x56247f7801f0;
 .timescale -9 -12;
    .port_info 0 /INPUT 1 "clk";
    .port_info 1 /INPUT 1 "rst";
    .port_info 2 /INPUT 8 "s_axis_tdata";
    .port_info 3 /INPUT 1 "s_axis_tkeep";
    .port_info 4 /INPUT 1 "s_axis_tvalid";
    .port_info 5 /OUTPUT 1 "s_axis_tready";
    .port_info 6 /INPUT 1 "s_axis_tlast";
    .port_info 7 /INPUT 8 "s_axis_tid";
    .port_info 8 /INPUT 8 "s_axis_tdest";
    .port_info 9 /INPUT 8 "s_axis_tuser";
    .port_info 10 /OUTPUT 8 "m_axis_tdata";
    .port_info 11 /OUTPUT 1 "m_axis_tkeep";
    .port_info 12 /OUTPUT 1 "m_axis_tvalid";
    .port_info 13 /INPUT 1 "m_axis_tready";
    .port_info 14 /OUTPUT 1 "m_axis_tlast";
    .port_info 15 /OUTPUT 8 "m_axis_tid";
    .port_info 16 /OUTPUT 8 "m_axis_tdest";
    .port_info 17 /OUTPUT 8 "m_axis_tuser";
P_0x56247f7805d0 .param/l "DATA_WIDTH" 0 4 37, +C4<00000000000000000000000000001000>;
P_0x56247f780610 .param/l "DEST_ENABLE" 0 4 49, +C4<00000000000000000000000000000001>;
P_0x56247f780650 .param/l "DEST_WIDTH" 0 4 51, +C4<00000000000000000000000000001000>;
P_0x56247f780690 .param/l "ID_ENABLE" 0 4 45, +C4<00000000000000000000000000000001>;
P_0x56247f7806d0 .param/l "ID_WIDTH" 0 4 47, +C4<00000000000000000000000000001000>;
P_0x56247f780710 .param/l "KEEP_ENABLE" 0 4 39, C4<0>;
P_0x56247f780750 .param/l "KEEP_WIDTH" 0 4 41, +C4<000000000000000000000000000000001>;
P_0x56247f780790 .param/l "LAST_ENABLE" 0 4 43, +C4<00000000000000000000000000000001>;
P_0x56247f7807d0 .param/l "REG_TYPE" 0 4 58, +C4<00000000000000000000000000000010>;
P_0x56247f780810 .param/l "USER_ENABLE" 0 4 53, +C4<00000000000000000000000000000001>;
P_0x56247f780850 .param/l "USER_WIDTH" 0 4 55, +C4<00000000000000000000000000001000>;
v0x56247f782910_0 .net "clk", 0 0, v0x56247f796640_0;  alias, 1 drivers
v0x56247f7829d0_0 .net "m_axis_tdata", 7 0, v0x56247f781700_0;  1 drivers
v0x56247f782ab0_0 .net "m_axis_tdest", 7 0, v0x56247f7817e0_0;  1 drivers
v0x56247f782b70_0 .net "m_axis_tid", 7 0, v0x56247f7818c0_0;  1 drivers
v0x56247f782c50_0 .net "m_axis_tkeep", 0 0, L_0x7f1ff98b70a8;  1 drivers
v0x56247f782d80_0 .net "m_axis_tlast", 0 0, v0x56247f781a80_0;  1 drivers
v0x56247f782e40_0 .net "m_axis_tready", 0 0, L_0x56247f79b300;  1 drivers
v0x56247f782f00_0 .net "m_axis_tuser", 7 0, v0x56247f781b40_0;  1 drivers
v0x56247f782fe0_0 .net "m_axis_tvalid", 0 0, L_0x56247f79a7b0;  1 drivers
v0x56247f7830a0_0 .net "rst", 0 0, v0x56247f796ee0_0;  alias, 1 drivers
v0x56247f783140_0 .net "s_axis_tdata", 7 0, L_0x56247f79a050;  alias, 1 drivers
v0x56247f783220_0 .net "s_axis_tdest", 7 0, L_0x56247f7a1dd0;  alias, 1 drivers
v0x56247f783330_0 .net "s_axis_tid", 7 0, L_0x56247f7a1c10;  alias, 1 drivers
v0x56247f783440_0 .net "s_axis_tkeep", 0 0, L_0x56247f79a480;  alias, 1 drivers
v0x56247f783520_0 .net "s_axis_tlast", 0 0, L_0x56247f7a1a90;  alias, 1 drivers
v0x56247f783610_0 .net "s_axis_tready", 0 0, v0x56247f781e60_0;  1 drivers
v0x56247f7836d0_0 .net "s_axis_tuser", 7 0, L_0x56247f7a1f50;  alias, 1 drivers
v0x56247f7838f0_0 .net "s_axis_tvalid", 0 0, L_0x56247f79b260;  1 drivers
S_0x56247f781090 .scope generate, "genblk1" "genblk1" 4 91, 4 91 0, S_0x56247f7803f0;
 .timescale -9 -12;
L_0x56247f79a7b0 .functor BUFZ 1, v0x56247f781ce0_0, C4<0>, C4<0>, C4<0>;
L_0x56247f79aea0 .functor OR 1, L_0x56247f79ad00, L_0x56247f79add0, C4<0>, C4<0>;
L_0x56247f79b030 .functor AND 1, L_0x56247f79ac00, L_0x56247f79aea0, C4<1>, C4<1>;
L_0x56247f79b140 .functor OR 1, L_0x56247f79b300, L_0x56247f79b030, C4<0>, C4<0>;
v0x56247f7812c0_0 .net *"_ivl_17", 0 0, L_0x56247f79ac00;  1 drivers
v0x56247f7813a0_0 .net *"_ivl_19", 0 0, L_0x56247f79ad00;  1 drivers
v0x56247f781460_0 .net *"_ivl_21", 0 0, L_0x56247f79add0;  1 drivers
v0x56247f781530_0 .net *"_ivl_23", 0 0, L_0x56247f79aea0;  1 drivers
v0x56247f7815f0_0 .net *"_ivl_25", 0 0, L_0x56247f79b030;  1 drivers
v0x56247f781700_0 .var "m_axis_tdata_reg", 7 0;
v0x56247f7817e0_0 .var "m_axis_tdest_reg", 7 0;
v0x56247f7818c0_0 .var "m_axis_tid_reg", 7 0;
v0x56247f7819a0_0 .var "m_axis_tkeep_reg", 0 0;
v0x56247f781a80_0 .var "m_axis_tlast_reg", 0 0;
v0x56247f781b40_0 .var "m_axis_tuser_reg", 7 0;
v0x56247f781c20_0 .var "m_axis_tvalid_next", 0 0;
v0x56247f781ce0_0 .var "m_axis_tvalid_reg", 0 0;
v0x56247f781da0_0 .net "s_axis_tready_early", 0 0, L_0x56247f79b140;  1 drivers
v0x56247f781e60_0 .var "s_axis_tready_reg", 0 0;
v0x56247f781f20_0 .var "store_axis_input_to_output", 0 0;
v0x56247f781fe0_0 .var "store_axis_input_to_temp", 0 0;
v0x56247f7821b0_0 .var "store_axis_temp_to_output", 0 0;
v0x56247f782270_0 .var "temp_m_axis_tdata_reg", 7 0;
v0x56247f782350_0 .var "temp_m_axis_tdest_reg", 7 0;
v0x56247f782430_0 .var "temp_m_axis_tid_reg", 7 0;
v0x56247f782510_0 .var "temp_m_axis_tkeep_reg", 0 0;
v0x56247f7825f0_0 .var "temp_m_axis_tlast_reg", 0 0;
v0x56247f7826b0_0 .var "temp_m_axis_tuser_reg", 7 0;
v0x56247f782790_0 .var "temp_m_axis_tvalid_next", 0 0;
v0x56247f782850_0 .var "temp_m_axis_tvalid_reg", 0 0;
E_0x56247f6837e0/0 .event anyedge, v0x56247f781ce0_0, v0x56247f782850_0, v0x56247f781e60_0, v0x56247f782e40_0;
E_0x56247f6837e0/1 .event anyedge, v0x56247f7838f0_0;
E_0x56247f6837e0 .event/or E_0x56247f6837e0/0, E_0x56247f6837e0/1;
L_0x56247f79ac00 .reduce/nor v0x56247f782850_0;
L_0x56247f79ad00 .reduce/nor v0x56247f781ce0_0;
L_0x56247f79add0 .reduce/nor L_0x56247f79b260;
S_0x56247f784060 .scope generate, "genblk1[3]" "genblk1[3]" 3 159, 3 159 0, S_0x56247f764c30;
 .timescale -9 -12;
P_0x56247f784260 .param/l "CHN" 1 3 159, +C4<011>;
L_0x56247f79b710 .functor NOT 1, L_0x56247f79b5c0, C4<0>, C4<0>, C4<0>;
L_0x56247f79b780 .functor AND 1, L_0x56247f7a1910, L_0x56247f79b710, C4<1>, C4<1>;
L_0x56247f79b8d0 .functor AND 1, L_0x56247f79b780, L_0x56247f79b480, C4<1>, C4<1>;
v0x56247f7850f0_0 .net *"_ivl_2", 0 0, L_0x56247f79b5c0;  1 drivers
v0x56247f787e20_0 .net *"_ivl_3", 0 0, L_0x56247f79b710;  1 drivers
v0x56247f787f00_0 .net *"_ivl_6", 0 0, L_0x56247f79b780;  1 drivers
v0x56247f787fa0_0 .net *"_ivl_7", 0 0, L_0x56247f79b480;  1 drivers
v0x56247f788080_0 .net *"_ivl_9", 0 0, L_0x56247f79b8d0;  1 drivers
S_0x56247f784340 .scope generate, "genblk1" "genblk1" 3 163, 3 163 0, S_0x56247f784060;
 .timescale -9 -12;
v0x56247f784520_0 .net *"_ivl_4", 0 0, L_0x56247f79bb40;  1 drivers
L_0x56247f79bb40 .reduce/or L_0x56247f79b990;
S_0x56247f784600 .scope generate, "genblk2" "genblk2" 3 177, 3 177 0, S_0x56247f784060;
 .timescale -9 -12;
S_0x56247f784800 .scope module, "out_axis_register_inst" "axis_register" 3 202, 4 34 0, S_0x56247f784600;
 .timescale -9 -12;
    .port_info 0 /INPUT 1 "clk";
    .port_info 1 /INPUT 1 "rst";
    .port_info 2 /INPUT 8 "s_axis_tdata";
    .port_info 3 /INPUT 1 "s_axis_tkeep";
    .port_info 4 /INPUT 1 "s_axis_tvalid";
    .port_info 5 /OUTPUT 1 "s_axis_tready";
    .port_info 6 /INPUT 1 "s_axis_tlast";
    .port_info 7 /INPUT 8 "s_axis_tid";
    .port_info 8 /INPUT 8 "s_axis_tdest";
    .port_info 9 /INPUT 8 "s_axis_tuser";
    .port_info 10 /OUTPUT 8 "m_axis_tdata";
    .port_info 11 /OUTPUT 1 "m_axis_tkeep";
    .port_info 12 /OUTPUT 1 "m_axis_tvalid";
    .port_info 13 /INPUT 1 "m_axis_tready";
    .port_info 14 /OUTPUT 1 "m_axis_tlast";
    .port_info 15 /OUTPUT 8 "m_axis_tid";
    .port_info 16 /OUTPUT 8 "m_axis_tdest";
    .port_info 17 /OUTPUT 8 "m_axis_tuser";
P_0x56247f7849e0 .param/l "DATA_WIDTH" 0 4 37, +C4<00000000000000000000000000001000>;
P_0x56247f784a20 .param/l "DEST_ENABLE" 0 4 49, +C4<00000000000000000000000000000001>;
P_0x56247f784a60 .param/l "DEST_WIDTH" 0 4 51, +C4<00000000000000000000000000001000>;
P_0x56247f784aa0 .param/l "ID_ENABLE" 0 4 45, +C4<00000000000000000000000000000001>;
P_0x56247f784ae0 .param/l "ID_WIDTH" 0 4 47, +C4<00000000000000000000000000001000>;
P_0x56247f784b20 .param/l "KEEP_ENABLE" 0 4 39, C4<0>;
P_0x56247f784b60 .param/l "KEEP_WIDTH" 0 4 41, +C4<000000000000000000000000000000001>;
P_0x56247f784ba0 .param/l "LAST_ENABLE" 0 4 43, +C4<00000000000000000000000000000001>;
P_0x56247f784be0 .param/l "REG_TYPE" 0 4 58, +C4<00000000000000000000000000000010>;
P_0x56247f784c20 .param/l "USER_ENABLE" 0 4 53, +C4<00000000000000000000000000000001>;
P_0x56247f784c60 .param/l "USER_WIDTH" 0 4 55, +C4<00000000000000000000000000001000>;
v0x56247f786bd0_0 .net "clk", 0 0, v0x56247f796640_0;  alias, 1 drivers
v0x56247f786c90_0 .net "m_axis_tdata", 7 0, v0x56247f7859c0_0;  1 drivers
v0x56247f786d70_0 .net "m_axis_tdest", 7 0, v0x56247f785aa0_0;  1 drivers
v0x56247f786e30_0 .net "m_axis_tid", 7 0, v0x56247f785b80_0;  1 drivers
v0x56247f786f10_0 .net "m_axis_tkeep", 0 0, L_0x7f1ff98b70f0;  1 drivers
v0x56247f786ff0_0 .net "m_axis_tlast", 0 0, v0x56247f785d40_0;  1 drivers
v0x56247f7870b0_0 .net "m_axis_tready", 0 0, L_0x56247f79c920;  1 drivers
v0x56247f787170_0 .net "m_axis_tuser", 7 0, v0x56247f785e00_0;  1 drivers
v0x56247f787250_0 .net "m_axis_tvalid", 0 0, L_0x56247f79bcf0;  1 drivers
v0x56247f787310_0 .net "rst", 0 0, v0x56247f796ee0_0;  alias, 1 drivers
v0x56247f7873b0_0 .net "s_axis_tdata", 7 0, L_0x56247f79b520;  alias, 1 drivers
v0x56247f787490_0 .net "s_axis_tdest", 7 0, L_0x56247f7a1dd0;  alias, 1 drivers
v0x56247f787550_0 .net "s_axis_tid", 7 0, L_0x56247f7a1c10;  alias, 1 drivers
v0x56247f787610_0 .net "s_axis_tkeep", 0 0, L_0x56247f79b990;  alias, 1 drivers
v0x56247f7876f0_0 .net "s_axis_tlast", 0 0, L_0x56247f7a1a90;  alias, 1 drivers
v0x56247f787790_0 .net "s_axis_tready", 0 0, v0x56247f786120_0;  1 drivers
v0x56247f787850_0 .net "s_axis_tuser", 7 0, L_0x56247f7a1f50;  alias, 1 drivers
v0x56247f787a20_0 .net "s_axis_tvalid", 0 0, L_0x56247f79c7f0;  1 drivers
S_0x56247f785350 .scope generate, "genblk1" "genblk1" 4 91, 4 91 0, S_0x56247f784800;
 .timescale -9 -12;
L_0x56247f79bcf0 .functor BUFZ 1, v0x56247f785fa0_0, C4<0>, C4<0>, C4<0>;
L_0x56247f79c430 .functor OR 1, L_0x56247f79c240, L_0x56247f79c360, C4<0>, C4<0>;
L_0x56247f79c5c0 .functor AND 1, L_0x56247f79c140, L_0x56247f79c430, C4<1>, C4<1>;
L_0x56247f79c6d0 .functor OR 1, L_0x56247f79c920, L_0x56247f79c5c0, C4<0>, C4<0>;
v0x56247f785580_0 .net *"_ivl_17", 0 0, L_0x56247f79c140;  1 drivers
v0x56247f785660_0 .net *"_ivl_19", 0 0, L_0x56247f79c240;  1 drivers
v0x56247f785720_0 .net *"_ivl_21", 0 0, L_0x56247f79c360;  1 drivers
v0x56247f7857f0_0 .net *"_ivl_23", 0 0, L_0x56247f79c430;  1 drivers
v0x56247f7858b0_0 .net *"_ivl_25", 0 0, L_0x56247f79c5c0;  1 drivers
v0x56247f7859c0_0 .var "m_axis_tdata_reg", 7 0;
v0x56247f785aa0_0 .var "m_axis_tdest_reg", 7 0;
v0x56247f785b80_0 .var "m_axis_tid_reg", 7 0;
v0x56247f785c60_0 .var "m_axis_tkeep_reg", 0 0;
v0x56247f785d40_0 .var "m_axis_tlast_reg", 0 0;
v0x56247f785e00_0 .var "m_axis_tuser_reg", 7 0;
v0x56247f785ee0_0 .var "m_axis_tvalid_next", 0 0;
v0x56247f785fa0_0 .var "m_axis_tvalid_reg", 0 0;
v0x56247f786060_0 .net "s_axis_tready_early", 0 0, L_0x56247f79c6d0;  1 drivers
v0x56247f786120_0 .var "s_axis_tready_reg", 0 0;
v0x56247f7861e0_0 .var "store_axis_input_to_output", 0 0;
v0x56247f7862a0_0 .var "store_axis_input_to_temp", 0 0;
v0x56247f786470_0 .var "store_axis_temp_to_output", 0 0;
v0x56247f786530_0 .var "temp_m_axis_tdata_reg", 7 0;
v0x56247f786610_0 .var "temp_m_axis_tdest_reg", 7 0;
v0x56247f7866f0_0 .var "temp_m_axis_tid_reg", 7 0;
v0x56247f7867d0_0 .var "temp_m_axis_tkeep_reg", 0 0;
v0x56247f7868b0_0 .var "temp_m_axis_tlast_reg", 0 0;
v0x56247f786970_0 .var "temp_m_axis_tuser_reg", 7 0;
v0x56247f786a50_0 .var "temp_m_axis_tvalid_next", 0 0;
v0x56247f786b10_0 .var "temp_m_axis_tvalid_reg", 0 0;
E_0x56247f76b350/0 .event anyedge, v0x56247f785fa0_0, v0x56247f786b10_0, v0x56247f786120_0, v0x56247f7870b0_0;
E_0x56247f76b350/1 .event anyedge, v0x56247f787a20_0;
E_0x56247f76b350 .event/or E_0x56247f76b350/0, E_0x56247f76b350/1;
L_0x56247f79c140 .reduce/nor v0x56247f786b10_0;
L_0x56247f79c240 .reduce/nor v0x56247f785fa0_0;
L_0x56247f79c360 .reduce/nor L_0x56247f79c7f0;
S_0x56247f788140 .scope generate, "genblk1[4]" "genblk1[4]" 3 159, 3 159 0, S_0x56247f764c30;
 .timescale -9 -12;
P_0x56247f788390 .param/l "CHN" 1 3 159, +C4<0100>;
L_0x56247f79cd00 .functor NOT 1, L_0x56247f79cb80, C4<0>, C4<0>, C4<0>;
L_0x56247f79cdc0 .functor AND 1, L_0x56247f7a1910, L_0x56247f79cd00, C4<1>, C4<1>;
L_0x56247f79cf20 .functor AND 1, L_0x56247f79cdc0, L_0x56247f79ce80, C4<1>, C4<1>;
v0x56247f789310_0 .net *"_ivl_2", 0 0, L_0x56247f79cb80;  1 drivers
v0x56247f78c160_0 .net *"_ivl_3", 0 0, L_0x56247f79cd00;  1 drivers
v0x56247f78c240_0 .net *"_ivl_6", 0 0, L_0x56247f79cdc0;  1 drivers
v0x56247f78c2e0_0 .net *"_ivl_7", 0 0, L_0x56247f79ce80;  1 drivers
v0x56247f78c3c0_0 .net *"_ivl_9", 0 0, L_0x56247f79cf20;  1 drivers
S_0x56247f788470 .scope generate, "genblk1" "genblk1" 3 163, 3 163 0, S_0x56247f788140;
 .timescale -9 -12;
v0x56247f788650_0 .net *"_ivl_4", 0 0, L_0x56247f79d210;  1 drivers
L_0x56247f79d210 .reduce/or L_0x56247f79d030;
S_0x56247f788730 .scope generate, "genblk2" "genblk2" 3 177, 3 177 0, S_0x56247f788140;
 .timescale -9 -12;
S_0x56247f788930 .scope module, "out_axis_register_inst" "axis_register" 3 202, 4 34 0, S_0x56247f788730;
 .timescale -9 -12;
    .port_info 0 /INPUT 1 "clk";
    .port_info 1 /INPUT 1 "rst";
    .port_info 2 /INPUT 8 "s_axis_tdata";
    .port_info 3 /INPUT 1 "s_axis_tkeep";
    .port_info 4 /INPUT 1 "s_axis_tvalid";
    .port_info 5 /OUTPUT 1 "s_axis_tready";
    .port_info 6 /INPUT 1 "s_axis_tlast";
    .port_info 7 /INPUT 8 "s_axis_tid";
    .port_info 8 /INPUT 8 "s_axis_tdest";
    .port_info 9 /INPUT 8 "s_axis_tuser";
    .port_info 10 /OUTPUT 8 "m_axis_tdata";
    .port_info 11 /OUTPUT 1 "m_axis_tkeep";
    .port_info 12 /OUTPUT 1 "m_axis_tvalid";
    .port_info 13 /INPUT 1 "m_axis_tready";
    .port_info 14 /OUTPUT 1 "m_axis_tlast";
    .port_info 15 /OUTPUT 8 "m_axis_tid";
    .port_info 16 /OUTPUT 8 "m_axis_tdest";
    .port_info 17 /OUTPUT 8 "m_axis_tuser";
P_0x56247f788b10 .param/l "DATA_WIDTH" 0 4 37, +C4<00000000000000000000000000001000>;
P_0x56247f788b50 .param/l "DEST_ENABLE" 0 4 49, +C4<00000000000000000000000000000001>;
P_0x56247f788b90 .param/l "DEST_WIDTH" 0 4 51, +C4<00000000000000000000000000001000>;
P_0x56247f788bd0 .param/l "ID_ENABLE" 0 4 45, +C4<00000000000000000000000000000001>;
P_0x56247f788c10 .param/l "ID_WIDTH" 0 4 47, +C4<00000000000000000000000000001000>;
P_0x56247f788c50 .param/l "KEEP_ENABLE" 0 4 39, C4<0>;
P_0x56247f788c90 .param/l "KEEP_WIDTH" 0 4 41, +C4<000000000000000000000000000000001>;
P_0x56247f788cd0 .param/l "LAST_ENABLE" 0 4 43, +C4<00000000000000000000000000000001>;
P_0x56247f788d10 .param/l "REG_TYPE" 0 4 58, +C4<00000000000000000000000000000010>;
P_0x56247f788d50 .param/l "USER_ENABLE" 0 4 53, +C4<00000000000000000000000000000001>;
P_0x56247f788d90 .param/l "USER_WIDTH" 0 4 55, +C4<00000000000000000000000000001000>;
v0x56247f78adf0_0 .net "clk", 0 0, v0x56247f796640_0;  alias, 1 drivers
v0x56247f78aeb0_0 .net "m_axis_tdata", 7 0, v0x56247f789be0_0;  1 drivers
v0x56247f78af90_0 .net "m_axis_tdest", 7 0, v0x56247f789cc0_0;  1 drivers
v0x56247f78b050_0 .net "m_axis_tid", 7 0, v0x56247f789da0_0;  1 drivers
v0x56247f78b130_0 .net "m_axis_tkeep", 0 0, L_0x7f1ff98b7138;  1 drivers
v0x56247f78b210_0 .net "m_axis_tlast", 0 0, v0x56247f789f60_0;  1 drivers
v0x56247f78b2d0_0 .net "m_axis_tready", 0 0, L_0x56247f79df80;  1 drivers
v0x56247f78b390_0 .net "m_axis_tuser", 7 0, v0x56247f78a020_0;  1 drivers
v0x56247f78b470_0 .net "m_axis_tvalid", 0 0, L_0x56247f79d410;  1 drivers
v0x56247f78b530_0 .net "rst", 0 0, v0x56247f796ee0_0;  alias, 1 drivers
v0x56247f78b5d0_0 .net "s_axis_tdata", 7 0, L_0x56247f79ca90;  alias, 1 drivers
v0x56247f78b6b0_0 .net "s_axis_tdest", 7 0, L_0x56247f7a1dd0;  alias, 1 drivers
v0x56247f78b770_0 .net "s_axis_tid", 7 0, L_0x56247f7a1c10;  alias, 1 drivers
v0x56247f78b8c0_0 .net "s_axis_tkeep", 0 0, L_0x56247f79d030;  alias, 1 drivers
v0x56247f78b9a0_0 .net "s_axis_tlast", 0 0, L_0x56247f7a1a90;  alias, 1 drivers
v0x56247f78bad0_0 .net "s_axis_tready", 0 0, v0x56247f78a340_0;  1 drivers
v0x56247f78bb90_0 .net "s_axis_tuser", 7 0, L_0x56247f7a1f50;  alias, 1 drivers
v0x56247f78bd60_0 .net "s_axis_tvalid", 0 0, L_0x56247f79dee0;  1 drivers
S_0x56247f789570 .scope generate, "genblk1" "genblk1" 4 91, 4 91 0, S_0x56247f788930;
 .timescale -9 -12;
L_0x56247f79d410 .functor BUFZ 1, v0x56247f78a1c0_0, C4<0>, C4<0>, C4<0>;
L_0x56247f79db20 .functor OR 1, L_0x56247f79d930, L_0x56247f79da50, C4<0>, C4<0>;
L_0x56247f79dcb0 .functor AND 1, L_0x56247f79d830, L_0x56247f79db20, C4<1>, C4<1>;
L_0x56247f79ddc0 .functor OR 1, L_0x56247f79df80, L_0x56247f79dcb0, C4<0>, C4<0>;
v0x56247f7897a0_0 .net *"_ivl_17", 0 0, L_0x56247f79d830;  1 drivers
v0x56247f789880_0 .net *"_ivl_19", 0 0, L_0x56247f79d930;  1 drivers
v0x56247f789940_0 .net *"_ivl_21", 0 0, L_0x56247f79da50;  1 drivers
v0x56247f789a10_0 .net *"_ivl_23", 0 0, L_0x56247f79db20;  1 drivers
v0x56247f789ad0_0 .net *"_ivl_25", 0 0, L_0x56247f79dcb0;  1 drivers
v0x56247f789be0_0 .var "m_axis_tdata_reg", 7 0;
v0x56247f789cc0_0 .var "m_axis_tdest_reg", 7 0;
v0x56247f789da0_0 .var "m_axis_tid_reg", 7 0;
v0x56247f789e80_0 .var "m_axis_tkeep_reg", 0 0;
v0x56247f789f60_0 .var "m_axis_tlast_reg", 0 0;
v0x56247f78a020_0 .var "m_axis_tuser_reg", 7 0;
v0x56247f78a100_0 .var "m_axis_tvalid_next", 0 0;
v0x56247f78a1c0_0 .var "m_axis_tvalid_reg", 0 0;
v0x56247f78a280_0 .net "s_axis_tready_early", 0 0, L_0x56247f79ddc0;  1 drivers
v0x56247f78a340_0 .var "s_axis_tready_reg", 0 0;
v0x56247f78a400_0 .var "store_axis_input_to_output", 0 0;
v0x56247f78a4c0_0 .var "store_axis_input_to_temp", 0 0;
v0x56247f78a690_0 .var "store_axis_temp_to_output", 0 0;
v0x56247f78a750_0 .var "temp_m_axis_tdata_reg", 7 0;
v0x56247f78a830_0 .var "temp_m_axis_tdest_reg", 7 0;
v0x56247f78a910_0 .var "temp_m_axis_tid_reg", 7 0;
v0x56247f78a9f0_0 .var "temp_m_axis_tkeep_reg", 0 0;
v0x56247f78aad0_0 .var "temp_m_axis_tlast_reg", 0 0;
v0x56247f78ab90_0 .var "temp_m_axis_tuser_reg", 7 0;
v0x56247f78ac70_0 .var "temp_m_axis_tvalid_next", 0 0;
v0x56247f78ad30_0 .var "temp_m_axis_tvalid_reg", 0 0;
E_0x56247f76ae90/0 .event anyedge, v0x56247f78a1c0_0, v0x56247f78ad30_0, v0x56247f78a340_0, v0x56247f78b2d0_0;
E_0x56247f76ae90/1 .event anyedge, v0x56247f78bd60_0;
E_0x56247f76ae90 .event/or E_0x56247f76ae90/0, E_0x56247f76ae90/1;
L_0x56247f79d830 .reduce/nor v0x56247f78ad30_0;
L_0x56247f79d930 .reduce/nor v0x56247f78a1c0_0;
L_0x56247f79da50 .reduce/nor L_0x56247f79dee0;
S_0x56247f78c480 .scope generate, "genblk1[5]" "genblk1[5]" 3 159, 3 159 0, S_0x56247f764c30;
 .timescale -9 -12;
P_0x56247f7833f0 .param/l "CHN" 1 3 159, +C4<0101>;
L_0x56247f79e640 .functor NOT 1, L_0x56247f79e5a0, C4<0>, C4<0>, C4<0>;
L_0x56247f79e700 .functor AND 1, L_0x56247f7a1910, L_0x56247f79e640, C4<1>, C4<1>;
L_0x56247f79e980 .functor AND 1, L_0x56247f79e700, L_0x56247f79e7c0, C4<1>, C4<1>;
v0x56247f78d530_0 .net *"_ivl_2", 0 0, L_0x56247f79e5a0;  1 drivers
v0x56247f790250_0 .net *"_ivl_3", 0 0, L_0x56247f79e640;  1 drivers
v0x56247f790330_0 .net *"_ivl_6", 0 0, L_0x56247f79e700;  1 drivers
v0x56247f7903d0_0 .net *"_ivl_7", 0 0, L_0x56247f79e7c0;  1 drivers
v0x56247f7904b0_0 .net *"_ivl_9", 0 0, L_0x56247f79e980;  1 drivers
S_0x56247f78c6c0 .scope generate, "genblk1" "genblk1" 3 163, 3 163 0, S_0x56247f78c480;
 .timescale -9 -12;
v0x56247f78c850_0 .net *"_ivl_4", 0 0, L_0x56247f79e860;  1 drivers
L_0x56247f79e860 .reduce/or L_0x56247f79eae0;
S_0x56247f78c930 .scope generate, "genblk2" "genblk2" 3 177, 3 177 0, S_0x56247f78c480;
 .timescale -9 -12;
S_0x56247f78cae0 .scope module, "out_axis_register_inst" "axis_register" 3 202, 4 34 0, S_0x56247f78c930;
 .timescale -9 -12;
    .port_info 0 /INPUT 1 "clk";
    .port_info 1 /INPUT 1 "rst";
    .port_info 2 /INPUT 8 "s_axis_tdata";
    .port_info 3 /INPUT 1 "s_axis_tkeep";
    .port_info 4 /INPUT 1 "s_axis_tvalid";
    .port_info 5 /OUTPUT 1 "s_axis_tready";
    .port_info 6 /INPUT 1 "s_axis_tlast";
    .port_info 7 /INPUT 8 "s_axis_tid";
    .port_info 8 /INPUT 8 "s_axis_tdest";
    .port_info 9 /INPUT 8 "s_axis_tuser";
    .port_info 10 /OUTPUT 8 "m_axis_tdata";
    .port_info 11 /OUTPUT 1 "m_axis_tkeep";
    .port_info 12 /OUTPUT 1 "m_axis_tvalid";
    .port_info 13 /INPUT 1 "m_axis_tready";
    .port_info 14 /OUTPUT 1 "m_axis_tlast";
    .port_info 15 /OUTPUT 8 "m_axis_tid";
    .port_info 16 /OUTPUT 8 "m_axis_tdest";
    .port_info 17 /OUTPUT 8 "m_axis_tuser";
P_0x56247f78cc70 .param/l "DATA_WIDTH" 0 4 37, +C4<00000000000000000000000000001000>;
P_0x56247f78ccb0 .param/l "DEST_ENABLE" 0 4 49, +C4<00000000000000000000000000000001>;
P_0x56247f78ccf0 .param/l "DEST_WIDTH" 0 4 51, +C4<00000000000000000000000000001000>;
P_0x56247f78cd30 .param/l "ID_ENABLE" 0 4 45, +C4<00000000000000000000000000000001>;
P_0x56247f78cd70 .param/l "ID_WIDTH" 0 4 47, +C4<00000000000000000000000000001000>;
P_0x56247f78cdb0 .param/l "KEEP_ENABLE" 0 4 39, C4<0>;
P_0x56247f78cdf0 .param/l "KEEP_WIDTH" 0 4 41, +C4<000000000000000000000000000000001>;
P_0x56247f78ce30 .param/l "LAST_ENABLE" 0 4 43, +C4<00000000000000000000000000000001>;
P_0x56247f78ce70 .param/l "REG_TYPE" 0 4 58, +C4<00000000000000000000000000000010>;
P_0x56247f78ceb0 .param/l "USER_ENABLE" 0 4 53, +C4<00000000000000000000000000000001>;
P_0x56247f78cef0 .param/l "USER_WIDTH" 0 4 55, +C4<00000000000000000000000000001000>;
v0x56247f78f000_0 .net "clk", 0 0, v0x56247f796640_0;  alias, 1 drivers
v0x56247f78f0c0_0 .net "m_axis_tdata", 7 0, v0x56247f78ddf0_0;  1 drivers
v0x56247f78f1a0_0 .net "m_axis_tdest", 7 0, v0x56247f78ded0_0;  1 drivers
v0x56247f78f260_0 .net "m_axis_tid", 7 0, v0x56247f78dfb0_0;  1 drivers
v0x56247f78f340_0 .net "m_axis_tkeep", 0 0, L_0x7f1ff98b7180;  1 drivers
v0x56247f78f420_0 .net "m_axis_tlast", 0 0, v0x56247f78e170_0;  1 drivers
v0x56247f78f4e0_0 .net "m_axis_tready", 0 0, L_0x56247f7a06f0;  1 drivers
v0x56247f78f5a0_0 .net "m_axis_tuser", 7 0, v0x56247f78e230_0;  1 drivers
v0x56247f78f680_0 .net "m_axis_tvalid", 0 0, L_0x56247f79f010;  1 drivers
v0x56247f78f740_0 .net "rst", 0 0, v0x56247f796ee0_0;  alias, 1 drivers
v0x56247f78f7e0_0 .net "s_axis_tdata", 7 0, L_0x56247f79e170;  alias, 1 drivers
v0x56247f78f8c0_0 .net "s_axis_tdest", 7 0, L_0x56247f7a1dd0;  alias, 1 drivers
v0x56247f78f980_0 .net "s_axis_tid", 7 0, L_0x56247f7a1c10;  alias, 1 drivers
v0x56247f78fa40_0 .net "s_axis_tkeep", 0 0, L_0x56247f79eae0;  alias, 1 drivers
v0x56247f78fb20_0 .net "s_axis_tlast", 0 0, L_0x56247f7a1a90;  alias, 1 drivers
v0x56247f78fbc0_0 .net "s_axis_tready", 0 0, v0x56247f78e550_0;  1 drivers
v0x56247f78fc80_0 .net "s_axis_tuser", 7 0, L_0x56247f7a1f50;  alias, 1 drivers
v0x56247f78fe50_0 .net "s_axis_tvalid", 0 0, L_0x56247f79f8d0;  1 drivers
S_0x56247f78d790 .scope generate, "genblk1" "genblk1" 4 91, 4 91 0, S_0x56247f78cae0;
 .timescale -9 -12;
L_0x56247f79f010 .functor BUFZ 1, v0x56247f78e3d0_0, C4<0>, C4<0>, C4<0>;
L_0x56247f79f510 .functor OR 1, L_0x56247f79f320, L_0x56247f79f440, C4<0>, C4<0>;
L_0x56247f79f6a0 .functor AND 1, L_0x56247f79f280, L_0x56247f79f510, C4<1>, C4<1>;
L_0x56247f79f7b0 .functor OR 1, L_0x56247f7a06f0, L_0x56247f79f6a0, C4<0>, C4<0>;
v0x56247f78d9b0_0 .net *"_ivl_17", 0 0, L_0x56247f79f280;  1 drivers
v0x56247f78da90_0 .net *"_ivl_19", 0 0, L_0x56247f79f320;  1 drivers
v0x56247f78db50_0 .net *"_ivl_21", 0 0, L_0x56247f79f440;  1 drivers
v0x56247f78dc20_0 .net *"_ivl_23", 0 0, L_0x56247f79f510;  1 drivers
v0x56247f78dce0_0 .net *"_ivl_25", 0 0, L_0x56247f79f6a0;  1 drivers
v0x56247f78ddf0_0 .var "m_axis_tdata_reg", 7 0;
v0x56247f78ded0_0 .var "m_axis_tdest_reg", 7 0;
v0x56247f78dfb0_0 .var "m_axis_tid_reg", 7 0;
v0x56247f78e090_0 .var "m_axis_tkeep_reg", 0 0;
v0x56247f78e170_0 .var "m_axis_tlast_reg", 0 0;
v0x56247f78e230_0 .var "m_axis_tuser_reg", 7 0;
v0x56247f78e310_0 .var "m_axis_tvalid_next", 0 0;
v0x56247f78e3d0_0 .var "m_axis_tvalid_reg", 0 0;
v0x56247f78e490_0 .net "s_axis_tready_early", 0 0, L_0x56247f79f7b0;  1 drivers
v0x56247f78e550_0 .var "s_axis_tready_reg", 0 0;
v0x56247f78e610_0 .var "store_axis_input_to_output", 0 0;
v0x56247f78e6d0_0 .var "store_axis_input_to_temp", 0 0;
v0x56247f78e8a0_0 .var "store_axis_temp_to_output", 0 0;
v0x56247f78e960_0 .var "temp_m_axis_tdata_reg", 7 0;
v0x56247f78ea40_0 .var "temp_m_axis_tdest_reg", 7 0;
v0x56247f78eb20_0 .var "temp_m_axis_tid_reg", 7 0;
v0x56247f78ec00_0 .var "temp_m_axis_tkeep_reg", 0 0;
v0x56247f78ece0_0 .var "temp_m_axis_tlast_reg", 0 0;
v0x56247f78eda0_0 .var "temp_m_axis_tuser_reg", 7 0;
v0x56247f78ee80_0 .var "temp_m_axis_tvalid_next", 0 0;
v0x56247f78ef40_0 .var "temp_m_axis_tvalid_reg", 0 0;
E_0x56247f78d920/0 .event anyedge, v0x56247f78e3d0_0, v0x56247f78ef40_0, v0x56247f78e550_0, v0x56247f78f4e0_0;
E_0x56247f78d920/1 .event anyedge, v0x56247f78fe50_0;
E_0x56247f78d920 .event/or E_0x56247f78d920/0, E_0x56247f78d920/1;
L_0x56247f79f280 .reduce/nor v0x56247f78ef40_0;
L_0x56247f79f320 .reduce/nor v0x56247f78e3d0_0;
L_0x56247f79f440 .reduce/nor L_0x56247f79f8d0;
S_0x56247f790570 .scope module, "in_axis_register_inst" "axis_register" 3 125, 4 34 0, S_0x56247f764c30;
 .timescale -9 -12;
    .port_info 0 /INPUT 1 "clk";
    .port_info 1 /INPUT 1 "rst";
    .port_info 2 /INPUT 48 "s_axis_tdata";
    .port_info 3 /INPUT 6 "s_axis_tkeep";
    .port_info 4 /INPUT 1 "s_axis_tvalid";
    .port_info 5 /OUTPUT 1 "s_axis_tready";
    .port_info 6 /INPUT 1 "s_axis_tlast";
    .port_info 7 /INPUT 8 "s_axis_tid";
    .port_info 8 /INPUT 8 "s_axis_tdest";
    .port_info 9 /INPUT 8 "s_axis_tuser";
    .port_info 10 /OUTPUT 48 "m_axis_tdata";
    .port_info 11 /OUTPUT 6 "m_axis_tkeep";
    .port_info 12 /OUTPUT 1 "m_axis_tvalid";
    .port_info 13 /INPUT 1 "m_axis_tready";
    .port_info 14 /OUTPUT 1 "m_axis_tlast";
    .port_info 15 /OUTPUT 8 "m_axis_tid";
    .port_info 16 /OUTPUT 8 "m_axis_tdest";
    .port_info 17 /OUTPUT 8 "m_axis_tuser";
P_0x56247f790750 .param/l "DATA_WIDTH" 0 4 37, +C4<0000000000000000000000000000000000000000000000000000000000110000>;
P_0x56247f790790 .param/l "DEST_ENABLE" 0 4 49, +C4<00000000000000000000000000000001>;
P_0x56247f7907d0 .param/l "DEST_WIDTH" 0 4 51, +C4<00000000000000000000000000001000>;
P_0x56247f790810 .param/l "ID_ENABLE" 0 4 45, +C4<00000000000000000000000000000001>;
P_0x56247f790850 .param/l "ID_WIDTH" 0 4 47, +C4<00000000000000000000000000001000>;
P_0x56247f790890 .param/l "KEEP_ENABLE" 0 4 39, C4<1>;
P_0x56247f7908d0 .param/l "KEEP_WIDTH" 0 4 41, +C4<00000000000000000000000000000000000000000000000000000000000000110>;
P_0x56247f790910 .param/l "LAST_ENABLE" 0 4 43, +C4<00000000000000000000000000000001>;
P_0x56247f790950 .param/l "REG_TYPE" 0 4 58, +C4<00000000000000000000000000000010>;
P_0x56247f790990 .param/l "USER_ENABLE" 0 4 53, +C4<00000000000000000000000000000001>;
P_0x56247f7909d0 .param/l "USER_WIDTH" 0 4 55, +C4<00000000000000000000000000001000>;
v0x56247f792ae0_0 .net "clk", 0 0, v0x56247f796640_0;  alias, 1 drivers
v0x56247f792ba0_0 .net "m_axis_tdata", 47 0, v0x56247f7919e0_0;  alias, 1 drivers
v0x56247f792c80_0 .net "m_axis_tdest", 7 0, L_0x56247f7a1dd0;  alias, 1 drivers
v0x56247f792d20_0 .net "m_axis_tid", 7 0, L_0x56247f7a1c10;  alias, 1 drivers
v0x56247f792de0_0 .net "m_axis_tkeep", 5 0, v0x56247f791c80_0;  alias, 1 drivers
v0x56247f792ec0_0 .net "m_axis_tlast", 0 0, L_0x56247f7a1a90;  alias, 1 drivers
v0x56247f792f60_0 .net "m_axis_tready", 0 0, L_0x56247f7a2b20;  alias, 1 drivers
v0x56247f793020_0 .net "m_axis_tuser", 7 0, L_0x56247f7a1f50;  alias, 1 drivers
v0x56247f7930e0_0 .net "m_axis_tvalid", 0 0, L_0x56247f7a1910;  alias, 1 drivers
v0x56247f7931a0_0 .net "rst", 0 0, v0x56247f796ee0_0;  alias, 1 drivers
v0x56247f793240_0 .net "s_axis_tdata", 47 0, v0x56247f797090_0;  alias, 1 drivers
v0x56247f793320_0 .net "s_axis_tdest", 7 0, v0x56247f797150_0;  alias, 1 drivers
v0x56247f793400_0 .net "s_axis_tid", 7 0, v0x56247f797260_0;  alias, 1 drivers
v0x56247f7934e0_0 .net "s_axis_tkeep", 5 0, v0x56247f797480_0;  alias, 1 drivers
v0x56247f7935c0_0 .net "s_axis_tlast", 0 0, v0x56247f797590_0;  alias, 1 drivers
v0x56247f793680_0 .net "s_axis_tready", 0 0, L_0x56247f7a16b0;  alias, 1 drivers
v0x56247f793740_0 .net "s_axis_tuser", 7 0, v0x56247f797770_0;  alias, 1 drivers
v0x56247f793930_0 .net "s_axis_tvalid", 0 0, v0x56247f797880_0;  alias, 1 drivers
S_0x56247f791330 .scope generate, "genblk1" "genblk1" 4 91, 4 91 0, S_0x56247f790570;
 .timescale -9 -12;
L_0x56247f7a16b0 .functor BUFZ 1, v0x56247f792140_0, C4<0>, C4<0>, C4<0>;
L_0x56247f7a1910 .functor BUFZ 1, v0x56247f791fc0_0, C4<0>, C4<0>, C4<0>;
L_0x56247f7a1a90 .functor BUFZ 1, v0x56247f791d60_0, C4<0>, C4<0>, C4<0>;
L_0x56247f7a1c10 .functor BUFZ 8, v0x56247f791ba0_0, C4<00000000>, C4<00000000>, C4<00000000>;
L_0x56247f7a1dd0 .functor BUFZ 8, v0x56247f791ac0_0, C4<00000000>, C4<00000000>, C4<00000000>;
L_0x56247f7a1f50 .functor BUFZ 8, v0x56247f791e20_0, C4<00000000>, C4<00000000>, C4<00000000>;
L_0x56247f7a2350 .functor OR 1, L_0x56247f7a21c0, L_0x56247f7a22b0, C4<0>, C4<0>;
L_0x56247f7a2460 .functor AND 1, L_0x56247f7a2120, L_0x56247f7a2350, C4<1>, C4<1>;
L_0x56247f7a25d0 .functor OR 1, L_0x56247f7a2b20, L_0x56247f7a2460, C4<0>, C4<0>;
v0x56247f7915a0_0 .net *"_ivl_17", 0 0, L_0x56247f7a2120;  1 drivers
v0x56247f791680_0 .net *"_ivl_19", 0 0, L_0x56247f7a21c0;  1 drivers
v0x56247f791740_0 .net *"_ivl_21", 0 0, L_0x56247f7a22b0;  1 drivers
v0x56247f791810_0 .net *"_ivl_23", 0 0, L_0x56247f7a2350;  1 drivers
v0x56247f7918d0_0 .net *"_ivl_25", 0 0, L_0x56247f7a2460;  1 drivers
v0x56247f7919e0_0 .var "m_axis_tdata_reg", 47 0;
v0x56247f791ac0_0 .var "m_axis_tdest_reg", 7 0;
v0x56247f791ba0_0 .var "m_axis_tid_reg", 7 0;
v0x56247f791c80_0 .var "m_axis_tkeep_reg", 5 0;
v0x56247f791d60_0 .var "m_axis_tlast_reg", 0 0;
v0x56247f791e20_0 .var "m_axis_tuser_reg", 7 0;
v0x56247f791f00_0 .var "m_axis_tvalid_next", 0 0;
v0x56247f791fc0_0 .var "m_axis_tvalid_reg", 0 0;
v0x56247f792080_0 .net "s_axis_tready_early", 0 0, L_0x56247f7a25d0;  1 drivers
v0x56247f792140_0 .var "s_axis_tready_reg", 0 0;
v0x56247f792200_0 .var "store_axis_input_to_output", 0 0;
v0x56247f7922c0_0 .var "store_axis_input_to_temp", 0 0;
v0x56247f792380_0 .var "store_axis_temp_to_output", 0 0;
v0x56247f792440_0 .var "temp_m_axis_tdata_reg", 47 0;
v0x56247f792520_0 .var "temp_m_axis_tdest_reg", 7 0;
v0x56247f792600_0 .var "temp_m_axis_tid_reg", 7 0;
v0x56247f7926e0_0 .var "temp_m_axis_tkeep_reg", 5 0;
v0x56247f7927c0_0 .var "temp_m_axis_tlast_reg", 0 0;
v0x56247f792880_0 .var "temp_m_axis_tuser_reg", 7 0;
v0x56247f792960_0 .var "temp_m_axis_tvalid_next", 0 0;
v0x56247f792a20_0 .var "temp_m_axis_tvalid_reg", 0 0;
E_0x56247f791510/0 .event anyedge, v0x56247f791fc0_0, v0x56247f792a20_0, v0x56247f792140_0, v0x56247f792f60_0;
E_0x56247f791510/1 .event anyedge, v0x56247f793930_0;
E_0x56247f791510 .event/or E_0x56247f791510/0, E_0x56247f791510/1;
L_0x56247f7a2120 .reduce/nor v0x56247f792a20_0;
L_0x56247f7a21c0 .reduce/nor v0x56247f791fc0_0;
L_0x56247f7a22b0 .reduce/nor v0x56247f797880_0;
    .scope S_0x56247f7468c0;
T_0 ;
    %pushi/vec4 0, 0, 1;
    %store/vec4 v0x56247f779e70_0, 0, 1;
    %pushi/vec4 0, 0, 8;
    %store/vec4 v0x56247f779710_0, 0, 8;
    %pushi/vec4 0, 0, 1;
    %store/vec4 v0x56247f7799b0_0, 0, 1;
    %pushi/vec4 0, 0, 1;
    %store/vec4 v0x56247f779cf0_0, 0, 1;
    %pushi/vec4 0, 0, 1;
    %store/vec4 v0x56247f779a90_0, 0, 1;
    %pushi/vec4 0, 0, 8;
    %store/vec4 v0x56247f7798d0_0, 0, 8;
    %pushi/vec4 0, 0, 8;
    %store/vec4 v0x56247f7797f0_0, 0, 8;
    %pushi/vec4 0, 0, 8;
    %store/vec4 v0x56247f779b50_0, 0, 8;
    %pushi/vec4 0, 0, 8;
    %store/vec4 v0x56247f77a170_0, 0, 8;
    %pushi/vec4 0, 0, 1;
    %store/vec4 v0x56247f77a410_0, 0, 1;
    %pushi/vec4 0, 0, 1;
    %store/vec4 v0x56247f77a750_0, 0, 1;
    %pushi/vec4 0, 0, 1;
    %store/vec4 v0x56247f77a4f0_0, 0, 1;
    %pushi/vec4 0, 0, 8;
    %store/vec4 v0x56247f77a330_0, 0, 8;
    %pushi/vec4 0, 0, 8;
    %store/vec4 v0x56247f77a250_0, 0, 8;
    %pushi/vec4 0, 0, 8;
    %store/vec4 v0x56247f77a5b0_0, 0, 8;
    %end;
    .thread T_0;
    .scope S_0x56247f7468c0;
T_1 ;
    %wait E_0x56247f68c9b0;
    %load/vec4 v0x56247f779cf0_0;
    %store/vec4 v0x56247f779c30_0, 0, 1;
    %load/vec4 v0x56247f77a750_0;
    %store/vec4 v0x56247f77a690_0, 0, 1;
    %pushi/vec4 0, 0, 1;
    %store/vec4 v0x56247f779f30_0, 0, 1;
    %pushi/vec4 0, 0, 1;
    %store/vec4 v0x56247f779ff0_0, 0, 1;
    %pushi/vec4 0, 0, 1;
    %store/vec4 v0x56247f77a0b0_0, 0, 1;
    %load/vec4 v0x56247f779e70_0;
    %flag_set/vec4 8;
    %jmp/0xz  T_1.0, 8;
    %load/vec4 v0x56247f77ad10_0;
    %flag_set/vec4 8;
    %jmp/1 T_1.4, 8;
    %load/vec4 v0x56247f779cf0_0;
    %nor/r;
    %flag_set/vec4 9;
    %flag_or 8, 9;
T_1.4;
    %jmp/0xz  T_1.2, 8;
    %load/vec4 v0x56247f77b610_0;
    %store/vec4 v0x56247f779c30_0, 0, 1;
    %pushi/vec4 1, 0, 1;
    %store/vec4 v0x56247f779f30_0, 0, 1;
    %jmp T_1.3;
T_1.2 ;
    %load/vec4 v0x56247f77b610_0;
    %store/vec4 v0x56247f77a690_0, 0, 1;
    %pushi/vec4 1, 0, 1;
    %store/vec4 v0x56247f779ff0_0, 0, 1;
T_1.3 ;
    %jmp T_1.1;
T_1.0 ;
    %load/vec4 v0x56247f77ad10_0;
    %flag_set/vec4 8;
    %jmp/0xz  T_1.5, 8;
    %load/vec4 v0x56247f77a750_0;
    %store/vec4 v0x56247f779c30_0, 0, 1;
    %pushi/vec4 0, 0, 1;
    %store/vec4 v0x56247f77a690_0, 0, 1;
    %pushi/vec4 1, 0, 1;
    %store/vec4 v0x56247f77a0b0_0, 0, 1;
T_1.5 ;
T_1.1 ;
    %jmp T_1;
    .thread T_1, $push;
    .scope S_0x56247f7468c0;
T_2 ;
    %wait E_0x56247f68de90;
    %load/vec4 v0x56247f779db0_0;
    %assign/vec4 v0x56247f779e70_0, 0;
    %load/vec4 v0x56247f779c30_0;
    %assign/vec4 v0x56247f779cf0_0, 0;
    %load/vec4 v0x56247f77a690_0;
    %assign/vec4 v0x56247f77a750_0, 0;
    %load/vec4 v0x56247f779f30_0;
    %flag_set/vec4 8;
    %jmp/0xz  T_2.0, 8;
    %load/vec4 v0x56247f77b030_0;
    %assign/vec4 v0x56247f779710_0, 0;
    %load/vec4 v0x56247f77b2d0_0;
    %assign/vec4 v0x56247f7799b0_0, 0;
    %load/vec4 v0x56247f77b3b0_0;
    %assign/vec4 v0x56247f779a90_0, 0;
    %load/vec4 v0x56247f77b1f0_0;
    %assign/vec4 v0x56247f7798d0_0, 0;
    %load/vec4 v0x56247f77b110_0;
    %assign/vec4 v0x56247f7797f0_0, 0;
    %load/vec4 v0x56247f77b530_0;
    %assign/vec4 v0x56247f779b50_0, 0;
    %jmp T_2.1;
T_2.0 ;
    %load/vec4 v0x56247f77a0b0_0;
    %flag_set/vec4 8;
    %jmp/0xz  T_2.2, 8;
    %load/vec4 v0x56247f77a170_0;
    %assign/vec4 v0x56247f779710_0, 0;
    %load/vec4 v0x56247f77a410_0;
    %assign/vec4 v0x56247f7799b0_0, 0;
    %load/vec4 v0x56247f77a4f0_0;
    %assign/vec4 v0x56247f779a90_0, 0;
    %load/vec4 v0x56247f77a330_0;
    %assign/vec4 v0x56247f7798d0_0, 0;
    %load/vec4 v0x56247f77a250_0;
    %assign/vec4 v0x56247f7797f0_0, 0;
    %load/vec4 v0x56247f77a5b0_0;
    %assign/vec4 v0x56247f779b50_0, 0;
T_2.2 ;
T_2.1 ;
    %load/vec4 v0x56247f779ff0_0;
    %flag_set/vec4 8;
    %jmp/0xz  T_2.4, 8;
    %load/vec4 v0x56247f77b030_0;
    %assign/vec4 v0x56247f77a170_0, 0;
    %load/vec4 v0x56247f77b2d0_0;
    %assign/vec4 v0x56247f77a410_0, 0;
    %load/vec4 v0x56247f77b3b0_0;
    %assign/vec4 v0x56247f77a4f0_0, 0;
    %load/vec4 v0x56247f77b1f0_0;
    %assign/vec4 v0x56247f77a330_0, 0;
    %load/vec4 v0x56247f77b110_0;
    %assign/vec4 v0x56247f77a250_0, 0;
    %load/vec4 v0x56247f77b530_0;
    %assign/vec4 v0x56247f77a5b0_0, 0;
T_2.4 ;
    %load/vec4 v0x56247f77af70_0;
    %flag_set/vec4 8;
    %jmp/0xz  T_2.6, 8;
    %pushi/vec4 0, 0, 1;
    %assign/vec4 v0x56247f779e70_0, 0;
    %pushi/vec4 0, 0, 1;
    %assign/vec4 v0x56247f779cf0_0, 0;
    %pushi/vec4 0, 0, 1;
    %assign/vec4 v0x56247f77a750_0, 0;
T_2.6 ;
    %jmp T_2;
    .thread T_2;
    .scope S_0x56247f77ce20;
T_3 ;
    %pushi/vec4 0, 0, 1;
    %store/vec4 v0x56247f77dbf0_0, 0, 1;
    %pushi/vec4 0, 0, 8;
    %store/vec4 v0x56247f77d490_0, 0, 8;
    %pushi/vec4 0, 0, 1;
    %store/vec4 v0x56247f77d730_0, 0, 1;
    %pushi/vec4 0, 0, 1;
    %store/vec4 v0x56247f77da70_0, 0, 1;
    %pushi/vec4 0, 0, 1;
    %store/vec4 v0x56247f77d810_0, 0, 1;
    %pushi/vec4 0, 0, 8;
    %store/vec4 v0x56247f77d650_0, 0, 8;
    %pushi/vec4 0, 0, 8;
    %store/vec4 v0x56247f77d570_0, 0, 8;
    %pushi/vec4 0, 0, 8;
    %store/vec4 v0x56247f77d8d0_0, 0, 8;
    %pushi/vec4 0, 0, 8;
    %store/vec4 v0x56247f77e000_0, 0, 8;
    %pushi/vec4 0, 0, 1;
    %store/vec4 v0x56247f77e2a0_0, 0, 1;
    %pushi/vec4 0, 0, 1;
    %store/vec4 v0x56247f77e5e0_0, 0, 1;
    %pushi/vec4 0, 0, 1;
    %store/vec4 v0x56247f77e380_0, 0, 1;
    %pushi/vec4 0, 0, 8;
    %store/vec4 v0x56247f77e1c0_0, 0, 8;
    %pushi/vec4 0, 0, 8;
    %store/vec4 v0x56247f77e0e0_0, 0, 8;
    %pushi/vec4 0, 0, 8;
    %store/vec4 v0x56247f77e440_0, 0, 8;
    %end;
    .thread T_3;
    .scope S_0x56247f77ce20;
T_4 ;
    %wait E_0x56247f696ef0;
    %load/vec4 v0x56247f77da70_0;
    %store/vec4 v0x56247f77d9b0_0, 0, 1;
    %load/vec4 v0x56247f77e5e0_0;
    %store/vec4 v0x56247f77e520_0, 0, 1;
    %pushi/vec4 0, 0, 1;
    %store/vec4 v0x56247f77dcb0_0, 0, 1;
    %pushi/vec4 0, 0, 1;
    %store/vec4 v0x56247f77dd70_0, 0, 1;
    %pushi/vec4 0, 0, 1;
    %store/vec4 v0x56247f77df40_0, 0, 1;
    %load/vec4 v0x56247f77dbf0_0;
    %flag_set/vec4 8;
    %jmp/0xz  T_4.0, 8;
    %load/vec4 v0x56247f77eb90_0;
    %flag_set/vec4 8;
    %jmp/1 T_4.4, 8;
    %load/vec4 v0x56247f77da70_0;
    %nor/r;
    %flag_set/vec4 9;
    %flag_or 8, 9;
T_4.4;
    %jmp/0xz  T_4.2, 8;
    %load/vec4 v0x56247f77f540_0;
    %store/vec4 v0x56247f77d9b0_0, 0, 1;
    %pushi/vec4 1, 0, 1;
    %store/vec4 v0x56247f77dcb0_0, 0, 1;
    %jmp T_4.3;
T_4.2 ;
    %load/vec4 v0x56247f77f540_0;
    %store/vec4 v0x56247f77e520_0, 0, 1;
    %pushi/vec4 1, 0, 1;
    %store/vec4 v0x56247f77dd70_0, 0, 1;
T_4.3 ;
    %jmp T_4.1;
T_4.0 ;
    %load/vec4 v0x56247f77eb90_0;
    %flag_set/vec4 8;
    %jmp/0xz  T_4.5, 8;
    %load/vec4 v0x56247f77e5e0_0;
    %store/vec4 v0x56247f77d9b0_0, 0, 1;
    %pushi/vec4 0, 0, 1;
    %store/vec4 v0x56247f77e520_0, 0, 1;
    %pushi/vec4 1, 0, 1;
    %store/vec4 v0x56247f77df40_0, 0, 1;
T_4.5 ;
T_4.1 ;
    %jmp T_4;
    .thread T_4, $push;
    .scope S_0x56247f77ce20;
T_5 ;
    %wait E_0x56247f68de90;
    %load/vec4 v0x56247f77db30_0;
    %assign/vec4 v0x56247f77dbf0_0, 0;
    %load/vec4 v0x56247f77d9b0_0;
    %assign/vec4 v0x56247f77da70_0, 0;
    %load/vec4 v0x56247f77e520_0;
    %assign/vec4 v0x56247f77e5e0_0, 0;
    %load/vec4 v0x56247f77dcb0_0;
    %flag_set/vec4 8;
    %jmp/0xz  T_5.0, 8;
    %load/vec4 v0x56247f77ee90_0;
    %assign/vec4 v0x56247f77d490_0, 0;
    %load/vec4 v0x56247f77f110_0;
    %assign/vec4 v0x56247f77d730_0, 0;
    %load/vec4 v0x56247f77f1d0_0;
    %assign/vec4 v0x56247f77d810_0, 0;
    %load/vec4 v0x56247f77f040_0;
    %assign/vec4 v0x56247f77d650_0, 0;
    %load/vec4 v0x56247f77ef50_0;
    %assign/vec4 v0x56247f77d570_0, 0;
    %load/vec4 v0x56247f77f340_0;
    %assign/vec4 v0x56247f77d8d0_0, 0;
    %jmp T_5.1;
T_5.0 ;
    %load/vec4 v0x56247f77df40_0;
    %flag_set/vec4 8;
    %jmp/0xz  T_5.2, 8;
    %load/vec4 v0x56247f77e000_0;
    %assign/vec4 v0x56247f77d490_0, 0;
    %load/vec4 v0x56247f77e2a0_0;
    %assign/vec4 v0x56247f77d730_0, 0;
    %load/vec4 v0x56247f77e380_0;
    %assign/vec4 v0x56247f77d810_0, 0;
    %load/vec4 v0x56247f77e1c0_0;
    %assign/vec4 v0x56247f77d650_0, 0;
    %load/vec4 v0x56247f77e0e0_0;
    %assign/vec4 v0x56247f77d570_0, 0;
    %load/vec4 v0x56247f77e440_0;
    %assign/vec4 v0x56247f77d8d0_0, 0;
T_5.2 ;
T_5.1 ;
    %load/vec4 v0x56247f77dd70_0;
    %flag_set/vec4 8;
    %jmp/0xz  T_5.4, 8;
    %load/vec4 v0x56247f77ee90_0;
    %assign/vec4 v0x56247f77e000_0, 0;
    %load/vec4 v0x56247f77f110_0;
    %assign/vec4 v0x56247f77e2a0_0, 0;
    %load/vec4 v0x56247f77f1d0_0;
    %assign/vec4 v0x56247f77e380_0, 0;
    %load/vec4 v0x56247f77f040_0;
    %assign/vec4 v0x56247f77e1c0_0, 0;
    %load/vec4 v0x56247f77ef50_0;
    %assign/vec4 v0x56247f77e0e0_0, 0;
    %load/vec4 v0x56247f77f340_0;
    %assign/vec4 v0x56247f77e440_0, 0;
T_5.4 ;
    %load/vec4 v0x56247f77edf0_0;
    %flag_set/vec4 8;
    %jmp/0xz  T_5.6, 8;
    %pushi/vec4 0, 0, 1;
    %assign/vec4 v0x56247f77dbf0_0, 0;
    %pushi/vec4 0, 0, 1;
    %assign/vec4 v0x56247f77da70_0, 0;
    %pushi/vec4 0, 0, 1;
    %assign/vec4 v0x56247f77e5e0_0, 0;
T_5.6 ;
    %jmp T_5;
    .thread T_5;
    .scope S_0x56247f781090;
T_6 ;
    %pushi/vec4 0, 0, 1;
    %store/vec4 v0x56247f781e60_0, 0, 1;
    %pushi/vec4 0, 0, 8;
    %store/vec4 v0x56247f781700_0, 0, 8;
    %pushi/vec4 0, 0, 1;
    %store/vec4 v0x56247f7819a0_0, 0, 1;
    %pushi/vec4 0, 0, 1;
    %store/vec4 v0x56247f781ce0_0, 0, 1;
    %pushi/vec4 0, 0, 1;
    %store/vec4 v0x56247f781a80_0, 0, 1;
    %pushi/vec4 0, 0, 8;
    %store/vec4 v0x56247f7818c0_0, 0, 8;
    %pushi/vec4 0, 0, 8;
    %store/vec4 v0x56247f7817e0_0, 0, 8;
    %pushi/vec4 0, 0, 8;
    %store/vec4 v0x56247f781b40_0, 0, 8;
    %pushi/vec4 0, 0, 8;
    %store/vec4 v0x56247f782270_0, 0, 8;
    %pushi/vec4 0, 0, 1;
    %store/vec4 v0x56247f782510_0, 0, 1;
    %pushi/vec4 0, 0, 1;
    %store/vec4 v0x56247f782850_0, 0, 1;
    %pushi/vec4 0, 0, 1;
    %store/vec4 v0x56247f7825f0_0, 0, 1;
    %pushi/vec4 0, 0, 8;
    %store/vec4 v0x56247f782430_0, 0, 8;
    %pushi/vec4 0, 0, 8;
    %store/vec4 v0x56247f782350_0, 0, 8;
    %pushi/vec4 0, 0, 8;
    %store/vec4 v0x56247f7826b0_0, 0, 8;
    %end;
    .thread T_6;
    .scope S_0x56247f781090;
T_7 ;
    %wait E_0x56247f6837e0;
    %load/vec4 v0x56247f781ce0_0;
    %store/vec4 v0x56247f781c20_0, 0, 1;
    %load/vec4 v0x56247f782850_0;
    %store/vec4 v0x56247f782790_0, 0, 1;
    %pushi/vec4 0, 0, 1;
    %store/vec4 v0x56247f781f20_0, 0, 1;
    %pushi/vec4 0, 0, 1;
    %store/vec4 v0x56247f781fe0_0, 0, 1;
    %pushi/vec4 0, 0, 1;
    %store/vec4 v0x56247f7821b0_0, 0, 1;
    %load/vec4 v0x56247f781e60_0;
    %flag_set/vec4 8;
    %jmp/0xz  T_7.0, 8;
    %load/vec4 v0x56247f782e40_0;
    %flag_set/vec4 8;
    %jmp/1 T_7.4, 8;
    %load/vec4 v0x56247f781ce0_0;
    %nor/r;
    %flag_set/vec4 9;
    %flag_or 8, 9;
T_7.4;
    %jmp/0xz  T_7.2, 8;
    %load/vec4 v0x56247f7838f0_0;
    %store/vec4 v0x56247f781c20_0, 0, 1;
    %pushi/vec4 1, 0, 1;
    %store/vec4 v0x56247f781f20_0, 0, 1;
    %jmp T_7.3;
T_7.2 ;
    %load/vec4 v0x56247f7838f0_0;
    %store/vec4 v0x56247f782790_0, 0, 1;
    %pushi/vec4 1, 0, 1;
    %store/vec4 v0x56247f781fe0_0, 0, 1;
T_7.3 ;
    %jmp T_7.1;
T_7.0 ;
    %load/vec4 v0x56247f782e40_0;
    %flag_set/vec4 8;
    %jmp/0xz  T_7.5, 8;
    %load/vec4 v0x56247f782850_0;
    %store/vec4 v0x56247f781c20_0, 0, 1;
    %pushi/vec4 0, 0, 1;
    %store/vec4 v0x56247f782790_0, 0, 1;
    %pushi/vec4 1, 0, 1;
    %store/vec4 v0x56247f7821b0_0, 0, 1;
T_7.5 ;
T_7.1 ;
    %jmp T_7;
    .thread T_7, $push;
    .scope S_0x56247f781090;
T_8 ;
    %wait E_0x56247f68de90;
    %load/vec4 v0x56247f781da0_0;
    %assign/vec4 v0x56247f781e60_0, 0;
    %load/vec4 v0x56247f781c20_0;
    %assign/vec4 v0x56247f781ce0_0, 0;
    %load/vec4 v0x56247f782790_0;
    %assign/vec4 v0x56247f782850_0, 0;
    %load/vec4 v0x56247f781f20_0;
    %flag_set/vec4 8;
    %jmp/0xz  T_8.0, 8;
    %load/vec4 v0x56247f783140_0;
    %assign/vec4 v0x56247f781700_0, 0;
    %load/vec4 v0x56247f783440_0;
    %assign/vec4 v0x56247f7819a0_0, 0;
    %load/vec4 v0x56247f783520_0;
    %assign/vec4 v0x56247f781a80_0, 0;
    %load/vec4 v0x56247f783330_0;
    %assign/vec4 v0x56247f7818c0_0, 0;
    %load/vec4 v0x56247f783220_0;
    %assign/vec4 v0x56247f7817e0_0, 0;
    %load/vec4 v0x56247f7836d0_0;
    %assign/vec4 v0x56247f781b40_0, 0;
    %jmp T_8.1;
T_8.0 ;
    %load/vec4 v0x56247f7821b0_0;
    %flag_set/vec4 8;
    %jmp/0xz  T_8.2, 8;
    %load/vec4 v0x56247f782270_0;
    %assign/vec4 v0x56247f781700_0, 0;
    %load/vec4 v0x56247f782510_0;
    %assign/vec4 v0x56247f7819a0_0, 0;
    %load/vec4 v0x56247f7825f0_0;
    %assign/vec4 v0x56247f781a80_0, 0;
    %load/vec4 v0x56247f782430_0;
    %assign/vec4 v0x56247f7818c0_0, 0;
    %load/vec4 v0x56247f782350_0;
    %assign/vec4 v0x56247f7817e0_0, 0;
    %load/vec4 v0x56247f7826b0_0;
    %assign/vec4 v0x56247f781b40_0, 0;
T_8.2 ;
T_8.1 ;
    %load/vec4 v0x56247f781fe0_0;
    %flag_set/vec4 8;
    %jmp/0xz  T_8.4, 8;
    %load/vec4 v0x56247f783140_0;
    %assign/vec4 v0x56247f782270_0, 0;
    %load/vec4 v0x56247f783440_0;
    %assign/vec4 v0x56247f782510_0, 0;
    %load/vec4 v0x56247f783520_0;
    %assign/vec4 v0x56247f7825f0_0, 0;
    %load/vec4 v0x56247f783330_0;
    %assign/vec4 v0x56247f782430_0, 0;
    %load/vec4 v0x56247f783220_0;
    %assign/vec4 v0x56247f782350_0, 0;
    %load/vec4 v0x56247f7836d0_0;
    %assign/vec4 v0x56247f7826b0_0, 0;
T_8.4 ;
    %load/vec4 v0x56247f7830a0_0;
    %flag_set/vec4 8;
    %jmp/0xz  T_8.6, 8;
    %pushi/vec4 0, 0, 1;
    %assign/vec4 v0x56247f781e60_0, 0;
    %pushi/vec4 0, 0, 1;
    %assign/vec4 v0x56247f781ce0_0, 0;
    %pushi/vec4 0, 0, 1;
    %assign/vec4 v0x56247f782850_0, 0;
T_8.6 ;
    %jmp T_8;
    .thread T_8;
    .scope S_0x56247f785350;
T_9 ;
    %pushi/vec4 0, 0, 1;
    %store/vec4 v0x56247f786120_0, 0, 1;
    %pushi/vec4 0, 0, 8;
    %store/vec4 v0x56247f7859c0_0, 0, 8;
    %pushi/vec4 0, 0, 1;
    %store/vec4 v0x56247f785c60_0, 0, 1;
    %pushi/vec4 0, 0, 1;
    %store/vec4 v0x56247f785fa0_0, 0, 1;
    %pushi/vec4 0, 0, 1;
    %store/vec4 v0x56247f785d40_0, 0, 1;
    %pushi/vec4 0, 0, 8;
    %store/vec4 v0x56247f785b80_0, 0, 8;
    %pushi/vec4 0, 0, 8;
    %store/vec4 v0x56247f785aa0_0, 0, 8;
    %pushi/vec4 0, 0, 8;
    %store/vec4 v0x56247f785e00_0, 0, 8;
    %pushi/vec4 0, 0, 8;
    %store/vec4 v0x56247f786530_0, 0, 8;
    %pushi/vec4 0, 0, 1;
    %store/vec4 v0x56247f7867d0_0, 0, 1;
    %pushi/vec4 0, 0, 1;
    %store/vec4 v0x56247f786b10_0, 0, 1;
    %pushi/vec4 0, 0, 1;
    %store/vec4 v0x56247f7868b0_0, 0, 1;
    %pushi/vec4 0, 0, 8;
    %store/vec4 v0x56247f7866f0_0, 0, 8;
    %pushi/vec4 0, 0, 8;
    %store/vec4 v0x56247f786610_0, 0, 8;
    %pushi/vec4 0, 0, 8;
    %store/vec4 v0x56247f786970_0, 0, 8;
    %end;
    .thread T_9;
    .scope S_0x56247f785350;
T_10 ;
    %wait E_0x56247f76b350;
    %load/vec4 v0x56247f785fa0_0;
    %store/vec4 v0x56247f785ee0_0, 0, 1;
    %load/vec4 v0x56247f786b10_0;
    %store/vec4 v0x56247f786a50_0, 0, 1;
    %pushi/vec4 0, 0, 1;
    %store/vec4 v0x56247f7861e0_0, 0, 1;
    %pushi/vec4 0, 0, 1;
    %store/vec4 v0x56247f7862a0_0, 0, 1;
    %pushi/vec4 0, 0, 1;
    %store/vec4 v0x56247f786470_0, 0, 1;
    %load/vec4 v0x56247f786120_0;
    %flag_set/vec4 8;
    %jmp/0xz  T_10.0, 8;
    %load/vec4 v0x56247f7870b0_0;
    %flag_set/vec4 8;
    %jmp/1 T_10.4, 8;
    %load/vec4 v0x56247f785fa0_0;
    %nor/r;
    %flag_set/vec4 9;
    %flag_or 8, 9;
T_10.4;
    %jmp/0xz  T_10.2, 8;
    %load/vec4 v0x56247f787a20_0;
    %store/vec4 v0x56247f785ee0_0, 0, 1;
    %pushi/vec4 1, 0, 1;
    %store/vec4 v0x56247f7861e0_0, 0, 1;
    %jmp T_10.3;
T_10.2 ;
    %load/vec4 v0x56247f787a20_0;
    %store/vec4 v0x56247f786a50_0, 0, 1;
    %pushi/vec4 1, 0, 1;
    %store/vec4 v0x56247f7862a0_0, 0, 1;
T_10.3 ;
    %jmp T_10.1;
T_10.0 ;
    %load/vec4 v0x56247f7870b0_0;
    %flag_set/vec4 8;
    %jmp/0xz  T_10.5, 8;
    %load/vec4 v0x56247f786b10_0;
    %store/vec4 v0x56247f785ee0_0, 0, 1;
    %pushi/vec4 0, 0, 1;
    %store/vec4 v0x56247f786a50_0, 0, 1;
    %pushi/vec4 1, 0, 1;
    %store/vec4 v0x56247f786470_0, 0, 1;
T_10.5 ;
T_10.1 ;
    %jmp T_10;
    .thread T_10, $push;
    .scope S_0x56247f785350;
T_11 ;
    %wait E_0x56247f68de90;
    %load/vec4 v0x56247f786060_0;
    %assign/vec4 v0x56247f786120_0, 0;
    %load/vec4 v0x56247f785ee0_0;
    %assign/vec4 v0x56247f785fa0_0, 0;
    %load/vec4 v0x56247f786a50_0;
    %assign/vec4 v0x56247f786b10_0, 0;
    %load/vec4 v0x56247f7861e0_0;
    %flag_set/vec4 8;
    %jmp/0xz  T_11.0, 8;
    %load/vec4 v0x56247f7873b0_0;
    %assign/vec4 v0x56247f7859c0_0, 0;
    %load/vec4 v0x56247f787610_0;
    %assign/vec4 v0x56247f785c60_0, 0;
    %load/vec4 v0x56247f7876f0_0;
    %assign/vec4 v0x56247f785d40_0, 0;
    %load/vec4 v0x56247f787550_0;
    %assign/vec4 v0x56247f785b80_0, 0;
    %load/vec4 v0x56247f787490_0;
    %assign/vec4 v0x56247f785aa0_0, 0;
    %load/vec4 v0x56247f787850_0;
    %assign/vec4 v0x56247f785e00_0, 0;
    %jmp T_11.1;
T_11.0 ;
    %load/vec4 v0x56247f786470_0;
    %flag_set/vec4 8;
    %jmp/0xz  T_11.2, 8;
    %load/vec4 v0x56247f786530_0;
    %assign/vec4 v0x56247f7859c0_0, 0;
    %load/vec4 v0x56247f7867d0_0;
    %assign/vec4 v0x56247f785c60_0, 0;
    %load/vec4 v0x56247f7868b0_0;
    %assign/vec4 v0x56247f785d40_0, 0;
    %load/vec4 v0x56247f7866f0_0;
    %assign/vec4 v0x56247f785b80_0, 0;
    %load/vec4 v0x56247f786610_0;
    %assign/vec4 v0x56247f785aa0_0, 0;
    %load/vec4 v0x56247f786970_0;
    %assign/vec4 v0x56247f785e00_0, 0;
T_11.2 ;
T_11.1 ;
    %load/vec4 v0x56247f7862a0_0;
    %flag_set/vec4 8;
    %jmp/0xz  T_11.4, 8;
    %load/vec4 v0x56247f7873b0_0;
    %assign/vec4 v0x56247f786530_0, 0;
    %load/vec4 v0x56247f787610_0;
    %assign/vec4 v0x56247f7867d0_0, 0;
    %load/vec4 v0x56247f7876f0_0;
    %assign/vec4 v0x56247f7868b0_0, 0;
    %load/vec4 v0x56247f787550_0;
    %assign/vec4 v0x56247f7866f0_0, 0;
    %load/vec4 v0x56247f787490_0;
    %assign/vec4 v0x56247f786610_0, 0;
    %load/vec4 v0x56247f787850_0;
    %assign/vec4 v0x56247f786970_0, 0;
T_11.4 ;
    %load/vec4 v0x56247f787310_0;
    %flag_set/vec4 8;
    %jmp/0xz  T_11.6, 8;
    %pushi/vec4 0, 0, 1;
    %assign/vec4 v0x56247f786120_0, 0;
    %pushi/vec4 0, 0, 1;
    %assign/vec4 v0x56247f785fa0_0, 0;
    %pushi/vec4 0, 0, 1;
    %assign/vec4 v0x56247f786b10_0, 0;
T_11.6 ;
    %jmp T_11;
    .thread T_11;
    .scope S_0x56247f789570;
T_12 ;
    %pushi/vec4 0, 0, 1;
    %store/vec4 v0x56247f78a340_0, 0, 1;
    %pushi/vec4 0, 0, 8;
    %store/vec4 v0x56247f789be0_0, 0, 8;
    %pushi/vec4 0, 0, 1;
    %store/vec4 v0x56247f789e80_0, 0, 1;
    %pushi/vec4 0, 0, 1;
    %store/vec4 v0x56247f78a1c0_0, 0, 1;
    %pushi/vec4 0, 0, 1;
    %store/vec4 v0x56247f789f60_0, 0, 1;
    %pushi/vec4 0, 0, 8;
    %store/vec4 v0x56247f789da0_0, 0, 8;
    %pushi/vec4 0, 0, 8;
    %store/vec4 v0x56247f789cc0_0, 0, 8;
    %pushi/vec4 0, 0, 8;
    %store/vec4 v0x56247f78a020_0, 0, 8;
    %pushi/vec4 0, 0, 8;
    %store/vec4 v0x56247f78a750_0, 0, 8;
    %pushi/vec4 0, 0, 1;
    %store/vec4 v0x56247f78a9f0_0, 0, 1;
    %pushi/vec4 0, 0, 1;
    %store/vec4 v0x56247f78ad30_0, 0, 1;
    %pushi/vec4 0, 0, 1;
    %store/vec4 v0x56247f78aad0_0, 0, 1;
    %pushi/vec4 0, 0, 8;
    %store/vec4 v0x56247f78a910_0, 0, 8;
    %pushi/vec4 0, 0, 8;
    %store/vec4 v0x56247f78a830_0, 0, 8;
    %pushi/vec4 0, 0, 8;
    %store/vec4 v0x56247f78ab90_0, 0, 8;
    %end;
    .thread T_12;
    .scope S_0x56247f789570;
T_13 ;
    %wait E_0x56247f76ae90;
    %load/vec4 v0x56247f78a1c0_0;
    %store/vec4 v0x56247f78a100_0, 0, 1;
    %load/vec4 v0x56247f78ad30_0;
    %store/vec4 v0x56247f78ac70_0, 0, 1;
    %pushi/vec4 0, 0, 1;
    %store/vec4 v0x56247f78a400_0, 0, 1;
    %pushi/vec4 0, 0, 1;
    %store/vec4 v0x56247f78a4c0_0, 0, 1;
    %pushi/vec4 0, 0, 1;
    %store/vec4 v0x56247f78a690_0, 0, 1;
    %load/vec4 v0x56247f78a340_0;
    %flag_set/vec4 8;
    %jmp/0xz  T_13.0, 8;
    %load/vec4 v0x56247f78b2d0_0;
    %flag_set/vec4 8;
    %jmp/1 T_13.4, 8;
    %load/vec4 v0x56247f78a1c0_0;
    %nor/r;
    %flag_set/vec4 9;
    %flag_or 8, 9;
T_13.4;
    %jmp/0xz  T_13.2, 8;
    %load/vec4 v0x56247f78bd60_0;
    %store/vec4 v0x56247f78a100_0, 0, 1;
    %pushi/vec4 1, 0, 1;
    %store/vec4 v0x56247f78a400_0, 0, 1;
    %jmp T_13.3;
T_13.2 ;
    %load/vec4 v0x56247f78bd60_0;
    %store/vec4 v0x56247f78ac70_0, 0, 1;
    %pushi/vec4 1, 0, 1;
    %store/vec4 v0x56247f78a4c0_0, 0, 1;
T_13.3 ;
    %jmp T_13.1;
T_13.0 ;
    %load/vec4 v0x56247f78b2d0_0;
    %flag_set/vec4 8;
    %jmp/0xz  T_13.5, 8;
    %load/vec4 v0x56247f78ad30_0;
    %store/vec4 v0x56247f78a100_0, 0, 1;
    %pushi/vec4 0, 0, 1;
    %store/vec4 v0x56247f78ac70_0, 0, 1;
    %pushi/vec4 1, 0, 1;
    %store/vec4 v0x56247f78a690_0, 0, 1;
T_13.5 ;
T_13.1 ;
    %jmp T_13;
    .thread T_13, $push;
    .scope S_0x56247f789570;
T_14 ;
    %wait E_0x56247f68de90;
    %load/vec4 v0x56247f78a280_0;
    %assign/vec4 v0x56247f78a340_0, 0;
    %load/vec4 v0x56247f78a100_0;
    %assign/vec4 v0x56247f78a1c0_0, 0;
    %load/vec4 v0x56247f78ac70_0;
    %assign/vec4 v0x56247f78ad30_0, 0;
    %load/vec4 v0x56247f78a400_0;
    %flag_set/vec4 8;
    %jmp/0xz  T_14.0, 8;
    %load/vec4 v0x56247f78b5d0_0;
    %assign/vec4 v0x56247f789be0_0, 0;
    %load/vec4 v0x56247f78b8c0_0;
    %assign/vec4 v0x56247f789e80_0, 0;
    %load/vec4 v0x56247f78b9a0_0;
    %assign/vec4 v0x56247f789f60_0, 0;
    %load/vec4 v0x56247f78b770_0;
    %assign/vec4 v0x56247f789da0_0, 0;
    %load/vec4 v0x56247f78b6b0_0;
    %assign/vec4 v0x56247f789cc0_0, 0;
    %load/vec4 v0x56247f78bb90_0;
    %assign/vec4 v0x56247f78a020_0, 0;
    %jmp T_14.1;
T_14.0 ;
    %load/vec4 v0x56247f78a690_0;
    %flag_set/vec4 8;
    %jmp/0xz  T_14.2, 8;
    %load/vec4 v0x56247f78a750_0;
    %assign/vec4 v0x56247f789be0_0, 0;
    %load/vec4 v0x56247f78a9f0_0;
    %assign/vec4 v0x56247f789e80_0, 0;
    %load/vec4 v0x56247f78aad0_0;
    %assign/vec4 v0x56247f789f60_0, 0;
    %load/vec4 v0x56247f78a910_0;
    %assign/vec4 v0x56247f789da0_0, 0;
    %load/vec4 v0x56247f78a830_0;
    %assign/vec4 v0x56247f789cc0_0, 0;
    %load/vec4 v0x56247f78ab90_0;
    %assign/vec4 v0x56247f78a020_0, 0;
T_14.2 ;
T_14.1 ;
    %load/vec4 v0x56247f78a4c0_0;
    %flag_set/vec4 8;
    %jmp/0xz  T_14.4, 8;
    %load/vec4 v0x56247f78b5d0_0;
    %assign/vec4 v0x56247f78a750_0, 0;
    %load/vec4 v0x56247f78b8c0_0;
    %assign/vec4 v0x56247f78a9f0_0, 0;
    %load/vec4 v0x56247f78b9a0_0;
    %assign/vec4 v0x56247f78aad0_0, 0;
    %load/vec4 v0x56247f78b770_0;
    %assign/vec4 v0x56247f78a910_0, 0;
    %load/vec4 v0x56247f78b6b0_0;
    %assign/vec4 v0x56247f78a830_0, 0;
    %load/vec4 v0x56247f78bb90_0;
    %assign/vec4 v0x56247f78ab90_0, 0;
T_14.4 ;
    %load/vec4 v0x56247f78b530_0;
    %flag_set/vec4 8;
    %jmp/0xz  T_14.6, 8;
    %pushi/vec4 0, 0, 1;
    %assign/vec4 v0x56247f78a340_0, 0;
    %pushi/vec4 0, 0, 1;
    %assign/vec4 v0x56247f78a1c0_0, 0;
    %pushi/vec4 0, 0, 1;
    %assign/vec4 v0x56247f78ad30_0, 0;
T_14.6 ;
    %jmp T_14;
    .thread T_14;
    .scope S_0x56247f78d790;
T_15 ;
    %pushi/vec4 0, 0, 1;
    %store/vec4 v0x56247f78e550_0, 0, 1;
    %pushi/vec4 0, 0, 8;
    %store/vec4 v0x56247f78ddf0_0, 0, 8;
    %pushi/vec4 0, 0, 1;
    %store/vec4 v0x56247f78e090_0, 0, 1;
    %pushi/vec4 0, 0, 1;
    %store/vec4 v0x56247f78e3d0_0, 0, 1;
    %pushi/vec4 0, 0, 1;
    %store/vec4 v0x56247f78e170_0, 0, 1;
    %pushi/vec4 0, 0, 8;
    %store/vec4 v0x56247f78dfb0_0, 0, 8;
    %pushi/vec4 0, 0, 8;
    %store/vec4 v0x56247f78ded0_0, 0, 8;
    %pushi/vec4 0, 0, 8;
    %store/vec4 v0x56247f78e230_0, 0, 8;
    %pushi/vec4 0, 0, 8;
    %store/vec4 v0x56247f78e960_0, 0, 8;
    %pushi/vec4 0, 0, 1;
    %store/vec4 v0x56247f78ec00_0, 0, 1;
    %pushi/vec4 0, 0, 1;
    %store/vec4 v0x56247f78ef40_0, 0, 1;
    %pushi/vec4 0, 0, 1;
    %store/vec4 v0x56247f78ece0_0, 0, 1;
    %pushi/vec4 0, 0, 8;
    %store/vec4 v0x56247f78eb20_0, 0, 8;
    %pushi/vec4 0, 0, 8;
    %store/vec4 v0x56247f78ea40_0, 0, 8;
    %pushi/vec4 0, 0, 8;
    %store/vec4 v0x56247f78eda0_0, 0, 8;
    %end;
    .thread T_15;
    .scope S_0x56247f78d790;
T_16 ;
    %wait E_0x56247f78d920;
    %load/vec4 v0x56247f78e3d0_0;
    %store/vec4 v0x56247f78e310_0, 0, 1;
    %load/vec4 v0x56247f78ef40_0;
    %store/vec4 v0x56247f78ee80_0, 0, 1;
    %pushi/vec4 0, 0, 1;
    %store/vec4 v0x56247f78e610_0, 0, 1;
    %pushi/vec4 0, 0, 1;
    %store/vec4 v0x56247f78e6d0_0, 0, 1;
    %pushi/vec4 0, 0, 1;
    %store/vec4 v0x56247f78e8a0_0, 0, 1;
    %load/vec4 v0x56247f78e550_0;
    %flag_set/vec4 8;
    %jmp/0xz  T_16.0, 8;
    %load/vec4 v0x56247f78f4e0_0;
    %flag_set/vec4 8;
    %jmp/1 T_16.4, 8;
    %load/vec4 v0x56247f78e3d0_0;
    %nor/r;
    %flag_set/vec4 9;
    %flag_or 8, 9;
T_16.4;
    %jmp/0xz  T_16.2, 8;
    %load/vec4 v0x56247f78fe50_0;
    %store/vec4 v0x56247f78e310_0, 0, 1;
    %pushi/vec4 1, 0, 1;
    %store/vec4 v0x56247f78e610_0, 0, 1;
    %jmp T_16.3;
T_16.2 ;
    %load/vec4 v0x56247f78fe50_0;
    %store/vec4 v0x56247f78ee80_0, 0, 1;
    %pushi/vec4 1, 0, 1;
    %store/vec4 v0x56247f78e6d0_0, 0, 1;
T_16.3 ;
    %jmp T_16.1;
T_16.0 ;
    %load/vec4 v0x56247f78f4e0_0;
    %flag_set/vec4 8;
    %jmp/0xz  T_16.5, 8;
    %load/vec4 v0x56247f78ef40_0;
    %store/vec4 v0x56247f78e310_0, 0, 1;
    %pushi/vec4 0, 0, 1;
    %store/vec4 v0x56247f78ee80_0, 0, 1;
    %pushi/vec4 1, 0, 1;
    %store/vec4 v0x56247f78e8a0_0, 0, 1;
T_16.5 ;
T_16.1 ;
    %jmp T_16;
    .thread T_16, $push;
    .scope S_0x56247f78d790;
T_17 ;
    %wait E_0x56247f68de90;
    %load/vec4 v0x56247f78e490_0;
    %assign/vec4 v0x56247f78e550_0, 0;
    %load/vec4 v0x56247f78e310_0;
    %assign/vec4 v0x56247f78e3d0_0, 0;
    %load/vec4 v0x56247f78ee80_0;
    %assign/vec4 v0x56247f78ef40_0, 0;
    %load/vec4 v0x56247f78e610_0;
    %flag_set/vec4 8;
    %jmp/0xz  T_17.0, 8;
    %load/vec4 v0x56247f78f7e0_0;
    %assign/vec4 v0x56247f78ddf0_0, 0;
    %load/vec4 v0x56247f78fa40_0;
    %assign/vec4 v0x56247f78e090_0, 0;
    %load/vec4 v0x56247f78fb20_0;
    %assign/vec4 v0x56247f78e170_0, 0;
    %load/vec4 v0x56247f78f980_0;
    %assign/vec4 v0x56247f78dfb0_0, 0;
    %load/vec4 v0x56247f78f8c0_0;
    %assign/vec4 v0x56247f78ded0_0, 0;
    %load/vec4 v0x56247f78fc80_0;
    %assign/vec4 v0x56247f78e230_0, 0;
    %jmp T_17.1;
T_17.0 ;
    %load/vec4 v0x56247f78e8a0_0;
    %flag_set/vec4 8;
    %jmp/0xz  T_17.2, 8;
    %load/vec4 v0x56247f78e960_0;
    %assign/vec4 v0x56247f78ddf0_0, 0;
    %load/vec4 v0x56247f78ec00_0;
    %assign/vec4 v0x56247f78e090_0, 0;
    %load/vec4 v0x56247f78ece0_0;
    %assign/vec4 v0x56247f78e170_0, 0;
    %load/vec4 v0x56247f78eb20_0;
    %assign/vec4 v0x56247f78dfb0_0, 0;
    %load/vec4 v0x56247f78ea40_0;
    %assign/vec4 v0x56247f78ded0_0, 0;
    %load/vec4 v0x56247f78eda0_0;
    %assign/vec4 v0x56247f78e230_0, 0;
T_17.2 ;
T_17.1 ;
    %load/vec4 v0x56247f78e6d0_0;
    %flag_set/vec4 8;
    %jmp/0xz  T_17.4, 8;
    %load/vec4 v0x56247f78f7e0_0;
    %assign/vec4 v0x56247f78e960_0, 0;
    %load/vec4 v0x56247f78fa40_0;
    %assign/vec4 v0x56247f78ec00_0, 0;
    %load/vec4 v0x56247f78fb20_0;
    %assign/vec4 v0x56247f78ece0_0, 0;
    %load/vec4 v0x56247f78f980_0;
    %assign/vec4 v0x56247f78eb20_0, 0;
    %load/vec4 v0x56247f78f8c0_0;
    %assign/vec4 v0x56247f78ea40_0, 0;
    %load/vec4 v0x56247f78fc80_0;
    %assign/vec4 v0x56247f78eda0_0, 0;
T_17.4 ;
    %load/vec4 v0x56247f78f740_0;
    %flag_set/vec4 8;
    %jmp/0xz  T_17.6, 8;
    %pushi/vec4 0, 0, 1;
    %assign/vec4 v0x56247f78e550_0, 0;
    %pushi/vec4 0, 0, 1;
    %assign/vec4 v0x56247f78e3d0_0, 0;
    %pushi/vec4 0, 0, 1;
    %assign/vec4 v0x56247f78ef40_0, 0;
T_17.6 ;
    %jmp T_17;
    .thread T_17;
    .scope S_0x56247f791330;
T_18 ;
    %pushi/vec4 0, 0, 1;
    %store/vec4 v0x56247f792140_0, 0, 1;
    %pushi/vec4 0, 0, 48;
    %store/vec4 v0x56247f7919e0_0, 0, 48;
    %pushi/vec4 0, 0, 6;
    %store/vec4 v0x56247f791c80_0, 0, 6;
    %pushi/vec4 0, 0, 1;
    %store/vec4 v0x56247f791fc0_0, 0, 1;
    %pushi/vec4 0, 0, 1;
    %store/vec4 v0x56247f791d60_0, 0, 1;
    %pushi/vec4 0, 0, 8;
    %store/vec4 v0x56247f791ba0_0, 0, 8;
    %pushi/vec4 0, 0, 8;
    %store/vec4 v0x56247f791ac0_0, 0, 8;
    %pushi/vec4 0, 0, 8;
    %store/vec4 v0x56247f791e20_0, 0, 8;
    %pushi/vec4 0, 0, 48;
    %store/vec4 v0x56247f792440_0, 0, 48;
    %pushi/vec4 0, 0, 6;
    %store/vec4 v0x56247f7926e0_0, 0, 6;
    %pushi/vec4 0, 0, 1;
    %store/vec4 v0x56247f792a20_0, 0, 1;
    %pushi/vec4 0, 0, 1;
    %store/vec4 v0x56247f7927c0_0, 0, 1;
    %pushi/vec4 0, 0, 8;
    %store/vec4 v0x56247f792600_0, 0, 8;
    %pushi/vec4 0, 0, 8;
    %store/vec4 v0x56247f792520_0, 0, 8;
    %pushi/vec4 0, 0, 8;
    %store/vec4 v0x56247f792880_0, 0, 8;
    %end;
    .thread T_18;
    .scope S_0x56247f791330;
T_19 ;
    %wait E_0x56247f791510;
    %load/vec4 v0x56247f791fc0_0;
    %store/vec4 v0x56247f791f00_0, 0, 1;
    %load/vec4 v0x56247f792a20_0;
    %store/vec4 v0x56247f792960_0, 0, 1;
    %pushi/vec4 0, 0, 1;
    %store/vec4 v0x56247f792200_0, 0, 1;
    %pushi/vec4 0, 0, 1;
    %store/vec4 v0x56247f7922c0_0, 0, 1;
    %pushi/vec4 0, 0, 1;
    %store/vec4 v0x56247f792380_0, 0, 1;
    %load/vec4 v0x56247f792140_0;
    %flag_set/vec4 8;
    %jmp/0xz  T_19.0, 8;
    %load/vec4 v0x56247f792f60_0;
    %flag_set/vec4 8;
    %jmp/1 T_19.4, 8;
    %load/vec4 v0x56247f791fc0_0;
    %nor/r;
    %flag_set/vec4 9;
    %flag_or 8, 9;
T_19.4;
    %jmp/0xz  T_19.2, 8;
    %load/vec4 v0x56247f793930_0;
    %store/vec4 v0x56247f791f00_0, 0, 1;
    %pushi/vec4 1, 0, 1;
    %store/vec4 v0x56247f792200_0, 0, 1;
    %jmp T_19.3;
T_19.2 ;
    %load/vec4 v0x56247f793930_0;
    %store/vec4 v0x56247f792960_0, 0, 1;
    %pushi/vec4 1, 0, 1;
    %store/vec4 v0x56247f7922c0_0, 0, 1;
T_19.3 ;
    %jmp T_19.1;
T_19.0 ;
    %load/vec4 v0x56247f792f60_0;
    %flag_set/vec4 8;
    %jmp/0xz  T_19.5, 8;
    %load/vec4 v0x56247f792a20_0;
    %store/vec4 v0x56247f791f00_0, 0, 1;
    %pushi/vec4 0, 0, 1;
    %store/vec4 v0x56247f792960_0, 0, 1;
    %pushi/vec4 1, 0, 1;
    %store/vec4 v0x56247f792380_0, 0, 1;
T_19.5 ;
T_19.1 ;
    %jmp T_19;
    .thread T_19, $push;
    .scope S_0x56247f791330;
T_20 ;
    %wait E_0x56247f68de90;
    %load/vec4 v0x56247f792080_0;
    %assign/vec4 v0x56247f792140_0, 0;
    %load/vec4 v0x56247f791f00_0;
    %assign/vec4 v0x56247f791fc0_0, 0;
    %load/vec4 v0x56247f792960_0;
    %assign/vec4 v0x56247f792a20_0, 0;
    %load/vec4 v0x56247f792200_0;
    %flag_set/vec4 8;
    %jmp/0xz  T_20.0, 8;
    %load/vec4 v0x56247f793240_0;
    %assign/vec4 v0x56247f7919e0_0, 0;
    %load/vec4 v0x56247f7934e0_0;
    %assign/vec4 v0x56247f791c80_0, 0;
    %load/vec4 v0x56247f7935c0_0;
    %assign/vec4 v0x56247f791d60_0, 0;
    %load/vec4 v0x56247f793400_0;
    %assign/vec4 v0x56247f791ba0_0, 0;
    %load/vec4 v0x56247f793320_0;
    %assign/vec4 v0x56247f791ac0_0, 0;
    %load/vec4 v0x56247f793740_0;
    %assign/vec4 v0x56247f791e20_0, 0;
    %jmp T_20.1;
T_20.0 ;
    %load/vec4 v0x56247f792380_0;
    %flag_set/vec4 8;
    %jmp/0xz  T_20.2, 8;
    %load/vec4 v0x56247f792440_0;
    %assign/vec4 v0x56247f7919e0_0, 0;
    %load/vec4 v0x56247f7926e0_0;
    %assign/vec4 v0x56247f791c80_0, 0;
    %load/vec4 v0x56247f7927c0_0;
    %assign/vec4 v0x56247f791d60_0, 0;
    %load/vec4 v0x56247f792600_0;
    %assign/vec4 v0x56247f791ba0_0, 0;
    %load/vec4 v0x56247f792520_0;
    %assign/vec4 v0x56247f791ac0_0, 0;
    %load/vec4 v0x56247f792880_0;
    %assign/vec4 v0x56247f791e20_0, 0;
T_20.2 ;
T_20.1 ;
    %load/vec4 v0x56247f7922c0_0;
    %flag_set/vec4 8;
    %jmp/0xz  T_20.4, 8;
    %load/vec4 v0x56247f793240_0;
    %assign/vec4 v0x56247f792440_0, 0;
    %load/vec4 v0x56247f7934e0_0;
    %assign/vec4 v0x56247f7926e0_0, 0;
    %load/vec4 v0x56247f7935c0_0;
    %assign/vec4 v0x56247f7927c0_0, 0;
    %load/vec4 v0x56247f793400_0;
    %assign/vec4 v0x56247f792600_0, 0;
    %load/vec4 v0x56247f793320_0;
    %assign/vec4 v0x56247f792520_0, 0;
    %load/vec4 v0x56247f793740_0;
    %assign/vec4 v0x56247f792880_0, 0;
T_20.4 ;
    %load/vec4 v0x56247f7931a0_0;
    %flag_set/vec4 8;
    %jmp/0xz  T_20.6, 8;
    %pushi/vec4 0, 0, 1;
    %assign/vec4 v0x56247f792140_0, 0;
    %pushi/vec4 0, 0, 1;
    %assign/vec4 v0x56247f791fc0_0, 0;
    %pushi/vec4 0, 0, 1;
    %assign/vec4 v0x56247f792a20_0, 0;
T_20.6 ;
    %jmp T_20;
    .thread T_20;
    .scope S_0x56247f764c30;
T_21 ;
    %wait E_0x56247f68de90;
    %load/vec4 v0x56247f795b60_0;
    %cmpi/e 1, 0, 1;
    %jmp/0xz  T_21.0, 4;
    %pushi/vec4 0, 0, 6;
    %assign/vec4 v0x56247f7950f0_0, 0;
    %jmp T_21.1;
T_21.0 ;
    %load/vec4 v0x56247f795050_0;
    %assign/vec4 v0x56247f7950f0_0, 0;
T_21.1 ;
    %jmp T_21;
    .thread T_21;
    .scope S_0x56247f71a520;
T_22 ;
    %vpi_call 2 86 "$dumpfile", "../vcd/tb_DataSplitter.vcd" {0 0 0};
    %vpi_call 2 87 "$dumpvars", 32'sb00000000000000000000000000000000, S_0x56247f764c30 {0 0 0};
    %end;
    .thread T_22;
    .scope S_0x56247f71a520;
T_23 ;
    %pushi/vec4 0, 0, 1;
    %store/vec4 v0x56247f796640_0, 0, 1;
T_23.0 ;
    %delay 1000, 0;
    %load/vec4 v0x56247f796640_0;
    %nor/r;
    %store/vec4 v0x56247f796640_0, 0, 1;
    %jmp T_23.0;
    %end;
    .thread T_23;
    .scope S_0x56247f71a520;
T_24 ;
    %pushi/vec4 0, 0, 1;
    %store/vec4 v0x56247f796ee0_0, 0, 1;
    %pushi/vec4 0, 0, 1;
    %store/vec4 v0x56247f796e40_0, 0, 1;
    %pushi/vec4 0, 0, 48;
    %store/vec4 v0x56247f797090_0, 0, 48;
    %pushi/vec4 0, 0, 6;
    %store/vec4 v0x56247f797480_0, 0, 6;
    %pushi/vec4 0, 0, 1;
    %store/vec4 v0x56247f797880_0, 0, 1;
    %pushi/vec4 0, 0, 6;
    %store/vec4 v0x56247f796bd0_0, 0, 6;
    %pushi/vec4 0, 0, 1;
    %store/vec4 v0x56247f797590_0, 0, 1;
    %pushi/vec4 0, 0, 8;
    %store/vec4 v0x56247f797260_0, 0, 8;
    %pushi/vec4 0, 0, 8;
    %store/vec4 v0x56247f797150_0, 0, 8;
    %pushi/vec4 0, 0, 8;
    %store/vec4 v0x56247f797770_0, 0, 8;
    %delay 10000, 0;
    %pushi/vec4 1, 0, 1;
    %store/vec4 v0x56247f796ee0_0, 0, 1;
    %delay 10000, 0;
    %pushi/vec4 0, 0, 1;
    %store/vec4 v0x56247f796ee0_0, 0, 1;
    %delay 10000, 0;
    %pushi/vec4 1, 0, 1;
    %store/vec4 v0x56247f796e40_0, 0, 1;
    %wait E_0x56247f68de90;
    %delay 1000, 0;
    %pushi/vec4 1, 0, 1;
    %store/vec4 v0x56247f797880_0, 0, 1;
    %pushi/vec4 63, 0, 6;
    %store/vec4 v0x56247f797480_0, 0, 6;
    %pushi/vec4 2864434397, 0, 32;
    %concati/vec4 61183, 0, 16;
    %store/vec4 v0x56247f797090_0, 0, 48;
    %pushi/vec4 63, 0, 6;
    %store/vec4 v0x56247f796bd0_0, 0, 6;
    %delay 500000, 0;
    %vpi_call 2 123 "$finish" {0 0 0};
    %end;
    .thread T_24;
    .scope S_0x56247f71a520;
T_25 ;
    %wait E_0x56247f68de90;
    %load/vec4 v0x56247f796e40_0;
    %flag_set/vec4 8;
    %jmp/0xz  T_25.0, 8;
    %load/vec4 v0x56247f797680_0;
    %flag_set/vec4 9;
    %flag_get/vec4 9;
    %jmp/0 T_25.4, 9;
    %load/vec4 v0x56247f797880_0;
    %and;
T_25.4;
    %flag_set/vec4 8;
    %jmp/0xz  T_25.2, 8;
    %load/vec4 v0x56247f796710_0;
    %addi 1, 0, 32;
    %assign/vec4 v0x56247f796710_0, 0;
    %load/vec4 v0x56247f797090_0;
    %parti/s 9, 0, 2;
    %load/vec4 v0x56247f797090_0;
    %concat/vec4; draw_concat_vec4
    %pad/u 56;
    %split/vec4 8;
    %assign/vec4 v0x56247f751f30_0, 0;
    %assign/vec4 v0x56247f797090_0, 0;
    %pushi/vec4 1, 0, 1;
    %load/vec4 v0x56247f797480_0;
    %concat/vec4; draw_concat_vec4
    %ix/load 4, 1, 0;
    %flag_set/imm 4, 0;
    %shiftr 4;
    %pad/u 6;
    %assign/vec4 v0x56247f797480_0, 0;
    %load/vec4 v0x56247f796bd0_0;
    %concati/vec4 1, 0, 1;
    %split/vec4 6;
    %assign/vec4 v0x56247f796bd0_0, 0;
    %assign/vec4 v0x56247f796560_0, 0;
    %load/vec4 v0x56247f797590_0;
    %inv;
    %assign/vec4 v0x56247f797590_0, 0;
T_25.2 ;
    %load/vec4 v0x56247f796710_0;
    %cmpi/e 6, 0, 32;
    %jmp/0xz  T_25.5, 4;
    %pushi/vec4 0, 0, 1;
    %ix/load 4, 5, 0;
    %ix/load 5, 0, 0;
    %flag_set/imm 4, 0;
    %assign/vec4/off/d v0x56247f797480_0, 4, 5;
T_25.5 ;
    %load/vec4 v0x56247f796710_0;
    %cmpi/e 18, 0, 32;
    %jmp/0xz  T_25.7, 4;
    %pushi/vec4 0, 0, 1;
    %ix/load 4, 0, 0;
    %ix/load 5, 0, 0;
    %flag_set/imm 4, 0;
    %assign/vec4/off/d v0x56247f796bd0_0, 4, 5;
T_25.7 ;
    %load/vec4 v0x56247f796710_0;
    %cmpi/e 42, 0, 32;
    %jmp/0xz  T_25.9, 4;
    %pushi/vec4 0, 0, 1;
    %ix/load 4, 5, 0;
    %ix/load 5, 0, 0;
    %flag_set/imm 4, 0;
    %assign/vec4/off/d v0x56247f797480_0, 4, 5;
    %pushi/vec4 0, 0, 1;
    %ix/load 4, 0, 0;
    %ix/load 5, 0, 0;
    %flag_set/imm 4, 0;
    %assign/vec4/off/d v0x56247f796bd0_0, 4, 5;
T_25.9 ;
    %load/vec4 v0x56247f796710_0;
    %cmpi/e 54, 0, 32;
    %jmp/0xz  T_25.11, 4;
    %vpi_call 2 150 "$finish" {0 0 0};
T_25.11 ;
    %jmp T_25.1;
T_25.0 ;
    %pushi/vec4 0, 0, 32;
    %assign/vec4 v0x56247f796710_0, 0;
T_25.1 ;
    %jmp T_25;
    .thread T_25;
# The file index is used to find the file name in the following table.
:file_names 5;
    "N/A";
    "<interactive>";
    "../tb/tb_DataSplitter.v";
    "../rtl/DataSplitter.v";
    "../../lib/verilog-axis/rtl/axis_register.v";
