#! /usr/bin/vvp
:ivl_version "12.0 (stable)";
:ivl_delay_selection "TYPICAL";
:vpi_time_precision - 12;
:vpi_module "/usr/lib/x86_64-linux-gnu/ivl/system.vpi";
:vpi_module "/usr/lib/x86_64-linux-gnu/ivl/vhdl_sys.vpi";
:vpi_module "/usr/lib/x86_64-linux-gnu/ivl/vhdl_textio.vpi";
:vpi_module "/usr/lib/x86_64-linux-gnu/ivl/v2005_math.vpi";
:vpi_module "/usr/lib/x86_64-linux-gnu/ivl/va_math.vpi";
S_0x559f52abf180 .scope module, "tb_LinearProcessingElement_1_1_0_0" "tb_LinearProcessingElement_1_1_0_0" 2 6;
 .timescale -9 -12;
P_0x559f529bbc20 .param/l "DATA_WIDTH_OP0" 1 2 15, +C4<00000000000000000000000000010000>;
P_0x559f529bbc60 .param/l "DATA_WIDTH_OP1" 1 2 18, +C4<00000000000000000000000000010000>;
P_0x559f529bbca0 .param/l "DATA_WIDTH_PSUM" 1 2 21, +C4<000000000000000000000000000100000>;
P_0x559f529bbce0 .param/l "FRACTIONAL_BITS_OP0" 1 2 16, +C4<00000000000000000000000000001101>;
P_0x559f529bbd20 .param/l "FRACTIONAL_BITS_OP1" 1 2 19, +C4<00000000000000000000000000001111>;
P_0x559f529bbd60 .param/l "IS_UNSIGNED_OP0" 1 2 17, +C4<00000000000000000000000000000000>;
P_0x559f529bbda0 .param/l "IS_UNSIGNED_OP1" 1 2 20, +C4<00000000000000000000000000000000>;
P_0x559f529bbde0 .param/l "PE_NUMBER_I" 1 2 11, +C4<00000000000000000000000000000001>;
P_0x559f529bbe20 .param/l "PE_NUMBER_J" 1 2 12, +C4<00000000000000000000000000000001>;
P_0x559f529bbe60 .param/l "PE_POSITION_I" 1 2 13, +C4<00000000000000000000000000000000>;
P_0x559f529bbea0 .param/l "PE_POSITION_J" 1 2 14, +C4<00000000000000000000000000000000>;
v0x559f52af2120_0 .var/i "_tmp_0", 31 0;
v0x559f52af2220_0 .var/i "_tmp_1", 31 0;
v0x559f52af2300_0 .var "_tmp_2", 0 0;
v0x559f52af23c0_0 .var "clk", 0 0;
v0x559f52af2570_0 .var/i "count2_op0", 31 0;
v0x559f52af26a0_0 .var/i "count2_op1", 31 0;
v0x559f52af2780_0 .var/i "count_op0", 31 0;
v0x559f52af2860_0 .var/i "count_op1", 31 0;
v0x559f52af2940_0 .var/i "count_res", 31 0;
v0x559f52af2a20_0 .net "err_unalligned_data", 0 0, L_0x559f52b07280;  1 drivers
v0x559f52af2ac0_0 .net "m_axis_b_tdata", 15 0, L_0x559f52b09350;  1 drivers
v0x559f52af2b80_0 .net "m_axis_b_tlast", 0 0, L_0x559f52b09550;  1 drivers
v0x559f52af2c20_0 .var "m_axis_b_tready", 0 0;
v0x559f52af2cc0_0 .net "m_axis_b_tvalid", 0 0, L_0x559f52b09450;  1 drivers
v0x559f52af2d60_0 .net "m_axis_d_tdata", 31 0, L_0x559f52b07380;  1 drivers
v0x559f52af2e20_0 .net "m_axis_d_tlast", 0 0, L_0x559f52b07580;  1 drivers
v0x559f52af2ec0_0 .var "m_axis_d_tready", 0 0;
v0x559f52af3070_0 .net "m_axis_d_tvalid", 0 0, L_0x559f52b07480;  1 drivers
v0x559f52af3110_0 .net "m_axis_r_tdata", 15 0, L_0x559f52b08050;  1 drivers
v0x559f52af31d0_0 .net "m_axis_r_tlast", 0 0, L_0x559f52b08250;  1 drivers
v0x559f52af3270_0 .var "m_axis_r_tready", 0 0;
v0x559f52af3310_0 .net "m_axis_r_tvalid", 0 0, L_0x559f52b08150;  1 drivers
v0x559f52af33b0_0 .var "reset_done", 0 0;
v0x559f52af3470_0 .var "rst", 0 0;
v0x559f52af3620_0 .var "s_axis_l_tdata", 15 0;
v0x559f52af36e0_0 .var "s_axis_l_tlast", 0 0;
v0x559f52af3780_0 .net "s_axis_l_tready", 0 0, L_0x559f52b07780;  1 drivers
v0x559f52af3820_0 .var "s_axis_l_tvalid", 0 0;
v0x559f52af3910_0 .var "s_axis_t_tdata", 15 0;
v0x559f52af39d0_0 .var "s_axis_t_tlast", 0 0;
v0x559f52af3a70_0 .net "s_axis_t_tready", 0 0, L_0x559f52b087b0;  1 drivers
v0x559f52af3b60_0 .var "s_axis_t_tvalid", 0 0;
v0x559f52af3c50_0 .var "s_axis_u_tdata", 31 0;
v0x559f52af3d60_0 .var "s_axis_u_tlast", 0 0;
L_0x7f0e21d85018 .functor BUFT 1, C4<0>, C4<0>, C4<0>, C4<0>;
v0x559f52af3e50_0 .net "s_axis_u_tready", 0 0, L_0x7f0e21d85018;  1 drivers
v0x559f52af3f40_0 .var "s_axis_u_tvalid", 0 0;
v0x559f52af4030_0 .var/i "timer_op0", 31 0;
v0x559f52af4110_0 .var/i "timer_op1", 31 0;
S_0x559f52a8b0a0 .scope module, "uut" "LinearProcessingElementWrapper" 2 65, 3 21 0, S_0x559f52abf180;
 .timescale -9 -12;
    .port_info 0 /INPUT 1 "clk";
    .port_info 1 /INPUT 1 "rst";
    .port_info 2 /INPUT 16 "s_axis_l_tdata";
    .port_info 3 /INPUT 1 "s_axis_l_tvalid";
    .port_info 4 /OUTPUT 1 "s_axis_l_tready";
    .port_info 5 /INPUT 1 "s_axis_l_tlast";
    .port_info 6 /OUTPUT 16 "m_axis_r_tdata";
    .port_info 7 /OUTPUT 1 "m_axis_r_tvalid";
    .port_info 8 /INPUT 1 "m_axis_r_tready";
    .port_info 9 /OUTPUT 1 "m_axis_r_tlast";
    .port_info 10 /INPUT 16 "s_axis_t_tdata";
    .port_info 11 /INPUT 1 "s_axis_t_tvalid";
    .port_info 12 /OUTPUT 1 "s_axis_t_tready";
    .port_info 13 /INPUT 1 "s_axis_t_tlast";
    .port_info 14 /OUTPUT 16 "m_axis_b_tdata";
    .port_info 15 /OUTPUT 1 "m_axis_b_tvalid";
    .port_info 16 /INPUT 1 "m_axis_b_tready";
    .port_info 17 /OUTPUT 1 "m_axis_b_tlast";
    .port_info 18 /INPUT 32 "s_axis_u_tdata";
    .port_info 19 /INPUT 1 "s_axis_u_tvalid";
    .port_info 20 /OUTPUT 1 "s_axis_u_tready";
    .port_info 21 /INPUT 1 "s_axis_u_tlast";
    .port_info 22 /OUTPUT 32 "m_axis_d_tdata";
    .port_info 23 /OUTPUT 1 "m_axis_d_tvalid";
    .port_info 24 /INPUT 1 "m_axis_d_tready";
    .port_info 25 /OUTPUT 1 "m_axis_d_tlast";
    .port_info 26 /OUTPUT 1 "err_unalligned_data";
P_0x559f529b2040 .param/l "DATA_WIDTH_OP0" 0 3 31, +C4<00000000000000000000000000010000>;
P_0x559f529b2080 .param/l "DATA_WIDTH_OP1" 0 3 37, +C4<00000000000000000000000000010000>;
P_0x559f529b20c0 .param/l "DATA_WIDTH_PSUM" 0 3 43, +C4<000000000000000000000000000100000>;
P_0x559f529b2100 .param/l "FRACTIONAL_BITS_OP0" 0 3 33, +C4<00000000000000000000000000001101>;
P_0x559f529b2140 .param/l "FRACTIONAL_BITS_OP1" 0 3 39, +C4<00000000000000000000000000001111>;
P_0x559f529b2180 .param/l "IS_UNSIGNED_OP0" 0 3 35, +C4<00000000000000000000000000000000>;
P_0x559f529b21c0 .param/l "IS_UNSIGNED_OP1" 0 3 41, +C4<00000000000000000000000000000000>;
P_0x559f529b2200 .param/l "PE_NUMBER_I" 0 3 23, +C4<00000000000000000000000000000001>;
P_0x559f529b2240 .param/l "PE_NUMBER_J" 0 3 25, +C4<00000000000000000000000000000001>;
P_0x559f529b2280 .param/l "PE_POSITION_I" 0 3 27, +C4<00000000000000000000000000000000>;
P_0x559f529b22c0 .param/l "PE_POSITION_J" 0 3 29, +C4<00000000000000000000000000000000>;
v0x559f52af07d0_0 .net "clk", 0 0, v0x559f52af23c0_0;  1 drivers
v0x559f52af0890_0 .net "err_unalligned_data", 0 0, L_0x559f52b07280;  alias, 1 drivers
v0x559f52af09a0_0 .net "m_axis_b_tdata", 15 0, L_0x559f52b09350;  alias, 1 drivers
v0x559f52af0a90_0 .net "m_axis_b_tlast", 0 0, L_0x559f52b09550;  alias, 1 drivers
v0x559f52af0b80_0 .net "m_axis_b_tready", 0 0, v0x559f52af2c20_0;  1 drivers
v0x559f52af0cc0_0 .net "m_axis_b_tvalid", 0 0, L_0x559f52b09450;  alias, 1 drivers
v0x559f52af0db0_0 .net "m_axis_d_tdata", 31 0, L_0x559f52b07380;  alias, 1 drivers
v0x559f52af0ea0_0 .net "m_axis_d_tlast", 0 0, L_0x559f52b07580;  alias, 1 drivers
v0x559f52af0f90_0 .net "m_axis_d_tready", 0 0, v0x559f52af2ec0_0;  1 drivers
v0x559f52af1030_0 .net "m_axis_d_tvalid", 0 0, L_0x559f52b07480;  alias, 1 drivers
v0x559f52af1120_0 .net "m_axis_r_tdata", 15 0, L_0x559f52b08050;  alias, 1 drivers
v0x559f52af1230_0 .net "m_axis_r_tlast", 0 0, L_0x559f52b08250;  alias, 1 drivers
v0x559f52af1320_0 .net "m_axis_r_tready", 0 0, v0x559f52af3270_0;  1 drivers
v0x559f52af1410_0 .net "m_axis_r_tvalid", 0 0, L_0x559f52b08150;  alias, 1 drivers
v0x559f52af1500_0 .net "rst", 0 0, v0x559f52af3470_0;  1 drivers
v0x559f52af15a0_0 .net "s_axis_l_tdata", 15 0, v0x559f52af3620_0;  1 drivers
v0x559f52af16b0_0 .net "s_axis_l_tlast", 0 0, v0x559f52af36e0_0;  1 drivers
v0x559f52af17a0_0 .net "s_axis_l_tready", 0 0, L_0x559f52b07780;  alias, 1 drivers
v0x559f52af1840_0 .net "s_axis_l_tvalid", 0 0, v0x559f52af3820_0;  1 drivers
v0x559f52af18e0_0 .net "s_axis_t_tdata", 15 0, v0x559f52af3910_0;  1 drivers
v0x559f52af19d0_0 .net "s_axis_t_tlast", 0 0, v0x559f52af39d0_0;  1 drivers
v0x559f52af1ac0_0 .net "s_axis_t_tready", 0 0, L_0x559f52b087b0;  alias, 1 drivers
v0x559f52af1b60_0 .net "s_axis_t_tvalid", 0 0, v0x559f52af3b60_0;  1 drivers
v0x559f52af1c00_0 .net "s_axis_u_tdata", 31 0, v0x559f52af3c50_0;  1 drivers
v0x559f52af1ca0_0 .net "s_axis_u_tlast", 0 0, v0x559f52af3d60_0;  1 drivers
v0x559f52af1d40_0 .net "s_axis_u_tready", 0 0, L_0x7f0e21d85018;  alias, 1 drivers
v0x559f52af1de0_0 .net "s_axis_u_tvalid", 0 0, v0x559f52af3f40_0;  1 drivers
S_0x559f52a936d0 .scope module, "LinearProcessingElement_inst" "LinearProcessingElement" 3 124, 4 21 0, S_0x559f52a8b0a0;
 .timescale -9 -12;
    .port_info 0 /INPUT 1 "clk";
    .port_info 1 /INPUT 1 "rst";
    .port_info 2 /INPUT 16 "s_axis_l_tdata";
    .port_info 3 /INPUT 1 "s_axis_l_tvalid";
    .port_info 4 /OUTPUT 1 "s_axis_l_tready";
    .port_info 5 /INPUT 1 "s_axis_l_tlast";
    .port_info 6 /OUTPUT 16 "m_axis_r_tdata";
    .port_info 7 /OUTPUT 1 "m_axis_r_tvalid";
    .port_info 8 /INPUT 1 "m_axis_r_tready";
    .port_info 9 /OUTPUT 1 "m_axis_r_tlast";
    .port_info 10 /INPUT 16 "s_axis_t_tdata";
    .port_info 11 /INPUT 1 "s_axis_t_tvalid";
    .port_info 12 /OUTPUT 1 "s_axis_t_tready";
    .port_info 13 /INPUT 1 "s_axis_t_tlast";
    .port_info 14 /OUTPUT 16 "m_axis_b_tdata";
    .port_info 15 /OUTPUT 1 "m_axis_b_tvalid";
    .port_info 16 /INPUT 1 "m_axis_b_tready";
    .port_info 17 /OUTPUT 1 "m_axis_b_tlast";
    .port_info 18 /INPUT 32 "s_axis_u_tdata";
    .port_info 19 /INPUT 1 "s_axis_u_tvalid";
    .port_info 20 /OUTPUT 1 "s_axis_u_tready";
    .port_info 21 /INPUT 1 "s_axis_u_tlast";
    .port_info 22 /OUTPUT 32 "m_axis_d_tdata";
    .port_info 23 /OUTPUT 1 "m_axis_d_tvalid";
    .port_info 24 /INPUT 1 "m_axis_d_tready";
    .port_info 25 /OUTPUT 1 "m_axis_d_tlast";
    .port_info 26 /OUTPUT 1 "err_unalligned_data";
P_0x559f5299b830 .param/l "DATA_WIDTH_OP0" 0 4 31, +C4<00000000000000000000000000010000>;
P_0x559f5299b870 .param/l "DATA_WIDTH_OP1" 0 4 37, +C4<00000000000000000000000000010000>;
P_0x559f5299b8b0 .param/l "DATA_WIDTH_PSUM" 0 4 43, +C4<000000000000000000000000000100000>;
P_0x559f5299b8f0 .param/l "FRACTIONAL_BITS_OP0" 0 4 33, +C4<00000000000000000000000000001101>;
P_0x559f5299b930 .param/l "FRACTIONAL_BITS_OP1" 0 4 39, +C4<00000000000000000000000000001111>;
P_0x559f5299b970 .param/l "IS_UNSIGNED_OP0" 0 4 35, +C4<00000000000000000000000000000000>;
P_0x559f5299b9b0 .param/l "IS_UNSIGNED_OP1" 0 4 41, +C4<00000000000000000000000000000000>;
P_0x559f5299b9f0 .param/l "MLT_OP_SIZE" 1 4 102, +C4<00000000000000000000000000000100000>;
P_0x559f5299ba30 .param/l "PE_NUMBER_I" 0 4 23, +C4<00000000000000000000000000000001>;
P_0x559f5299ba70 .param/l "PE_NUMBER_J" 0 4 25, +C4<00000000000000000000000000000001>;
P_0x559f5299bab0 .param/l "PE_POSITION_I" 0 4 27, +C4<00000000000000000000000000000000>;
P_0x559f5299baf0 .param/l "PE_POSITION_J" 0 4 29, +C4<00000000000000000000000000000000>;
L_0x559f52b07780 .functor AND 1, v0x559f52adf3c0_0, v0x559f52aeb790_0, C4<1>, C4<1>;
L_0x559f52b07f00 .functor AND 1, v0x559f52af3820_0, v0x559f52aeb790_0, C4<1>, C4<1>;
L_0x559f52b087b0 .functor AND 1, v0x559f52ae4b00_0, v0x559f52aeb910_0, C4<1>, C4<1>;
L_0x559f52b091d0 .functor AND 1, v0x559f52af3b60_0, v0x559f52aeb910_0, C4<1>, C4<1>;
L_0x559f52b098a0 .functor BUFZ 16, v0x559f52adec60_0, C4<0000000000000000>, C4<0000000000000000>, C4<0000000000000000>;
L_0x559f52b099a0 .functor AND 1, L_0x559f52b078d0, L_0x559f52b068c0, C4<1>, C4<1>;
L_0x559f52b09b20 .functor AND 1, L_0x559f52b099a0, L_0x559f52b09a80, C4<1>, C4<1>;
L_0x559f52b09b90 .functor AND 1, L_0x559f52b08350, L_0x559f52b068c0, C4<1>, C4<1>;
L_0x559f52b09ce0 .functor OR 1, L_0x559f52b09b90, v0x559f52ae90f0_0, C4<0>, C4<0>;
L_0x559f52b09de0 .functor BUFZ 1, v0x559f52adefe0_0, C4<0>, C4<0>, C4<0>;
L_0x559f52b09eb0 .functor BUFZ 16, v0x559f52ae43a0_0, C4<0000000000000000>, C4<0000000000000000>, C4<0000000000000000>;
L_0x559f52b06270 .functor AND 1, L_0x559f52b08960, L_0x559f52b06e80, C4<1>, C4<1>;
L_0x559f52b0a120 .functor AND 1, L_0x559f52b06270, L_0x559f52b0a020, C4<1>, C4<1>;
L_0x559f52b0a190 .functor AND 1, L_0x559f52b09650, L_0x559f52b06e80, C4<1>, C4<1>;
L_0x559f52b09fb0 .functor OR 1, L_0x559f52b0a190, v0x559f52ae9270_0, C4<0>, C4<0>;
L_0x559f52b0a3a0 .functor BUFZ 1, v0x559f52ae4720_0, C4<0>, C4<0>, C4<0>;
L_0x559f52b0a4a0 .functor BUFT 32, L_0x559f52af4790, C4<00000000000000000000000000000000>, C4<00000000000000000000000000000000>, C4<00000000000000000000000000000000>;
L_0x7f0e21d850a8 .functor BUFT 1, C4<00000000000000000000000000000000>, C4<0>, C4<0>, C4<0>;
v0x559f52aec200_0 .net/2u *"_ivl_12", 31 0, L_0x7f0e21d850a8;  1 drivers
v0x559f52aec300_0 .net/s *"_ivl_4", 31 0, L_0x559f52af45b0;  1 drivers
v0x559f52aec3e0_0 .net/s *"_ivl_6", 31 0, L_0x559f52af46a0;  1 drivers
v0x559f52aec4d0_0 .net *"_ivl_68", 0 0, L_0x559f52b099a0;  1 drivers
v0x559f52aec5b0_0 .net *"_ivl_71", 0 0, L_0x559f52b09a80;  1 drivers
v0x559f52aec6c0_0 .net *"_ivl_74", 0 0, L_0x559f52b09b90;  1 drivers
v0x559f52aec7a0_0 .net *"_ivl_82", 0 0, L_0x559f52b06270;  1 drivers
v0x559f52aec880_0 .net *"_ivl_85", 0 0, L_0x559f52b0a020;  1 drivers
v0x559f52aec940_0 .net *"_ivl_88", 0 0, L_0x559f52b0a190;  1 drivers
L_0x7f0e21d85138 .functor BUFT 1, C4<0>, C4<0>, C4<0>, C4<0>;
v0x559f52aeca20_0 .net "acc_res", 0 0, L_0x7f0e21d85138;  1 drivers
v0x559f52aecac0_0 .net "bypass_adder", 0 0, L_0x559f52a9d0b0;  1 drivers
v0x559f52aecb90_0 .net "clk", 0 0, v0x559f52af23c0_0;  alias, 1 drivers
v0x559f52aecc30_0 .net "drop_l", 0 0, v0x559f52ae90f0_0;  1 drivers
v0x559f52aecd00_0 .net "drop_t", 0 0, v0x559f52ae9270_0;  1 drivers
o0x7f0e21dd1078 .functor BUFZ 1, C4<z>; HiZ drive
v0x559f52aecdd0_0 .net "drop_u", 0 0, o0x7f0e21dd1078;  0 drivers
v0x559f52aecea0_0 .net "err_unalligned_data", 0 0, L_0x559f52b07280;  alias, 1 drivers
v0x559f52aecf70_0 .net "export_rslt", 0 0, L_0x559f52b04ff0;  1 drivers
v0x559f52aed040_0 .net "export_rslt_last", 0 0, L_0x559f52b050e0;  1 drivers
v0x559f52aed110_0 .net "forward_l", 0 0, L_0x559f52b068c0;  1 drivers
v0x559f52aed1e0_0 .net "forward_t", 0 0, L_0x559f52b06e80;  1 drivers
o0x7f0e21dd1348 .functor BUFZ 1, C4<z>; HiZ drive
v0x559f52aed2b0_0 .net "forward_u", 0 0, o0x7f0e21dd1348;  0 drivers
v0x559f52aed380_0 .net "int_axis_b_tdata", 15 0, L_0x559f52b09eb0;  1 drivers
v0x559f52aed450_0 .net "int_axis_b_tlast", 0 0, L_0x559f52b0a3a0;  1 drivers
v0x559f52aed520_0 .net "int_axis_b_tready", 0 0, L_0x559f52b09650;  1 drivers
v0x559f52aed5c0_0 .net "int_axis_b_tvalid", 0 0, L_0x559f52b0a120;  1 drivers
v0x559f52aed660_0 .net "int_axis_d_tdata", 31 0, L_0x559f52ac3c90;  1 drivers
v0x559f52aed730_0 .net "int_axis_d_tlast", 0 0, L_0x559f52ac0dd0;  1 drivers
v0x559f52aed800_0 .net "int_axis_d_tready", 0 0, L_0x559f52b07680;  1 drivers
v0x559f52aed8f0_0 .net "int_axis_d_tvalid", 0 0, L_0x559f52ace4c0;  1 drivers
v0x559f52aed990_0 .net "int_axis_l_tdata", 15 0, v0x559f52adec60_0;  1 drivers
v0x559f52aeda60_0 .net "int_axis_l_tlast", 0 0, v0x559f52adefe0_0;  1 drivers
v0x559f52aedb50_0 .net "int_axis_l_tready", 0 0, L_0x559f52b09ce0;  1 drivers
v0x559f52aedbf0_0 .net "int_axis_l_tvalid", 0 0, L_0x559f52b078d0;  1 drivers
v0x559f52aedce0_0 .net "int_axis_r_tdata", 15 0, L_0x559f52b098a0;  1 drivers
v0x559f52aedd80_0 .net "int_axis_r_tlast", 0 0, L_0x559f52b09de0;  1 drivers
v0x559f52aede50_0 .net "int_axis_r_tready", 0 0, L_0x559f52b08350;  1 drivers
v0x559f52aedf40_0 .net "int_axis_r_tvalid", 0 0, L_0x559f52b09b20;  1 drivers
v0x559f52aedfe0_0 .net "int_axis_t_tdata", 15 0, v0x559f52ae43a0_0;  1 drivers
v0x559f52aee0b0_0 .net "int_axis_t_tlast", 0 0, v0x559f52ae4720_0;  1 drivers
v0x559f52aee1a0_0 .net "int_axis_t_tready", 0 0, L_0x559f52b09fb0;  1 drivers
v0x559f52aee240_0 .net "int_axis_t_tvalid", 0 0, L_0x559f52b08960;  1 drivers
o0x7f0e21dd1e28 .functor BUFZ 32, C4<zzzzzzzzzzzzzzzzzzzzzzzzzzzzzzzz>; HiZ drive
v0x559f52aee330_0 .net "int_axis_u_tdata", 31 0, o0x7f0e21dd1e28;  0 drivers
o0x7f0e21dd1408 .functor BUFZ 1, C4<z>; HiZ drive
v0x559f52aee3d0_0 .net "int_axis_u_tlast", 0 0, o0x7f0e21dd1408;  0 drivers
L_0x7f0e21d85060 .functor BUFT 1, C4<0>, C4<0>, C4<0>, C4<0>;
v0x559f52aee470_0 .net "int_axis_u_tvalid", 0 0, L_0x7f0e21d85060;  1 drivers
v0x559f52aee540_0 .net "m_axis_b_tdata", 15 0, L_0x559f52b09350;  alias, 1 drivers
v0x559f52aee610_0 .net "m_axis_b_tlast", 0 0, L_0x559f52b09550;  alias, 1 drivers
v0x559f52aee6e0_0 .net "m_axis_b_tready", 0 0, v0x559f52af2c20_0;  alias, 1 drivers
v0x559f52aee7b0_0 .net "m_axis_b_tvalid", 0 0, L_0x559f52b09450;  alias, 1 drivers
v0x559f52aee880_0 .net "m_axis_d_tdata", 31 0, L_0x559f52b07380;  alias, 1 drivers
v0x559f52aee950_0 .net "m_axis_d_tlast", 0 0, L_0x559f52b07580;  alias, 1 drivers
v0x559f52aeea20_0 .net "m_axis_d_tready", 0 0, v0x559f52af2ec0_0;  alias, 1 drivers
v0x559f52aeeaf0_0 .net "m_axis_d_tvalid", 0 0, L_0x559f52b07480;  alias, 1 drivers
v0x559f52aeebc0_0 .net "m_axis_r_tdata", 15 0, L_0x559f52b08050;  alias, 1 drivers
v0x559f52aeec90_0 .net "m_axis_r_tlast", 0 0, L_0x559f52b08250;  alias, 1 drivers
v0x559f52aeed60_0 .net "m_axis_r_tready", 0 0, v0x559f52af3270_0;  alias, 1 drivers
v0x559f52aeee30_0 .net "m_axis_r_tvalid", 0 0, L_0x559f52b08150;  alias, 1 drivers
v0x559f52aeef00_0 .net/s "mult_op0", 15 0, L_0x559f52af43d0;  1 drivers
v0x559f52aeefa0_0 .net/s "mult_op1", 15 0, L_0x559f52af44c0;  1 drivers
v0x559f52aef040_0 .net/s "mult_res", 31 0, L_0x559f52af4790;  1 drivers
v0x559f52aef0e0_0 .net "op_start", 0 0, L_0x559f52b04ec0;  1 drivers
v0x559f52aef1b0_0 .net/s "partial_sum_acc", 31 0, L_0x559f52b0a4a0;  1 drivers
v0x559f52aef250_0 .net/s "partial_sum_fb", 31 0, L_0x559f52b048e0;  1 drivers
v0x559f52aef2f0_0 .var "partial_sum_reg", 31 0;
v0x559f52aef390_0 .net/s "partial_sum_reg_next", 31 0, L_0x559f52b04ba0;  1 drivers
v0x559f52aef430_0 .net/s "partial_sum_rslt", 31 0, L_0x559f52b04ab0;  1 drivers
v0x559f52aef8e0_0 .net "rst", 0 0, v0x559f52af3470_0;  alias, 1 drivers
v0x559f52aef980_0 .net "s_axis_l_tdata", 15 0, v0x559f52af3620_0;  alias, 1 drivers
v0x559f52aefa50_0 .net "s_axis_l_tlast", 0 0, v0x559f52af36e0_0;  alias, 1 drivers
v0x559f52aefb20_0 .net "s_axis_l_tready", 0 0, L_0x559f52b07780;  alias, 1 drivers
v0x559f52aefbc0_0 .net "s_axis_l_tready_int", 0 0, v0x559f52adf3c0_0;  1 drivers
v0x559f52aefc90_0 .net "s_axis_l_tvalid", 0 0, v0x559f52af3820_0;  alias, 1 drivers
v0x559f52aefd30_0 .net "s_axis_t_tdata", 15 0, v0x559f52af3910_0;  alias, 1 drivers
v0x559f52aefe00_0 .net "s_axis_t_tlast", 0 0, v0x559f52af39d0_0;  alias, 1 drivers
v0x559f52aefed0_0 .net "s_axis_t_tready", 0 0, L_0x559f52b087b0;  alias, 1 drivers
v0x559f52aeff70_0 .net "s_axis_t_tready_int", 0 0, v0x559f52ae4b00_0;  1 drivers
v0x559f52af0040_0 .net "s_axis_t_tvalid", 0 0, v0x559f52af3b60_0;  alias, 1 drivers
v0x559f52af00e0_0 .net "s_axis_u_tdata", 31 0, v0x559f52af3c50_0;  alias, 1 drivers
v0x559f52af0180_0 .net "s_axis_u_tlast", 0 0, v0x559f52af3d60_0;  alias, 1 drivers
v0x559f52af0220_0 .net "s_axis_u_tready", 0 0, L_0x7f0e21d85018;  alias, 1 drivers
v0x559f52af02c0_0 .net "s_axis_u_tvalid", 0 0, v0x559f52af3f40_0;  alias, 1 drivers
v0x559f52af0360_0 .net "store_l", 0 0, v0x559f52aeb790_0;  1 drivers
v0x559f52af0430_0 .net "store_t", 0 0, v0x559f52aeb910_0;  1 drivers
o0x7f0e21dd1738 .functor BUFZ 1, C4<z>; HiZ drive
v0x559f52af0500_0 .net "store_u", 0 0, o0x7f0e21dd1738;  0 drivers
L_0x559f52af43d0 .concat [ 16 0 0 0], v0x559f52adec60_0;
L_0x559f52af44c0 .concat [ 16 0 0 0], v0x559f52ae43a0_0;
L_0x559f52af45b0 .extend/s 32, L_0x559f52af43d0;
L_0x559f52af46a0 .extend/s 32, L_0x559f52af44c0;
L_0x559f52af4790 .arith/mult 32, L_0x559f52af45b0, L_0x559f52af46a0;
L_0x559f52b048e0 .functor MUXZ 32, v0x559f52aef2f0_0, L_0x7f0e21d850a8, L_0x559f52b04ec0, C4<>;
L_0x559f52b04ab0 .arith/sum 32, L_0x559f52b048e0, L_0x559f52b0a4a0;
L_0x559f52b04ba0 .functor MUXZ 32, L_0x559f52b04ab0, L_0x559f52b048e0, L_0x559f52a9d0b0, C4<>;
L_0x559f52b09a80 .reduce/nor v0x559f52ae90f0_0;
L_0x559f52b0a020 .reduce/nor v0x559f52ae9270_0;
S_0x559f52a93ab0 .scope module, "axis_register_b_inst" "axis_register" 4 455, 5 34 0, S_0x559f52a936d0;
 .timescale -9 -12;
    .port_info 0 /INPUT 1 "clk";
    .port_info 1 /INPUT 1 "rst";
    .port_info 2 /INPUT 16 "s_axis_tdata";
    .port_info 3 /INPUT 1 "s_axis_tkeep";
    .port_info 4 /INPUT 1 "s_axis_tvalid";
    .port_info 5 /OUTPUT 1 "s_axis_tready";
    .port_info 6 /INPUT 1 "s_axis_tlast";
    .port_info 7 /INPUT 1 "s_axis_tid";
    .port_info 8 /INPUT 1 "s_axis_tdest";
    .port_info 9 /INPUT 1 "s_axis_tuser";
    .port_info 10 /OUTPUT 16 "m_axis_tdata";
    .port_info 11 /OUTPUT 1 "m_axis_tkeep";
    .port_info 12 /OUTPUT 1 "m_axis_tvalid";
    .port_info 13 /INPUT 1 "m_axis_tready";
    .port_info 14 /OUTPUT 1 "m_axis_tlast";
    .port_info 15 /OUTPUT 1 "m_axis_tid";
    .port_info 16 /OUTPUT 1 "m_axis_tdest";
    .port_info 17 /OUTPUT 1 "m_axis_tuser";
P_0x559f52aceea0 .param/l "DATA_WIDTH" 0 5 37, +C4<00000000000000000000000000010000>;
P_0x559f52aceee0 .param/l "DEST_ENABLE" 0 5 49, +C4<00000000000000000000000000000000>;
P_0x559f52acef20 .param/l "DEST_WIDTH" 0 5 51, +C4<00000000000000000000000000000001>;
P_0x559f52acef60 .param/l "ID_ENABLE" 0 5 45, +C4<00000000000000000000000000000000>;
P_0x559f52acefa0 .param/l "ID_WIDTH" 0 5 47, +C4<00000000000000000000000000000001>;
P_0x559f52acefe0 .param/l "KEEP_ENABLE" 0 5 39, +C4<00000000000000000000000000000000>;
P_0x559f52acf020 .param/l "KEEP_WIDTH" 0 5 41, +C4<00000000000000000000000000000001>;
P_0x559f52acf060 .param/l "LAST_ENABLE" 0 5 43, +C4<00000000000000000000000000000001>;
P_0x559f52acf0a0 .param/l "REG_TYPE" 0 5 58, +C4<00000000000000000000000000000000>;
P_0x559f52acf0e0 .param/l "USER_ENABLE" 0 5 53, +C4<00000000000000000000000000000000>;
P_0x559f52acf120 .param/l "USER_WIDTH" 0 5 55, +C4<00000000000000000000000000000001>;
v0x559f52a87e20_0 .net "clk", 0 0, v0x559f52af23c0_0;  alias, 1 drivers
v0x559f529e5700_0 .net "m_axis_tdata", 15 0, L_0x559f52b09350;  alias, 1 drivers
L_0x7f0e21d85cc0 .functor BUFT 1, C4<0>, C4<0>, C4<0>, C4<0>;
v0x559f529b0f30_0 .net "m_axis_tdest", 0 0, L_0x7f0e21d85cc0;  1 drivers
L_0x7f0e21d85c78 .functor BUFT 1, C4<0>, C4<0>, C4<0>, C4<0>;
v0x559f529e55c0_0 .net "m_axis_tid", 0 0, L_0x7f0e21d85c78;  1 drivers
L_0x7f0e21d85c30 .functor BUFT 1, C4<1>, C4<0>, C4<0>, C4<0>;
v0x559f529e5520_0 .net "m_axis_tkeep", 0 0, L_0x7f0e21d85c30;  1 drivers
v0x559f52a49410_0 .net "m_axis_tlast", 0 0, L_0x559f52b09550;  alias, 1 drivers
v0x559f52adb2d0_0 .net "m_axis_tready", 0 0, v0x559f52af2c20_0;  alias, 1 drivers
L_0x7f0e21d85d08 .functor BUFT 1, C4<0>, C4<0>, C4<0>, C4<0>;
v0x559f52adb390_0 .net "m_axis_tuser", 0 0, L_0x7f0e21d85d08;  1 drivers
v0x559f52adb470_0 .net "m_axis_tvalid", 0 0, L_0x559f52b09450;  alias, 1 drivers
v0x559f52adb530_0 .net "rst", 0 0, v0x559f52af3470_0;  alias, 1 drivers
v0x559f52adb5f0_0 .net "s_axis_tdata", 15 0, L_0x559f52b09eb0;  alias, 1 drivers
L_0x7f0e21d85de0 .functor BUFT 1, C4<0>, C4<0>, C4<0>, C4<0>;
v0x559f52adb6d0_0 .net "s_axis_tdest", 0 0, L_0x7f0e21d85de0;  1 drivers
L_0x7f0e21d85d98 .functor BUFT 1, C4<0>, C4<0>, C4<0>, C4<0>;
v0x559f52adb7b0_0 .net "s_axis_tid", 0 0, L_0x7f0e21d85d98;  1 drivers
L_0x7f0e21d85d50 .functor BUFT 1, C4<1>, C4<0>, C4<0>, C4<0>;
v0x559f52adb890_0 .net "s_axis_tkeep", 0 0, L_0x7f0e21d85d50;  1 drivers
v0x559f52adb970_0 .net "s_axis_tlast", 0 0, L_0x559f52b0a3a0;  alias, 1 drivers
v0x559f52adba30_0 .net "s_axis_tready", 0 0, L_0x559f52b09650;  alias, 1 drivers
L_0x7f0e21d85e28 .functor BUFT 1, C4<0>, C4<0>, C4<0>, C4<0>;
v0x559f52adbaf0_0 .net "s_axis_tuser", 0 0, L_0x7f0e21d85e28;  1 drivers
v0x559f52adbbd0_0 .net "s_axis_tvalid", 0 0, L_0x559f52b0a120;  alias, 1 drivers
S_0x559f52a83c20 .scope generate, "genblk1" "genblk1" 5 197, 5 197 0, S_0x559f52a93ab0;
 .timescale -9 -12;
L_0x559f52b09350 .functor BUFZ 16, L_0x559f52b09eb0, C4<0000000000000000>, C4<0000000000000000>, C4<0000000000000000>;
L_0x559f52b09450 .functor BUFZ 1, L_0x559f52b0a120, C4<0>, C4<0>, C4<0>;
L_0x559f52b09550 .functor BUFZ 1, L_0x559f52b0a3a0, C4<0>, C4<0>, C4<0>;
L_0x559f52b09650 .functor BUFZ 1, v0x559f52af2c20_0, C4<0>, C4<0>, C4<0>;
S_0x559f52a83f40 .scope module, "axis_register_d_inst" "axis_register" 4 284, 5 34 0, S_0x559f52a936d0;
 .timescale -9 -12;
    .port_info 0 /INPUT 1 "clk";
    .port_info 1 /INPUT 1 "rst";
    .port_info 2 /INPUT 32 "s_axis_tdata";
    .port_info 3 /INPUT 1 "s_axis_tkeep";
    .port_info 4 /INPUT 1 "s_axis_tvalid";
    .port_info 5 /OUTPUT 1 "s_axis_tready";
    .port_info 6 /INPUT 1 "s_axis_tlast";
    .port_info 7 /INPUT 1 "s_axis_tid";
    .port_info 8 /INPUT 1 "s_axis_tdest";
    .port_info 9 /INPUT 1 "s_axis_tuser";
    .port_info 10 /OUTPUT 32 "m_axis_tdata";
    .port_info 11 /OUTPUT 1 "m_axis_tkeep";
    .port_info 12 /OUTPUT 1 "m_axis_tvalid";
    .port_info 13 /INPUT 1 "m_axis_tready";
    .port_info 14 /OUTPUT 1 "m_axis_tlast";
    .port_info 15 /OUTPUT 1 "m_axis_tid";
    .port_info 16 /OUTPUT 1 "m_axis_tdest";
    .port_info 17 /OUTPUT 1 "m_axis_tuser";
P_0x559f52adbf90 .param/l "DATA_WIDTH" 0 5 37, +C4<000000000000000000000000000100000>;
P_0x559f52adbfd0 .param/l "DEST_ENABLE" 0 5 49, +C4<00000000000000000000000000000000>;
P_0x559f52adc010 .param/l "DEST_WIDTH" 0 5 51, +C4<00000000000000000000000000000001>;
P_0x559f52adc050 .param/l "ID_ENABLE" 0 5 45, +C4<00000000000000000000000000000000>;
P_0x559f52adc090 .param/l "ID_WIDTH" 0 5 47, +C4<00000000000000000000000000000001>;
P_0x559f52adc0d0 .param/l "KEEP_ENABLE" 0 5 39, +C4<00000000000000000000000000000000>;
P_0x559f52adc110 .param/l "KEEP_WIDTH" 0 5 41, +C4<00000000000000000000000000000001>;
P_0x559f52adc150 .param/l "LAST_ENABLE" 0 5 43, +C4<00000000000000000000000000000001>;
P_0x559f52adc190 .param/l "REG_TYPE" 0 5 58, +C4<00000000000000000000000000000000>;
P_0x559f52adc1d0 .param/l "USER_ENABLE" 0 5 53, +C4<00000000000000000000000000000000>;
P_0x559f52adc210 .param/l "USER_WIDTH" 0 5 55, +C4<00000000000000000000000000000001>;
v0x559f52adc9c0_0 .net "clk", 0 0, v0x559f52af23c0_0;  alias, 1 drivers
v0x559f52adcab0_0 .net "m_axis_tdata", 31 0, L_0x559f52b07380;  alias, 1 drivers
L_0x7f0e21d85408 .functor BUFT 1, C4<0>, C4<0>, C4<0>, C4<0>;
v0x559f52adcb70_0 .net "m_axis_tdest", 0 0, L_0x7f0e21d85408;  1 drivers
L_0x7f0e21d853c0 .functor BUFT 1, C4<0>, C4<0>, C4<0>, C4<0>;
v0x559f52adcc60_0 .net "m_axis_tid", 0 0, L_0x7f0e21d853c0;  1 drivers
L_0x7f0e21d85378 .functor BUFT 1, C4<1>, C4<0>, C4<0>, C4<0>;
v0x559f52adcd40_0 .net "m_axis_tkeep", 0 0, L_0x7f0e21d85378;  1 drivers
v0x559f52adce70_0 .net "m_axis_tlast", 0 0, L_0x559f52b07580;  alias, 1 drivers
v0x559f52adcf30_0 .net "m_axis_tready", 0 0, v0x559f52af2ec0_0;  alias, 1 drivers
L_0x7f0e21d85450 .functor BUFT 1, C4<0>, C4<0>, C4<0>, C4<0>;
v0x559f52adcff0_0 .net "m_axis_tuser", 0 0, L_0x7f0e21d85450;  1 drivers
v0x559f52add0d0_0 .net "m_axis_tvalid", 0 0, L_0x559f52b07480;  alias, 1 drivers
v0x559f52add190_0 .net "rst", 0 0, v0x559f52af3470_0;  alias, 1 drivers
v0x559f52add230_0 .net "s_axis_tdata", 31 0, L_0x559f52ac3c90;  alias, 1 drivers
L_0x7f0e21d85528 .functor BUFT 1, C4<0>, C4<0>, C4<0>, C4<0>;
v0x559f52add2f0_0 .net "s_axis_tdest", 0 0, L_0x7f0e21d85528;  1 drivers
L_0x7f0e21d854e0 .functor BUFT 1, C4<0>, C4<0>, C4<0>, C4<0>;
v0x559f52add3d0_0 .net "s_axis_tid", 0 0, L_0x7f0e21d854e0;  1 drivers
L_0x7f0e21d85498 .functor BUFT 1, C4<1>, C4<0>, C4<0>, C4<0>;
v0x559f52add4b0_0 .net "s_axis_tkeep", 0 0, L_0x7f0e21d85498;  1 drivers
v0x559f52add590_0 .net "s_axis_tlast", 0 0, L_0x559f52ac0dd0;  alias, 1 drivers
v0x559f52add650_0 .net "s_axis_tready", 0 0, L_0x559f52b07680;  alias, 1 drivers
o0x7f0e21dce978 .functor BUFZ 1, C4<z>; HiZ drive
v0x559f52add710_0 .net "s_axis_tuser", 0 0, o0x7f0e21dce978;  0 drivers
v0x559f52add7f0_0 .net "s_axis_tvalid", 0 0, L_0x559f52ace4c0;  alias, 1 drivers
S_0x559f52a84560 .scope generate, "genblk1" "genblk1" 5 197, 5 197 0, S_0x559f52a83f40;
 .timescale -9 -12;
L_0x559f52b07380 .functor BUFZ 32, L_0x559f52ac3c90, C4<00000000000000000000000000000000>, C4<00000000000000000000000000000000>, C4<00000000000000000000000000000000>;
L_0x559f52b07480 .functor BUFZ 1, L_0x559f52ace4c0, C4<0>, C4<0>, C4<0>;
L_0x559f52b07580 .functor BUFZ 1, L_0x559f52ac0dd0, C4<0>, C4<0>, C4<0>;
L_0x559f52b07680 .functor BUFZ 1, v0x559f52af2ec0_0, C4<0>, C4<0>, C4<0>;
S_0x559f52abee30 .scope module, "axis_register_l_inst" "axis_register" 4 327, 5 34 0, S_0x559f52a936d0;
 .timescale -9 -12;
    .port_info 0 /INPUT 1 "clk";
    .port_info 1 /INPUT 1 "rst";
    .port_info 2 /INPUT 16 "s_axis_tdata";
    .port_info 3 /INPUT 1 "s_axis_tkeep";
    .port_info 4 /INPUT 1 "s_axis_tvalid";
    .port_info 5 /OUTPUT 1 "s_axis_tready";
    .port_info 6 /INPUT 1 "s_axis_tlast";
    .port_info 7 /INPUT 1 "s_axis_tid";
    .port_info 8 /INPUT 1 "s_axis_tdest";
    .port_info 9 /INPUT 1 "s_axis_tuser";
    .port_info 10 /OUTPUT 16 "m_axis_tdata";
    .port_info 11 /OUTPUT 1 "m_axis_tkeep";
    .port_info 12 /OUTPUT 1 "m_axis_tvalid";
    .port_info 13 /INPUT 1 "m_axis_tready";
    .port_info 14 /OUTPUT 1 "m_axis_tlast";
    .port_info 15 /OUTPUT 1 "m_axis_tid";
    .port_info 16 /OUTPUT 1 "m_axis_tdest";
    .port_info 17 /OUTPUT 1 "m_axis_tuser";
P_0x559f52addbc0 .param/l "DATA_WIDTH" 0 5 37, +C4<00000000000000000000000000010000>;
P_0x559f52addc00 .param/l "DEST_ENABLE" 0 5 49, +C4<00000000000000000000000000000000>;
P_0x559f52addc40 .param/l "DEST_WIDTH" 0 5 51, +C4<00000000000000000000000000000001>;
P_0x559f52addc80 .param/l "ID_ENABLE" 0 5 45, +C4<00000000000000000000000000000000>;
P_0x559f52addcc0 .param/l "ID_WIDTH" 0 5 47, +C4<00000000000000000000000000000001>;
P_0x559f52addd00 .param/l "KEEP_ENABLE" 0 5 39, +C4<00000000000000000000000000000000>;
P_0x559f52addd40 .param/l "KEEP_WIDTH" 0 5 41, +C4<00000000000000000000000000000001>;
P_0x559f52addd80 .param/l "LAST_ENABLE" 0 5 43, +C4<00000000000000000000000000000001>;
P_0x559f52adddc0 .param/l "REG_TYPE" 0 5 58, +C4<00000000000000000000000000000010>;
P_0x559f52adde00 .param/l "USER_ENABLE" 0 5 53, +C4<00000000000000000000000000000000>;
P_0x559f52adde40 .param/l "USER_WIDTH" 0 5 55, +C4<00000000000000000000000000000001>;
v0x559f52adfe70_0 .net "clk", 0 0, v0x559f52af23c0_0;  alias, 1 drivers
v0x559f52adff30_0 .net "m_axis_tdata", 15 0, v0x559f52adec60_0;  alias, 1 drivers
L_0x7f0e21d85600 .functor BUFT 1, C4<0>, C4<0>, C4<0>, C4<0>;
v0x559f52ae0010_0 .net "m_axis_tdest", 0 0, L_0x7f0e21d85600;  1 drivers
L_0x7f0e21d855b8 .functor BUFT 1, C4<0>, C4<0>, C4<0>, C4<0>;
v0x559f52ae00d0_0 .net "m_axis_tid", 0 0, L_0x7f0e21d855b8;  1 drivers
L_0x7f0e21d85570 .functor BUFT 1, C4<1>, C4<0>, C4<0>, C4<0>;
v0x559f52ae01b0_0 .net "m_axis_tkeep", 0 0, L_0x7f0e21d85570;  1 drivers
v0x559f52ae02e0_0 .net "m_axis_tlast", 0 0, v0x559f52adefe0_0;  alias, 1 drivers
v0x559f52ae03a0_0 .net "m_axis_tready", 0 0, L_0x559f52b09ce0;  alias, 1 drivers
L_0x7f0e21d85648 .functor BUFT 1, C4<0>, C4<0>, C4<0>, C4<0>;
v0x559f52ae0460_0 .net "m_axis_tuser", 0 0, L_0x7f0e21d85648;  1 drivers
v0x559f52ae0540_0 .net "m_axis_tvalid", 0 0, L_0x559f52b078d0;  alias, 1 drivers
v0x559f52ae0600_0 .net "rst", 0 0, v0x559f52af3470_0;  alias, 1 drivers
v0x559f52ae06a0_0 .net "s_axis_tdata", 15 0, v0x559f52af3620_0;  alias, 1 drivers
L_0x7f0e21d85720 .functor BUFT 1, C4<0>, C4<0>, C4<0>, C4<0>;
v0x559f52ae0780_0 .net "s_axis_tdest", 0 0, L_0x7f0e21d85720;  1 drivers
L_0x7f0e21d856d8 .functor BUFT 1, C4<0>, C4<0>, C4<0>, C4<0>;
v0x559f52ae0860_0 .net "s_axis_tid", 0 0, L_0x7f0e21d856d8;  1 drivers
L_0x7f0e21d85690 .functor BUFT 1, C4<1>, C4<0>, C4<0>, C4<0>;
v0x559f52ae0940_0 .net "s_axis_tkeep", 0 0, L_0x7f0e21d85690;  1 drivers
v0x559f52ae0a20_0 .net "s_axis_tlast", 0 0, v0x559f52af36e0_0;  alias, 1 drivers
v0x559f52ae0ae0_0 .net "s_axis_tready", 0 0, v0x559f52adf3c0_0;  alias, 1 drivers
L_0x7f0e21d85768 .functor BUFT 1, C4<0>, C4<0>, C4<0>, C4<0>;
v0x559f52ae0ba0_0 .net "s_axis_tuser", 0 0, L_0x7f0e21d85768;  1 drivers
v0x559f52ae0d90_0 .net "s_axis_tvalid", 0 0, L_0x559f52b07f00;  1 drivers
S_0x559f52ade5d0 .scope generate, "genblk1" "genblk1" 5 91, 5 91 0, S_0x559f52abee30;
 .timescale -9 -12;
L_0x559f52b078d0 .functor BUFZ 1, v0x559f52adf240_0, C4<0>, C4<0>, C4<0>;
L_0x559f52b07ca0 .functor OR 1, L_0x559f52b07b00, L_0x559f52b07bd0, C4<0>, C4<0>;
L_0x559f52b07d40 .functor AND 1, L_0x559f52b069d0, L_0x559f52b07ca0, C4<1>, C4<1>;
L_0x559f52b07df0 .functor OR 1, L_0x559f52b09ce0, L_0x559f52b07d40, C4<0>, C4<0>;
v0x559f52ade820_0 .net *"_ivl_17", 0 0, L_0x559f52b069d0;  1 drivers
v0x559f52ade900_0 .net *"_ivl_19", 0 0, L_0x559f52b07b00;  1 drivers
v0x559f52ade9c0_0 .net *"_ivl_21", 0 0, L_0x559f52b07bd0;  1 drivers
v0x559f52adea90_0 .net *"_ivl_23", 0 0, L_0x559f52b07ca0;  1 drivers
v0x559f52adeb50_0 .net *"_ivl_25", 0 0, L_0x559f52b07d40;  1 drivers
v0x559f52adec60_0 .var "m_axis_tdata_reg", 15 0;
v0x559f52aded40_0 .var "m_axis_tdest_reg", 0 0;
v0x559f52adee20_0 .var "m_axis_tid_reg", 0 0;
v0x559f52adef00_0 .var "m_axis_tkeep_reg", 0 0;
v0x559f52adefe0_0 .var "m_axis_tlast_reg", 0 0;
v0x559f52adf0a0_0 .var "m_axis_tuser_reg", 0 0;
v0x559f52adf180_0 .var "m_axis_tvalid_next", 0 0;
v0x559f52adf240_0 .var "m_axis_tvalid_reg", 0 0;
v0x559f52adf300_0 .net "s_axis_tready_early", 0 0, L_0x559f52b07df0;  1 drivers
v0x559f52adf3c0_0 .var "s_axis_tready_reg", 0 0;
v0x559f52adf480_0 .var "store_axis_input_to_output", 0 0;
v0x559f52adf540_0 .var "store_axis_input_to_temp", 0 0;
v0x559f52adf710_0 .var "store_axis_temp_to_output", 0 0;
v0x559f52adf7d0_0 .var "temp_m_axis_tdata_reg", 15 0;
v0x559f52adf8b0_0 .var "temp_m_axis_tdest_reg", 0 0;
v0x559f52adf990_0 .var "temp_m_axis_tid_reg", 0 0;
v0x559f52adfa70_0 .var "temp_m_axis_tkeep_reg", 0 0;
v0x559f52adfb50_0 .var "temp_m_axis_tlast_reg", 0 0;
v0x559f52adfc10_0 .var "temp_m_axis_tuser_reg", 0 0;
v0x559f52adfcf0_0 .var "temp_m_axis_tvalid_next", 0 0;
v0x559f52adfdb0_0 .var "temp_m_axis_tvalid_reg", 0 0;
E_0x559f52a187f0 .event posedge, v0x559f52a87e20_0;
E_0x559f52a0fa40/0 .event anyedge, v0x559f52adf240_0, v0x559f52adfdb0_0, v0x559f52adf3c0_0, v0x559f52ae03a0_0;
E_0x559f52a0fa40/1 .event anyedge, v0x559f52ae0d90_0;
E_0x559f52a0fa40 .event/or E_0x559f52a0fa40/0, E_0x559f52a0fa40/1;
L_0x559f52b069d0 .reduce/nor v0x559f52adfdb0_0;
L_0x559f52b07b00 .reduce/nor v0x559f52adf240_0;
L_0x559f52b07bd0 .reduce/nor L_0x559f52b07f00;
S_0x559f52ae1130 .scope module, "axis_register_r_inst" "axis_register" 4 369, 5 34 0, S_0x559f52a936d0;
 .timescale -9 -12;
    .port_info 0 /INPUT 1 "clk";
    .port_info 1 /INPUT 1 "rst";
    .port_info 2 /INPUT 16 "s_axis_tdata";
    .port_info 3 /INPUT 1 "s_axis_tkeep";
    .port_info 4 /INPUT 1 "s_axis_tvalid";
    .port_info 5 /OUTPUT 1 "s_axis_tready";
    .port_info 6 /INPUT 1 "s_axis_tlast";
    .port_info 7 /INPUT 1 "s_axis_tid";
    .port_info 8 /INPUT 1 "s_axis_tdest";
    .port_info 9 /INPUT 1 "s_axis_tuser";
    .port_info 10 /OUTPUT 16 "m_axis_tdata";
    .port_info 11 /OUTPUT 1 "m_axis_tkeep";
    .port_info 12 /OUTPUT 1 "m_axis_tvalid";
    .port_info 13 /INPUT 1 "m_axis_tready";
    .port_info 14 /OUTPUT 1 "m_axis_tlast";
    .port_info 15 /OUTPUT 1 "m_axis_tid";
    .port_info 16 /OUTPUT 1 "m_axis_tdest";
    .port_info 17 /OUTPUT 1 "m_axis_tuser";
P_0x559f52ae1310 .param/l "DATA_WIDTH" 0 5 37, +C4<00000000000000000000000000010000>;
P_0x559f52ae1350 .param/l "DEST_ENABLE" 0 5 49, +C4<00000000000000000000000000000000>;
P_0x559f52ae1390 .param/l "DEST_WIDTH" 0 5 51, +C4<00000000000000000000000000000001>;
P_0x559f52ae13d0 .param/l "ID_ENABLE" 0 5 45, +C4<00000000000000000000000000000000>;
P_0x559f52ae1410 .param/l "ID_WIDTH" 0 5 47, +C4<00000000000000000000000000000001>;
P_0x559f52ae1450 .param/l "KEEP_ENABLE" 0 5 39, +C4<00000000000000000000000000000000>;
P_0x559f52ae1490 .param/l "KEEP_WIDTH" 0 5 41, +C4<00000000000000000000000000000001>;
P_0x559f52ae14d0 .param/l "LAST_ENABLE" 0 5 43, +C4<00000000000000000000000000000001>;
P_0x559f52ae1510 .param/l "REG_TYPE" 0 5 58, +C4<00000000000000000000000000000000>;
P_0x559f52ae1550 .param/l "USER_ENABLE" 0 5 53, +C4<00000000000000000000000000000000>;
P_0x559f52ae1590 .param/l "USER_WIDTH" 0 5 55, +C4<00000000000000000000000000000001>;
v0x559f52ae1e90_0 .net "clk", 0 0, v0x559f52af23c0_0;  alias, 1 drivers
v0x559f52ae1f50_0 .net "m_axis_tdata", 15 0, L_0x559f52b08050;  alias, 1 drivers
L_0x7f0e21d85840 .functor BUFT 1, C4<0>, C4<0>, C4<0>, C4<0>;
v0x559f52ae2030_0 .net "m_axis_tdest", 0 0, L_0x7f0e21d85840;  1 drivers
L_0x7f0e21d857f8 .functor BUFT 1, C4<0>, C4<0>, C4<0>, C4<0>;
v0x559f52ae2120_0 .net "m_axis_tid", 0 0, L_0x7f0e21d857f8;  1 drivers
L_0x7f0e21d857b0 .functor BUFT 1, C4<1>, C4<0>, C4<0>, C4<0>;
v0x559f52ae2200_0 .net "m_axis_tkeep", 0 0, L_0x7f0e21d857b0;  1 drivers
v0x559f52ae2330_0 .net "m_axis_tlast", 0 0, L_0x559f52b08250;  alias, 1 drivers
v0x559f52ae23f0_0 .net "m_axis_tready", 0 0, v0x559f52af3270_0;  alias, 1 drivers
L_0x7f0e21d85888 .functor BUFT 1, C4<0>, C4<0>, C4<0>, C4<0>;
v0x559f52ae24b0_0 .net "m_axis_tuser", 0 0, L_0x7f0e21d85888;  1 drivers
v0x559f52ae2590_0 .net "m_axis_tvalid", 0 0, L_0x559f52b08150;  alias, 1 drivers
v0x559f52ae2650_0 .net "rst", 0 0, v0x559f52af3470_0;  alias, 1 drivers
v0x559f52ae26f0_0 .net "s_axis_tdata", 15 0, L_0x559f52b098a0;  alias, 1 drivers
L_0x7f0e21d85960 .functor BUFT 1, C4<0>, C4<0>, C4<0>, C4<0>;
v0x559f52ae27d0_0 .net "s_axis_tdest", 0 0, L_0x7f0e21d85960;  1 drivers
L_0x7f0e21d85918 .functor BUFT 1, C4<0>, C4<0>, C4<0>, C4<0>;
v0x559f52ae28b0_0 .net "s_axis_tid", 0 0, L_0x7f0e21d85918;  1 drivers
L_0x7f0e21d858d0 .functor BUFT 1, C4<1>, C4<0>, C4<0>, C4<0>;
v0x559f52ae2990_0 .net "s_axis_tkeep", 0 0, L_0x7f0e21d858d0;  1 drivers
v0x559f52ae2a70_0 .net "s_axis_tlast", 0 0, L_0x559f52b09de0;  alias, 1 drivers
v0x559f52ae2b30_0 .net "s_axis_tready", 0 0, L_0x559f52b08350;  alias, 1 drivers
L_0x7f0e21d859a8 .functor BUFT 1, C4<0>, C4<0>, C4<0>, C4<0>;
v0x559f52ae2bf0_0 .net "s_axis_tuser", 0 0, L_0x7f0e21d859a8;  1 drivers
v0x559f52ae2de0_0 .net "s_axis_tvalid", 0 0, L_0x559f52b09b20;  alias, 1 drivers
S_0x559f52ae1c90 .scope generate, "genblk1" "genblk1" 5 197, 5 197 0, S_0x559f52ae1130;
 .timescale -9 -12;
L_0x559f52b08050 .functor BUFZ 16, L_0x559f52b098a0, C4<0000000000000000>, C4<0000000000000000>, C4<0000000000000000>;
L_0x559f52b08150 .functor BUFZ 1, L_0x559f52b09b20, C4<0>, C4<0>, C4<0>;
L_0x559f52b08250 .functor BUFZ 1, L_0x559f52b09de0, C4<0>, C4<0>, C4<0>;
L_0x559f52b08350 .functor BUFZ 1, v0x559f52af3270_0, C4<0>, C4<0>, C4<0>;
S_0x559f52ae3180 .scope module, "axis_register_t_inst" "axis_register" 4 413, 5 34 0, S_0x559f52a936d0;
 .timescale -9 -12;
    .port_info 0 /INPUT 1 "clk";
    .port_info 1 /INPUT 1 "rst";
    .port_info 2 /INPUT 16 "s_axis_tdata";
    .port_info 3 /INPUT 1 "s_axis_tkeep";
    .port_info 4 /INPUT 1 "s_axis_tvalid";
    .port_info 5 /OUTPUT 1 "s_axis_tready";
    .port_info 6 /INPUT 1 "s_axis_tlast";
    .port_info 7 /INPUT 1 "s_axis_tid";
    .port_info 8 /INPUT 1 "s_axis_tdest";
    .port_info 9 /INPUT 1 "s_axis_tuser";
    .port_info 10 /OUTPUT 16 "m_axis_tdata";
    .port_info 11 /OUTPUT 1 "m_axis_tkeep";
    .port_info 12 /OUTPUT 1 "m_axis_tvalid";
    .port_info 13 /INPUT 1 "m_axis_tready";
    .port_info 14 /OUTPUT 1 "m_axis_tlast";
    .port_info 15 /OUTPUT 1 "m_axis_tid";
    .port_info 16 /OUTPUT 1 "m_axis_tdest";
    .port_info 17 /OUTPUT 1 "m_axis_tuser";
P_0x559f52ae3360 .param/l "DATA_WIDTH" 0 5 37, +C4<00000000000000000000000000010000>;
P_0x559f52ae33a0 .param/l "DEST_ENABLE" 0 5 49, +C4<00000000000000000000000000000000>;
P_0x559f52ae33e0 .param/l "DEST_WIDTH" 0 5 51, +C4<00000000000000000000000000000001>;
P_0x559f52ae3420 .param/l "ID_ENABLE" 0 5 45, +C4<00000000000000000000000000000000>;
P_0x559f52ae3460 .param/l "ID_WIDTH" 0 5 47, +C4<00000000000000000000000000000001>;
P_0x559f52ae34a0 .param/l "KEEP_ENABLE" 0 5 39, +C4<00000000000000000000000000000000>;
P_0x559f52ae34e0 .param/l "KEEP_WIDTH" 0 5 41, +C4<00000000000000000000000000000001>;
P_0x559f52ae3520 .param/l "LAST_ENABLE" 0 5 43, +C4<00000000000000000000000000000001>;
P_0x559f52ae3560 .param/l "REG_TYPE" 0 5 58, +C4<00000000000000000000000000000010>;
P_0x559f52ae35a0 .param/l "USER_ENABLE" 0 5 53, +C4<00000000000000000000000000000000>;
P_0x559f52ae35e0 .param/l "USER_WIDTH" 0 5 55, +C4<00000000000000000000000000000001>;
v0x559f52ae55b0_0 .net "clk", 0 0, v0x559f52af23c0_0;  alias, 1 drivers
v0x559f52ae5670_0 .net "m_axis_tdata", 15 0, v0x559f52ae43a0_0;  alias, 1 drivers
L_0x7f0e21d85a80 .functor BUFT 1, C4<0>, C4<0>, C4<0>, C4<0>;
v0x559f52ae5750_0 .net "m_axis_tdest", 0 0, L_0x7f0e21d85a80;  1 drivers
L_0x7f0e21d85a38 .functor BUFT 1, C4<0>, C4<0>, C4<0>, C4<0>;
v0x559f52ae5810_0 .net "m_axis_tid", 0 0, L_0x7f0e21d85a38;  1 drivers
L_0x7f0e21d859f0 .functor BUFT 1, C4<1>, C4<0>, C4<0>, C4<0>;
v0x559f52ae58f0_0 .net "m_axis_tkeep", 0 0, L_0x7f0e21d859f0;  1 drivers
v0x559f52ae59d0_0 .net "m_axis_tlast", 0 0, v0x559f52ae4720_0;  alias, 1 drivers
v0x559f52ae5a90_0 .net "m_axis_tready", 0 0, L_0x559f52b09fb0;  alias, 1 drivers
L_0x7f0e21d85ac8 .functor BUFT 1, C4<0>, C4<0>, C4<0>, C4<0>;
v0x559f52ae5b50_0 .net "m_axis_tuser", 0 0, L_0x7f0e21d85ac8;  1 drivers
v0x559f52ae5c30_0 .net "m_axis_tvalid", 0 0, L_0x559f52b08960;  alias, 1 drivers
v0x559f52ae5cf0_0 .net "rst", 0 0, v0x559f52af3470_0;  alias, 1 drivers
v0x559f52ae5e20_0 .net "s_axis_tdata", 15 0, v0x559f52af3910_0;  alias, 1 drivers
L_0x7f0e21d85ba0 .functor BUFT 1, C4<0>, C4<0>, C4<0>, C4<0>;
v0x559f52ae5f00_0 .net "s_axis_tdest", 0 0, L_0x7f0e21d85ba0;  1 drivers
L_0x7f0e21d85b58 .functor BUFT 1, C4<0>, C4<0>, C4<0>, C4<0>;
v0x559f52ae5fe0_0 .net "s_axis_tid", 0 0, L_0x7f0e21d85b58;  1 drivers
L_0x7f0e21d85b10 .functor BUFT 1, C4<1>, C4<0>, C4<0>, C4<0>;
v0x559f52ae60c0_0 .net "s_axis_tkeep", 0 0, L_0x7f0e21d85b10;  1 drivers
v0x559f52ae61a0_0 .net "s_axis_tlast", 0 0, v0x559f52af39d0_0;  alias, 1 drivers
v0x559f52ae6260_0 .net "s_axis_tready", 0 0, v0x559f52ae4b00_0;  alias, 1 drivers
L_0x7f0e21d85be8 .functor BUFT 1, C4<0>, C4<0>, C4<0>, C4<0>;
v0x559f52ae6320_0 .net "s_axis_tuser", 0 0, L_0x7f0e21d85be8;  1 drivers
v0x559f52ae6510_0 .net "s_axis_tvalid", 0 0, L_0x559f52b091d0;  1 drivers
S_0x559f52ae3d10 .scope generate, "genblk1" "genblk1" 5 91, 5 91 0, S_0x559f52ae3180;
 .timescale -9 -12;
L_0x559f52b08960 .functor BUFZ 1, v0x559f52ae4980_0, C4<0>, C4<0>, C4<0>;
L_0x559f52b08f20 .functor OR 1, L_0x559f52b08d80, L_0x559f52b08e50, C4<0>, C4<0>;
L_0x559f52b08fc0 .functor AND 1, L_0x559f52b08c80, L_0x559f52b08f20, C4<1>, C4<1>;
L_0x559f52b090c0 .functor OR 1, L_0x559f52b09fb0, L_0x559f52b08fc0, C4<0>, C4<0>;
v0x559f52ae3f60_0 .net *"_ivl_17", 0 0, L_0x559f52b08c80;  1 drivers
v0x559f52ae4040_0 .net *"_ivl_19", 0 0, L_0x559f52b08d80;  1 drivers
v0x559f52ae4100_0 .net *"_ivl_21", 0 0, L_0x559f52b08e50;  1 drivers
v0x559f52ae41d0_0 .net *"_ivl_23", 0 0, L_0x559f52b08f20;  1 drivers
v0x559f52ae4290_0 .net *"_ivl_25", 0 0, L_0x559f52b08fc0;  1 drivers
v0x559f52ae43a0_0 .var "m_axis_tdata_reg", 15 0;
v0x559f52ae4480_0 .var "m_axis_tdest_reg", 0 0;
v0x559f52ae4560_0 .var "m_axis_tid_reg", 0 0;
v0x559f52ae4640_0 .var "m_axis_tkeep_reg", 0 0;
v0x559f52ae4720_0 .var "m_axis_tlast_reg", 0 0;
v0x559f52ae47e0_0 .var "m_axis_tuser_reg", 0 0;
v0x559f52ae48c0_0 .var "m_axis_tvalid_next", 0 0;
v0x559f52ae4980_0 .var "m_axis_tvalid_reg", 0 0;
v0x559f52ae4a40_0 .net "s_axis_tready_early", 0 0, L_0x559f52b090c0;  1 drivers
v0x559f52ae4b00_0 .var "s_axis_tready_reg", 0 0;
v0x559f52ae4bc0_0 .var "store_axis_input_to_output", 0 0;
v0x559f52ae4c80_0 .var "store_axis_input_to_temp", 0 0;
v0x559f52ae4e50_0 .var "store_axis_temp_to_output", 0 0;
v0x559f52ae4f10_0 .var "temp_m_axis_tdata_reg", 15 0;
v0x559f52ae4ff0_0 .var "temp_m_axis_tdest_reg", 0 0;
v0x559f52ae50d0_0 .var "temp_m_axis_tid_reg", 0 0;
v0x559f52ae51b0_0 .var "temp_m_axis_tkeep_reg", 0 0;
v0x559f52ae5290_0 .var "temp_m_axis_tlast_reg", 0 0;
v0x559f52ae5350_0 .var "temp_m_axis_tuser_reg", 0 0;
v0x559f52ae5430_0 .var "temp_m_axis_tvalid_next", 0 0;
v0x559f52ae54f0_0 .var "temp_m_axis_tvalid_reg", 0 0;
E_0x559f52a18970/0 .event anyedge, v0x559f52ae4980_0, v0x559f52ae54f0_0, v0x559f52ae4b00_0, v0x559f52ae5a90_0;
E_0x559f52a18970/1 .event anyedge, v0x559f52ae6510_0;
E_0x559f52a18970 .event/or E_0x559f52a18970/0, E_0x559f52a18970/1;
L_0x559f52b08c80 .reduce/nor v0x559f52ae54f0_0;
L_0x559f52b08d80 .reduce/nor v0x559f52ae4980_0;
L_0x559f52b08e50 .reduce/nor L_0x559f52b091d0;
S_0x559f52ae68b0 .scope module, "control_unit" "LPEControlUnit" 4 169, 6 26 0, S_0x559f52a936d0;
 .timescale -9 -12;
    .port_info 0 /INPUT 1 "clk";
    .port_info 1 /INPUT 1 "rst";
    .port_info 2 /INPUT 1 "int_axis_u_tvalid";
    .port_info 3 /INPUT 1 "int_axis_u_tlast";
    .port_info 4 /INPUT 1 "int_axis_d_tready";
    .port_info 5 /INPUT 1 "int_axis_l_tvalid";
    .port_info 6 /INPUT 1 "int_axis_l_tlast";
    .port_info 7 /INPUT 1 "int_axis_r_tready";
    .port_info 8 /INPUT 1 "int_axis_t_tvalid";
    .port_info 9 /INPUT 1 "int_axis_t_tlast";
    .port_info 10 /INPUT 1 "int_axis_b_tready";
    .port_info 11 /OUTPUT 1 "store_l";
    .port_info 12 /OUTPUT 1 "store_u";
    .port_info 13 /OUTPUT 1 "store_t";
    .port_info 14 /OUTPUT 1 "forward_l";
    .port_info 15 /OUTPUT 1 "forward_u";
    .port_info 16 /OUTPUT 1 "forward_t";
    .port_info 17 /OUTPUT 1 "drop_l";
    .port_info 18 /OUTPUT 1 "drop_u";
    .port_info 19 /OUTPUT 1 "drop_t";
    .port_info 20 /OUTPUT 1 "export_rslt";
    .port_info 21 /OUTPUT 1 "export_rslt_last";
    .port_info 22 /OUTPUT 1 "op_start";
    .port_info 23 /OUTPUT 1 "bypass_adder";
    .port_info 24 /OUTPUT 1 "acc_res";
    .port_info 25 /OUTPUT 1 "err_unalligned_data";
P_0x559f52ae6a40 .param/l "FSM_END" 1 6 102, C4<101>;
P_0x559f52ae6a80 .param/l "FSM_ERR" 1 6 101, C4<100>;
P_0x559f52ae6ac0 .param/l "FSM_MAC" 1 6 100, C4<011>;
P_0x559f52ae6b00 .param/l "FSM_ST0" 1 6 97, C4<000>;
P_0x559f52ae6b40 .param/l "FSM_STATE_WIDTH" 1 6 96, +C4<00000000000000000000000000000011>;
P_0x559f52ae6b80 .param/l "FSM_STRL" 1 6 98, C4<001>;
P_0x559f52ae6bc0 .param/l "FSM_STRT" 1 6 99, C4<010>;
P_0x559f52ae6c00 .param/l "PE_NUMBER_J" 0 6 28, +C4<00000000000000000000000000000001>;
P_0x559f52ae6c40 .param/l "PE_POSITION_J" 0 6 30, +C4<00000000000000000000000000000000>;
L_0x559f52b051a0 .functor AND 1, L_0x559f52b078d0, L_0x559f52b08350, C4<1>, C4<1>;
L_0x559f52b05210 .functor AND 1, L_0x559f52b08960, L_0x559f52b09650, C4<1>, C4<1>;
L_0x559f52b05280 .functor BUFZ 1, L_0x7f0e21d85060, C4<0>, C4<0>, C4<0>;
L_0x559f52b052f0 .functor AND 1, o0x7f0e21dd1348, L_0x559f52b07680, C4<1>, C4<1>;
L_0x559f52b053b0 .functor AND 1, L_0x559f52b051a0, v0x559f52adefe0_0, C4<1>, C4<1>;
L_0x559f52b05420 .functor AND 1, L_0x559f52b05210, v0x559f52ae4720_0, C4<1>, C4<1>;
L_0x559f52b05520 .functor AND 1, L_0x559f52b05280, o0x7f0e21dd1408, C4<1>, C4<1>;
L_0x559f52b05630 .functor AND 1, L_0x559f52b051a0, L_0x559f52b05210, C4<1>, C4<1>;
L_0x559f52b056f0 .functor AND 1, L_0x559f52b053b0, L_0x559f52b05420, C4<1>, C4<1>;
L_0x559f52b05800 .functor OR 1, v0x559f52ae9c00_0, L_0x559f52b04d30, C4<0>, C4<0>;
L_0x559f52b05920 .functor XOR 1, L_0x559f52b053b0, L_0x559f52b05420, C4<0>, C4<0>;
L_0x559f52b05b70 .functor AND 1, L_0x559f52b05990, L_0x559f52b05a80, C4<1>, C4<1>;
L_0x559f52b05d90 .functor OR 1, L_0x559f52b05800, L_0x559f52b05cf0, C4<0>, C4<0>;
L_0x559f52b06160 .functor OR 1, v0x559f52ae8e10_0, L_0x559f52b05f90, C4<0>, C4<0>;
L_0x559f52b066c0 .functor AND 1, L_0x559f52b06490, L_0x559f52b06530, C4<1>, C4<1>;
L_0x559f52b068c0 .functor AND 1, v0x559f52ae9e40_0, L_0x559f52b067d0, C4<1>, C4<1>;
L_0x559f52b06c10 .functor AND 1, L_0x559f52b06a70, L_0x559f52b06b70, C4<1>, C4<1>;
L_0x559f52b06e80 .functor AND 1, v0x559f52ae9fc0_0, L_0x559f52b06d20, C4<1>, C4<1>;
L_0x559f52b07280 .functor OR 1, L_0x559f52b05920, v0x559f52ae9840_0, C4<0>, C4<0>;
L_0x7f0e21d851c8 .functor BUFT 1, C4<101>, C4<0>, C4<0>, C4<0>;
v0x559f52ae78e0_0 .net/2u *"_ivl_24", 2 0, L_0x7f0e21d851c8;  1 drivers
v0x559f52ae79e0_0 .net *"_ivl_26", 0 0, L_0x559f52b05990;  1 drivers
L_0x7f0e21d85210 .functor BUFT 1, C4<101>, C4<0>, C4<0>, C4<0>;
v0x559f52ae7aa0_0 .net/2u *"_ivl_28", 2 0, L_0x7f0e21d85210;  1 drivers
v0x559f52ae7b90_0 .net *"_ivl_30", 0 0, L_0x559f52b05a80;  1 drivers
v0x559f52ae7c50_0 .net *"_ivl_33", 0 0, L_0x559f52b05b70;  1 drivers
v0x559f52ae7d60_0 .net *"_ivl_35", 0 0, L_0x559f52b05cf0;  1 drivers
v0x559f52ae7e20_0 .net *"_ivl_37", 0 0, L_0x559f52b05d90;  1 drivers
v0x559f52ae7ee0_0 .net *"_ivl_39", 0 0, L_0x559f52b05ea0;  1 drivers
v0x559f52ae7fa0_0 .net *"_ivl_40", 0 0, L_0x559f52b05f90;  1 drivers
L_0x7f0e21d85258 .functor BUFT 1, C4<101>, C4<0>, C4<0>, C4<0>;
v0x559f52ae8080_0 .net/2u *"_ivl_48", 2 0, L_0x7f0e21d85258;  1 drivers
v0x559f52ae8160_0 .net *"_ivl_50", 0 0, L_0x559f52b06490;  1 drivers
L_0x7f0e21d852a0 .functor BUFT 1, C4<101>, C4<0>, C4<0>, C4<0>;
v0x559f52ae8220_0 .net/2u *"_ivl_52", 2 0, L_0x7f0e21d852a0;  1 drivers
v0x559f52ae8300_0 .net *"_ivl_54", 0 0, L_0x559f52b06530;  1 drivers
v0x559f52ae83c0_0 .net *"_ivl_57", 0 0, L_0x559f52b066c0;  1 drivers
v0x559f52ae8480_0 .net *"_ivl_59", 0 0, L_0x559f52b067d0;  1 drivers
L_0x7f0e21d852e8 .functor BUFT 1, C4<101>, C4<0>, C4<0>, C4<0>;
v0x559f52ae8540_0 .net/2u *"_ivl_62", 2 0, L_0x7f0e21d852e8;  1 drivers
v0x559f52ae8620_0 .net *"_ivl_64", 0 0, L_0x559f52b06a70;  1 drivers
L_0x7f0e21d85330 .functor BUFT 1, C4<101>, C4<0>, C4<0>, C4<0>;
v0x559f52ae87f0_0 .net/2u *"_ivl_66", 2 0, L_0x7f0e21d85330;  1 drivers
v0x559f52ae88d0_0 .net *"_ivl_68", 0 0, L_0x559f52b06b70;  1 drivers
v0x559f52ae8990_0 .net *"_ivl_71", 0 0, L_0x559f52b06c10;  1 drivers
v0x559f52ae8a50_0 .net *"_ivl_73", 0 0, L_0x559f52b06d20;  1 drivers
v0x559f52ae8b10_0 .net "acc_res", 0 0, L_0x7f0e21d85138;  alias, 1 drivers
v0x559f52ae8bd0_0 .var "acc_res_reg", 0 0;
v0x559f52ae8c90_0 .net "bypass_adder", 0 0, L_0x559f52a9d0b0;  alias, 1 drivers
v0x559f52ae8d50_0 .net "bypass_adder_int", 0 0, L_0x559f52b06160;  1 drivers
v0x559f52ae8e10_0 .var "bypass_adder_reg", 0 0;
v0x559f52ae8ed0_0 .net "clk", 0 0, v0x559f52af23c0_0;  alias, 1 drivers
v0x559f52ae8f70_0 .net "down_axis_open", 0 0, L_0x559f52b052f0;  1 drivers
v0x559f52ae9030_0 .net "drop_l", 0 0, v0x559f52ae90f0_0;  alias, 1 drivers
v0x559f52ae90f0_0 .var "drop_l_reg", 0 0;
v0x559f52ae91b0_0 .net "drop_t", 0 0, v0x559f52ae9270_0;  alias, 1 drivers
v0x559f52ae9270_0 .var "drop_t_reg", 0 0;
v0x559f52ae9330_0 .net "drop_u", 0 0, o0x7f0e21dd1078;  alias, 0 drivers
v0x559f52ae9600_0 .var "drop_u_reg", 0 0;
v0x559f52ae96c0_0 .net "err_unalligned_data", 0 0, L_0x559f52b07280;  alias, 1 drivers
v0x559f52ae9780_0 .net "err_unalligned_data_int", 0 0, L_0x559f52b05920;  1 drivers
v0x559f52ae9840_0 .var "err_unalligned_data_reg", 0 0;
v0x559f52ae9900_0 .net "export_rslt", 0 0, L_0x559f52b04ff0;  alias, 1 drivers
v0x559f52ae99c0_0 .net "export_rslt_int", 0 0, L_0x559f52b04d30;  1 drivers
v0x559f52ae9a80_0 .net "export_rslt_last", 0 0, L_0x559f52b050e0;  alias, 1 drivers
v0x559f52ae9b40_0 .net "export_rslt_last_int", 0 0, L_0x559f52b04f80;  1 drivers
v0x559f52ae9c00_0 .var "export_rslt_reg", 0 0;
v0x559f52ae9cc0_0 .net "export_rslt_reg_next", 0 0, L_0x559f52b05800;  1 drivers
v0x559f52ae9d80_0 .net "forward_l", 0 0, L_0x559f52b068c0;  alias, 1 drivers
v0x559f52ae9e40_0 .var "forward_l_reg", 0 0;
v0x559f52ae9f00_0 .net "forward_t", 0 0, L_0x559f52b06e80;  alias, 1 drivers
v0x559f52ae9fc0_0 .var "forward_t_reg", 0 0;
v0x559f52aea080_0 .net "forward_u", 0 0, o0x7f0e21dd1348;  alias, 0 drivers
v0x559f52aea140_0 .var "forward_u_reg", 0 0;
v0x559f52aea200_0 .var "fsm_state", 2 0;
v0x559f52aea2e0_0 .var "fsm_state_next", 2 0;
v0x559f52aea3c0_0 .net "int_axis_b_tready", 0 0, L_0x559f52b09650;  alias, 1 drivers
v0x559f52aea460_0 .net "int_axis_d_tready", 0 0, L_0x559f52b07680;  alias, 1 drivers
v0x559f52aea530_0 .net "int_axis_l_tlast", 0 0, v0x559f52adefe0_0;  alias, 1 drivers
v0x559f52aea600_0 .net "int_axis_l_tvalid", 0 0, L_0x559f52b078d0;  alias, 1 drivers
v0x559f52aea6d0_0 .net "int_axis_r_tready", 0 0, L_0x559f52b08350;  alias, 1 drivers
v0x559f52aea7a0_0 .net "int_axis_t_tlast", 0 0, v0x559f52ae4720_0;  alias, 1 drivers
v0x559f52aea870_0 .net "int_axis_t_tvalid", 0 0, L_0x559f52b08960;  alias, 1 drivers
v0x559f52aea940_0 .net "int_axis_u_tlast", 0 0, o0x7f0e21dd1408;  alias, 0 drivers
v0x559f52aea9e0_0 .net "int_axis_u_tvalid", 0 0, L_0x7f0e21d85060;  alias, 1 drivers
v0x559f52aeaa80_0 .net "op0_flag", 0 0, L_0x559f52b051a0;  1 drivers
v0x559f52aeab20_0 .net "op0_last_flag", 0 0, L_0x559f52b053b0;  1 drivers
v0x559f52aeabc0_0 .net "op1_flag", 0 0, L_0x559f52b05210;  1 drivers
v0x559f52aeac60_0 .net "op1_last_flag", 0 0, L_0x559f52b05420;  1 drivers
v0x559f52aead00_0 .net "op_start", 0 0, L_0x559f52b04ec0;  alias, 1 drivers
v0x559f52aeb1b0_0 .var "op_start_reg", 0 0;
v0x559f52aeb270_0 .net "op_valid", 0 0, L_0x559f52b05630;  1 drivers
v0x559f52aeb330_0 .var "partial_sum_last_reg", 0 0;
v0x559f52aeb3f0_0 .net "partial_sum_last_reg_next", 0 0, L_0x559f52b056f0;  1 drivers
v0x559f52aeb4b0_0 .net "rslt_flag", 0 0, L_0x559f52b05280;  1 drivers
v0x559f52aeb570_0 .net "rslt_last_flag", 0 0, L_0x559f52b05520;  1 drivers
v0x559f52aeb630_0 .net "rst", 0 0, v0x559f52af3470_0;  alias, 1 drivers
v0x559f52aeb6d0_0 .net "store_l", 0 0, v0x559f52aeb790_0;  alias, 1 drivers
v0x559f52aeb790_0 .var "store_l_reg", 0 0;
v0x559f52aeb850_0 .net "store_t", 0 0, v0x559f52aeb910_0;  alias, 1 drivers
v0x559f52aeb910_0 .var "store_t_reg", 0 0;
v0x559f52aeb9d0_0 .net "store_u", 0 0, o0x7f0e21dd1738;  alias, 0 drivers
v0x559f52aeba90_0 .var "store_u_reg", 0 0;
E_0x559f5299b7f0/0 .event anyedge, v0x559f52aea200_0, v0x559f52aeb270_0, v0x559f52aeb3f0_0, v0x559f52aeab20_0;
E_0x559f5299b7f0/1 .event anyedge, v0x559f52aeac60_0, v0x559f52aeaa80_0, v0x559f52aeabc0_0, v0x559f52ae9b40_0;
E_0x559f5299b7f0/2 .event anyedge, v0x559f52add650_0, v0x559f52ae9780_0, v0x559f52adb530_0;
E_0x559f5299b7f0 .event/or E_0x559f5299b7f0/0, E_0x559f5299b7f0/1, E_0x559f5299b7f0/2;
L_0x7f0e21d85180 .functor BUFT 1, C4<0>, C4<0>, C4<0>, C4<0>;
L_0x559f52b04ff0 .functor MUXZ 1, L_0x559f52b04d30, L_0x7f0e21d85180, v0x559f52ae9c00_0, C4<>;
L_0x559f52b05990 .cmp/eq 3, v0x559f52aea200_0, L_0x7f0e21d851c8;
L_0x559f52b05a80 .cmp/eq 3, v0x559f52aea2e0_0, L_0x7f0e21d85210;
L_0x559f52b05cf0 .reduce/nor L_0x559f52b05280;
L_0x559f52b05ea0 .reduce/nor L_0x559f52b05630;
L_0x559f52b05f90 .functor MUXZ 1, L_0x559f52b05ea0, L_0x559f52b05d90, L_0x559f52b05b70, C4<>;
L_0x559f52b06490 .cmp/eq 3, v0x559f52aea200_0, L_0x7f0e21d85258;
L_0x559f52b06530 .cmp/eq 3, v0x559f52aea2e0_0, L_0x7f0e21d852a0;
L_0x559f52b067d0 .reduce/nor L_0x559f52b066c0;
L_0x559f52b06a70 .cmp/eq 3, v0x559f52aea200_0, L_0x7f0e21d852e8;
L_0x559f52b06b70 .cmp/eq 3, v0x559f52aea2e0_0, L_0x7f0e21d85330;
L_0x559f52b06d20 .reduce/nor L_0x559f52b06c10;
S_0x559f52ae7380 .scope generate, "genblk1" "genblk1" 6 131, 6 131 0, S_0x559f52ae68b0;
 .timescale -9 -12;
L_0x7f0e21d850f0 .functor BUFT 1, C4<101>, C4<0>, C4<0>, C4<0>;
v0x559f52a881c0_0 .net/2u *"_ivl_0", 2 0, L_0x7f0e21d850f0;  1 drivers
L_0x559f52b04d30 .cmp/eq 3, v0x559f52aea200_0, L_0x7f0e21d850f0;
S_0x559f52ae7590 .scope generate, "genblk7" "genblk7" 6 495, 6 495 0, S_0x559f52ae68b0;
 .timescale -9 -12;
L_0x559f52a9d0b0 .functor BUFZ 1, v0x559f52ae8e10_0, C4<0>, C4<0>, C4<0>;
L_0x559f52ab94b0 .functor AND 1, L_0x559f52b04ff0, L_0x559f52b07680, C4<1>, C4<1>;
L_0x559f52b04ec0 .functor OR 1, v0x559f52aeb1b0_0, L_0x559f52ab94b0, C4<0>, C4<0>;
L_0x559f52b04f80 .functor BUFZ 1, L_0x559f52b04ff0, C4<0>, C4<0>, C4<0>;
L_0x559f52b050e0 .functor BUFZ 1, L_0x559f52b04f80, C4<0>, C4<0>, C4<0>;
v0x559f52ae7740_0 .net *"_ivl_11", 0 0, L_0x559f52ab94b0;  1 drivers
v0x559f52ae7800_0 .net/2u *"_ivl_16", 0 0, L_0x7f0e21d85180;  1 drivers
S_0x559f52aebe90 .scope generate, "genblk1" "genblk1" 4 205, 4 205 0, S_0x559f52a936d0;
 .timescale -9 -12;
S_0x559f52aec020 .scope generate, "genblk2" "genblk2" 4 478, 4 478 0, S_0x559f52a936d0;
 .timescale -9 -12;
L_0x559f52ac3c90 .functor BUFZ 32, v0x559f52aef2f0_0, C4<00000000000000000000000000000000>, C4<00000000000000000000000000000000>, C4<00000000000000000000000000000000>;
L_0x559f52ace4c0 .functor BUFZ 1, L_0x559f52b04ff0, C4<0>, C4<0>, C4<0>;
L_0x559f52ac0dd0 .functor BUFZ 1, L_0x559f52b050e0, C4<0>, C4<0>, C4<0>;
    .scope S_0x559f52ae68b0;
T_0 ;
    %pushi/vec4 0, 0, 1;
    %store/vec4 v0x559f52aeb330_0, 0, 1;
    %end;
    .thread T_0;
    .scope S_0x559f52ae68b0;
T_1 ;
    %wait E_0x559f52a187f0;
    %load/vec4 v0x559f52aeb630_0;
    %flag_set/vec4 8;
    %jmp/0xz  T_1.0, 8;
    %pushi/vec4 0, 0, 3;
    %assign/vec4 v0x559f52aea200_0, 0;
    %pushi/vec4 0, 0, 1;
    %assign/vec4 v0x559f52aeb790_0, 0;
    %pushi/vec4 0, 0, 1;
    %assign/vec4 v0x559f52aeb910_0, 0;
    %pushi/vec4 0, 0, 1;
    %assign/vec4 v0x559f52aeba90_0, 0;
    %pushi/vec4 1, 0, 1;
    %assign/vec4 v0x559f52ae90f0_0, 0;
    %pushi/vec4 1, 0, 1;
    %assign/vec4 v0x559f52ae9270_0, 0;
    %pushi/vec4 1, 0, 1;
    %assign/vec4 v0x559f52ae9600_0, 0;
    %pushi/vec4 0, 0, 1;
    %assign/vec4 v0x559f52ae9e40_0, 0;
    %pushi/vec4 0, 0, 1;
    %assign/vec4 v0x559f52ae9fc0_0, 0;
    %pushi/vec4 0, 0, 1;
    %assign/vec4 v0x559f52aea140_0, 0;
    %pushi/vec4 1, 0, 1;
    %assign/vec4 v0x559f52aeb1b0_0, 0;
    %pushi/vec4 1, 0, 1;
    %assign/vec4 v0x559f52ae8e10_0, 0;
    %pushi/vec4 0, 0, 1;
    %assign/vec4 v0x559f52aeb330_0, 0;
    %pushi/vec4 0, 0, 1;
    %assign/vec4 v0x559f52ae8bd0_0, 0;
    %pushi/vec4 0, 0, 1;
    %assign/vec4 v0x559f52ae9840_0, 0;
    %jmp T_1.1;
T_1.0 ;
    %load/vec4 v0x559f52aea2e0_0;
    %assign/vec4 v0x559f52aea200_0, 0;
    %load/vec4 v0x559f52aea2e0_0;
    %dup/vec4;
    %pushi/vec4 0, 0, 3;
    %cmp/u;
    %jmp/1 T_1.2, 6;
    %dup/vec4;
    %pushi/vec4 1, 0, 3;
    %cmp/u;
    %jmp/1 T_1.3, 6;
    %dup/vec4;
    %pushi/vec4 2, 0, 3;
    %cmp/u;
    %jmp/1 T_1.4, 6;
    %dup/vec4;
    %pushi/vec4 3, 0, 3;
    %cmp/u;
    %jmp/1 T_1.5, 6;
    %dup/vec4;
    %pushi/vec4 5, 0, 3;
    %cmp/u;
    %jmp/1 T_1.6, 6;
    %dup/vec4;
    %pushi/vec4 4, 0, 3;
    %cmp/u;
    %jmp/1 T_1.7, 6;
    %pushi/vec4 2, 0, 3;
    %assign/vec4 v0x559f52aea200_0, 0;
    %pushi/vec4 0, 0, 1;
    %assign/vec4 v0x559f52aeb330_0, 0;
    %pushi/vec4 0, 0, 1;
    %assign/vec4 v0x559f52aeb790_0, 0;
    %pushi/vec4 0, 0, 1;
    %assign/vec4 v0x559f52aeb910_0, 0;
    %pushi/vec4 0, 0, 1;
    %assign/vec4 v0x559f52aeba90_0, 0;
    %pushi/vec4 0, 0, 1;
    %assign/vec4 v0x559f52ae90f0_0, 0;
    %pushi/vec4 0, 0, 1;
    %assign/vec4 v0x559f52ae9270_0, 0;
    %pushi/vec4 0, 0, 1;
    %assign/vec4 v0x559f52ae9600_0, 0;
    %pushi/vec4 0, 0, 1;
    %assign/vec4 v0x559f52ae9e40_0, 0;
    %pushi/vec4 0, 0, 1;
    %assign/vec4 v0x559f52ae9fc0_0, 0;
    %pushi/vec4 0, 0, 1;
    %assign/vec4 v0x559f52aea140_0, 0;
    %pushi/vec4 0, 0, 1;
    %assign/vec4 v0x559f52aeb1b0_0, 0;
    %pushi/vec4 1, 0, 1;
    %assign/vec4 v0x559f52ae8e10_0, 0;
    %pushi/vec4 0, 0, 1;
    %assign/vec4 v0x559f52ae8bd0_0, 0;
    %pushi/vec4 0, 0, 1;
    %assign/vec4 v0x559f52ae9840_0, 0;
    %jmp T_1.9;
T_1.2 ;
    %pushi/vec4 1, 0, 1;
    %assign/vec4 v0x559f52aeb790_0, 0;
    %pushi/vec4 1, 0, 1;
    %assign/vec4 v0x559f52aeb910_0, 0;
    %pushi/vec4 1, 0, 1;
    %assign/vec4 v0x559f52aeba90_0, 0;
    %pushi/vec4 0, 0, 1;
    %assign/vec4 v0x559f52ae90f0_0, 0;
    %pushi/vec4 0, 0, 1;
    %assign/vec4 v0x559f52ae9270_0, 0;
    %pushi/vec4 0, 0, 1;
    %assign/vec4 v0x559f52ae9600_0, 0;
    %pushi/vec4 1, 0, 1;
    %assign/vec4 v0x559f52ae9e40_0, 0;
    %pushi/vec4 1, 0, 1;
    %assign/vec4 v0x559f52ae9fc0_0, 0;
    %pushi/vec4 0, 0, 1;
    %assign/vec4 v0x559f52aea140_0, 0;
    %pushi/vec4 1, 0, 1;
    %assign/vec4 v0x559f52aeb1b0_0, 0;
    %pushi/vec4 0, 0, 1;
    %assign/vec4 v0x559f52ae8e10_0, 0;
    %pushi/vec4 0, 0, 1;
    %assign/vec4 v0x559f52aeb330_0, 0;
    %pushi/vec4 0, 0, 1;
    %assign/vec4 v0x559f52ae8bd0_0, 0;
    %pushi/vec4 0, 0, 1;
    %assign/vec4 v0x559f52ae9840_0, 0;
    %pushi/vec4 0, 0, 1;
    %assign/vec4 v0x559f52ae9c00_0, 0;
    %jmp T_1.9;
T_1.3 ;
    %pushi/vec4 0, 0, 1;
    %assign/vec4 v0x559f52aeb790_0, 0;
    %pushi/vec4 1, 0, 1;
    %assign/vec4 v0x559f52aeb910_0, 0;
    %pushi/vec4 1, 0, 1;
    %assign/vec4 v0x559f52aeba90_0, 0;
    %pushi/vec4 0, 0, 1;
    %assign/vec4 v0x559f52ae90f0_0, 0;
    %pushi/vec4 0, 0, 1;
    %assign/vec4 v0x559f52ae9270_0, 0;
    %pushi/vec4 0, 0, 1;
    %assign/vec4 v0x559f52ae9600_0, 0;
    %pushi/vec4 0, 0, 1;
    %assign/vec4 v0x559f52ae9e40_0, 0;
    %pushi/vec4 1, 0, 1;
    %assign/vec4 v0x559f52ae9fc0_0, 0;
    %pushi/vec4 0, 0, 1;
    %assign/vec4 v0x559f52aea140_0, 0;
    %pushi/vec4 0, 0, 1;
    %assign/vec4 v0x559f52aeb1b0_0, 0;
    %pushi/vec4 1, 0, 1;
    %assign/vec4 v0x559f52ae8e10_0, 0;
    %pushi/vec4 0, 0, 1;
    %assign/vec4 v0x559f52aeb330_0, 0;
    %pushi/vec4 0, 0, 1;
    %assign/vec4 v0x559f52ae8bd0_0, 0;
    %pushi/vec4 0, 0, 1;
    %assign/vec4 v0x559f52ae9840_0, 0;
    %pushi/vec4 0, 0, 1;
    %assign/vec4 v0x559f52ae9c00_0, 0;
    %jmp T_1.9;
T_1.4 ;
    %pushi/vec4 1, 0, 1;
    %assign/vec4 v0x559f52aeb790_0, 0;
    %pushi/vec4 0, 0, 1;
    %assign/vec4 v0x559f52aeb910_0, 0;
    %pushi/vec4 1, 0, 1;
    %assign/vec4 v0x559f52aeba90_0, 0;
    %pushi/vec4 0, 0, 1;
    %assign/vec4 v0x559f52ae90f0_0, 0;
    %pushi/vec4 0, 0, 1;
    %assign/vec4 v0x559f52ae9270_0, 0;
    %pushi/vec4 0, 0, 1;
    %assign/vec4 v0x559f52ae9600_0, 0;
    %pushi/vec4 1, 0, 1;
    %assign/vec4 v0x559f52ae9e40_0, 0;
    %pushi/vec4 0, 0, 1;
    %assign/vec4 v0x559f52ae9fc0_0, 0;
    %pushi/vec4 0, 0, 1;
    %assign/vec4 v0x559f52aea140_0, 0;
    %pushi/vec4 0, 0, 1;
    %assign/vec4 v0x559f52aeb1b0_0, 0;
    %pushi/vec4 1, 0, 1;
    %assign/vec4 v0x559f52ae8e10_0, 0;
    %pushi/vec4 0, 0, 1;
    %assign/vec4 v0x559f52aeb330_0, 0;
    %pushi/vec4 0, 0, 1;
    %assign/vec4 v0x559f52ae8bd0_0, 0;
    %pushi/vec4 0, 0, 1;
    %assign/vec4 v0x559f52ae9840_0, 0;
    %pushi/vec4 0, 0, 1;
    %assign/vec4 v0x559f52ae9c00_0, 0;
    %jmp T_1.9;
T_1.5 ;
    %pushi/vec4 1, 0, 1;
    %assign/vec4 v0x559f52aeb790_0, 0;
    %pushi/vec4 1, 0, 1;
    %assign/vec4 v0x559f52aeb910_0, 0;
    %pushi/vec4 1, 0, 1;
    %assign/vec4 v0x559f52aeba90_0, 0;
    %pushi/vec4 0, 0, 1;
    %assign/vec4 v0x559f52ae90f0_0, 0;
    %pushi/vec4 0, 0, 1;
    %assign/vec4 v0x559f52ae9270_0, 0;
    %pushi/vec4 0, 0, 1;
    %assign/vec4 v0x559f52ae9600_0, 0;
    %pushi/vec4 1, 0, 1;
    %assign/vec4 v0x559f52ae9e40_0, 0;
    %pushi/vec4 1, 0, 1;
    %assign/vec4 v0x559f52ae9fc0_0, 0;
    %pushi/vec4 0, 0, 1;
    %assign/vec4 v0x559f52aea140_0, 0;
    %pushi/vec4 0, 0, 1;
    %assign/vec4 v0x559f52aeb1b0_0, 0;
    %pushi/vec4 0, 0, 1;
    %assign/vec4 v0x559f52ae8e10_0, 0;
    %load/vec4 v0x559f52aeb3f0_0;
    %assign/vec4 v0x559f52aeb330_0, 0;
    %pushi/vec4 0, 0, 1;
    %assign/vec4 v0x559f52ae8bd0_0, 0;
    %pushi/vec4 0, 0, 1;
    %assign/vec4 v0x559f52ae9840_0, 0;
    %pushi/vec4 0, 0, 1;
    %assign/vec4 v0x559f52ae9c00_0, 0;
    %jmp T_1.9;
T_1.6 ;
    %pushi/vec4 1, 0, 1;
    %assign/vec4 v0x559f52aeb790_0, 0;
    %pushi/vec4 1, 0, 1;
    %assign/vec4 v0x559f52aeb910_0, 0;
    %pushi/vec4 1, 0, 1;
    %assign/vec4 v0x559f52aeba90_0, 0;
    %pushi/vec4 0, 0, 1;
    %assign/vec4 v0x559f52ae90f0_0, 0;
    %pushi/vec4 0, 0, 1;
    %assign/vec4 v0x559f52ae9270_0, 0;
    %pushi/vec4 0, 0, 1;
    %assign/vec4 v0x559f52ae9600_0, 0;
    %load/vec4 v0x559f52aeb270_0;
    %assign/vec4 v0x559f52ae9e40_0, 0;
    %load/vec4 v0x559f52aeb270_0;
    %assign/vec4 v0x559f52ae9fc0_0, 0;
    %pushi/vec4 0, 0, 1;
    %assign/vec4 v0x559f52aea140_0, 0;
    %pushi/vec4 0, 0, 1;
    %assign/vec4 v0x559f52aeb1b0_0, 0;
    %load/vec4 v0x559f52aea200_0;
    %cmpi/e 5, 0, 3;
    %flag_mov 8, 4;
    %jmp/0 T_1.10, 8;
    %load/vec4 v0x559f52ae9c00_0;
    %jmp/1 T_1.11, 8;
T_1.10 ; End of true expr.
    %pushi/vec4 0, 0, 1;
    %jmp/0 T_1.11, 8;
 ; End of false expr.
    %blend;
T_1.11;
    %assign/vec4 v0x559f52ae8e10_0, 0;
    %load/vec4 v0x559f52aeb3f0_0;
    %assign/vec4 v0x559f52aeb330_0, 0;
    %pushi/vec4 1, 0, 1;
    %assign/vec4 v0x559f52ae8bd0_0, 0;
    %load/vec4 v0x559f52aea460_0;
    %flag_set/vec4 8;
    %jmp/0xz  T_1.12, 8;
    %load/vec4 v0x559f52ae9cc0_0;
    %assign/vec4 v0x559f52ae9c00_0, 0;
T_1.12 ;
    %pushi/vec4 0, 0, 1;
    %assign/vec4 v0x559f52ae9840_0, 0;
    %jmp T_1.9;
T_1.7 ;
    %pushi/vec4 0, 0, 1;
    %assign/vec4 v0x559f52aeb790_0, 0;
    %pushi/vec4 0, 0, 1;
    %assign/vec4 v0x559f52aeb910_0, 0;
    %pushi/vec4 0, 0, 1;
    %assign/vec4 v0x559f52aeba90_0, 0;
    %pushi/vec4 1, 0, 1;
    %assign/vec4 v0x559f52ae90f0_0, 0;
    %pushi/vec4 1, 0, 1;
    %assign/vec4 v0x559f52ae9270_0, 0;
    %pushi/vec4 1, 0, 1;
    %assign/vec4 v0x559f52ae9600_0, 0;
    %pushi/vec4 0, 0, 1;
    %assign/vec4 v0x559f52ae9e40_0, 0;
    %pushi/vec4 0, 0, 1;
    %assign/vec4 v0x559f52ae9fc0_0, 0;
    %pushi/vec4 0, 0, 1;
    %assign/vec4 v0x559f52aea140_0, 0;
    %pushi/vec4 0, 0, 1;
    %assign/vec4 v0x559f52aeb1b0_0, 0;
    %pushi/vec4 1, 0, 1;
    %assign/vec4 v0x559f52ae8e10_0, 0;
    %load/vec4 v0x559f52aeb330_0;
    %assign/vec4 v0x559f52aeb330_0, 0;
    %pushi/vec4 0, 0, 1;
    %assign/vec4 v0x559f52ae8bd0_0, 0;
    %load/vec4 v0x559f52ae9780_0;
    %assign/vec4 v0x559f52ae9840_0, 0;
    %jmp T_1.9;
T_1.9 ;
    %pop/vec4 1;
T_1.1 ;
    %jmp T_1;
    .thread T_1;
    .scope S_0x559f52ae68b0;
T_2 ;
    %wait E_0x559f5299b7f0;
    %load/vec4 v0x559f52aea200_0;
    %dup/vec4;
    %pushi/vec4 0, 0, 3;
    %cmp/u;
    %jmp/1 T_2.0, 6;
    %dup/vec4;
    %pushi/vec4 3, 0, 3;
    %cmp/u;
    %jmp/1 T_2.1, 6;
    %dup/vec4;
    %pushi/vec4 1, 0, 3;
    %cmp/u;
    %jmp/1 T_2.2, 6;
    %dup/vec4;
    %pushi/vec4 2, 0, 3;
    %cmp/u;
    %jmp/1 T_2.3, 6;
    %dup/vec4;
    %pushi/vec4 5, 0, 3;
    %cmp/u;
    %jmp/1 T_2.4, 6;
    %dup/vec4;
    %pushi/vec4 4, 0, 3;
    %cmp/u;
    %jmp/1 T_2.5, 6;
    %pushi/vec4 0, 0, 3;
    %assign/vec4 v0x559f52aea2e0_0, 0;
    %jmp T_2.7;
T_2.0 ;
    %load/vec4 v0x559f52aeb270_0;
    %flag_set/vec4 8;
    %jmp/0xz  T_2.8, 8;
    %load/vec4 v0x559f52aeb3f0_0;
    %flag_set/vec4 8;
    %jmp/0xz  T_2.10, 8;
    %pushi/vec4 5, 0, 3;
    %assign/vec4 v0x559f52aea2e0_0, 0;
    %jmp T_2.11;
T_2.10 ;
    %load/vec4 v0x559f52aeab20_0;
    %load/vec4 v0x559f52aeac60_0;
    %or;
    %flag_set/vec4 8;
    %jmp/0xz  T_2.12, 8;
    %pushi/vec4 4, 0, 3;
    %assign/vec4 v0x559f52aea2e0_0, 0;
    %jmp T_2.13;
T_2.12 ;
    %pushi/vec4 3, 0, 3;
    %assign/vec4 v0x559f52aea2e0_0, 0;
T_2.13 ;
T_2.11 ;
    %jmp T_2.9;
T_2.8 ;
    %load/vec4 v0x559f52aeaa80_0;
    %flag_set/vec4 8;
    %jmp/0xz  T_2.14, 8;
    %pushi/vec4 1, 0, 3;
    %assign/vec4 v0x559f52aea2e0_0, 0;
    %jmp T_2.15;
T_2.14 ;
    %load/vec4 v0x559f52aeabc0_0;
    %flag_set/vec4 8;
    %jmp/0xz  T_2.16, 8;
    %pushi/vec4 2, 0, 3;
    %assign/vec4 v0x559f52aea2e0_0, 0;
T_2.16 ;
T_2.15 ;
T_2.9 ;
    %jmp T_2.7;
T_2.1 ;
    %load/vec4 v0x559f52aeb270_0;
    %flag_set/vec4 8;
    %jmp/0xz  T_2.18, 8;
    %load/vec4 v0x559f52aeb3f0_0;
    %flag_set/vec4 8;
    %jmp/0xz  T_2.20, 8;
    %pushi/vec4 5, 0, 3;
    %assign/vec4 v0x559f52aea2e0_0, 0;
    %jmp T_2.21;
T_2.20 ;
    %load/vec4 v0x559f52aeab20_0;
    %load/vec4 v0x559f52aeac60_0;
    %or;
    %flag_set/vec4 8;
    %jmp/0xz  T_2.22, 8;
    %pushi/vec4 4, 0, 3;
    %assign/vec4 v0x559f52aea2e0_0, 0;
    %jmp T_2.23;
T_2.22 ;
    %pushi/vec4 3, 0, 3;
    %assign/vec4 v0x559f52aea2e0_0, 0;
T_2.23 ;
T_2.21 ;
    %jmp T_2.19;
T_2.18 ;
    %load/vec4 v0x559f52aeaa80_0;
    %flag_set/vec4 8;
    %jmp/0xz  T_2.24, 8;
    %pushi/vec4 1, 0, 3;
    %assign/vec4 v0x559f52aea2e0_0, 0;
    %jmp T_2.25;
T_2.24 ;
    %load/vec4 v0x559f52aeabc0_0;
    %flag_set/vec4 8;
    %jmp/0xz  T_2.26, 8;
    %pushi/vec4 2, 0, 3;
    %assign/vec4 v0x559f52aea2e0_0, 0;
T_2.26 ;
T_2.25 ;
T_2.19 ;
    %jmp T_2.7;
T_2.2 ;
    %load/vec4 v0x559f52aeb270_0;
    %flag_set/vec4 8;
    %jmp/0xz  T_2.28, 8;
    %load/vec4 v0x559f52aeb3f0_0;
    %flag_set/vec4 8;
    %jmp/0xz  T_2.30, 8;
    %pushi/vec4 5, 0, 3;
    %assign/vec4 v0x559f52aea2e0_0, 0;
    %jmp T_2.31;
T_2.30 ;
    %load/vec4 v0x559f52aeab20_0;
    %load/vec4 v0x559f52aeac60_0;
    %or;
    %flag_set/vec4 8;
    %jmp/0xz  T_2.32, 8;
    %pushi/vec4 4, 0, 3;
    %assign/vec4 v0x559f52aea2e0_0, 0;
    %jmp T_2.33;
T_2.32 ;
    %pushi/vec4 3, 0, 3;
    %assign/vec4 v0x559f52aea2e0_0, 0;
T_2.33 ;
T_2.31 ;
    %jmp T_2.29;
T_2.28 ;
    %pushi/vec4 1, 0, 3;
    %assign/vec4 v0x559f52aea2e0_0, 0;
T_2.29 ;
    %jmp T_2.7;
T_2.3 ;
    %load/vec4 v0x559f52aeb270_0;
    %flag_set/vec4 8;
    %jmp/0xz  T_2.34, 8;
    %load/vec4 v0x559f52aeb3f0_0;
    %flag_set/vec4 8;
    %jmp/0xz  T_2.36, 8;
    %pushi/vec4 5, 0, 3;
    %assign/vec4 v0x559f52aea2e0_0, 0;
    %jmp T_2.37;
T_2.36 ;
    %load/vec4 v0x559f52aeab20_0;
    %load/vec4 v0x559f52aeac60_0;
    %or;
    %flag_set/vec4 8;
    %jmp/0xz  T_2.38, 8;
    %pushi/vec4 4, 0, 3;
    %assign/vec4 v0x559f52aea2e0_0, 0;
    %jmp T_2.39;
T_2.38 ;
    %pushi/vec4 3, 0, 3;
    %assign/vec4 v0x559f52aea2e0_0, 0;
T_2.39 ;
T_2.37 ;
    %jmp T_2.35;
T_2.34 ;
    %pushi/vec4 2, 0, 3;
    %assign/vec4 v0x559f52aea2e0_0, 0;
T_2.35 ;
    %jmp T_2.7;
T_2.4 ;
    %load/vec4 v0x559f52ae9b40_0;
    %flag_set/vec4 9;
    %flag_get/vec4 9;
    %jmp/0 T_2.42, 9;
    %load/vec4 v0x559f52aea460_0;
    %and;
T_2.42;
    %flag_set/vec4 8;
    %jmp/0xz  T_2.40, 8;
    %load/vec4 v0x559f52aeb270_0;
    %flag_set/vec4 8;
    %jmp/0xz  T_2.43, 8;
    %load/vec4 v0x559f52aeb3f0_0;
    %flag_set/vec4 8;
    %jmp/0xz  T_2.45, 8;
    %pushi/vec4 5, 0, 3;
    %assign/vec4 v0x559f52aea2e0_0, 0;
    %jmp T_2.46;
T_2.45 ;
    %load/vec4 v0x559f52aeab20_0;
    %load/vec4 v0x559f52aeac60_0;
    %or;
    %flag_set/vec4 8;
    %jmp/0xz  T_2.47, 8;
    %pushi/vec4 4, 0, 3;
    %assign/vec4 v0x559f52aea2e0_0, 0;
    %jmp T_2.48;
T_2.47 ;
    %pushi/vec4 3, 0, 3;
    %assign/vec4 v0x559f52aea2e0_0, 0;
T_2.48 ;
T_2.46 ;
    %jmp T_2.44;
T_2.43 ;
    %load/vec4 v0x559f52aeaa80_0;
    %flag_set/vec4 8;
    %jmp/0xz  T_2.49, 8;
    %pushi/vec4 1, 0, 3;
    %assign/vec4 v0x559f52aea2e0_0, 0;
    %jmp T_2.50;
T_2.49 ;
    %load/vec4 v0x559f52aeabc0_0;
    %flag_set/vec4 8;
    %jmp/0xz  T_2.51, 8;
    %pushi/vec4 2, 0, 3;
    %assign/vec4 v0x559f52aea2e0_0, 0;
    %jmp T_2.52;
T_2.51 ;
    %pushi/vec4 0, 0, 3;
    %assign/vec4 v0x559f52aea2e0_0, 0;
T_2.52 ;
T_2.50 ;
T_2.44 ;
    %jmp T_2.41;
T_2.40 ;
    %pushi/vec4 5, 0, 3;
    %assign/vec4 v0x559f52aea2e0_0, 0;
T_2.41 ;
    %jmp T_2.7;
T_2.5 ;
    %pushi/vec4 0, 0, 3;
    %assign/vec4 v0x559f52aea2e0_0, 0;
    %jmp T_2.7;
T_2.7 ;
    %pop/vec4 1;
    %load/vec4 v0x559f52ae9780_0;
    %flag_set/vec4 8;
    %jmp/0xz  T_2.53, 8;
    %pushi/vec4 4, 0, 3;
    %assign/vec4 v0x559f52aea2e0_0, 0;
T_2.53 ;
    %load/vec4 v0x559f52aeb630_0;
    %flag_set/vec4 8;
    %jmp/0xz  T_2.55, 8;
    %pushi/vec4 0, 0, 3;
    %assign/vec4 v0x559f52aea2e0_0, 0;
T_2.55 ;
    %jmp T_2;
    .thread T_2, $push;
    .scope S_0x559f52ade5d0;
T_3 ;
    %pushi/vec4 0, 0, 1;
    %store/vec4 v0x559f52adf3c0_0, 0, 1;
    %pushi/vec4 0, 0, 16;
    %store/vec4 v0x559f52adec60_0, 0, 16;
    %pushi/vec4 0, 0, 1;
    %store/vec4 v0x559f52adef00_0, 0, 1;
    %pushi/vec4 0, 0, 1;
    %store/vec4 v0x559f52adf240_0, 0, 1;
    %pushi/vec4 0, 0, 1;
    %store/vec4 v0x559f52adefe0_0, 0, 1;
    %pushi/vec4 0, 0, 1;
    %store/vec4 v0x559f52adee20_0, 0, 1;
    %pushi/vec4 0, 0, 1;
    %store/vec4 v0x559f52aded40_0, 0, 1;
    %pushi/vec4 0, 0, 1;
    %store/vec4 v0x559f52adf0a0_0, 0, 1;
    %pushi/vec4 0, 0, 16;
    %store/vec4 v0x559f52adf7d0_0, 0, 16;
    %pushi/vec4 0, 0, 1;
    %store/vec4 v0x559f52adfa70_0, 0, 1;
    %pushi/vec4 0, 0, 1;
    %store/vec4 v0x559f52adfdb0_0, 0, 1;
    %pushi/vec4 0, 0, 1;
    %store/vec4 v0x559f52adfb50_0, 0, 1;
    %pushi/vec4 0, 0, 1;
    %store/vec4 v0x559f52adf990_0, 0, 1;
    %pushi/vec4 0, 0, 1;
    %store/vec4 v0x559f52adf8b0_0, 0, 1;
    %pushi/vec4 0, 0, 1;
    %store/vec4 v0x559f52adfc10_0, 0, 1;
    %end;
    .thread T_3;
    .scope S_0x559f52ade5d0;
T_4 ;
    %wait E_0x559f52a0fa40;
    %load/vec4 v0x559f52adf240_0;
    %store/vec4 v0x559f52adf180_0, 0, 1;
    %load/vec4 v0x559f52adfdb0_0;
    %store/vec4 v0x559f52adfcf0_0, 0, 1;
    %pushi/vec4 0, 0, 1;
    %store/vec4 v0x559f52adf480_0, 0, 1;
    %pushi/vec4 0, 0, 1;
    %store/vec4 v0x559f52adf540_0, 0, 1;
    %pushi/vec4 0, 0, 1;
    %store/vec4 v0x559f52adf710_0, 0, 1;
    %load/vec4 v0x559f52adf3c0_0;
    %flag_set/vec4 8;
    %jmp/0xz  T_4.0, 8;
    %load/vec4 v0x559f52ae03a0_0;
    %flag_set/vec4 8;
    %jmp/1 T_4.4, 8;
    %load/vec4 v0x559f52adf240_0;
    %nor/r;
    %flag_set/vec4 9;
    %flag_or 8, 9;
T_4.4;
    %jmp/0xz  T_4.2, 8;
    %load/vec4 v0x559f52ae0d90_0;
    %store/vec4 v0x559f52adf180_0, 0, 1;
    %pushi/vec4 1, 0, 1;
    %store/vec4 v0x559f52adf480_0, 0, 1;
    %jmp T_4.3;
T_4.2 ;
    %load/vec4 v0x559f52ae0d90_0;
    %store/vec4 v0x559f52adfcf0_0, 0, 1;
    %pushi/vec4 1, 0, 1;
    %store/vec4 v0x559f52adf540_0, 0, 1;
T_4.3 ;
    %jmp T_4.1;
T_4.0 ;
    %load/vec4 v0x559f52ae03a0_0;
    %flag_set/vec4 8;
    %jmp/0xz  T_4.5, 8;
    %load/vec4 v0x559f52adfdb0_0;
    %store/vec4 v0x559f52adf180_0, 0, 1;
    %pushi/vec4 0, 0, 1;
    %store/vec4 v0x559f52adfcf0_0, 0, 1;
    %pushi/vec4 1, 0, 1;
    %store/vec4 v0x559f52adf710_0, 0, 1;
T_4.5 ;
T_4.1 ;
    %jmp T_4;
    .thread T_4, $push;
    .scope S_0x559f52ade5d0;
T_5 ;
    %wait E_0x559f52a187f0;
    %load/vec4 v0x559f52adf300_0;
    %assign/vec4 v0x559f52adf3c0_0, 0;
    %load/vec4 v0x559f52adf180_0;
    %assign/vec4 v0x559f52adf240_0, 0;
    %load/vec4 v0x559f52adfcf0_0;
    %assign/vec4 v0x559f52adfdb0_0, 0;
    %load/vec4 v0x559f52adf480_0;
    %flag_set/vec4 8;
    %jmp/0xz  T_5.0, 8;
    %load/vec4 v0x559f52ae06a0_0;
    %assign/vec4 v0x559f52adec60_0, 0;
    %load/vec4 v0x559f52ae0940_0;
    %assign/vec4 v0x559f52adef00_0, 0;
    %load/vec4 v0x559f52ae0a20_0;
    %assign/vec4 v0x559f52adefe0_0, 0;
    %load/vec4 v0x559f52ae0860_0;
    %assign/vec4 v0x559f52adee20_0, 0;
    %load/vec4 v0x559f52ae0780_0;
    %assign/vec4 v0x559f52aded40_0, 0;
    %load/vec4 v0x559f52ae0ba0_0;
    %assign/vec4 v0x559f52adf0a0_0, 0;
    %jmp T_5.1;
T_5.0 ;
    %load/vec4 v0x559f52adf710_0;
    %flag_set/vec4 8;
    %jmp/0xz  T_5.2, 8;
    %load/vec4 v0x559f52adf7d0_0;
    %assign/vec4 v0x559f52adec60_0, 0;
    %load/vec4 v0x559f52adfa70_0;
    %assign/vec4 v0x559f52adef00_0, 0;
    %load/vec4 v0x559f52adfb50_0;
    %assign/vec4 v0x559f52adefe0_0, 0;
    %load/vec4 v0x559f52adf990_0;
    %assign/vec4 v0x559f52adee20_0, 0;
    %load/vec4 v0x559f52adf8b0_0;
    %assign/vec4 v0x559f52aded40_0, 0;
    %load/vec4 v0x559f52adfc10_0;
    %assign/vec4 v0x559f52adf0a0_0, 0;
T_5.2 ;
T_5.1 ;
    %load/vec4 v0x559f52adf540_0;
    %flag_set/vec4 8;
    %jmp/0xz  T_5.4, 8;
    %load/vec4 v0x559f52ae06a0_0;
    %assign/vec4 v0x559f52adf7d0_0, 0;
    %load/vec4 v0x559f52ae0940_0;
    %assign/vec4 v0x559f52adfa70_0, 0;
    %load/vec4 v0x559f52ae0a20_0;
    %assign/vec4 v0x559f52adfb50_0, 0;
    %load/vec4 v0x559f52ae0860_0;
    %assign/vec4 v0x559f52adf990_0, 0;
    %load/vec4 v0x559f52ae0780_0;
    %assign/vec4 v0x559f52adf8b0_0, 0;
    %load/vec4 v0x559f52ae0ba0_0;
    %assign/vec4 v0x559f52adfc10_0, 0;
T_5.4 ;
    %load/vec4 v0x559f52ae0600_0;
    %flag_set/vec4 8;
    %jmp/0xz  T_5.6, 8;
    %pushi/vec4 0, 0, 1;
    %assign/vec4 v0x559f52adf3c0_0, 0;
    %pushi/vec4 0, 0, 1;
    %assign/vec4 v0x559f52adf240_0, 0;
    %pushi/vec4 0, 0, 1;
    %assign/vec4 v0x559f52adfdb0_0, 0;
T_5.6 ;
    %jmp T_5;
    .thread T_5;
    .scope S_0x559f52ae3d10;
T_6 ;
    %pushi/vec4 0, 0, 1;
    %store/vec4 v0x559f52ae4b00_0, 0, 1;
    %pushi/vec4 0, 0, 16;
    %store/vec4 v0x559f52ae43a0_0, 0, 16;
    %pushi/vec4 0, 0, 1;
    %store/vec4 v0x559f52ae4640_0, 0, 1;
    %pushi/vec4 0, 0, 1;
    %store/vec4 v0x559f52ae4980_0, 0, 1;
    %pushi/vec4 0, 0, 1;
    %store/vec4 v0x559f52ae4720_0, 0, 1;
    %pushi/vec4 0, 0, 1;
    %store/vec4 v0x559f52ae4560_0, 0, 1;
    %pushi/vec4 0, 0, 1;
    %store/vec4 v0x559f52ae4480_0, 0, 1;
    %pushi/vec4 0, 0, 1;
    %store/vec4 v0x559f52ae47e0_0, 0, 1;
    %pushi/vec4 0, 0, 16;
    %store/vec4 v0x559f52ae4f10_0, 0, 16;
    %pushi/vec4 0, 0, 1;
    %store/vec4 v0x559f52ae51b0_0, 0, 1;
    %pushi/vec4 0, 0, 1;
    %store/vec4 v0x559f52ae54f0_0, 0, 1;
    %pushi/vec4 0, 0, 1;
    %store/vec4 v0x559f52ae5290_0, 0, 1;
    %pushi/vec4 0, 0, 1;
    %store/vec4 v0x559f52ae50d0_0, 0, 1;
    %pushi/vec4 0, 0, 1;
    %store/vec4 v0x559f52ae4ff0_0, 0, 1;
    %pushi/vec4 0, 0, 1;
    %store/vec4 v0x559f52ae5350_0, 0, 1;
    %end;
    .thread T_6;
    .scope S_0x559f52ae3d10;
T_7 ;
    %wait E_0x559f52a18970;
    %load/vec4 v0x559f52ae4980_0;
    %store/vec4 v0x559f52ae48c0_0, 0, 1;
    %load/vec4 v0x559f52ae54f0_0;
    %store/vec4 v0x559f52ae5430_0, 0, 1;
    %pushi/vec4 0, 0, 1;
    %store/vec4 v0x559f52ae4bc0_0, 0, 1;
    %pushi/vec4 0, 0, 1;
    %store/vec4 v0x559f52ae4c80_0, 0, 1;
    %pushi/vec4 0, 0, 1;
    %store/vec4 v0x559f52ae4e50_0, 0, 1;
    %load/vec4 v0x559f52ae4b00_0;
    %flag_set/vec4 8;
    %jmp/0xz  T_7.0, 8;
    %load/vec4 v0x559f52ae5a90_0;
    %flag_set/vec4 8;
    %jmp/1 T_7.4, 8;
    %load/vec4 v0x559f52ae4980_0;
    %nor/r;
    %flag_set/vec4 9;
    %flag_or 8, 9;
T_7.4;
    %jmp/0xz  T_7.2, 8;
    %load/vec4 v0x559f52ae6510_0;
    %store/vec4 v0x559f52ae48c0_0, 0, 1;
    %pushi/vec4 1, 0, 1;
    %store/vec4 v0x559f52ae4bc0_0, 0, 1;
    %jmp T_7.3;
T_7.2 ;
    %load/vec4 v0x559f52ae6510_0;
    %store/vec4 v0x559f52ae5430_0, 0, 1;
    %pushi/vec4 1, 0, 1;
    %store/vec4 v0x559f52ae4c80_0, 0, 1;
T_7.3 ;
    %jmp T_7.1;
T_7.0 ;
    %load/vec4 v0x559f52ae5a90_0;
    %flag_set/vec4 8;
    %jmp/0xz  T_7.5, 8;
    %load/vec4 v0x559f52ae54f0_0;
    %store/vec4 v0x559f52ae48c0_0, 0, 1;
    %pushi/vec4 0, 0, 1;
    %store/vec4 v0x559f52ae5430_0, 0, 1;
    %pushi/vec4 1, 0, 1;
    %store/vec4 v0x559f52ae4e50_0, 0, 1;
T_7.5 ;
T_7.1 ;
    %jmp T_7;
    .thread T_7, $push;
    .scope S_0x559f52ae3d10;
T_8 ;
    %wait E_0x559f52a187f0;
    %load/vec4 v0x559f52ae4a40_0;
    %assign/vec4 v0x559f52ae4b00_0, 0;
    %load/vec4 v0x559f52ae48c0_0;
    %assign/vec4 v0x559f52ae4980_0, 0;
    %load/vec4 v0x559f52ae5430_0;
    %assign/vec4 v0x559f52ae54f0_0, 0;
    %load/vec4 v0x559f52ae4bc0_0;
    %flag_set/vec4 8;
    %jmp/0xz  T_8.0, 8;
    %load/vec4 v0x559f52ae5e20_0;
    %assign/vec4 v0x559f52ae43a0_0, 0;
    %load/vec4 v0x559f52ae60c0_0;
    %assign/vec4 v0x559f52ae4640_0, 0;
    %load/vec4 v0x559f52ae61a0_0;
    %assign/vec4 v0x559f52ae4720_0, 0;
    %load/vec4 v0x559f52ae5fe0_0;
    %assign/vec4 v0x559f52ae4560_0, 0;
    %load/vec4 v0x559f52ae5f00_0;
    %assign/vec4 v0x559f52ae4480_0, 0;
    %load/vec4 v0x559f52ae6320_0;
    %assign/vec4 v0x559f52ae47e0_0, 0;
    %jmp T_8.1;
T_8.0 ;
    %load/vec4 v0x559f52ae4e50_0;
    %flag_set/vec4 8;
    %jmp/0xz  T_8.2, 8;
    %load/vec4 v0x559f52ae4f10_0;
    %assign/vec4 v0x559f52ae43a0_0, 0;
    %load/vec4 v0x559f52ae51b0_0;
    %assign/vec4 v0x559f52ae4640_0, 0;
    %load/vec4 v0x559f52ae5290_0;
    %assign/vec4 v0x559f52ae4720_0, 0;
    %load/vec4 v0x559f52ae50d0_0;
    %assign/vec4 v0x559f52ae4560_0, 0;
    %load/vec4 v0x559f52ae4ff0_0;
    %assign/vec4 v0x559f52ae4480_0, 0;
    %load/vec4 v0x559f52ae5350_0;
    %assign/vec4 v0x559f52ae47e0_0, 0;
T_8.2 ;
T_8.1 ;
    %load/vec4 v0x559f52ae4c80_0;
    %flag_set/vec4 8;
    %jmp/0xz  T_8.4, 8;
    %load/vec4 v0x559f52ae5e20_0;
    %assign/vec4 v0x559f52ae4f10_0, 0;
    %load/vec4 v0x559f52ae60c0_0;
    %assign/vec4 v0x559f52ae51b0_0, 0;
    %load/vec4 v0x559f52ae61a0_0;
    %assign/vec4 v0x559f52ae5290_0, 0;
    %load/vec4 v0x559f52ae5fe0_0;
    %assign/vec4 v0x559f52ae50d0_0, 0;
    %load/vec4 v0x559f52ae5f00_0;
    %assign/vec4 v0x559f52ae4ff0_0, 0;
    %load/vec4 v0x559f52ae6320_0;
    %assign/vec4 v0x559f52ae5350_0, 0;
T_8.4 ;
    %load/vec4 v0x559f52ae5cf0_0;
    %flag_set/vec4 8;
    %jmp/0xz  T_8.6, 8;
    %pushi/vec4 0, 0, 1;
    %assign/vec4 v0x559f52ae4b00_0, 0;
    %pushi/vec4 0, 0, 1;
    %assign/vec4 v0x559f52ae4980_0, 0;
    %pushi/vec4 0, 0, 1;
    %assign/vec4 v0x559f52ae54f0_0, 0;
T_8.6 ;
    %jmp T_8;
    .thread T_8;
    .scope S_0x559f52a936d0;
T_9 ;
    %pushi/vec4 0, 0, 32;
    %store/vec4 v0x559f52aef2f0_0, 0, 32;
    %end;
    .thread T_9;
    .scope S_0x559f52a936d0;
T_10 ;
    %wait E_0x559f52a187f0;
    %load/vec4 v0x559f52aef390_0;
    %assign/vec4 v0x559f52aef2f0_0, 0;
    %jmp T_10;
    .thread T_10;
    .scope S_0x559f52abf180;
T_11 ;
    %vpi_call 2 98 "$dumpfile", "../vcd/tb_LinearProcessingElement_1_1_0_0.vcd" {0 0 0};
    %vpi_call 2 99 "$dumpvars", 32'sb00000000000000000000000000000000, S_0x559f52a8b0a0 {0 0 0};
    %end;
    .thread T_11;
    .scope S_0x559f52abf180;
T_12 ;
    %pushi/vec4 0, 0, 1;
    %store/vec4 v0x559f52af23c0_0, 0, 1;
T_12.0 ;
    %delay 1000, 0;
    %load/vec4 v0x559f52af23c0_0;
    %nor/r;
    %store/vec4 v0x559f52af23c0_0, 0, 1;
    %jmp T_12.0;
    %end;
    .thread T_12;
    .scope S_0x559f52abf180;
T_13 ;
    %pushi/vec4 0, 0, 1;
    %store/vec4 v0x559f52af3470_0, 0, 1;
    %pushi/vec4 0, 0, 1;
    %store/vec4 v0x559f52af33b0_0, 0, 1;
    %pushi/vec4 0, 0, 16;
    %store/vec4 v0x559f52af3620_0, 0, 16;
    %pushi/vec4 0, 0, 1;
    %store/vec4 v0x559f52af3820_0, 0, 1;
    %pushi/vec4 0, 0, 1;
    %store/vec4 v0x559f52af36e0_0, 0, 1;
    %pushi/vec4 0, 0, 16;
    %store/vec4 v0x559f52af3910_0, 0, 16;
    %pushi/vec4 0, 0, 1;
    %store/vec4 v0x559f52af39d0_0, 0, 1;
    %pushi/vec4 0, 0, 1;
    %store/vec4 v0x559f52af3b60_0, 0, 1;
    %pushi/vec4 0, 0, 32;
    %store/vec4 v0x559f52af3c50_0, 0, 32;
    %pushi/vec4 0, 0, 1;
    %store/vec4 v0x559f52af3d60_0, 0, 1;
    %pushi/vec4 0, 0, 1;
    %store/vec4 v0x559f52af3f40_0, 0, 1;
    %pushi/vec4 0, 0, 1;
    %store/vec4 v0x559f52af3270_0, 0, 1;
    %pushi/vec4 0, 0, 1;
    %store/vec4 v0x559f52af2c20_0, 0, 1;
    %pushi/vec4 0, 0, 1;
    %store/vec4 v0x559f52af2ec0_0, 0, 1;
    %delay 10000, 0;
    %pushi/vec4 1, 0, 1;
    %store/vec4 v0x559f52af3470_0, 0, 1;
    %delay 10000, 0;
    %pushi/vec4 0, 0, 1;
    %store/vec4 v0x559f52af3470_0, 0, 1;
    %delay 10000, 0;
    %pushi/vec4 1, 0, 1;
    %store/vec4 v0x559f52af33b0_0, 0, 1;
    %wait E_0x559f52a187f0;
    %delay 1000, 0;
    %pushi/vec4 1, 0, 1;
    %store/vec4 v0x559f52af2c20_0, 0, 1;
    %pushi/vec4 1, 0, 1;
    %store/vec4 v0x559f52af2ec0_0, 0, 1;
    %pushi/vec4 1, 0, 1;
    %store/vec4 v0x559f52af3270_0, 0, 1;
    %delay 500000, 0;
    %vpi_call 2 138 "$finish" {0 0 0};
    %end;
    .thread T_13;
    .scope S_0x559f52abf180;
T_14 ;
    %wait E_0x559f52a187f0;
    %load/vec4 v0x559f52af33b0_0;
    %flag_set/vec4 8;
    %jmp/0xz  T_14.0, 8;
    %load/vec4 v0x559f52af2300_0;
    %pad/u 32;
    %pushi/vec4 0, 0, 32;
    %cmp/ne;
    %flag_get/vec4 4;
    %assign/vec4 v0x559f52af3470_0, 0;
    %pushi/vec4 0, 0, 1;
    %assign/vec4 v0x559f52af2300_0, 0;
    %load/vec4 v0x559f52af2a20_0;
    %flag_set/vec4 8;
    %jmp/0xz  T_14.2, 8;
    %load/vec4 v0x559f52af2300_0;
    %pad/u 2;
    %pushi/vec4 1, 0, 2;
    %or;
    %pad/u 1;
    %assign/vec4 v0x559f52af2300_0, 0;
T_14.2 ;
    %load/vec4 v0x559f52af2300_0;
    %pad/u 32;
    %cmpi/ne 0, 0, 32;
    %jmp/0xz  T_14.4, 4;
    %pushi/vec4 0, 0, 1;
    %assign/vec4 v0x559f52af3820_0, 0;
    %pushi/vec4 0, 0, 1;
    %assign/vec4 v0x559f52af3b60_0, 0;
    %pushi/vec4 0, 0, 1;
    %assign/vec4 v0x559f52af3f40_0, 0;
    %jmp T_14.5;
T_14.4 ;
    %load/vec4 v0x559f52af2860_0;
    %pushi/vec4 5, 0, 32;
    %mod/s;
    %assign/vec4 v0x559f52af2220_0, 0;
    %load/vec4 v0x559f52af2780_0;
    %pushi/vec4 5, 0, 32;
    %div/s;
    %pushi/vec4 5, 0, 32;
    %mod/s;
    %assign/vec4 v0x559f52af2120_0, 0;
    %vpi_call 2 166 "$display", "Count : %d,%d -- %X:%X:%X-%X:%X:%X-%X:%X:%X-%X:%X:%X-%X:%X:%X-%X:%X:%X", v0x559f52af2780_0, v0x559f52af2860_0, v0x559f52af3780_0, v0x559f52af3820_0, v0x559f52af36e0_0, v0x559f52af3a70_0, v0x559f52af3b60_0, v0x559f52af39d0_0, v0x559f52af3e50_0, v0x559f52af3f40_0, v0x559f52af3d60_0, v0x559f52af3270_0, v0x559f52af3310_0, v0x559f52af31d0_0, v0x559f52af2c20_0, v0x559f52af2cc0_0, v0x559f52af2b80_0, v0x559f52af2ec0_0, v0x559f52af3070_0, v0x559f52af2e20_0 {0 0 0};
    %load/vec4 v0x559f52af2940_0;
    %cmpi/ne 0, 0, 32;
    %jmp/0xz  T_14.6, 4;
    %vpi_call 2 168 "$display", "Res: %d", v0x559f52af2940_0 {0 0 0};
T_14.6 ;
    %load/vec4 v0x559f52af3780_0;
    %flag_set/vec4 9;
    %flag_get/vec4 9;
    %jmp/0 T_14.10, 9;
    %load/vec4 v0x559f52af3820_0;
    %and;
T_14.10;
    %flag_set/vec4 8;
    %jmp/0xz  T_14.8, 8;
    %load/vec4 v0x559f52af2780_0;
    %addi 1, 0, 32;
    %assign/vec4 v0x559f52af2780_0, 0;
T_14.8 ;
    %load/vec4 v0x559f52af3a70_0;
    %flag_set/vec4 9;
    %flag_get/vec4 9;
    %jmp/0 T_14.13, 9;
    %load/vec4 v0x559f52af3b60_0;
    %and;
T_14.13;
    %flag_set/vec4 8;
    %jmp/0xz  T_14.11, 8;
    %load/vec4 v0x559f52af2860_0;
    %addi 1, 0, 32;
    %assign/vec4 v0x559f52af2860_0, 0;
T_14.11 ;
    %load/vec4 v0x559f52af2120_0;
    %dup/vec4;
    %pushi/vec4 4, 0, 32;
    %cmp/u;
    %jmp/1 T_14.14, 6;
    %dup/vec4;
    %pushi/vec4 3, 0, 32;
    %cmp/u;
    %jmp/1 T_14.15, 6;
    %dup/vec4;
    %pushi/vec4 2, 0, 32;
    %cmp/u;
    %jmp/1 T_14.16, 6;
    %dup/vec4;
    %pushi/vec4 1, 0, 32;
    %cmp/u;
    %jmp/1 T_14.17, 6;
    %pushi/vec4 32768, 0, 16;
    %assign/vec4 v0x559f52af3620_0, 0;
    %jmp T_14.19;
T_14.14 ;
    %pushi/vec4 32768, 0, 16;
    %assign/vec4 v0x559f52af3620_0, 0;
    %jmp T_14.19;
T_14.15 ;
    %pushi/vec4 4096, 0, 16;
    %assign/vec4 v0x559f52af3620_0, 0;
    %jmp T_14.19;
T_14.16 ;
    %pushi/vec4 0, 0, 16;
    %assign/vec4 v0x559f52af3620_0, 0;
    %jmp T_14.19;
T_14.17 ;
    %pushi/vec4 61440, 0, 16;
    %assign/vec4 v0x559f52af3620_0, 0;
    %jmp T_14.19;
T_14.19 ;
    %pop/vec4 1;
    %load/vec4 v0x559f52af2220_0;
    %dup/vec4;
    %pushi/vec4 4, 0, 32;
    %cmp/u;
    %jmp/1 T_14.20, 6;
    %dup/vec4;
    %pushi/vec4 3, 0, 32;
    %cmp/u;
    %jmp/1 T_14.21, 6;
    %dup/vec4;
    %pushi/vec4 2, 0, 32;
    %cmp/u;
    %jmp/1 T_14.22, 6;
    %dup/vec4;
    %pushi/vec4 1, 0, 32;
    %cmp/u;
    %jmp/1 T_14.23, 6;
    %pushi/vec4 32768, 0, 16;
    %assign/vec4 v0x559f52af3910_0, 0;
    %jmp T_14.25;
T_14.20 ;
    %pushi/vec4 32768, 0, 16;
    %assign/vec4 v0x559f52af3910_0, 0;
    %jmp T_14.25;
T_14.21 ;
    %pushi/vec4 4096, 0, 16;
    %assign/vec4 v0x559f52af3910_0, 0;
    %jmp T_14.25;
T_14.22 ;
    %pushi/vec4 0, 0, 16;
    %assign/vec4 v0x559f52af3910_0, 0;
    %jmp T_14.25;
T_14.23 ;
    %pushi/vec4 61440, 0, 16;
    %assign/vec4 v0x559f52af3910_0, 0;
    %jmp T_14.25;
T_14.25 ;
    %pop/vec4 1;
    %load/vec4 v0x559f52af3820_0;
    %nor/r;
    %flag_set/vec4 9;
    %flag_get/vec4 9;
    %jmp/0 T_14.28, 9;
    %load/vec4 v0x559f52af2780_0;
    %cmpi/s 70, 0, 32;
    %flag_get/vec4 5;
    %and;
T_14.28;
    %flag_set/vec4 8;
    %jmp/0xz  T_14.26, 8;
    %pushi/vec4 1, 0, 1;
    %assign/vec4 v0x559f52af3820_0, 0;
T_14.26 ;
    %load/vec4 v0x559f52af3b60_0;
    %nor/r;
    %flag_set/vec4 9;
    %flag_get/vec4 9;
    %jmp/0 T_14.31, 9;
    %load/vec4 v0x559f52af2860_0;
    %cmpi/s 70, 0, 32;
    %flag_get/vec4 5;
    %and;
T_14.31;
    %flag_set/vec4 8;
    %jmp/0xz  T_14.29, 8;
    %pushi/vec4 1, 0, 1;
    %assign/vec4 v0x559f52af3b60_0, 0;
T_14.29 ;
    %load/vec4 v0x559f52af2780_0;
    %cmpi/e 22, 0, 32;
    %jmp/1 T_14.36, 4;
    %flag_mov 8, 4;
    %load/vec4 v0x559f52af2780_0;
    %cmpi/e 60, 0, 32;
    %flag_or 4, 8;
T_14.36;
    %jmp/1 T_14.35, 4;
    %flag_mov 8, 4;
    %load/vec4 v0x559f52af2780_0;
    %cmpi/e 80, 0, 32;
    %flag_or 4, 8;
T_14.35;
    %jmp/1 T_14.34, 4;
    %flag_mov 8, 4;
    %load/vec4 v0x559f52af2780_0;
    %cmpi/e 85, 0, 32;
    %flag_or 4, 8;
T_14.34;
    %jmp/0xz  T_14.32, 4;
    %pushi/vec4 1, 0, 1;
    %assign/vec4 v0x559f52af36e0_0, 0;
T_14.32 ;
    %load/vec4 v0x559f52af2860_0;
    %cmpi/e 24, 0, 32;
    %jmp/1 T_14.41, 4;
    %flag_mov 8, 4;
    %load/vec4 v0x559f52af2860_0;
    %cmpi/e 60, 0, 32;
    %flag_or 4, 8;
T_14.41;
    %jmp/1 T_14.40, 4;
    %flag_mov 8, 4;
    %load/vec4 v0x559f52af2860_0;
    %cmpi/e 80, 0, 32;
    %flag_or 4, 8;
T_14.40;
    %jmp/1 T_14.39, 4;
    %flag_mov 8, 4;
    %load/vec4 v0x559f52af2860_0;
    %cmpi/e 85, 0, 32;
    %flag_or 4, 8;
T_14.39;
    %jmp/0xz  T_14.37, 4;
    %pushi/vec4 1, 0, 1;
    %assign/vec4 v0x559f52af39d0_0, 0;
T_14.37 ;
    %load/vec4 v0x559f52af2ec0_0;
    %inv;
    %flag_set/vec4 9;
    %flag_get/vec4 9;
    %jmp/0 T_14.44, 9;
    %load/vec4 v0x559f52af3070_0;
    %and;
T_14.44;
    %flag_set/vec4 8;
    %jmp/0xz  T_14.42, 8;
    %pushi/vec4 1, 0, 1;
    %assign/vec4 v0x559f52af2ec0_0, 0;
T_14.42 ;
    %load/vec4 v0x559f52af2780_0;
    %cmpi/e 81, 0, 32;
    %flag_get/vec4 4;
    %jmp/0 T_14.47, 4;
    %load/vec4 v0x559f52af2860_0;
    %pushi/vec4 81, 0, 32;
    %cmp/e;
    %flag_get/vec4 4;
    %and;
T_14.47;
    %flag_set/vec4 8;
    %jmp/0xz  T_14.45, 8;
    %pushi/vec4 0, 0, 1;
    %assign/vec4 v0x559f52af2ec0_0, 0;
T_14.45 ;
    %load/vec4 v0x559f52af3780_0;
    %flag_set/vec4 10;
    %flag_get/vec4 10;
    %jmp/0 T_14.52, 10;
    %load/vec4 v0x559f52af3820_0;
    %and;
T_14.52;
    %flag_set/vec4 9;
    %flag_get/vec4 9;
    %jmp/0 T_14.51, 9;
    %load/vec4 v0x559f52af36e0_0;
    %and;
T_14.51;
    %flag_set/vec4 8;
    %jmp/1 T_14.50, 8;
    %load/vec4 v0x559f52af2780_0;
    %cmpi/s 86, 0, 32;
    %flag_or 5, 4; GT is !LE
    %flag_inv 5;
    %flag_or 8, 5;
T_14.50;
    %jmp/0xz  T_14.48, 8;
    %pushi/vec4 0, 0, 1;
    %assign/vec4 v0x559f52af36e0_0, 0;
T_14.48 ;
    %load/vec4 v0x559f52af3a70_0;
    %flag_set/vec4 10;
    %flag_get/vec4 10;
    %jmp/0 T_14.57, 10;
    %load/vec4 v0x559f52af3b60_0;
    %and;
T_14.57;
    %flag_set/vec4 9;
    %flag_get/vec4 9;
    %jmp/0 T_14.56, 9;
    %load/vec4 v0x559f52af39d0_0;
    %and;
T_14.56;
    %flag_set/vec4 8;
    %jmp/1 T_14.55, 8;
    %load/vec4 v0x559f52af2860_0;
    %cmpi/s 86, 0, 32;
    %flag_or 5, 4; GT is !LE
    %flag_inv 5;
    %flag_or 8, 5;
T_14.55;
    %jmp/0xz  T_14.53, 8;
    %pushi/vec4 0, 0, 1;
    %assign/vec4 v0x559f52af39d0_0, 0;
T_14.53 ;
    %load/vec4 v0x559f52af2860_0;
    %cmpi/e 64, 0, 32;
    %jmp/0xz  T_14.58, 4;
    %pushi/vec4 0, 0, 1;
    %assign/vec4 v0x559f52af39d0_0, 0;
T_14.58 ;
    %load/vec4 v0x559f52af2780_0;
    %cmpi/e 27, 0, 32;
    %flag_get/vec4 4;
    %jmp/0 T_14.62, 4;
    %load/vec4 v0x559f52af3310_0;
    %and;
T_14.62;
    %flag_set/vec4 8;
    %jmp/0xz  T_14.60, 8;
    %pushi/vec4 0, 0, 1;
    %assign/vec4 v0x559f52af3820_0, 0;
T_14.60 ;
    %load/vec4 v0x559f52af2860_0;
    %cmpi/e 27, 0, 32;
    %flag_get/vec4 4;
    %jmp/0 T_14.65, 4;
    %load/vec4 v0x559f52af3310_0;
    %and;
T_14.65;
    %flag_set/vec4 8;
    %jmp/0xz  T_14.63, 8;
    %pushi/vec4 0, 0, 1;
    %assign/vec4 v0x559f52af3b60_0, 0;
T_14.63 ;
    %load/vec4 v0x559f52af2780_0;
    %cmpi/s 70, 0, 32;
    %flag_or 5, 4; GT is !LE
    %flag_inv 5;
    %flag_get/vec4 5;
    %jmp/0 T_14.69, 5;
    %load/vec4 v0x559f52af4030_0;
    %nor/r;
    %and;
T_14.69;
    %flag_set/vec4 9;
    %flag_get/vec4 9;
    %jmp/0 T_14.68, 9;
    %load/vec4 v0x559f52af3310_0;
    %nor/r;
    %and;
T_14.68;
    %flag_set/vec4 8;
    %jmp/0xz  T_14.66, 8;
    %vpi_call 2 244 "$finish" {0 0 0};
T_14.66 ;
    %load/vec4 v0x559f52af2780_0;
    %assign/vec4 v0x559f52af2570_0, 0;
    %load/vec4 v0x559f52af2780_0;
    %load/vec4 v0x559f52af2570_0;
    %cmp/e;
    %jmp/1 T_14.72, 4;
    %flag_mov 8, 4;
    %load/vec4 v0x559f52af3820_0;
    %flag_set/vec4 10;
    %flag_get/vec4 10;
    %jmp/1 T_14.73, 10;
    %load/vec4 v0x559f52af3270_0;
    %or;
T_14.73;
    %nor/r;
    %flag_set/vec4 9;
    %flag_or 9, 8;
    %flag_mov 4, 9;
T_14.72;
    %jmp/0xz  T_14.70, 4;
    %load/vec4 v0x559f52af4030_0;
    %cmpi/ne 0, 0, 32;
    %jmp/0xz  T_14.74, 4;
    %load/vec4 v0x559f52af4030_0;
    %subi 1, 0, 32;
    %assign/vec4 v0x559f52af4030_0, 0;
    %jmp T_14.75;
T_14.74 ;
    %pushi/vec4 4, 0, 32;
    %assign/vec4 v0x559f52af4030_0, 0;
T_14.75 ;
    %jmp T_14.71;
T_14.70 ;
    %pushi/vec4 4, 0, 32;
    %assign/vec4 v0x559f52af4030_0, 0;
T_14.71 ;
    %load/vec4 v0x559f52af2860_0;
    %load/vec4 v0x559f52af26a0_0;
    %cmp/e;
    %jmp/1 T_14.78, 4;
    %flag_mov 8, 4;
    %load/vec4 v0x559f52af3b60_0;
    %flag_set/vec4 10;
    %flag_get/vec4 10;
    %jmp/1 T_14.79, 10;
    %load/vec4 v0x559f52af2c20_0;
    %or;
T_14.79;
    %nor/r;
    %flag_set/vec4 9;
    %flag_or 9, 8;
    %flag_mov 4, 9;
T_14.78;
    %jmp/0xz  T_14.76, 4;
    %load/vec4 v0x559f52af4110_0;
    %cmpi/ne 0, 0, 32;
    %jmp/0xz  T_14.80, 4;
    %load/vec4 v0x559f52af4110_0;
    %subi 1, 0, 32;
    %assign/vec4 v0x559f52af4110_0, 0;
    %jmp T_14.81;
T_14.80 ;
    %pushi/vec4 4, 0, 32;
    %assign/vec4 v0x559f52af4110_0, 0;
T_14.81 ;
    %jmp T_14.77;
T_14.76 ;
    %pushi/vec4 4, 0, 32;
    %assign/vec4 v0x559f52af4110_0, 0;
T_14.77 ;
    %load/vec4 v0x559f52af2780_0;
    %cmpi/s 85, 0, 32;
    %flag_or 5, 4; GT is !LE
    %flag_inv 5;
    %jmp/0xz  T_14.82, 5;
    %pushi/vec4 0, 0, 1;
    %assign/vec4 v0x559f52af3820_0, 0;
    %pushi/vec4 0, 0, 1;
    %assign/vec4 v0x559f52af36e0_0, 0;
T_14.82 ;
    %load/vec4 v0x559f52af2860_0;
    %cmpi/s 85, 0, 32;
    %flag_or 5, 4; GT is !LE
    %flag_inv 5;
    %jmp/0xz  T_14.84, 5;
    %pushi/vec4 0, 0, 1;
    %assign/vec4 v0x559f52af3b60_0, 0;
    %pushi/vec4 0, 0, 1;
    %assign/vec4 v0x559f52af39d0_0, 0;
T_14.84 ;
T_14.5 ;
    %jmp T_14.1;
T_14.0 ;
    %pushi/vec4 0, 0, 32;
    %assign/vec4 v0x559f52af2780_0, 0;
    %pushi/vec4 0, 0, 32;
    %assign/vec4 v0x559f52af2860_0, 0;
    %pushi/vec4 0, 0, 1;
    %assign/vec4 v0x559f52af2300_0, 0;
T_14.1 ;
    %jmp T_14;
    .thread T_14;
# The file index is used to find the file name in the following table.
:file_names 7;
    "N/A";
    "<interactive>";
    "../tb/tb_LinearProcessingElement_1_1_0_0.v";
    "../rtl/LinearProcessingElementWrapper.v";
    "../rtl/LinearProcessingElement.v";
    "../../lib/verilog-axis/rtl/axis_register.v";
    "../rtl/LPEControlUnit.v";
