#! /usr/bin/vvp
:ivl_version "12.0 (stable)";
:ivl_delay_selection "TYPICAL";
:vpi_time_precision - 12;
:vpi_module "/usr/lib/x86_64-linux-gnu/ivl/system.vpi";
:vpi_module "/usr/lib/x86_64-linux-gnu/ivl/vhdl_sys.vpi";
:vpi_module "/usr/lib/x86_64-linux-gnu/ivl/vhdl_textio.vpi";
:vpi_module "/usr/lib/x86_64-linux-gnu/ivl/v2005_math.vpi";
:vpi_module "/usr/lib/x86_64-linux-gnu/ivl/va_math.vpi";
S_0x563083a30180 .scope module, "tb_LinearProcessingElement_1_3_0_0" "tb_LinearProcessingElement_1_3_0_0" 2 6;
 .timescale -9 -12;
P_0x56308392cc20 .param/l "DATA_WIDTH_OP0" 1 2 15, +C4<00000000000000000000000000010000>;
P_0x56308392cc60 .param/l "DATA_WIDTH_OP1" 1 2 18, +C4<00000000000000000000000000010000>;
P_0x56308392cca0 .param/l "DATA_WIDTH_PSUM" 1 2 21, +C4<000000000000000000000000000100000>;
P_0x56308392cce0 .param/l "FRACTIONAL_BITS_OP0" 1 2 16, +C4<00000000000000000000000000001101>;
P_0x56308392cd20 .param/l "FRACTIONAL_BITS_OP1" 1 2 19, +C4<00000000000000000000000000001111>;
P_0x56308392cd60 .param/l "IS_UNSIGNED_OP0" 1 2 17, +C4<00000000000000000000000000000000>;
P_0x56308392cda0 .param/l "IS_UNSIGNED_OP1" 1 2 20, +C4<00000000000000000000000000000000>;
P_0x56308392cde0 .param/l "PE_NUMBER_I" 1 2 11, +C4<00000000000000000000000000000001>;
P_0x56308392ce20 .param/l "PE_NUMBER_J" 1 2 12, +C4<00000000000000000000000000000011>;
P_0x56308392ce60 .param/l "PE_POSITION_I" 1 2 13, +C4<00000000000000000000000000000000>;
P_0x56308392cea0 .param/l "PE_POSITION_J" 1 2 14, +C4<00000000000000000000000000000000>;
v0x563083a63120_0 .var/i "_tmp_0", 31 0;
v0x563083a63220_0 .var/i "_tmp_1", 31 0;
v0x563083a63300_0 .var "_tmp_2", 0 0;
v0x563083a633c0_0 .var "clk", 0 0;
v0x563083a63570_0 .var/i "count2_op0", 31 0;
v0x563083a636a0_0 .var/i "count2_op1", 31 0;
v0x563083a63780_0 .var/i "count_op0", 31 0;
v0x563083a63860_0 .var/i "count_op1", 31 0;
v0x563083a63940_0 .var/i "count_res", 31 0;
v0x563083a63a20_0 .net "err_unalligned_data", 0 0, L_0x563083a78280;  1 drivers
v0x563083a63ac0_0 .net "m_axis_b_tdata", 15 0, L_0x563083a7a350;  1 drivers
v0x563083a63b80_0 .net "m_axis_b_tlast", 0 0, L_0x563083a7a550;  1 drivers
v0x563083a63c20_0 .var "m_axis_b_tready", 0 0;
v0x563083a63cc0_0 .net "m_axis_b_tvalid", 0 0, L_0x563083a7a450;  1 drivers
v0x563083a63d60_0 .net "m_axis_d_tdata", 31 0, L_0x563083a78380;  1 drivers
v0x563083a63e20_0 .net "m_axis_d_tlast", 0 0, L_0x563083a78580;  1 drivers
v0x563083a63ec0_0 .var "m_axis_d_tready", 0 0;
v0x563083a64070_0 .net "m_axis_d_tvalid", 0 0, L_0x563083a78480;  1 drivers
v0x563083a64110_0 .net "m_axis_r_tdata", 15 0, L_0x563083a79050;  1 drivers
v0x563083a641d0_0 .net "m_axis_r_tlast", 0 0, L_0x563083a79250;  1 drivers
v0x563083a64270_0 .var "m_axis_r_tready", 0 0;
v0x563083a64310_0 .net "m_axis_r_tvalid", 0 0, L_0x563083a79150;  1 drivers
v0x563083a643b0_0 .var "reset_done", 0 0;
v0x563083a64470_0 .var "rst", 0 0;
v0x563083a64620_0 .var "s_axis_l_tdata", 15 0;
v0x563083a646e0_0 .var "s_axis_l_tlast", 0 0;
v0x563083a64780_0 .net "s_axis_l_tready", 0 0, L_0x563083a78780;  1 drivers
v0x563083a64820_0 .var "s_axis_l_tvalid", 0 0;
v0x563083a64910_0 .var "s_axis_t_tdata", 15 0;
v0x563083a649d0_0 .var "s_axis_t_tlast", 0 0;
v0x563083a64a70_0 .net "s_axis_t_tready", 0 0, L_0x563083a797b0;  1 drivers
v0x563083a64b60_0 .var "s_axis_t_tvalid", 0 0;
v0x563083a64c50_0 .var "s_axis_u_tdata", 31 0;
v0x563083a64d60_0 .var "s_axis_u_tlast", 0 0;
L_0x7ff4c7788018 .functor BUFT 1, C4<0>, C4<0>, C4<0>, C4<0>;
v0x563083a64e50_0 .net "s_axis_u_tready", 0 0, L_0x7ff4c7788018;  1 drivers
v0x563083a64f40_0 .var "s_axis_u_tvalid", 0 0;
v0x563083a65030_0 .var/i "timer_op0", 31 0;
v0x563083a65110_0 .var/i "timer_op1", 31 0;
S_0x5630839fc0a0 .scope module, "uut" "LinearProcessingElementWrapper" 2 65, 3 21 0, S_0x563083a30180;
 .timescale -9 -12;
    .port_info 0 /INPUT 1 "clk";
    .port_info 1 /INPUT 1 "rst";
    .port_info 2 /INPUT 16 "s_axis_l_tdata";
    .port_info 3 /INPUT 1 "s_axis_l_tvalid";
    .port_info 4 /OUTPUT 1 "s_axis_l_tready";
    .port_info 5 /INPUT 1 "s_axis_l_tlast";
    .port_info 6 /OUTPUT 16 "m_axis_r_tdata";
    .port_info 7 /OUTPUT 1 "m_axis_r_tvalid";
    .port_info 8 /INPUT 1 "m_axis_r_tready";
    .port_info 9 /OUTPUT 1 "m_axis_r_tlast";
    .port_info 10 /INPUT 16 "s_axis_t_tdata";
    .port_info 11 /INPUT 1 "s_axis_t_tvalid";
    .port_info 12 /OUTPUT 1 "s_axis_t_tready";
    .port_info 13 /INPUT 1 "s_axis_t_tlast";
    .port_info 14 /OUTPUT 16 "m_axis_b_tdata";
    .port_info 15 /OUTPUT 1 "m_axis_b_tvalid";
    .port_info 16 /INPUT 1 "m_axis_b_tready";
    .port_info 17 /OUTPUT 1 "m_axis_b_tlast";
    .port_info 18 /INPUT 32 "s_axis_u_tdata";
    .port_info 19 /INPUT 1 "s_axis_u_tvalid";
    .port_info 20 /OUTPUT 1 "s_axis_u_tready";
    .port_info 21 /INPUT 1 "s_axis_u_tlast";
    .port_info 22 /OUTPUT 32 "m_axis_d_tdata";
    .port_info 23 /OUTPUT 1 "m_axis_d_tvalid";
    .port_info 24 /INPUT 1 "m_axis_d_tready";
    .port_info 25 /OUTPUT 1 "m_axis_d_tlast";
    .port_info 26 /OUTPUT 1 "err_unalligned_data";
P_0x563083923040 .param/l "DATA_WIDTH_OP0" 0 3 31, +C4<00000000000000000000000000010000>;
P_0x563083923080 .param/l "DATA_WIDTH_OP1" 0 3 37, +C4<00000000000000000000000000010000>;
P_0x5630839230c0 .param/l "DATA_WIDTH_PSUM" 0 3 43, +C4<000000000000000000000000000100000>;
P_0x563083923100 .param/l "FRACTIONAL_BITS_OP0" 0 3 33, +C4<00000000000000000000000000001101>;
P_0x563083923140 .param/l "FRACTIONAL_BITS_OP1" 0 3 39, +C4<00000000000000000000000000001111>;
P_0x563083923180 .param/l "IS_UNSIGNED_OP0" 0 3 35, +C4<00000000000000000000000000000000>;
P_0x5630839231c0 .param/l "IS_UNSIGNED_OP1" 0 3 41, +C4<00000000000000000000000000000000>;
P_0x563083923200 .param/l "PE_NUMBER_I" 0 3 23, +C4<00000000000000000000000000000001>;
P_0x563083923240 .param/l "PE_NUMBER_J" 0 3 25, +C4<00000000000000000000000000000011>;
P_0x563083923280 .param/l "PE_POSITION_I" 0 3 27, +C4<00000000000000000000000000000000>;
P_0x5630839232c0 .param/l "PE_POSITION_J" 0 3 29, +C4<00000000000000000000000000000000>;
v0x563083a617d0_0 .net "clk", 0 0, v0x563083a633c0_0;  1 drivers
v0x563083a61890_0 .net "err_unalligned_data", 0 0, L_0x563083a78280;  alias, 1 drivers
v0x563083a619a0_0 .net "m_axis_b_tdata", 15 0, L_0x563083a7a350;  alias, 1 drivers
v0x563083a61a90_0 .net "m_axis_b_tlast", 0 0, L_0x563083a7a550;  alias, 1 drivers
v0x563083a61b80_0 .net "m_axis_b_tready", 0 0, v0x563083a63c20_0;  1 drivers
v0x563083a61cc0_0 .net "m_axis_b_tvalid", 0 0, L_0x563083a7a450;  alias, 1 drivers
v0x563083a61db0_0 .net "m_axis_d_tdata", 31 0, L_0x563083a78380;  alias, 1 drivers
v0x563083a61ea0_0 .net "m_axis_d_tlast", 0 0, L_0x563083a78580;  alias, 1 drivers
v0x563083a61f90_0 .net "m_axis_d_tready", 0 0, v0x563083a63ec0_0;  1 drivers
v0x563083a62030_0 .net "m_axis_d_tvalid", 0 0, L_0x563083a78480;  alias, 1 drivers
v0x563083a62120_0 .net "m_axis_r_tdata", 15 0, L_0x563083a79050;  alias, 1 drivers
v0x563083a62230_0 .net "m_axis_r_tlast", 0 0, L_0x563083a79250;  alias, 1 drivers
v0x563083a62320_0 .net "m_axis_r_tready", 0 0, v0x563083a64270_0;  1 drivers
v0x563083a62410_0 .net "m_axis_r_tvalid", 0 0, L_0x563083a79150;  alias, 1 drivers
v0x563083a62500_0 .net "rst", 0 0, v0x563083a64470_0;  1 drivers
v0x563083a625a0_0 .net "s_axis_l_tdata", 15 0, v0x563083a64620_0;  1 drivers
v0x563083a626b0_0 .net "s_axis_l_tlast", 0 0, v0x563083a646e0_0;  1 drivers
v0x563083a627a0_0 .net "s_axis_l_tready", 0 0, L_0x563083a78780;  alias, 1 drivers
v0x563083a62840_0 .net "s_axis_l_tvalid", 0 0, v0x563083a64820_0;  1 drivers
v0x563083a628e0_0 .net "s_axis_t_tdata", 15 0, v0x563083a64910_0;  1 drivers
v0x563083a629d0_0 .net "s_axis_t_tlast", 0 0, v0x563083a649d0_0;  1 drivers
v0x563083a62ac0_0 .net "s_axis_t_tready", 0 0, L_0x563083a797b0;  alias, 1 drivers
v0x563083a62b60_0 .net "s_axis_t_tvalid", 0 0, v0x563083a64b60_0;  1 drivers
v0x563083a62c00_0 .net "s_axis_u_tdata", 31 0, v0x563083a64c50_0;  1 drivers
v0x563083a62ca0_0 .net "s_axis_u_tlast", 0 0, v0x563083a64d60_0;  1 drivers
v0x563083a62d40_0 .net "s_axis_u_tready", 0 0, L_0x7ff4c7788018;  alias, 1 drivers
v0x563083a62de0_0 .net "s_axis_u_tvalid", 0 0, v0x563083a64f40_0;  1 drivers
S_0x563083a046d0 .scope module, "LinearProcessingElement_inst" "LinearProcessingElement" 3 124, 4 21 0, S_0x5630839fc0a0;
 .timescale -9 -12;
    .port_info 0 /INPUT 1 "clk";
    .port_info 1 /INPUT 1 "rst";
    .port_info 2 /INPUT 16 "s_axis_l_tdata";
    .port_info 3 /INPUT 1 "s_axis_l_tvalid";
    .port_info 4 /OUTPUT 1 "s_axis_l_tready";
    .port_info 5 /INPUT 1 "s_axis_l_tlast";
    .port_info 6 /OUTPUT 16 "m_axis_r_tdata";
    .port_info 7 /OUTPUT 1 "m_axis_r_tvalid";
    .port_info 8 /INPUT 1 "m_axis_r_tready";
    .port_info 9 /OUTPUT 1 "m_axis_r_tlast";
    .port_info 10 /INPUT 16 "s_axis_t_tdata";
    .port_info 11 /INPUT 1 "s_axis_t_tvalid";
    .port_info 12 /OUTPUT 1 "s_axis_t_tready";
    .port_info 13 /INPUT 1 "s_axis_t_tlast";
    .port_info 14 /OUTPUT 16 "m_axis_b_tdata";
    .port_info 15 /OUTPUT 1 "m_axis_b_tvalid";
    .port_info 16 /INPUT 1 "m_axis_b_tready";
    .port_info 17 /OUTPUT 1 "m_axis_b_tlast";
    .port_info 18 /INPUT 32 "s_axis_u_tdata";
    .port_info 19 /INPUT 1 "s_axis_u_tvalid";
    .port_info 20 /OUTPUT 1 "s_axis_u_tready";
    .port_info 21 /INPUT 1 "s_axis_u_tlast";
    .port_info 22 /OUTPUT 32 "m_axis_d_tdata";
    .port_info 23 /OUTPUT 1 "m_axis_d_tvalid";
    .port_info 24 /INPUT 1 "m_axis_d_tready";
    .port_info 25 /OUTPUT 1 "m_axis_d_tlast";
    .port_info 26 /OUTPUT 1 "err_unalligned_data";
P_0x56308390c830 .param/l "DATA_WIDTH_OP0" 0 4 31, +C4<00000000000000000000000000010000>;
P_0x56308390c870 .param/l "DATA_WIDTH_OP1" 0 4 37, +C4<00000000000000000000000000010000>;
P_0x56308390c8b0 .param/l "DATA_WIDTH_PSUM" 0 4 43, +C4<000000000000000000000000000100000>;
P_0x56308390c8f0 .param/l "FRACTIONAL_BITS_OP0" 0 4 33, +C4<00000000000000000000000000001101>;
P_0x56308390c930 .param/l "FRACTIONAL_BITS_OP1" 0 4 39, +C4<00000000000000000000000000001111>;
P_0x56308390c970 .param/l "IS_UNSIGNED_OP0" 0 4 35, +C4<00000000000000000000000000000000>;
P_0x56308390c9b0 .param/l "IS_UNSIGNED_OP1" 0 4 41, +C4<00000000000000000000000000000000>;
P_0x56308390c9f0 .param/l "MLT_OP_SIZE" 1 4 102, +C4<00000000000000000000000000000100000>;
P_0x56308390ca30 .param/l "PE_NUMBER_I" 0 4 23, +C4<00000000000000000000000000000001>;
P_0x56308390ca70 .param/l "PE_NUMBER_J" 0 4 25, +C4<00000000000000000000000000000011>;
P_0x56308390cab0 .param/l "PE_POSITION_I" 0 4 27, +C4<00000000000000000000000000000000>;
P_0x56308390caf0 .param/l "PE_POSITION_J" 0 4 29, +C4<00000000000000000000000000000000>;
L_0x563083a78780 .functor AND 1, v0x563083a503c0_0, v0x563083a5c790_0, C4<1>, C4<1>;
L_0x563083a78f00 .functor AND 1, v0x563083a64820_0, v0x563083a5c790_0, C4<1>, C4<1>;
L_0x563083a797b0 .functor AND 1, v0x563083a55b00_0, v0x563083a5c910_0, C4<1>, C4<1>;
L_0x563083a7a1d0 .functor AND 1, v0x563083a64b60_0, v0x563083a5c910_0, C4<1>, C4<1>;
L_0x563083a7a8a0 .functor BUFZ 16, v0x563083a4fc60_0, C4<0000000000000000>, C4<0000000000000000>, C4<0000000000000000>;
L_0x563083a7a9a0 .functor AND 1, L_0x563083a788d0, L_0x563083a778c0, C4<1>, C4<1>;
L_0x563083a7ab20 .functor AND 1, L_0x563083a7a9a0, L_0x563083a7aa80, C4<1>, C4<1>;
L_0x563083a7ab90 .functor AND 1, L_0x563083a79350, L_0x563083a778c0, C4<1>, C4<1>;
L_0x563083a7ace0 .functor OR 1, L_0x563083a7ab90, v0x563083a5a0f0_0, C4<0>, C4<0>;
L_0x563083a7ade0 .functor BUFZ 1, v0x563083a4ffe0_0, C4<0>, C4<0>, C4<0>;
L_0x563083a7aeb0 .functor BUFZ 16, v0x563083a553a0_0, C4<0000000000000000>, C4<0000000000000000>, C4<0000000000000000>;
L_0x563083a77270 .functor AND 1, L_0x563083a79960, L_0x563083a77e80, C4<1>, C4<1>;
L_0x563083a7b120 .functor AND 1, L_0x563083a77270, L_0x563083a7b020, C4<1>, C4<1>;
L_0x563083a7b190 .functor AND 1, L_0x563083a7a650, L_0x563083a77e80, C4<1>, C4<1>;
L_0x563083a7afb0 .functor OR 1, L_0x563083a7b190, v0x563083a5a270_0, C4<0>, C4<0>;
L_0x563083a7b3a0 .functor BUFZ 1, v0x563083a55720_0, C4<0>, C4<0>, C4<0>;
L_0x563083a7b4a0 .functor BUFT 32, L_0x563083a65790, C4<00000000000000000000000000000000>, C4<00000000000000000000000000000000>, C4<00000000000000000000000000000000>;
L_0x7ff4c77880a8 .functor BUFT 1, C4<00000000000000000000000000000000>, C4<0>, C4<0>, C4<0>;
v0x563083a5d200_0 .net/2u *"_ivl_12", 31 0, L_0x7ff4c77880a8;  1 drivers
v0x563083a5d300_0 .net/s *"_ivl_4", 31 0, L_0x563083a655b0;  1 drivers
v0x563083a5d3e0_0 .net/s *"_ivl_6", 31 0, L_0x563083a656a0;  1 drivers
v0x563083a5d4d0_0 .net *"_ivl_68", 0 0, L_0x563083a7a9a0;  1 drivers
v0x563083a5d5b0_0 .net *"_ivl_71", 0 0, L_0x563083a7aa80;  1 drivers
v0x563083a5d6c0_0 .net *"_ivl_74", 0 0, L_0x563083a7ab90;  1 drivers
v0x563083a5d7a0_0 .net *"_ivl_82", 0 0, L_0x563083a77270;  1 drivers
v0x563083a5d880_0 .net *"_ivl_85", 0 0, L_0x563083a7b020;  1 drivers
v0x563083a5d940_0 .net *"_ivl_88", 0 0, L_0x563083a7b190;  1 drivers
L_0x7ff4c7788138 .functor BUFT 1, C4<0>, C4<0>, C4<0>, C4<0>;
v0x563083a5da20_0 .net "acc_res", 0 0, L_0x7ff4c7788138;  1 drivers
v0x563083a5dac0_0 .net "bypass_adder", 0 0, L_0x563083a0e0b0;  1 drivers
v0x563083a5db90_0 .net "clk", 0 0, v0x563083a633c0_0;  alias, 1 drivers
v0x563083a5dc30_0 .net "drop_l", 0 0, v0x563083a5a0f0_0;  1 drivers
v0x563083a5dd00_0 .net "drop_t", 0 0, v0x563083a5a270_0;  1 drivers
o0x7ff4c77d4078 .functor BUFZ 1, C4<z>; HiZ drive
v0x563083a5ddd0_0 .net "drop_u", 0 0, o0x7ff4c77d4078;  0 drivers
v0x563083a5dea0_0 .net "err_unalligned_data", 0 0, L_0x563083a78280;  alias, 1 drivers
v0x563083a5df70_0 .net "export_rslt", 0 0, L_0x563083a75ff0;  1 drivers
v0x563083a5e040_0 .net "export_rslt_last", 0 0, L_0x563083a760e0;  1 drivers
v0x563083a5e110_0 .net "forward_l", 0 0, L_0x563083a778c0;  1 drivers
v0x563083a5e1e0_0 .net "forward_t", 0 0, L_0x563083a77e80;  1 drivers
o0x7ff4c77d4348 .functor BUFZ 1, C4<z>; HiZ drive
v0x563083a5e2b0_0 .net "forward_u", 0 0, o0x7ff4c77d4348;  0 drivers
v0x563083a5e380_0 .net "int_axis_b_tdata", 15 0, L_0x563083a7aeb0;  1 drivers
v0x563083a5e450_0 .net "int_axis_b_tlast", 0 0, L_0x563083a7b3a0;  1 drivers
v0x563083a5e520_0 .net "int_axis_b_tready", 0 0, L_0x563083a7a650;  1 drivers
v0x563083a5e5c0_0 .net "int_axis_b_tvalid", 0 0, L_0x563083a7b120;  1 drivers
v0x563083a5e660_0 .net "int_axis_d_tdata", 31 0, L_0x563083a34c90;  1 drivers
v0x563083a5e730_0 .net "int_axis_d_tlast", 0 0, L_0x563083a31dd0;  1 drivers
v0x563083a5e800_0 .net "int_axis_d_tready", 0 0, L_0x563083a78680;  1 drivers
v0x563083a5e8f0_0 .net "int_axis_d_tvalid", 0 0, L_0x563083a3f4c0;  1 drivers
v0x563083a5e990_0 .net "int_axis_l_tdata", 15 0, v0x563083a4fc60_0;  1 drivers
v0x563083a5ea60_0 .net "int_axis_l_tlast", 0 0, v0x563083a4ffe0_0;  1 drivers
v0x563083a5eb50_0 .net "int_axis_l_tready", 0 0, L_0x563083a7ace0;  1 drivers
v0x563083a5ebf0_0 .net "int_axis_l_tvalid", 0 0, L_0x563083a788d0;  1 drivers
v0x563083a5ece0_0 .net "int_axis_r_tdata", 15 0, L_0x563083a7a8a0;  1 drivers
v0x563083a5ed80_0 .net "int_axis_r_tlast", 0 0, L_0x563083a7ade0;  1 drivers
v0x563083a5ee50_0 .net "int_axis_r_tready", 0 0, L_0x563083a79350;  1 drivers
v0x563083a5ef40_0 .net "int_axis_r_tvalid", 0 0, L_0x563083a7ab20;  1 drivers
v0x563083a5efe0_0 .net "int_axis_t_tdata", 15 0, v0x563083a553a0_0;  1 drivers
v0x563083a5f0b0_0 .net "int_axis_t_tlast", 0 0, v0x563083a55720_0;  1 drivers
v0x563083a5f1a0_0 .net "int_axis_t_tready", 0 0, L_0x563083a7afb0;  1 drivers
v0x563083a5f240_0 .net "int_axis_t_tvalid", 0 0, L_0x563083a79960;  1 drivers
o0x7ff4c77d4e28 .functor BUFZ 32, C4<zzzzzzzzzzzzzzzzzzzzzzzzzzzzzzzz>; HiZ drive
v0x563083a5f330_0 .net "int_axis_u_tdata", 31 0, o0x7ff4c77d4e28;  0 drivers
o0x7ff4c77d4408 .functor BUFZ 1, C4<z>; HiZ drive
v0x563083a5f3d0_0 .net "int_axis_u_tlast", 0 0, o0x7ff4c77d4408;  0 drivers
L_0x7ff4c7788060 .functor BUFT 1, C4<0>, C4<0>, C4<0>, C4<0>;
v0x563083a5f470_0 .net "int_axis_u_tvalid", 0 0, L_0x7ff4c7788060;  1 drivers
v0x563083a5f540_0 .net "m_axis_b_tdata", 15 0, L_0x563083a7a350;  alias, 1 drivers
v0x563083a5f610_0 .net "m_axis_b_tlast", 0 0, L_0x563083a7a550;  alias, 1 drivers
v0x563083a5f6e0_0 .net "m_axis_b_tready", 0 0, v0x563083a63c20_0;  alias, 1 drivers
v0x563083a5f7b0_0 .net "m_axis_b_tvalid", 0 0, L_0x563083a7a450;  alias, 1 drivers
v0x563083a5f880_0 .net "m_axis_d_tdata", 31 0, L_0x563083a78380;  alias, 1 drivers
v0x563083a5f950_0 .net "m_axis_d_tlast", 0 0, L_0x563083a78580;  alias, 1 drivers
v0x563083a5fa20_0 .net "m_axis_d_tready", 0 0, v0x563083a63ec0_0;  alias, 1 drivers
v0x563083a5faf0_0 .net "m_axis_d_tvalid", 0 0, L_0x563083a78480;  alias, 1 drivers
v0x563083a5fbc0_0 .net "m_axis_r_tdata", 15 0, L_0x563083a79050;  alias, 1 drivers
v0x563083a5fc90_0 .net "m_axis_r_tlast", 0 0, L_0x563083a79250;  alias, 1 drivers
v0x563083a5fd60_0 .net "m_axis_r_tready", 0 0, v0x563083a64270_0;  alias, 1 drivers
v0x563083a5fe30_0 .net "m_axis_r_tvalid", 0 0, L_0x563083a79150;  alias, 1 drivers
v0x563083a5ff00_0 .net/s "mult_op0", 15 0, L_0x563083a653d0;  1 drivers
v0x563083a5ffa0_0 .net/s "mult_op1", 15 0, L_0x563083a654c0;  1 drivers
v0x563083a60040_0 .net/s "mult_res", 31 0, L_0x563083a65790;  1 drivers
v0x563083a600e0_0 .net "op_start", 0 0, L_0x563083a75ec0;  1 drivers
v0x563083a601b0_0 .net/s "partial_sum_acc", 31 0, L_0x563083a7b4a0;  1 drivers
v0x563083a60250_0 .net/s "partial_sum_fb", 31 0, L_0x563083a758e0;  1 drivers
v0x563083a602f0_0 .var "partial_sum_reg", 31 0;
v0x563083a60390_0 .net/s "partial_sum_reg_next", 31 0, L_0x563083a75ba0;  1 drivers
v0x563083a60430_0 .net/s "partial_sum_rslt", 31 0, L_0x563083a75ab0;  1 drivers
v0x563083a608e0_0 .net "rst", 0 0, v0x563083a64470_0;  alias, 1 drivers
v0x563083a60980_0 .net "s_axis_l_tdata", 15 0, v0x563083a64620_0;  alias, 1 drivers
v0x563083a60a50_0 .net "s_axis_l_tlast", 0 0, v0x563083a646e0_0;  alias, 1 drivers
v0x563083a60b20_0 .net "s_axis_l_tready", 0 0, L_0x563083a78780;  alias, 1 drivers
v0x563083a60bc0_0 .net "s_axis_l_tready_int", 0 0, v0x563083a503c0_0;  1 drivers
v0x563083a60c90_0 .net "s_axis_l_tvalid", 0 0, v0x563083a64820_0;  alias, 1 drivers
v0x563083a60d30_0 .net "s_axis_t_tdata", 15 0, v0x563083a64910_0;  alias, 1 drivers
v0x563083a60e00_0 .net "s_axis_t_tlast", 0 0, v0x563083a649d0_0;  alias, 1 drivers
v0x563083a60ed0_0 .net "s_axis_t_tready", 0 0, L_0x563083a797b0;  alias, 1 drivers
v0x563083a60f70_0 .net "s_axis_t_tready_int", 0 0, v0x563083a55b00_0;  1 drivers
v0x563083a61040_0 .net "s_axis_t_tvalid", 0 0, v0x563083a64b60_0;  alias, 1 drivers
v0x563083a610e0_0 .net "s_axis_u_tdata", 31 0, v0x563083a64c50_0;  alias, 1 drivers
v0x563083a61180_0 .net "s_axis_u_tlast", 0 0, v0x563083a64d60_0;  alias, 1 drivers
v0x563083a61220_0 .net "s_axis_u_tready", 0 0, L_0x7ff4c7788018;  alias, 1 drivers
v0x563083a612c0_0 .net "s_axis_u_tvalid", 0 0, v0x563083a64f40_0;  alias, 1 drivers
v0x563083a61360_0 .net "store_l", 0 0, v0x563083a5c790_0;  1 drivers
v0x563083a61430_0 .net "store_t", 0 0, v0x563083a5c910_0;  1 drivers
o0x7ff4c77d4738 .functor BUFZ 1, C4<z>; HiZ drive
v0x563083a61500_0 .net "store_u", 0 0, o0x7ff4c77d4738;  0 drivers
L_0x563083a653d0 .concat [ 16 0 0 0], v0x563083a4fc60_0;
L_0x563083a654c0 .concat [ 16 0 0 0], v0x563083a553a0_0;
L_0x563083a655b0 .extend/s 32, L_0x563083a653d0;
L_0x563083a656a0 .extend/s 32, L_0x563083a654c0;
L_0x563083a65790 .arith/mult 32, L_0x563083a655b0, L_0x563083a656a0;
L_0x563083a758e0 .functor MUXZ 32, v0x563083a602f0_0, L_0x7ff4c77880a8, L_0x563083a75ec0, C4<>;
L_0x563083a75ab0 .arith/sum 32, L_0x563083a758e0, L_0x563083a7b4a0;
L_0x563083a75ba0 .functor MUXZ 32, L_0x563083a75ab0, L_0x563083a758e0, L_0x563083a0e0b0, C4<>;
L_0x563083a7aa80 .reduce/nor v0x563083a5a0f0_0;
L_0x563083a7b020 .reduce/nor v0x563083a5a270_0;
S_0x563083a04ab0 .scope module, "axis_register_b_inst" "axis_register" 4 455, 5 34 0, S_0x563083a046d0;
 .timescale -9 -12;
    .port_info 0 /INPUT 1 "clk";
    .port_info 1 /INPUT 1 "rst";
    .port_info 2 /INPUT 16 "s_axis_tdata";
    .port_info 3 /INPUT 1 "s_axis_tkeep";
    .port_info 4 /INPUT 1 "s_axis_tvalid";
    .port_info 5 /OUTPUT 1 "s_axis_tready";
    .port_info 6 /INPUT 1 "s_axis_tlast";
    .port_info 7 /INPUT 1 "s_axis_tid";
    .port_info 8 /INPUT 1 "s_axis_tdest";
    .port_info 9 /INPUT 1 "s_axis_tuser";
    .port_info 10 /OUTPUT 16 "m_axis_tdata";
    .port_info 11 /OUTPUT 1 "m_axis_tkeep";
    .port_info 12 /OUTPUT 1 "m_axis_tvalid";
    .port_info 13 /INPUT 1 "m_axis_tready";
    .port_info 14 /OUTPUT 1 "m_axis_tlast";
    .port_info 15 /OUTPUT 1 "m_axis_tid";
    .port_info 16 /OUTPUT 1 "m_axis_tdest";
    .port_info 17 /OUTPUT 1 "m_axis_tuser";
P_0x563083a3fea0 .param/l "DATA_WIDTH" 0 5 37, +C4<00000000000000000000000000010000>;
P_0x563083a3fee0 .param/l "DEST_ENABLE" 0 5 49, +C4<00000000000000000000000000000000>;
P_0x563083a3ff20 .param/l "DEST_WIDTH" 0 5 51, +C4<00000000000000000000000000000001>;
P_0x563083a3ff60 .param/l "ID_ENABLE" 0 5 45, +C4<00000000000000000000000000000000>;
P_0x563083a3ffa0 .param/l "ID_WIDTH" 0 5 47, +C4<00000000000000000000000000000001>;
P_0x563083a3ffe0 .param/l "KEEP_ENABLE" 0 5 39, +C4<00000000000000000000000000000000>;
P_0x563083a40020 .param/l "KEEP_WIDTH" 0 5 41, +C4<00000000000000000000000000000001>;
P_0x563083a40060 .param/l "LAST_ENABLE" 0 5 43, +C4<00000000000000000000000000000001>;
P_0x563083a400a0 .param/l "REG_TYPE" 0 5 58, +C4<00000000000000000000000000000000>;
P_0x563083a400e0 .param/l "USER_ENABLE" 0 5 53, +C4<00000000000000000000000000000000>;
P_0x563083a40120 .param/l "USER_WIDTH" 0 5 55, +C4<00000000000000000000000000000001>;
v0x5630839f8e20_0 .net "clk", 0 0, v0x563083a633c0_0;  alias, 1 drivers
v0x563083956700_0 .net "m_axis_tdata", 15 0, L_0x563083a7a350;  alias, 1 drivers
L_0x7ff4c7788cc0 .functor BUFT 1, C4<0>, C4<0>, C4<0>, C4<0>;
v0x563083921f30_0 .net "m_axis_tdest", 0 0, L_0x7ff4c7788cc0;  1 drivers
L_0x7ff4c7788c78 .functor BUFT 1, C4<0>, C4<0>, C4<0>, C4<0>;
v0x5630839565c0_0 .net "m_axis_tid", 0 0, L_0x7ff4c7788c78;  1 drivers
L_0x7ff4c7788c30 .functor BUFT 1, C4<1>, C4<0>, C4<0>, C4<0>;
v0x563083956520_0 .net "m_axis_tkeep", 0 0, L_0x7ff4c7788c30;  1 drivers
v0x5630839ba410_0 .net "m_axis_tlast", 0 0, L_0x563083a7a550;  alias, 1 drivers
v0x563083a4c2d0_0 .net "m_axis_tready", 0 0, v0x563083a63c20_0;  alias, 1 drivers
L_0x7ff4c7788d08 .functor BUFT 1, C4<0>, C4<0>, C4<0>, C4<0>;
v0x563083a4c390_0 .net "m_axis_tuser", 0 0, L_0x7ff4c7788d08;  1 drivers
v0x563083a4c470_0 .net "m_axis_tvalid", 0 0, L_0x563083a7a450;  alias, 1 drivers
v0x563083a4c530_0 .net "rst", 0 0, v0x563083a64470_0;  alias, 1 drivers
v0x563083a4c5f0_0 .net "s_axis_tdata", 15 0, L_0x563083a7aeb0;  alias, 1 drivers
L_0x7ff4c7788de0 .functor BUFT 1, C4<0>, C4<0>, C4<0>, C4<0>;
v0x563083a4c6d0_0 .net "s_axis_tdest", 0 0, L_0x7ff4c7788de0;  1 drivers
L_0x7ff4c7788d98 .functor BUFT 1, C4<0>, C4<0>, C4<0>, C4<0>;
v0x563083a4c7b0_0 .net "s_axis_tid", 0 0, L_0x7ff4c7788d98;  1 drivers
L_0x7ff4c7788d50 .functor BUFT 1, C4<1>, C4<0>, C4<0>, C4<0>;
v0x563083a4c890_0 .net "s_axis_tkeep", 0 0, L_0x7ff4c7788d50;  1 drivers
v0x563083a4c970_0 .net "s_axis_tlast", 0 0, L_0x563083a7b3a0;  alias, 1 drivers
v0x563083a4ca30_0 .net "s_axis_tready", 0 0, L_0x563083a7a650;  alias, 1 drivers
L_0x7ff4c7788e28 .functor BUFT 1, C4<0>, C4<0>, C4<0>, C4<0>;
v0x563083a4caf0_0 .net "s_axis_tuser", 0 0, L_0x7ff4c7788e28;  1 drivers
v0x563083a4cbd0_0 .net "s_axis_tvalid", 0 0, L_0x563083a7b120;  alias, 1 drivers
S_0x5630839f4c20 .scope generate, "genblk1" "genblk1" 5 197, 5 197 0, S_0x563083a04ab0;
 .timescale -9 -12;
L_0x563083a7a350 .functor BUFZ 16, L_0x563083a7aeb0, C4<0000000000000000>, C4<0000000000000000>, C4<0000000000000000>;
L_0x563083a7a450 .functor BUFZ 1, L_0x563083a7b120, C4<0>, C4<0>, C4<0>;
L_0x563083a7a550 .functor BUFZ 1, L_0x563083a7b3a0, C4<0>, C4<0>, C4<0>;
L_0x563083a7a650 .functor BUFZ 1, v0x563083a63c20_0, C4<0>, C4<0>, C4<0>;
S_0x5630839f4f40 .scope module, "axis_register_d_inst" "axis_register" 4 284, 5 34 0, S_0x563083a046d0;
 .timescale -9 -12;
    .port_info 0 /INPUT 1 "clk";
    .port_info 1 /INPUT 1 "rst";
    .port_info 2 /INPUT 32 "s_axis_tdata";
    .port_info 3 /INPUT 1 "s_axis_tkeep";
    .port_info 4 /INPUT 1 "s_axis_tvalid";
    .port_info 5 /OUTPUT 1 "s_axis_tready";
    .port_info 6 /INPUT 1 "s_axis_tlast";
    .port_info 7 /INPUT 1 "s_axis_tid";
    .port_info 8 /INPUT 1 "s_axis_tdest";
    .port_info 9 /INPUT 1 "s_axis_tuser";
    .port_info 10 /OUTPUT 32 "m_axis_tdata";
    .port_info 11 /OUTPUT 1 "m_axis_tkeep";
    .port_info 12 /OUTPUT 1 "m_axis_tvalid";
    .port_info 13 /INPUT 1 "m_axis_tready";
    .port_info 14 /OUTPUT 1 "m_axis_tlast";
    .port_info 15 /OUTPUT 1 "m_axis_tid";
    .port_info 16 /OUTPUT 1 "m_axis_tdest";
    .port_info 17 /OUTPUT 1 "m_axis_tuser";
P_0x563083a4cf90 .param/l "DATA_WIDTH" 0 5 37, +C4<000000000000000000000000000100000>;
P_0x563083a4cfd0 .param/l "DEST_ENABLE" 0 5 49, +C4<00000000000000000000000000000000>;
P_0x563083a4d010 .param/l "DEST_WIDTH" 0 5 51, +C4<00000000000000000000000000000001>;
P_0x563083a4d050 .param/l "ID_ENABLE" 0 5 45, +C4<00000000000000000000000000000000>;
P_0x563083a4d090 .param/l "ID_WIDTH" 0 5 47, +C4<00000000000000000000000000000001>;
P_0x563083a4d0d0 .param/l "KEEP_ENABLE" 0 5 39, +C4<00000000000000000000000000000000>;
P_0x563083a4d110 .param/l "KEEP_WIDTH" 0 5 41, +C4<00000000000000000000000000000001>;
P_0x563083a4d150 .param/l "LAST_ENABLE" 0 5 43, +C4<00000000000000000000000000000001>;
P_0x563083a4d190 .param/l "REG_TYPE" 0 5 58, +C4<00000000000000000000000000000000>;
P_0x563083a4d1d0 .param/l "USER_ENABLE" 0 5 53, +C4<00000000000000000000000000000000>;
P_0x563083a4d210 .param/l "USER_WIDTH" 0 5 55, +C4<00000000000000000000000000000001>;
v0x563083a4d9c0_0 .net "clk", 0 0, v0x563083a633c0_0;  alias, 1 drivers
v0x563083a4dab0_0 .net "m_axis_tdata", 31 0, L_0x563083a78380;  alias, 1 drivers
L_0x7ff4c7788408 .functor BUFT 1, C4<0>, C4<0>, C4<0>, C4<0>;
v0x563083a4db70_0 .net "m_axis_tdest", 0 0, L_0x7ff4c7788408;  1 drivers
L_0x7ff4c77883c0 .functor BUFT 1, C4<0>, C4<0>, C4<0>, C4<0>;
v0x563083a4dc60_0 .net "m_axis_tid", 0 0, L_0x7ff4c77883c0;  1 drivers
L_0x7ff4c7788378 .functor BUFT 1, C4<1>, C4<0>, C4<0>, C4<0>;
v0x563083a4dd40_0 .net "m_axis_tkeep", 0 0, L_0x7ff4c7788378;  1 drivers
v0x563083a4de70_0 .net "m_axis_tlast", 0 0, L_0x563083a78580;  alias, 1 drivers
v0x563083a4df30_0 .net "m_axis_tready", 0 0, v0x563083a63ec0_0;  alias, 1 drivers
L_0x7ff4c7788450 .functor BUFT 1, C4<0>, C4<0>, C4<0>, C4<0>;
v0x563083a4dff0_0 .net "m_axis_tuser", 0 0, L_0x7ff4c7788450;  1 drivers
v0x563083a4e0d0_0 .net "m_axis_tvalid", 0 0, L_0x563083a78480;  alias, 1 drivers
v0x563083a4e190_0 .net "rst", 0 0, v0x563083a64470_0;  alias, 1 drivers
v0x563083a4e230_0 .net "s_axis_tdata", 31 0, L_0x563083a34c90;  alias, 1 drivers
L_0x7ff4c7788528 .functor BUFT 1, C4<0>, C4<0>, C4<0>, C4<0>;
v0x563083a4e2f0_0 .net "s_axis_tdest", 0 0, L_0x7ff4c7788528;  1 drivers
L_0x7ff4c77884e0 .functor BUFT 1, C4<0>, C4<0>, C4<0>, C4<0>;
v0x563083a4e3d0_0 .net "s_axis_tid", 0 0, L_0x7ff4c77884e0;  1 drivers
L_0x7ff4c7788498 .functor BUFT 1, C4<1>, C4<0>, C4<0>, C4<0>;
v0x563083a4e4b0_0 .net "s_axis_tkeep", 0 0, L_0x7ff4c7788498;  1 drivers
v0x563083a4e590_0 .net "s_axis_tlast", 0 0, L_0x563083a31dd0;  alias, 1 drivers
v0x563083a4e650_0 .net "s_axis_tready", 0 0, L_0x563083a78680;  alias, 1 drivers
o0x7ff4c77d1978 .functor BUFZ 1, C4<z>; HiZ drive
v0x563083a4e710_0 .net "s_axis_tuser", 0 0, o0x7ff4c77d1978;  0 drivers
v0x563083a4e7f0_0 .net "s_axis_tvalid", 0 0, L_0x563083a3f4c0;  alias, 1 drivers
S_0x5630839f5560 .scope generate, "genblk1" "genblk1" 5 197, 5 197 0, S_0x5630839f4f40;
 .timescale -9 -12;
L_0x563083a78380 .functor BUFZ 32, L_0x563083a34c90, C4<00000000000000000000000000000000>, C4<00000000000000000000000000000000>, C4<00000000000000000000000000000000>;
L_0x563083a78480 .functor BUFZ 1, L_0x563083a3f4c0, C4<0>, C4<0>, C4<0>;
L_0x563083a78580 .functor BUFZ 1, L_0x563083a31dd0, C4<0>, C4<0>, C4<0>;
L_0x563083a78680 .functor BUFZ 1, v0x563083a63ec0_0, C4<0>, C4<0>, C4<0>;
S_0x563083a2fe30 .scope module, "axis_register_l_inst" "axis_register" 4 327, 5 34 0, S_0x563083a046d0;
 .timescale -9 -12;
    .port_info 0 /INPUT 1 "clk";
    .port_info 1 /INPUT 1 "rst";
    .port_info 2 /INPUT 16 "s_axis_tdata";
    .port_info 3 /INPUT 1 "s_axis_tkeep";
    .port_info 4 /INPUT 1 "s_axis_tvalid";
    .port_info 5 /OUTPUT 1 "s_axis_tready";
    .port_info 6 /INPUT 1 "s_axis_tlast";
    .port_info 7 /INPUT 1 "s_axis_tid";
    .port_info 8 /INPUT 1 "s_axis_tdest";
    .port_info 9 /INPUT 1 "s_axis_tuser";
    .port_info 10 /OUTPUT 16 "m_axis_tdata";
    .port_info 11 /OUTPUT 1 "m_axis_tkeep";
    .port_info 12 /OUTPUT 1 "m_axis_tvalid";
    .port_info 13 /INPUT 1 "m_axis_tready";
    .port_info 14 /OUTPUT 1 "m_axis_tlast";
    .port_info 15 /OUTPUT 1 "m_axis_tid";
    .port_info 16 /OUTPUT 1 "m_axis_tdest";
    .port_info 17 /OUTPUT 1 "m_axis_tuser";
P_0x563083a4ebc0 .param/l "DATA_WIDTH" 0 5 37, +C4<00000000000000000000000000010000>;
P_0x563083a4ec00 .param/l "DEST_ENABLE" 0 5 49, +C4<00000000000000000000000000000000>;
P_0x563083a4ec40 .param/l "DEST_WIDTH" 0 5 51, +C4<00000000000000000000000000000001>;
P_0x563083a4ec80 .param/l "ID_ENABLE" 0 5 45, +C4<00000000000000000000000000000000>;
P_0x563083a4ecc0 .param/l "ID_WIDTH" 0 5 47, +C4<00000000000000000000000000000001>;
P_0x563083a4ed00 .param/l "KEEP_ENABLE" 0 5 39, +C4<00000000000000000000000000000000>;
P_0x563083a4ed40 .param/l "KEEP_WIDTH" 0 5 41, +C4<00000000000000000000000000000001>;
P_0x563083a4ed80 .param/l "LAST_ENABLE" 0 5 43, +C4<00000000000000000000000000000001>;
P_0x563083a4edc0 .param/l "REG_TYPE" 0 5 58, +C4<00000000000000000000000000000010>;
P_0x563083a4ee00 .param/l "USER_ENABLE" 0 5 53, +C4<00000000000000000000000000000000>;
P_0x563083a4ee40 .param/l "USER_WIDTH" 0 5 55, +C4<00000000000000000000000000000001>;
v0x563083a50e70_0 .net "clk", 0 0, v0x563083a633c0_0;  alias, 1 drivers
v0x563083a50f30_0 .net "m_axis_tdata", 15 0, v0x563083a4fc60_0;  alias, 1 drivers
L_0x7ff4c7788600 .functor BUFT 1, C4<0>, C4<0>, C4<0>, C4<0>;
v0x563083a51010_0 .net "m_axis_tdest", 0 0, L_0x7ff4c7788600;  1 drivers
L_0x7ff4c77885b8 .functor BUFT 1, C4<0>, C4<0>, C4<0>, C4<0>;
v0x563083a510d0_0 .net "m_axis_tid", 0 0, L_0x7ff4c77885b8;  1 drivers
L_0x7ff4c7788570 .functor BUFT 1, C4<1>, C4<0>, C4<0>, C4<0>;
v0x563083a511b0_0 .net "m_axis_tkeep", 0 0, L_0x7ff4c7788570;  1 drivers
v0x563083a512e0_0 .net "m_axis_tlast", 0 0, v0x563083a4ffe0_0;  alias, 1 drivers
v0x563083a513a0_0 .net "m_axis_tready", 0 0, L_0x563083a7ace0;  alias, 1 drivers
L_0x7ff4c7788648 .functor BUFT 1, C4<0>, C4<0>, C4<0>, C4<0>;
v0x563083a51460_0 .net "m_axis_tuser", 0 0, L_0x7ff4c7788648;  1 drivers
v0x563083a51540_0 .net "m_axis_tvalid", 0 0, L_0x563083a788d0;  alias, 1 drivers
v0x563083a51600_0 .net "rst", 0 0, v0x563083a64470_0;  alias, 1 drivers
v0x563083a516a0_0 .net "s_axis_tdata", 15 0, v0x563083a64620_0;  alias, 1 drivers
L_0x7ff4c7788720 .functor BUFT 1, C4<0>, C4<0>, C4<0>, C4<0>;
v0x563083a51780_0 .net "s_axis_tdest", 0 0, L_0x7ff4c7788720;  1 drivers
L_0x7ff4c77886d8 .functor BUFT 1, C4<0>, C4<0>, C4<0>, C4<0>;
v0x563083a51860_0 .net "s_axis_tid", 0 0, L_0x7ff4c77886d8;  1 drivers
L_0x7ff4c7788690 .functor BUFT 1, C4<1>, C4<0>, C4<0>, C4<0>;
v0x563083a51940_0 .net "s_axis_tkeep", 0 0, L_0x7ff4c7788690;  1 drivers
v0x563083a51a20_0 .net "s_axis_tlast", 0 0, v0x563083a646e0_0;  alias, 1 drivers
v0x563083a51ae0_0 .net "s_axis_tready", 0 0, v0x563083a503c0_0;  alias, 1 drivers
L_0x7ff4c7788768 .functor BUFT 1, C4<0>, C4<0>, C4<0>, C4<0>;
v0x563083a51ba0_0 .net "s_axis_tuser", 0 0, L_0x7ff4c7788768;  1 drivers
v0x563083a51d90_0 .net "s_axis_tvalid", 0 0, L_0x563083a78f00;  1 drivers
S_0x563083a4f5d0 .scope generate, "genblk1" "genblk1" 5 91, 5 91 0, S_0x563083a2fe30;
 .timescale -9 -12;
L_0x563083a788d0 .functor BUFZ 1, v0x563083a50240_0, C4<0>, C4<0>, C4<0>;
L_0x563083a78ca0 .functor OR 1, L_0x563083a78b00, L_0x563083a78bd0, C4<0>, C4<0>;
L_0x563083a78d40 .functor AND 1, L_0x563083a779d0, L_0x563083a78ca0, C4<1>, C4<1>;
L_0x563083a78df0 .functor OR 1, L_0x563083a7ace0, L_0x563083a78d40, C4<0>, C4<0>;
v0x563083a4f820_0 .net *"_ivl_17", 0 0, L_0x563083a779d0;  1 drivers
v0x563083a4f900_0 .net *"_ivl_19", 0 0, L_0x563083a78b00;  1 drivers
v0x563083a4f9c0_0 .net *"_ivl_21", 0 0, L_0x563083a78bd0;  1 drivers
v0x563083a4fa90_0 .net *"_ivl_23", 0 0, L_0x563083a78ca0;  1 drivers
v0x563083a4fb50_0 .net *"_ivl_25", 0 0, L_0x563083a78d40;  1 drivers
v0x563083a4fc60_0 .var "m_axis_tdata_reg", 15 0;
v0x563083a4fd40_0 .var "m_axis_tdest_reg", 0 0;
v0x563083a4fe20_0 .var "m_axis_tid_reg", 0 0;
v0x563083a4ff00_0 .var "m_axis_tkeep_reg", 0 0;
v0x563083a4ffe0_0 .var "m_axis_tlast_reg", 0 0;
v0x563083a500a0_0 .var "m_axis_tuser_reg", 0 0;
v0x563083a50180_0 .var "m_axis_tvalid_next", 0 0;
v0x563083a50240_0 .var "m_axis_tvalid_reg", 0 0;
v0x563083a50300_0 .net "s_axis_tready_early", 0 0, L_0x563083a78df0;  1 drivers
v0x563083a503c0_0 .var "s_axis_tready_reg", 0 0;
v0x563083a50480_0 .var "store_axis_input_to_output", 0 0;
v0x563083a50540_0 .var "store_axis_input_to_temp", 0 0;
v0x563083a50710_0 .var "store_axis_temp_to_output", 0 0;
v0x563083a507d0_0 .var "temp_m_axis_tdata_reg", 15 0;
v0x563083a508b0_0 .var "temp_m_axis_tdest_reg", 0 0;
v0x563083a50990_0 .var "temp_m_axis_tid_reg", 0 0;
v0x563083a50a70_0 .var "temp_m_axis_tkeep_reg", 0 0;
v0x563083a50b50_0 .var "temp_m_axis_tlast_reg", 0 0;
v0x563083a50c10_0 .var "temp_m_axis_tuser_reg", 0 0;
v0x563083a50cf0_0 .var "temp_m_axis_tvalid_next", 0 0;
v0x563083a50db0_0 .var "temp_m_axis_tvalid_reg", 0 0;
E_0x5630839897f0 .event posedge, v0x5630839f8e20_0;
E_0x563083980a40/0 .event anyedge, v0x563083a50240_0, v0x563083a50db0_0, v0x563083a503c0_0, v0x563083a513a0_0;
E_0x563083980a40/1 .event anyedge, v0x563083a51d90_0;
E_0x563083980a40 .event/or E_0x563083980a40/0, E_0x563083980a40/1;
L_0x563083a779d0 .reduce/nor v0x563083a50db0_0;
L_0x563083a78b00 .reduce/nor v0x563083a50240_0;
L_0x563083a78bd0 .reduce/nor L_0x563083a78f00;
S_0x563083a52130 .scope module, "axis_register_r_inst" "axis_register" 4 369, 5 34 0, S_0x563083a046d0;
 .timescale -9 -12;
    .port_info 0 /INPUT 1 "clk";
    .port_info 1 /INPUT 1 "rst";
    .port_info 2 /INPUT 16 "s_axis_tdata";
    .port_info 3 /INPUT 1 "s_axis_tkeep";
    .port_info 4 /INPUT 1 "s_axis_tvalid";
    .port_info 5 /OUTPUT 1 "s_axis_tready";
    .port_info 6 /INPUT 1 "s_axis_tlast";
    .port_info 7 /INPUT 1 "s_axis_tid";
    .port_info 8 /INPUT 1 "s_axis_tdest";
    .port_info 9 /INPUT 1 "s_axis_tuser";
    .port_info 10 /OUTPUT 16 "m_axis_tdata";
    .port_info 11 /OUTPUT 1 "m_axis_tkeep";
    .port_info 12 /OUTPUT 1 "m_axis_tvalid";
    .port_info 13 /INPUT 1 "m_axis_tready";
    .port_info 14 /OUTPUT 1 "m_axis_tlast";
    .port_info 15 /OUTPUT 1 "m_axis_tid";
    .port_info 16 /OUTPUT 1 "m_axis_tdest";
    .port_info 17 /OUTPUT 1 "m_axis_tuser";
P_0x563083a52310 .param/l "DATA_WIDTH" 0 5 37, +C4<00000000000000000000000000010000>;
P_0x563083a52350 .param/l "DEST_ENABLE" 0 5 49, +C4<00000000000000000000000000000000>;
P_0x563083a52390 .param/l "DEST_WIDTH" 0 5 51, +C4<00000000000000000000000000000001>;
P_0x563083a523d0 .param/l "ID_ENABLE" 0 5 45, +C4<00000000000000000000000000000000>;
P_0x563083a52410 .param/l "ID_WIDTH" 0 5 47, +C4<00000000000000000000000000000001>;
P_0x563083a52450 .param/l "KEEP_ENABLE" 0 5 39, +C4<00000000000000000000000000000000>;
P_0x563083a52490 .param/l "KEEP_WIDTH" 0 5 41, +C4<00000000000000000000000000000001>;
P_0x563083a524d0 .param/l "LAST_ENABLE" 0 5 43, +C4<00000000000000000000000000000001>;
P_0x563083a52510 .param/l "REG_TYPE" 0 5 58, +C4<00000000000000000000000000000000>;
P_0x563083a52550 .param/l "USER_ENABLE" 0 5 53, +C4<00000000000000000000000000000000>;
P_0x563083a52590 .param/l "USER_WIDTH" 0 5 55, +C4<00000000000000000000000000000001>;
v0x563083a52e90_0 .net "clk", 0 0, v0x563083a633c0_0;  alias, 1 drivers
v0x563083a52f50_0 .net "m_axis_tdata", 15 0, L_0x563083a79050;  alias, 1 drivers
L_0x7ff4c7788840 .functor BUFT 1, C4<0>, C4<0>, C4<0>, C4<0>;
v0x563083a53030_0 .net "m_axis_tdest", 0 0, L_0x7ff4c7788840;  1 drivers
L_0x7ff4c77887f8 .functor BUFT 1, C4<0>, C4<0>, C4<0>, C4<0>;
v0x563083a53120_0 .net "m_axis_tid", 0 0, L_0x7ff4c77887f8;  1 drivers
L_0x7ff4c77887b0 .functor BUFT 1, C4<1>, C4<0>, C4<0>, C4<0>;
v0x563083a53200_0 .net "m_axis_tkeep", 0 0, L_0x7ff4c77887b0;  1 drivers
v0x563083a53330_0 .net "m_axis_tlast", 0 0, L_0x563083a79250;  alias, 1 drivers
v0x563083a533f0_0 .net "m_axis_tready", 0 0, v0x563083a64270_0;  alias, 1 drivers
L_0x7ff4c7788888 .functor BUFT 1, C4<0>, C4<0>, C4<0>, C4<0>;
v0x563083a534b0_0 .net "m_axis_tuser", 0 0, L_0x7ff4c7788888;  1 drivers
v0x563083a53590_0 .net "m_axis_tvalid", 0 0, L_0x563083a79150;  alias, 1 drivers
v0x563083a53650_0 .net "rst", 0 0, v0x563083a64470_0;  alias, 1 drivers
v0x563083a536f0_0 .net "s_axis_tdata", 15 0, L_0x563083a7a8a0;  alias, 1 drivers
L_0x7ff4c7788960 .functor BUFT 1, C4<0>, C4<0>, C4<0>, C4<0>;
v0x563083a537d0_0 .net "s_axis_tdest", 0 0, L_0x7ff4c7788960;  1 drivers
L_0x7ff4c7788918 .functor BUFT 1, C4<0>, C4<0>, C4<0>, C4<0>;
v0x563083a538b0_0 .net "s_axis_tid", 0 0, L_0x7ff4c7788918;  1 drivers
L_0x7ff4c77888d0 .functor BUFT 1, C4<1>, C4<0>, C4<0>, C4<0>;
v0x563083a53990_0 .net "s_axis_tkeep", 0 0, L_0x7ff4c77888d0;  1 drivers
v0x563083a53a70_0 .net "s_axis_tlast", 0 0, L_0x563083a7ade0;  alias, 1 drivers
v0x563083a53b30_0 .net "s_axis_tready", 0 0, L_0x563083a79350;  alias, 1 drivers
L_0x7ff4c77889a8 .functor BUFT 1, C4<0>, C4<0>, C4<0>, C4<0>;
v0x563083a53bf0_0 .net "s_axis_tuser", 0 0, L_0x7ff4c77889a8;  1 drivers
v0x563083a53de0_0 .net "s_axis_tvalid", 0 0, L_0x563083a7ab20;  alias, 1 drivers
S_0x563083a52c90 .scope generate, "genblk1" "genblk1" 5 197, 5 197 0, S_0x563083a52130;
 .timescale -9 -12;
L_0x563083a79050 .functor BUFZ 16, L_0x563083a7a8a0, C4<0000000000000000>, C4<0000000000000000>, C4<0000000000000000>;
L_0x563083a79150 .functor BUFZ 1, L_0x563083a7ab20, C4<0>, C4<0>, C4<0>;
L_0x563083a79250 .functor BUFZ 1, L_0x563083a7ade0, C4<0>, C4<0>, C4<0>;
L_0x563083a79350 .functor BUFZ 1, v0x563083a64270_0, C4<0>, C4<0>, C4<0>;
S_0x563083a54180 .scope module, "axis_register_t_inst" "axis_register" 4 413, 5 34 0, S_0x563083a046d0;
 .timescale -9 -12;
    .port_info 0 /INPUT 1 "clk";
    .port_info 1 /INPUT 1 "rst";
    .port_info 2 /INPUT 16 "s_axis_tdata";
    .port_info 3 /INPUT 1 "s_axis_tkeep";
    .port_info 4 /INPUT 1 "s_axis_tvalid";
    .port_info 5 /OUTPUT 1 "s_axis_tready";
    .port_info 6 /INPUT 1 "s_axis_tlast";
    .port_info 7 /INPUT 1 "s_axis_tid";
    .port_info 8 /INPUT 1 "s_axis_tdest";
    .port_info 9 /INPUT 1 "s_axis_tuser";
    .port_info 10 /OUTPUT 16 "m_axis_tdata";
    .port_info 11 /OUTPUT 1 "m_axis_tkeep";
    .port_info 12 /OUTPUT 1 "m_axis_tvalid";
    .port_info 13 /INPUT 1 "m_axis_tready";
    .port_info 14 /OUTPUT 1 "m_axis_tlast";
    .port_info 15 /OUTPUT 1 "m_axis_tid";
    .port_info 16 /OUTPUT 1 "m_axis_tdest";
    .port_info 17 /OUTPUT 1 "m_axis_tuser";
P_0x563083a54360 .param/l "DATA_WIDTH" 0 5 37, +C4<00000000000000000000000000010000>;
P_0x563083a543a0 .param/l "DEST_ENABLE" 0 5 49, +C4<00000000000000000000000000000000>;
P_0x563083a543e0 .param/l "DEST_WIDTH" 0 5 51, +C4<00000000000000000000000000000001>;
P_0x563083a54420 .param/l "ID_ENABLE" 0 5 45, +C4<00000000000000000000000000000000>;
P_0x563083a54460 .param/l "ID_WIDTH" 0 5 47, +C4<00000000000000000000000000000001>;
P_0x563083a544a0 .param/l "KEEP_ENABLE" 0 5 39, +C4<00000000000000000000000000000000>;
P_0x563083a544e0 .param/l "KEEP_WIDTH" 0 5 41, +C4<00000000000000000000000000000001>;
P_0x563083a54520 .param/l "LAST_ENABLE" 0 5 43, +C4<00000000000000000000000000000001>;
P_0x563083a54560 .param/l "REG_TYPE" 0 5 58, +C4<00000000000000000000000000000010>;
P_0x563083a545a0 .param/l "USER_ENABLE" 0 5 53, +C4<00000000000000000000000000000000>;
P_0x563083a545e0 .param/l "USER_WIDTH" 0 5 55, +C4<00000000000000000000000000000001>;
v0x563083a565b0_0 .net "clk", 0 0, v0x563083a633c0_0;  alias, 1 drivers
v0x563083a56670_0 .net "m_axis_tdata", 15 0, v0x563083a553a0_0;  alias, 1 drivers
L_0x7ff4c7788a80 .functor BUFT 1, C4<0>, C4<0>, C4<0>, C4<0>;
v0x563083a56750_0 .net "m_axis_tdest", 0 0, L_0x7ff4c7788a80;  1 drivers
L_0x7ff4c7788a38 .functor BUFT 1, C4<0>, C4<0>, C4<0>, C4<0>;
v0x563083a56810_0 .net "m_axis_tid", 0 0, L_0x7ff4c7788a38;  1 drivers
L_0x7ff4c77889f0 .functor BUFT 1, C4<1>, C4<0>, C4<0>, C4<0>;
v0x563083a568f0_0 .net "m_axis_tkeep", 0 0, L_0x7ff4c77889f0;  1 drivers
v0x563083a569d0_0 .net "m_axis_tlast", 0 0, v0x563083a55720_0;  alias, 1 drivers
v0x563083a56a90_0 .net "m_axis_tready", 0 0, L_0x563083a7afb0;  alias, 1 drivers
L_0x7ff4c7788ac8 .functor BUFT 1, C4<0>, C4<0>, C4<0>, C4<0>;
v0x563083a56b50_0 .net "m_axis_tuser", 0 0, L_0x7ff4c7788ac8;  1 drivers
v0x563083a56c30_0 .net "m_axis_tvalid", 0 0, L_0x563083a79960;  alias, 1 drivers
v0x563083a56cf0_0 .net "rst", 0 0, v0x563083a64470_0;  alias, 1 drivers
v0x563083a56e20_0 .net "s_axis_tdata", 15 0, v0x563083a64910_0;  alias, 1 drivers
L_0x7ff4c7788ba0 .functor BUFT 1, C4<0>, C4<0>, C4<0>, C4<0>;
v0x563083a56f00_0 .net "s_axis_tdest", 0 0, L_0x7ff4c7788ba0;  1 drivers
L_0x7ff4c7788b58 .functor BUFT 1, C4<0>, C4<0>, C4<0>, C4<0>;
v0x563083a56fe0_0 .net "s_axis_tid", 0 0, L_0x7ff4c7788b58;  1 drivers
L_0x7ff4c7788b10 .functor BUFT 1, C4<1>, C4<0>, C4<0>, C4<0>;
v0x563083a570c0_0 .net "s_axis_tkeep", 0 0, L_0x7ff4c7788b10;  1 drivers
v0x563083a571a0_0 .net "s_axis_tlast", 0 0, v0x563083a649d0_0;  alias, 1 drivers
v0x563083a57260_0 .net "s_axis_tready", 0 0, v0x563083a55b00_0;  alias, 1 drivers
L_0x7ff4c7788be8 .functor BUFT 1, C4<0>, C4<0>, C4<0>, C4<0>;
v0x563083a57320_0 .net "s_axis_tuser", 0 0, L_0x7ff4c7788be8;  1 drivers
v0x563083a57510_0 .net "s_axis_tvalid", 0 0, L_0x563083a7a1d0;  1 drivers
S_0x563083a54d10 .scope generate, "genblk1" "genblk1" 5 91, 5 91 0, S_0x563083a54180;
 .timescale -9 -12;
L_0x563083a79960 .functor BUFZ 1, v0x563083a55980_0, C4<0>, C4<0>, C4<0>;
L_0x563083a79f20 .functor OR 1, L_0x563083a79d80, L_0x563083a79e50, C4<0>, C4<0>;
L_0x563083a79fc0 .functor AND 1, L_0x563083a79c80, L_0x563083a79f20, C4<1>, C4<1>;
L_0x563083a7a0c0 .functor OR 1, L_0x563083a7afb0, L_0x563083a79fc0, C4<0>, C4<0>;
v0x563083a54f60_0 .net *"_ivl_17", 0 0, L_0x563083a79c80;  1 drivers
v0x563083a55040_0 .net *"_ivl_19", 0 0, L_0x563083a79d80;  1 drivers
v0x563083a55100_0 .net *"_ivl_21", 0 0, L_0x563083a79e50;  1 drivers
v0x563083a551d0_0 .net *"_ivl_23", 0 0, L_0x563083a79f20;  1 drivers
v0x563083a55290_0 .net *"_ivl_25", 0 0, L_0x563083a79fc0;  1 drivers
v0x563083a553a0_0 .var "m_axis_tdata_reg", 15 0;
v0x563083a55480_0 .var "m_axis_tdest_reg", 0 0;
v0x563083a55560_0 .var "m_axis_tid_reg", 0 0;
v0x563083a55640_0 .var "m_axis_tkeep_reg", 0 0;
v0x563083a55720_0 .var "m_axis_tlast_reg", 0 0;
v0x563083a557e0_0 .var "m_axis_tuser_reg", 0 0;
v0x563083a558c0_0 .var "m_axis_tvalid_next", 0 0;
v0x563083a55980_0 .var "m_axis_tvalid_reg", 0 0;
v0x563083a55a40_0 .net "s_axis_tready_early", 0 0, L_0x563083a7a0c0;  1 drivers
v0x563083a55b00_0 .var "s_axis_tready_reg", 0 0;
v0x563083a55bc0_0 .var "store_axis_input_to_output", 0 0;
v0x563083a55c80_0 .var "store_axis_input_to_temp", 0 0;
v0x563083a55e50_0 .var "store_axis_temp_to_output", 0 0;
v0x563083a55f10_0 .var "temp_m_axis_tdata_reg", 15 0;
v0x563083a55ff0_0 .var "temp_m_axis_tdest_reg", 0 0;
v0x563083a560d0_0 .var "temp_m_axis_tid_reg", 0 0;
v0x563083a561b0_0 .var "temp_m_axis_tkeep_reg", 0 0;
v0x563083a56290_0 .var "temp_m_axis_tlast_reg", 0 0;
v0x563083a56350_0 .var "temp_m_axis_tuser_reg", 0 0;
v0x563083a56430_0 .var "temp_m_axis_tvalid_next", 0 0;
v0x563083a564f0_0 .var "temp_m_axis_tvalid_reg", 0 0;
E_0x563083989970/0 .event anyedge, v0x563083a55980_0, v0x563083a564f0_0, v0x563083a55b00_0, v0x563083a56a90_0;
E_0x563083989970/1 .event anyedge, v0x563083a57510_0;
E_0x563083989970 .event/or E_0x563083989970/0, E_0x563083989970/1;
L_0x563083a79c80 .reduce/nor v0x563083a564f0_0;
L_0x563083a79d80 .reduce/nor v0x563083a55980_0;
L_0x563083a79e50 .reduce/nor L_0x563083a7a1d0;
S_0x563083a578b0 .scope module, "control_unit" "LPEControlUnit" 4 169, 6 26 0, S_0x563083a046d0;
 .timescale -9 -12;
    .port_info 0 /INPUT 1 "clk";
    .port_info 1 /INPUT 1 "rst";
    .port_info 2 /INPUT 1 "int_axis_u_tvalid";
    .port_info 3 /INPUT 1 "int_axis_u_tlast";
    .port_info 4 /INPUT 1 "int_axis_d_tready";
    .port_info 5 /INPUT 1 "int_axis_l_tvalid";
    .port_info 6 /INPUT 1 "int_axis_l_tlast";
    .port_info 7 /INPUT 1 "int_axis_r_tready";
    .port_info 8 /INPUT 1 "int_axis_t_tvalid";
    .port_info 9 /INPUT 1 "int_axis_t_tlast";
    .port_info 10 /INPUT 1 "int_axis_b_tready";
    .port_info 11 /OUTPUT 1 "store_l";
    .port_info 12 /OUTPUT 1 "store_u";
    .port_info 13 /OUTPUT 1 "store_t";
    .port_info 14 /OUTPUT 1 "forward_l";
    .port_info 15 /OUTPUT 1 "forward_u";
    .port_info 16 /OUTPUT 1 "forward_t";
    .port_info 17 /OUTPUT 1 "drop_l";
    .port_info 18 /OUTPUT 1 "drop_u";
    .port_info 19 /OUTPUT 1 "drop_t";
    .port_info 20 /OUTPUT 1 "export_rslt";
    .port_info 21 /OUTPUT 1 "export_rslt_last";
    .port_info 22 /OUTPUT 1 "op_start";
    .port_info 23 /OUTPUT 1 "bypass_adder";
    .port_info 24 /OUTPUT 1 "acc_res";
    .port_info 25 /OUTPUT 1 "err_unalligned_data";
P_0x563083a57a40 .param/l "FSM_END" 1 6 102, C4<101>;
P_0x563083a57a80 .param/l "FSM_ERR" 1 6 101, C4<100>;
P_0x563083a57ac0 .param/l "FSM_MAC" 1 6 100, C4<011>;
P_0x563083a57b00 .param/l "FSM_ST0" 1 6 97, C4<000>;
P_0x563083a57b40 .param/l "FSM_STATE_WIDTH" 1 6 96, +C4<00000000000000000000000000000011>;
P_0x563083a57b80 .param/l "FSM_STRL" 1 6 98, C4<001>;
P_0x563083a57bc0 .param/l "FSM_STRT" 1 6 99, C4<010>;
P_0x563083a57c00 .param/l "PE_NUMBER_J" 0 6 28, +C4<00000000000000000000000000000011>;
P_0x563083a57c40 .param/l "PE_POSITION_J" 0 6 30, +C4<00000000000000000000000000000000>;
L_0x563083a761a0 .functor AND 1, L_0x563083a788d0, L_0x563083a79350, C4<1>, C4<1>;
L_0x563083a76210 .functor AND 1, L_0x563083a79960, L_0x563083a7a650, C4<1>, C4<1>;
L_0x563083a76280 .functor BUFZ 1, L_0x7ff4c7788060, C4<0>, C4<0>, C4<0>;
L_0x563083a762f0 .functor AND 1, o0x7ff4c77d4348, L_0x563083a78680, C4<1>, C4<1>;
L_0x563083a763b0 .functor AND 1, L_0x563083a761a0, v0x563083a4ffe0_0, C4<1>, C4<1>;
L_0x563083a76420 .functor AND 1, L_0x563083a76210, v0x563083a55720_0, C4<1>, C4<1>;
L_0x563083a76520 .functor AND 1, L_0x563083a76280, o0x7ff4c77d4408, C4<1>, C4<1>;
L_0x563083a76630 .functor AND 1, L_0x563083a761a0, L_0x563083a76210, C4<1>, C4<1>;
L_0x563083a766f0 .functor AND 1, L_0x563083a763b0, L_0x563083a76420, C4<1>, C4<1>;
L_0x563083a76800 .functor OR 1, v0x563083a5ac00_0, L_0x563083a75d30, C4<0>, C4<0>;
L_0x563083a76920 .functor XOR 1, L_0x563083a763b0, L_0x563083a76420, C4<0>, C4<0>;
L_0x563083a76b70 .functor AND 1, L_0x563083a76990, L_0x563083a76a80, C4<1>, C4<1>;
L_0x563083a76d90 .functor OR 1, L_0x563083a76800, L_0x563083a76cf0, C4<0>, C4<0>;
L_0x563083a77160 .functor OR 1, v0x563083a59e10_0, L_0x563083a76f90, C4<0>, C4<0>;
L_0x563083a776c0 .functor AND 1, L_0x563083a77490, L_0x563083a77530, C4<1>, C4<1>;
L_0x563083a778c0 .functor AND 1, v0x563083a5ae40_0, L_0x563083a777d0, C4<1>, C4<1>;
L_0x563083a77c10 .functor AND 1, L_0x563083a77a70, L_0x563083a77b70, C4<1>, C4<1>;
L_0x563083a77e80 .functor AND 1, v0x563083a5afc0_0, L_0x563083a77d20, C4<1>, C4<1>;
L_0x563083a78280 .functor OR 1, L_0x563083a76920, v0x563083a5a840_0, C4<0>, C4<0>;
L_0x7ff4c77881c8 .functor BUFT 1, C4<101>, C4<0>, C4<0>, C4<0>;
v0x563083a588e0_0 .net/2u *"_ivl_24", 2 0, L_0x7ff4c77881c8;  1 drivers
v0x563083a589e0_0 .net *"_ivl_26", 0 0, L_0x563083a76990;  1 drivers
L_0x7ff4c7788210 .functor BUFT 1, C4<101>, C4<0>, C4<0>, C4<0>;
v0x563083a58aa0_0 .net/2u *"_ivl_28", 2 0, L_0x7ff4c7788210;  1 drivers
v0x563083a58b90_0 .net *"_ivl_30", 0 0, L_0x563083a76a80;  1 drivers
v0x563083a58c50_0 .net *"_ivl_33", 0 0, L_0x563083a76b70;  1 drivers
v0x563083a58d60_0 .net *"_ivl_35", 0 0, L_0x563083a76cf0;  1 drivers
v0x563083a58e20_0 .net *"_ivl_37", 0 0, L_0x563083a76d90;  1 drivers
v0x563083a58ee0_0 .net *"_ivl_39", 0 0, L_0x563083a76ea0;  1 drivers
v0x563083a58fa0_0 .net *"_ivl_40", 0 0, L_0x563083a76f90;  1 drivers
L_0x7ff4c7788258 .functor BUFT 1, C4<101>, C4<0>, C4<0>, C4<0>;
v0x563083a59080_0 .net/2u *"_ivl_48", 2 0, L_0x7ff4c7788258;  1 drivers
v0x563083a59160_0 .net *"_ivl_50", 0 0, L_0x563083a77490;  1 drivers
L_0x7ff4c77882a0 .functor BUFT 1, C4<101>, C4<0>, C4<0>, C4<0>;
v0x563083a59220_0 .net/2u *"_ivl_52", 2 0, L_0x7ff4c77882a0;  1 drivers
v0x563083a59300_0 .net *"_ivl_54", 0 0, L_0x563083a77530;  1 drivers
v0x563083a593c0_0 .net *"_ivl_57", 0 0, L_0x563083a776c0;  1 drivers
v0x563083a59480_0 .net *"_ivl_59", 0 0, L_0x563083a777d0;  1 drivers
L_0x7ff4c77882e8 .functor BUFT 1, C4<101>, C4<0>, C4<0>, C4<0>;
v0x563083a59540_0 .net/2u *"_ivl_62", 2 0, L_0x7ff4c77882e8;  1 drivers
v0x563083a59620_0 .net *"_ivl_64", 0 0, L_0x563083a77a70;  1 drivers
L_0x7ff4c7788330 .functor BUFT 1, C4<101>, C4<0>, C4<0>, C4<0>;
v0x563083a597f0_0 .net/2u *"_ivl_66", 2 0, L_0x7ff4c7788330;  1 drivers
v0x563083a598d0_0 .net *"_ivl_68", 0 0, L_0x563083a77b70;  1 drivers
v0x563083a59990_0 .net *"_ivl_71", 0 0, L_0x563083a77c10;  1 drivers
v0x563083a59a50_0 .net *"_ivl_73", 0 0, L_0x563083a77d20;  1 drivers
v0x563083a59b10_0 .net "acc_res", 0 0, L_0x7ff4c7788138;  alias, 1 drivers
v0x563083a59bd0_0 .var "acc_res_reg", 0 0;
v0x563083a59c90_0 .net "bypass_adder", 0 0, L_0x563083a0e0b0;  alias, 1 drivers
v0x563083a59d50_0 .net "bypass_adder_int", 0 0, L_0x563083a77160;  1 drivers
v0x563083a59e10_0 .var "bypass_adder_reg", 0 0;
v0x563083a59ed0_0 .net "clk", 0 0, v0x563083a633c0_0;  alias, 1 drivers
v0x563083a59f70_0 .net "down_axis_open", 0 0, L_0x563083a762f0;  1 drivers
v0x563083a5a030_0 .net "drop_l", 0 0, v0x563083a5a0f0_0;  alias, 1 drivers
v0x563083a5a0f0_0 .var "drop_l_reg", 0 0;
v0x563083a5a1b0_0 .net "drop_t", 0 0, v0x563083a5a270_0;  alias, 1 drivers
v0x563083a5a270_0 .var "drop_t_reg", 0 0;
v0x563083a5a330_0 .net "drop_u", 0 0, o0x7ff4c77d4078;  alias, 0 drivers
v0x563083a5a600_0 .var "drop_u_reg", 0 0;
v0x563083a5a6c0_0 .net "err_unalligned_data", 0 0, L_0x563083a78280;  alias, 1 drivers
v0x563083a5a780_0 .net "err_unalligned_data_int", 0 0, L_0x563083a76920;  1 drivers
v0x563083a5a840_0 .var "err_unalligned_data_reg", 0 0;
v0x563083a5a900_0 .net "export_rslt", 0 0, L_0x563083a75ff0;  alias, 1 drivers
v0x563083a5a9c0_0 .net "export_rslt_int", 0 0, L_0x563083a75d30;  1 drivers
v0x563083a5aa80_0 .net "export_rslt_last", 0 0, L_0x563083a760e0;  alias, 1 drivers
v0x563083a5ab40_0 .net "export_rslt_last_int", 0 0, L_0x563083a75f80;  1 drivers
v0x563083a5ac00_0 .var "export_rslt_reg", 0 0;
v0x563083a5acc0_0 .net "export_rslt_reg_next", 0 0, L_0x563083a76800;  1 drivers
v0x563083a5ad80_0 .net "forward_l", 0 0, L_0x563083a778c0;  alias, 1 drivers
v0x563083a5ae40_0 .var "forward_l_reg", 0 0;
v0x563083a5af00_0 .net "forward_t", 0 0, L_0x563083a77e80;  alias, 1 drivers
v0x563083a5afc0_0 .var "forward_t_reg", 0 0;
v0x563083a5b080_0 .net "forward_u", 0 0, o0x7ff4c77d4348;  alias, 0 drivers
v0x563083a5b140_0 .var "forward_u_reg", 0 0;
v0x563083a5b200_0 .var "fsm_state", 2 0;
v0x563083a5b2e0_0 .var "fsm_state_next", 2 0;
v0x563083a5b3c0_0 .net "int_axis_b_tready", 0 0, L_0x563083a7a650;  alias, 1 drivers
v0x563083a5b460_0 .net "int_axis_d_tready", 0 0, L_0x563083a78680;  alias, 1 drivers
v0x563083a5b530_0 .net "int_axis_l_tlast", 0 0, v0x563083a4ffe0_0;  alias, 1 drivers
v0x563083a5b600_0 .net "int_axis_l_tvalid", 0 0, L_0x563083a788d0;  alias, 1 drivers
v0x563083a5b6d0_0 .net "int_axis_r_tready", 0 0, L_0x563083a79350;  alias, 1 drivers
v0x563083a5b7a0_0 .net "int_axis_t_tlast", 0 0, v0x563083a55720_0;  alias, 1 drivers
v0x563083a5b870_0 .net "int_axis_t_tvalid", 0 0, L_0x563083a79960;  alias, 1 drivers
v0x563083a5b940_0 .net "int_axis_u_tlast", 0 0, o0x7ff4c77d4408;  alias, 0 drivers
v0x563083a5b9e0_0 .net "int_axis_u_tvalid", 0 0, L_0x7ff4c7788060;  alias, 1 drivers
v0x563083a5ba80_0 .net "op0_flag", 0 0, L_0x563083a761a0;  1 drivers
v0x563083a5bb20_0 .net "op0_last_flag", 0 0, L_0x563083a763b0;  1 drivers
v0x563083a5bbc0_0 .net "op1_flag", 0 0, L_0x563083a76210;  1 drivers
v0x563083a5bc60_0 .net "op1_last_flag", 0 0, L_0x563083a76420;  1 drivers
v0x563083a5bd00_0 .net "op_start", 0 0, L_0x563083a75ec0;  alias, 1 drivers
v0x563083a5c1b0_0 .var "op_start_reg", 0 0;
v0x563083a5c270_0 .net "op_valid", 0 0, L_0x563083a76630;  1 drivers
v0x563083a5c330_0 .var "partial_sum_last_reg", 0 0;
v0x563083a5c3f0_0 .net "partial_sum_last_reg_next", 0 0, L_0x563083a766f0;  1 drivers
v0x563083a5c4b0_0 .net "rslt_flag", 0 0, L_0x563083a76280;  1 drivers
v0x563083a5c570_0 .net "rslt_last_flag", 0 0, L_0x563083a76520;  1 drivers
v0x563083a5c630_0 .net "rst", 0 0, v0x563083a64470_0;  alias, 1 drivers
v0x563083a5c6d0_0 .net "store_l", 0 0, v0x563083a5c790_0;  alias, 1 drivers
v0x563083a5c790_0 .var "store_l_reg", 0 0;
v0x563083a5c850_0 .net "store_t", 0 0, v0x563083a5c910_0;  alias, 1 drivers
v0x563083a5c910_0 .var "store_t_reg", 0 0;
v0x563083a5c9d0_0 .net "store_u", 0 0, o0x7ff4c77d4738;  alias, 0 drivers
v0x563083a5ca90_0 .var "store_u_reg", 0 0;
E_0x56308390c7f0/0 .event anyedge, v0x563083a5b200_0, v0x563083a5c270_0, v0x563083a5c3f0_0, v0x563083a5bb20_0;
E_0x56308390c7f0/1 .event anyedge, v0x563083a5bc60_0, v0x563083a5ba80_0, v0x563083a5bbc0_0, v0x563083a5ab40_0;
E_0x56308390c7f0/2 .event anyedge, v0x563083a4e650_0, v0x563083a5a780_0, v0x563083a4c530_0;
E_0x56308390c7f0 .event/or E_0x56308390c7f0/0, E_0x56308390c7f0/1, E_0x56308390c7f0/2;
L_0x7ff4c7788180 .functor BUFT 1, C4<0>, C4<0>, C4<0>, C4<0>;
L_0x563083a75ff0 .functor MUXZ 1, L_0x563083a75d30, L_0x7ff4c7788180, v0x563083a5ac00_0, C4<>;
L_0x563083a76990 .cmp/eq 3, v0x563083a5b200_0, L_0x7ff4c77881c8;
L_0x563083a76a80 .cmp/eq 3, v0x563083a5b2e0_0, L_0x7ff4c7788210;
L_0x563083a76cf0 .reduce/nor L_0x563083a76280;
L_0x563083a76ea0 .reduce/nor L_0x563083a76630;
L_0x563083a76f90 .functor MUXZ 1, L_0x563083a76ea0, L_0x563083a76d90, L_0x563083a76b70, C4<>;
L_0x563083a77490 .cmp/eq 3, v0x563083a5b200_0, L_0x7ff4c7788258;
L_0x563083a77530 .cmp/eq 3, v0x563083a5b2e0_0, L_0x7ff4c77882a0;
L_0x563083a777d0 .reduce/nor L_0x563083a776c0;
L_0x563083a77a70 .cmp/eq 3, v0x563083a5b200_0, L_0x7ff4c77882e8;
L_0x563083a77b70 .cmp/eq 3, v0x563083a5b2e0_0, L_0x7ff4c7788330;
L_0x563083a77d20 .reduce/nor L_0x563083a77c10;
S_0x563083a58380 .scope generate, "genblk1" "genblk1" 6 131, 6 131 0, S_0x563083a578b0;
 .timescale -9 -12;
L_0x7ff4c77880f0 .functor BUFT 1, C4<101>, C4<0>, C4<0>, C4<0>;
v0x5630839f91c0_0 .net/2u *"_ivl_0", 2 0, L_0x7ff4c77880f0;  1 drivers
L_0x563083a75d30 .cmp/eq 3, v0x563083a5b200_0, L_0x7ff4c77880f0;
S_0x563083a58590 .scope generate, "genblk7" "genblk7" 6 495, 6 495 0, S_0x563083a578b0;
 .timescale -9 -12;
L_0x563083a0e0b0 .functor BUFZ 1, v0x563083a59e10_0, C4<0>, C4<0>, C4<0>;
L_0x563083a2a4b0 .functor AND 1, L_0x563083a75ff0, L_0x563083a78680, C4<1>, C4<1>;
L_0x563083a75ec0 .functor OR 1, v0x563083a5c1b0_0, L_0x563083a2a4b0, C4<0>, C4<0>;
L_0x563083a75f80 .functor BUFZ 1, L_0x563083a75ff0, C4<0>, C4<0>, C4<0>;
L_0x563083a760e0 .functor BUFZ 1, L_0x563083a75f80, C4<0>, C4<0>, C4<0>;
v0x563083a58740_0 .net *"_ivl_11", 0 0, L_0x563083a2a4b0;  1 drivers
v0x563083a58800_0 .net/2u *"_ivl_16", 0 0, L_0x7ff4c7788180;  1 drivers
S_0x563083a5ce90 .scope generate, "genblk1" "genblk1" 4 205, 4 205 0, S_0x563083a046d0;
 .timescale -9 -12;
S_0x563083a5d020 .scope generate, "genblk2" "genblk2" 4 478, 4 478 0, S_0x563083a046d0;
 .timescale -9 -12;
L_0x563083a34c90 .functor BUFZ 32, v0x563083a602f0_0, C4<00000000000000000000000000000000>, C4<00000000000000000000000000000000>, C4<00000000000000000000000000000000>;
L_0x563083a3f4c0 .functor BUFZ 1, L_0x563083a75ff0, C4<0>, C4<0>, C4<0>;
L_0x563083a31dd0 .functor BUFZ 1, L_0x563083a760e0, C4<0>, C4<0>, C4<0>;
    .scope S_0x563083a578b0;
T_0 ;
    %pushi/vec4 0, 0, 1;
    %store/vec4 v0x563083a5c330_0, 0, 1;
    %end;
    .thread T_0;
    .scope S_0x563083a578b0;
T_1 ;
    %wait E_0x5630839897f0;
    %load/vec4 v0x563083a5c630_0;
    %flag_set/vec4 8;
    %jmp/0xz  T_1.0, 8;
    %pushi/vec4 0, 0, 3;
    %assign/vec4 v0x563083a5b200_0, 0;
    %pushi/vec4 0, 0, 1;
    %assign/vec4 v0x563083a5c790_0, 0;
    %pushi/vec4 0, 0, 1;
    %assign/vec4 v0x563083a5c910_0, 0;
    %pushi/vec4 0, 0, 1;
    %assign/vec4 v0x563083a5ca90_0, 0;
    %pushi/vec4 1, 0, 1;
    %assign/vec4 v0x563083a5a0f0_0, 0;
    %pushi/vec4 1, 0, 1;
    %assign/vec4 v0x563083a5a270_0, 0;
    %pushi/vec4 1, 0, 1;
    %assign/vec4 v0x563083a5a600_0, 0;
    %pushi/vec4 0, 0, 1;
    %assign/vec4 v0x563083a5ae40_0, 0;
    %pushi/vec4 0, 0, 1;
    %assign/vec4 v0x563083a5afc0_0, 0;
    %pushi/vec4 0, 0, 1;
    %assign/vec4 v0x563083a5b140_0, 0;
    %pushi/vec4 1, 0, 1;
    %assign/vec4 v0x563083a5c1b0_0, 0;
    %pushi/vec4 1, 0, 1;
    %assign/vec4 v0x563083a59e10_0, 0;
    %pushi/vec4 0, 0, 1;
    %assign/vec4 v0x563083a5c330_0, 0;
    %pushi/vec4 0, 0, 1;
    %assign/vec4 v0x563083a59bd0_0, 0;
    %pushi/vec4 0, 0, 1;
    %assign/vec4 v0x563083a5a840_0, 0;
    %jmp T_1.1;
T_1.0 ;
    %load/vec4 v0x563083a5b2e0_0;
    %assign/vec4 v0x563083a5b200_0, 0;
    %load/vec4 v0x563083a5b2e0_0;
    %dup/vec4;
    %pushi/vec4 0, 0, 3;
    %cmp/u;
    %jmp/1 T_1.2, 6;
    %dup/vec4;
    %pushi/vec4 1, 0, 3;
    %cmp/u;
    %jmp/1 T_1.3, 6;
    %dup/vec4;
    %pushi/vec4 2, 0, 3;
    %cmp/u;
    %jmp/1 T_1.4, 6;
    %dup/vec4;
    %pushi/vec4 3, 0, 3;
    %cmp/u;
    %jmp/1 T_1.5, 6;
    %dup/vec4;
    %pushi/vec4 5, 0, 3;
    %cmp/u;
    %jmp/1 T_1.6, 6;
    %dup/vec4;
    %pushi/vec4 4, 0, 3;
    %cmp/u;
    %jmp/1 T_1.7, 6;
    %pushi/vec4 2, 0, 3;
    %assign/vec4 v0x563083a5b200_0, 0;
    %pushi/vec4 0, 0, 1;
    %assign/vec4 v0x563083a5c330_0, 0;
    %pushi/vec4 0, 0, 1;
    %assign/vec4 v0x563083a5c790_0, 0;
    %pushi/vec4 0, 0, 1;
    %assign/vec4 v0x563083a5c910_0, 0;
    %pushi/vec4 0, 0, 1;
    %assign/vec4 v0x563083a5ca90_0, 0;
    %pushi/vec4 0, 0, 1;
    %assign/vec4 v0x563083a5a0f0_0, 0;
    %pushi/vec4 0, 0, 1;
    %assign/vec4 v0x563083a5a270_0, 0;
    %pushi/vec4 0, 0, 1;
    %assign/vec4 v0x563083a5a600_0, 0;
    %pushi/vec4 0, 0, 1;
    %assign/vec4 v0x563083a5ae40_0, 0;
    %pushi/vec4 0, 0, 1;
    %assign/vec4 v0x563083a5afc0_0, 0;
    %pushi/vec4 0, 0, 1;
    %assign/vec4 v0x563083a5b140_0, 0;
    %pushi/vec4 0, 0, 1;
    %assign/vec4 v0x563083a5c1b0_0, 0;
    %pushi/vec4 1, 0, 1;
    %assign/vec4 v0x563083a59e10_0, 0;
    %pushi/vec4 0, 0, 1;
    %assign/vec4 v0x563083a59bd0_0, 0;
    %pushi/vec4 0, 0, 1;
    %assign/vec4 v0x563083a5a840_0, 0;
    %jmp T_1.9;
T_1.2 ;
    %pushi/vec4 1, 0, 1;
    %assign/vec4 v0x563083a5c790_0, 0;
    %pushi/vec4 1, 0, 1;
    %assign/vec4 v0x563083a5c910_0, 0;
    %pushi/vec4 1, 0, 1;
    %assign/vec4 v0x563083a5ca90_0, 0;
    %pushi/vec4 0, 0, 1;
    %assign/vec4 v0x563083a5a0f0_0, 0;
    %pushi/vec4 0, 0, 1;
    %assign/vec4 v0x563083a5a270_0, 0;
    %pushi/vec4 0, 0, 1;
    %assign/vec4 v0x563083a5a600_0, 0;
    %pushi/vec4 1, 0, 1;
    %assign/vec4 v0x563083a5ae40_0, 0;
    %pushi/vec4 1, 0, 1;
    %assign/vec4 v0x563083a5afc0_0, 0;
    %pushi/vec4 1, 0, 1;
    %assign/vec4 v0x563083a5b140_0, 0;
    %pushi/vec4 1, 0, 1;
    %assign/vec4 v0x563083a5c1b0_0, 0;
    %pushi/vec4 0, 0, 1;
    %assign/vec4 v0x563083a59e10_0, 0;
    %pushi/vec4 0, 0, 1;
    %assign/vec4 v0x563083a5c330_0, 0;
    %pushi/vec4 0, 0, 1;
    %assign/vec4 v0x563083a59bd0_0, 0;
    %pushi/vec4 0, 0, 1;
    %assign/vec4 v0x563083a5a840_0, 0;
    %pushi/vec4 0, 0, 1;
    %assign/vec4 v0x563083a5ac00_0, 0;
    %jmp T_1.9;
T_1.3 ;
    %pushi/vec4 0, 0, 1;
    %assign/vec4 v0x563083a5c790_0, 0;
    %pushi/vec4 1, 0, 1;
    %assign/vec4 v0x563083a5c910_0, 0;
    %pushi/vec4 1, 0, 1;
    %assign/vec4 v0x563083a5ca90_0, 0;
    %pushi/vec4 0, 0, 1;
    %assign/vec4 v0x563083a5a0f0_0, 0;
    %pushi/vec4 0, 0, 1;
    %assign/vec4 v0x563083a5a270_0, 0;
    %pushi/vec4 0, 0, 1;
    %assign/vec4 v0x563083a5a600_0, 0;
    %pushi/vec4 0, 0, 1;
    %assign/vec4 v0x563083a5ae40_0, 0;
    %pushi/vec4 1, 0, 1;
    %assign/vec4 v0x563083a5afc0_0, 0;
    %pushi/vec4 1, 0, 1;
    %assign/vec4 v0x563083a5b140_0, 0;
    %pushi/vec4 0, 0, 1;
    %assign/vec4 v0x563083a5c1b0_0, 0;
    %pushi/vec4 1, 0, 1;
    %assign/vec4 v0x563083a59e10_0, 0;
    %pushi/vec4 0, 0, 1;
    %assign/vec4 v0x563083a5c330_0, 0;
    %pushi/vec4 0, 0, 1;
    %assign/vec4 v0x563083a59bd0_0, 0;
    %pushi/vec4 0, 0, 1;
    %assign/vec4 v0x563083a5a840_0, 0;
    %pushi/vec4 0, 0, 1;
    %assign/vec4 v0x563083a5ac00_0, 0;
    %jmp T_1.9;
T_1.4 ;
    %pushi/vec4 1, 0, 1;
    %assign/vec4 v0x563083a5c790_0, 0;
    %pushi/vec4 0, 0, 1;
    %assign/vec4 v0x563083a5c910_0, 0;
    %pushi/vec4 1, 0, 1;
    %assign/vec4 v0x563083a5ca90_0, 0;
    %pushi/vec4 0, 0, 1;
    %assign/vec4 v0x563083a5a0f0_0, 0;
    %pushi/vec4 0, 0, 1;
    %assign/vec4 v0x563083a5a270_0, 0;
    %pushi/vec4 0, 0, 1;
    %assign/vec4 v0x563083a5a600_0, 0;
    %pushi/vec4 1, 0, 1;
    %assign/vec4 v0x563083a5ae40_0, 0;
    %pushi/vec4 0, 0, 1;
    %assign/vec4 v0x563083a5afc0_0, 0;
    %pushi/vec4 1, 0, 1;
    %assign/vec4 v0x563083a5b140_0, 0;
    %pushi/vec4 0, 0, 1;
    %assign/vec4 v0x563083a5c1b0_0, 0;
    %pushi/vec4 1, 0, 1;
    %assign/vec4 v0x563083a59e10_0, 0;
    %pushi/vec4 0, 0, 1;
    %assign/vec4 v0x563083a5c330_0, 0;
    %pushi/vec4 0, 0, 1;
    %assign/vec4 v0x563083a59bd0_0, 0;
    %pushi/vec4 0, 0, 1;
    %assign/vec4 v0x563083a5a840_0, 0;
    %pushi/vec4 0, 0, 1;
    %assign/vec4 v0x563083a5ac00_0, 0;
    %jmp T_1.9;
T_1.5 ;
    %pushi/vec4 1, 0, 1;
    %assign/vec4 v0x563083a5c790_0, 0;
    %pushi/vec4 1, 0, 1;
    %assign/vec4 v0x563083a5c910_0, 0;
    %pushi/vec4 1, 0, 1;
    %assign/vec4 v0x563083a5ca90_0, 0;
    %pushi/vec4 0, 0, 1;
    %assign/vec4 v0x563083a5a0f0_0, 0;
    %pushi/vec4 0, 0, 1;
    %assign/vec4 v0x563083a5a270_0, 0;
    %pushi/vec4 0, 0, 1;
    %assign/vec4 v0x563083a5a600_0, 0;
    %pushi/vec4 1, 0, 1;
    %assign/vec4 v0x563083a5ae40_0, 0;
    %pushi/vec4 1, 0, 1;
    %assign/vec4 v0x563083a5afc0_0, 0;
    %pushi/vec4 1, 0, 1;
    %assign/vec4 v0x563083a5b140_0, 0;
    %pushi/vec4 0, 0, 1;
    %assign/vec4 v0x563083a5c1b0_0, 0;
    %pushi/vec4 0, 0, 1;
    %assign/vec4 v0x563083a59e10_0, 0;
    %load/vec4 v0x563083a5c3f0_0;
    %assign/vec4 v0x563083a5c330_0, 0;
    %pushi/vec4 0, 0, 1;
    %assign/vec4 v0x563083a59bd0_0, 0;
    %pushi/vec4 0, 0, 1;
    %assign/vec4 v0x563083a5a840_0, 0;
    %pushi/vec4 0, 0, 1;
    %assign/vec4 v0x563083a5ac00_0, 0;
    %jmp T_1.9;
T_1.6 ;
    %pushi/vec4 1, 0, 1;
    %assign/vec4 v0x563083a5c790_0, 0;
    %pushi/vec4 1, 0, 1;
    %assign/vec4 v0x563083a5c910_0, 0;
    %pushi/vec4 1, 0, 1;
    %assign/vec4 v0x563083a5ca90_0, 0;
    %pushi/vec4 0, 0, 1;
    %assign/vec4 v0x563083a5a0f0_0, 0;
    %pushi/vec4 0, 0, 1;
    %assign/vec4 v0x563083a5a270_0, 0;
    %pushi/vec4 0, 0, 1;
    %assign/vec4 v0x563083a5a600_0, 0;
    %load/vec4 v0x563083a5c270_0;
    %assign/vec4 v0x563083a5ae40_0, 0;
    %load/vec4 v0x563083a5c270_0;
    %assign/vec4 v0x563083a5afc0_0, 0;
    %pushi/vec4 1, 0, 1;
    %assign/vec4 v0x563083a5b140_0, 0;
    %pushi/vec4 0, 0, 1;
    %assign/vec4 v0x563083a5c1b0_0, 0;
    %load/vec4 v0x563083a5b200_0;
    %cmpi/e 5, 0, 3;
    %flag_mov 8, 4;
    %jmp/0 T_1.10, 8;
    %load/vec4 v0x563083a5ac00_0;
    %jmp/1 T_1.11, 8;
T_1.10 ; End of true expr.
    %pushi/vec4 0, 0, 1;
    %jmp/0 T_1.11, 8;
 ; End of false expr.
    %blend;
T_1.11;
    %assign/vec4 v0x563083a59e10_0, 0;
    %load/vec4 v0x563083a5c3f0_0;
    %assign/vec4 v0x563083a5c330_0, 0;
    %pushi/vec4 1, 0, 1;
    %assign/vec4 v0x563083a59bd0_0, 0;
    %load/vec4 v0x563083a5b460_0;
    %flag_set/vec4 8;
    %jmp/0xz  T_1.12, 8;
    %load/vec4 v0x563083a5acc0_0;
    %assign/vec4 v0x563083a5ac00_0, 0;
T_1.12 ;
    %pushi/vec4 0, 0, 1;
    %assign/vec4 v0x563083a5a840_0, 0;
    %jmp T_1.9;
T_1.7 ;
    %pushi/vec4 0, 0, 1;
    %assign/vec4 v0x563083a5c790_0, 0;
    %pushi/vec4 0, 0, 1;
    %assign/vec4 v0x563083a5c910_0, 0;
    %pushi/vec4 0, 0, 1;
    %assign/vec4 v0x563083a5ca90_0, 0;
    %pushi/vec4 1, 0, 1;
    %assign/vec4 v0x563083a5a0f0_0, 0;
    %pushi/vec4 1, 0, 1;
    %assign/vec4 v0x563083a5a270_0, 0;
    %pushi/vec4 1, 0, 1;
    %assign/vec4 v0x563083a5a600_0, 0;
    %pushi/vec4 0, 0, 1;
    %assign/vec4 v0x563083a5ae40_0, 0;
    %pushi/vec4 0, 0, 1;
    %assign/vec4 v0x563083a5afc0_0, 0;
    %pushi/vec4 0, 0, 1;
    %assign/vec4 v0x563083a5b140_0, 0;
    %pushi/vec4 0, 0, 1;
    %assign/vec4 v0x563083a5c1b0_0, 0;
    %pushi/vec4 1, 0, 1;
    %assign/vec4 v0x563083a59e10_0, 0;
    %load/vec4 v0x563083a5c330_0;
    %assign/vec4 v0x563083a5c330_0, 0;
    %pushi/vec4 0, 0, 1;
    %assign/vec4 v0x563083a59bd0_0, 0;
    %load/vec4 v0x563083a5a780_0;
    %assign/vec4 v0x563083a5a840_0, 0;
    %jmp T_1.9;
T_1.9 ;
    %pop/vec4 1;
T_1.1 ;
    %jmp T_1;
    .thread T_1;
    .scope S_0x563083a578b0;
T_2 ;
    %wait E_0x56308390c7f0;
    %load/vec4 v0x563083a5b200_0;
    %dup/vec4;
    %pushi/vec4 0, 0, 3;
    %cmp/u;
    %jmp/1 T_2.0, 6;
    %dup/vec4;
    %pushi/vec4 3, 0, 3;
    %cmp/u;
    %jmp/1 T_2.1, 6;
    %dup/vec4;
    %pushi/vec4 1, 0, 3;
    %cmp/u;
    %jmp/1 T_2.2, 6;
    %dup/vec4;
    %pushi/vec4 2, 0, 3;
    %cmp/u;
    %jmp/1 T_2.3, 6;
    %dup/vec4;
    %pushi/vec4 5, 0, 3;
    %cmp/u;
    %jmp/1 T_2.4, 6;
    %dup/vec4;
    %pushi/vec4 4, 0, 3;
    %cmp/u;
    %jmp/1 T_2.5, 6;
    %pushi/vec4 0, 0, 3;
    %assign/vec4 v0x563083a5b2e0_0, 0;
    %jmp T_2.7;
T_2.0 ;
    %load/vec4 v0x563083a5c270_0;
    %flag_set/vec4 8;
    %jmp/0xz  T_2.8, 8;
    %load/vec4 v0x563083a5c3f0_0;
    %flag_set/vec4 8;
    %jmp/0xz  T_2.10, 8;
    %pushi/vec4 5, 0, 3;
    %assign/vec4 v0x563083a5b2e0_0, 0;
    %jmp T_2.11;
T_2.10 ;
    %load/vec4 v0x563083a5bb20_0;
    %load/vec4 v0x563083a5bc60_0;
    %or;
    %flag_set/vec4 8;
    %jmp/0xz  T_2.12, 8;
    %pushi/vec4 4, 0, 3;
    %assign/vec4 v0x563083a5b2e0_0, 0;
    %jmp T_2.13;
T_2.12 ;
    %pushi/vec4 3, 0, 3;
    %assign/vec4 v0x563083a5b2e0_0, 0;
T_2.13 ;
T_2.11 ;
    %jmp T_2.9;
T_2.8 ;
    %load/vec4 v0x563083a5ba80_0;
    %flag_set/vec4 8;
    %jmp/0xz  T_2.14, 8;
    %pushi/vec4 1, 0, 3;
    %assign/vec4 v0x563083a5b2e0_0, 0;
    %jmp T_2.15;
T_2.14 ;
    %load/vec4 v0x563083a5bbc0_0;
    %flag_set/vec4 8;
    %jmp/0xz  T_2.16, 8;
    %pushi/vec4 2, 0, 3;
    %assign/vec4 v0x563083a5b2e0_0, 0;
T_2.16 ;
T_2.15 ;
T_2.9 ;
    %jmp T_2.7;
T_2.1 ;
    %load/vec4 v0x563083a5c270_0;
    %flag_set/vec4 8;
    %jmp/0xz  T_2.18, 8;
    %load/vec4 v0x563083a5c3f0_0;
    %flag_set/vec4 8;
    %jmp/0xz  T_2.20, 8;
    %pushi/vec4 5, 0, 3;
    %assign/vec4 v0x563083a5b2e0_0, 0;
    %jmp T_2.21;
T_2.20 ;
    %load/vec4 v0x563083a5bb20_0;
    %load/vec4 v0x563083a5bc60_0;
    %or;
    %flag_set/vec4 8;
    %jmp/0xz  T_2.22, 8;
    %pushi/vec4 4, 0, 3;
    %assign/vec4 v0x563083a5b2e0_0, 0;
    %jmp T_2.23;
T_2.22 ;
    %pushi/vec4 3, 0, 3;
    %assign/vec4 v0x563083a5b2e0_0, 0;
T_2.23 ;
T_2.21 ;
    %jmp T_2.19;
T_2.18 ;
    %load/vec4 v0x563083a5ba80_0;
    %flag_set/vec4 8;
    %jmp/0xz  T_2.24, 8;
    %pushi/vec4 1, 0, 3;
    %assign/vec4 v0x563083a5b2e0_0, 0;
    %jmp T_2.25;
T_2.24 ;
    %load/vec4 v0x563083a5bbc0_0;
    %flag_set/vec4 8;
    %jmp/0xz  T_2.26, 8;
    %pushi/vec4 2, 0, 3;
    %assign/vec4 v0x563083a5b2e0_0, 0;
T_2.26 ;
T_2.25 ;
T_2.19 ;
    %jmp T_2.7;
T_2.2 ;
    %load/vec4 v0x563083a5c270_0;
    %flag_set/vec4 8;
    %jmp/0xz  T_2.28, 8;
    %load/vec4 v0x563083a5c3f0_0;
    %flag_set/vec4 8;
    %jmp/0xz  T_2.30, 8;
    %pushi/vec4 5, 0, 3;
    %assign/vec4 v0x563083a5b2e0_0, 0;
    %jmp T_2.31;
T_2.30 ;
    %load/vec4 v0x563083a5bb20_0;
    %load/vec4 v0x563083a5bc60_0;
    %or;
    %flag_set/vec4 8;
    %jmp/0xz  T_2.32, 8;
    %pushi/vec4 4, 0, 3;
    %assign/vec4 v0x563083a5b2e0_0, 0;
    %jmp T_2.33;
T_2.32 ;
    %pushi/vec4 3, 0, 3;
    %assign/vec4 v0x563083a5b2e0_0, 0;
T_2.33 ;
T_2.31 ;
    %jmp T_2.29;
T_2.28 ;
    %pushi/vec4 1, 0, 3;
    %assign/vec4 v0x563083a5b2e0_0, 0;
T_2.29 ;
    %jmp T_2.7;
T_2.3 ;
    %load/vec4 v0x563083a5c270_0;
    %flag_set/vec4 8;
    %jmp/0xz  T_2.34, 8;
    %load/vec4 v0x563083a5c3f0_0;
    %flag_set/vec4 8;
    %jmp/0xz  T_2.36, 8;
    %pushi/vec4 5, 0, 3;
    %assign/vec4 v0x563083a5b2e0_0, 0;
    %jmp T_2.37;
T_2.36 ;
    %load/vec4 v0x563083a5bb20_0;
    %load/vec4 v0x563083a5bc60_0;
    %or;
    %flag_set/vec4 8;
    %jmp/0xz  T_2.38, 8;
    %pushi/vec4 4, 0, 3;
    %assign/vec4 v0x563083a5b2e0_0, 0;
    %jmp T_2.39;
T_2.38 ;
    %pushi/vec4 3, 0, 3;
    %assign/vec4 v0x563083a5b2e0_0, 0;
T_2.39 ;
T_2.37 ;
    %jmp T_2.35;
T_2.34 ;
    %pushi/vec4 2, 0, 3;
    %assign/vec4 v0x563083a5b2e0_0, 0;
T_2.35 ;
    %jmp T_2.7;
T_2.4 ;
    %load/vec4 v0x563083a5ab40_0;
    %flag_set/vec4 9;
    %flag_get/vec4 9;
    %jmp/0 T_2.42, 9;
    %load/vec4 v0x563083a5b460_0;
    %and;
T_2.42;
    %flag_set/vec4 8;
    %jmp/0xz  T_2.40, 8;
    %load/vec4 v0x563083a5c270_0;
    %flag_set/vec4 8;
    %jmp/0xz  T_2.43, 8;
    %load/vec4 v0x563083a5c3f0_0;
    %flag_set/vec4 8;
    %jmp/0xz  T_2.45, 8;
    %pushi/vec4 5, 0, 3;
    %assign/vec4 v0x563083a5b2e0_0, 0;
    %jmp T_2.46;
T_2.45 ;
    %load/vec4 v0x563083a5bb20_0;
    %load/vec4 v0x563083a5bc60_0;
    %or;
    %flag_set/vec4 8;
    %jmp/0xz  T_2.47, 8;
    %pushi/vec4 4, 0, 3;
    %assign/vec4 v0x563083a5b2e0_0, 0;
    %jmp T_2.48;
T_2.47 ;
    %pushi/vec4 3, 0, 3;
    %assign/vec4 v0x563083a5b2e0_0, 0;
T_2.48 ;
T_2.46 ;
    %jmp T_2.44;
T_2.43 ;
    %load/vec4 v0x563083a5ba80_0;
    %flag_set/vec4 8;
    %jmp/0xz  T_2.49, 8;
    %pushi/vec4 1, 0, 3;
    %assign/vec4 v0x563083a5b2e0_0, 0;
    %jmp T_2.50;
T_2.49 ;
    %load/vec4 v0x563083a5bbc0_0;
    %flag_set/vec4 8;
    %jmp/0xz  T_2.51, 8;
    %pushi/vec4 2, 0, 3;
    %assign/vec4 v0x563083a5b2e0_0, 0;
    %jmp T_2.52;
T_2.51 ;
    %pushi/vec4 0, 0, 3;
    %assign/vec4 v0x563083a5b2e0_0, 0;
T_2.52 ;
T_2.50 ;
T_2.44 ;
    %jmp T_2.41;
T_2.40 ;
    %pushi/vec4 5, 0, 3;
    %assign/vec4 v0x563083a5b2e0_0, 0;
T_2.41 ;
    %jmp T_2.7;
T_2.5 ;
    %pushi/vec4 0, 0, 3;
    %assign/vec4 v0x563083a5b2e0_0, 0;
    %jmp T_2.7;
T_2.7 ;
    %pop/vec4 1;
    %load/vec4 v0x563083a5a780_0;
    %flag_set/vec4 8;
    %jmp/0xz  T_2.53, 8;
    %pushi/vec4 4, 0, 3;
    %assign/vec4 v0x563083a5b2e0_0, 0;
T_2.53 ;
    %load/vec4 v0x563083a5c630_0;
    %flag_set/vec4 8;
    %jmp/0xz  T_2.55, 8;
    %pushi/vec4 0, 0, 3;
    %assign/vec4 v0x563083a5b2e0_0, 0;
T_2.55 ;
    %jmp T_2;
    .thread T_2, $push;
    .scope S_0x563083a4f5d0;
T_3 ;
    %pushi/vec4 0, 0, 1;
    %store/vec4 v0x563083a503c0_0, 0, 1;
    %pushi/vec4 0, 0, 16;
    %store/vec4 v0x563083a4fc60_0, 0, 16;
    %pushi/vec4 0, 0, 1;
    %store/vec4 v0x563083a4ff00_0, 0, 1;
    %pushi/vec4 0, 0, 1;
    %store/vec4 v0x563083a50240_0, 0, 1;
    %pushi/vec4 0, 0, 1;
    %store/vec4 v0x563083a4ffe0_0, 0, 1;
    %pushi/vec4 0, 0, 1;
    %store/vec4 v0x563083a4fe20_0, 0, 1;
    %pushi/vec4 0, 0, 1;
    %store/vec4 v0x563083a4fd40_0, 0, 1;
    %pushi/vec4 0, 0, 1;
    %store/vec4 v0x563083a500a0_0, 0, 1;
    %pushi/vec4 0, 0, 16;
    %store/vec4 v0x563083a507d0_0, 0, 16;
    %pushi/vec4 0, 0, 1;
    %store/vec4 v0x563083a50a70_0, 0, 1;
    %pushi/vec4 0, 0, 1;
    %store/vec4 v0x563083a50db0_0, 0, 1;
    %pushi/vec4 0, 0, 1;
    %store/vec4 v0x563083a50b50_0, 0, 1;
    %pushi/vec4 0, 0, 1;
    %store/vec4 v0x563083a50990_0, 0, 1;
    %pushi/vec4 0, 0, 1;
    %store/vec4 v0x563083a508b0_0, 0, 1;
    %pushi/vec4 0, 0, 1;
    %store/vec4 v0x563083a50c10_0, 0, 1;
    %end;
    .thread T_3;
    .scope S_0x563083a4f5d0;
T_4 ;
    %wait E_0x563083980a40;
    %load/vec4 v0x563083a50240_0;
    %store/vec4 v0x563083a50180_0, 0, 1;
    %load/vec4 v0x563083a50db0_0;
    %store/vec4 v0x563083a50cf0_0, 0, 1;
    %pushi/vec4 0, 0, 1;
    %store/vec4 v0x563083a50480_0, 0, 1;
    %pushi/vec4 0, 0, 1;
    %store/vec4 v0x563083a50540_0, 0, 1;
    %pushi/vec4 0, 0, 1;
    %store/vec4 v0x563083a50710_0, 0, 1;
    %load/vec4 v0x563083a503c0_0;
    %flag_set/vec4 8;
    %jmp/0xz  T_4.0, 8;
    %load/vec4 v0x563083a513a0_0;
    %flag_set/vec4 8;
    %jmp/1 T_4.4, 8;
    %load/vec4 v0x563083a50240_0;
    %nor/r;
    %flag_set/vec4 9;
    %flag_or 8, 9;
T_4.4;
    %jmp/0xz  T_4.2, 8;
    %load/vec4 v0x563083a51d90_0;
    %store/vec4 v0x563083a50180_0, 0, 1;
    %pushi/vec4 1, 0, 1;
    %store/vec4 v0x563083a50480_0, 0, 1;
    %jmp T_4.3;
T_4.2 ;
    %load/vec4 v0x563083a51d90_0;
    %store/vec4 v0x563083a50cf0_0, 0, 1;
    %pushi/vec4 1, 0, 1;
    %store/vec4 v0x563083a50540_0, 0, 1;
T_4.3 ;
    %jmp T_4.1;
T_4.0 ;
    %load/vec4 v0x563083a513a0_0;
    %flag_set/vec4 8;
    %jmp/0xz  T_4.5, 8;
    %load/vec4 v0x563083a50db0_0;
    %store/vec4 v0x563083a50180_0, 0, 1;
    %pushi/vec4 0, 0, 1;
    %store/vec4 v0x563083a50cf0_0, 0, 1;
    %pushi/vec4 1, 0, 1;
    %store/vec4 v0x563083a50710_0, 0, 1;
T_4.5 ;
T_4.1 ;
    %jmp T_4;
    .thread T_4, $push;
    .scope S_0x563083a4f5d0;
T_5 ;
    %wait E_0x5630839897f0;
    %load/vec4 v0x563083a50300_0;
    %assign/vec4 v0x563083a503c0_0, 0;
    %load/vec4 v0x563083a50180_0;
    %assign/vec4 v0x563083a50240_0, 0;
    %load/vec4 v0x563083a50cf0_0;
    %assign/vec4 v0x563083a50db0_0, 0;
    %load/vec4 v0x563083a50480_0;
    %flag_set/vec4 8;
    %jmp/0xz  T_5.0, 8;
    %load/vec4 v0x563083a516a0_0;
    %assign/vec4 v0x563083a4fc60_0, 0;
    %load/vec4 v0x563083a51940_0;
    %assign/vec4 v0x563083a4ff00_0, 0;
    %load/vec4 v0x563083a51a20_0;
    %assign/vec4 v0x563083a4ffe0_0, 0;
    %load/vec4 v0x563083a51860_0;
    %assign/vec4 v0x563083a4fe20_0, 0;
    %load/vec4 v0x563083a51780_0;
    %assign/vec4 v0x563083a4fd40_0, 0;
    %load/vec4 v0x563083a51ba0_0;
    %assign/vec4 v0x563083a500a0_0, 0;
    %jmp T_5.1;
T_5.0 ;
    %load/vec4 v0x563083a50710_0;
    %flag_set/vec4 8;
    %jmp/0xz  T_5.2, 8;
    %load/vec4 v0x563083a507d0_0;
    %assign/vec4 v0x563083a4fc60_0, 0;
    %load/vec4 v0x563083a50a70_0;
    %assign/vec4 v0x563083a4ff00_0, 0;
    %load/vec4 v0x563083a50b50_0;
    %assign/vec4 v0x563083a4ffe0_0, 0;
    %load/vec4 v0x563083a50990_0;
    %assign/vec4 v0x563083a4fe20_0, 0;
    %load/vec4 v0x563083a508b0_0;
    %assign/vec4 v0x563083a4fd40_0, 0;
    %load/vec4 v0x563083a50c10_0;
    %assign/vec4 v0x563083a500a0_0, 0;
T_5.2 ;
T_5.1 ;
    %load/vec4 v0x563083a50540_0;
    %flag_set/vec4 8;
    %jmp/0xz  T_5.4, 8;
    %load/vec4 v0x563083a516a0_0;
    %assign/vec4 v0x563083a507d0_0, 0;
    %load/vec4 v0x563083a51940_0;
    %assign/vec4 v0x563083a50a70_0, 0;
    %load/vec4 v0x563083a51a20_0;
    %assign/vec4 v0x563083a50b50_0, 0;
    %load/vec4 v0x563083a51860_0;
    %assign/vec4 v0x563083a50990_0, 0;
    %load/vec4 v0x563083a51780_0;
    %assign/vec4 v0x563083a508b0_0, 0;
    %load/vec4 v0x563083a51ba0_0;
    %assign/vec4 v0x563083a50c10_0, 0;
T_5.4 ;
    %load/vec4 v0x563083a51600_0;
    %flag_set/vec4 8;
    %jmp/0xz  T_5.6, 8;
    %pushi/vec4 0, 0, 1;
    %assign/vec4 v0x563083a503c0_0, 0;
    %pushi/vec4 0, 0, 1;
    %assign/vec4 v0x563083a50240_0, 0;
    %pushi/vec4 0, 0, 1;
    %assign/vec4 v0x563083a50db0_0, 0;
T_5.6 ;
    %jmp T_5;
    .thread T_5;
    .scope S_0x563083a54d10;
T_6 ;
    %pushi/vec4 0, 0, 1;
    %store/vec4 v0x563083a55b00_0, 0, 1;
    %pushi/vec4 0, 0, 16;
    %store/vec4 v0x563083a553a0_0, 0, 16;
    %pushi/vec4 0, 0, 1;
    %store/vec4 v0x563083a55640_0, 0, 1;
    %pushi/vec4 0, 0, 1;
    %store/vec4 v0x563083a55980_0, 0, 1;
    %pushi/vec4 0, 0, 1;
    %store/vec4 v0x563083a55720_0, 0, 1;
    %pushi/vec4 0, 0, 1;
    %store/vec4 v0x563083a55560_0, 0, 1;
    %pushi/vec4 0, 0, 1;
    %store/vec4 v0x563083a55480_0, 0, 1;
    %pushi/vec4 0, 0, 1;
    %store/vec4 v0x563083a557e0_0, 0, 1;
    %pushi/vec4 0, 0, 16;
    %store/vec4 v0x563083a55f10_0, 0, 16;
    %pushi/vec4 0, 0, 1;
    %store/vec4 v0x563083a561b0_0, 0, 1;
    %pushi/vec4 0, 0, 1;
    %store/vec4 v0x563083a564f0_0, 0, 1;
    %pushi/vec4 0, 0, 1;
    %store/vec4 v0x563083a56290_0, 0, 1;
    %pushi/vec4 0, 0, 1;
    %store/vec4 v0x563083a560d0_0, 0, 1;
    %pushi/vec4 0, 0, 1;
    %store/vec4 v0x563083a55ff0_0, 0, 1;
    %pushi/vec4 0, 0, 1;
    %store/vec4 v0x563083a56350_0, 0, 1;
    %end;
    .thread T_6;
    .scope S_0x563083a54d10;
T_7 ;
    %wait E_0x563083989970;
    %load/vec4 v0x563083a55980_0;
    %store/vec4 v0x563083a558c0_0, 0, 1;
    %load/vec4 v0x563083a564f0_0;
    %store/vec4 v0x563083a56430_0, 0, 1;
    %pushi/vec4 0, 0, 1;
    %store/vec4 v0x563083a55bc0_0, 0, 1;
    %pushi/vec4 0, 0, 1;
    %store/vec4 v0x563083a55c80_0, 0, 1;
    %pushi/vec4 0, 0, 1;
    %store/vec4 v0x563083a55e50_0, 0, 1;
    %load/vec4 v0x563083a55b00_0;
    %flag_set/vec4 8;
    %jmp/0xz  T_7.0, 8;
    %load/vec4 v0x563083a56a90_0;
    %flag_set/vec4 8;
    %jmp/1 T_7.4, 8;
    %load/vec4 v0x563083a55980_0;
    %nor/r;
    %flag_set/vec4 9;
    %flag_or 8, 9;
T_7.4;
    %jmp/0xz  T_7.2, 8;
    %load/vec4 v0x563083a57510_0;
    %store/vec4 v0x563083a558c0_0, 0, 1;
    %pushi/vec4 1, 0, 1;
    %store/vec4 v0x563083a55bc0_0, 0, 1;
    %jmp T_7.3;
T_7.2 ;
    %load/vec4 v0x563083a57510_0;
    %store/vec4 v0x563083a56430_0, 0, 1;
    %pushi/vec4 1, 0, 1;
    %store/vec4 v0x563083a55c80_0, 0, 1;
T_7.3 ;
    %jmp T_7.1;
T_7.0 ;
    %load/vec4 v0x563083a56a90_0;
    %flag_set/vec4 8;
    %jmp/0xz  T_7.5, 8;
    %load/vec4 v0x563083a564f0_0;
    %store/vec4 v0x563083a558c0_0, 0, 1;
    %pushi/vec4 0, 0, 1;
    %store/vec4 v0x563083a56430_0, 0, 1;
    %pushi/vec4 1, 0, 1;
    %store/vec4 v0x563083a55e50_0, 0, 1;
T_7.5 ;
T_7.1 ;
    %jmp T_7;
    .thread T_7, $push;
    .scope S_0x563083a54d10;
T_8 ;
    %wait E_0x5630839897f0;
    %load/vec4 v0x563083a55a40_0;
    %assign/vec4 v0x563083a55b00_0, 0;
    %load/vec4 v0x563083a558c0_0;
    %assign/vec4 v0x563083a55980_0, 0;
    %load/vec4 v0x563083a56430_0;
    %assign/vec4 v0x563083a564f0_0, 0;
    %load/vec4 v0x563083a55bc0_0;
    %flag_set/vec4 8;
    %jmp/0xz  T_8.0, 8;
    %load/vec4 v0x563083a56e20_0;
    %assign/vec4 v0x563083a553a0_0, 0;
    %load/vec4 v0x563083a570c0_0;
    %assign/vec4 v0x563083a55640_0, 0;
    %load/vec4 v0x563083a571a0_0;
    %assign/vec4 v0x563083a55720_0, 0;
    %load/vec4 v0x563083a56fe0_0;
    %assign/vec4 v0x563083a55560_0, 0;
    %load/vec4 v0x563083a56f00_0;
    %assign/vec4 v0x563083a55480_0, 0;
    %load/vec4 v0x563083a57320_0;
    %assign/vec4 v0x563083a557e0_0, 0;
    %jmp T_8.1;
T_8.0 ;
    %load/vec4 v0x563083a55e50_0;
    %flag_set/vec4 8;
    %jmp/0xz  T_8.2, 8;
    %load/vec4 v0x563083a55f10_0;
    %assign/vec4 v0x563083a553a0_0, 0;
    %load/vec4 v0x563083a561b0_0;
    %assign/vec4 v0x563083a55640_0, 0;
    %load/vec4 v0x563083a56290_0;
    %assign/vec4 v0x563083a55720_0, 0;
    %load/vec4 v0x563083a560d0_0;
    %assign/vec4 v0x563083a55560_0, 0;
    %load/vec4 v0x563083a55ff0_0;
    %assign/vec4 v0x563083a55480_0, 0;
    %load/vec4 v0x563083a56350_0;
    %assign/vec4 v0x563083a557e0_0, 0;
T_8.2 ;
T_8.1 ;
    %load/vec4 v0x563083a55c80_0;
    %flag_set/vec4 8;
    %jmp/0xz  T_8.4, 8;
    %load/vec4 v0x563083a56e20_0;
    %assign/vec4 v0x563083a55f10_0, 0;
    %load/vec4 v0x563083a570c0_0;
    %assign/vec4 v0x563083a561b0_0, 0;
    %load/vec4 v0x563083a571a0_0;
    %assign/vec4 v0x563083a56290_0, 0;
    %load/vec4 v0x563083a56fe0_0;
    %assign/vec4 v0x563083a560d0_0, 0;
    %load/vec4 v0x563083a56f00_0;
    %assign/vec4 v0x563083a55ff0_0, 0;
    %load/vec4 v0x563083a57320_0;
    %assign/vec4 v0x563083a56350_0, 0;
T_8.4 ;
    %load/vec4 v0x563083a56cf0_0;
    %flag_set/vec4 8;
    %jmp/0xz  T_8.6, 8;
    %pushi/vec4 0, 0, 1;
    %assign/vec4 v0x563083a55b00_0, 0;
    %pushi/vec4 0, 0, 1;
    %assign/vec4 v0x563083a55980_0, 0;
    %pushi/vec4 0, 0, 1;
    %assign/vec4 v0x563083a564f0_0, 0;
T_8.6 ;
    %jmp T_8;
    .thread T_8;
    .scope S_0x563083a046d0;
T_9 ;
    %pushi/vec4 0, 0, 32;
    %store/vec4 v0x563083a602f0_0, 0, 32;
    %end;
    .thread T_9;
    .scope S_0x563083a046d0;
T_10 ;
    %wait E_0x5630839897f0;
    %load/vec4 v0x563083a60390_0;
    %assign/vec4 v0x563083a602f0_0, 0;
    %jmp T_10;
    .thread T_10;
    .scope S_0x563083a30180;
T_11 ;
    %vpi_call 2 98 "$dumpfile", "../vcd/tb_LinearProcessingElement_1_3_0_0.vcd" {0 0 0};
    %vpi_call 2 99 "$dumpvars", 32'sb00000000000000000000000000000000, S_0x5630839fc0a0 {0 0 0};
    %end;
    .thread T_11;
    .scope S_0x563083a30180;
T_12 ;
    %pushi/vec4 0, 0, 1;
    %store/vec4 v0x563083a633c0_0, 0, 1;
T_12.0 ;
    %delay 1000, 0;
    %load/vec4 v0x563083a633c0_0;
    %nor/r;
    %store/vec4 v0x563083a633c0_0, 0, 1;
    %jmp T_12.0;
    %end;
    .thread T_12;
    .scope S_0x563083a30180;
T_13 ;
    %pushi/vec4 0, 0, 1;
    %store/vec4 v0x563083a64470_0, 0, 1;
    %pushi/vec4 0, 0, 1;
    %store/vec4 v0x563083a643b0_0, 0, 1;
    %pushi/vec4 0, 0, 16;
    %store/vec4 v0x563083a64620_0, 0, 16;
    %pushi/vec4 0, 0, 1;
    %store/vec4 v0x563083a64820_0, 0, 1;
    %pushi/vec4 0, 0, 1;
    %store/vec4 v0x563083a646e0_0, 0, 1;
    %pushi/vec4 0, 0, 16;
    %store/vec4 v0x563083a64910_0, 0, 16;
    %pushi/vec4 0, 0, 1;
    %store/vec4 v0x563083a649d0_0, 0, 1;
    %pushi/vec4 0, 0, 1;
    %store/vec4 v0x563083a64b60_0, 0, 1;
    %pushi/vec4 0, 0, 32;
    %store/vec4 v0x563083a64c50_0, 0, 32;
    %pushi/vec4 0, 0, 1;
    %store/vec4 v0x563083a64d60_0, 0, 1;
    %pushi/vec4 0, 0, 1;
    %store/vec4 v0x563083a64f40_0, 0, 1;
    %pushi/vec4 0, 0, 1;
    %store/vec4 v0x563083a64270_0, 0, 1;
    %pushi/vec4 0, 0, 1;
    %store/vec4 v0x563083a63c20_0, 0, 1;
    %pushi/vec4 0, 0, 1;
    %store/vec4 v0x563083a63ec0_0, 0, 1;
    %delay 10000, 0;
    %pushi/vec4 1, 0, 1;
    %store/vec4 v0x563083a64470_0, 0, 1;
    %delay 10000, 0;
    %pushi/vec4 0, 0, 1;
    %store/vec4 v0x563083a64470_0, 0, 1;
    %delay 10000, 0;
    %pushi/vec4 1, 0, 1;
    %store/vec4 v0x563083a643b0_0, 0, 1;
    %wait E_0x5630839897f0;
    %delay 1000, 0;
    %pushi/vec4 1, 0, 1;
    %store/vec4 v0x563083a63c20_0, 0, 1;
    %pushi/vec4 1, 0, 1;
    %store/vec4 v0x563083a63ec0_0, 0, 1;
    %pushi/vec4 1, 0, 1;
    %store/vec4 v0x563083a64270_0, 0, 1;
    %delay 500000, 0;
    %vpi_call 2 138 "$finish" {0 0 0};
    %end;
    .thread T_13;
    .scope S_0x563083a30180;
T_14 ;
    %wait E_0x5630839897f0;
    %load/vec4 v0x563083a643b0_0;
    %flag_set/vec4 8;
    %jmp/0xz  T_14.0, 8;
    %load/vec4 v0x563083a63300_0;
    %pad/u 32;
    %pushi/vec4 0, 0, 32;
    %cmp/ne;
    %flag_get/vec4 4;
    %assign/vec4 v0x563083a64470_0, 0;
    %pushi/vec4 0, 0, 1;
    %assign/vec4 v0x563083a63300_0, 0;
    %load/vec4 v0x563083a63a20_0;
    %flag_set/vec4 8;
    %jmp/0xz  T_14.2, 8;
    %load/vec4 v0x563083a63300_0;
    %pad/u 2;
    %pushi/vec4 1, 0, 2;
    %or;
    %pad/u 1;
    %assign/vec4 v0x563083a63300_0, 0;
T_14.2 ;
    %load/vec4 v0x563083a63300_0;
    %pad/u 32;
    %cmpi/ne 0, 0, 32;
    %jmp/0xz  T_14.4, 4;
    %pushi/vec4 0, 0, 1;
    %assign/vec4 v0x563083a64820_0, 0;
    %pushi/vec4 0, 0, 1;
    %assign/vec4 v0x563083a64b60_0, 0;
    %pushi/vec4 0, 0, 1;
    %assign/vec4 v0x563083a64f40_0, 0;
    %jmp T_14.5;
T_14.4 ;
    %load/vec4 v0x563083a63860_0;
    %pushi/vec4 5, 0, 32;
    %mod/s;
    %assign/vec4 v0x563083a63220_0, 0;
    %load/vec4 v0x563083a63780_0;
    %pushi/vec4 5, 0, 32;
    %div/s;
    %pushi/vec4 5, 0, 32;
    %mod/s;
    %assign/vec4 v0x563083a63120_0, 0;
    %vpi_call 2 166 "$display", "Count : %d,%d -- %X:%X:%X-%X:%X:%X-%X:%X:%X-%X:%X:%X-%X:%X:%X-%X:%X:%X", v0x563083a63780_0, v0x563083a63860_0, v0x563083a64780_0, v0x563083a64820_0, v0x563083a646e0_0, v0x563083a64a70_0, v0x563083a64b60_0, v0x563083a649d0_0, v0x563083a64e50_0, v0x563083a64f40_0, v0x563083a64d60_0, v0x563083a64270_0, v0x563083a64310_0, v0x563083a641d0_0, v0x563083a63c20_0, v0x563083a63cc0_0, v0x563083a63b80_0, v0x563083a63ec0_0, v0x563083a64070_0, v0x563083a63e20_0 {0 0 0};
    %load/vec4 v0x563083a63940_0;
    %cmpi/ne 0, 0, 32;
    %jmp/0xz  T_14.6, 4;
    %vpi_call 2 168 "$display", "Res: %d", v0x563083a63940_0 {0 0 0};
T_14.6 ;
    %load/vec4 v0x563083a64780_0;
    %flag_set/vec4 9;
    %flag_get/vec4 9;
    %jmp/0 T_14.10, 9;
    %load/vec4 v0x563083a64820_0;
    %and;
T_14.10;
    %flag_set/vec4 8;
    %jmp/0xz  T_14.8, 8;
    %load/vec4 v0x563083a63780_0;
    %addi 1, 0, 32;
    %assign/vec4 v0x563083a63780_0, 0;
T_14.8 ;
    %load/vec4 v0x563083a64a70_0;
    %flag_set/vec4 9;
    %flag_get/vec4 9;
    %jmp/0 T_14.13, 9;
    %load/vec4 v0x563083a64b60_0;
    %and;
T_14.13;
    %flag_set/vec4 8;
    %jmp/0xz  T_14.11, 8;
    %load/vec4 v0x563083a63860_0;
    %addi 1, 0, 32;
    %assign/vec4 v0x563083a63860_0, 0;
T_14.11 ;
    %load/vec4 v0x563083a63120_0;
    %dup/vec4;
    %pushi/vec4 4, 0, 32;
    %cmp/u;
    %jmp/1 T_14.14, 6;
    %dup/vec4;
    %pushi/vec4 3, 0, 32;
    %cmp/u;
    %jmp/1 T_14.15, 6;
    %dup/vec4;
    %pushi/vec4 2, 0, 32;
    %cmp/u;
    %jmp/1 T_14.16, 6;
    %dup/vec4;
    %pushi/vec4 1, 0, 32;
    %cmp/u;
    %jmp/1 T_14.17, 6;
    %pushi/vec4 32768, 0, 16;
    %assign/vec4 v0x563083a64620_0, 0;
    %jmp T_14.19;
T_14.14 ;
    %pushi/vec4 32768, 0, 16;
    %assign/vec4 v0x563083a64620_0, 0;
    %jmp T_14.19;
T_14.15 ;
    %pushi/vec4 4096, 0, 16;
    %assign/vec4 v0x563083a64620_0, 0;
    %jmp T_14.19;
T_14.16 ;
    %pushi/vec4 0, 0, 16;
    %assign/vec4 v0x563083a64620_0, 0;
    %jmp T_14.19;
T_14.17 ;
    %pushi/vec4 61440, 0, 16;
    %assign/vec4 v0x563083a64620_0, 0;
    %jmp T_14.19;
T_14.19 ;
    %pop/vec4 1;
    %load/vec4 v0x563083a63220_0;
    %dup/vec4;
    %pushi/vec4 4, 0, 32;
    %cmp/u;
    %jmp/1 T_14.20, 6;
    %dup/vec4;
    %pushi/vec4 3, 0, 32;
    %cmp/u;
    %jmp/1 T_14.21, 6;
    %dup/vec4;
    %pushi/vec4 2, 0, 32;
    %cmp/u;
    %jmp/1 T_14.22, 6;
    %dup/vec4;
    %pushi/vec4 1, 0, 32;
    %cmp/u;
    %jmp/1 T_14.23, 6;
    %pushi/vec4 32768, 0, 16;
    %assign/vec4 v0x563083a64910_0, 0;
    %jmp T_14.25;
T_14.20 ;
    %pushi/vec4 32768, 0, 16;
    %assign/vec4 v0x563083a64910_0, 0;
    %jmp T_14.25;
T_14.21 ;
    %pushi/vec4 4096, 0, 16;
    %assign/vec4 v0x563083a64910_0, 0;
    %jmp T_14.25;
T_14.22 ;
    %pushi/vec4 0, 0, 16;
    %assign/vec4 v0x563083a64910_0, 0;
    %jmp T_14.25;
T_14.23 ;
    %pushi/vec4 61440, 0, 16;
    %assign/vec4 v0x563083a64910_0, 0;
    %jmp T_14.25;
T_14.25 ;
    %pop/vec4 1;
    %load/vec4 v0x563083a64820_0;
    %nor/r;
    %flag_set/vec4 9;
    %flag_get/vec4 9;
    %jmp/0 T_14.28, 9;
    %load/vec4 v0x563083a63780_0;
    %cmpi/s 70, 0, 32;
    %flag_get/vec4 5;
    %and;
T_14.28;
    %flag_set/vec4 8;
    %jmp/0xz  T_14.26, 8;
    %pushi/vec4 1, 0, 1;
    %assign/vec4 v0x563083a64820_0, 0;
T_14.26 ;
    %load/vec4 v0x563083a64b60_0;
    %nor/r;
    %flag_set/vec4 9;
    %flag_get/vec4 9;
    %jmp/0 T_14.31, 9;
    %load/vec4 v0x563083a63860_0;
    %cmpi/s 70, 0, 32;
    %flag_get/vec4 5;
    %and;
T_14.31;
    %flag_set/vec4 8;
    %jmp/0xz  T_14.29, 8;
    %pushi/vec4 1, 0, 1;
    %assign/vec4 v0x563083a64b60_0, 0;
T_14.29 ;
    %load/vec4 v0x563083a63780_0;
    %cmpi/e 22, 0, 32;
    %jmp/1 T_14.36, 4;
    %flag_mov 8, 4;
    %load/vec4 v0x563083a63780_0;
    %cmpi/e 60, 0, 32;
    %flag_or 4, 8;
T_14.36;
    %jmp/1 T_14.35, 4;
    %flag_mov 8, 4;
    %load/vec4 v0x563083a63780_0;
    %cmpi/e 80, 0, 32;
    %flag_or 4, 8;
T_14.35;
    %jmp/1 T_14.34, 4;
    %flag_mov 8, 4;
    %load/vec4 v0x563083a63780_0;
    %cmpi/e 85, 0, 32;
    %flag_or 4, 8;
T_14.34;
    %jmp/0xz  T_14.32, 4;
    %pushi/vec4 1, 0, 1;
    %assign/vec4 v0x563083a646e0_0, 0;
T_14.32 ;
    %load/vec4 v0x563083a63860_0;
    %cmpi/e 24, 0, 32;
    %jmp/1 T_14.41, 4;
    %flag_mov 8, 4;
    %load/vec4 v0x563083a63860_0;
    %cmpi/e 60, 0, 32;
    %flag_or 4, 8;
T_14.41;
    %jmp/1 T_14.40, 4;
    %flag_mov 8, 4;
    %load/vec4 v0x563083a63860_0;
    %cmpi/e 80, 0, 32;
    %flag_or 4, 8;
T_14.40;
    %jmp/1 T_14.39, 4;
    %flag_mov 8, 4;
    %load/vec4 v0x563083a63860_0;
    %cmpi/e 85, 0, 32;
    %flag_or 4, 8;
T_14.39;
    %jmp/0xz  T_14.37, 4;
    %pushi/vec4 1, 0, 1;
    %assign/vec4 v0x563083a649d0_0, 0;
T_14.37 ;
    %load/vec4 v0x563083a63ec0_0;
    %inv;
    %flag_set/vec4 9;
    %flag_get/vec4 9;
    %jmp/0 T_14.44, 9;
    %load/vec4 v0x563083a64070_0;
    %and;
T_14.44;
    %flag_set/vec4 8;
    %jmp/0xz  T_14.42, 8;
    %pushi/vec4 1, 0, 1;
    %assign/vec4 v0x563083a63ec0_0, 0;
T_14.42 ;
    %load/vec4 v0x563083a63780_0;
    %cmpi/e 81, 0, 32;
    %flag_get/vec4 4;
    %jmp/0 T_14.47, 4;
    %load/vec4 v0x563083a63860_0;
    %pushi/vec4 81, 0, 32;
    %cmp/e;
    %flag_get/vec4 4;
    %and;
T_14.47;
    %flag_set/vec4 8;
    %jmp/0xz  T_14.45, 8;
    %pushi/vec4 0, 0, 1;
    %assign/vec4 v0x563083a63ec0_0, 0;
T_14.45 ;
    %load/vec4 v0x563083a64780_0;
    %flag_set/vec4 10;
    %flag_get/vec4 10;
    %jmp/0 T_14.52, 10;
    %load/vec4 v0x563083a64820_0;
    %and;
T_14.52;
    %flag_set/vec4 9;
    %flag_get/vec4 9;
    %jmp/0 T_14.51, 9;
    %load/vec4 v0x563083a646e0_0;
    %and;
T_14.51;
    %flag_set/vec4 8;
    %jmp/1 T_14.50, 8;
    %load/vec4 v0x563083a63780_0;
    %cmpi/s 86, 0, 32;
    %flag_or 5, 4; GT is !LE
    %flag_inv 5;
    %flag_or 8, 5;
T_14.50;
    %jmp/0xz  T_14.48, 8;
    %pushi/vec4 0, 0, 1;
    %assign/vec4 v0x563083a646e0_0, 0;
T_14.48 ;
    %load/vec4 v0x563083a64a70_0;
    %flag_set/vec4 10;
    %flag_get/vec4 10;
    %jmp/0 T_14.57, 10;
    %load/vec4 v0x563083a64b60_0;
    %and;
T_14.57;
    %flag_set/vec4 9;
    %flag_get/vec4 9;
    %jmp/0 T_14.56, 9;
    %load/vec4 v0x563083a649d0_0;
    %and;
T_14.56;
    %flag_set/vec4 8;
    %jmp/1 T_14.55, 8;
    %load/vec4 v0x563083a63860_0;
    %cmpi/s 86, 0, 32;
    %flag_or 5, 4; GT is !LE
    %flag_inv 5;
    %flag_or 8, 5;
T_14.55;
    %jmp/0xz  T_14.53, 8;
    %pushi/vec4 0, 0, 1;
    %assign/vec4 v0x563083a649d0_0, 0;
T_14.53 ;
    %load/vec4 v0x563083a63860_0;
    %cmpi/e 64, 0, 32;
    %jmp/0xz  T_14.58, 4;
    %pushi/vec4 0, 0, 1;
    %assign/vec4 v0x563083a649d0_0, 0;
T_14.58 ;
    %load/vec4 v0x563083a63780_0;
    %cmpi/e 27, 0, 32;
    %flag_get/vec4 4;
    %jmp/0 T_14.62, 4;
    %load/vec4 v0x563083a64310_0;
    %and;
T_14.62;
    %flag_set/vec4 8;
    %jmp/0xz  T_14.60, 8;
    %pushi/vec4 0, 0, 1;
    %assign/vec4 v0x563083a64820_0, 0;
T_14.60 ;
    %load/vec4 v0x563083a63860_0;
    %cmpi/e 27, 0, 32;
    %flag_get/vec4 4;
    %jmp/0 T_14.65, 4;
    %load/vec4 v0x563083a64310_0;
    %and;
T_14.65;
    %flag_set/vec4 8;
    %jmp/0xz  T_14.63, 8;
    %pushi/vec4 0, 0, 1;
    %assign/vec4 v0x563083a64b60_0, 0;
T_14.63 ;
    %load/vec4 v0x563083a63780_0;
    %cmpi/s 70, 0, 32;
    %flag_or 5, 4; GT is !LE
    %flag_inv 5;
    %flag_get/vec4 5;
    %jmp/0 T_14.69, 5;
    %load/vec4 v0x563083a65030_0;
    %nor/r;
    %and;
T_14.69;
    %flag_set/vec4 9;
    %flag_get/vec4 9;
    %jmp/0 T_14.68, 9;
    %load/vec4 v0x563083a64310_0;
    %nor/r;
    %and;
T_14.68;
    %flag_set/vec4 8;
    %jmp/0xz  T_14.66, 8;
    %vpi_call 2 244 "$finish" {0 0 0};
T_14.66 ;
    %load/vec4 v0x563083a63780_0;
    %assign/vec4 v0x563083a63570_0, 0;
    %load/vec4 v0x563083a63780_0;
    %load/vec4 v0x563083a63570_0;
    %cmp/e;
    %jmp/1 T_14.72, 4;
    %flag_mov 8, 4;
    %load/vec4 v0x563083a64820_0;
    %flag_set/vec4 10;
    %flag_get/vec4 10;
    %jmp/1 T_14.73, 10;
    %load/vec4 v0x563083a64270_0;
    %or;
T_14.73;
    %nor/r;
    %flag_set/vec4 9;
    %flag_or 9, 8;
    %flag_mov 4, 9;
T_14.72;
    %jmp/0xz  T_14.70, 4;
    %load/vec4 v0x563083a65030_0;
    %cmpi/ne 0, 0, 32;
    %jmp/0xz  T_14.74, 4;
    %load/vec4 v0x563083a65030_0;
    %subi 1, 0, 32;
    %assign/vec4 v0x563083a65030_0, 0;
    %jmp T_14.75;
T_14.74 ;
    %pushi/vec4 4, 0, 32;
    %assign/vec4 v0x563083a65030_0, 0;
T_14.75 ;
    %jmp T_14.71;
T_14.70 ;
    %pushi/vec4 4, 0, 32;
    %assign/vec4 v0x563083a65030_0, 0;
T_14.71 ;
    %load/vec4 v0x563083a63860_0;
    %load/vec4 v0x563083a636a0_0;
    %cmp/e;
    %jmp/1 T_14.78, 4;
    %flag_mov 8, 4;
    %load/vec4 v0x563083a64b60_0;
    %flag_set/vec4 10;
    %flag_get/vec4 10;
    %jmp/1 T_14.79, 10;
    %load/vec4 v0x563083a63c20_0;
    %or;
T_14.79;
    %nor/r;
    %flag_set/vec4 9;
    %flag_or 9, 8;
    %flag_mov 4, 9;
T_14.78;
    %jmp/0xz  T_14.76, 4;
    %load/vec4 v0x563083a65110_0;
    %cmpi/ne 0, 0, 32;
    %jmp/0xz  T_14.80, 4;
    %load/vec4 v0x563083a65110_0;
    %subi 1, 0, 32;
    %assign/vec4 v0x563083a65110_0, 0;
    %jmp T_14.81;
T_14.80 ;
    %pushi/vec4 4, 0, 32;
    %assign/vec4 v0x563083a65110_0, 0;
T_14.81 ;
    %jmp T_14.77;
T_14.76 ;
    %pushi/vec4 4, 0, 32;
    %assign/vec4 v0x563083a65110_0, 0;
T_14.77 ;
    %load/vec4 v0x563083a63780_0;
    %cmpi/s 85, 0, 32;
    %flag_or 5, 4; GT is !LE
    %flag_inv 5;
    %jmp/0xz  T_14.82, 5;
    %pushi/vec4 0, 0, 1;
    %assign/vec4 v0x563083a64820_0, 0;
    %pushi/vec4 0, 0, 1;
    %assign/vec4 v0x563083a646e0_0, 0;
T_14.82 ;
    %load/vec4 v0x563083a63860_0;
    %cmpi/s 85, 0, 32;
    %flag_or 5, 4; GT is !LE
    %flag_inv 5;
    %jmp/0xz  T_14.84, 5;
    %pushi/vec4 0, 0, 1;
    %assign/vec4 v0x563083a64b60_0, 0;
    %pushi/vec4 0, 0, 1;
    %assign/vec4 v0x563083a649d0_0, 0;
T_14.84 ;
T_14.5 ;
    %jmp T_14.1;
T_14.0 ;
    %pushi/vec4 0, 0, 32;
    %assign/vec4 v0x563083a63780_0, 0;
    %pushi/vec4 0, 0, 32;
    %assign/vec4 v0x563083a63860_0, 0;
    %pushi/vec4 0, 0, 1;
    %assign/vec4 v0x563083a63300_0, 0;
T_14.1 ;
    %jmp T_14;
    .thread T_14;
# The file index is used to find the file name in the following table.
:file_names 7;
    "N/A";
    "<interactive>";
    "../tb/tb_LinearProcessingElement_1_3_0_0.v";
    "../rtl/LinearProcessingElementWrapper.v";
    "../rtl/LinearProcessingElement.v";
    "../../lib/verilog-axis/rtl/axis_register.v";
    "../rtl/LPEControlUnit.v";
